[2022-04-24 14:50:18,153] {taskinstance.py:1032} INFO - Dependencies all met for <TaskInstance: roster_data_bq_dag.gcs_2_bq_ext_task scheduled__2016-01-01T00:00:00+00:00 [queued]>
[2022-04-24 14:50:18,174] {taskinstance.py:1032} INFO - Dependencies all met for <TaskInstance: roster_data_bq_dag.gcs_2_bq_ext_task scheduled__2016-01-01T00:00:00+00:00 [queued]>
[2022-04-24 14:50:18,174] {taskinstance.py:1238} INFO - 
--------------------------------------------------------------------------------
[2022-04-24 14:50:18,174] {taskinstance.py:1239} INFO - Starting attempt 1 of 1
[2022-04-24 14:50:18,175] {taskinstance.py:1240} INFO - 
--------------------------------------------------------------------------------
[2022-04-24 14:50:18,210] {taskinstance.py:1259} INFO - Executing <Task(BigQueryCreateExternalTableOperator): gcs_2_bq_ext_task> on 2016-01-01 00:00:00+00:00
[2022-04-24 14:50:18,222] {standard_task_runner.py:52} INFO - Started process 3695 to run task
[2022-04-24 14:50:18,240] {standard_task_runner.py:76} INFO - Running: ['***', 'tasks', 'run', 'roster_data_bq_dag', 'gcs_2_bq_ext_task', 'scheduled__2016-01-01T00:00:00+00:00', '--job-id', '2250', '--raw', '--subdir', 'DAGS_FOLDER/nfl_gcs_to_bq.py', '--cfg-path', '/tmp/tmpp39ks2d4', '--error-file', '/tmp/tmp87fpkf9j']
[2022-04-24 14:50:18,241] {standard_task_runner.py:77} INFO - Job 2250: Subtask gcs_2_bq_ext_task
[2022-04-24 14:50:18,344] {logging_mixin.py:109} INFO - Running <TaskInstance: roster_data_bq_dag.gcs_2_bq_ext_task scheduled__2016-01-01T00:00:00+00:00 [running]> on host 28475d5c3e7a
[2022-04-24 14:50:18,450] {taskinstance.py:1426} INFO - Exporting the following env vars:
AIRFLOW_CTX_DAG_OWNER=***
AIRFLOW_CTX_DAG_ID=roster_data_bq_dag
AIRFLOW_CTX_TASK_ID=gcs_2_bq_ext_task
AIRFLOW_CTX_EXECUTION_DATE=2016-01-01T00:00:00+00:00
AIRFLOW_CTX_DAG_RUN_ID=scheduled__2016-01-01T00:00:00+00:00
[2022-04-24 14:50:18,452] {crypto.py:82} WARNING - empty cryptography key - values will not be stored encrypted.
[2022-04-24 14:50:19,010] {taskinstance.py:1277} INFO - Marking task as SUCCESS. dag_id=roster_data_bq_dag, task_id=gcs_2_bq_ext_task, execution_date=20160101T000000, start_date=20220424T145018, end_date=20220424T145019
[2022-04-24 14:50:19,070] {local_task_job.py:154} INFO - Task exited with return code 0
[2022-04-24 14:50:19,284] {local_task_job.py:264} INFO - 0 downstream tasks scheduled from follow-on schedule check
[2022-04-24 14:56:32,745] {taskinstance.py:1032} INFO - Dependencies all met for <TaskInstance: roster_data_bq_dag.gcs_2_bq_ext_task scheduled__2016-01-01T00:00:00+00:00 [queued]>
[2022-04-24 14:56:32,756] {taskinstance.py:1032} INFO - Dependencies all met for <TaskInstance: roster_data_bq_dag.gcs_2_bq_ext_task scheduled__2016-01-01T00:00:00+00:00 [queued]>
[2022-04-24 14:56:32,756] {taskinstance.py:1238} INFO - 
--------------------------------------------------------------------------------
[2022-04-24 14:56:32,756] {taskinstance.py:1239} INFO - Starting attempt 1 of 1
[2022-04-24 14:56:32,756] {taskinstance.py:1240} INFO - 
--------------------------------------------------------------------------------
[2022-04-24 14:56:32,767] {taskinstance.py:1259} INFO - Executing <Task(BigQueryCreateExternalTableOperator): gcs_2_bq_ext_task> on 2016-01-01 00:00:00+00:00
[2022-04-24 14:56:32,773] {standard_task_runner.py:52} INFO - Started process 4624 to run task
[2022-04-24 14:56:32,780] {standard_task_runner.py:76} INFO - Running: ['***', 'tasks', 'run', 'roster_data_bq_dag', 'gcs_2_bq_ext_task', 'scheduled__2016-01-01T00:00:00+00:00', '--job-id', '2302', '--raw', '--subdir', 'DAGS_FOLDER/nfl_gcs_to_bq.py', '--cfg-path', '/tmp/tmp8rp7xbvt', '--error-file', '/tmp/tmpf_y5_4cj']
[2022-04-24 14:56:32,781] {standard_task_runner.py:77} INFO - Job 2302: Subtask gcs_2_bq_ext_task
[2022-04-24 14:56:32,853] {logging_mixin.py:109} INFO - Running <TaskInstance: roster_data_bq_dag.gcs_2_bq_ext_task scheduled__2016-01-01T00:00:00+00:00 [running]> on host 28475d5c3e7a
[2022-04-24 14:56:32,923] {taskinstance.py:1426} INFO - Exporting the following env vars:
AIRFLOW_CTX_DAG_OWNER=***
AIRFLOW_CTX_DAG_ID=roster_data_bq_dag
AIRFLOW_CTX_TASK_ID=gcs_2_bq_ext_task
AIRFLOW_CTX_EXECUTION_DATE=2016-01-01T00:00:00+00:00
AIRFLOW_CTX_DAG_RUN_ID=scheduled__2016-01-01T00:00:00+00:00
[2022-04-24 14:56:32,926] {crypto.py:82} WARNING - empty cryptography key - values will not be stored encrypted.
[2022-04-24 14:56:33,523] {taskinstance.py:1277} INFO - Marking task as SUCCESS. dag_id=roster_data_bq_dag, task_id=gcs_2_bq_ext_task, execution_date=20160101T000000, start_date=20220424T145632, end_date=20220424T145633
[2022-04-24 14:56:33,557] {local_task_job.py:154} INFO - Task exited with return code 0
[2022-04-24 14:56:33,591] {local_task_job.py:264} INFO - 0 downstream tasks scheduled from follow-on schedule check
[2022-04-25 13:19:37,223] {taskinstance.py:1032} INFO - Dependencies all met for <TaskInstance: roster_data_bq_dag.gcs_2_bq_ext_task scheduled__2016-01-01T00:00:00+00:00 [queued]>
[2022-04-25 13:19:37,233] {taskinstance.py:1032} INFO - Dependencies all met for <TaskInstance: roster_data_bq_dag.gcs_2_bq_ext_task scheduled__2016-01-01T00:00:00+00:00 [queued]>
[2022-04-25 13:19:37,233] {taskinstance.py:1238} INFO - 
--------------------------------------------------------------------------------
[2022-04-25 13:19:37,233] {taskinstance.py:1239} INFO - Starting attempt 1 of 1
[2022-04-25 13:19:37,233] {taskinstance.py:1240} INFO - 
--------------------------------------------------------------------------------
[2022-04-25 13:19:37,244] {taskinstance.py:1259} INFO - Executing <Task(BigQueryCreateExternalTableOperator): gcs_2_bq_ext_task> on 2016-01-01 00:00:00+00:00
[2022-04-25 13:19:37,250] {standard_task_runner.py:52} INFO - Started process 5868 to run task
[2022-04-25 13:19:37,256] {standard_task_runner.py:76} INFO - Running: ['***', 'tasks', 'run', 'roster_data_bq_dag', 'gcs_2_bq_ext_task', 'scheduled__2016-01-01T00:00:00+00:00', '--job-id', '2484', '--raw', '--subdir', 'DAGS_FOLDER/nfl_gcs_to_bq.py', '--cfg-path', '/tmp/tmpvdvl7fyb', '--error-file', '/tmp/tmpjz11lulv']
[2022-04-25 13:19:37,258] {standard_task_runner.py:77} INFO - Job 2484: Subtask gcs_2_bq_ext_task
[2022-04-25 13:19:37,323] {logging_mixin.py:109} INFO - Running <TaskInstance: roster_data_bq_dag.gcs_2_bq_ext_task scheduled__2016-01-01T00:00:00+00:00 [running]> on host de169a1be7ed
[2022-04-25 13:19:37,385] {taskinstance.py:1426} INFO - Exporting the following env vars:
AIRFLOW_CTX_DAG_OWNER=***
AIRFLOW_CTX_DAG_ID=roster_data_bq_dag
AIRFLOW_CTX_TASK_ID=gcs_2_bq_ext_task
AIRFLOW_CTX_EXECUTION_DATE=2016-01-01T00:00:00+00:00
AIRFLOW_CTX_DAG_RUN_ID=scheduled__2016-01-01T00:00:00+00:00
[2022-04-25 13:19:37,387] {crypto.py:82} WARNING - empty cryptography key - values will not be stored encrypted.
[2022-04-25 13:19:37,946] {taskinstance.py:1277} INFO - Marking task as SUCCESS. dag_id=roster_data_bq_dag, task_id=gcs_2_bq_ext_task, execution_date=20160101T000000, start_date=20220425T131937, end_date=20220425T131937
[2022-04-25 13:19:37,992] {local_task_job.py:154} INFO - Task exited with return code 0
[2022-04-25 13:19:38,034] {local_task_job.py:264} INFO - 0 downstream tasks scheduled from follow-on schedule check
