[2022-04-11 20:07:38,441] {taskinstance.py:1032} INFO - Dependencies all met for <TaskInstance: pbp_data.local_to_gcs_task scheduled__2017-01-01T00:00:00+00:00 [queued]>
[2022-04-11 20:07:38,455] {taskinstance.py:1032} INFO - Dependencies all met for <TaskInstance: pbp_data.local_to_gcs_task scheduled__2017-01-01T00:00:00+00:00 [queued]>
[2022-04-11 20:07:38,455] {taskinstance.py:1238} INFO - 
--------------------------------------------------------------------------------
[2022-04-11 20:07:38,456] {taskinstance.py:1239} INFO - Starting attempt 1 of 1
[2022-04-11 20:07:38,456] {taskinstance.py:1240} INFO - 
--------------------------------------------------------------------------------
[2022-04-11 20:07:38,472] {taskinstance.py:1259} INFO - Executing <Task(PythonOperator): local_to_gcs_task> on 2017-01-01 00:00:00+00:00
[2022-04-11 20:07:38,482] {standard_task_runner.py:52} INFO - Started process 359334 to run task
[2022-04-11 20:07:38,489] {standard_task_runner.py:76} INFO - Running: ['***', 'tasks', 'run', 'pbp_data', 'local_to_gcs_task', 'scheduled__2017-01-01T00:00:00+00:00', '--job-id', '2020', '--raw', '--subdir', 'DAGS_FOLDER/nfl_to_gcs.py', '--cfg-path', '/tmp/tmp010ibl_o', '--error-file', '/tmp/tmpdhzitlt9']
[2022-04-11 20:07:38,490] {standard_task_runner.py:77} INFO - Job 2020: Subtask local_to_gcs_task
[2022-04-11 20:07:38,586] {logging_mixin.py:109} INFO - Running <TaskInstance: pbp_data.local_to_gcs_task scheduled__2017-01-01T00:00:00+00:00 [running]> on host 4ed3eda454fd
[2022-04-11 20:07:38,648] {logging_mixin.py:109} WARNING - /home/***/.local/lib/python3.7/site-packages/***/utils/context.py:152 AirflowContextDeprecationWarning: Accessing 'execution_date' from the template is deprecated and will be removed in a future version. Please use 'data_interval_start' or 'logical_date' instead.
[2022-04-11 20:07:38,676] {taskinstance.py:1426} INFO - Exporting the following env vars:
AIRFLOW_CTX_DAG_OWNER=***
AIRFLOW_CTX_DAG_ID=pbp_data
AIRFLOW_CTX_TASK_ID=local_to_gcs_task
AIRFLOW_CTX_EXECUTION_DATE=2017-01-01T00:00:00+00:00
AIRFLOW_CTX_DAG_RUN_ID=scheduled__2017-01-01T00:00:00+00:00
[2022-04-11 20:07:38,679] {logging_mixin.py:109} WARNING - /home/***/.local/lib/python3.7/site-packages/***/utils/context.py:152 AirflowContextDeprecationWarning: Accessing 'next_ds' from the template is deprecated and will be removed in a future version. Please use '{{ data_interval_end | ds }}' instead.
[2022-04-11 20:07:38,680] {logging_mixin.py:109} WARNING - /home/***/.local/lib/python3.7/site-packages/***/utils/context.py:152 AirflowContextDeprecationWarning: Accessing 'next_ds_nodash' from the template is deprecated and will be removed in a future version. Please use '{{ data_interval_end | ds_nodash }}' instead.
[2022-04-11 20:07:38,681] {logging_mixin.py:109} WARNING - /home/***/.local/lib/python3.7/site-packages/***/utils/context.py:152 AirflowContextDeprecationWarning: Accessing 'next_execution_date' from the template is deprecated and will be removed in a future version. Please use 'data_interval_end' instead.
[2022-04-11 20:07:38,682] {logging_mixin.py:109} WARNING - /home/***/.local/lib/python3.7/site-packages/***/utils/context.py:152 AirflowContextDeprecationWarning: Accessing 'prev_ds' from the template is deprecated and will be removed in a future version.
[2022-04-11 20:07:38,683] {logging_mixin.py:109} WARNING - /home/***/.local/lib/python3.7/site-packages/***/utils/context.py:152 AirflowContextDeprecationWarning: Accessing 'prev_ds_nodash' from the template is deprecated and will be removed in a future version.
[2022-04-11 20:07:38,684] {logging_mixin.py:109} WARNING - /home/***/.local/lib/python3.7/site-packages/***/utils/context.py:152 AirflowContextDeprecationWarning: Accessing 'prev_execution_date' from the template is deprecated and will be removed in a future version.
[2022-04-11 20:07:38,685] {logging_mixin.py:109} WARNING - /home/***/.local/lib/python3.7/site-packages/***/utils/context.py:152 AirflowContextDeprecationWarning: Accessing 'prev_execution_date_success' from the template is deprecated and will be removed in a future version. Please use 'prev_data_interval_start_success' instead.
[2022-04-11 20:07:38,686] {logging_mixin.py:109} WARNING - /home/***/.local/lib/python3.7/site-packages/***/utils/context.py:152 AirflowContextDeprecationWarning: Accessing 'tomorrow_ds' from the template is deprecated and will be removed in a future version.
[2022-04-11 20:07:38,687] {logging_mixin.py:109} WARNING - /home/***/.local/lib/python3.7/site-packages/***/utils/context.py:152 AirflowContextDeprecationWarning: Accessing 'tomorrow_ds_nodash' from the template is deprecated and will be removed in a future version.
[2022-04-11 20:07:38,688] {logging_mixin.py:109} WARNING - /home/***/.local/lib/python3.7/site-packages/***/utils/context.py:152 AirflowContextDeprecationWarning: Accessing 'yesterday_ds' from the template is deprecated and will be removed in a future version.
[2022-04-11 20:07:38,688] {logging_mixin.py:109} WARNING - /home/***/.local/lib/python3.7/site-packages/***/utils/context.py:152 AirflowContextDeprecationWarning: Accessing 'yesterday_ds_nodash' from the template is deprecated and will be removed in a future version.
[2022-04-11 20:07:40,915] {python.py:175} INFO - Done. Returned value was: None
[2022-04-11 20:07:40,930] {taskinstance.py:1277} INFO - Marking task as SUCCESS. dag_id=pbp_data, task_id=local_to_gcs_task, execution_date=20170101T000000, start_date=20220411T200738, end_date=20220411T200740
[2022-04-11 20:07:40,994] {local_task_job.py:154} INFO - Task exited with return code 0
[2022-04-11 20:07:41,031] {local_task_job.py:264} INFO - 1 downstream tasks scheduled from follow-on schedule check
