[2022-04-11 20:04:27,604] {taskinstance.py:1032} INFO - Dependencies all met for <TaskInstance: schedule_data.download_data_task scheduled__2004-01-01T00:00:00+00:00 [queued]>
[2022-04-11 20:04:27,638] {taskinstance.py:1032} INFO - Dependencies all met for <TaskInstance: schedule_data.download_data_task scheduled__2004-01-01T00:00:00+00:00 [queued]>
[2022-04-11 20:04:27,639] {taskinstance.py:1238} INFO - 
--------------------------------------------------------------------------------
[2022-04-11 20:04:27,641] {taskinstance.py:1239} INFO - Starting attempt 1 of 1
[2022-04-11 20:04:27,642] {taskinstance.py:1240} INFO - 
--------------------------------------------------------------------------------
[2022-04-11 20:04:27,685] {taskinstance.py:1259} INFO - Executing <Task(PythonOperator): download_data_task> on 2004-01-01 00:00:00+00:00
[2022-04-11 20:04:27,708] {standard_task_runner.py:52} INFO - Started process 358169 to run task
[2022-04-11 20:04:27,734] {standard_task_runner.py:76} INFO - Running: ['***', 'tasks', 'run', 'schedule_data', 'download_data_task', 'scheduled__2004-01-01T00:00:00+00:00', '--job-id', '1889', '--raw', '--subdir', 'DAGS_FOLDER/nfl_to_gcs.py', '--cfg-path', '/tmp/tmp9fawcpo8', '--error-file', '/tmp/tmpws4hgl3t']
[2022-04-11 20:04:27,736] {standard_task_runner.py:77} INFO - Job 1889: Subtask download_data_task
[2022-04-11 20:04:27,909] {logging_mixin.py:109} INFO - Running <TaskInstance: schedule_data.download_data_task scheduled__2004-01-01T00:00:00+00:00 [running]> on host 4ed3eda454fd
[2022-04-11 20:04:28,115] {taskinstance.py:1426} INFO - Exporting the following env vars:
AIRFLOW_CTX_DAG_OWNER=***
AIRFLOW_CTX_DAG_ID=schedule_data
AIRFLOW_CTX_TASK_ID=download_data_task
AIRFLOW_CTX_EXECUTION_DATE=2004-01-01T00:00:00+00:00
AIRFLOW_CTX_DAG_RUN_ID=scheduled__2004-01-01T00:00:00+00:00
[2022-04-11 20:04:28,126] {logging_mixin.py:109} WARNING - /home/***/.local/lib/python3.7/site-packages/***/utils/context.py:152 AirflowContextDeprecationWarning: Accessing 'execution_date' from the template is deprecated and will be removed in a future version. Please use 'data_interval_start' or 'logical_date' instead.
[2022-04-11 20:04:28,127] {logging_mixin.py:109} WARNING - /home/***/.local/lib/python3.7/site-packages/***/utils/context.py:152 AirflowContextDeprecationWarning: Accessing 'next_ds' from the template is deprecated and will be removed in a future version. Please use '{{ data_interval_end | ds }}' instead.
[2022-04-11 20:04:28,129] {logging_mixin.py:109} WARNING - /home/***/.local/lib/python3.7/site-packages/***/utils/context.py:152 AirflowContextDeprecationWarning: Accessing 'next_ds_nodash' from the template is deprecated and will be removed in a future version. Please use '{{ data_interval_end | ds_nodash }}' instead.
[2022-04-11 20:04:28,131] {logging_mixin.py:109} WARNING - /home/***/.local/lib/python3.7/site-packages/***/utils/context.py:152 AirflowContextDeprecationWarning: Accessing 'next_execution_date' from the template is deprecated and will be removed in a future version. Please use 'data_interval_end' instead.
[2022-04-11 20:04:28,146] {logging_mixin.py:109} WARNING - /home/***/.local/lib/python3.7/site-packages/***/utils/context.py:152 AirflowContextDeprecationWarning: Accessing 'prev_ds' from the template is deprecated and will be removed in a future version.
[2022-04-11 20:04:28,149] {logging_mixin.py:109} WARNING - /home/***/.local/lib/python3.7/site-packages/***/utils/context.py:152 AirflowContextDeprecationWarning: Accessing 'prev_ds_nodash' from the template is deprecated and will be removed in a future version.
[2022-04-11 20:04:28,151] {logging_mixin.py:109} WARNING - /home/***/.local/lib/python3.7/site-packages/***/utils/context.py:152 AirflowContextDeprecationWarning: Accessing 'prev_execution_date' from the template is deprecated and will be removed in a future version.
[2022-04-11 20:04:28,152] {logging_mixin.py:109} WARNING - /home/***/.local/lib/python3.7/site-packages/***/utils/context.py:152 AirflowContextDeprecationWarning: Accessing 'prev_execution_date_success' from the template is deprecated and will be removed in a future version. Please use 'prev_data_interval_start_success' instead.
[2022-04-11 20:04:28,154] {logging_mixin.py:109} WARNING - /home/***/.local/lib/python3.7/site-packages/***/utils/context.py:152 AirflowContextDeprecationWarning: Accessing 'tomorrow_ds' from the template is deprecated and will be removed in a future version.
[2022-04-11 20:04:28,155] {logging_mixin.py:109} WARNING - /home/***/.local/lib/python3.7/site-packages/***/utils/context.py:152 AirflowContextDeprecationWarning: Accessing 'tomorrow_ds_nodash' from the template is deprecated and will be removed in a future version.
[2022-04-11 20:04:28,156] {logging_mixin.py:109} WARNING - /home/***/.local/lib/python3.7/site-packages/***/utils/context.py:152 AirflowContextDeprecationWarning: Accessing 'yesterday_ds' from the template is deprecated and will be removed in a future version.
[2022-04-11 20:04:28,158] {logging_mixin.py:109} WARNING - /home/***/.local/lib/python3.7/site-packages/***/utils/context.py:152 AirflowContextDeprecationWarning: Accessing 'yesterday_ds_nodash' from the template is deprecated and will be removed in a future version.
[2022-04-11 20:04:28,606] {python.py:175} INFO - Done. Returned value was: None
[2022-04-11 20:04:28,630] {taskinstance.py:1277} INFO - Marking task as SUCCESS. dag_id=schedule_data, task_id=download_data_task, execution_date=20040101T000000, start_date=20220411T200427, end_date=20220411T200428
[2022-04-11 20:04:28,717] {local_task_job.py:154} INFO - Task exited with return code 0
[2022-04-11 20:04:28,845] {local_task_job.py:264} INFO - 1 downstream tasks scheduled from follow-on schedule check
