[2022-04-24 14:45:57,726] {taskinstance.py:1032} INFO - Dependencies all met for <TaskInstance: injury_data_bq_dag.gcs_2_bq_ext_task scheduled__2014-01-01T00:00:00+00:00 [queued]>
[2022-04-24 14:45:57,741] {taskinstance.py:1032} INFO - Dependencies all met for <TaskInstance: injury_data_bq_dag.gcs_2_bq_ext_task scheduled__2014-01-01T00:00:00+00:00 [queued]>
[2022-04-24 14:45:57,741] {taskinstance.py:1238} INFO - 
--------------------------------------------------------------------------------
[2022-04-24 14:45:57,741] {taskinstance.py:1239} INFO - Starting attempt 1 of 1
[2022-04-24 14:45:57,742] {taskinstance.py:1240} INFO - 
--------------------------------------------------------------------------------
[2022-04-24 14:45:57,760] {taskinstance.py:1259} INFO - Executing <Task(BigQueryCreateExternalTableOperator): gcs_2_bq_ext_task> on 2014-01-01 00:00:00+00:00
[2022-04-24 14:45:57,767] {standard_task_runner.py:52} INFO - Started process 2782 to run task
[2022-04-24 14:45:57,774] {standard_task_runner.py:76} INFO - Running: ['***', 'tasks', 'run', 'injury_data_bq_dag', 'gcs_2_bq_ext_task', 'scheduled__2014-01-01T00:00:00+00:00', '--job-id', '2169', '--raw', '--subdir', 'DAGS_FOLDER/nfl_gcs_to_bq.py', '--cfg-path', '/tmp/tmprmc34fd8', '--error-file', '/tmp/tmpx0x4q_lu']
[2022-04-24 14:45:57,775] {standard_task_runner.py:77} INFO - Job 2169: Subtask gcs_2_bq_ext_task
[2022-04-24 14:45:57,867] {logging_mixin.py:109} INFO - Running <TaskInstance: injury_data_bq_dag.gcs_2_bq_ext_task scheduled__2014-01-01T00:00:00+00:00 [running]> on host 28475d5c3e7a
[2022-04-24 14:45:57,958] {taskinstance.py:1426} INFO - Exporting the following env vars:
AIRFLOW_CTX_DAG_OWNER=***
AIRFLOW_CTX_DAG_ID=injury_data_bq_dag
AIRFLOW_CTX_TASK_ID=gcs_2_bq_ext_task
AIRFLOW_CTX_EXECUTION_DATE=2014-01-01T00:00:00+00:00
AIRFLOW_CTX_DAG_RUN_ID=scheduled__2014-01-01T00:00:00+00:00
[2022-04-24 14:45:57,960] {crypto.py:82} WARNING - empty cryptography key - values will not be stored encrypted.
[2022-04-24 14:45:58,668] {taskinstance.py:1277} INFO - Marking task as SUCCESS. dag_id=injury_data_bq_dag, task_id=gcs_2_bq_ext_task, execution_date=20140101T000000, start_date=20220424T144557, end_date=20220424T144558
[2022-04-24 14:45:58,711] {local_task_job.py:154} INFO - Task exited with return code 0
[2022-04-24 14:45:58,791] {local_task_job.py:264} INFO - 0 downstream tasks scheduled from follow-on schedule check
