[2022-04-24 14:46:55,517] {taskinstance.py:1032} INFO - Dependencies all met for <TaskInstance: pbp_data_bq_dag.bq_ext_2_part_task scheduled__2008-01-01T00:00:00+00:00 [queued]>
[2022-04-24 14:46:55,531] {taskinstance.py:1032} INFO - Dependencies all met for <TaskInstance: pbp_data_bq_dag.bq_ext_2_part_task scheduled__2008-01-01T00:00:00+00:00 [queued]>
[2022-04-24 14:46:55,532] {taskinstance.py:1238} INFO - 
--------------------------------------------------------------------------------
[2022-04-24 14:46:55,532] {taskinstance.py:1239} INFO - Starting attempt 1 of 1
[2022-04-24 14:46:55,532] {taskinstance.py:1240} INFO - 
--------------------------------------------------------------------------------
[2022-04-24 14:46:55,550] {taskinstance.py:1259} INFO - Executing <Task(BigQueryInsertJobOperator): bq_ext_2_part_task> on 2008-01-01 00:00:00+00:00
[2022-04-24 14:46:55,559] {standard_task_runner.py:52} INFO - Started process 3014 to run task
[2022-04-24 14:46:55,564] {standard_task_runner.py:76} INFO - Running: ['***', 'tasks', 'run', 'pbp_data_bq_dag', 'bq_ext_2_part_task', 'scheduled__2008-01-01T00:00:00+00:00', '--job-id', '2192', '--raw', '--subdir', 'DAGS_FOLDER/nfl_gcs_to_bq.py', '--cfg-path', '/tmp/tmp09zx7mbg', '--error-file', '/tmp/tmpk4q613e6']
[2022-04-24 14:46:55,566] {standard_task_runner.py:77} INFO - Job 2192: Subtask bq_ext_2_part_task
[2022-04-24 14:46:55,640] {logging_mixin.py:109} INFO - Running <TaskInstance: pbp_data_bq_dag.bq_ext_2_part_task scheduled__2008-01-01T00:00:00+00:00 [running]> on host 28475d5c3e7a
[2022-04-24 14:46:55,713] {taskinstance.py:1426} INFO - Exporting the following env vars:
AIRFLOW_CTX_DAG_OWNER=***
AIRFLOW_CTX_DAG_ID=pbp_data_bq_dag
AIRFLOW_CTX_TASK_ID=bq_ext_2_part_task
AIRFLOW_CTX_EXECUTION_DATE=2008-01-01T00:00:00+00:00
AIRFLOW_CTX_DAG_RUN_ID=scheduled__2008-01-01T00:00:00+00:00
[2022-04-24 14:46:55,715] {crypto.py:82} WARNING - empty cryptography key - values will not be stored encrypted.
[2022-04-24 14:46:55,722] {logging_mixin.py:109} WARNING - /home/***/.local/lib/python3.7/site-packages/***/utils/context.py:152 AirflowContextDeprecationWarning: Accessing 'execution_date' from the template is deprecated and will be removed in a future version. Please use 'data_interval_start' or 'logical_date' instead.
[2022-04-24 14:46:55,730] {bigquery.py:1637} INFO - Inserting job ***_pbp_data_bq_dag_bq_ext_2_part_task_2008_01_01T00_00_00_00_00_2aa3f218bd82a09c0a871b0c8078f9db
[2022-04-24 14:46:59,721] {taskinstance.py:1277} INFO - Marking task as SUCCESS. dag_id=pbp_data_bq_dag, task_id=bq_ext_2_part_task, execution_date=20080101T000000, start_date=20220424T144655, end_date=20220424T144659
[2022-04-24 14:46:59,756] {local_task_job.py:154} INFO - Task exited with return code 0
[2022-04-24 14:46:59,786] {local_task_job.py:264} INFO - 0 downstream tasks scheduled from follow-on schedule check
[2022-04-25 12:36:17,358] {taskinstance.py:1032} INFO - Dependencies all met for <TaskInstance: pbp_data_bq_dag.bq_ext_2_part_task scheduled__2008-01-01T00:00:00+00:00 [queued]>
[2022-04-25 12:36:17,394] {taskinstance.py:1032} INFO - Dependencies all met for <TaskInstance: pbp_data_bq_dag.bq_ext_2_part_task scheduled__2008-01-01T00:00:00+00:00 [queued]>
[2022-04-25 12:36:17,394] {taskinstance.py:1238} INFO - 
--------------------------------------------------------------------------------
[2022-04-25 12:36:17,395] {taskinstance.py:1239} INFO - Starting attempt 1 of 1
[2022-04-25 12:36:17,395] {taskinstance.py:1240} INFO - 
--------------------------------------------------------------------------------
[2022-04-25 12:36:17,414] {taskinstance.py:1259} INFO - Executing <Task(BigQueryInsertJobOperator): bq_ext_2_part_task> on 2008-01-01 00:00:00+00:00
[2022-04-25 12:36:17,424] {standard_task_runner.py:52} INFO - Started process 718 to run task
[2022-04-25 12:36:17,434] {standard_task_runner.py:76} INFO - Running: ['***', 'tasks', 'run', 'pbp_data_bq_dag', 'bq_ext_2_part_task', 'scheduled__2008-01-01T00:00:00+00:00', '--job-id', '2345', '--raw', '--subdir', 'DAGS_FOLDER/nfl_gcs_to_bq.py', '--cfg-path', '/tmp/tmppmuwqsrn', '--error-file', '/tmp/tmp1qdw9c5d']
[2022-04-25 12:36:17,436] {standard_task_runner.py:77} INFO - Job 2345: Subtask bq_ext_2_part_task
[2022-04-25 12:36:17,513] {logging_mixin.py:109} INFO - Running <TaskInstance: pbp_data_bq_dag.bq_ext_2_part_task scheduled__2008-01-01T00:00:00+00:00 [running]> on host de169a1be7ed
[2022-04-25 12:36:17,598] {taskinstance.py:1426} INFO - Exporting the following env vars:
AIRFLOW_CTX_DAG_OWNER=***
AIRFLOW_CTX_DAG_ID=pbp_data_bq_dag
AIRFLOW_CTX_TASK_ID=bq_ext_2_part_task
AIRFLOW_CTX_EXECUTION_DATE=2008-01-01T00:00:00+00:00
AIRFLOW_CTX_DAG_RUN_ID=scheduled__2008-01-01T00:00:00+00:00
[2022-04-25 12:36:17,600] {crypto.py:82} WARNING - empty cryptography key - values will not be stored encrypted.
[2022-04-25 12:36:17,609] {logging_mixin.py:109} WARNING - /home/***/.local/lib/python3.7/site-packages/***/utils/context.py:152 AirflowContextDeprecationWarning: Accessing 'execution_date' from the template is deprecated and will be removed in a future version. Please use 'data_interval_start' or 'logical_date' instead.
[2022-04-25 12:36:17,620] {bigquery.py:1637} INFO - Inserting job ***_pbp_data_bq_dag_bq_ext_2_part_task_2008_01_01T00_00_00_00_00_acf4054e3637f9470722ecc0285c8bc8
[2022-04-25 12:36:21,598] {taskinstance.py:1277} INFO - Marking task as SUCCESS. dag_id=pbp_data_bq_dag, task_id=bq_ext_2_part_task, execution_date=20080101T000000, start_date=20220425T123617, end_date=20220425T123621
[2022-04-25 12:36:21,656] {local_task_job.py:154} INFO - Task exited with return code 0
[2022-04-25 12:36:21,685] {local_task_job.py:264} INFO - 0 downstream tasks scheduled from follow-on schedule check
[2022-04-25 12:57:38,879] {taskinstance.py:1032} INFO - Dependencies all met for <TaskInstance: pbp_data_bq_dag.bq_ext_2_part_task scheduled__2008-01-01T00:00:00+00:00 [queued]>
[2022-04-25 12:57:38,891] {taskinstance.py:1032} INFO - Dependencies all met for <TaskInstance: pbp_data_bq_dag.bq_ext_2_part_task scheduled__2008-01-01T00:00:00+00:00 [queued]>
[2022-04-25 12:57:38,892] {taskinstance.py:1238} INFO - 
--------------------------------------------------------------------------------
[2022-04-25 12:57:38,892] {taskinstance.py:1239} INFO - Starting attempt 1 of 1
[2022-04-25 12:57:38,892] {taskinstance.py:1240} INFO - 
--------------------------------------------------------------------------------
[2022-04-25 12:57:38,907] {taskinstance.py:1259} INFO - Executing <Task(BigQueryInsertJobOperator): bq_ext_2_part_task> on 2008-01-01 00:00:00+00:00
[2022-04-25 12:57:38,914] {standard_task_runner.py:52} INFO - Started process 3250 to run task
[2022-04-25 12:57:38,920] {standard_task_runner.py:76} INFO - Running: ['***', 'tasks', 'run', 'pbp_data_bq_dag', 'bq_ext_2_part_task', 'scheduled__2008-01-01T00:00:00+00:00', '--job-id', '2408', '--raw', '--subdir', 'DAGS_FOLDER/nfl_gcs_to_bq.py', '--cfg-path', '/tmp/tmp09ovyavr', '--error-file', '/tmp/tmph0g5r8pk']
[2022-04-25 12:57:38,921] {standard_task_runner.py:77} INFO - Job 2408: Subtask bq_ext_2_part_task
[2022-04-25 12:57:39,005] {logging_mixin.py:109} INFO - Running <TaskInstance: pbp_data_bq_dag.bq_ext_2_part_task scheduled__2008-01-01T00:00:00+00:00 [running]> on host de169a1be7ed
[2022-04-25 12:57:39,076] {taskinstance.py:1426} INFO - Exporting the following env vars:
AIRFLOW_CTX_DAG_OWNER=***
AIRFLOW_CTX_DAG_ID=pbp_data_bq_dag
AIRFLOW_CTX_TASK_ID=bq_ext_2_part_task
AIRFLOW_CTX_EXECUTION_DATE=2008-01-01T00:00:00+00:00
AIRFLOW_CTX_DAG_RUN_ID=scheduled__2008-01-01T00:00:00+00:00
[2022-04-25 12:57:39,078] {crypto.py:82} WARNING - empty cryptography key - values will not be stored encrypted.
[2022-04-25 12:57:39,084] {logging_mixin.py:109} WARNING - /home/***/.local/lib/python3.7/site-packages/***/utils/context.py:152 AirflowContextDeprecationWarning: Accessing 'execution_date' from the template is deprecated and will be removed in a future version. Please use 'data_interval_start' or 'logical_date' instead.
[2022-04-25 12:57:39,091] {bigquery.py:1637} INFO - Inserting job ***_pbp_data_bq_dag_bq_ext_2_part_task_2008_01_01T00_00_00_00_00_289f40c6b35856d4578f88ab864615b3
[2022-04-25 12:57:40,055] {taskinstance.py:1700} ERROR - Task failed with exception
Traceback (most recent call last):
  File "/home/airflow/.local/lib/python3.7/site-packages/airflow/models/taskinstance.py", line 1329, in _run_raw_task
    self._execute_task_with_callbacks(context)
  File "/home/airflow/.local/lib/python3.7/site-packages/airflow/models/taskinstance.py", line 1455, in _execute_task_with_callbacks
    result = self._execute_task(context, self.task)
  File "/home/airflow/.local/lib/python3.7/site-packages/airflow/models/taskinstance.py", line 1511, in _execute_task
    result = execute_callable(context=context)
  File "/home/airflow/.local/lib/python3.7/site-packages/airflow/providers/google/cloud/operators/bigquery.py", line 2287, in execute
    job = self._submit_job(hook, job_id)
  File "/home/airflow/.local/lib/python3.7/site-packages/airflow/providers/google/cloud/operators/bigquery.py", line 2253, in _submit_job
    job_id=job_id,
  File "/home/airflow/.local/lib/python3.7/site-packages/airflow/providers/google/common/hooks/base_google.py", line 430, in inner_wrapper
    return func(self, *args, **kwargs)
  File "/home/airflow/.local/lib/python3.7/site-packages/airflow/providers/google/cloud/hooks/bigquery.py", line 1639, in insert_job
    job.result()
  File "/home/airflow/.local/lib/python3.7/site-packages/google/cloud/bigquery/job/query.py", line 1447, in result
    do_get_result()
  File "/home/airflow/.local/lib/python3.7/site-packages/google/cloud/bigquery/job/query.py", line 1437, in do_get_result
    super(QueryJob, self).result(retry=retry, timeout=timeout)
  File "/home/airflow/.local/lib/python3.7/site-packages/google/cloud/bigquery/job/base.py", line 727, in result
    return super(_AsyncJob, self).result(timeout=timeout, **kwargs)
  File "/home/airflow/.local/lib/python3.7/site-packages/google/api_core/future/polling.py", line 135, in result
    raise self._exception
google.api_core.exceptions.BadRequest: 400 Error while reading table: nfl_project.external_pbp_data, error message: Parquet column 'end_clock_time' has type DOUBLE which does not match the target cpp_type STRING_PIECE.

(job ID: airflow_pbp_data_bq_dag_bq_ext_2_part_task_2008_01_01T00_00_00_00_00_289f40c6b35856d4578f88ab864615b3)

                                                                                                                -----Query Job SQL Follows-----                                                                                                                

    |    .    |    .    |    .    |    .    |    .    |    .    |    .    |    .    |    .    |    .    |    .    |    .    |    .    |    .    |    .    |    .    |    .    |    .    |    .    |    .    |    .    |    .    |    .    |    .    |    .    |
   1:CREATE OR REPLACE TABLE nfl_project.pbp_data_partitioned                     PARTITION BY DATE(game_timestamp) AS                     SELECT *, PARSE_TIMESTAMP('%F', game_date) AS game_timestamp                     FROM nfl_project.external_pbp_data;
    |    .    |    .    |    .    |    .    |    .    |    .    |    .    |    .    |    .    |    .    |    .    |    .    |    .    |    .    |    .    |    .    |    .    |    .    |    .    |    .    |    .    |    .    |    .    |    .    |    .    |
[2022-04-25 12:57:40,078] {taskinstance.py:1277} INFO - Marking task as FAILED. dag_id=pbp_data_bq_dag, task_id=bq_ext_2_part_task, execution_date=20080101T000000, start_date=20220425T125738, end_date=20220425T125740
[2022-04-25 12:57:40,104] {standard_task_runner.py:92} ERROR - Failed to execute job 2408 for task bq_ext_2_part_task
Traceback (most recent call last):
  File "/home/airflow/.local/lib/python3.7/site-packages/airflow/task/task_runner/standard_task_runner.py", line 85, in _start_by_fork
    args.func(args, dag=self.dag)
  File "/home/airflow/.local/lib/python3.7/site-packages/airflow/cli/cli_parser.py", line 48, in command
    return func(*args, **kwargs)
  File "/home/airflow/.local/lib/python3.7/site-packages/airflow/utils/cli.py", line 92, in wrapper
    return f(*args, **kwargs)
  File "/home/airflow/.local/lib/python3.7/site-packages/airflow/cli/commands/task_command.py", line 298, in task_run
    _run_task_by_selected_method(args, dag, ti)
  File "/home/airflow/.local/lib/python3.7/site-packages/airflow/cli/commands/task_command.py", line 107, in _run_task_by_selected_method
    _run_raw_task(args, ti)
  File "/home/airflow/.local/lib/python3.7/site-packages/airflow/cli/commands/task_command.py", line 184, in _run_raw_task
    error_file=args.error_file,
  File "/home/airflow/.local/lib/python3.7/site-packages/airflow/utils/session.py", line 70, in wrapper
    return func(*args, session=session, **kwargs)
  File "/home/airflow/.local/lib/python3.7/site-packages/airflow/models/taskinstance.py", line 1329, in _run_raw_task
    self._execute_task_with_callbacks(context)
  File "/home/airflow/.local/lib/python3.7/site-packages/airflow/models/taskinstance.py", line 1455, in _execute_task_with_callbacks
    result = self._execute_task(context, self.task)
  File "/home/airflow/.local/lib/python3.7/site-packages/airflow/models/taskinstance.py", line 1511, in _execute_task
    result = execute_callable(context=context)
  File "/home/airflow/.local/lib/python3.7/site-packages/airflow/providers/google/cloud/operators/bigquery.py", line 2287, in execute
    job = self._submit_job(hook, job_id)
  File "/home/airflow/.local/lib/python3.7/site-packages/airflow/providers/google/cloud/operators/bigquery.py", line 2253, in _submit_job
    job_id=job_id,
  File "/home/airflow/.local/lib/python3.7/site-packages/airflow/providers/google/common/hooks/base_google.py", line 430, in inner_wrapper
    return func(self, *args, **kwargs)
  File "/home/airflow/.local/lib/python3.7/site-packages/airflow/providers/google/cloud/hooks/bigquery.py", line 1639, in insert_job
    job.result()
  File "/home/airflow/.local/lib/python3.7/site-packages/google/cloud/bigquery/job/query.py", line 1447, in result
    do_get_result()
  File "/home/airflow/.local/lib/python3.7/site-packages/google/cloud/bigquery/job/query.py", line 1437, in do_get_result
    super(QueryJob, self).result(retry=retry, timeout=timeout)
  File "/home/airflow/.local/lib/python3.7/site-packages/google/cloud/bigquery/job/base.py", line 727, in result
    return super(_AsyncJob, self).result(timeout=timeout, **kwargs)
  File "/home/airflow/.local/lib/python3.7/site-packages/google/api_core/future/polling.py", line 135, in result
    raise self._exception
google.api_core.exceptions.BadRequest: 400 Error while reading table: nfl_project.external_pbp_data, error message: Parquet column 'end_clock_time' has type DOUBLE which does not match the target cpp_type STRING_PIECE.

(job ID: airflow_pbp_data_bq_dag_bq_ext_2_part_task_2008_01_01T00_00_00_00_00_289f40c6b35856d4578f88ab864615b3)

                                                                                                                -----Query Job SQL Follows-----                                                                                                                

    |    .    |    .    |    .    |    .    |    .    |    .    |    .    |    .    |    .    |    .    |    .    |    .    |    .    |    .    |    .    |    .    |    .    |    .    |    .    |    .    |    .    |    .    |    .    |    .    |    .    |
   1:CREATE OR REPLACE TABLE nfl_project.pbp_data_partitioned                     PARTITION BY DATE(game_timestamp) AS                     SELECT *, PARSE_TIMESTAMP('%F', game_date) AS game_timestamp                     FROM nfl_project.external_pbp_data;
    |    .    |    .    |    .    |    .    |    .    |    .    |    .    |    .    |    .    |    .    |    .    |    .    |    .    |    .    |    .    |    .    |    .    |    .    |    .    |    .    |    .    |    .    |    .    |    .    |    .    |
[2022-04-25 12:57:40,138] {local_task_job.py:154} INFO - Task exited with return code 1
[2022-04-25 12:57:40,188] {local_task_job.py:264} INFO - 0 downstream tasks scheduled from follow-on schedule check
