[2022-04-11 20:06:09,936] {taskinstance.py:1032} INFO - Dependencies all met for <TaskInstance: schedule_data.rm_task scheduled__2012-01-01T00:00:00+00:00 [queued]>
[2022-04-11 20:06:09,952] {taskinstance.py:1032} INFO - Dependencies all met for <TaskInstance: schedule_data.rm_task scheduled__2012-01-01T00:00:00+00:00 [queued]>
[2022-04-11 20:06:09,953] {taskinstance.py:1238} INFO - 
--------------------------------------------------------------------------------
[2022-04-11 20:06:09,953] {taskinstance.py:1239} INFO - Starting attempt 1 of 1
[2022-04-11 20:06:09,953] {taskinstance.py:1240} INFO - 
--------------------------------------------------------------------------------
[2022-04-11 20:06:09,967] {taskinstance.py:1259} INFO - Executing <Task(BashOperator): rm_task> on 2012-01-01 00:00:00+00:00
[2022-04-11 20:06:09,977] {standard_task_runner.py:52} INFO - Started process 358870 to run task
[2022-04-11 20:06:09,984] {standard_task_runner.py:76} INFO - Running: ['***', 'tasks', 'run', 'schedule_data', 'rm_task', 'scheduled__2012-01-01T00:00:00+00:00', '--job-id', '1970', '--raw', '--subdir', 'DAGS_FOLDER/nfl_to_gcs.py', '--cfg-path', '/tmp/tmpsqt4hxag', '--error-file', '/tmp/tmp9dgq3sto']
[2022-04-11 20:06:09,986] {standard_task_runner.py:77} INFO - Job 1970: Subtask rm_task
[2022-04-11 20:06:10,078] {logging_mixin.py:109} INFO - Running <TaskInstance: schedule_data.rm_task scheduled__2012-01-01T00:00:00+00:00 [running]> on host 4ed3eda454fd
[2022-04-11 20:06:10,188] {taskinstance.py:1426} INFO - Exporting the following env vars:
AIRFLOW_CTX_DAG_OWNER=***
AIRFLOW_CTX_DAG_ID=schedule_data
AIRFLOW_CTX_TASK_ID=rm_task
AIRFLOW_CTX_EXECUTION_DATE=2012-01-01T00:00:00+00:00
AIRFLOW_CTX_DAG_RUN_ID=scheduled__2012-01-01T00:00:00+00:00
[2022-04-11 20:06:10,189] {subprocess.py:62} INFO - Tmp dir root location: 
 /tmp
[2022-04-11 20:06:10,190] {subprocess.py:74} INFO - Running command: ['bash', '-c', 'rm "/opt/***/schedule_data_2012.parquet"']
[2022-04-11 20:06:10,212] {subprocess.py:85} INFO - Output:
[2022-04-11 20:06:10,220] {subprocess.py:93} INFO - Command exited with return code 0
[2022-04-11 20:06:10,258] {taskinstance.py:1277} INFO - Marking task as SUCCESS. dag_id=schedule_data, task_id=rm_task, execution_date=20120101T000000, start_date=20220411T200609, end_date=20220411T200610
[2022-04-11 20:06:10,319] {local_task_job.py:154} INFO - Task exited with return code 0
[2022-04-11 20:06:10,365] {local_task_job.py:264} INFO - 0 downstream tasks scheduled from follow-on schedule check
