[2022-04-24 14:50:17,463] {taskinstance.py:1032} INFO - Dependencies all met for <TaskInstance: roster_data_bq_dag.gcs_2_bq_ext_task scheduled__2014-01-01T00:00:00+00:00 [queued]>
[2022-04-24 14:50:17,501] {taskinstance.py:1032} INFO - Dependencies all met for <TaskInstance: roster_data_bq_dag.gcs_2_bq_ext_task scheduled__2014-01-01T00:00:00+00:00 [queued]>
[2022-04-24 14:50:17,508] {taskinstance.py:1238} INFO - 
--------------------------------------------------------------------------------
[2022-04-24 14:50:17,508] {taskinstance.py:1239} INFO - Starting attempt 1 of 1
[2022-04-24 14:50:17,509] {taskinstance.py:1240} INFO - 
--------------------------------------------------------------------------------
[2022-04-24 14:50:17,544] {taskinstance.py:1259} INFO - Executing <Task(BigQueryCreateExternalTableOperator): gcs_2_bq_ext_task> on 2014-01-01 00:00:00+00:00
[2022-04-24 14:50:17,557] {standard_task_runner.py:52} INFO - Started process 3689 to run task
[2022-04-24 14:50:17,575] {standard_task_runner.py:76} INFO - Running: ['***', 'tasks', 'run', 'roster_data_bq_dag', 'gcs_2_bq_ext_task', 'scheduled__2014-01-01T00:00:00+00:00', '--job-id', '2246', '--raw', '--subdir', 'DAGS_FOLDER/nfl_gcs_to_bq.py', '--cfg-path', '/tmp/tmpbukfnm1n', '--error-file', '/tmp/tmpe8306fz4']
[2022-04-24 14:50:17,580] {standard_task_runner.py:77} INFO - Job 2246: Subtask gcs_2_bq_ext_task
[2022-04-24 14:50:17,847] {logging_mixin.py:109} INFO - Running <TaskInstance: roster_data_bq_dag.gcs_2_bq_ext_task scheduled__2014-01-01T00:00:00+00:00 [running]> on host 28475d5c3e7a
[2022-04-24 14:50:18,135] {taskinstance.py:1426} INFO - Exporting the following env vars:
AIRFLOW_CTX_DAG_OWNER=***
AIRFLOW_CTX_DAG_ID=roster_data_bq_dag
AIRFLOW_CTX_TASK_ID=gcs_2_bq_ext_task
AIRFLOW_CTX_EXECUTION_DATE=2014-01-01T00:00:00+00:00
AIRFLOW_CTX_DAG_RUN_ID=scheduled__2014-01-01T00:00:00+00:00
[2022-04-24 14:50:18,138] {crypto.py:82} WARNING - empty cryptography key - values will not be stored encrypted.
[2022-04-24 14:50:18,756] {taskinstance.py:1277} INFO - Marking task as SUCCESS. dag_id=roster_data_bq_dag, task_id=gcs_2_bq_ext_task, execution_date=20140101T000000, start_date=20220424T145017, end_date=20220424T145018
[2022-04-24 14:50:18,802] {local_task_job.py:154} INFO - Task exited with return code 0
[2022-04-24 14:50:18,881] {local_task_job.py:264} INFO - 0 downstream tasks scheduled from follow-on schedule check
[2022-04-24 14:56:32,372] {taskinstance.py:1032} INFO - Dependencies all met for <TaskInstance: roster_data_bq_dag.gcs_2_bq_ext_task scheduled__2014-01-01T00:00:00+00:00 [queued]>
[2022-04-24 14:56:32,388] {taskinstance.py:1032} INFO - Dependencies all met for <TaskInstance: roster_data_bq_dag.gcs_2_bq_ext_task scheduled__2014-01-01T00:00:00+00:00 [queued]>
[2022-04-24 14:56:32,388] {taskinstance.py:1238} INFO - 
--------------------------------------------------------------------------------
[2022-04-24 14:56:32,389] {taskinstance.py:1239} INFO - Starting attempt 1 of 1
[2022-04-24 14:56:32,389] {taskinstance.py:1240} INFO - 
--------------------------------------------------------------------------------
[2022-04-24 14:56:32,407] {taskinstance.py:1259} INFO - Executing <Task(BigQueryCreateExternalTableOperator): gcs_2_bq_ext_task> on 2014-01-01 00:00:00+00:00
[2022-04-24 14:56:32,416] {standard_task_runner.py:52} INFO - Started process 4623 to run task
[2022-04-24 14:56:32,428] {standard_task_runner.py:76} INFO - Running: ['***', 'tasks', 'run', 'roster_data_bq_dag', 'gcs_2_bq_ext_task', 'scheduled__2014-01-01T00:00:00+00:00', '--job-id', '2301', '--raw', '--subdir', 'DAGS_FOLDER/nfl_gcs_to_bq.py', '--cfg-path', '/tmp/tmp0wv6h3uw', '--error-file', '/tmp/tmpub028p14']
[2022-04-24 14:56:32,430] {standard_task_runner.py:77} INFO - Job 2301: Subtask gcs_2_bq_ext_task
[2022-04-24 14:56:32,525] {logging_mixin.py:109} INFO - Running <TaskInstance: roster_data_bq_dag.gcs_2_bq_ext_task scheduled__2014-01-01T00:00:00+00:00 [running]> on host 28475d5c3e7a
[2022-04-24 14:56:32,632] {taskinstance.py:1426} INFO - Exporting the following env vars:
AIRFLOW_CTX_DAG_OWNER=***
AIRFLOW_CTX_DAG_ID=roster_data_bq_dag
AIRFLOW_CTX_TASK_ID=gcs_2_bq_ext_task
AIRFLOW_CTX_EXECUTION_DATE=2014-01-01T00:00:00+00:00
AIRFLOW_CTX_DAG_RUN_ID=scheduled__2014-01-01T00:00:00+00:00
[2022-04-24 14:56:32,635] {crypto.py:82} WARNING - empty cryptography key - values will not be stored encrypted.
[2022-04-24 14:56:33,250] {taskinstance.py:1277} INFO - Marking task as SUCCESS. dag_id=roster_data_bq_dag, task_id=gcs_2_bq_ext_task, execution_date=20140101T000000, start_date=20220424T145632, end_date=20220424T145633
[2022-04-24 14:56:33,283] {local_task_job.py:154} INFO - Task exited with return code 0
[2022-04-24 14:56:33,352] {local_task_job.py:264} INFO - 0 downstream tasks scheduled from follow-on schedule check
[2022-04-25 13:19:36,668] {taskinstance.py:1032} INFO - Dependencies all met for <TaskInstance: roster_data_bq_dag.gcs_2_bq_ext_task scheduled__2014-01-01T00:00:00+00:00 [queued]>
[2022-04-25 13:19:36,711] {taskinstance.py:1032} INFO - Dependencies all met for <TaskInstance: roster_data_bq_dag.gcs_2_bq_ext_task scheduled__2014-01-01T00:00:00+00:00 [queued]>
[2022-04-25 13:19:36,712] {taskinstance.py:1238} INFO - 
--------------------------------------------------------------------------------
[2022-04-25 13:19:36,712] {taskinstance.py:1239} INFO - Starting attempt 1 of 1
[2022-04-25 13:19:36,712] {taskinstance.py:1240} INFO - 
--------------------------------------------------------------------------------
[2022-04-25 13:19:36,741] {taskinstance.py:1259} INFO - Executing <Task(BigQueryCreateExternalTableOperator): gcs_2_bq_ext_task> on 2014-01-01 00:00:00+00:00
[2022-04-25 13:19:36,754] {standard_task_runner.py:52} INFO - Started process 5864 to run task
[2022-04-25 13:19:36,798] {standard_task_runner.py:76} INFO - Running: ['***', 'tasks', 'run', 'roster_data_bq_dag', 'gcs_2_bq_ext_task', 'scheduled__2014-01-01T00:00:00+00:00', '--job-id', '2482', '--raw', '--subdir', 'DAGS_FOLDER/nfl_gcs_to_bq.py', '--cfg-path', '/tmp/tmpyd019148', '--error-file', '/tmp/tmpaxdzah1j']
[2022-04-25 13:19:36,801] {standard_task_runner.py:77} INFO - Job 2482: Subtask gcs_2_bq_ext_task
[2022-04-25 13:19:36,923] {logging_mixin.py:109} INFO - Running <TaskInstance: roster_data_bq_dag.gcs_2_bq_ext_task scheduled__2014-01-01T00:00:00+00:00 [running]> on host de169a1be7ed
[2022-04-25 13:19:36,995] {taskinstance.py:1426} INFO - Exporting the following env vars:
AIRFLOW_CTX_DAG_OWNER=***
AIRFLOW_CTX_DAG_ID=roster_data_bq_dag
AIRFLOW_CTX_TASK_ID=gcs_2_bq_ext_task
AIRFLOW_CTX_EXECUTION_DATE=2014-01-01T00:00:00+00:00
AIRFLOW_CTX_DAG_RUN_ID=scheduled__2014-01-01T00:00:00+00:00
[2022-04-25 13:19:36,999] {crypto.py:82} WARNING - empty cryptography key - values will not be stored encrypted.
[2022-04-25 13:19:37,610] {taskinstance.py:1277} INFO - Marking task as SUCCESS. dag_id=roster_data_bq_dag, task_id=gcs_2_bq_ext_task, execution_date=20140101T000000, start_date=20220425T131936, end_date=20220425T131937
[2022-04-25 13:19:37,663] {local_task_job.py:154} INFO - Task exited with return code 0
[2022-04-25 13:19:37,703] {local_task_job.py:264} INFO - 0 downstream tasks scheduled from follow-on schedule check
