[2022-04-24 14:47:05,482] {taskinstance.py:1032} INFO - Dependencies all met for <TaskInstance: pbp_data_bq_dag.gcs_2_bq_ext_task scheduled__2013-01-01T00:00:00+00:00 [queued]>
[2022-04-24 14:47:05,497] {taskinstance.py:1032} INFO - Dependencies all met for <TaskInstance: pbp_data_bq_dag.gcs_2_bq_ext_task scheduled__2013-01-01T00:00:00+00:00 [queued]>
[2022-04-24 14:47:05,497] {taskinstance.py:1238} INFO - 
--------------------------------------------------------------------------------
[2022-04-24 14:47:05,497] {taskinstance.py:1239} INFO - Starting attempt 1 of 1
[2022-04-24 14:47:05,497] {taskinstance.py:1240} INFO - 
--------------------------------------------------------------------------------
[2022-04-24 14:47:05,514] {taskinstance.py:1259} INFO - Executing <Task(BigQueryCreateExternalTableOperator): gcs_2_bq_ext_task> on 2013-01-01 00:00:00+00:00
[2022-04-24 14:47:05,523] {standard_task_runner.py:52} INFO - Started process 3040 to run task
[2022-04-24 14:47:05,529] {standard_task_runner.py:76} INFO - Running: ['***', 'tasks', 'run', 'pbp_data_bq_dag', 'gcs_2_bq_ext_task', 'scheduled__2013-01-01T00:00:00+00:00', '--job-id', '2194', '--raw', '--subdir', 'DAGS_FOLDER/nfl_gcs_to_bq.py', '--cfg-path', '/tmp/tmp_h43ohh8', '--error-file', '/tmp/tmpr4r3r22p']
[2022-04-24 14:47:05,532] {standard_task_runner.py:77} INFO - Job 2194: Subtask gcs_2_bq_ext_task
[2022-04-24 14:47:05,619] {logging_mixin.py:109} INFO - Running <TaskInstance: pbp_data_bq_dag.gcs_2_bq_ext_task scheduled__2013-01-01T00:00:00+00:00 [running]> on host 28475d5c3e7a
[2022-04-24 14:47:05,695] {taskinstance.py:1426} INFO - Exporting the following env vars:
AIRFLOW_CTX_DAG_OWNER=***
AIRFLOW_CTX_DAG_ID=pbp_data_bq_dag
AIRFLOW_CTX_TASK_ID=gcs_2_bq_ext_task
AIRFLOW_CTX_EXECUTION_DATE=2013-01-01T00:00:00+00:00
AIRFLOW_CTX_DAG_RUN_ID=scheduled__2013-01-01T00:00:00+00:00
[2022-04-24 14:47:05,697] {crypto.py:82} WARNING - empty cryptography key - values will not be stored encrypted.
[2022-04-24 14:47:06,440] {taskinstance.py:1277} INFO - Marking task as SUCCESS. dag_id=pbp_data_bq_dag, task_id=gcs_2_bq_ext_task, execution_date=20130101T000000, start_date=20220424T144705, end_date=20220424T144706
[2022-04-24 14:47:06,469] {local_task_job.py:154} INFO - Task exited with return code 0
[2022-04-24 14:47:06,541] {local_task_job.py:264} INFO - 1 downstream tasks scheduled from follow-on schedule check
[2022-04-25 12:36:25,910] {taskinstance.py:1032} INFO - Dependencies all met for <TaskInstance: pbp_data_bq_dag.gcs_2_bq_ext_task scheduled__2013-01-01T00:00:00+00:00 [queued]>
[2022-04-25 12:36:25,920] {taskinstance.py:1032} INFO - Dependencies all met for <TaskInstance: pbp_data_bq_dag.gcs_2_bq_ext_task scheduled__2013-01-01T00:00:00+00:00 [queued]>
[2022-04-25 12:36:25,920] {taskinstance.py:1238} INFO - 
--------------------------------------------------------------------------------
[2022-04-25 12:36:25,920] {taskinstance.py:1239} INFO - Starting attempt 1 of 1
[2022-04-25 12:36:25,921] {taskinstance.py:1240} INFO - 
--------------------------------------------------------------------------------
[2022-04-25 12:36:25,934] {taskinstance.py:1259} INFO - Executing <Task(BigQueryCreateExternalTableOperator): gcs_2_bq_ext_task> on 2013-01-01 00:00:00+00:00
[2022-04-25 12:36:25,941] {standard_task_runner.py:52} INFO - Started process 736 to run task
[2022-04-25 12:36:25,947] {standard_task_runner.py:76} INFO - Running: ['***', 'tasks', 'run', 'pbp_data_bq_dag', 'gcs_2_bq_ext_task', 'scheduled__2013-01-01T00:00:00+00:00', '--job-id', '2348', '--raw', '--subdir', 'DAGS_FOLDER/nfl_gcs_to_bq.py', '--cfg-path', '/tmp/tmp1inqdo8r', '--error-file', '/tmp/tmpy2q2bips']
[2022-04-25 12:36:25,948] {standard_task_runner.py:77} INFO - Job 2348: Subtask gcs_2_bq_ext_task
[2022-04-25 12:36:26,015] {logging_mixin.py:109} INFO - Running <TaskInstance: pbp_data_bq_dag.gcs_2_bq_ext_task scheduled__2013-01-01T00:00:00+00:00 [running]> on host de169a1be7ed
[2022-04-25 12:36:26,079] {taskinstance.py:1426} INFO - Exporting the following env vars:
AIRFLOW_CTX_DAG_OWNER=***
AIRFLOW_CTX_DAG_ID=pbp_data_bq_dag
AIRFLOW_CTX_TASK_ID=gcs_2_bq_ext_task
AIRFLOW_CTX_EXECUTION_DATE=2013-01-01T00:00:00+00:00
AIRFLOW_CTX_DAG_RUN_ID=scheduled__2013-01-01T00:00:00+00:00
[2022-04-25 12:36:26,080] {crypto.py:82} WARNING - empty cryptography key - values will not be stored encrypted.
[2022-04-25 12:36:26,706] {taskinstance.py:1277} INFO - Marking task as SUCCESS. dag_id=pbp_data_bq_dag, task_id=gcs_2_bq_ext_task, execution_date=20130101T000000, start_date=20220425T123625, end_date=20220425T123626
[2022-04-25 12:36:26,761] {local_task_job.py:154} INFO - Task exited with return code 0
[2022-04-25 12:36:26,795] {local_task_job.py:264} INFO - 1 downstream tasks scheduled from follow-on schedule check
[2022-04-25 13:19:35,617] {taskinstance.py:1032} INFO - Dependencies all met for <TaskInstance: pbp_data_bq_dag.gcs_2_bq_ext_task scheduled__2013-01-01T00:00:00+00:00 [queued]>
[2022-04-25 13:19:35,658] {taskinstance.py:1032} INFO - Dependencies all met for <TaskInstance: pbp_data_bq_dag.gcs_2_bq_ext_task scheduled__2013-01-01T00:00:00+00:00 [queued]>
[2022-04-25 13:19:35,659] {taskinstance.py:1238} INFO - 
--------------------------------------------------------------------------------
[2022-04-25 13:19:35,659] {taskinstance.py:1239} INFO - Starting attempt 1 of 1
[2022-04-25 13:19:35,659] {taskinstance.py:1240} INFO - 
--------------------------------------------------------------------------------
[2022-04-25 13:19:35,701] {taskinstance.py:1259} INFO - Executing <Task(BigQueryCreateExternalTableOperator): gcs_2_bq_ext_task> on 2013-01-01 00:00:00+00:00
[2022-04-25 13:19:35,709] {standard_task_runner.py:52} INFO - Started process 5862 to run task
[2022-04-25 13:19:35,722] {standard_task_runner.py:76} INFO - Running: ['***', 'tasks', 'run', 'pbp_data_bq_dag', 'gcs_2_bq_ext_task', 'scheduled__2013-01-01T00:00:00+00:00', '--job-id', '2481', '--raw', '--subdir', 'DAGS_FOLDER/nfl_gcs_to_bq.py', '--cfg-path', '/tmp/tmpzn4cajmy', '--error-file', '/tmp/tmpqblks2pq']
[2022-04-25 13:19:35,735] {standard_task_runner.py:77} INFO - Job 2481: Subtask gcs_2_bq_ext_task
[2022-04-25 13:19:35,880] {logging_mixin.py:109} INFO - Running <TaskInstance: pbp_data_bq_dag.gcs_2_bq_ext_task scheduled__2013-01-01T00:00:00+00:00 [running]> on host de169a1be7ed
[2022-04-25 13:19:36,032] {taskinstance.py:1426} INFO - Exporting the following env vars:
AIRFLOW_CTX_DAG_OWNER=***
AIRFLOW_CTX_DAG_ID=pbp_data_bq_dag
AIRFLOW_CTX_TASK_ID=gcs_2_bq_ext_task
AIRFLOW_CTX_EXECUTION_DATE=2013-01-01T00:00:00+00:00
AIRFLOW_CTX_DAG_RUN_ID=scheduled__2013-01-01T00:00:00+00:00
[2022-04-25 13:19:36,034] {crypto.py:82} WARNING - empty cryptography key - values will not be stored encrypted.
[2022-04-25 13:19:36,713] {taskinstance.py:1277} INFO - Marking task as SUCCESS. dag_id=pbp_data_bq_dag, task_id=gcs_2_bq_ext_task, execution_date=20130101T000000, start_date=20220425T131935, end_date=20220425T131936
[2022-04-25 13:19:36,765] {local_task_job.py:154} INFO - Task exited with return code 0
[2022-04-25 13:19:36,823] {local_task_job.py:264} INFO - 0 downstream tasks scheduled from follow-on schedule check
