[2022-04-11 20:06:57,315] {taskinstance.py:1032} INFO - Dependencies all met for <TaskInstance: pbp_data.rm_task scheduled__2013-01-01T00:00:00+00:00 [queued]>
[2022-04-11 20:06:57,357] {taskinstance.py:1032} INFO - Dependencies all met for <TaskInstance: pbp_data.rm_task scheduled__2013-01-01T00:00:00+00:00 [queued]>
[2022-04-11 20:06:57,358] {taskinstance.py:1238} INFO - 
--------------------------------------------------------------------------------
[2022-04-11 20:06:57,360] {taskinstance.py:1239} INFO - Starting attempt 1 of 1
[2022-04-11 20:06:57,360] {taskinstance.py:1240} INFO - 
--------------------------------------------------------------------------------
[2022-04-11 20:06:57,400] {taskinstance.py:1259} INFO - Executing <Task(BashOperator): rm_task> on 2013-01-01 00:00:00+00:00
[2022-04-11 20:06:57,423] {standard_task_runner.py:76} INFO - Running: ['***', 'tasks', 'run', 'pbp_data', 'rm_task', 'scheduled__2013-01-01T00:00:00+00:00', '--job-id', '1996', '--raw', '--subdir', 'DAGS_FOLDER/nfl_to_gcs.py', '--cfg-path', '/tmp/tmpp1wmijx8', '--error-file', '/tmp/tmplhv_u3qw']
[2022-04-11 20:06:57,443] {standard_task_runner.py:77} INFO - Job 1996: Subtask rm_task
[2022-04-11 20:06:57,411] {standard_task_runner.py:52} INFO - Started process 359099 to run task
[2022-04-11 20:06:57,700] {logging_mixin.py:109} INFO - Running <TaskInstance: pbp_data.rm_task scheduled__2013-01-01T00:00:00+00:00 [running]> on host 4ed3eda454fd
[2022-04-11 20:06:57,919] {taskinstance.py:1426} INFO - Exporting the following env vars:
AIRFLOW_CTX_DAG_OWNER=***
AIRFLOW_CTX_DAG_ID=pbp_data
AIRFLOW_CTX_TASK_ID=rm_task
AIRFLOW_CTX_EXECUTION_DATE=2013-01-01T00:00:00+00:00
AIRFLOW_CTX_DAG_RUN_ID=scheduled__2013-01-01T00:00:00+00:00
[2022-04-11 20:06:57,921] {subprocess.py:62} INFO - Tmp dir root location: 
 /tmp
[2022-04-11 20:06:57,921] {subprocess.py:74} INFO - Running command: ['bash', '-c', 'rm "/opt/***/pbp_data_2013.parquet"']
[2022-04-11 20:06:57,946] {subprocess.py:85} INFO - Output:
[2022-04-11 20:06:57,982] {subprocess.py:93} INFO - Command exited with return code 0
[2022-04-11 20:06:58,055] {taskinstance.py:1277} INFO - Marking task as SUCCESS. dag_id=pbp_data, task_id=rm_task, execution_date=20130101T000000, start_date=20220411T200657, end_date=20220411T200658
[2022-04-11 20:06:58,204] {local_task_job.py:154} INFO - Task exited with return code 0
[2022-04-11 20:06:58,266] {local_task_job.py:264} INFO - 0 downstream tasks scheduled from follow-on schedule check
