[2022-04-24 14:46:55,440] {taskinstance.py:1032} INFO - Dependencies all met for <TaskInstance: pbp_data_bq_dag.bq_ext_2_part_task scheduled__2009-01-01T00:00:00+00:00 [queued]>
[2022-04-24 14:46:55,454] {taskinstance.py:1032} INFO - Dependencies all met for <TaskInstance: pbp_data_bq_dag.bq_ext_2_part_task scheduled__2009-01-01T00:00:00+00:00 [queued]>
[2022-04-24 14:46:55,455] {taskinstance.py:1238} INFO - 
--------------------------------------------------------------------------------
[2022-04-24 14:46:55,455] {taskinstance.py:1239} INFO - Starting attempt 1 of 1
[2022-04-24 14:46:55,455] {taskinstance.py:1240} INFO - 
--------------------------------------------------------------------------------
[2022-04-24 14:46:55,468] {taskinstance.py:1259} INFO - Executing <Task(BigQueryInsertJobOperator): bq_ext_2_part_task> on 2009-01-01 00:00:00+00:00
[2022-04-24 14:46:55,476] {standard_task_runner.py:52} INFO - Started process 3013 to run task
[2022-04-24 14:46:55,483] {standard_task_runner.py:76} INFO - Running: ['***', 'tasks', 'run', 'pbp_data_bq_dag', 'bq_ext_2_part_task', 'scheduled__2009-01-01T00:00:00+00:00', '--job-id', '2191', '--raw', '--subdir', 'DAGS_FOLDER/nfl_gcs_to_bq.py', '--cfg-path', '/tmp/tmpz1pldn_2', '--error-file', '/tmp/tmp0ihfunbx']
[2022-04-24 14:46:55,484] {standard_task_runner.py:77} INFO - Job 2191: Subtask bq_ext_2_part_task
[2022-04-24 14:46:55,570] {logging_mixin.py:109} INFO - Running <TaskInstance: pbp_data_bq_dag.bq_ext_2_part_task scheduled__2009-01-01T00:00:00+00:00 [running]> on host 28475d5c3e7a
[2022-04-24 14:46:55,650] {taskinstance.py:1426} INFO - Exporting the following env vars:
AIRFLOW_CTX_DAG_OWNER=***
AIRFLOW_CTX_DAG_ID=pbp_data_bq_dag
AIRFLOW_CTX_TASK_ID=bq_ext_2_part_task
AIRFLOW_CTX_EXECUTION_DATE=2009-01-01T00:00:00+00:00
AIRFLOW_CTX_DAG_RUN_ID=scheduled__2009-01-01T00:00:00+00:00
[2022-04-24 14:46:55,652] {crypto.py:82} WARNING - empty cryptography key - values will not be stored encrypted.
[2022-04-24 14:46:55,659] {logging_mixin.py:109} WARNING - /home/***/.local/lib/python3.7/site-packages/***/utils/context.py:152 AirflowContextDeprecationWarning: Accessing 'execution_date' from the template is deprecated and will be removed in a future version. Please use 'data_interval_start' or 'logical_date' instead.
[2022-04-24 14:46:55,666] {bigquery.py:1637} INFO - Inserting job ***_pbp_data_bq_dag_bq_ext_2_part_task_2009_01_01T00_00_00_00_00_befdfdd61a0c029a0e33a8bd41cce429
[2022-04-24 14:46:59,636] {taskinstance.py:1277} INFO - Marking task as SUCCESS. dag_id=pbp_data_bq_dag, task_id=bq_ext_2_part_task, execution_date=20090101T000000, start_date=20220424T144655, end_date=20220424T144659
[2022-04-24 14:46:59,676] {local_task_job.py:154} INFO - Task exited with return code 0
[2022-04-24 14:46:59,708] {local_task_job.py:264} INFO - 0 downstream tasks scheduled from follow-on schedule check
