[2022-04-11 19:59:42,844] {taskinstance.py:1032} INFO - Dependencies all met for <TaskInstance: pbp_data.local_to_gcs_task scheduled__2020-01-01T00:00:00+00:00 [queued]>
[2022-04-11 19:59:42,859] {taskinstance.py:1032} INFO - Dependencies all met for <TaskInstance: pbp_data.local_to_gcs_task scheduled__2020-01-01T00:00:00+00:00 [queued]>
[2022-04-11 19:59:42,859] {taskinstance.py:1238} INFO - 
--------------------------------------------------------------------------------
[2022-04-11 19:59:42,859] {taskinstance.py:1239} INFO - Starting attempt 1 of 1
[2022-04-11 19:59:42,860] {taskinstance.py:1240} INFO - 
--------------------------------------------------------------------------------
[2022-04-11 19:59:42,877] {taskinstance.py:1259} INFO - Executing <Task(PythonOperator): local_to_gcs_task> on 2020-01-01 00:00:00+00:00
[2022-04-11 19:59:42,887] {standard_task_runner.py:52} INFO - Started process 356632 to run task
[2022-04-11 19:59:42,900] {standard_task_runner.py:76} INFO - Running: ['***', 'tasks', 'run', 'pbp_data', 'local_to_gcs_task', 'scheduled__2020-01-01T00:00:00+00:00', '--job-id', '1731', '--raw', '--subdir', 'DAGS_FOLDER/nfl_to_gcs.py', '--cfg-path', '/tmp/tmp9_w76lo0', '--error-file', '/tmp/tmpe3zztlst']
[2022-04-11 19:59:42,901] {standard_task_runner.py:77} INFO - Job 1731: Subtask local_to_gcs_task
[2022-04-11 19:59:43,019] {logging_mixin.py:109} INFO - Running <TaskInstance: pbp_data.local_to_gcs_task scheduled__2020-01-01T00:00:00+00:00 [running]> on host 4ed3eda454fd
[2022-04-11 19:59:43,210] {logging_mixin.py:109} WARNING - /home/***/.local/lib/python3.7/site-packages/***/utils/context.py:152 AirflowContextDeprecationWarning: Accessing 'execution_date' from the template is deprecated and will be removed in a future version. Please use 'data_interval_start' or 'logical_date' instead.
[2022-04-11 19:59:43,260] {taskinstance.py:1426} INFO - Exporting the following env vars:
AIRFLOW_CTX_DAG_OWNER=***
AIRFLOW_CTX_DAG_ID=pbp_data
AIRFLOW_CTX_TASK_ID=local_to_gcs_task
AIRFLOW_CTX_EXECUTION_DATE=2020-01-01T00:00:00+00:00
AIRFLOW_CTX_DAG_RUN_ID=scheduled__2020-01-01T00:00:00+00:00
[2022-04-11 19:59:43,263] {logging_mixin.py:109} WARNING - /home/***/.local/lib/python3.7/site-packages/***/utils/context.py:152 AirflowContextDeprecationWarning: Accessing 'next_ds' from the template is deprecated and will be removed in a future version. Please use '{{ data_interval_end | ds }}' instead.
[2022-04-11 19:59:43,265] {logging_mixin.py:109} WARNING - /home/***/.local/lib/python3.7/site-packages/***/utils/context.py:152 AirflowContextDeprecationWarning: Accessing 'next_ds_nodash' from the template is deprecated and will be removed in a future version. Please use '{{ data_interval_end | ds_nodash }}' instead.
[2022-04-11 19:59:43,266] {logging_mixin.py:109} WARNING - /home/***/.local/lib/python3.7/site-packages/***/utils/context.py:152 AirflowContextDeprecationWarning: Accessing 'next_execution_date' from the template is deprecated and will be removed in a future version. Please use 'data_interval_end' instead.
[2022-04-11 19:59:43,274] {logging_mixin.py:109} WARNING - /home/***/.local/lib/python3.7/site-packages/***/utils/context.py:152 AirflowContextDeprecationWarning: Accessing 'prev_ds' from the template is deprecated and will be removed in a future version.
[2022-04-11 19:59:43,276] {logging_mixin.py:109} WARNING - /home/***/.local/lib/python3.7/site-packages/***/utils/context.py:152 AirflowContextDeprecationWarning: Accessing 'prev_ds_nodash' from the template is deprecated and will be removed in a future version.
[2022-04-11 19:59:43,277] {logging_mixin.py:109} WARNING - /home/***/.local/lib/python3.7/site-packages/***/utils/context.py:152 AirflowContextDeprecationWarning: Accessing 'prev_execution_date' from the template is deprecated and will be removed in a future version.
[2022-04-11 19:59:43,278] {logging_mixin.py:109} WARNING - /home/***/.local/lib/python3.7/site-packages/***/utils/context.py:152 AirflowContextDeprecationWarning: Accessing 'prev_execution_date_success' from the template is deprecated and will be removed in a future version. Please use 'prev_data_interval_start_success' instead.
[2022-04-11 19:59:43,280] {logging_mixin.py:109} WARNING - /home/***/.local/lib/python3.7/site-packages/***/utils/context.py:152 AirflowContextDeprecationWarning: Accessing 'tomorrow_ds' from the template is deprecated and will be removed in a future version.
[2022-04-11 19:59:43,281] {logging_mixin.py:109} WARNING - /home/***/.local/lib/python3.7/site-packages/***/utils/context.py:152 AirflowContextDeprecationWarning: Accessing 'tomorrow_ds_nodash' from the template is deprecated and will be removed in a future version.
[2022-04-11 19:59:43,283] {logging_mixin.py:109} WARNING - /home/***/.local/lib/python3.7/site-packages/***/utils/context.py:152 AirflowContextDeprecationWarning: Accessing 'yesterday_ds' from the template is deprecated and will be removed in a future version.
[2022-04-11 19:59:43,295] {logging_mixin.py:109} WARNING - /home/***/.local/lib/python3.7/site-packages/***/utils/context.py:152 AirflowContextDeprecationWarning: Accessing 'yesterday_ds_nodash' from the template is deprecated and will be removed in a future version.
[2022-04-11 19:59:45,165] {python.py:175} INFO - Done. Returned value was: None
[2022-04-11 19:59:45,594] {taskinstance.py:1277} INFO - Marking task as SUCCESS. dag_id=pbp_data, task_id=local_to_gcs_task, execution_date=20200101T000000, start_date=20220411T195942, end_date=20220411T195945
[2022-04-11 19:59:45,651] {local_task_job.py:154} INFO - Task exited with return code 0
[2022-04-11 19:59:45,717] {local_task_job.py:264} INFO - 1 downstream tasks scheduled from follow-on schedule check
[2022-04-11 20:08:15,567] {taskinstance.py:1032} INFO - Dependencies all met for <TaskInstance: pbp_data.local_to_gcs_task scheduled__2020-01-01T00:00:00+00:00 [queued]>
[2022-04-11 20:08:15,582] {taskinstance.py:1032} INFO - Dependencies all met for <TaskInstance: pbp_data.local_to_gcs_task scheduled__2020-01-01T00:00:00+00:00 [queued]>
[2022-04-11 20:08:15,582] {taskinstance.py:1238} INFO - 
--------------------------------------------------------------------------------
[2022-04-11 20:08:15,582] {taskinstance.py:1239} INFO - Starting attempt 1 of 1
[2022-04-11 20:08:15,583] {taskinstance.py:1240} INFO - 
--------------------------------------------------------------------------------
[2022-04-11 20:08:15,596] {taskinstance.py:1259} INFO - Executing <Task(PythonOperator): local_to_gcs_task> on 2020-01-01 00:00:00+00:00
[2022-04-11 20:08:15,605] {standard_task_runner.py:52} INFO - Started process 359435 to run task
[2022-04-11 20:08:15,612] {standard_task_runner.py:76} INFO - Running: ['***', 'tasks', 'run', 'pbp_data', 'local_to_gcs_task', 'scheduled__2020-01-01T00:00:00+00:00', '--job-id', '2026', '--raw', '--subdir', 'DAGS_FOLDER/nfl_to_gcs.py', '--cfg-path', '/tmp/tmp3cpjdbte', '--error-file', '/tmp/tmpijcvef9q']
[2022-04-11 20:08:15,613] {standard_task_runner.py:77} INFO - Job 2026: Subtask local_to_gcs_task
[2022-04-11 20:08:15,691] {logging_mixin.py:109} INFO - Running <TaskInstance: pbp_data.local_to_gcs_task scheduled__2020-01-01T00:00:00+00:00 [running]> on host 4ed3eda454fd
[2022-04-11 20:08:15,752] {logging_mixin.py:109} WARNING - /home/***/.local/lib/python3.7/site-packages/***/utils/context.py:152 AirflowContextDeprecationWarning: Accessing 'execution_date' from the template is deprecated and will be removed in a future version. Please use 'data_interval_start' or 'logical_date' instead.
[2022-04-11 20:08:15,779] {taskinstance.py:1426} INFO - Exporting the following env vars:
AIRFLOW_CTX_DAG_OWNER=***
AIRFLOW_CTX_DAG_ID=pbp_data
AIRFLOW_CTX_TASK_ID=local_to_gcs_task
AIRFLOW_CTX_EXECUTION_DATE=2020-01-01T00:00:00+00:00
AIRFLOW_CTX_DAG_RUN_ID=scheduled__2020-01-01T00:00:00+00:00
[2022-04-11 20:08:15,783] {logging_mixin.py:109} WARNING - /home/***/.local/lib/python3.7/site-packages/***/utils/context.py:152 AirflowContextDeprecationWarning: Accessing 'next_ds' from the template is deprecated and will be removed in a future version. Please use '{{ data_interval_end | ds }}' instead.
[2022-04-11 20:08:15,784] {logging_mixin.py:109} WARNING - /home/***/.local/lib/python3.7/site-packages/***/utils/context.py:152 AirflowContextDeprecationWarning: Accessing 'next_ds_nodash' from the template is deprecated and will be removed in a future version. Please use '{{ data_interval_end | ds_nodash }}' instead.
[2022-04-11 20:08:15,786] {logging_mixin.py:109} WARNING - /home/***/.local/lib/python3.7/site-packages/***/utils/context.py:152 AirflowContextDeprecationWarning: Accessing 'next_execution_date' from the template is deprecated and will be removed in a future version. Please use 'data_interval_end' instead.
[2022-04-11 20:08:15,786] {logging_mixin.py:109} WARNING - /home/***/.local/lib/python3.7/site-packages/***/utils/context.py:152 AirflowContextDeprecationWarning: Accessing 'prev_ds' from the template is deprecated and will be removed in a future version.
[2022-04-11 20:08:15,787] {logging_mixin.py:109} WARNING - /home/***/.local/lib/python3.7/site-packages/***/utils/context.py:152 AirflowContextDeprecationWarning: Accessing 'prev_ds_nodash' from the template is deprecated and will be removed in a future version.
[2022-04-11 20:08:15,788] {logging_mixin.py:109} WARNING - /home/***/.local/lib/python3.7/site-packages/***/utils/context.py:152 AirflowContextDeprecationWarning: Accessing 'prev_execution_date' from the template is deprecated and will be removed in a future version.
[2022-04-11 20:08:15,789] {logging_mixin.py:109} WARNING - /home/***/.local/lib/python3.7/site-packages/***/utils/context.py:152 AirflowContextDeprecationWarning: Accessing 'prev_execution_date_success' from the template is deprecated and will be removed in a future version. Please use 'prev_data_interval_start_success' instead.
[2022-04-11 20:08:15,790] {logging_mixin.py:109} WARNING - /home/***/.local/lib/python3.7/site-packages/***/utils/context.py:152 AirflowContextDeprecationWarning: Accessing 'tomorrow_ds' from the template is deprecated and will be removed in a future version.
[2022-04-11 20:08:15,791] {logging_mixin.py:109} WARNING - /home/***/.local/lib/python3.7/site-packages/***/utils/context.py:152 AirflowContextDeprecationWarning: Accessing 'tomorrow_ds_nodash' from the template is deprecated and will be removed in a future version.
[2022-04-11 20:08:15,791] {logging_mixin.py:109} WARNING - /home/***/.local/lib/python3.7/site-packages/***/utils/context.py:152 AirflowContextDeprecationWarning: Accessing 'yesterday_ds' from the template is deprecated and will be removed in a future version.
[2022-04-11 20:08:15,792] {logging_mixin.py:109} WARNING - /home/***/.local/lib/python3.7/site-packages/***/utils/context.py:152 AirflowContextDeprecationWarning: Accessing 'yesterday_ds_nodash' from the template is deprecated and will be removed in a future version.
[2022-04-11 20:08:17,744] {python.py:175} INFO - Done. Returned value was: None
[2022-04-11 20:08:17,757] {taskinstance.py:1277} INFO - Marking task as SUCCESS. dag_id=pbp_data, task_id=local_to_gcs_task, execution_date=20200101T000000, start_date=20220411T200815, end_date=20220411T200817
[2022-04-11 20:08:17,797] {local_task_job.py:154} INFO - Task exited with return code 0
[2022-04-11 20:08:17,834] {local_task_job.py:264} INFO - 1 downstream tasks scheduled from follow-on schedule check
