[2022-04-24 14:50:48,328] {taskinstance.py:1032} INFO - Dependencies all met for <TaskInstance: roster_data_bq_dag.gcs_2_bq_ext_task scheduled__2020-01-01T00:00:00+00:00 [queued]>
[2022-04-24 14:50:48,344] {taskinstance.py:1032} INFO - Dependencies all met for <TaskInstance: roster_data_bq_dag.gcs_2_bq_ext_task scheduled__2020-01-01T00:00:00+00:00 [queued]>
[2022-04-24 14:50:48,345] {taskinstance.py:1238} INFO - 
--------------------------------------------------------------------------------
[2022-04-24 14:50:48,346] {taskinstance.py:1239} INFO - Starting attempt 1 of 1
[2022-04-24 14:50:48,346] {taskinstance.py:1240} INFO - 
--------------------------------------------------------------------------------
[2022-04-24 14:50:48,377] {taskinstance.py:1259} INFO - Executing <Task(BigQueryCreateExternalTableOperator): gcs_2_bq_ext_task> on 2020-01-01 00:00:00+00:00
[2022-04-24 14:50:48,389] {standard_task_runner.py:52} INFO - Started process 3793 to run task
[2022-04-24 14:50:48,401] {standard_task_runner.py:76} INFO - Running: ['***', 'tasks', 'run', 'roster_data_bq_dag', 'gcs_2_bq_ext_task', 'scheduled__2020-01-01T00:00:00+00:00', '--job-id', '2256', '--raw', '--subdir', 'DAGS_FOLDER/nfl_gcs_to_bq.py', '--cfg-path', '/tmp/tmp4_2i5z7p', '--error-file', '/tmp/tmpuh_zov9e']
[2022-04-24 14:50:48,403] {standard_task_runner.py:77} INFO - Job 2256: Subtask gcs_2_bq_ext_task
[2022-04-24 14:50:48,519] {logging_mixin.py:109} INFO - Running <TaskInstance: roster_data_bq_dag.gcs_2_bq_ext_task scheduled__2020-01-01T00:00:00+00:00 [running]> on host 28475d5c3e7a
[2022-04-24 14:50:48,655] {taskinstance.py:1426} INFO - Exporting the following env vars:
AIRFLOW_CTX_DAG_OWNER=***
AIRFLOW_CTX_DAG_ID=roster_data_bq_dag
AIRFLOW_CTX_TASK_ID=gcs_2_bq_ext_task
AIRFLOW_CTX_EXECUTION_DATE=2020-01-01T00:00:00+00:00
AIRFLOW_CTX_DAG_RUN_ID=scheduled__2020-01-01T00:00:00+00:00
[2022-04-24 14:50:48,658] {crypto.py:82} WARNING - empty cryptography key - values will not be stored encrypted.
[2022-04-24 14:50:49,314] {taskinstance.py:1277} INFO - Marking task as SUCCESS. dag_id=roster_data_bq_dag, task_id=gcs_2_bq_ext_task, execution_date=20200101T000000, start_date=20220424T145048, end_date=20220424T145049
[2022-04-24 14:50:49,378] {local_task_job.py:154} INFO - Task exited with return code 0
[2022-04-24 14:50:49,428] {local_task_job.py:264} INFO - 0 downstream tasks scheduled from follow-on schedule check
[2022-04-24 14:56:43,106] {taskinstance.py:1032} INFO - Dependencies all met for <TaskInstance: roster_data_bq_dag.gcs_2_bq_ext_task scheduled__2020-01-01T00:00:00+00:00 [queued]>
[2022-04-24 14:56:43,117] {taskinstance.py:1032} INFO - Dependencies all met for <TaskInstance: roster_data_bq_dag.gcs_2_bq_ext_task scheduled__2020-01-01T00:00:00+00:00 [queued]>
[2022-04-24 14:56:43,117] {taskinstance.py:1238} INFO - 
--------------------------------------------------------------------------------
[2022-04-24 14:56:43,117] {taskinstance.py:1239} INFO - Starting attempt 1 of 1
[2022-04-24 14:56:43,117] {taskinstance.py:1240} INFO - 
--------------------------------------------------------------------------------
[2022-04-24 14:56:43,128] {taskinstance.py:1259} INFO - Executing <Task(BigQueryCreateExternalTableOperator): gcs_2_bq_ext_task> on 2020-01-01 00:00:00+00:00
[2022-04-24 14:56:43,135] {standard_task_runner.py:52} INFO - Started process 4662 to run task
[2022-04-24 14:56:43,141] {standard_task_runner.py:76} INFO - Running: ['***', 'tasks', 'run', 'roster_data_bq_dag', 'gcs_2_bq_ext_task', 'scheduled__2020-01-01T00:00:00+00:00', '--job-id', '2306', '--raw', '--subdir', 'DAGS_FOLDER/nfl_gcs_to_bq.py', '--cfg-path', '/tmp/tmpb3c9i5q8', '--error-file', '/tmp/tmpvo4xet0q']
[2022-04-24 14:56:43,143] {standard_task_runner.py:77} INFO - Job 2306: Subtask gcs_2_bq_ext_task
[2022-04-24 14:56:43,216] {logging_mixin.py:109} INFO - Running <TaskInstance: roster_data_bq_dag.gcs_2_bq_ext_task scheduled__2020-01-01T00:00:00+00:00 [running]> on host 28475d5c3e7a
[2022-04-24 14:56:43,283] {taskinstance.py:1426} INFO - Exporting the following env vars:
AIRFLOW_CTX_DAG_OWNER=***
AIRFLOW_CTX_DAG_ID=roster_data_bq_dag
AIRFLOW_CTX_TASK_ID=gcs_2_bq_ext_task
AIRFLOW_CTX_EXECUTION_DATE=2020-01-01T00:00:00+00:00
AIRFLOW_CTX_DAG_RUN_ID=scheduled__2020-01-01T00:00:00+00:00
[2022-04-24 14:56:43,285] {crypto.py:82} WARNING - empty cryptography key - values will not be stored encrypted.
[2022-04-24 14:56:43,869] {taskinstance.py:1277} INFO - Marking task as SUCCESS. dag_id=roster_data_bq_dag, task_id=gcs_2_bq_ext_task, execution_date=20200101T000000, start_date=20220424T145643, end_date=20220424T145643
[2022-04-24 14:56:43,919] {local_task_job.py:154} INFO - Task exited with return code 0
[2022-04-24 14:56:43,952] {local_task_job.py:264} INFO - 0 downstream tasks scheduled from follow-on schedule check
[2022-04-25 13:20:04,992] {taskinstance.py:1032} INFO - Dependencies all met for <TaskInstance: roster_data_bq_dag.gcs_2_bq_ext_task scheduled__2020-01-01T00:00:00+00:00 [queued]>
[2022-04-25 13:20:05,038] {taskinstance.py:1032} INFO - Dependencies all met for <TaskInstance: roster_data_bq_dag.gcs_2_bq_ext_task scheduled__2020-01-01T00:00:00+00:00 [queued]>
[2022-04-25 13:20:05,038] {taskinstance.py:1238} INFO - 
--------------------------------------------------------------------------------
[2022-04-25 13:20:05,038] {taskinstance.py:1239} INFO - Starting attempt 1 of 1
[2022-04-25 13:20:05,038] {taskinstance.py:1240} INFO - 
--------------------------------------------------------------------------------
[2022-04-25 13:20:05,088] {taskinstance.py:1259} INFO - Executing <Task(BigQueryCreateExternalTableOperator): gcs_2_bq_ext_task> on 2020-01-01 00:00:00+00:00
[2022-04-25 13:20:05,110] {standard_task_runner.py:76} INFO - Running: ['***', 'tasks', 'run', 'roster_data_bq_dag', 'gcs_2_bq_ext_task', 'scheduled__2020-01-01T00:00:00+00:00', '--job-id', '2492', '--raw', '--subdir', 'DAGS_FOLDER/nfl_gcs_to_bq.py', '--cfg-path', '/tmp/tmprjp6injr', '--error-file', '/tmp/tmproa9rzg3']
[2022-04-25 13:20:05,097] {standard_task_runner.py:52} INFO - Started process 5990 to run task
[2022-04-25 13:20:05,123] {standard_task_runner.py:77} INFO - Job 2492: Subtask gcs_2_bq_ext_task
[2022-04-25 13:20:05,355] {logging_mixin.py:109} INFO - Running <TaskInstance: roster_data_bq_dag.gcs_2_bq_ext_task scheduled__2020-01-01T00:00:00+00:00 [running]> on host de169a1be7ed
[2022-04-25 13:20:05,608] {taskinstance.py:1426} INFO - Exporting the following env vars:
AIRFLOW_CTX_DAG_OWNER=***
AIRFLOW_CTX_DAG_ID=roster_data_bq_dag
AIRFLOW_CTX_TASK_ID=gcs_2_bq_ext_task
AIRFLOW_CTX_EXECUTION_DATE=2020-01-01T00:00:00+00:00
AIRFLOW_CTX_DAG_RUN_ID=scheduled__2020-01-01T00:00:00+00:00
[2022-04-25 13:20:05,610] {crypto.py:82} WARNING - empty cryptography key - values will not be stored encrypted.
[2022-04-25 13:20:06,291] {taskinstance.py:1277} INFO - Marking task as SUCCESS. dag_id=roster_data_bq_dag, task_id=gcs_2_bq_ext_task, execution_date=20200101T000000, start_date=20220425T132004, end_date=20220425T132006
[2022-04-25 13:20:06,344] {local_task_job.py:154} INFO - Task exited with return code 0
[2022-04-25 13:20:06,392] {local_task_job.py:264} INFO - 0 downstream tasks scheduled from follow-on schedule check
