[2022-04-11 20:01:35,080] {taskinstance.py:1032} INFO - Dependencies all met for <TaskInstance: roster_data.download_data_task scheduled__2015-01-01T00:00:00+00:00 [queued]>
[2022-04-11 20:01:35,097] {taskinstance.py:1032} INFO - Dependencies all met for <TaskInstance: roster_data.download_data_task scheduled__2015-01-01T00:00:00+00:00 [queued]>
[2022-04-11 20:01:35,097] {taskinstance.py:1238} INFO - 
--------------------------------------------------------------------------------
[2022-04-11 20:01:35,097] {taskinstance.py:1239} INFO - Starting attempt 1 of 1
[2022-04-11 20:01:35,097] {taskinstance.py:1240} INFO - 
--------------------------------------------------------------------------------
[2022-04-11 20:01:35,117] {taskinstance.py:1259} INFO - Executing <Task(PythonOperator): download_data_task> on 2015-01-01 00:00:00+00:00
[2022-04-11 20:01:35,127] {standard_task_runner.py:52} INFO - Started process 357489 to run task
[2022-04-11 20:01:35,136] {standard_task_runner.py:76} INFO - Running: ['***', 'tasks', 'run', 'roster_data', 'download_data_task', 'scheduled__2015-01-01T00:00:00+00:00', '--job-id', '1830', '--raw', '--subdir', 'DAGS_FOLDER/nfl_to_gcs.py', '--cfg-path', '/tmp/tmpwcoq6gzw', '--error-file', '/tmp/tmpn4t2qd_c']
[2022-04-11 20:01:35,137] {standard_task_runner.py:77} INFO - Job 1830: Subtask download_data_task
[2022-04-11 20:01:35,212] {logging_mixin.py:109} INFO - Running <TaskInstance: roster_data.download_data_task scheduled__2015-01-01T00:00:00+00:00 [running]> on host 4ed3eda454fd
[2022-04-11 20:01:35,311] {taskinstance.py:1426} INFO - Exporting the following env vars:
AIRFLOW_CTX_DAG_OWNER=***
AIRFLOW_CTX_DAG_ID=roster_data
AIRFLOW_CTX_TASK_ID=download_data_task
AIRFLOW_CTX_EXECUTION_DATE=2015-01-01T00:00:00+00:00
AIRFLOW_CTX_DAG_RUN_ID=scheduled__2015-01-01T00:00:00+00:00
[2022-04-11 20:01:35,322] {logging_mixin.py:109} WARNING - /home/***/.local/lib/python3.7/site-packages/***/utils/context.py:152 AirflowContextDeprecationWarning: Accessing 'execution_date' from the template is deprecated and will be removed in a future version. Please use 'data_interval_start' or 'logical_date' instead.
[2022-04-11 20:01:35,324] {logging_mixin.py:109} WARNING - /home/***/.local/lib/python3.7/site-packages/***/utils/context.py:152 AirflowContextDeprecationWarning: Accessing 'next_ds' from the template is deprecated and will be removed in a future version. Please use '{{ data_interval_end | ds }}' instead.
[2022-04-11 20:01:35,326] {logging_mixin.py:109} WARNING - /home/***/.local/lib/python3.7/site-packages/***/utils/context.py:152 AirflowContextDeprecationWarning: Accessing 'next_ds_nodash' from the template is deprecated and will be removed in a future version. Please use '{{ data_interval_end | ds_nodash }}' instead.
[2022-04-11 20:01:35,327] {logging_mixin.py:109} WARNING - /home/***/.local/lib/python3.7/site-packages/***/utils/context.py:152 AirflowContextDeprecationWarning: Accessing 'next_execution_date' from the template is deprecated and will be removed in a future version. Please use 'data_interval_end' instead.
[2022-04-11 20:01:35,328] {logging_mixin.py:109} WARNING - /home/***/.local/lib/python3.7/site-packages/***/utils/context.py:152 AirflowContextDeprecationWarning: Accessing 'prev_ds' from the template is deprecated and will be removed in a future version.
[2022-04-11 20:01:35,330] {logging_mixin.py:109} WARNING - /home/***/.local/lib/python3.7/site-packages/***/utils/context.py:152 AirflowContextDeprecationWarning: Accessing 'prev_ds_nodash' from the template is deprecated and will be removed in a future version.
[2022-04-11 20:01:35,331] {logging_mixin.py:109} WARNING - /home/***/.local/lib/python3.7/site-packages/***/utils/context.py:152 AirflowContextDeprecationWarning: Accessing 'prev_execution_date' from the template is deprecated and will be removed in a future version.
[2022-04-11 20:01:35,332] {logging_mixin.py:109} WARNING - /home/***/.local/lib/python3.7/site-packages/***/utils/context.py:152 AirflowContextDeprecationWarning: Accessing 'prev_execution_date_success' from the template is deprecated and will be removed in a future version. Please use 'prev_data_interval_start_success' instead.
[2022-04-11 20:01:35,334] {logging_mixin.py:109} WARNING - /home/***/.local/lib/python3.7/site-packages/***/utils/context.py:152 AirflowContextDeprecationWarning: Accessing 'tomorrow_ds' from the template is deprecated and will be removed in a future version.
[2022-04-11 20:01:35,335] {logging_mixin.py:109} WARNING - /home/***/.local/lib/python3.7/site-packages/***/utils/context.py:152 AirflowContextDeprecationWarning: Accessing 'tomorrow_ds_nodash' from the template is deprecated and will be removed in a future version.
[2022-04-11 20:01:35,337] {logging_mixin.py:109} WARNING - /home/***/.local/lib/python3.7/site-packages/***/utils/context.py:152 AirflowContextDeprecationWarning: Accessing 'yesterday_ds' from the template is deprecated and will be removed in a future version.
[2022-04-11 20:01:35,338] {logging_mixin.py:109} WARNING - /home/***/.local/lib/python3.7/site-packages/***/utils/context.py:152 AirflowContextDeprecationWarning: Accessing 'yesterday_ds_nodash' from the template is deprecated and will be removed in a future version.
[2022-04-11 20:01:35,553] {python.py:175} INFO - Done. Returned value was: None
[2022-04-11 20:01:35,566] {taskinstance.py:1277} INFO - Marking task as SUCCESS. dag_id=roster_data, task_id=download_data_task, execution_date=20150101T000000, start_date=20220411T200135, end_date=20220411T200135
[2022-04-11 20:01:35,592] {local_task_job.py:154} INFO - Task exited with return code 0
[2022-04-11 20:01:35,636] {local_task_job.py:264} INFO - 1 downstream tasks scheduled from follow-on schedule check
[2022-04-23 16:32:18,623] {taskinstance.py:1032} INFO - Dependencies all met for <TaskInstance: roster_data.download_data_task scheduled__2015-01-01T00:00:00+00:00 [queued]>
[2022-04-23 16:32:18,640] {taskinstance.py:1032} INFO - Dependencies all met for <TaskInstance: roster_data.download_data_task scheduled__2015-01-01T00:00:00+00:00 [queued]>
[2022-04-23 16:32:18,640] {taskinstance.py:1238} INFO - 
--------------------------------------------------------------------------------
[2022-04-23 16:32:18,640] {taskinstance.py:1239} INFO - Starting attempt 1 of 1
[2022-04-23 16:32:18,641] {taskinstance.py:1240} INFO - 
--------------------------------------------------------------------------------
[2022-04-23 16:32:18,657] {taskinstance.py:1259} INFO - Executing <Task(PythonOperator): download_data_task> on 2015-01-01 00:00:00+00:00
[2022-04-23 16:32:18,666] {standard_task_runner.py:52} INFO - Started process 3004 to run task
[2022-04-23 16:32:18,673] {standard_task_runner.py:76} INFO - Running: ['***', 'tasks', 'run', 'roster_data', 'download_data_task', 'scheduled__2015-01-01T00:00:00+00:00', '--job-id', '2123', '--raw', '--subdir', 'DAGS_FOLDER/nfl_to_gcs.py', '--cfg-path', '/tmp/tmpog0ptups', '--error-file', '/tmp/tmp6c93v82v']
[2022-04-23 16:32:18,674] {standard_task_runner.py:77} INFO - Job 2123: Subtask download_data_task
[2022-04-23 16:32:18,748] {logging_mixin.py:109} INFO - Running <TaskInstance: roster_data.download_data_task scheduled__2015-01-01T00:00:00+00:00 [running]> on host 04f3a8edbeca
[2022-04-23 16:32:18,820] {taskinstance.py:1426} INFO - Exporting the following env vars:
AIRFLOW_CTX_DAG_OWNER=***
AIRFLOW_CTX_DAG_ID=roster_data
AIRFLOW_CTX_TASK_ID=download_data_task
AIRFLOW_CTX_EXECUTION_DATE=2015-01-01T00:00:00+00:00
AIRFLOW_CTX_DAG_RUN_ID=scheduled__2015-01-01T00:00:00+00:00
[2022-04-23 16:32:18,828] {logging_mixin.py:109} WARNING - /home/***/.local/lib/python3.7/site-packages/***/utils/context.py:152 AirflowContextDeprecationWarning: Accessing 'execution_date' from the template is deprecated and will be removed in a future version. Please use 'data_interval_start' or 'logical_date' instead.
[2022-04-23 16:32:18,829] {logging_mixin.py:109} WARNING - /home/***/.local/lib/python3.7/site-packages/***/utils/context.py:152 AirflowContextDeprecationWarning: Accessing 'next_ds' from the template is deprecated and will be removed in a future version. Please use '{{ data_interval_end | ds }}' instead.
[2022-04-23 16:32:18,830] {logging_mixin.py:109} WARNING - /home/***/.local/lib/python3.7/site-packages/***/utils/context.py:152 AirflowContextDeprecationWarning: Accessing 'next_ds_nodash' from the template is deprecated and will be removed in a future version. Please use '{{ data_interval_end | ds_nodash }}' instead.
[2022-04-23 16:32:18,831] {logging_mixin.py:109} WARNING - /home/***/.local/lib/python3.7/site-packages/***/utils/context.py:152 AirflowContextDeprecationWarning: Accessing 'next_execution_date' from the template is deprecated and will be removed in a future version. Please use 'data_interval_end' instead.
[2022-04-23 16:32:18,832] {logging_mixin.py:109} WARNING - /home/***/.local/lib/python3.7/site-packages/***/utils/context.py:152 AirflowContextDeprecationWarning: Accessing 'prev_ds' from the template is deprecated and will be removed in a future version.
[2022-04-23 16:32:18,833] {logging_mixin.py:109} WARNING - /home/***/.local/lib/python3.7/site-packages/***/utils/context.py:152 AirflowContextDeprecationWarning: Accessing 'prev_ds_nodash' from the template is deprecated and will be removed in a future version.
[2022-04-23 16:32:18,833] {logging_mixin.py:109} WARNING - /home/***/.local/lib/python3.7/site-packages/***/utils/context.py:152 AirflowContextDeprecationWarning: Accessing 'prev_execution_date' from the template is deprecated and will be removed in a future version.
[2022-04-23 16:32:18,834] {logging_mixin.py:109} WARNING - /home/***/.local/lib/python3.7/site-packages/***/utils/context.py:152 AirflowContextDeprecationWarning: Accessing 'prev_execution_date_success' from the template is deprecated and will be removed in a future version. Please use 'prev_data_interval_start_success' instead.
[2022-04-23 16:32:18,836] {logging_mixin.py:109} WARNING - /home/***/.local/lib/python3.7/site-packages/***/utils/context.py:152 AirflowContextDeprecationWarning: Accessing 'tomorrow_ds' from the template is deprecated and will be removed in a future version.
[2022-04-23 16:32:18,836] {logging_mixin.py:109} WARNING - /home/***/.local/lib/python3.7/site-packages/***/utils/context.py:152 AirflowContextDeprecationWarning: Accessing 'tomorrow_ds_nodash' from the template is deprecated and will be removed in a future version.
[2022-04-23 16:32:18,837] {logging_mixin.py:109} WARNING - /home/***/.local/lib/python3.7/site-packages/***/utils/context.py:152 AirflowContextDeprecationWarning: Accessing 'yesterday_ds' from the template is deprecated and will be removed in a future version.
[2022-04-23 16:32:18,838] {logging_mixin.py:109} WARNING - /home/***/.local/lib/python3.7/site-packages/***/utils/context.py:152 AirflowContextDeprecationWarning: Accessing 'yesterday_ds_nodash' from the template is deprecated and will be removed in a future version.
[2022-04-23 16:32:19,054] {python.py:175} INFO - Done. Returned value was: None
[2022-04-23 16:32:19,067] {taskinstance.py:1277} INFO - Marking task as SUCCESS. dag_id=roster_data, task_id=download_data_task, execution_date=20150101T000000, start_date=20220423T163218, end_date=20220423T163219
[2022-04-23 16:32:19,090] {local_task_job.py:154} INFO - Task exited with return code 0
[2022-04-23 16:32:19,137] {local_task_job.py:264} INFO - 1 downstream tasks scheduled from follow-on schedule check
