[2022-04-11 20:02:14,576] {taskinstance.py:1032} INFO - Dependencies all met for <TaskInstance: roster_data.rm_task scheduled__2019-01-01T00:00:00+00:00 [queued]>
[2022-04-11 20:02:14,592] {taskinstance.py:1032} INFO - Dependencies all met for <TaskInstance: roster_data.rm_task scheduled__2019-01-01T00:00:00+00:00 [queued]>
[2022-04-11 20:02:14,592] {taskinstance.py:1238} INFO - 
--------------------------------------------------------------------------------
[2022-04-11 20:02:14,592] {taskinstance.py:1239} INFO - Starting attempt 1 of 1
[2022-04-11 20:02:14,592] {taskinstance.py:1240} INFO - 
--------------------------------------------------------------------------------
[2022-04-11 20:02:14,613] {taskinstance.py:1259} INFO - Executing <Task(BashOperator): rm_task> on 2019-01-01 00:00:00+00:00
[2022-04-11 20:02:14,626] {standard_task_runner.py:52} INFO - Started process 357660 to run task
[2022-04-11 20:02:14,639] {standard_task_runner.py:76} INFO - Running: ['***', 'tasks', 'run', 'roster_data', 'rm_task', 'scheduled__2019-01-01T00:00:00+00:00', '--job-id', '1845', '--raw', '--subdir', 'DAGS_FOLDER/nfl_to_gcs.py', '--cfg-path', '/tmp/tmpqrz5phnc', '--error-file', '/tmp/tmpr_ta6gfz']
[2022-04-11 20:02:14,640] {standard_task_runner.py:77} INFO - Job 1845: Subtask rm_task
[2022-04-11 20:02:14,744] {logging_mixin.py:109} INFO - Running <TaskInstance: roster_data.rm_task scheduled__2019-01-01T00:00:00+00:00 [running]> on host 4ed3eda454fd
[2022-04-11 20:02:14,871] {taskinstance.py:1426} INFO - Exporting the following env vars:
AIRFLOW_CTX_DAG_OWNER=***
AIRFLOW_CTX_DAG_ID=roster_data
AIRFLOW_CTX_TASK_ID=rm_task
AIRFLOW_CTX_EXECUTION_DATE=2019-01-01T00:00:00+00:00
AIRFLOW_CTX_DAG_RUN_ID=scheduled__2019-01-01T00:00:00+00:00
[2022-04-11 20:02:14,875] {subprocess.py:62} INFO - Tmp dir root location: 
 /tmp
[2022-04-11 20:02:14,876] {subprocess.py:74} INFO - Running command: ['bash', '-c', 'rm "/opt/***/roster_data_2019.parquet"']
[2022-04-11 20:02:14,899] {subprocess.py:85} INFO - Output:
[2022-04-11 20:02:14,909] {subprocess.py:93} INFO - Command exited with return code 0
[2022-04-11 20:02:14,949] {taskinstance.py:1277} INFO - Marking task as SUCCESS. dag_id=roster_data, task_id=rm_task, execution_date=20190101T000000, start_date=20220411T200214, end_date=20220411T200214
[2022-04-11 20:02:15,011] {local_task_job.py:154} INFO - Task exited with return code 0
[2022-04-11 20:02:15,064] {local_task_job.py:264} INFO - 0 downstream tasks scheduled from follow-on schedule check
[2022-04-23 16:32:39,461] {taskinstance.py:1032} INFO - Dependencies all met for <TaskInstance: roster_data.rm_task scheduled__2019-01-01T00:00:00+00:00 [queued]>
[2022-04-23 16:32:39,477] {taskinstance.py:1032} INFO - Dependencies all met for <TaskInstance: roster_data.rm_task scheduled__2019-01-01T00:00:00+00:00 [queued]>
[2022-04-23 16:32:39,477] {taskinstance.py:1238} INFO - 
--------------------------------------------------------------------------------
[2022-04-23 16:32:39,478] {taskinstance.py:1239} INFO - Starting attempt 1 of 1
[2022-04-23 16:32:39,478] {taskinstance.py:1240} INFO - 
--------------------------------------------------------------------------------
[2022-04-23 16:32:39,490] {taskinstance.py:1259} INFO - Executing <Task(BashOperator): rm_task> on 2019-01-01 00:00:00+00:00
[2022-04-23 16:32:39,496] {standard_task_runner.py:52} INFO - Started process 3163 to run task
[2022-04-23 16:32:39,505] {standard_task_runner.py:76} INFO - Running: ['***', 'tasks', 'run', 'roster_data', 'rm_task', 'scheduled__2019-01-01T00:00:00+00:00', '--job-id', '2139', '--raw', '--subdir', 'DAGS_FOLDER/nfl_to_gcs.py', '--cfg-path', '/tmp/tmpkbelo4k9', '--error-file', '/tmp/tmp2__a8rdd']
[2022-04-23 16:32:39,506] {standard_task_runner.py:77} INFO - Job 2139: Subtask rm_task
[2022-04-23 16:32:39,617] {logging_mixin.py:109} INFO - Running <TaskInstance: roster_data.rm_task scheduled__2019-01-01T00:00:00+00:00 [running]> on host 04f3a8edbeca
[2022-04-23 16:32:39,729] {taskinstance.py:1426} INFO - Exporting the following env vars:
AIRFLOW_CTX_DAG_OWNER=***
AIRFLOW_CTX_DAG_ID=roster_data
AIRFLOW_CTX_TASK_ID=rm_task
AIRFLOW_CTX_EXECUTION_DATE=2019-01-01T00:00:00+00:00
AIRFLOW_CTX_DAG_RUN_ID=scheduled__2019-01-01T00:00:00+00:00
[2022-04-23 16:32:39,734] {subprocess.py:62} INFO - Tmp dir root location: 
 /tmp
[2022-04-23 16:32:39,735] {subprocess.py:74} INFO - Running command: ['bash', '-c', 'rm "/opt/***/roster_data_2019.parquet"']
[2022-04-23 16:32:39,753] {subprocess.py:85} INFO - Output:
[2022-04-23 16:32:39,760] {subprocess.py:93} INFO - Command exited with return code 0
[2022-04-23 16:32:39,819] {taskinstance.py:1277} INFO - Marking task as SUCCESS. dag_id=roster_data, task_id=rm_task, execution_date=20190101T000000, start_date=20220423T163239, end_date=20220423T163239
[2022-04-23 16:32:39,882] {local_task_job.py:154} INFO - Task exited with return code 0
[2022-04-23 16:32:39,928] {local_task_job.py:264} INFO - 0 downstream tasks scheduled from follow-on schedule check
