[2022-04-24 14:45:50,256] {taskinstance.py:1032} INFO - Dependencies all met for <TaskInstance: pbp_data_bq_dag.gcs_2_bq_ext_task scheduled__2000-01-01T00:00:00+00:00 [queued]>
[2022-04-24 14:45:50,271] {taskinstance.py:1032} INFO - Dependencies all met for <TaskInstance: pbp_data_bq_dag.gcs_2_bq_ext_task scheduled__2000-01-01T00:00:00+00:00 [queued]>
[2022-04-24 14:45:50,271] {taskinstance.py:1238} INFO - 
--------------------------------------------------------------------------------
[2022-04-24 14:45:50,272] {taskinstance.py:1239} INFO - Starting attempt 1 of 1
[2022-04-24 14:45:50,272] {taskinstance.py:1240} INFO - 
--------------------------------------------------------------------------------
[2022-04-24 14:45:50,290] {taskinstance.py:1259} INFO - Executing <Task(BigQueryCreateExternalTableOperator): gcs_2_bq_ext_task> on 2000-01-01 00:00:00+00:00
[2022-04-24 14:45:50,302] {standard_task_runner.py:52} INFO - Started process 2734 to run task
[2022-04-24 14:45:50,338] {standard_task_runner.py:76} INFO - Running: ['***', 'tasks', 'run', 'pbp_data_bq_dag', 'gcs_2_bq_ext_task', 'scheduled__2000-01-01T00:00:00+00:00', '--job-id', '2160', '--raw', '--subdir', 'DAGS_FOLDER/nfl_gcs_to_bq.py', '--cfg-path', '/tmp/tmp8cozc8fa', '--error-file', '/tmp/tmpm_fxu5ec']
[2022-04-24 14:45:50,340] {standard_task_runner.py:77} INFO - Job 2160: Subtask gcs_2_bq_ext_task
[2022-04-24 14:45:50,520] {logging_mixin.py:109} INFO - Running <TaskInstance: pbp_data_bq_dag.gcs_2_bq_ext_task scheduled__2000-01-01T00:00:00+00:00 [running]> on host 28475d5c3e7a
[2022-04-24 14:45:50,674] {taskinstance.py:1426} INFO - Exporting the following env vars:
AIRFLOW_CTX_DAG_OWNER=***
AIRFLOW_CTX_DAG_ID=pbp_data_bq_dag
AIRFLOW_CTX_TASK_ID=gcs_2_bq_ext_task
AIRFLOW_CTX_EXECUTION_DATE=2000-01-01T00:00:00+00:00
AIRFLOW_CTX_DAG_RUN_ID=scheduled__2000-01-01T00:00:00+00:00
[2022-04-24 14:45:50,676] {crypto.py:82} WARNING - empty cryptography key - values will not be stored encrypted.
[2022-04-24 14:45:51,508] {taskinstance.py:1277} INFO - Marking task as SUCCESS. dag_id=pbp_data_bq_dag, task_id=gcs_2_bq_ext_task, execution_date=20000101T000000, start_date=20220424T144550, end_date=20220424T144551
[2022-04-24 14:45:51,676] {local_task_job.py:154} INFO - Task exited with return code 0
[2022-04-24 14:45:51,782] {local_task_job.py:264} INFO - 1 downstream tasks scheduled from follow-on schedule check
[2022-04-25 12:35:12,506] {taskinstance.py:1032} INFO - Dependencies all met for <TaskInstance: pbp_data_bq_dag.gcs_2_bq_ext_task scheduled__2000-01-01T00:00:00+00:00 [queued]>
[2022-04-25 12:35:12,521] {taskinstance.py:1032} INFO - Dependencies all met for <TaskInstance: pbp_data_bq_dag.gcs_2_bq_ext_task scheduled__2000-01-01T00:00:00+00:00 [queued]>
[2022-04-25 12:35:12,521] {taskinstance.py:1238} INFO - 
--------------------------------------------------------------------------------
[2022-04-25 12:35:12,521] {taskinstance.py:1239} INFO - Starting attempt 1 of 1
[2022-04-25 12:35:12,521] {taskinstance.py:1240} INFO - 
--------------------------------------------------------------------------------
[2022-04-25 12:35:12,535] {taskinstance.py:1259} INFO - Executing <Task(BigQueryCreateExternalTableOperator): gcs_2_bq_ext_task> on 2000-01-01 00:00:00+00:00
[2022-04-25 12:35:12,542] {standard_task_runner.py:52} INFO - Started process 480 to run task
[2022-04-25 12:35:12,548] {standard_task_runner.py:76} INFO - Running: ['***', 'tasks', 'run', 'pbp_data_bq_dag', 'gcs_2_bq_ext_task', 'scheduled__2000-01-01T00:00:00+00:00', '--job-id', '2323', '--raw', '--subdir', 'DAGS_FOLDER/nfl_gcs_to_bq.py', '--cfg-path', '/tmp/tmppa4l43he', '--error-file', '/tmp/tmp5hh1zj37']
[2022-04-25 12:35:12,549] {standard_task_runner.py:77} INFO - Job 2323: Subtask gcs_2_bq_ext_task
[2022-04-25 12:35:12,617] {logging_mixin.py:109} INFO - Running <TaskInstance: pbp_data_bq_dag.gcs_2_bq_ext_task scheduled__2000-01-01T00:00:00+00:00 [running]> on host de169a1be7ed
[2022-04-25 12:35:12,694] {taskinstance.py:1426} INFO - Exporting the following env vars:
AIRFLOW_CTX_DAG_OWNER=***
AIRFLOW_CTX_DAG_ID=pbp_data_bq_dag
AIRFLOW_CTX_TASK_ID=gcs_2_bq_ext_task
AIRFLOW_CTX_EXECUTION_DATE=2000-01-01T00:00:00+00:00
AIRFLOW_CTX_DAG_RUN_ID=scheduled__2000-01-01T00:00:00+00:00
[2022-04-25 12:35:12,696] {crypto.py:82} WARNING - empty cryptography key - values will not be stored encrypted.
[2022-04-25 12:35:13,484] {taskinstance.py:1277} INFO - Marking task as SUCCESS. dag_id=pbp_data_bq_dag, task_id=gcs_2_bq_ext_task, execution_date=20000101T000000, start_date=20220425T123512, end_date=20220425T123513
[2022-04-25 12:35:13,529] {local_task_job.py:154} INFO - Task exited with return code 0
[2022-04-25 12:35:13,567] {local_task_job.py:264} INFO - 1 downstream tasks scheduled from follow-on schedule check
[2022-04-25 12:42:13,212] {taskinstance.py:1032} INFO - Dependencies all met for <TaskInstance: pbp_data_bq_dag.gcs_2_bq_ext_task scheduled__2000-01-01T00:00:00+00:00 [queued]>
[2022-04-25 12:42:13,227] {taskinstance.py:1032} INFO - Dependencies all met for <TaskInstance: pbp_data_bq_dag.gcs_2_bq_ext_task scheduled__2000-01-01T00:00:00+00:00 [queued]>
[2022-04-25 12:42:13,227] {taskinstance.py:1238} INFO - 
--------------------------------------------------------------------------------
[2022-04-25 12:42:13,227] {taskinstance.py:1239} INFO - Starting attempt 1 of 1
[2022-04-25 12:42:13,228] {taskinstance.py:1240} INFO - 
--------------------------------------------------------------------------------
[2022-04-25 12:42:13,244] {taskinstance.py:1259} INFO - Executing <Task(BigQueryCreateExternalTableOperator): gcs_2_bq_ext_task> on 2000-01-01 00:00:00+00:00
[2022-04-25 12:42:13,257] {standard_task_runner.py:52} INFO - Started process 1454 to run task
[2022-04-25 12:42:13,263] {standard_task_runner.py:76} INFO - Running: ['***', 'tasks', 'run', 'pbp_data_bq_dag', 'gcs_2_bq_ext_task', 'scheduled__2000-01-01T00:00:00+00:00', '--job-id', '2368', '--raw', '--subdir', 'DAGS_FOLDER/nfl_gcs_to_bq.py', '--cfg-path', '/tmp/tmpulxsg5vv', '--error-file', '/tmp/tmpmccbsvbr']
[2022-04-25 12:42:13,266] {standard_task_runner.py:77} INFO - Job 2368: Subtask gcs_2_bq_ext_task
[2022-04-25 12:42:13,351] {logging_mixin.py:109} INFO - Running <TaskInstance: pbp_data_bq_dag.gcs_2_bq_ext_task scheduled__2000-01-01T00:00:00+00:00 [running]> on host de169a1be7ed
[2022-04-25 12:42:13,442] {taskinstance.py:1426} INFO - Exporting the following env vars:
AIRFLOW_CTX_DAG_OWNER=***
AIRFLOW_CTX_DAG_ID=pbp_data_bq_dag
AIRFLOW_CTX_TASK_ID=gcs_2_bq_ext_task
AIRFLOW_CTX_EXECUTION_DATE=2000-01-01T00:00:00+00:00
AIRFLOW_CTX_DAG_RUN_ID=scheduled__2000-01-01T00:00:00+00:00
[2022-04-25 12:42:13,444] {crypto.py:82} WARNING - empty cryptography key - values will not be stored encrypted.
[2022-04-25 12:42:14,331] {taskinstance.py:1277} INFO - Marking task as SUCCESS. dag_id=pbp_data_bq_dag, task_id=gcs_2_bq_ext_task, execution_date=20000101T000000, start_date=20220425T124213, end_date=20220425T124214
[2022-04-25 12:42:14,386] {local_task_job.py:154} INFO - Task exited with return code 0
[2022-04-25 12:42:14,470] {local_task_job.py:264} INFO - 0 downstream tasks scheduled from follow-on schedule check
[2022-04-25 12:43:50,205] {taskinstance.py:1032} INFO - Dependencies all met for <TaskInstance: pbp_data_bq_dag.gcs_2_bq_ext_task scheduled__2000-01-01T00:00:00+00:00 [queued]>
[2022-04-25 12:43:50,219] {taskinstance.py:1032} INFO - Dependencies all met for <TaskInstance: pbp_data_bq_dag.gcs_2_bq_ext_task scheduled__2000-01-01T00:00:00+00:00 [queued]>
[2022-04-25 12:43:50,219] {taskinstance.py:1238} INFO - 
--------------------------------------------------------------------------------
[2022-04-25 12:43:50,219] {taskinstance.py:1239} INFO - Starting attempt 1 of 1
[2022-04-25 12:43:50,219] {taskinstance.py:1240} INFO - 
--------------------------------------------------------------------------------
[2022-04-25 12:43:50,236] {taskinstance.py:1259} INFO - Executing <Task(BigQueryCreateExternalTableOperator): gcs_2_bq_ext_task> on 2000-01-01 00:00:00+00:00
[2022-04-25 12:43:50,250] {standard_task_runner.py:52} INFO - Started process 1741 to run task
[2022-04-25 12:43:50,258] {standard_task_runner.py:76} INFO - Running: ['***', 'tasks', 'run', 'pbp_data_bq_dag', 'gcs_2_bq_ext_task', 'scheduled__2000-01-01T00:00:00+00:00', '--job-id', '2390', '--raw', '--subdir', 'DAGS_FOLDER/nfl_gcs_to_bq.py', '--cfg-path', '/tmp/tmp34dx0p1b', '--error-file', '/tmp/tmpccjfzdbb']
[2022-04-25 12:43:50,260] {standard_task_runner.py:77} INFO - Job 2390: Subtask gcs_2_bq_ext_task
[2022-04-25 12:43:50,356] {logging_mixin.py:109} INFO - Running <TaskInstance: pbp_data_bq_dag.gcs_2_bq_ext_task scheduled__2000-01-01T00:00:00+00:00 [running]> on host de169a1be7ed
[2022-04-25 12:43:50,427] {taskinstance.py:1426} INFO - Exporting the following env vars:
AIRFLOW_CTX_DAG_OWNER=***
AIRFLOW_CTX_DAG_ID=pbp_data_bq_dag
AIRFLOW_CTX_TASK_ID=gcs_2_bq_ext_task
AIRFLOW_CTX_EXECUTION_DATE=2000-01-01T00:00:00+00:00
AIRFLOW_CTX_DAG_RUN_ID=scheduled__2000-01-01T00:00:00+00:00
[2022-04-25 12:43:50,429] {crypto.py:82} WARNING - empty cryptography key - values will not be stored encrypted.
[2022-04-25 12:43:51,062] {taskinstance.py:1277} INFO - Marking task as SUCCESS. dag_id=pbp_data_bq_dag, task_id=gcs_2_bq_ext_task, execution_date=20000101T000000, start_date=20220425T124350, end_date=20220425T124351
[2022-04-25 12:43:51,102] {local_task_job.py:154} INFO - Task exited with return code 0
[2022-04-25 12:43:51,167] {local_task_job.py:264} INFO - 0 downstream tasks scheduled from follow-on schedule check
[2022-04-25 12:58:11,324] {taskinstance.py:1032} INFO - Dependencies all met for <TaskInstance: pbp_data_bq_dag.gcs_2_bq_ext_task scheduled__2000-01-01T00:00:00+00:00 [queued]>
[2022-04-25 12:58:11,337] {taskinstance.py:1032} INFO - Dependencies all met for <TaskInstance: pbp_data_bq_dag.gcs_2_bq_ext_task scheduled__2000-01-01T00:00:00+00:00 [queued]>
[2022-04-25 12:58:11,338] {taskinstance.py:1238} INFO - 
--------------------------------------------------------------------------------
[2022-04-25 12:58:11,338] {taskinstance.py:1239} INFO - Starting attempt 1 of 1
[2022-04-25 12:58:11,338] {taskinstance.py:1240} INFO - 
--------------------------------------------------------------------------------
[2022-04-25 12:58:11,350] {taskinstance.py:1259} INFO - Executing <Task(BigQueryCreateExternalTableOperator): gcs_2_bq_ext_task> on 2000-01-01 00:00:00+00:00
[2022-04-25 12:58:11,356] {standard_task_runner.py:52} INFO - Started process 3341 to run task
[2022-04-25 12:58:11,362] {standard_task_runner.py:76} INFO - Running: ['***', 'tasks', 'run', 'pbp_data_bq_dag', 'gcs_2_bq_ext_task', 'scheduled__2000-01-01T00:00:00+00:00', '--job-id', '2414', '--raw', '--subdir', 'DAGS_FOLDER/nfl_gcs_to_bq.py', '--cfg-path', '/tmp/tmpd9oquxua', '--error-file', '/tmp/tmptzuw_tey']
[2022-04-25 12:58:11,363] {standard_task_runner.py:77} INFO - Job 2414: Subtask gcs_2_bq_ext_task
[2022-04-25 12:58:11,432] {logging_mixin.py:109} INFO - Running <TaskInstance: pbp_data_bq_dag.gcs_2_bq_ext_task scheduled__2000-01-01T00:00:00+00:00 [running]> on host de169a1be7ed
[2022-04-25 12:58:11,507] {taskinstance.py:1426} INFO - Exporting the following env vars:
AIRFLOW_CTX_DAG_OWNER=***
AIRFLOW_CTX_DAG_ID=pbp_data_bq_dag
AIRFLOW_CTX_TASK_ID=gcs_2_bq_ext_task
AIRFLOW_CTX_EXECUTION_DATE=2000-01-01T00:00:00+00:00
AIRFLOW_CTX_DAG_RUN_ID=scheduled__2000-01-01T00:00:00+00:00
[2022-04-25 12:58:11,509] {crypto.py:82} WARNING - empty cryptography key - values will not be stored encrypted.
[2022-04-25 12:58:12,190] {taskinstance.py:1277} INFO - Marking task as SUCCESS. dag_id=pbp_data_bq_dag, task_id=gcs_2_bq_ext_task, execution_date=20000101T000000, start_date=20220425T125811, end_date=20220425T125812
[2022-04-25 12:58:12,216] {local_task_job.py:154} INFO - Task exited with return code 0
[2022-04-25 12:58:12,266] {local_task_job.py:264} INFO - 1 downstream tasks scheduled from follow-on schedule check
[2022-04-25 13:18:43,188] {taskinstance.py:1032} INFO - Dependencies all met for <TaskInstance: pbp_data_bq_dag.gcs_2_bq_ext_task scheduled__2000-01-01T00:00:00+00:00 [queued]>
[2022-04-25 13:18:43,220] {taskinstance.py:1032} INFO - Dependencies all met for <TaskInstance: pbp_data_bq_dag.gcs_2_bq_ext_task scheduled__2000-01-01T00:00:00+00:00 [queued]>
[2022-04-25 13:18:43,221] {taskinstance.py:1238} INFO - 
--------------------------------------------------------------------------------
[2022-04-25 13:18:43,221] {taskinstance.py:1239} INFO - Starting attempt 1 of 1
[2022-04-25 13:18:43,221] {taskinstance.py:1240} INFO - 
--------------------------------------------------------------------------------
[2022-04-25 13:18:43,265] {taskinstance.py:1259} INFO - Executing <Task(BigQueryCreateExternalTableOperator): gcs_2_bq_ext_task> on 2000-01-01 00:00:00+00:00
[2022-04-25 13:18:43,287] {standard_task_runner.py:76} INFO - Running: ['***', 'tasks', 'run', 'pbp_data_bq_dag', 'gcs_2_bq_ext_task', 'scheduled__2000-01-01T00:00:00+00:00', '--job-id', '2427', '--raw', '--subdir', 'DAGS_FOLDER/nfl_gcs_to_bq.py', '--cfg-path', '/tmp/tmp9u9bo_or', '--error-file', '/tmp/tmp2m60zlrj']
[2022-04-25 13:18:43,290] {standard_task_runner.py:77} INFO - Job 2427: Subtask gcs_2_bq_ext_task
[2022-04-25 13:18:43,279] {standard_task_runner.py:52} INFO - Started process 5459 to run task
[2022-04-25 13:18:43,450] {logging_mixin.py:109} INFO - Running <TaskInstance: pbp_data_bq_dag.gcs_2_bq_ext_task scheduled__2000-01-01T00:00:00+00:00 [running]> on host de169a1be7ed
[2022-04-25 13:18:43,645] {taskinstance.py:1426} INFO - Exporting the following env vars:
AIRFLOW_CTX_DAG_OWNER=***
AIRFLOW_CTX_DAG_ID=pbp_data_bq_dag
AIRFLOW_CTX_TASK_ID=gcs_2_bq_ext_task
AIRFLOW_CTX_EXECUTION_DATE=2000-01-01T00:00:00+00:00
AIRFLOW_CTX_DAG_RUN_ID=scheduled__2000-01-01T00:00:00+00:00
[2022-04-25 13:18:43,650] {crypto.py:82} WARNING - empty cryptography key - values will not be stored encrypted.
[2022-04-25 13:18:44,681] {taskinstance.py:1277} INFO - Marking task as SUCCESS. dag_id=pbp_data_bq_dag, task_id=gcs_2_bq_ext_task, execution_date=20000101T000000, start_date=20220425T131843, end_date=20220425T131844
[2022-04-25 13:18:44,755] {local_task_job.py:154} INFO - Task exited with return code 0
[2022-04-25 13:18:44,856] {local_task_job.py:264} INFO - 0 downstream tasks scheduled from follow-on schedule check
