[2022-04-11 20:00:38,528] {taskinstance.py:1032} INFO - Dependencies all met for <TaskInstance: roster_data.local_to_gcs_task scheduled__2006-01-01T00:00:00+00:00 [queued]>
[2022-04-11 20:00:38,554] {taskinstance.py:1032} INFO - Dependencies all met for <TaskInstance: roster_data.local_to_gcs_task scheduled__2006-01-01T00:00:00+00:00 [queued]>
[2022-04-11 20:00:38,554] {taskinstance.py:1238} INFO - 
--------------------------------------------------------------------------------
[2022-04-11 20:00:38,555] {taskinstance.py:1239} INFO - Starting attempt 1 of 1
[2022-04-11 20:00:38,555] {taskinstance.py:1240} INFO - 
--------------------------------------------------------------------------------
[2022-04-11 20:00:38,574] {taskinstance.py:1259} INFO - Executing <Task(PythonOperator): local_to_gcs_task> on 2006-01-01 00:00:00+00:00
[2022-04-11 20:00:38,589] {standard_task_runner.py:52} INFO - Started process 357101 to run task
[2022-04-11 20:00:38,623] {standard_task_runner.py:76} INFO - Running: ['***', 'tasks', 'run', 'roster_data', 'local_to_gcs_task', 'scheduled__2006-01-01T00:00:00+00:00', '--job-id', '1787', '--raw', '--subdir', 'DAGS_FOLDER/nfl_to_gcs.py', '--cfg-path', '/tmp/tmpraaztxta', '--error-file', '/tmp/tmpvwqtp1k5']
[2022-04-11 20:00:38,624] {standard_task_runner.py:77} INFO - Job 1787: Subtask local_to_gcs_task
[2022-04-11 20:00:38,823] {logging_mixin.py:109} INFO - Running <TaskInstance: roster_data.local_to_gcs_task scheduled__2006-01-01T00:00:00+00:00 [running]> on host 4ed3eda454fd
[2022-04-11 20:00:39,047] {logging_mixin.py:109} WARNING - /home/***/.local/lib/python3.7/site-packages/***/utils/context.py:152 AirflowContextDeprecationWarning: Accessing 'execution_date' from the template is deprecated and will be removed in a future version. Please use 'data_interval_start' or 'logical_date' instead.
[2022-04-11 20:00:39,112] {taskinstance.py:1426} INFO - Exporting the following env vars:
AIRFLOW_CTX_DAG_OWNER=***
AIRFLOW_CTX_DAG_ID=roster_data
AIRFLOW_CTX_TASK_ID=local_to_gcs_task
AIRFLOW_CTX_EXECUTION_DATE=2006-01-01T00:00:00+00:00
AIRFLOW_CTX_DAG_RUN_ID=scheduled__2006-01-01T00:00:00+00:00
[2022-04-11 20:00:39,115] {logging_mixin.py:109} WARNING - /home/***/.local/lib/python3.7/site-packages/***/utils/context.py:152 AirflowContextDeprecationWarning: Accessing 'next_ds' from the template is deprecated and will be removed in a future version. Please use '{{ data_interval_end | ds }}' instead.
[2022-04-11 20:00:39,117] {logging_mixin.py:109} WARNING - /home/***/.local/lib/python3.7/site-packages/***/utils/context.py:152 AirflowContextDeprecationWarning: Accessing 'next_ds_nodash' from the template is deprecated and will be removed in a future version. Please use '{{ data_interval_end | ds_nodash }}' instead.
[2022-04-11 20:00:39,118] {logging_mixin.py:109} WARNING - /home/***/.local/lib/python3.7/site-packages/***/utils/context.py:152 AirflowContextDeprecationWarning: Accessing 'next_execution_date' from the template is deprecated and will be removed in a future version. Please use 'data_interval_end' instead.
[2022-04-11 20:00:39,119] {logging_mixin.py:109} WARNING - /home/***/.local/lib/python3.7/site-packages/***/utils/context.py:152 AirflowContextDeprecationWarning: Accessing 'prev_ds' from the template is deprecated and will be removed in a future version.
[2022-04-11 20:00:39,135] {logging_mixin.py:109} WARNING - /home/***/.local/lib/python3.7/site-packages/***/utils/context.py:152 AirflowContextDeprecationWarning: Accessing 'prev_ds_nodash' from the template is deprecated and will be removed in a future version.
[2022-04-11 20:00:39,137] {logging_mixin.py:109} WARNING - /home/***/.local/lib/python3.7/site-packages/***/utils/context.py:152 AirflowContextDeprecationWarning: Accessing 'prev_execution_date' from the template is deprecated and will be removed in a future version.
[2022-04-11 20:00:39,139] {logging_mixin.py:109} WARNING - /home/***/.local/lib/python3.7/site-packages/***/utils/context.py:152 AirflowContextDeprecationWarning: Accessing 'prev_execution_date_success' from the template is deprecated and will be removed in a future version. Please use 'prev_data_interval_start_success' instead.
[2022-04-11 20:00:39,161] {logging_mixin.py:109} WARNING - /home/***/.local/lib/python3.7/site-packages/***/utils/context.py:152 AirflowContextDeprecationWarning: Accessing 'tomorrow_ds' from the template is deprecated and will be removed in a future version.
[2022-04-11 20:00:39,162] {logging_mixin.py:109} WARNING - /home/***/.local/lib/python3.7/site-packages/***/utils/context.py:152 AirflowContextDeprecationWarning: Accessing 'tomorrow_ds_nodash' from the template is deprecated and will be removed in a future version.
[2022-04-11 20:00:39,164] {logging_mixin.py:109} WARNING - /home/***/.local/lib/python3.7/site-packages/***/utils/context.py:152 AirflowContextDeprecationWarning: Accessing 'yesterday_ds' from the template is deprecated and will be removed in a future version.
[2022-04-11 20:00:39,165] {logging_mixin.py:109} WARNING - /home/***/.local/lib/python3.7/site-packages/***/utils/context.py:152 AirflowContextDeprecationWarning: Accessing 'yesterday_ds_nodash' from the template is deprecated and will be removed in a future version.
[2022-04-11 20:00:40,052] {python.py:175} INFO - Done. Returned value was: None
[2022-04-11 20:00:40,071] {taskinstance.py:1277} INFO - Marking task as SUCCESS. dag_id=roster_data, task_id=local_to_gcs_task, execution_date=20060101T000000, start_date=20220411T200038, end_date=20220411T200040
[2022-04-11 20:00:40,127] {local_task_job.py:154} INFO - Task exited with return code 0
[2022-04-11 20:00:40,212] {local_task_job.py:264} INFO - 1 downstream tasks scheduled from follow-on schedule check
[2022-04-23 16:31:21,107] {taskinstance.py:1032} INFO - Dependencies all met for <TaskInstance: roster_data.local_to_gcs_task scheduled__2006-01-01T00:00:00+00:00 [queued]>
[2022-04-23 16:31:21,140] {taskinstance.py:1032} INFO - Dependencies all met for <TaskInstance: roster_data.local_to_gcs_task scheduled__2006-01-01T00:00:00+00:00 [queued]>
[2022-04-23 16:31:21,140] {taskinstance.py:1238} INFO - 
--------------------------------------------------------------------------------
[2022-04-23 16:31:21,140] {taskinstance.py:1239} INFO - Starting attempt 1 of 1
[2022-04-23 16:31:21,141] {taskinstance.py:1240} INFO - 
--------------------------------------------------------------------------------
[2022-04-23 16:31:21,182] {taskinstance.py:1259} INFO - Executing <Task(PythonOperator): local_to_gcs_task> on 2006-01-01 00:00:00+00:00
[2022-04-23 16:31:21,195] {standard_task_runner.py:52} INFO - Started process 2567 to run task
[2022-04-23 16:31:21,205] {standard_task_runner.py:76} INFO - Running: ['***', 'tasks', 'run', 'roster_data', 'local_to_gcs_task', 'scheduled__2006-01-01T00:00:00+00:00', '--job-id', '2073', '--raw', '--subdir', 'DAGS_FOLDER/nfl_to_gcs.py', '--cfg-path', '/tmp/tmp_taa5qlz', '--error-file', '/tmp/tmpay6085i2']
[2022-04-23 16:31:21,207] {standard_task_runner.py:77} INFO - Job 2073: Subtask local_to_gcs_task
[2022-04-23 16:31:21,360] {logging_mixin.py:109} INFO - Running <TaskInstance: roster_data.local_to_gcs_task scheduled__2006-01-01T00:00:00+00:00 [running]> on host 04f3a8edbeca
[2022-04-23 16:31:21,488] {logging_mixin.py:109} WARNING - /home/***/.local/lib/python3.7/site-packages/***/utils/context.py:152 AirflowContextDeprecationWarning: Accessing 'execution_date' from the template is deprecated and will be removed in a future version. Please use 'data_interval_start' or 'logical_date' instead.
[2022-04-23 16:31:21,547] {taskinstance.py:1426} INFO - Exporting the following env vars:
AIRFLOW_CTX_DAG_OWNER=***
AIRFLOW_CTX_DAG_ID=roster_data
AIRFLOW_CTX_TASK_ID=local_to_gcs_task
AIRFLOW_CTX_EXECUTION_DATE=2006-01-01T00:00:00+00:00
AIRFLOW_CTX_DAG_RUN_ID=scheduled__2006-01-01T00:00:00+00:00
[2022-04-23 16:31:21,552] {logging_mixin.py:109} WARNING - /home/***/.local/lib/python3.7/site-packages/***/utils/context.py:152 AirflowContextDeprecationWarning: Accessing 'next_ds' from the template is deprecated and will be removed in a future version. Please use '{{ data_interval_end | ds }}' instead.
[2022-04-23 16:31:21,553] {logging_mixin.py:109} WARNING - /home/***/.local/lib/python3.7/site-packages/***/utils/context.py:152 AirflowContextDeprecationWarning: Accessing 'next_ds_nodash' from the template is deprecated and will be removed in a future version. Please use '{{ data_interval_end | ds_nodash }}' instead.
[2022-04-23 16:31:21,555] {logging_mixin.py:109} WARNING - /home/***/.local/lib/python3.7/site-packages/***/utils/context.py:152 AirflowContextDeprecationWarning: Accessing 'next_execution_date' from the template is deprecated and will be removed in a future version. Please use 'data_interval_end' instead.
[2022-04-23 16:31:21,556] {logging_mixin.py:109} WARNING - /home/***/.local/lib/python3.7/site-packages/***/utils/context.py:152 AirflowContextDeprecationWarning: Accessing 'prev_ds' from the template is deprecated and will be removed in a future version.
[2022-04-23 16:31:21,560] {logging_mixin.py:109} WARNING - /home/***/.local/lib/python3.7/site-packages/***/utils/context.py:152 AirflowContextDeprecationWarning: Accessing 'prev_ds_nodash' from the template is deprecated and will be removed in a future version.
[2022-04-23 16:31:21,561] {logging_mixin.py:109} WARNING - /home/***/.local/lib/python3.7/site-packages/***/utils/context.py:152 AirflowContextDeprecationWarning: Accessing 'prev_execution_date' from the template is deprecated and will be removed in a future version.
[2022-04-23 16:31:21,566] {logging_mixin.py:109} WARNING - /home/***/.local/lib/python3.7/site-packages/***/utils/context.py:152 AirflowContextDeprecationWarning: Accessing 'prev_execution_date_success' from the template is deprecated and will be removed in a future version. Please use 'prev_data_interval_start_success' instead.
[2022-04-23 16:31:21,571] {logging_mixin.py:109} WARNING - /home/***/.local/lib/python3.7/site-packages/***/utils/context.py:152 AirflowContextDeprecationWarning: Accessing 'tomorrow_ds' from the template is deprecated and will be removed in a future version.
[2022-04-23 16:31:21,578] {logging_mixin.py:109} WARNING - /home/***/.local/lib/python3.7/site-packages/***/utils/context.py:152 AirflowContextDeprecationWarning: Accessing 'tomorrow_ds_nodash' from the template is deprecated and will be removed in a future version.
[2022-04-23 16:31:21,587] {logging_mixin.py:109} WARNING - /home/***/.local/lib/python3.7/site-packages/***/utils/context.py:152 AirflowContextDeprecationWarning: Accessing 'yesterday_ds' from the template is deprecated and will be removed in a future version.
[2022-04-23 16:31:21,592] {logging_mixin.py:109} WARNING - /home/***/.local/lib/python3.7/site-packages/***/utils/context.py:152 AirflowContextDeprecationWarning: Accessing 'yesterday_ds_nodash' from the template is deprecated and will be removed in a future version.
[2022-04-23 16:31:22,621] {python.py:175} INFO - Done. Returned value was: None
[2022-04-23 16:31:22,765] {taskinstance.py:1277} INFO - Marking task as SUCCESS. dag_id=roster_data, task_id=local_to_gcs_task, execution_date=20060101T000000, start_date=20220423T163121, end_date=20220423T163122
[2022-04-23 16:31:22,832] {local_task_job.py:154} INFO - Task exited with return code 0
[2022-04-23 16:31:22,987] {local_task_job.py:264} INFO - 1 downstream tasks scheduled from follow-on schedule check
