[2022-04-24 14:49:45,603] {taskinstance.py:1032} INFO - Dependencies all met for <TaskInstance: roster_data_bq_dag.gcs_2_bq_ext_task scheduled__2011-01-01T00:00:00+00:00 [queued]>
[2022-04-24 14:49:45,637] {taskinstance.py:1032} INFO - Dependencies all met for <TaskInstance: roster_data_bq_dag.gcs_2_bq_ext_task scheduled__2011-01-01T00:00:00+00:00 [queued]>
[2022-04-24 14:49:45,637] {taskinstance.py:1238} INFO - 
--------------------------------------------------------------------------------
[2022-04-24 14:49:45,637] {taskinstance.py:1239} INFO - Starting attempt 1 of 1
[2022-04-24 14:49:45,637] {taskinstance.py:1240} INFO - 
--------------------------------------------------------------------------------
[2022-04-24 14:49:45,667] {taskinstance.py:1259} INFO - Executing <Task(BigQueryCreateExternalTableOperator): gcs_2_bq_ext_task> on 2011-01-01 00:00:00+00:00
[2022-04-24 14:49:45,675] {standard_task_runner.py:52} INFO - Started process 3599 to run task
[2022-04-24 14:49:45,690] {standard_task_runner.py:76} INFO - Running: ['***', 'tasks', 'run', 'roster_data_bq_dag', 'gcs_2_bq_ext_task', 'scheduled__2011-01-01T00:00:00+00:00', '--job-id', '2240', '--raw', '--subdir', 'DAGS_FOLDER/nfl_gcs_to_bq.py', '--cfg-path', '/tmp/tmpmmxgetkh', '--error-file', '/tmp/tmpubf_wr8b']
[2022-04-24 14:49:45,696] {standard_task_runner.py:77} INFO - Job 2240: Subtask gcs_2_bq_ext_task
[2022-04-24 14:49:45,795] {logging_mixin.py:109} INFO - Running <TaskInstance: roster_data_bq_dag.gcs_2_bq_ext_task scheduled__2011-01-01T00:00:00+00:00 [running]> on host 28475d5c3e7a
[2022-04-24 14:49:45,921] {taskinstance.py:1426} INFO - Exporting the following env vars:
AIRFLOW_CTX_DAG_OWNER=***
AIRFLOW_CTX_DAG_ID=roster_data_bq_dag
AIRFLOW_CTX_TASK_ID=gcs_2_bq_ext_task
AIRFLOW_CTX_EXECUTION_DATE=2011-01-01T00:00:00+00:00
AIRFLOW_CTX_DAG_RUN_ID=scheduled__2011-01-01T00:00:00+00:00
[2022-04-24 14:49:45,926] {crypto.py:82} WARNING - empty cryptography key - values will not be stored encrypted.
[2022-04-24 14:49:46,449] {taskinstance.py:1277} INFO - Marking task as SUCCESS. dag_id=roster_data_bq_dag, task_id=gcs_2_bq_ext_task, execution_date=20110101T000000, start_date=20220424T144945, end_date=20220424T144946
[2022-04-24 14:49:46,471] {local_task_job.py:154} INFO - Task exited with return code 0
[2022-04-24 14:49:46,510] {local_task_job.py:264} INFO - 0 downstream tasks scheduled from follow-on schedule check
[2022-04-24 14:56:00,726] {taskinstance.py:1032} INFO - Dependencies all met for <TaskInstance: roster_data_bq_dag.gcs_2_bq_ext_task scheduled__2011-01-01T00:00:00+00:00 [queued]>
[2022-04-24 14:56:00,745] {taskinstance.py:1032} INFO - Dependencies all met for <TaskInstance: roster_data_bq_dag.gcs_2_bq_ext_task scheduled__2011-01-01T00:00:00+00:00 [queued]>
[2022-04-24 14:56:00,745] {taskinstance.py:1238} INFO - 
--------------------------------------------------------------------------------
[2022-04-24 14:56:00,745] {taskinstance.py:1239} INFO - Starting attempt 1 of 1
[2022-04-24 14:56:00,746] {taskinstance.py:1240} INFO - 
--------------------------------------------------------------------------------
[2022-04-24 14:56:00,766] {taskinstance.py:1259} INFO - Executing <Task(BigQueryCreateExternalTableOperator): gcs_2_bq_ext_task> on 2011-01-01 00:00:00+00:00
[2022-04-24 14:56:00,774] {standard_task_runner.py:52} INFO - Started process 4549 to run task
[2022-04-24 14:56:00,794] {standard_task_runner.py:76} INFO - Running: ['***', 'tasks', 'run', 'roster_data_bq_dag', 'gcs_2_bq_ext_task', 'scheduled__2011-01-01T00:00:00+00:00', '--job-id', '2298', '--raw', '--subdir', 'DAGS_FOLDER/nfl_gcs_to_bq.py', '--cfg-path', '/tmp/tmpwds1c3q0', '--error-file', '/tmp/tmpw1aa3nh6']
[2022-04-24 14:56:00,795] {standard_task_runner.py:77} INFO - Job 2298: Subtask gcs_2_bq_ext_task
[2022-04-24 14:56:00,940] {logging_mixin.py:109} INFO - Running <TaskInstance: roster_data_bq_dag.gcs_2_bq_ext_task scheduled__2011-01-01T00:00:00+00:00 [running]> on host 28475d5c3e7a
[2022-04-24 14:56:01,048] {taskinstance.py:1426} INFO - Exporting the following env vars:
AIRFLOW_CTX_DAG_OWNER=***
AIRFLOW_CTX_DAG_ID=roster_data_bq_dag
AIRFLOW_CTX_TASK_ID=gcs_2_bq_ext_task
AIRFLOW_CTX_EXECUTION_DATE=2011-01-01T00:00:00+00:00
AIRFLOW_CTX_DAG_RUN_ID=scheduled__2011-01-01T00:00:00+00:00
[2022-04-24 14:56:01,050] {crypto.py:82} WARNING - empty cryptography key - values will not be stored encrypted.
[2022-04-24 14:56:01,649] {taskinstance.py:1277} INFO - Marking task as SUCCESS. dag_id=roster_data_bq_dag, task_id=gcs_2_bq_ext_task, execution_date=20110101T000000, start_date=20220424T145600, end_date=20220424T145601
[2022-04-24 14:56:01,676] {local_task_job.py:154} INFO - Task exited with return code 0
[2022-04-24 14:56:01,709] {local_task_job.py:264} INFO - 0 downstream tasks scheduled from follow-on schedule check
[2022-04-25 13:19:28,204] {taskinstance.py:1032} INFO - Dependencies all met for <TaskInstance: roster_data_bq_dag.gcs_2_bq_ext_task scheduled__2011-01-01T00:00:00+00:00 [queued]>
[2022-04-25 13:19:28,245] {taskinstance.py:1032} INFO - Dependencies all met for <TaskInstance: roster_data_bq_dag.gcs_2_bq_ext_task scheduled__2011-01-01T00:00:00+00:00 [queued]>
[2022-04-25 13:19:28,245] {taskinstance.py:1238} INFO - 
--------------------------------------------------------------------------------
[2022-04-25 13:19:28,245] {taskinstance.py:1239} INFO - Starting attempt 1 of 1
[2022-04-25 13:19:28,245] {taskinstance.py:1240} INFO - 
--------------------------------------------------------------------------------
[2022-04-25 13:19:28,288] {taskinstance.py:1259} INFO - Executing <Task(BigQueryCreateExternalTableOperator): gcs_2_bq_ext_task> on 2011-01-01 00:00:00+00:00
[2022-04-25 13:19:28,296] {standard_task_runner.py:52} INFO - Started process 5798 to run task
[2022-04-25 13:19:28,314] {standard_task_runner.py:76} INFO - Running: ['***', 'tasks', 'run', 'roster_data_bq_dag', 'gcs_2_bq_ext_task', 'scheduled__2011-01-01T00:00:00+00:00', '--job-id', '2470', '--raw', '--subdir', 'DAGS_FOLDER/nfl_gcs_to_bq.py', '--cfg-path', '/tmp/tmpxc47kpdw', '--error-file', '/tmp/tmpvuv63lzt']
[2022-04-25 13:19:28,331] {standard_task_runner.py:77} INFO - Job 2470: Subtask gcs_2_bq_ext_task
[2022-04-25 13:19:28,547] {logging_mixin.py:109} INFO - Running <TaskInstance: roster_data_bq_dag.gcs_2_bq_ext_task scheduled__2011-01-01T00:00:00+00:00 [running]> on host de169a1be7ed
[2022-04-25 13:19:28,711] {taskinstance.py:1426} INFO - Exporting the following env vars:
AIRFLOW_CTX_DAG_OWNER=***
AIRFLOW_CTX_DAG_ID=roster_data_bq_dag
AIRFLOW_CTX_TASK_ID=gcs_2_bq_ext_task
AIRFLOW_CTX_EXECUTION_DATE=2011-01-01T00:00:00+00:00
AIRFLOW_CTX_DAG_RUN_ID=scheduled__2011-01-01T00:00:00+00:00
[2022-04-25 13:19:28,713] {crypto.py:82} WARNING - empty cryptography key - values will not be stored encrypted.
[2022-04-25 13:19:29,425] {taskinstance.py:1277} INFO - Marking task as SUCCESS. dag_id=roster_data_bq_dag, task_id=gcs_2_bq_ext_task, execution_date=20110101T000000, start_date=20220425T131928, end_date=20220425T131929
[2022-04-25 13:19:29,517] {local_task_job.py:154} INFO - Task exited with return code 0
[2022-04-25 13:19:29,615] {local_task_job.py:264} INFO - 0 downstream tasks scheduled from follow-on schedule check
