[2022-04-24 14:49:45,971] {taskinstance.py:1032} INFO - Dependencies all met for <TaskInstance: schedule_data_bq_dag.gcs_2_bq_ext_task scheduled__2013-01-01T00:00:00+00:00 [queued]>
[2022-04-24 14:49:45,986] {taskinstance.py:1032} INFO - Dependencies all met for <TaskInstance: schedule_data_bq_dag.gcs_2_bq_ext_task scheduled__2013-01-01T00:00:00+00:00 [queued]>
[2022-04-24 14:49:45,987] {taskinstance.py:1238} INFO - 
--------------------------------------------------------------------------------
[2022-04-24 14:49:45,987] {taskinstance.py:1239} INFO - Starting attempt 1 of 1
[2022-04-24 14:49:45,987] {taskinstance.py:1240} INFO - 
--------------------------------------------------------------------------------
[2022-04-24 14:49:46,008] {taskinstance.py:1259} INFO - Executing <Task(BigQueryCreateExternalTableOperator): gcs_2_bq_ext_task> on 2013-01-01 00:00:00+00:00
[2022-04-24 14:49:46,021] {standard_task_runner.py:52} INFO - Started process 3600 to run task
[2022-04-24 14:49:46,033] {standard_task_runner.py:76} INFO - Running: ['***', 'tasks', 'run', 'schedule_data_bq_dag', 'gcs_2_bq_ext_task', 'scheduled__2013-01-01T00:00:00+00:00', '--job-id', '2242', '--raw', '--subdir', 'DAGS_FOLDER/nfl_gcs_to_bq.py', '--cfg-path', '/tmp/tmpnjs0ma1_', '--error-file', '/tmp/tmpe6pzkv7e']
[2022-04-24 14:49:46,034] {standard_task_runner.py:77} INFO - Job 2242: Subtask gcs_2_bq_ext_task
[2022-04-24 14:49:46,119] {logging_mixin.py:109} INFO - Running <TaskInstance: schedule_data_bq_dag.gcs_2_bq_ext_task scheduled__2013-01-01T00:00:00+00:00 [running]> on host 28475d5c3e7a
[2022-04-24 14:49:46,216] {taskinstance.py:1426} INFO - Exporting the following env vars:
AIRFLOW_CTX_DAG_OWNER=***
AIRFLOW_CTX_DAG_ID=schedule_data_bq_dag
AIRFLOW_CTX_TASK_ID=gcs_2_bq_ext_task
AIRFLOW_CTX_EXECUTION_DATE=2013-01-01T00:00:00+00:00
AIRFLOW_CTX_DAG_RUN_ID=scheduled__2013-01-01T00:00:00+00:00
[2022-04-24 14:49:46,217] {crypto.py:82} WARNING - empty cryptography key - values will not be stored encrypted.
[2022-04-24 14:49:46,815] {taskinstance.py:1277} INFO - Marking task as SUCCESS. dag_id=schedule_data_bq_dag, task_id=gcs_2_bq_ext_task, execution_date=20130101T000000, start_date=20220424T144945, end_date=20220424T144946
[2022-04-24 14:49:46,843] {local_task_job.py:154} INFO - Task exited with return code 0
[2022-04-24 14:49:46,917] {local_task_job.py:264} INFO - 0 downstream tasks scheduled from follow-on schedule check
[2022-04-24 14:54:18,346] {taskinstance.py:1032} INFO - Dependencies all met for <TaskInstance: schedule_data_bq_dag.gcs_2_bq_ext_task scheduled__2013-01-01T00:00:00+00:00 [queued]>
[2022-04-24 14:54:18,356] {taskinstance.py:1032} INFO - Dependencies all met for <TaskInstance: schedule_data_bq_dag.gcs_2_bq_ext_task scheduled__2013-01-01T00:00:00+00:00 [queued]>
[2022-04-24 14:54:18,356] {taskinstance.py:1238} INFO - 
--------------------------------------------------------------------------------
[2022-04-24 14:54:18,356] {taskinstance.py:1239} INFO - Starting attempt 1 of 1
[2022-04-24 14:54:18,357] {taskinstance.py:1240} INFO - 
--------------------------------------------------------------------------------
[2022-04-24 14:54:18,368] {taskinstance.py:1259} INFO - Executing <Task(BigQueryCreateExternalTableOperator): gcs_2_bq_ext_task> on 2013-01-01 00:00:00+00:00
[2022-04-24 14:54:18,374] {standard_task_runner.py:52} INFO - Started process 4260 to run task
[2022-04-24 14:54:18,379] {standard_task_runner.py:76} INFO - Running: ['***', 'tasks', 'run', 'schedule_data_bq_dag', 'gcs_2_bq_ext_task', 'scheduled__2013-01-01T00:00:00+00:00', '--job-id', '2279', '--raw', '--subdir', 'DAGS_FOLDER/nfl_gcs_to_bq.py', '--cfg-path', '/tmp/tmp_0j_42l7', '--error-file', '/tmp/tmp15gwdg4b']
[2022-04-24 14:54:18,380] {standard_task_runner.py:77} INFO - Job 2279: Subtask gcs_2_bq_ext_task
[2022-04-24 14:54:18,443] {logging_mixin.py:109} INFO - Running <TaskInstance: schedule_data_bq_dag.gcs_2_bq_ext_task scheduled__2013-01-01T00:00:00+00:00 [running]> on host 28475d5c3e7a
[2022-04-24 14:54:18,512] {taskinstance.py:1426} INFO - Exporting the following env vars:
AIRFLOW_CTX_DAG_OWNER=***
AIRFLOW_CTX_DAG_ID=schedule_data_bq_dag
AIRFLOW_CTX_TASK_ID=gcs_2_bq_ext_task
AIRFLOW_CTX_EXECUTION_DATE=2013-01-01T00:00:00+00:00
AIRFLOW_CTX_DAG_RUN_ID=scheduled__2013-01-01T00:00:00+00:00
[2022-04-24 14:54:18,514] {crypto.py:82} WARNING - empty cryptography key - values will not be stored encrypted.
[2022-04-24 14:54:19,080] {taskinstance.py:1277} INFO - Marking task as SUCCESS. dag_id=schedule_data_bq_dag, task_id=gcs_2_bq_ext_task, execution_date=20130101T000000, start_date=20220424T145418, end_date=20220424T145419
[2022-04-24 14:54:19,113] {local_task_job.py:154} INFO - Task exited with return code 0
[2022-04-24 14:54:19,144] {local_task_job.py:264} INFO - 0 downstream tasks scheduled from follow-on schedule check
[2022-04-25 13:19:29,421] {taskinstance.py:1032} INFO - Dependencies all met for <TaskInstance: schedule_data_bq_dag.gcs_2_bq_ext_task scheduled__2013-01-01T00:00:00+00:00 [queued]>
[2022-04-25 13:19:29,442] {taskinstance.py:1032} INFO - Dependencies all met for <TaskInstance: schedule_data_bq_dag.gcs_2_bq_ext_task scheduled__2013-01-01T00:00:00+00:00 [queued]>
[2022-04-25 13:19:29,443] {taskinstance.py:1238} INFO - 
--------------------------------------------------------------------------------
[2022-04-25 13:19:29,443] {taskinstance.py:1239} INFO - Starting attempt 1 of 1
[2022-04-25 13:19:29,443] {taskinstance.py:1240} INFO - 
--------------------------------------------------------------------------------
[2022-04-25 13:19:29,503] {taskinstance.py:1259} INFO - Executing <Task(BigQueryCreateExternalTableOperator): gcs_2_bq_ext_task> on 2013-01-01 00:00:00+00:00
[2022-04-25 13:19:29,515] {standard_task_runner.py:52} INFO - Started process 5804 to run task
[2022-04-25 13:19:29,546] {standard_task_runner.py:76} INFO - Running: ['***', 'tasks', 'run', 'schedule_data_bq_dag', 'gcs_2_bq_ext_task', 'scheduled__2013-01-01T00:00:00+00:00', '--job-id', '2474', '--raw', '--subdir', 'DAGS_FOLDER/nfl_gcs_to_bq.py', '--cfg-path', '/tmp/tmpa8qr6zfe', '--error-file', '/tmp/tmphz7yee_o']
[2022-04-25 13:19:29,555] {standard_task_runner.py:77} INFO - Job 2474: Subtask gcs_2_bq_ext_task
[2022-04-25 13:19:29,738] {logging_mixin.py:109} INFO - Running <TaskInstance: schedule_data_bq_dag.gcs_2_bq_ext_task scheduled__2013-01-01T00:00:00+00:00 [running]> on host de169a1be7ed
[2022-04-25 13:19:29,968] {taskinstance.py:1426} INFO - Exporting the following env vars:
AIRFLOW_CTX_DAG_OWNER=***
AIRFLOW_CTX_DAG_ID=schedule_data_bq_dag
AIRFLOW_CTX_TASK_ID=gcs_2_bq_ext_task
AIRFLOW_CTX_EXECUTION_DATE=2013-01-01T00:00:00+00:00
AIRFLOW_CTX_DAG_RUN_ID=scheduled__2013-01-01T00:00:00+00:00
[2022-04-25 13:19:29,970] {crypto.py:82} WARNING - empty cryptography key - values will not be stored encrypted.
[2022-04-25 13:19:30,830] {taskinstance.py:1277} INFO - Marking task as SUCCESS. dag_id=schedule_data_bq_dag, task_id=gcs_2_bq_ext_task, execution_date=20130101T000000, start_date=20220425T131929, end_date=20220425T131930
[2022-04-25 13:19:30,969] {local_task_job.py:154} INFO - Task exited with return code 0
[2022-04-25 13:19:31,058] {local_task_job.py:264} INFO - 0 downstream tasks scheduled from follow-on schedule check
