[2022-04-11 20:01:24,233] {taskinstance.py:1032} INFO - Dependencies all met for <TaskInstance: injury_data.local_to_gcs_task scheduled__2020-01-01T00:00:00+00:00 [queued]>
[2022-04-11 20:01:24,248] {taskinstance.py:1032} INFO - Dependencies all met for <TaskInstance: injury_data.local_to_gcs_task scheduled__2020-01-01T00:00:00+00:00 [queued]>
[2022-04-11 20:01:24,249] {taskinstance.py:1238} INFO - 
--------------------------------------------------------------------------------
[2022-04-11 20:01:24,249] {taskinstance.py:1239} INFO - Starting attempt 1 of 1
[2022-04-11 20:01:24,249] {taskinstance.py:1240} INFO - 
--------------------------------------------------------------------------------
[2022-04-11 20:01:24,268] {taskinstance.py:1259} INFO - Executing <Task(PythonOperator): local_to_gcs_task> on 2020-01-01 00:00:00+00:00
[2022-04-11 20:01:24,280] {standard_task_runner.py:52} INFO - Started process 357406 to run task
[2022-04-11 20:01:24,292] {standard_task_runner.py:76} INFO - Running: ['***', 'tasks', 'run', 'injury_data', 'local_to_gcs_task', 'scheduled__2020-01-01T00:00:00+00:00', '--job-id', '1820', '--raw', '--subdir', 'DAGS_FOLDER/nfl_to_gcs.py', '--cfg-path', '/tmp/tmpyubd1htc', '--error-file', '/tmp/tmpd2c9uez_']
[2022-04-11 20:01:24,294] {standard_task_runner.py:77} INFO - Job 1820: Subtask local_to_gcs_task
[2022-04-11 20:01:24,422] {logging_mixin.py:109} INFO - Running <TaskInstance: injury_data.local_to_gcs_task scheduled__2020-01-01T00:00:00+00:00 [running]> on host 4ed3eda454fd
[2022-04-11 20:01:24,516] {logging_mixin.py:109} WARNING - /home/***/.local/lib/python3.7/site-packages/***/utils/context.py:152 AirflowContextDeprecationWarning: Accessing 'execution_date' from the template is deprecated and will be removed in a future version. Please use 'data_interval_start' or 'logical_date' instead.
[2022-04-11 20:01:24,558] {taskinstance.py:1426} INFO - Exporting the following env vars:
AIRFLOW_CTX_DAG_OWNER=***
AIRFLOW_CTX_DAG_ID=injury_data
AIRFLOW_CTX_TASK_ID=local_to_gcs_task
AIRFLOW_CTX_EXECUTION_DATE=2020-01-01T00:00:00+00:00
AIRFLOW_CTX_DAG_RUN_ID=scheduled__2020-01-01T00:00:00+00:00
[2022-04-11 20:01:24,564] {logging_mixin.py:109} WARNING - /home/***/.local/lib/python3.7/site-packages/***/utils/context.py:152 AirflowContextDeprecationWarning: Accessing 'next_ds' from the template is deprecated and will be removed in a future version. Please use '{{ data_interval_end | ds }}' instead.
[2022-04-11 20:01:24,566] {logging_mixin.py:109} WARNING - /home/***/.local/lib/python3.7/site-packages/***/utils/context.py:152 AirflowContextDeprecationWarning: Accessing 'next_ds_nodash' from the template is deprecated and will be removed in a future version. Please use '{{ data_interval_end | ds_nodash }}' instead.
[2022-04-11 20:01:24,568] {logging_mixin.py:109} WARNING - /home/***/.local/lib/python3.7/site-packages/***/utils/context.py:152 AirflowContextDeprecationWarning: Accessing 'next_execution_date' from the template is deprecated and will be removed in a future version. Please use 'data_interval_end' instead.
[2022-04-11 20:01:24,571] {logging_mixin.py:109} WARNING - /home/***/.local/lib/python3.7/site-packages/***/utils/context.py:152 AirflowContextDeprecationWarning: Accessing 'prev_ds' from the template is deprecated and will be removed in a future version.
[2022-04-11 20:01:24,572] {logging_mixin.py:109} WARNING - /home/***/.local/lib/python3.7/site-packages/***/utils/context.py:152 AirflowContextDeprecationWarning: Accessing 'prev_ds_nodash' from the template is deprecated and will be removed in a future version.
[2022-04-11 20:01:24,574] {logging_mixin.py:109} WARNING - /home/***/.local/lib/python3.7/site-packages/***/utils/context.py:152 AirflowContextDeprecationWarning: Accessing 'prev_execution_date' from the template is deprecated and will be removed in a future version.
[2022-04-11 20:01:24,576] {logging_mixin.py:109} WARNING - /home/***/.local/lib/python3.7/site-packages/***/utils/context.py:152 AirflowContextDeprecationWarning: Accessing 'prev_execution_date_success' from the template is deprecated and will be removed in a future version. Please use 'prev_data_interval_start_success' instead.
[2022-04-11 20:01:24,578] {logging_mixin.py:109} WARNING - /home/***/.local/lib/python3.7/site-packages/***/utils/context.py:152 AirflowContextDeprecationWarning: Accessing 'tomorrow_ds' from the template is deprecated and will be removed in a future version.
[2022-04-11 20:01:24,581] {logging_mixin.py:109} WARNING - /home/***/.local/lib/python3.7/site-packages/***/utils/context.py:152 AirflowContextDeprecationWarning: Accessing 'tomorrow_ds_nodash' from the template is deprecated and will be removed in a future version.
[2022-04-11 20:01:24,582] {logging_mixin.py:109} WARNING - /home/***/.local/lib/python3.7/site-packages/***/utils/context.py:152 AirflowContextDeprecationWarning: Accessing 'yesterday_ds' from the template is deprecated and will be removed in a future version.
[2022-04-11 20:01:24,583] {logging_mixin.py:109} WARNING - /home/***/.local/lib/python3.7/site-packages/***/utils/context.py:152 AirflowContextDeprecationWarning: Accessing 'yesterday_ds_nodash' from the template is deprecated and will be removed in a future version.
[2022-04-11 20:01:25,253] {python.py:175} INFO - Done. Returned value was: None
[2022-04-11 20:01:25,270] {taskinstance.py:1277} INFO - Marking task as SUCCESS. dag_id=injury_data, task_id=local_to_gcs_task, execution_date=20200101T000000, start_date=20220411T200124, end_date=20220411T200125
[2022-04-11 20:01:25,315] {local_task_job.py:154} INFO - Task exited with return code 0
[2022-04-11 20:01:25,363] {local_task_job.py:264} INFO - 1 downstream tasks scheduled from follow-on schedule check
[2022-04-11 20:05:05,185] {taskinstance.py:1032} INFO - Dependencies all met for <TaskInstance: injury_data.local_to_gcs_task scheduled__2020-01-01T00:00:00+00:00 [queued]>
[2022-04-11 20:05:05,255] {taskinstance.py:1032} INFO - Dependencies all met for <TaskInstance: injury_data.local_to_gcs_task scheduled__2020-01-01T00:00:00+00:00 [queued]>
[2022-04-11 20:05:05,255] {taskinstance.py:1238} INFO - 
--------------------------------------------------------------------------------
[2022-04-11 20:05:05,255] {taskinstance.py:1239} INFO - Starting attempt 1 of 1
[2022-04-11 20:05:05,256] {taskinstance.py:1240} INFO - 
--------------------------------------------------------------------------------
[2022-04-11 20:05:05,313] {taskinstance.py:1259} INFO - Executing <Task(PythonOperator): local_to_gcs_task> on 2020-01-01 00:00:00+00:00
[2022-04-11 20:05:05,333] {standard_task_runner.py:52} INFO - Started process 358476 to run task
[2022-04-11 20:05:05,351] {standard_task_runner.py:76} INFO - Running: ['***', 'tasks', 'run', 'injury_data', 'local_to_gcs_task', 'scheduled__2020-01-01T00:00:00+00:00', '--job-id', '1926', '--raw', '--subdir', 'DAGS_FOLDER/nfl_to_gcs.py', '--cfg-path', '/tmp/tmpiapumt9e', '--error-file', '/tmp/tmpe_h9bb3n']
[2022-04-11 20:05:05,367] {standard_task_runner.py:77} INFO - Job 1926: Subtask local_to_gcs_task
[2022-04-11 20:05:05,587] {logging_mixin.py:109} INFO - Running <TaskInstance: injury_data.local_to_gcs_task scheduled__2020-01-01T00:00:00+00:00 [running]> on host 4ed3eda454fd
[2022-04-11 20:05:05,691] {logging_mixin.py:109} WARNING - /home/***/.local/lib/python3.7/site-packages/***/utils/context.py:152 AirflowContextDeprecationWarning: Accessing 'execution_date' from the template is deprecated and will be removed in a future version. Please use 'data_interval_start' or 'logical_date' instead.
[2022-04-11 20:05:05,730] {taskinstance.py:1426} INFO - Exporting the following env vars:
AIRFLOW_CTX_DAG_OWNER=***
AIRFLOW_CTX_DAG_ID=injury_data
AIRFLOW_CTX_TASK_ID=local_to_gcs_task
AIRFLOW_CTX_EXECUTION_DATE=2020-01-01T00:00:00+00:00
AIRFLOW_CTX_DAG_RUN_ID=scheduled__2020-01-01T00:00:00+00:00
[2022-04-11 20:05:05,736] {logging_mixin.py:109} WARNING - /home/***/.local/lib/python3.7/site-packages/***/utils/context.py:152 AirflowContextDeprecationWarning: Accessing 'next_ds' from the template is deprecated and will be removed in a future version. Please use '{{ data_interval_end | ds }}' instead.
[2022-04-11 20:05:05,738] {logging_mixin.py:109} WARNING - /home/***/.local/lib/python3.7/site-packages/***/utils/context.py:152 AirflowContextDeprecationWarning: Accessing 'next_ds_nodash' from the template is deprecated and will be removed in a future version. Please use '{{ data_interval_end | ds_nodash }}' instead.
[2022-04-11 20:05:05,739] {logging_mixin.py:109} WARNING - /home/***/.local/lib/python3.7/site-packages/***/utils/context.py:152 AirflowContextDeprecationWarning: Accessing 'next_execution_date' from the template is deprecated and will be removed in a future version. Please use 'data_interval_end' instead.
[2022-04-11 20:05:05,742] {logging_mixin.py:109} WARNING - /home/***/.local/lib/python3.7/site-packages/***/utils/context.py:152 AirflowContextDeprecationWarning: Accessing 'prev_ds' from the template is deprecated and will be removed in a future version.
[2022-04-11 20:05:05,743] {logging_mixin.py:109} WARNING - /home/***/.local/lib/python3.7/site-packages/***/utils/context.py:152 AirflowContextDeprecationWarning: Accessing 'prev_ds_nodash' from the template is deprecated and will be removed in a future version.
[2022-04-11 20:05:05,745] {logging_mixin.py:109} WARNING - /home/***/.local/lib/python3.7/site-packages/***/utils/context.py:152 AirflowContextDeprecationWarning: Accessing 'prev_execution_date' from the template is deprecated and will be removed in a future version.
[2022-04-11 20:05:05,750] {logging_mixin.py:109} WARNING - /home/***/.local/lib/python3.7/site-packages/***/utils/context.py:152 AirflowContextDeprecationWarning: Accessing 'prev_execution_date_success' from the template is deprecated and will be removed in a future version. Please use 'prev_data_interval_start_success' instead.
[2022-04-11 20:05:05,752] {logging_mixin.py:109} WARNING - /home/***/.local/lib/python3.7/site-packages/***/utils/context.py:152 AirflowContextDeprecationWarning: Accessing 'tomorrow_ds' from the template is deprecated and will be removed in a future version.
[2022-04-11 20:05:05,754] {logging_mixin.py:109} WARNING - /home/***/.local/lib/python3.7/site-packages/***/utils/context.py:152 AirflowContextDeprecationWarning: Accessing 'tomorrow_ds_nodash' from the template is deprecated and will be removed in a future version.
[2022-04-11 20:05:05,755] {logging_mixin.py:109} WARNING - /home/***/.local/lib/python3.7/site-packages/***/utils/context.py:152 AirflowContextDeprecationWarning: Accessing 'yesterday_ds' from the template is deprecated and will be removed in a future version.
[2022-04-11 20:05:05,756] {logging_mixin.py:109} WARNING - /home/***/.local/lib/python3.7/site-packages/***/utils/context.py:152 AirflowContextDeprecationWarning: Accessing 'yesterday_ds_nodash' from the template is deprecated and will be removed in a future version.
[2022-04-11 20:05:06,392] {python.py:175} INFO - Done. Returned value was: None
[2022-04-11 20:05:06,419] {taskinstance.py:1277} INFO - Marking task as SUCCESS. dag_id=injury_data, task_id=local_to_gcs_task, execution_date=20200101T000000, start_date=20220411T200505, end_date=20220411T200506
[2022-04-11 20:05:06,460] {local_task_job.py:154} INFO - Task exited with return code 0
[2022-04-11 20:05:06,584] {local_task_job.py:264} INFO - 1 downstream tasks scheduled from follow-on schedule check
[2022-04-23 16:32:03,603] {taskinstance.py:1032} INFO - Dependencies all met for <TaskInstance: injury_data.local_to_gcs_task scheduled__2020-01-01T00:00:00+00:00 [queued]>
[2022-04-23 16:32:03,619] {taskinstance.py:1032} INFO - Dependencies all met for <TaskInstance: injury_data.local_to_gcs_task scheduled__2020-01-01T00:00:00+00:00 [queued]>
[2022-04-23 16:32:03,619] {taskinstance.py:1238} INFO - 
--------------------------------------------------------------------------------
[2022-04-23 16:32:03,619] {taskinstance.py:1239} INFO - Starting attempt 1 of 1
[2022-04-23 16:32:03,619] {taskinstance.py:1240} INFO - 
--------------------------------------------------------------------------------
[2022-04-23 16:32:03,638] {taskinstance.py:1259} INFO - Executing <Task(PythonOperator): local_to_gcs_task> on 2020-01-01 00:00:00+00:00
[2022-04-23 16:32:03,647] {standard_task_runner.py:52} INFO - Started process 2911 to run task
[2022-04-23 16:32:03,653] {standard_task_runner.py:76} INFO - Running: ['***', 'tasks', 'run', 'injury_data', 'local_to_gcs_task', 'scheduled__2020-01-01T00:00:00+00:00', '--job-id', '2113', '--raw', '--subdir', 'DAGS_FOLDER/nfl_to_gcs.py', '--cfg-path', '/tmp/tmp8pizj3ry', '--error-file', '/tmp/tmp5gs_0x6f']
[2022-04-23 16:32:03,655] {standard_task_runner.py:77} INFO - Job 2113: Subtask local_to_gcs_task
[2022-04-23 16:32:03,747] {logging_mixin.py:109} INFO - Running <TaskInstance: injury_data.local_to_gcs_task scheduled__2020-01-01T00:00:00+00:00 [running]> on host 04f3a8edbeca
[2022-04-23 16:32:03,839] {logging_mixin.py:109} WARNING - /home/***/.local/lib/python3.7/site-packages/***/utils/context.py:152 AirflowContextDeprecationWarning: Accessing 'execution_date' from the template is deprecated and will be removed in a future version. Please use 'data_interval_start' or 'logical_date' instead.
[2022-04-23 16:32:03,871] {taskinstance.py:1426} INFO - Exporting the following env vars:
AIRFLOW_CTX_DAG_OWNER=***
AIRFLOW_CTX_DAG_ID=injury_data
AIRFLOW_CTX_TASK_ID=local_to_gcs_task
AIRFLOW_CTX_EXECUTION_DATE=2020-01-01T00:00:00+00:00
AIRFLOW_CTX_DAG_RUN_ID=scheduled__2020-01-01T00:00:00+00:00
[2022-04-23 16:32:03,877] {logging_mixin.py:109} WARNING - /home/***/.local/lib/python3.7/site-packages/***/utils/context.py:152 AirflowContextDeprecationWarning: Accessing 'next_ds' from the template is deprecated and will be removed in a future version. Please use '{{ data_interval_end | ds }}' instead.
[2022-04-23 16:32:03,878] {logging_mixin.py:109} WARNING - /home/***/.local/lib/python3.7/site-packages/***/utils/context.py:152 AirflowContextDeprecationWarning: Accessing 'next_ds_nodash' from the template is deprecated and will be removed in a future version. Please use '{{ data_interval_end | ds_nodash }}' instead.
[2022-04-23 16:32:03,880] {logging_mixin.py:109} WARNING - /home/***/.local/lib/python3.7/site-packages/***/utils/context.py:152 AirflowContextDeprecationWarning: Accessing 'next_execution_date' from the template is deprecated and will be removed in a future version. Please use 'data_interval_end' instead.
[2022-04-23 16:32:03,881] {logging_mixin.py:109} WARNING - /home/***/.local/lib/python3.7/site-packages/***/utils/context.py:152 AirflowContextDeprecationWarning: Accessing 'prev_ds' from the template is deprecated and will be removed in a future version.
[2022-04-23 16:32:03,883] {logging_mixin.py:109} WARNING - /home/***/.local/lib/python3.7/site-packages/***/utils/context.py:152 AirflowContextDeprecationWarning: Accessing 'prev_ds_nodash' from the template is deprecated and will be removed in a future version.
[2022-04-23 16:32:03,884] {logging_mixin.py:109} WARNING - /home/***/.local/lib/python3.7/site-packages/***/utils/context.py:152 AirflowContextDeprecationWarning: Accessing 'prev_execution_date' from the template is deprecated and will be removed in a future version.
[2022-04-23 16:32:03,886] {logging_mixin.py:109} WARNING - /home/***/.local/lib/python3.7/site-packages/***/utils/context.py:152 AirflowContextDeprecationWarning: Accessing 'prev_execution_date_success' from the template is deprecated and will be removed in a future version. Please use 'prev_data_interval_start_success' instead.
[2022-04-23 16:32:03,887] {logging_mixin.py:109} WARNING - /home/***/.local/lib/python3.7/site-packages/***/utils/context.py:152 AirflowContextDeprecationWarning: Accessing 'tomorrow_ds' from the template is deprecated and will be removed in a future version.
[2022-04-23 16:32:03,888] {logging_mixin.py:109} WARNING - /home/***/.local/lib/python3.7/site-packages/***/utils/context.py:152 AirflowContextDeprecationWarning: Accessing 'tomorrow_ds_nodash' from the template is deprecated and will be removed in a future version.
[2022-04-23 16:32:03,889] {logging_mixin.py:109} WARNING - /home/***/.local/lib/python3.7/site-packages/***/utils/context.py:152 AirflowContextDeprecationWarning: Accessing 'yesterday_ds' from the template is deprecated and will be removed in a future version.
[2022-04-23 16:32:03,890] {logging_mixin.py:109} WARNING - /home/***/.local/lib/python3.7/site-packages/***/utils/context.py:152 AirflowContextDeprecationWarning: Accessing 'yesterday_ds_nodash' from the template is deprecated and will be removed in a future version.
[2022-04-23 16:32:04,511] {python.py:175} INFO - Done. Returned value was: None
[2022-04-23 16:32:04,549] {taskinstance.py:1277} INFO - Marking task as SUCCESS. dag_id=injury_data, task_id=local_to_gcs_task, execution_date=20200101T000000, start_date=20220423T163203, end_date=20220423T163204
[2022-04-23 16:32:04,640] {local_task_job.py:154} INFO - Task exited with return code 0
[2022-04-23 16:32:05,051] {local_task_job.py:264} INFO - 0 downstream tasks scheduled from follow-on schedule check
