[2022-04-23 16:25:48,248] {taskinstance.py:1032} INFO - Dependencies all met for <TaskInstance: injury_data_bq_dag.gcs_2_bq_ext_task scheduled__2009-01-01T00:00:00+00:00 [queued]>
[2022-04-23 16:25:48,265] {taskinstance.py:1032} INFO - Dependencies all met for <TaskInstance: injury_data_bq_dag.gcs_2_bq_ext_task scheduled__2009-01-01T00:00:00+00:00 [queued]>
[2022-04-23 16:25:48,265] {taskinstance.py:1238} INFO - 
--------------------------------------------------------------------------------
[2022-04-23 16:25:48,265] {taskinstance.py:1239} INFO - Starting attempt 1 of 1
[2022-04-23 16:25:48,266] {taskinstance.py:1240} INFO - 
--------------------------------------------------------------------------------
[2022-04-23 16:25:48,286] {taskinstance.py:1259} INFO - Executing <Task(BigQueryCreateExternalTableOperator): gcs_2_bq_ext_task> on 2009-01-01 00:00:00+00:00
[2022-04-23 16:25:48,294] {standard_task_runner.py:52} INFO - Started process 1744 to run task
[2022-04-23 16:25:48,306] {standard_task_runner.py:76} INFO - Running: ['***', 'tasks', 'run', 'injury_data_bq_dag', 'gcs_2_bq_ext_task', 'scheduled__2009-01-01T00:00:00+00:00', '--job-id', '2037', '--raw', '--subdir', 'DAGS_FOLDER/nfl_gcs_to_bq.py', '--cfg-path', '/tmp/tmpki_uy3ec', '--error-file', '/tmp/tmp301jjs0a']
[2022-04-23 16:25:48,307] {standard_task_runner.py:77} INFO - Job 2037: Subtask gcs_2_bq_ext_task
[2022-04-23 16:25:48,390] {logging_mixin.py:109} INFO - Running <TaskInstance: injury_data_bq_dag.gcs_2_bq_ext_task scheduled__2009-01-01T00:00:00+00:00 [running]> on host 04f3a8edbeca
[2022-04-23 16:25:48,537] {taskinstance.py:1426} INFO - Exporting the following env vars:
AIRFLOW_CTX_DAG_OWNER=***
AIRFLOW_CTX_DAG_ID=injury_data_bq_dag
AIRFLOW_CTX_TASK_ID=gcs_2_bq_ext_task
AIRFLOW_CTX_EXECUTION_DATE=2009-01-01T00:00:00+00:00
AIRFLOW_CTX_DAG_RUN_ID=scheduled__2009-01-01T00:00:00+00:00
[2022-04-23 16:25:48,539] {crypto.py:82} WARNING - empty cryptography key - values will not be stored encrypted.
[2022-04-23 16:25:49,688] {taskinstance.py:1277} INFO - Marking task as SUCCESS. dag_id=injury_data_bq_dag, task_id=gcs_2_bq_ext_task, execution_date=20090101T000000, start_date=20220423T162548, end_date=20220423T162549
[2022-04-23 16:25:49,722] {local_task_job.py:154} INFO - Task exited with return code 0
[2022-04-23 16:25:49,800] {local_task_job.py:264} INFO - 0 downstream tasks scheduled from follow-on schedule check
[2022-04-23 16:41:36,134] {taskinstance.py:1032} INFO - Dependencies all met for <TaskInstance: injury_data_bq_dag.gcs_2_bq_ext_task scheduled__2009-01-01T00:00:00+00:00 [queued]>
[2022-04-23 16:41:36,146] {taskinstance.py:1032} INFO - Dependencies all met for <TaskInstance: injury_data_bq_dag.gcs_2_bq_ext_task scheduled__2009-01-01T00:00:00+00:00 [queued]>
[2022-04-23 16:41:36,146] {taskinstance.py:1238} INFO - 
--------------------------------------------------------------------------------
[2022-04-23 16:41:36,146] {taskinstance.py:1239} INFO - Starting attempt 1 of 1
[2022-04-23 16:41:36,146] {taskinstance.py:1240} INFO - 
--------------------------------------------------------------------------------
[2022-04-23 16:41:36,158] {taskinstance.py:1259} INFO - Executing <Task(BigQueryCreateExternalTableOperator): gcs_2_bq_ext_task> on 2009-01-01 00:00:00+00:00
[2022-04-23 16:41:36,164] {standard_task_runner.py:52} INFO - Started process 4119 to run task
[2022-04-23 16:41:36,171] {standard_task_runner.py:76} INFO - Running: ['***', 'tasks', 'run', 'injury_data_bq_dag', 'gcs_2_bq_ext_task', 'scheduled__2009-01-01T00:00:00+00:00', '--job-id', '2148', '--raw', '--subdir', 'DAGS_FOLDER/nfl_gcs_to_bq.py', '--cfg-path', '/tmp/tmpbvtafus0', '--error-file', '/tmp/tmpoeb7od1z']
[2022-04-23 16:41:36,172] {standard_task_runner.py:77} INFO - Job 2148: Subtask gcs_2_bq_ext_task
[2022-04-23 16:41:36,236] {logging_mixin.py:109} INFO - Running <TaskInstance: injury_data_bq_dag.gcs_2_bq_ext_task scheduled__2009-01-01T00:00:00+00:00 [running]> on host 04f3a8edbeca
[2022-04-23 16:41:36,333] {taskinstance.py:1426} INFO - Exporting the following env vars:
AIRFLOW_CTX_DAG_OWNER=***
AIRFLOW_CTX_DAG_ID=injury_data_bq_dag
AIRFLOW_CTX_TASK_ID=gcs_2_bq_ext_task
AIRFLOW_CTX_EXECUTION_DATE=2009-01-01T00:00:00+00:00
AIRFLOW_CTX_DAG_RUN_ID=scheduled__2009-01-01T00:00:00+00:00
[2022-04-23 16:41:36,335] {crypto.py:82} WARNING - empty cryptography key - values will not be stored encrypted.
[2022-04-23 16:41:36,995] {taskinstance.py:1277} INFO - Marking task as SUCCESS. dag_id=injury_data_bq_dag, task_id=gcs_2_bq_ext_task, execution_date=20090101T000000, start_date=20220423T164136, end_date=20220423T164136
[2022-04-23 16:41:37,028] {local_task_job.py:154} INFO - Task exited with return code 0
[2022-04-23 16:41:37,060] {local_task_job.py:264} INFO - 0 downstream tasks scheduled from follow-on schedule check
