[2022-04-11 19:59:36,974] {taskinstance.py:1032} INFO - Dependencies all met for <TaskInstance: schedule_data.rm_task scheduled__2021-01-01T00:00:00+00:00 [queued]>
[2022-04-11 19:59:36,991] {taskinstance.py:1032} INFO - Dependencies all met for <TaskInstance: schedule_data.rm_task scheduled__2021-01-01T00:00:00+00:00 [queued]>
[2022-04-11 19:59:36,992] {taskinstance.py:1238} INFO - 
--------------------------------------------------------------------------------
[2022-04-11 19:59:36,992] {taskinstance.py:1239} INFO - Starting attempt 1 of 1
[2022-04-11 19:59:36,992] {taskinstance.py:1240} INFO - 
--------------------------------------------------------------------------------
[2022-04-11 19:59:37,019] {taskinstance.py:1259} INFO - Executing <Task(BashOperator): rm_task> on 2021-01-01 00:00:00+00:00
[2022-04-11 19:59:37,028] {standard_task_runner.py:52} INFO - Started process 356603 to run task
[2022-04-11 19:59:37,052] {standard_task_runner.py:76} INFO - Running: ['***', 'tasks', 'run', 'schedule_data', 'rm_task', 'scheduled__2021-01-01T00:00:00+00:00', '--job-id', '1730', '--raw', '--subdir', 'DAGS_FOLDER/nfl_to_gcs.py', '--cfg-path', '/tmp/tmplcfehy9_', '--error-file', '/tmp/tmpcf1uadqv']
[2022-04-11 19:59:37,054] {standard_task_runner.py:77} INFO - Job 1730: Subtask rm_task
[2022-04-11 19:59:37,182] {logging_mixin.py:109} INFO - Running <TaskInstance: schedule_data.rm_task scheduled__2021-01-01T00:00:00+00:00 [running]> on host 4ed3eda454fd
[2022-04-11 19:59:37,359] {taskinstance.py:1426} INFO - Exporting the following env vars:
AIRFLOW_CTX_DAG_OWNER=***
AIRFLOW_CTX_DAG_ID=schedule_data
AIRFLOW_CTX_TASK_ID=rm_task
AIRFLOW_CTX_EXECUTION_DATE=2021-01-01T00:00:00+00:00
AIRFLOW_CTX_DAG_RUN_ID=scheduled__2021-01-01T00:00:00+00:00
[2022-04-11 19:59:37,360] {subprocess.py:62} INFO - Tmp dir root location: 
 /tmp
[2022-04-11 19:59:37,361] {subprocess.py:74} INFO - Running command: ['bash', '-c', 'rm "/opt/***/schedule_data_2021.parquet"']
[2022-04-11 19:59:37,385] {subprocess.py:85} INFO - Output:
[2022-04-11 19:59:37,392] {subprocess.py:93} INFO - Command exited with return code 0
[2022-04-11 19:59:37,441] {taskinstance.py:1277} INFO - Marking task as SUCCESS. dag_id=schedule_data, task_id=rm_task, execution_date=20210101T000000, start_date=20220411T195936, end_date=20220411T195937
[2022-04-11 19:59:37,509] {local_task_job.py:154} INFO - Task exited with return code 0
[2022-04-11 19:59:37,563] {local_task_job.py:264} INFO - 0 downstream tasks scheduled from follow-on schedule check
[2022-04-11 20:07:19,173] {taskinstance.py:1032} INFO - Dependencies all met for <TaskInstance: schedule_data.rm_task scheduled__2021-01-01T00:00:00+00:00 [queued]>
[2022-04-11 20:07:19,185] {taskinstance.py:1032} INFO - Dependencies all met for <TaskInstance: schedule_data.rm_task scheduled__2021-01-01T00:00:00+00:00 [queued]>
[2022-04-11 20:07:19,185] {taskinstance.py:1238} INFO - 
--------------------------------------------------------------------------------
[2022-04-11 20:07:19,185] {taskinstance.py:1239} INFO - Starting attempt 1 of 1
[2022-04-11 20:07:19,185] {taskinstance.py:1240} INFO - 
--------------------------------------------------------------------------------
[2022-04-11 20:07:19,198] {taskinstance.py:1259} INFO - Executing <Task(BashOperator): rm_task> on 2021-01-01 00:00:00+00:00
[2022-04-11 20:07:19,207] {standard_task_runner.py:52} INFO - Started process 359236 to run task
[2022-04-11 20:07:19,214] {standard_task_runner.py:76} INFO - Running: ['***', 'tasks', 'run', 'schedule_data', 'rm_task', 'scheduled__2021-01-01T00:00:00+00:00', '--job-id', '2011', '--raw', '--subdir', 'DAGS_FOLDER/nfl_to_gcs.py', '--cfg-path', '/tmp/tmpi_7ugdsz', '--error-file', '/tmp/tmpd1rwsu7n']
[2022-04-11 20:07:19,216] {standard_task_runner.py:77} INFO - Job 2011: Subtask rm_task
[2022-04-11 20:07:19,366] {logging_mixin.py:109} INFO - Running <TaskInstance: schedule_data.rm_task scheduled__2021-01-01T00:00:00+00:00 [running]> on host 4ed3eda454fd
[2022-04-11 20:07:19,488] {taskinstance.py:1426} INFO - Exporting the following env vars:
AIRFLOW_CTX_DAG_OWNER=***
AIRFLOW_CTX_DAG_ID=schedule_data
AIRFLOW_CTX_TASK_ID=rm_task
AIRFLOW_CTX_EXECUTION_DATE=2021-01-01T00:00:00+00:00
AIRFLOW_CTX_DAG_RUN_ID=scheduled__2021-01-01T00:00:00+00:00
[2022-04-11 20:07:19,490] {subprocess.py:62} INFO - Tmp dir root location: 
 /tmp
[2022-04-11 20:07:19,491] {subprocess.py:74} INFO - Running command: ['bash', '-c', 'rm "/opt/***/schedule_data_2021.parquet"']
[2022-04-11 20:07:19,512] {subprocess.py:85} INFO - Output:
[2022-04-11 20:07:19,519] {subprocess.py:93} INFO - Command exited with return code 0
[2022-04-11 20:07:19,559] {taskinstance.py:1277} INFO - Marking task as SUCCESS. dag_id=schedule_data, task_id=rm_task, execution_date=20210101T000000, start_date=20220411T200719, end_date=20220411T200719
[2022-04-11 20:07:19,630] {local_task_job.py:154} INFO - Task exited with return code 0
[2022-04-11 20:07:19,669] {local_task_job.py:264} INFO - 0 downstream tasks scheduled from follow-on schedule check
