[2022-04-24 14:46:14,968] {taskinstance.py:1032} INFO - Dependencies all met for <TaskInstance: pbp_data_bq_dag.gcs_2_bq_ext_task scheduled__2005-01-01T00:00:00+00:00 [queued]>
[2022-04-24 14:46:14,984] {taskinstance.py:1032} INFO - Dependencies all met for <TaskInstance: pbp_data_bq_dag.gcs_2_bq_ext_task scheduled__2005-01-01T00:00:00+00:00 [queued]>
[2022-04-24 14:46:14,985] {taskinstance.py:1238} INFO - 
--------------------------------------------------------------------------------
[2022-04-24 14:46:14,985] {taskinstance.py:1239} INFO - Starting attempt 1 of 1
[2022-04-24 14:46:14,985] {taskinstance.py:1240} INFO - 
--------------------------------------------------------------------------------
[2022-04-24 14:46:15,004] {taskinstance.py:1259} INFO - Executing <Task(BigQueryCreateExternalTableOperator): gcs_2_bq_ext_task> on 2005-01-01 00:00:00+00:00
[2022-04-24 14:46:15,012] {standard_task_runner.py:52} INFO - Started process 2852 to run task
[2022-04-24 14:46:15,018] {standard_task_runner.py:76} INFO - Running: ['***', 'tasks', 'run', 'pbp_data_bq_dag', 'gcs_2_bq_ext_task', 'scheduled__2005-01-01T00:00:00+00:00', '--job-id', '2178', '--raw', '--subdir', 'DAGS_FOLDER/nfl_gcs_to_bq.py', '--cfg-path', '/tmp/tmp1ry8wcz5', '--error-file', '/tmp/tmpd2g7n47q']
[2022-04-24 14:46:15,020] {standard_task_runner.py:77} INFO - Job 2178: Subtask gcs_2_bq_ext_task
[2022-04-24 14:46:15,111] {logging_mixin.py:109} INFO - Running <TaskInstance: pbp_data_bq_dag.gcs_2_bq_ext_task scheduled__2005-01-01T00:00:00+00:00 [running]> on host 28475d5c3e7a
[2022-04-24 14:46:15,194] {taskinstance.py:1426} INFO - Exporting the following env vars:
AIRFLOW_CTX_DAG_OWNER=***
AIRFLOW_CTX_DAG_ID=pbp_data_bq_dag
AIRFLOW_CTX_TASK_ID=gcs_2_bq_ext_task
AIRFLOW_CTX_EXECUTION_DATE=2005-01-01T00:00:00+00:00
AIRFLOW_CTX_DAG_RUN_ID=scheduled__2005-01-01T00:00:00+00:00
[2022-04-24 14:46:15,196] {crypto.py:82} WARNING - empty cryptography key - values will not be stored encrypted.
[2022-04-24 14:46:15,808] {taskinstance.py:1277} INFO - Marking task as SUCCESS. dag_id=pbp_data_bq_dag, task_id=gcs_2_bq_ext_task, execution_date=20050101T000000, start_date=20220424T144614, end_date=20220424T144615
[2022-04-24 14:46:15,834] {local_task_job.py:154} INFO - Task exited with return code 0
[2022-04-24 14:46:15,869] {local_task_job.py:264} INFO - 1 downstream tasks scheduled from follow-on schedule check
[2022-04-25 12:35:57,144] {taskinstance.py:1032} INFO - Dependencies all met for <TaskInstance: pbp_data_bq_dag.gcs_2_bq_ext_task scheduled__2005-01-01T00:00:00+00:00 [queued]>
[2022-04-25 12:35:57,158] {taskinstance.py:1032} INFO - Dependencies all met for <TaskInstance: pbp_data_bq_dag.gcs_2_bq_ext_task scheduled__2005-01-01T00:00:00+00:00 [queued]>
[2022-04-25 12:35:57,158] {taskinstance.py:1238} INFO - 
--------------------------------------------------------------------------------
[2022-04-25 12:35:57,158] {taskinstance.py:1239} INFO - Starting attempt 1 of 1
[2022-04-25 12:35:57,158] {taskinstance.py:1240} INFO - 
--------------------------------------------------------------------------------
[2022-04-25 12:35:57,176] {taskinstance.py:1259} INFO - Executing <Task(BigQueryCreateExternalTableOperator): gcs_2_bq_ext_task> on 2005-01-01 00:00:00+00:00
[2022-04-25 12:35:57,184] {standard_task_runner.py:52} INFO - Started process 615 to run task
[2022-04-25 12:35:57,197] {standard_task_runner.py:76} INFO - Running: ['***', 'tasks', 'run', 'pbp_data_bq_dag', 'gcs_2_bq_ext_task', 'scheduled__2005-01-01T00:00:00+00:00', '--job-id', '2334', '--raw', '--subdir', 'DAGS_FOLDER/nfl_gcs_to_bq.py', '--cfg-path', '/tmp/tmp14qrw71m', '--error-file', '/tmp/tmpctuzybsz']
[2022-04-25 12:35:57,198] {standard_task_runner.py:77} INFO - Job 2334: Subtask gcs_2_bq_ext_task
[2022-04-25 12:35:57,286] {logging_mixin.py:109} INFO - Running <TaskInstance: pbp_data_bq_dag.gcs_2_bq_ext_task scheduled__2005-01-01T00:00:00+00:00 [running]> on host de169a1be7ed
[2022-04-25 12:35:57,385] {taskinstance.py:1426} INFO - Exporting the following env vars:
AIRFLOW_CTX_DAG_OWNER=***
AIRFLOW_CTX_DAG_ID=pbp_data_bq_dag
AIRFLOW_CTX_TASK_ID=gcs_2_bq_ext_task
AIRFLOW_CTX_EXECUTION_DATE=2005-01-01T00:00:00+00:00
AIRFLOW_CTX_DAG_RUN_ID=scheduled__2005-01-01T00:00:00+00:00
[2022-04-25 12:35:57,387] {crypto.py:82} WARNING - empty cryptography key - values will not be stored encrypted.
[2022-04-25 12:35:58,758] {taskinstance.py:1277} INFO - Marking task as SUCCESS. dag_id=pbp_data_bq_dag, task_id=gcs_2_bq_ext_task, execution_date=20050101T000000, start_date=20220425T123557, end_date=20220425T123558
[2022-04-25 12:35:58,793] {local_task_job.py:154} INFO - Task exited with return code 0
[2022-04-25 12:35:58,837] {local_task_job.py:264} INFO - 1 downstream tasks scheduled from follow-on schedule check
[2022-04-25 12:42:51,852] {taskinstance.py:1032} INFO - Dependencies all met for <TaskInstance: pbp_data_bq_dag.gcs_2_bq_ext_task scheduled__2005-01-01T00:00:00+00:00 [queued]>
[2022-04-25 12:42:51,869] {taskinstance.py:1032} INFO - Dependencies all met for <TaskInstance: pbp_data_bq_dag.gcs_2_bq_ext_task scheduled__2005-01-01T00:00:00+00:00 [queued]>
[2022-04-25 12:42:51,869] {taskinstance.py:1238} INFO - 
--------------------------------------------------------------------------------
[2022-04-25 12:42:51,869] {taskinstance.py:1239} INFO - Starting attempt 1 of 1
[2022-04-25 12:42:51,870] {taskinstance.py:1240} INFO - 
--------------------------------------------------------------------------------
[2022-04-25 12:42:51,893] {taskinstance.py:1259} INFO - Executing <Task(BigQueryCreateExternalTableOperator): gcs_2_bq_ext_task> on 2005-01-01 00:00:00+00:00
[2022-04-25 12:42:51,902] {standard_task_runner.py:52} INFO - Started process 1590 to run task
[2022-04-25 12:42:51,914] {standard_task_runner.py:76} INFO - Running: ['***', 'tasks', 'run', 'pbp_data_bq_dag', 'gcs_2_bq_ext_task', 'scheduled__2005-01-01T00:00:00+00:00', '--job-id', '2380', '--raw', '--subdir', 'DAGS_FOLDER/nfl_gcs_to_bq.py', '--cfg-path', '/tmp/tmp12pble1a', '--error-file', '/tmp/tmp3dhbps43']
[2022-04-25 12:42:51,915] {standard_task_runner.py:77} INFO - Job 2380: Subtask gcs_2_bq_ext_task
[2022-04-25 12:42:52,012] {logging_mixin.py:109} INFO - Running <TaskInstance: pbp_data_bq_dag.gcs_2_bq_ext_task scheduled__2005-01-01T00:00:00+00:00 [running]> on host de169a1be7ed
[2022-04-25 12:42:52,106] {taskinstance.py:1426} INFO - Exporting the following env vars:
AIRFLOW_CTX_DAG_OWNER=***
AIRFLOW_CTX_DAG_ID=pbp_data_bq_dag
AIRFLOW_CTX_TASK_ID=gcs_2_bq_ext_task
AIRFLOW_CTX_EXECUTION_DATE=2005-01-01T00:00:00+00:00
AIRFLOW_CTX_DAG_RUN_ID=scheduled__2005-01-01T00:00:00+00:00
[2022-04-25 12:42:52,108] {crypto.py:82} WARNING - empty cryptography key - values will not be stored encrypted.
[2022-04-25 12:42:52,820] {taskinstance.py:1277} INFO - Marking task as SUCCESS. dag_id=pbp_data_bq_dag, task_id=gcs_2_bq_ext_task, execution_date=20050101T000000, start_date=20220425T124251, end_date=20220425T124252
[2022-04-25 12:42:52,850] {local_task_job.py:154} INFO - Task exited with return code 0
[2022-04-25 12:42:52,890] {local_task_job.py:264} INFO - 1 downstream tasks scheduled from follow-on schedule check
[2022-04-25 12:44:07,298] {taskinstance.py:1032} INFO - Dependencies all met for <TaskInstance: pbp_data_bq_dag.gcs_2_bq_ext_task scheduled__2005-01-01T00:00:00+00:00 [queued]>
[2022-04-25 12:44:07,311] {taskinstance.py:1032} INFO - Dependencies all met for <TaskInstance: pbp_data_bq_dag.gcs_2_bq_ext_task scheduled__2005-01-01T00:00:00+00:00 [queued]>
[2022-04-25 12:44:07,312] {taskinstance.py:1238} INFO - 
--------------------------------------------------------------------------------
[2022-04-25 12:44:07,312] {taskinstance.py:1239} INFO - Starting attempt 1 of 1
[2022-04-25 12:44:07,312] {taskinstance.py:1240} INFO - 
--------------------------------------------------------------------------------
[2022-04-25 12:44:07,326] {taskinstance.py:1259} INFO - Executing <Task(BigQueryCreateExternalTableOperator): gcs_2_bq_ext_task> on 2005-01-01 00:00:00+00:00
[2022-04-25 12:44:07,333] {standard_task_runner.py:52} INFO - Started process 1831 to run task
[2022-04-25 12:44:07,345] {standard_task_runner.py:76} INFO - Running: ['***', 'tasks', 'run', 'pbp_data_bq_dag', 'gcs_2_bq_ext_task', 'scheduled__2005-01-01T00:00:00+00:00', '--job-id', '2402', '--raw', '--subdir', 'DAGS_FOLDER/nfl_gcs_to_bq.py', '--cfg-path', '/tmp/tmp_03q5oi7', '--error-file', '/tmp/tmpx1jtzagy']
[2022-04-25 12:44:07,346] {standard_task_runner.py:77} INFO - Job 2402: Subtask gcs_2_bq_ext_task
[2022-04-25 12:44:07,433] {logging_mixin.py:109} INFO - Running <TaskInstance: pbp_data_bq_dag.gcs_2_bq_ext_task scheduled__2005-01-01T00:00:00+00:00 [running]> on host de169a1be7ed
[2022-04-25 12:44:07,507] {taskinstance.py:1426} INFO - Exporting the following env vars:
AIRFLOW_CTX_DAG_OWNER=***
AIRFLOW_CTX_DAG_ID=pbp_data_bq_dag
AIRFLOW_CTX_TASK_ID=gcs_2_bq_ext_task
AIRFLOW_CTX_EXECUTION_DATE=2005-01-01T00:00:00+00:00
AIRFLOW_CTX_DAG_RUN_ID=scheduled__2005-01-01T00:00:00+00:00
[2022-04-25 12:44:07,509] {crypto.py:82} WARNING - empty cryptography key - values will not be stored encrypted.
[2022-04-25 12:44:08,180] {taskinstance.py:1277} INFO - Marking task as SUCCESS. dag_id=pbp_data_bq_dag, task_id=gcs_2_bq_ext_task, execution_date=20050101T000000, start_date=20220425T124407, end_date=20220425T124408
[2022-04-25 12:44:08,245] {local_task_job.py:154} INFO - Task exited with return code 0
[2022-04-25 12:44:08,331] {local_task_job.py:264} INFO - 1 downstream tasks scheduled from follow-on schedule check
[2022-04-25 13:19:03,524] {taskinstance.py:1032} INFO - Dependencies all met for <TaskInstance: pbp_data_bq_dag.gcs_2_bq_ext_task scheduled__2005-01-01T00:00:00+00:00 [queued]>
[2022-04-25 13:19:03,576] {taskinstance.py:1032} INFO - Dependencies all met for <TaskInstance: pbp_data_bq_dag.gcs_2_bq_ext_task scheduled__2005-01-01T00:00:00+00:00 [queued]>
[2022-04-25 13:19:03,577] {taskinstance.py:1238} INFO - 
--------------------------------------------------------------------------------
[2022-04-25 13:19:03,577] {taskinstance.py:1239} INFO - Starting attempt 1 of 1
[2022-04-25 13:19:03,577] {taskinstance.py:1240} INFO - 
--------------------------------------------------------------------------------
[2022-04-25 13:19:03,615] {taskinstance.py:1259} INFO - Executing <Task(BigQueryCreateExternalTableOperator): gcs_2_bq_ext_task> on 2005-01-01 00:00:00+00:00
[2022-04-25 13:19:03,622] {standard_task_runner.py:52} INFO - Started process 5620 to run task
[2022-04-25 13:19:03,642] {standard_task_runner.py:76} INFO - Running: ['***', 'tasks', 'run', 'pbp_data_bq_dag', 'gcs_2_bq_ext_task', 'scheduled__2005-01-01T00:00:00+00:00', '--job-id', '2449', '--raw', '--subdir', 'DAGS_FOLDER/nfl_gcs_to_bq.py', '--cfg-path', '/tmp/tmpvnhfabgh', '--error-file', '/tmp/tmp4z1i_fur']
[2022-04-25 13:19:03,647] {standard_task_runner.py:77} INFO - Job 2449: Subtask gcs_2_bq_ext_task
[2022-04-25 13:19:03,812] {logging_mixin.py:109} INFO - Running <TaskInstance: pbp_data_bq_dag.gcs_2_bq_ext_task scheduled__2005-01-01T00:00:00+00:00 [running]> on host de169a1be7ed
[2022-04-25 13:19:03,933] {taskinstance.py:1426} INFO - Exporting the following env vars:
AIRFLOW_CTX_DAG_OWNER=***
AIRFLOW_CTX_DAG_ID=pbp_data_bq_dag
AIRFLOW_CTX_TASK_ID=gcs_2_bq_ext_task
AIRFLOW_CTX_EXECUTION_DATE=2005-01-01T00:00:00+00:00
AIRFLOW_CTX_DAG_RUN_ID=scheduled__2005-01-01T00:00:00+00:00
[2022-04-25 13:19:03,938] {crypto.py:82} WARNING - empty cryptography key - values will not be stored encrypted.
[2022-04-25 13:19:04,625] {taskinstance.py:1277} INFO - Marking task as SUCCESS. dag_id=pbp_data_bq_dag, task_id=gcs_2_bq_ext_task, execution_date=20050101T000000, start_date=20220425T131903, end_date=20220425T131904
[2022-04-25 13:19:04,659] {local_task_job.py:154} INFO - Task exited with return code 0
[2022-04-25 13:19:04,771] {local_task_job.py:264} INFO - 0 downstream tasks scheduled from follow-on schedule check
