[2022-04-11 20:01:05,434] {taskinstance.py:1032} INFO - Dependencies all met for <TaskInstance: injury_data.download_data_task scheduled__2019-01-01T00:00:00+00:00 [queued]>
[2022-04-11 20:01:05,480] {taskinstance.py:1032} INFO - Dependencies all met for <TaskInstance: injury_data.download_data_task scheduled__2019-01-01T00:00:00+00:00 [queued]>
[2022-04-11 20:01:05,481] {taskinstance.py:1238} INFO - 
--------------------------------------------------------------------------------
[2022-04-11 20:01:05,481] {taskinstance.py:1239} INFO - Starting attempt 1 of 1
[2022-04-11 20:01:05,481] {taskinstance.py:1240} INFO - 
--------------------------------------------------------------------------------
[2022-04-11 20:01:05,516] {taskinstance.py:1259} INFO - Executing <Task(PythonOperator): download_data_task> on 2019-01-01 00:00:00+00:00
[2022-04-11 20:01:05,532] {standard_task_runner.py:52} INFO - Started process 357217 to run task
[2022-04-11 20:01:05,547] {standard_task_runner.py:76} INFO - Running: ['***', 'tasks', 'run', 'injury_data', 'download_data_task', 'scheduled__2019-01-01T00:00:00+00:00', '--job-id', '1799', '--raw', '--subdir', 'DAGS_FOLDER/nfl_to_gcs.py', '--cfg-path', '/tmp/tmp5hha_nvw', '--error-file', '/tmp/tmp0lkhrphn']
[2022-04-11 20:01:05,560] {standard_task_runner.py:77} INFO - Job 1799: Subtask download_data_task
[2022-04-11 20:01:05,728] {logging_mixin.py:109} INFO - Running <TaskInstance: injury_data.download_data_task scheduled__2019-01-01T00:00:00+00:00 [running]> on host 4ed3eda454fd
[2022-04-11 20:01:05,881] {taskinstance.py:1426} INFO - Exporting the following env vars:
AIRFLOW_CTX_DAG_OWNER=***
AIRFLOW_CTX_DAG_ID=injury_data
AIRFLOW_CTX_TASK_ID=download_data_task
AIRFLOW_CTX_EXECUTION_DATE=2019-01-01T00:00:00+00:00
AIRFLOW_CTX_DAG_RUN_ID=scheduled__2019-01-01T00:00:00+00:00
[2022-04-11 20:01:05,900] {logging_mixin.py:109} WARNING - /home/***/.local/lib/python3.7/site-packages/***/utils/context.py:152 AirflowContextDeprecationWarning: Accessing 'execution_date' from the template is deprecated and will be removed in a future version. Please use 'data_interval_start' or 'logical_date' instead.
[2022-04-11 20:01:05,901] {logging_mixin.py:109} WARNING - /home/***/.local/lib/python3.7/site-packages/***/utils/context.py:152 AirflowContextDeprecationWarning: Accessing 'next_ds' from the template is deprecated and will be removed in a future version. Please use '{{ data_interval_end | ds }}' instead.
[2022-04-11 20:01:05,903] {logging_mixin.py:109} WARNING - /home/***/.local/lib/python3.7/site-packages/***/utils/context.py:152 AirflowContextDeprecationWarning: Accessing 'next_ds_nodash' from the template is deprecated and will be removed in a future version. Please use '{{ data_interval_end | ds_nodash }}' instead.
[2022-04-11 20:01:05,907] {logging_mixin.py:109} WARNING - /home/***/.local/lib/python3.7/site-packages/***/utils/context.py:152 AirflowContextDeprecationWarning: Accessing 'next_execution_date' from the template is deprecated and will be removed in a future version. Please use 'data_interval_end' instead.
[2022-04-11 20:01:05,908] {logging_mixin.py:109} WARNING - /home/***/.local/lib/python3.7/site-packages/***/utils/context.py:152 AirflowContextDeprecationWarning: Accessing 'prev_ds' from the template is deprecated and will be removed in a future version.
[2022-04-11 20:01:05,911] {logging_mixin.py:109} WARNING - /home/***/.local/lib/python3.7/site-packages/***/utils/context.py:152 AirflowContextDeprecationWarning: Accessing 'prev_ds_nodash' from the template is deprecated and will be removed in a future version.
[2022-04-11 20:01:05,924] {logging_mixin.py:109} WARNING - /home/***/.local/lib/python3.7/site-packages/***/utils/context.py:152 AirflowContextDeprecationWarning: Accessing 'prev_execution_date' from the template is deprecated and will be removed in a future version.
[2022-04-11 20:01:05,925] {logging_mixin.py:109} WARNING - /home/***/.local/lib/python3.7/site-packages/***/utils/context.py:152 AirflowContextDeprecationWarning: Accessing 'prev_execution_date_success' from the template is deprecated and will be removed in a future version. Please use 'prev_data_interval_start_success' instead.
[2022-04-11 20:01:05,927] {logging_mixin.py:109} WARNING - /home/***/.local/lib/python3.7/site-packages/***/utils/context.py:152 AirflowContextDeprecationWarning: Accessing 'tomorrow_ds' from the template is deprecated and will be removed in a future version.
[2022-04-11 20:01:05,928] {logging_mixin.py:109} WARNING - /home/***/.local/lib/python3.7/site-packages/***/utils/context.py:152 AirflowContextDeprecationWarning: Accessing 'tomorrow_ds_nodash' from the template is deprecated and will be removed in a future version.
[2022-04-11 20:01:05,929] {logging_mixin.py:109} WARNING - /home/***/.local/lib/python3.7/site-packages/***/utils/context.py:152 AirflowContextDeprecationWarning: Accessing 'yesterday_ds' from the template is deprecated and will be removed in a future version.
[2022-04-11 20:01:05,931] {logging_mixin.py:109} WARNING - /home/***/.local/lib/python3.7/site-packages/***/utils/context.py:152 AirflowContextDeprecationWarning: Accessing 'yesterday_ds_nodash' from the template is deprecated and will be removed in a future version.
[2022-04-11 20:01:06,310] {python.py:175} INFO - Done. Returned value was: None
[2022-04-11 20:01:06,330] {taskinstance.py:1277} INFO - Marking task as SUCCESS. dag_id=injury_data, task_id=download_data_task, execution_date=20190101T000000, start_date=20220411T200105, end_date=20220411T200106
[2022-04-11 20:01:06,370] {local_task_job.py:154} INFO - Task exited with return code 0
[2022-04-11 20:01:06,424] {local_task_job.py:264} INFO - 1 downstream tasks scheduled from follow-on schedule check
[2022-04-11 20:04:59,371] {taskinstance.py:1032} INFO - Dependencies all met for <TaskInstance: injury_data.download_data_task scheduled__2019-01-01T00:00:00+00:00 [queued]>
[2022-04-11 20:04:59,414] {taskinstance.py:1032} INFO - Dependencies all met for <TaskInstance: injury_data.download_data_task scheduled__2019-01-01T00:00:00+00:00 [queued]>
[2022-04-11 20:04:59,414] {taskinstance.py:1238} INFO - 
--------------------------------------------------------------------------------
[2022-04-11 20:04:59,414] {taskinstance.py:1239} INFO - Starting attempt 1 of 1
[2022-04-11 20:04:59,415] {taskinstance.py:1240} INFO - 
--------------------------------------------------------------------------------
[2022-04-11 20:04:59,438] {taskinstance.py:1259} INFO - Executing <Task(PythonOperator): download_data_task> on 2019-01-01 00:00:00+00:00
[2022-04-11 20:04:59,449] {standard_task_runner.py:52} INFO - Started process 358416 to run task
[2022-04-11 20:04:59,462] {standard_task_runner.py:76} INFO - Running: ['***', 'tasks', 'run', 'injury_data', 'download_data_task', 'scheduled__2019-01-01T00:00:00+00:00', '--job-id', '1920', '--raw', '--subdir', 'DAGS_FOLDER/nfl_to_gcs.py', '--cfg-path', '/tmp/tmpdt88v7vl', '--error-file', '/tmp/tmpx36gxnf1']
[2022-04-11 20:04:59,463] {standard_task_runner.py:77} INFO - Job 1920: Subtask download_data_task
[2022-04-11 20:04:59,562] {logging_mixin.py:109} INFO - Running <TaskInstance: injury_data.download_data_task scheduled__2019-01-01T00:00:00+00:00 [running]> on host 4ed3eda454fd
[2022-04-11 20:04:59,746] {taskinstance.py:1426} INFO - Exporting the following env vars:
AIRFLOW_CTX_DAG_OWNER=***
AIRFLOW_CTX_DAG_ID=injury_data
AIRFLOW_CTX_TASK_ID=download_data_task
AIRFLOW_CTX_EXECUTION_DATE=2019-01-01T00:00:00+00:00
AIRFLOW_CTX_DAG_RUN_ID=scheduled__2019-01-01T00:00:00+00:00
[2022-04-11 20:04:59,774] {logging_mixin.py:109} WARNING - /home/***/.local/lib/python3.7/site-packages/***/utils/context.py:152 AirflowContextDeprecationWarning: Accessing 'execution_date' from the template is deprecated and will be removed in a future version. Please use 'data_interval_start' or 'logical_date' instead.
[2022-04-11 20:04:59,800] {logging_mixin.py:109} WARNING - /home/***/.local/lib/python3.7/site-packages/***/utils/context.py:152 AirflowContextDeprecationWarning: Accessing 'next_ds' from the template is deprecated and will be removed in a future version. Please use '{{ data_interval_end | ds }}' instead.
[2022-04-11 20:04:59,801] {logging_mixin.py:109} WARNING - /home/***/.local/lib/python3.7/site-packages/***/utils/context.py:152 AirflowContextDeprecationWarning: Accessing 'next_ds_nodash' from the template is deprecated and will be removed in a future version. Please use '{{ data_interval_end | ds_nodash }}' instead.
[2022-04-11 20:04:59,803] {logging_mixin.py:109} WARNING - /home/***/.local/lib/python3.7/site-packages/***/utils/context.py:152 AirflowContextDeprecationWarning: Accessing 'next_execution_date' from the template is deprecated and will be removed in a future version. Please use 'data_interval_end' instead.
[2022-04-11 20:04:59,823] {logging_mixin.py:109} WARNING - /home/***/.local/lib/python3.7/site-packages/***/utils/context.py:152 AirflowContextDeprecationWarning: Accessing 'prev_ds' from the template is deprecated and will be removed in a future version.
[2022-04-11 20:04:59,828] {logging_mixin.py:109} WARNING - /home/***/.local/lib/python3.7/site-packages/***/utils/context.py:152 AirflowContextDeprecationWarning: Accessing 'prev_ds_nodash' from the template is deprecated and will be removed in a future version.
[2022-04-11 20:04:59,830] {logging_mixin.py:109} WARNING - /home/***/.local/lib/python3.7/site-packages/***/utils/context.py:152 AirflowContextDeprecationWarning: Accessing 'prev_execution_date' from the template is deprecated and will be removed in a future version.
[2022-04-11 20:04:59,831] {logging_mixin.py:109} WARNING - /home/***/.local/lib/python3.7/site-packages/***/utils/context.py:152 AirflowContextDeprecationWarning: Accessing 'prev_execution_date_success' from the template is deprecated and will be removed in a future version. Please use 'prev_data_interval_start_success' instead.
[2022-04-11 20:04:59,842] {logging_mixin.py:109} WARNING - /home/***/.local/lib/python3.7/site-packages/***/utils/context.py:152 AirflowContextDeprecationWarning: Accessing 'tomorrow_ds' from the template is deprecated and will be removed in a future version.
[2022-04-11 20:04:59,844] {logging_mixin.py:109} WARNING - /home/***/.local/lib/python3.7/site-packages/***/utils/context.py:152 AirflowContextDeprecationWarning: Accessing 'tomorrow_ds_nodash' from the template is deprecated and will be removed in a future version.
[2022-04-11 20:04:59,845] {logging_mixin.py:109} WARNING - /home/***/.local/lib/python3.7/site-packages/***/utils/context.py:152 AirflowContextDeprecationWarning: Accessing 'yesterday_ds' from the template is deprecated and will be removed in a future version.
[2022-04-11 20:04:59,846] {logging_mixin.py:109} WARNING - /home/***/.local/lib/python3.7/site-packages/***/utils/context.py:152 AirflowContextDeprecationWarning: Accessing 'yesterday_ds_nodash' from the template is deprecated and will be removed in a future version.
[2022-04-11 20:05:00,348] {python.py:175} INFO - Done. Returned value was: None
[2022-04-11 20:05:00,378] {taskinstance.py:1277} INFO - Marking task as SUCCESS. dag_id=injury_data, task_id=download_data_task, execution_date=20190101T000000, start_date=20220411T200459, end_date=20220411T200500
[2022-04-11 20:05:00,488] {local_task_job.py:154} INFO - Task exited with return code 0
[2022-04-11 20:05:00,565] {local_task_job.py:264} INFO - 1 downstream tasks scheduled from follow-on schedule check
[2022-04-23 16:31:56,189] {taskinstance.py:1032} INFO - Dependencies all met for <TaskInstance: injury_data.download_data_task scheduled__2019-01-01T00:00:00+00:00 [queued]>
[2022-04-23 16:31:56,222] {taskinstance.py:1032} INFO - Dependencies all met for <TaskInstance: injury_data.download_data_task scheduled__2019-01-01T00:00:00+00:00 [queued]>
[2022-04-23 16:31:56,222] {taskinstance.py:1238} INFO - 
--------------------------------------------------------------------------------
[2022-04-23 16:31:56,222] {taskinstance.py:1239} INFO - Starting attempt 1 of 1
[2022-04-23 16:31:56,222] {taskinstance.py:1240} INFO - 
--------------------------------------------------------------------------------
[2022-04-23 16:31:56,253] {taskinstance.py:1259} INFO - Executing <Task(PythonOperator): download_data_task> on 2019-01-01 00:00:00+00:00
[2022-04-23 16:31:56,261] {standard_task_runner.py:52} INFO - Started process 2837 to run task
[2022-04-23 16:31:56,285] {standard_task_runner.py:76} INFO - Running: ['***', 'tasks', 'run', 'injury_data', 'download_data_task', 'scheduled__2019-01-01T00:00:00+00:00', '--job-id', '2105', '--raw', '--subdir', 'DAGS_FOLDER/nfl_to_gcs.py', '--cfg-path', '/tmp/tmpyrm0pqb5', '--error-file', '/tmp/tmp49kdy5_y']
[2022-04-23 16:31:56,287] {standard_task_runner.py:77} INFO - Job 2105: Subtask download_data_task
[2022-04-23 16:31:56,419] {logging_mixin.py:109} INFO - Running <TaskInstance: injury_data.download_data_task scheduled__2019-01-01T00:00:00+00:00 [running]> on host 04f3a8edbeca
[2022-04-23 16:31:56,571] {taskinstance.py:1426} INFO - Exporting the following env vars:
AIRFLOW_CTX_DAG_OWNER=***
AIRFLOW_CTX_DAG_ID=injury_data
AIRFLOW_CTX_TASK_ID=download_data_task
AIRFLOW_CTX_EXECUTION_DATE=2019-01-01T00:00:00+00:00
AIRFLOW_CTX_DAG_RUN_ID=scheduled__2019-01-01T00:00:00+00:00
[2022-04-23 16:31:56,585] {logging_mixin.py:109} WARNING - /home/***/.local/lib/python3.7/site-packages/***/utils/context.py:152 AirflowContextDeprecationWarning: Accessing 'execution_date' from the template is deprecated and will be removed in a future version. Please use 'data_interval_start' or 'logical_date' instead.
[2022-04-23 16:31:56,589] {logging_mixin.py:109} WARNING - /home/***/.local/lib/python3.7/site-packages/***/utils/context.py:152 AirflowContextDeprecationWarning: Accessing 'next_ds' from the template is deprecated and will be removed in a future version. Please use '{{ data_interval_end | ds }}' instead.
[2022-04-23 16:31:56,591] {logging_mixin.py:109} WARNING - /home/***/.local/lib/python3.7/site-packages/***/utils/context.py:152 AirflowContextDeprecationWarning: Accessing 'next_ds_nodash' from the template is deprecated and will be removed in a future version. Please use '{{ data_interval_end | ds_nodash }}' instead.
[2022-04-23 16:31:56,592] {logging_mixin.py:109} WARNING - /home/***/.local/lib/python3.7/site-packages/***/utils/context.py:152 AirflowContextDeprecationWarning: Accessing 'next_execution_date' from the template is deprecated and will be removed in a future version. Please use 'data_interval_end' instead.
[2022-04-23 16:31:56,593] {logging_mixin.py:109} WARNING - /home/***/.local/lib/python3.7/site-packages/***/utils/context.py:152 AirflowContextDeprecationWarning: Accessing 'prev_ds' from the template is deprecated and will be removed in a future version.
[2022-04-23 16:31:56,594] {logging_mixin.py:109} WARNING - /home/***/.local/lib/python3.7/site-packages/***/utils/context.py:152 AirflowContextDeprecationWarning: Accessing 'prev_ds_nodash' from the template is deprecated and will be removed in a future version.
[2022-04-23 16:31:56,596] {logging_mixin.py:109} WARNING - /home/***/.local/lib/python3.7/site-packages/***/utils/context.py:152 AirflowContextDeprecationWarning: Accessing 'prev_execution_date' from the template is deprecated and will be removed in a future version.
[2022-04-23 16:31:56,597] {logging_mixin.py:109} WARNING - /home/***/.local/lib/python3.7/site-packages/***/utils/context.py:152 AirflowContextDeprecationWarning: Accessing 'prev_execution_date_success' from the template is deprecated and will be removed in a future version. Please use 'prev_data_interval_start_success' instead.
[2022-04-23 16:31:56,599] {logging_mixin.py:109} WARNING - /home/***/.local/lib/python3.7/site-packages/***/utils/context.py:152 AirflowContextDeprecationWarning: Accessing 'tomorrow_ds' from the template is deprecated and will be removed in a future version.
[2022-04-23 16:31:56,600] {logging_mixin.py:109} WARNING - /home/***/.local/lib/python3.7/site-packages/***/utils/context.py:152 AirflowContextDeprecationWarning: Accessing 'tomorrow_ds_nodash' from the template is deprecated and will be removed in a future version.
[2022-04-23 16:31:56,604] {logging_mixin.py:109} WARNING - /home/***/.local/lib/python3.7/site-packages/***/utils/context.py:152 AirflowContextDeprecationWarning: Accessing 'yesterday_ds' from the template is deprecated and will be removed in a future version.
[2022-04-23 16:31:56,608] {logging_mixin.py:109} WARNING - /home/***/.local/lib/python3.7/site-packages/***/utils/context.py:152 AirflowContextDeprecationWarning: Accessing 'yesterday_ds_nodash' from the template is deprecated and will be removed in a future version.
[2022-04-23 16:31:57,111] {python.py:175} INFO - Done. Returned value was: None
[2022-04-23 16:31:57,156] {taskinstance.py:1277} INFO - Marking task as SUCCESS. dag_id=injury_data, task_id=download_data_task, execution_date=20190101T000000, start_date=20220423T163156, end_date=20220423T163157
[2022-04-23 16:31:57,265] {local_task_job.py:154} INFO - Task exited with return code 0
[2022-04-23 16:31:57,593] {local_task_job.py:264} INFO - 0 downstream tasks scheduled from follow-on schedule check
