[2022-04-11 20:02:14,581] {taskinstance.py:1032} INFO - Dependencies all met for <TaskInstance: roster_data.rm_task scheduled__2018-01-01T00:00:00+00:00 [queued]>
[2022-04-11 20:02:14,597] {taskinstance.py:1032} INFO - Dependencies all met for <TaskInstance: roster_data.rm_task scheduled__2018-01-01T00:00:00+00:00 [queued]>
[2022-04-11 20:02:14,597] {taskinstance.py:1238} INFO - 
--------------------------------------------------------------------------------
[2022-04-11 20:02:14,597] {taskinstance.py:1239} INFO - Starting attempt 1 of 1
[2022-04-11 20:02:14,597] {taskinstance.py:1240} INFO - 
--------------------------------------------------------------------------------
[2022-04-11 20:02:14,620] {taskinstance.py:1259} INFO - Executing <Task(BashOperator): rm_task> on 2018-01-01 00:00:00+00:00
[2022-04-11 20:02:14,630] {standard_task_runner.py:52} INFO - Started process 357661 to run task
[2022-04-11 20:02:14,642] {standard_task_runner.py:76} INFO - Running: ['***', 'tasks', 'run', 'roster_data', 'rm_task', 'scheduled__2018-01-01T00:00:00+00:00', '--job-id', '1846', '--raw', '--subdir', 'DAGS_FOLDER/nfl_to_gcs.py', '--cfg-path', '/tmp/tmpr5gojfrq', '--error-file', '/tmp/tmpg5qthuws']
[2022-04-11 20:02:14,643] {standard_task_runner.py:77} INFO - Job 1846: Subtask rm_task
[2022-04-11 20:02:14,744] {logging_mixin.py:109} INFO - Running <TaskInstance: roster_data.rm_task scheduled__2018-01-01T00:00:00+00:00 [running]> on host 4ed3eda454fd
[2022-04-11 20:02:14,871] {taskinstance.py:1426} INFO - Exporting the following env vars:
AIRFLOW_CTX_DAG_OWNER=***
AIRFLOW_CTX_DAG_ID=roster_data
AIRFLOW_CTX_TASK_ID=rm_task
AIRFLOW_CTX_EXECUTION_DATE=2018-01-01T00:00:00+00:00
AIRFLOW_CTX_DAG_RUN_ID=scheduled__2018-01-01T00:00:00+00:00
[2022-04-11 20:02:14,872] {subprocess.py:62} INFO - Tmp dir root location: 
 /tmp
[2022-04-11 20:02:14,873] {subprocess.py:74} INFO - Running command: ['bash', '-c', 'rm "/opt/***/roster_data_2018.parquet"']
[2022-04-11 20:02:14,897] {subprocess.py:85} INFO - Output:
[2022-04-11 20:02:14,904] {subprocess.py:93} INFO - Command exited with return code 0
[2022-04-11 20:02:14,945] {taskinstance.py:1277} INFO - Marking task as SUCCESS. dag_id=roster_data, task_id=rm_task, execution_date=20180101T000000, start_date=20220411T200214, end_date=20220411T200214
[2022-04-11 20:02:14,980] {local_task_job.py:154} INFO - Task exited with return code 0
[2022-04-11 20:02:15,027] {local_task_job.py:264} INFO - 0 downstream tasks scheduled from follow-on schedule check
[2022-04-23 16:32:39,584] {taskinstance.py:1032} INFO - Dependencies all met for <TaskInstance: roster_data.rm_task scheduled__2018-01-01T00:00:00+00:00 [queued]>
[2022-04-23 16:32:39,601] {taskinstance.py:1032} INFO - Dependencies all met for <TaskInstance: roster_data.rm_task scheduled__2018-01-01T00:00:00+00:00 [queued]>
[2022-04-23 16:32:39,602] {taskinstance.py:1238} INFO - 
--------------------------------------------------------------------------------
[2022-04-23 16:32:39,602] {taskinstance.py:1239} INFO - Starting attempt 1 of 1
[2022-04-23 16:32:39,602] {taskinstance.py:1240} INFO - 
--------------------------------------------------------------------------------
[2022-04-23 16:32:39,618] {taskinstance.py:1259} INFO - Executing <Task(BashOperator): rm_task> on 2018-01-01 00:00:00+00:00
[2022-04-23 16:32:39,626] {standard_task_runner.py:52} INFO - Started process 3166 to run task
[2022-04-23 16:32:39,633] {standard_task_runner.py:76} INFO - Running: ['***', 'tasks', 'run', 'roster_data', 'rm_task', 'scheduled__2018-01-01T00:00:00+00:00', '--job-id', '2140', '--raw', '--subdir', 'DAGS_FOLDER/nfl_to_gcs.py', '--cfg-path', '/tmp/tmpqllx_3kz', '--error-file', '/tmp/tmpm62lfcrh']
[2022-04-23 16:32:39,635] {standard_task_runner.py:77} INFO - Job 2140: Subtask rm_task
[2022-04-23 16:32:39,742] {logging_mixin.py:109} INFO - Running <TaskInstance: roster_data.rm_task scheduled__2018-01-01T00:00:00+00:00 [running]> on host 04f3a8edbeca
[2022-04-23 16:32:39,877] {taskinstance.py:1426} INFO - Exporting the following env vars:
AIRFLOW_CTX_DAG_OWNER=***
AIRFLOW_CTX_DAG_ID=roster_data
AIRFLOW_CTX_TASK_ID=rm_task
AIRFLOW_CTX_EXECUTION_DATE=2018-01-01T00:00:00+00:00
AIRFLOW_CTX_DAG_RUN_ID=scheduled__2018-01-01T00:00:00+00:00
[2022-04-23 16:32:39,879] {subprocess.py:62} INFO - Tmp dir root location: 
 /tmp
[2022-04-23 16:32:39,880] {subprocess.py:74} INFO - Running command: ['bash', '-c', 'rm "/opt/***/roster_data_2018.parquet"']
[2022-04-23 16:32:39,902] {subprocess.py:85} INFO - Output:
[2022-04-23 16:32:39,909] {subprocess.py:93} INFO - Command exited with return code 0
[2022-04-23 16:32:39,951] {taskinstance.py:1277} INFO - Marking task as SUCCESS. dag_id=roster_data, task_id=rm_task, execution_date=20180101T000000, start_date=20220423T163239, end_date=20220423T163239
[2022-04-23 16:32:40,016] {local_task_job.py:154} INFO - Task exited with return code 0
[2022-04-23 16:32:40,050] {local_task_job.py:264} INFO - 0 downstream tasks scheduled from follow-on schedule check
