[2022-04-11 20:00:38,710] {taskinstance.py:1032} INFO - Dependencies all met for <TaskInstance: injury_data.local_to_gcs_task scheduled__2014-01-01T00:00:00+00:00 [queued]>
[2022-04-11 20:00:38,755] {taskinstance.py:1032} INFO - Dependencies all met for <TaskInstance: injury_data.local_to_gcs_task scheduled__2014-01-01T00:00:00+00:00 [queued]>
[2022-04-11 20:00:38,755] {taskinstance.py:1238} INFO - 
--------------------------------------------------------------------------------
[2022-04-11 20:00:38,755] {taskinstance.py:1239} INFO - Starting attempt 1 of 1
[2022-04-11 20:00:38,755] {taskinstance.py:1240} INFO - 
--------------------------------------------------------------------------------
[2022-04-11 20:00:38,816] {taskinstance.py:1259} INFO - Executing <Task(PythonOperator): local_to_gcs_task> on 2014-01-01 00:00:00+00:00
[2022-04-11 20:00:38,844] {standard_task_runner.py:52} INFO - Started process 357103 to run task
[2022-04-11 20:00:38,879] {standard_task_runner.py:76} INFO - Running: ['***', 'tasks', 'run', 'injury_data', 'local_to_gcs_task', 'scheduled__2014-01-01T00:00:00+00:00', '--job-id', '1788', '--raw', '--subdir', 'DAGS_FOLDER/nfl_to_gcs.py', '--cfg-path', '/tmp/tmp12a1dutf', '--error-file', '/tmp/tmpycgzvrbm']
[2022-04-11 20:00:38,883] {standard_task_runner.py:77} INFO - Job 1788: Subtask local_to_gcs_task
[2022-04-11 20:00:39,112] {logging_mixin.py:109} INFO - Running <TaskInstance: injury_data.local_to_gcs_task scheduled__2014-01-01T00:00:00+00:00 [running]> on host 4ed3eda454fd
[2022-04-11 20:00:39,251] {logging_mixin.py:109} WARNING - /home/***/.local/lib/python3.7/site-packages/***/utils/context.py:152 AirflowContextDeprecationWarning: Accessing 'execution_date' from the template is deprecated and will be removed in a future version. Please use 'data_interval_start' or 'logical_date' instead.
[2022-04-11 20:00:39,379] {taskinstance.py:1426} INFO - Exporting the following env vars:
AIRFLOW_CTX_DAG_OWNER=***
AIRFLOW_CTX_DAG_ID=injury_data
AIRFLOW_CTX_TASK_ID=local_to_gcs_task
AIRFLOW_CTX_EXECUTION_DATE=2014-01-01T00:00:00+00:00
AIRFLOW_CTX_DAG_RUN_ID=scheduled__2014-01-01T00:00:00+00:00
[2022-04-11 20:00:39,382] {logging_mixin.py:109} WARNING - /home/***/.local/lib/python3.7/site-packages/***/utils/context.py:152 AirflowContextDeprecationWarning: Accessing 'next_ds' from the template is deprecated and will be removed in a future version. Please use '{{ data_interval_end | ds }}' instead.
[2022-04-11 20:00:39,396] {logging_mixin.py:109} WARNING - /home/***/.local/lib/python3.7/site-packages/***/utils/context.py:152 AirflowContextDeprecationWarning: Accessing 'next_ds_nodash' from the template is deprecated and will be removed in a future version. Please use '{{ data_interval_end | ds_nodash }}' instead.
[2022-04-11 20:00:39,398] {logging_mixin.py:109} WARNING - /home/***/.local/lib/python3.7/site-packages/***/utils/context.py:152 AirflowContextDeprecationWarning: Accessing 'next_execution_date' from the template is deprecated and will be removed in a future version. Please use 'data_interval_end' instead.
[2022-04-11 20:00:39,399] {logging_mixin.py:109} WARNING - /home/***/.local/lib/python3.7/site-packages/***/utils/context.py:152 AirflowContextDeprecationWarning: Accessing 'prev_ds' from the template is deprecated and will be removed in a future version.
[2022-04-11 20:00:39,417] {logging_mixin.py:109} WARNING - /home/***/.local/lib/python3.7/site-packages/***/utils/context.py:152 AirflowContextDeprecationWarning: Accessing 'prev_ds_nodash' from the template is deprecated and will be removed in a future version.
[2022-04-11 20:00:39,418] {logging_mixin.py:109} WARNING - /home/***/.local/lib/python3.7/site-packages/***/utils/context.py:152 AirflowContextDeprecationWarning: Accessing 'prev_execution_date' from the template is deprecated and will be removed in a future version.
[2022-04-11 20:00:39,426] {logging_mixin.py:109} WARNING - /home/***/.local/lib/python3.7/site-packages/***/utils/context.py:152 AirflowContextDeprecationWarning: Accessing 'prev_execution_date_success' from the template is deprecated and will be removed in a future version. Please use 'prev_data_interval_start_success' instead.
[2022-04-11 20:00:39,427] {logging_mixin.py:109} WARNING - /home/***/.local/lib/python3.7/site-packages/***/utils/context.py:152 AirflowContextDeprecationWarning: Accessing 'tomorrow_ds' from the template is deprecated and will be removed in a future version.
[2022-04-11 20:00:39,442] {logging_mixin.py:109} WARNING - /home/***/.local/lib/python3.7/site-packages/***/utils/context.py:152 AirflowContextDeprecationWarning: Accessing 'tomorrow_ds_nodash' from the template is deprecated and will be removed in a future version.
[2022-04-11 20:00:39,443] {logging_mixin.py:109} WARNING - /home/***/.local/lib/python3.7/site-packages/***/utils/context.py:152 AirflowContextDeprecationWarning: Accessing 'yesterday_ds' from the template is deprecated and will be removed in a future version.
[2022-04-11 20:00:39,460] {logging_mixin.py:109} WARNING - /home/***/.local/lib/python3.7/site-packages/***/utils/context.py:152 AirflowContextDeprecationWarning: Accessing 'yesterday_ds_nodash' from the template is deprecated and will be removed in a future version.
[2022-04-11 20:00:40,117] {python.py:175} INFO - Done. Returned value was: None
[2022-04-11 20:00:40,136] {taskinstance.py:1277} INFO - Marking task as SUCCESS. dag_id=injury_data, task_id=local_to_gcs_task, execution_date=20140101T000000, start_date=20220411T200038, end_date=20220411T200040
[2022-04-11 20:00:40,222] {local_task_job.py:154} INFO - Task exited with return code 0
[2022-04-11 20:00:40,277] {local_task_job.py:264} INFO - 1 downstream tasks scheduled from follow-on schedule check
[2022-04-11 20:03:54,735] {taskinstance.py:1032} INFO - Dependencies all met for <TaskInstance: injury_data.local_to_gcs_task scheduled__2014-01-01T00:00:00+00:00 [queued]>
[2022-04-11 20:03:54,750] {taskinstance.py:1032} INFO - Dependencies all met for <TaskInstance: injury_data.local_to_gcs_task scheduled__2014-01-01T00:00:00+00:00 [queued]>
[2022-04-11 20:03:54,750] {taskinstance.py:1238} INFO - 
--------------------------------------------------------------------------------
[2022-04-11 20:03:54,750] {taskinstance.py:1239} INFO - Starting attempt 1 of 1
[2022-04-11 20:03:54,750] {taskinstance.py:1240} INFO - 
--------------------------------------------------------------------------------
[2022-04-11 20:03:54,767] {taskinstance.py:1259} INFO - Executing <Task(PythonOperator): local_to_gcs_task> on 2014-01-01 00:00:00+00:00
[2022-04-11 20:03:54,778] {standard_task_runner.py:52} INFO - Started process 357963 to run task
[2022-04-11 20:03:54,788] {standard_task_runner.py:76} INFO - Running: ['***', 'tasks', 'run', 'injury_data', 'local_to_gcs_task', 'scheduled__2014-01-01T00:00:00+00:00', '--job-id', '1866', '--raw', '--subdir', 'DAGS_FOLDER/nfl_to_gcs.py', '--cfg-path', '/tmp/tmp65fc4ult', '--error-file', '/tmp/tmpfxew8gqx']
[2022-04-11 20:03:54,790] {standard_task_runner.py:77} INFO - Job 1866: Subtask local_to_gcs_task
[2022-04-11 20:03:54,887] {logging_mixin.py:109} INFO - Running <TaskInstance: injury_data.local_to_gcs_task scheduled__2014-01-01T00:00:00+00:00 [running]> on host 4ed3eda454fd
[2022-04-11 20:03:54,971] {logging_mixin.py:109} WARNING - /home/***/.local/lib/python3.7/site-packages/***/utils/context.py:152 AirflowContextDeprecationWarning: Accessing 'execution_date' from the template is deprecated and will be removed in a future version. Please use 'data_interval_start' or 'logical_date' instead.
[2022-04-11 20:03:55,007] {taskinstance.py:1426} INFO - Exporting the following env vars:
AIRFLOW_CTX_DAG_OWNER=***
AIRFLOW_CTX_DAG_ID=injury_data
AIRFLOW_CTX_TASK_ID=local_to_gcs_task
AIRFLOW_CTX_EXECUTION_DATE=2014-01-01T00:00:00+00:00
AIRFLOW_CTX_DAG_RUN_ID=scheduled__2014-01-01T00:00:00+00:00
[2022-04-11 20:03:55,009] {logging_mixin.py:109} WARNING - /home/***/.local/lib/python3.7/site-packages/***/utils/context.py:152 AirflowContextDeprecationWarning: Accessing 'next_ds' from the template is deprecated and will be removed in a future version. Please use '{{ data_interval_end | ds }}' instead.
[2022-04-11 20:03:55,011] {logging_mixin.py:109} WARNING - /home/***/.local/lib/python3.7/site-packages/***/utils/context.py:152 AirflowContextDeprecationWarning: Accessing 'next_ds_nodash' from the template is deprecated and will be removed in a future version. Please use '{{ data_interval_end | ds_nodash }}' instead.
[2022-04-11 20:03:55,015] {logging_mixin.py:109} WARNING - /home/***/.local/lib/python3.7/site-packages/***/utils/context.py:152 AirflowContextDeprecationWarning: Accessing 'next_execution_date' from the template is deprecated and will be removed in a future version. Please use 'data_interval_end' instead.
[2022-04-11 20:03:55,017] {logging_mixin.py:109} WARNING - /home/***/.local/lib/python3.7/site-packages/***/utils/context.py:152 AirflowContextDeprecationWarning: Accessing 'prev_ds' from the template is deprecated and will be removed in a future version.
[2022-04-11 20:03:55,018] {logging_mixin.py:109} WARNING - /home/***/.local/lib/python3.7/site-packages/***/utils/context.py:152 AirflowContextDeprecationWarning: Accessing 'prev_ds_nodash' from the template is deprecated and will be removed in a future version.
[2022-04-11 20:03:55,019] {logging_mixin.py:109} WARNING - /home/***/.local/lib/python3.7/site-packages/***/utils/context.py:152 AirflowContextDeprecationWarning: Accessing 'prev_execution_date' from the template is deprecated and will be removed in a future version.
[2022-04-11 20:03:55,021] {logging_mixin.py:109} WARNING - /home/***/.local/lib/python3.7/site-packages/***/utils/context.py:152 AirflowContextDeprecationWarning: Accessing 'prev_execution_date_success' from the template is deprecated and will be removed in a future version. Please use 'prev_data_interval_start_success' instead.
[2022-04-11 20:03:55,022] {logging_mixin.py:109} WARNING - /home/***/.local/lib/python3.7/site-packages/***/utils/context.py:152 AirflowContextDeprecationWarning: Accessing 'tomorrow_ds' from the template is deprecated and will be removed in a future version.
[2022-04-11 20:03:55,024] {logging_mixin.py:109} WARNING - /home/***/.local/lib/python3.7/site-packages/***/utils/context.py:152 AirflowContextDeprecationWarning: Accessing 'tomorrow_ds_nodash' from the template is deprecated and will be removed in a future version.
[2022-04-11 20:03:55,025] {logging_mixin.py:109} WARNING - /home/***/.local/lib/python3.7/site-packages/***/utils/context.py:152 AirflowContextDeprecationWarning: Accessing 'yesterday_ds' from the template is deprecated and will be removed in a future version.
[2022-04-11 20:03:55,026] {logging_mixin.py:109} WARNING - /home/***/.local/lib/python3.7/site-packages/***/utils/context.py:152 AirflowContextDeprecationWarning: Accessing 'yesterday_ds_nodash' from the template is deprecated and will be removed in a future version.
[2022-04-11 20:03:56,219] {python.py:175} INFO - Done. Returned value was: None
[2022-04-11 20:03:56,232] {taskinstance.py:1277} INFO - Marking task as SUCCESS. dag_id=injury_data, task_id=local_to_gcs_task, execution_date=20140101T000000, start_date=20220411T200354, end_date=20220411T200356
[2022-04-11 20:03:56,288] {local_task_job.py:154} INFO - Task exited with return code 0
[2022-04-11 20:03:56,347] {local_task_job.py:264} INFO - 1 downstream tasks scheduled from follow-on schedule check
[2022-04-23 16:31:21,586] {taskinstance.py:1032} INFO - Dependencies all met for <TaskInstance: injury_data.local_to_gcs_task scheduled__2014-01-01T00:00:00+00:00 [queued]>
[2022-04-23 16:31:21,638] {taskinstance.py:1032} INFO - Dependencies all met for <TaskInstance: injury_data.local_to_gcs_task scheduled__2014-01-01T00:00:00+00:00 [queued]>
[2022-04-23 16:31:21,638] {taskinstance.py:1238} INFO - 
--------------------------------------------------------------------------------
[2022-04-23 16:31:21,638] {taskinstance.py:1239} INFO - Starting attempt 1 of 1
[2022-04-23 16:31:21,638] {taskinstance.py:1240} INFO - 
--------------------------------------------------------------------------------
[2022-04-23 16:31:21,678] {taskinstance.py:1259} INFO - Executing <Task(PythonOperator): local_to_gcs_task> on 2014-01-01 00:00:00+00:00
[2022-04-23 16:31:21,688] {standard_task_runner.py:52} INFO - Started process 2570 to run task
[2022-04-23 16:31:21,726] {standard_task_runner.py:76} INFO - Running: ['***', 'tasks', 'run', 'injury_data', 'local_to_gcs_task', 'scheduled__2014-01-01T00:00:00+00:00', '--job-id', '2076', '--raw', '--subdir', 'DAGS_FOLDER/nfl_to_gcs.py', '--cfg-path', '/tmp/tmp7i4tol3d', '--error-file', '/tmp/tmp_l3flik6']
[2022-04-23 16:31:21,729] {standard_task_runner.py:77} INFO - Job 2076: Subtask local_to_gcs_task
[2022-04-23 16:31:21,882] {logging_mixin.py:109} INFO - Running <TaskInstance: injury_data.local_to_gcs_task scheduled__2014-01-01T00:00:00+00:00 [running]> on host 04f3a8edbeca
[2022-04-23 16:31:21,982] {logging_mixin.py:109} WARNING - /home/***/.local/lib/python3.7/site-packages/***/utils/context.py:152 AirflowContextDeprecationWarning: Accessing 'execution_date' from the template is deprecated and will be removed in a future version. Please use 'data_interval_start' or 'logical_date' instead.
[2022-04-23 16:31:22,008] {taskinstance.py:1426} INFO - Exporting the following env vars:
AIRFLOW_CTX_DAG_OWNER=***
AIRFLOW_CTX_DAG_ID=injury_data
AIRFLOW_CTX_TASK_ID=local_to_gcs_task
AIRFLOW_CTX_EXECUTION_DATE=2014-01-01T00:00:00+00:00
AIRFLOW_CTX_DAG_RUN_ID=scheduled__2014-01-01T00:00:00+00:00
[2022-04-23 16:31:22,012] {logging_mixin.py:109} WARNING - /home/***/.local/lib/python3.7/site-packages/***/utils/context.py:152 AirflowContextDeprecationWarning: Accessing 'next_ds' from the template is deprecated and will be removed in a future version. Please use '{{ data_interval_end | ds }}' instead.
[2022-04-23 16:31:22,013] {logging_mixin.py:109} WARNING - /home/***/.local/lib/python3.7/site-packages/***/utils/context.py:152 AirflowContextDeprecationWarning: Accessing 'next_ds_nodash' from the template is deprecated and will be removed in a future version. Please use '{{ data_interval_end | ds_nodash }}' instead.
[2022-04-23 16:31:22,015] {logging_mixin.py:109} WARNING - /home/***/.local/lib/python3.7/site-packages/***/utils/context.py:152 AirflowContextDeprecationWarning: Accessing 'next_execution_date' from the template is deprecated and will be removed in a future version. Please use 'data_interval_end' instead.
[2022-04-23 16:31:22,016] {logging_mixin.py:109} WARNING - /home/***/.local/lib/python3.7/site-packages/***/utils/context.py:152 AirflowContextDeprecationWarning: Accessing 'prev_ds' from the template is deprecated and will be removed in a future version.
[2022-04-23 16:31:22,017] {logging_mixin.py:109} WARNING - /home/***/.local/lib/python3.7/site-packages/***/utils/context.py:152 AirflowContextDeprecationWarning: Accessing 'prev_ds_nodash' from the template is deprecated and will be removed in a future version.
[2022-04-23 16:31:22,018] {logging_mixin.py:109} WARNING - /home/***/.local/lib/python3.7/site-packages/***/utils/context.py:152 AirflowContextDeprecationWarning: Accessing 'prev_execution_date' from the template is deprecated and will be removed in a future version.
[2022-04-23 16:31:22,020] {logging_mixin.py:109} WARNING - /home/***/.local/lib/python3.7/site-packages/***/utils/context.py:152 AirflowContextDeprecationWarning: Accessing 'prev_execution_date_success' from the template is deprecated and will be removed in a future version. Please use 'prev_data_interval_start_success' instead.
[2022-04-23 16:31:22,021] {logging_mixin.py:109} WARNING - /home/***/.local/lib/python3.7/site-packages/***/utils/context.py:152 AirflowContextDeprecationWarning: Accessing 'tomorrow_ds' from the template is deprecated and will be removed in a future version.
[2022-04-23 16:31:22,022] {logging_mixin.py:109} WARNING - /home/***/.local/lib/python3.7/site-packages/***/utils/context.py:152 AirflowContextDeprecationWarning: Accessing 'tomorrow_ds_nodash' from the template is deprecated and will be removed in a future version.
[2022-04-23 16:31:22,024] {logging_mixin.py:109} WARNING - /home/***/.local/lib/python3.7/site-packages/***/utils/context.py:152 AirflowContextDeprecationWarning: Accessing 'yesterday_ds' from the template is deprecated and will be removed in a future version.
[2022-04-23 16:31:22,025] {logging_mixin.py:109} WARNING - /home/***/.local/lib/python3.7/site-packages/***/utils/context.py:152 AirflowContextDeprecationWarning: Accessing 'yesterday_ds_nodash' from the template is deprecated and will be removed in a future version.
[2022-04-23 16:31:22,659] {python.py:175} INFO - Done. Returned value was: None
[2022-04-23 16:31:22,772] {taskinstance.py:1277} INFO - Marking task as SUCCESS. dag_id=injury_data, task_id=local_to_gcs_task, execution_date=20140101T000000, start_date=20220423T163121, end_date=20220423T163122
[2022-04-23 16:31:22,902] {local_task_job.py:154} INFO - Task exited with return code 0
[2022-04-23 16:31:23,034] {local_task_job.py:264} INFO - 1 downstream tasks scheduled from follow-on schedule check
