[2022-04-11 20:00:13,539] {taskinstance.py:1032} INFO - Dependencies all met for <TaskInstance: roster_data.rm_task scheduled__2003-01-01T00:00:00+00:00 [queued]>
[2022-04-11 20:00:13,564] {taskinstance.py:1032} INFO - Dependencies all met for <TaskInstance: roster_data.rm_task scheduled__2003-01-01T00:00:00+00:00 [queued]>
[2022-04-11 20:00:13,564] {taskinstance.py:1238} INFO - 
--------------------------------------------------------------------------------
[2022-04-11 20:00:13,564] {taskinstance.py:1239} INFO - Starting attempt 1 of 1
[2022-04-11 20:00:13,565] {taskinstance.py:1240} INFO - 
--------------------------------------------------------------------------------
[2022-04-11 20:00:13,600] {taskinstance.py:1259} INFO - Executing <Task(BashOperator): rm_task> on 2003-01-01 00:00:00+00:00
[2022-04-11 20:00:13,612] {standard_task_runner.py:52} INFO - Started process 356902 to run task
[2022-04-11 20:00:13,635] {standard_task_runner.py:76} INFO - Running: ['***', 'tasks', 'run', 'roster_data', 'rm_task', 'scheduled__2003-01-01T00:00:00+00:00', '--job-id', '1768', '--raw', '--subdir', 'DAGS_FOLDER/nfl_to_gcs.py', '--cfg-path', '/tmp/tmpolkui50a', '--error-file', '/tmp/tmpqp7o0711']
[2022-04-11 20:00:13,642] {standard_task_runner.py:77} INFO - Job 1768: Subtask rm_task
[2022-04-11 20:00:13,799] {logging_mixin.py:109} INFO - Running <TaskInstance: roster_data.rm_task scheduled__2003-01-01T00:00:00+00:00 [running]> on host 4ed3eda454fd
[2022-04-11 20:00:14,007] {taskinstance.py:1426} INFO - Exporting the following env vars:
AIRFLOW_CTX_DAG_OWNER=***
AIRFLOW_CTX_DAG_ID=roster_data
AIRFLOW_CTX_TASK_ID=rm_task
AIRFLOW_CTX_EXECUTION_DATE=2003-01-01T00:00:00+00:00
AIRFLOW_CTX_DAG_RUN_ID=scheduled__2003-01-01T00:00:00+00:00
[2022-04-11 20:00:14,009] {subprocess.py:62} INFO - Tmp dir root location: 
 /tmp
[2022-04-11 20:00:14,009] {subprocess.py:74} INFO - Running command: ['bash', '-c', 'rm "/opt/***/roster_data_2003.parquet"']
[2022-04-11 20:00:14,030] {subprocess.py:85} INFO - Output:
[2022-04-11 20:00:14,038] {subprocess.py:93} INFO - Command exited with return code 0
[2022-04-11 20:00:14,084] {taskinstance.py:1277} INFO - Marking task as SUCCESS. dag_id=roster_data, task_id=rm_task, execution_date=20030101T000000, start_date=20220411T200013, end_date=20220411T200014
[2022-04-11 20:00:14,168] {local_task_job.py:154} INFO - Task exited with return code 0
[2022-04-11 20:00:14,228] {local_task_job.py:264} INFO - 0 downstream tasks scheduled from follow-on schedule check
[2022-04-23 16:30:48,016] {taskinstance.py:1032} INFO - Dependencies all met for <TaskInstance: roster_data.rm_task scheduled__2003-01-01T00:00:00+00:00 [queued]>
[2022-04-23 16:30:48,054] {taskinstance.py:1032} INFO - Dependencies all met for <TaskInstance: roster_data.rm_task scheduled__2003-01-01T00:00:00+00:00 [queued]>
[2022-04-23 16:30:48,055] {taskinstance.py:1238} INFO - 
--------------------------------------------------------------------------------
[2022-04-23 16:30:48,055] {taskinstance.py:1239} INFO - Starting attempt 1 of 1
[2022-04-23 16:30:48,055] {taskinstance.py:1240} INFO - 
--------------------------------------------------------------------------------
[2022-04-23 16:30:48,092] {taskinstance.py:1259} INFO - Executing <Task(BashOperator): rm_task> on 2003-01-01 00:00:00+00:00
[2022-04-23 16:30:48,100] {standard_task_runner.py:52} INFO - Started process 2344 to run task
[2022-04-23 16:30:48,112] {standard_task_runner.py:76} INFO - Running: ['***', 'tasks', 'run', 'roster_data', 'rm_task', 'scheduled__2003-01-01T00:00:00+00:00', '--job-id', '2054', '--raw', '--subdir', 'DAGS_FOLDER/nfl_to_gcs.py', '--cfg-path', '/tmp/tmp5ttr7fvx', '--error-file', '/tmp/tmpcsb2d78x']
[2022-04-23 16:30:48,113] {standard_task_runner.py:77} INFO - Job 2054: Subtask rm_task
[2022-04-23 16:30:48,226] {logging_mixin.py:109} INFO - Running <TaskInstance: roster_data.rm_task scheduled__2003-01-01T00:00:00+00:00 [running]> on host 04f3a8edbeca
[2022-04-23 16:30:48,338] {taskinstance.py:1426} INFO - Exporting the following env vars:
AIRFLOW_CTX_DAG_OWNER=***
AIRFLOW_CTX_DAG_ID=roster_data
AIRFLOW_CTX_TASK_ID=rm_task
AIRFLOW_CTX_EXECUTION_DATE=2003-01-01T00:00:00+00:00
AIRFLOW_CTX_DAG_RUN_ID=scheduled__2003-01-01T00:00:00+00:00
[2022-04-23 16:30:48,339] {subprocess.py:62} INFO - Tmp dir root location: 
 /tmp
[2022-04-23 16:30:48,340] {subprocess.py:74} INFO - Running command: ['bash', '-c', 'rm "/opt/***/roster_data_2003.parquet"']
[2022-04-23 16:30:48,362] {subprocess.py:85} INFO - Output:
[2022-04-23 16:30:48,370] {subprocess.py:93} INFO - Command exited with return code 0
[2022-04-23 16:30:48,421] {taskinstance.py:1277} INFO - Marking task as SUCCESS. dag_id=roster_data, task_id=rm_task, execution_date=20030101T000000, start_date=20220423T163048, end_date=20220423T163048
[2022-04-23 16:30:48,474] {local_task_job.py:154} INFO - Task exited with return code 0
[2022-04-23 16:30:48,519] {local_task_job.py:264} INFO - 0 downstream tasks scheduled from follow-on schedule check
