[2022-04-11 20:01:41,382] {taskinstance.py:1032} INFO - Dependencies all met for <TaskInstance: roster_data.rm_task scheduled__2016-01-01T00:00:00+00:00 [queued]>
[2022-04-11 20:01:41,394] {taskinstance.py:1032} INFO - Dependencies all met for <TaskInstance: roster_data.rm_task scheduled__2016-01-01T00:00:00+00:00 [queued]>
[2022-04-11 20:01:41,394] {taskinstance.py:1238} INFO - 
--------------------------------------------------------------------------------
[2022-04-11 20:01:41,394] {taskinstance.py:1239} INFO - Starting attempt 1 of 1
[2022-04-11 20:01:41,394] {taskinstance.py:1240} INFO - 
--------------------------------------------------------------------------------
[2022-04-11 20:01:41,409] {taskinstance.py:1259} INFO - Executing <Task(BashOperator): rm_task> on 2016-01-01 00:00:00+00:00
[2022-04-11 20:01:41,418] {standard_task_runner.py:52} INFO - Started process 357539 to run task
[2022-04-11 20:01:41,430] {standard_task_runner.py:76} INFO - Running: ['***', 'tasks', 'run', 'roster_data', 'rm_task', 'scheduled__2016-01-01T00:00:00+00:00', '--job-id', '1837', '--raw', '--subdir', 'DAGS_FOLDER/nfl_to_gcs.py', '--cfg-path', '/tmp/tmpcnluzg7f', '--error-file', '/tmp/tmpikwkz73z']
[2022-04-11 20:01:41,431] {standard_task_runner.py:77} INFO - Job 1837: Subtask rm_task
[2022-04-11 20:01:41,516] {logging_mixin.py:109} INFO - Running <TaskInstance: roster_data.rm_task scheduled__2016-01-01T00:00:00+00:00 [running]> on host 4ed3eda454fd
[2022-04-11 20:01:41,606] {taskinstance.py:1426} INFO - Exporting the following env vars:
AIRFLOW_CTX_DAG_OWNER=***
AIRFLOW_CTX_DAG_ID=roster_data
AIRFLOW_CTX_TASK_ID=rm_task
AIRFLOW_CTX_EXECUTION_DATE=2016-01-01T00:00:00+00:00
AIRFLOW_CTX_DAG_RUN_ID=scheduled__2016-01-01T00:00:00+00:00
[2022-04-11 20:01:41,608] {subprocess.py:62} INFO - Tmp dir root location: 
 /tmp
[2022-04-11 20:01:41,608] {subprocess.py:74} INFO - Running command: ['bash', '-c', 'rm "/opt/***/roster_data_2016.parquet"']
[2022-04-11 20:01:41,627] {subprocess.py:85} INFO - Output:
[2022-04-11 20:01:41,633] {subprocess.py:93} INFO - Command exited with return code 0
[2022-04-11 20:01:41,674] {taskinstance.py:1277} INFO - Marking task as SUCCESS. dag_id=roster_data, task_id=rm_task, execution_date=20160101T000000, start_date=20220411T200141, end_date=20220411T200141
[2022-04-11 20:01:41,718] {local_task_job.py:154} INFO - Task exited with return code 0
[2022-04-11 20:01:41,757] {local_task_job.py:264} INFO - 0 downstream tasks scheduled from follow-on schedule check
[2022-04-23 16:32:26,923] {taskinstance.py:1032} INFO - Dependencies all met for <TaskInstance: roster_data.rm_task scheduled__2016-01-01T00:00:00+00:00 [queued]>
[2022-04-23 16:32:26,945] {taskinstance.py:1032} INFO - Dependencies all met for <TaskInstance: roster_data.rm_task scheduled__2016-01-01T00:00:00+00:00 [queued]>
[2022-04-23 16:32:26,945] {taskinstance.py:1238} INFO - 
--------------------------------------------------------------------------------
[2022-04-23 16:32:26,945] {taskinstance.py:1239} INFO - Starting attempt 1 of 1
[2022-04-23 16:32:26,946] {taskinstance.py:1240} INFO - 
--------------------------------------------------------------------------------
[2022-04-23 16:32:26,964] {taskinstance.py:1259} INFO - Executing <Task(BashOperator): rm_task> on 2016-01-01 00:00:00+00:00
[2022-04-23 16:32:26,977] {standard_task_runner.py:52} INFO - Started process 3078 to run task
[2022-04-23 16:32:26,990] {standard_task_runner.py:76} INFO - Running: ['***', 'tasks', 'run', 'roster_data', 'rm_task', 'scheduled__2016-01-01T00:00:00+00:00', '--job-id', '2131', '--raw', '--subdir', 'DAGS_FOLDER/nfl_to_gcs.py', '--cfg-path', '/tmp/tmprw653k4h', '--error-file', '/tmp/tmp5wfje9hm']
[2022-04-23 16:32:26,991] {standard_task_runner.py:77} INFO - Job 2131: Subtask rm_task
[2022-04-23 16:32:27,177] {logging_mixin.py:109} INFO - Running <TaskInstance: roster_data.rm_task scheduled__2016-01-01T00:00:00+00:00 [running]> on host 04f3a8edbeca
[2022-04-23 16:32:27,361] {taskinstance.py:1426} INFO - Exporting the following env vars:
AIRFLOW_CTX_DAG_OWNER=***
AIRFLOW_CTX_DAG_ID=roster_data
AIRFLOW_CTX_TASK_ID=rm_task
AIRFLOW_CTX_EXECUTION_DATE=2016-01-01T00:00:00+00:00
AIRFLOW_CTX_DAG_RUN_ID=scheduled__2016-01-01T00:00:00+00:00
[2022-04-23 16:32:27,363] {subprocess.py:62} INFO - Tmp dir root location: 
 /tmp
[2022-04-23 16:32:27,363] {subprocess.py:74} INFO - Running command: ['bash', '-c', 'rm "/opt/***/roster_data_2016.parquet"']
[2022-04-23 16:32:27,393] {subprocess.py:85} INFO - Output:
[2022-04-23 16:32:27,400] {subprocess.py:93} INFO - Command exited with return code 0
[2022-04-23 16:32:27,540] {taskinstance.py:1277} INFO - Marking task as SUCCESS. dag_id=roster_data, task_id=rm_task, execution_date=20160101T000000, start_date=20220423T163226, end_date=20220423T163227
[2022-04-23 16:32:27,642] {local_task_job.py:154} INFO - Task exited with return code 0
[2022-04-23 16:32:27,733] {local_task_job.py:264} INFO - 0 downstream tasks scheduled from follow-on schedule check
