[2022-04-24 14:47:21,070] {taskinstance.py:1032} INFO - Dependencies all met for <TaskInstance: pbp_data_bq_dag.bq_ext_2_part_task scheduled__2016-01-01T00:00:00+00:00 [queued]>
[2022-04-24 14:47:21,085] {taskinstance.py:1032} INFO - Dependencies all met for <TaskInstance: pbp_data_bq_dag.bq_ext_2_part_task scheduled__2016-01-01T00:00:00+00:00 [queued]>
[2022-04-24 14:47:21,086] {taskinstance.py:1238} INFO - 
--------------------------------------------------------------------------------
[2022-04-24 14:47:21,086] {taskinstance.py:1239} INFO - Starting attempt 1 of 1
[2022-04-24 14:47:21,086] {taskinstance.py:1240} INFO - 
--------------------------------------------------------------------------------
[2022-04-24 14:47:21,105] {taskinstance.py:1259} INFO - Executing <Task(BigQueryInsertJobOperator): bq_ext_2_part_task> on 2016-01-01 00:00:00+00:00
[2022-04-24 14:47:21,120] {standard_task_runner.py:52} INFO - Started process 3113 to run task
[2022-04-24 14:47:21,135] {standard_task_runner.py:76} INFO - Running: ['***', 'tasks', 'run', 'pbp_data_bq_dag', 'bq_ext_2_part_task', 'scheduled__2016-01-01T00:00:00+00:00', '--job-id', '2203', '--raw', '--subdir', 'DAGS_FOLDER/nfl_gcs_to_bq.py', '--cfg-path', '/tmp/tmp8r7cb_z_', '--error-file', '/tmp/tmp1lsc230s']
[2022-04-24 14:47:21,141] {standard_task_runner.py:77} INFO - Job 2203: Subtask bq_ext_2_part_task
[2022-04-24 14:47:21,309] {logging_mixin.py:109} INFO - Running <TaskInstance: pbp_data_bq_dag.bq_ext_2_part_task scheduled__2016-01-01T00:00:00+00:00 [running]> on host 28475d5c3e7a
[2022-04-24 14:47:21,438] {taskinstance.py:1426} INFO - Exporting the following env vars:
AIRFLOW_CTX_DAG_OWNER=***
AIRFLOW_CTX_DAG_ID=pbp_data_bq_dag
AIRFLOW_CTX_TASK_ID=bq_ext_2_part_task
AIRFLOW_CTX_EXECUTION_DATE=2016-01-01T00:00:00+00:00
AIRFLOW_CTX_DAG_RUN_ID=scheduled__2016-01-01T00:00:00+00:00
[2022-04-24 14:47:21,441] {crypto.py:82} WARNING - empty cryptography key - values will not be stored encrypted.
[2022-04-24 14:47:21,453] {logging_mixin.py:109} WARNING - /home/***/.local/lib/python3.7/site-packages/***/utils/context.py:152 AirflowContextDeprecationWarning: Accessing 'execution_date' from the template is deprecated and will be removed in a future version. Please use 'data_interval_start' or 'logical_date' instead.
[2022-04-24 14:47:21,465] {bigquery.py:1637} INFO - Inserting job ***_pbp_data_bq_dag_bq_ext_2_part_task_2016_01_01T00_00_00_00_00_04bc640cab22242183380645aa94c97a
[2022-04-24 14:47:26,795] {taskinstance.py:1277} INFO - Marking task as SUCCESS. dag_id=pbp_data_bq_dag, task_id=bq_ext_2_part_task, execution_date=20160101T000000, start_date=20220424T144721, end_date=20220424T144726
[2022-04-24 14:47:26,817] {local_task_job.py:154} INFO - Task exited with return code 0
[2022-04-24 14:47:26,846] {local_task_job.py:264} INFO - 0 downstream tasks scheduled from follow-on schedule check
[2022-04-25 12:36:39,565] {taskinstance.py:1032} INFO - Dependencies all met for <TaskInstance: pbp_data_bq_dag.bq_ext_2_part_task scheduled__2016-01-01T00:00:00+00:00 [queued]>
[2022-04-25 12:36:39,580] {taskinstance.py:1032} INFO - Dependencies all met for <TaskInstance: pbp_data_bq_dag.bq_ext_2_part_task scheduled__2016-01-01T00:00:00+00:00 [queued]>
[2022-04-25 12:36:39,580] {taskinstance.py:1238} INFO - 
--------------------------------------------------------------------------------
[2022-04-25 12:36:39,580] {taskinstance.py:1239} INFO - Starting attempt 1 of 1
[2022-04-25 12:36:39,580] {taskinstance.py:1240} INFO - 
--------------------------------------------------------------------------------
[2022-04-25 12:36:39,598] {taskinstance.py:1259} INFO - Executing <Task(BigQueryInsertJobOperator): bq_ext_2_part_task> on 2016-01-01 00:00:00+00:00
[2022-04-25 12:36:39,605] {standard_task_runner.py:52} INFO - Started process 817 to run task
[2022-04-25 12:36:39,616] {standard_task_runner.py:76} INFO - Running: ['***', 'tasks', 'run', 'pbp_data_bq_dag', 'bq_ext_2_part_task', 'scheduled__2016-01-01T00:00:00+00:00', '--job-id', '2356', '--raw', '--subdir', 'DAGS_FOLDER/nfl_gcs_to_bq.py', '--cfg-path', '/tmp/tmpo7ytryvo', '--error-file', '/tmp/tmpm5dv12w1']
[2022-04-25 12:36:39,617] {standard_task_runner.py:77} INFO - Job 2356: Subtask bq_ext_2_part_task
[2022-04-25 12:36:39,718] {logging_mixin.py:109} INFO - Running <TaskInstance: pbp_data_bq_dag.bq_ext_2_part_task scheduled__2016-01-01T00:00:00+00:00 [running]> on host de169a1be7ed
[2022-04-25 12:36:39,856] {taskinstance.py:1426} INFO - Exporting the following env vars:
AIRFLOW_CTX_DAG_OWNER=***
AIRFLOW_CTX_DAG_ID=pbp_data_bq_dag
AIRFLOW_CTX_TASK_ID=bq_ext_2_part_task
AIRFLOW_CTX_EXECUTION_DATE=2016-01-01T00:00:00+00:00
AIRFLOW_CTX_DAG_RUN_ID=scheduled__2016-01-01T00:00:00+00:00
[2022-04-25 12:36:39,861] {crypto.py:82} WARNING - empty cryptography key - values will not be stored encrypted.
[2022-04-25 12:36:39,878] {logging_mixin.py:109} WARNING - /home/***/.local/lib/python3.7/site-packages/***/utils/context.py:152 AirflowContextDeprecationWarning: Accessing 'execution_date' from the template is deprecated and will be removed in a future version. Please use 'data_interval_start' or 'logical_date' instead.
[2022-04-25 12:36:39,902] {bigquery.py:1637} INFO - Inserting job ***_pbp_data_bq_dag_bq_ext_2_part_task_2016_01_01T00_00_00_00_00_6441ce352df5c6c07a759bf7f0433d89
[2022-04-25 12:36:43,978] {taskinstance.py:1277} INFO - Marking task as SUCCESS. dag_id=pbp_data_bq_dag, task_id=bq_ext_2_part_task, execution_date=20160101T000000, start_date=20220425T123639, end_date=20220425T123643
[2022-04-25 12:36:44,025] {local_task_job.py:154} INFO - Task exited with return code 0
[2022-04-25 12:36:44,074] {local_task_job.py:264} INFO - 0 downstream tasks scheduled from follow-on schedule check
