[2022-04-11 20:06:42,790] {taskinstance.py:1032} INFO - Dependencies all met for <TaskInstance: schedule_data.rm_task scheduled__2014-01-01T00:00:00+00:00 [queued]>
[2022-04-11 20:06:42,805] {taskinstance.py:1032} INFO - Dependencies all met for <TaskInstance: schedule_data.rm_task scheduled__2014-01-01T00:00:00+00:00 [queued]>
[2022-04-11 20:06:42,805] {taskinstance.py:1238} INFO - 
--------------------------------------------------------------------------------
[2022-04-11 20:06:42,806] {taskinstance.py:1239} INFO - Starting attempt 1 of 1
[2022-04-11 20:06:42,806] {taskinstance.py:1240} INFO - 
--------------------------------------------------------------------------------
[2022-04-11 20:06:42,834] {taskinstance.py:1259} INFO - Executing <Task(BashOperator): rm_task> on 2014-01-01 00:00:00+00:00
[2022-04-11 20:06:42,843] {standard_task_runner.py:52} INFO - Started process 358986 to run task
[2022-04-11 20:06:42,887] {standard_task_runner.py:76} INFO - Running: ['***', 'tasks', 'run', 'schedule_data', 'rm_task', 'scheduled__2014-01-01T00:00:00+00:00', '--job-id', '1984', '--raw', '--subdir', 'DAGS_FOLDER/nfl_to_gcs.py', '--cfg-path', '/tmp/tmp82j4oras', '--error-file', '/tmp/tmpwe8n5esj']
[2022-04-11 20:06:42,890] {standard_task_runner.py:77} INFO - Job 1984: Subtask rm_task
[2022-04-11 20:06:43,045] {logging_mixin.py:109} INFO - Running <TaskInstance: schedule_data.rm_task scheduled__2014-01-01T00:00:00+00:00 [running]> on host 4ed3eda454fd
[2022-04-11 20:06:43,235] {taskinstance.py:1426} INFO - Exporting the following env vars:
AIRFLOW_CTX_DAG_OWNER=***
AIRFLOW_CTX_DAG_ID=schedule_data
AIRFLOW_CTX_TASK_ID=rm_task
AIRFLOW_CTX_EXECUTION_DATE=2014-01-01T00:00:00+00:00
AIRFLOW_CTX_DAG_RUN_ID=scheduled__2014-01-01T00:00:00+00:00
[2022-04-11 20:06:43,236] {subprocess.py:62} INFO - Tmp dir root location: 
 /tmp
[2022-04-11 20:06:43,237] {subprocess.py:74} INFO - Running command: ['bash', '-c', 'rm "/opt/***/schedule_data_2014.parquet"']
[2022-04-11 20:06:43,292] {subprocess.py:85} INFO - Output:
[2022-04-11 20:06:43,308] {subprocess.py:93} INFO - Command exited with return code 0
[2022-04-11 20:06:43,603] {taskinstance.py:1277} INFO - Marking task as SUCCESS. dag_id=schedule_data, task_id=rm_task, execution_date=20140101T000000, start_date=20220411T200642, end_date=20220411T200643
[2022-04-11 20:06:43,705] {local_task_job.py:154} INFO - Task exited with return code 0
[2022-04-11 20:06:43,812] {local_task_job.py:264} INFO - 0 downstream tasks scheduled from follow-on schedule check
