[2022-04-11 20:02:09,350] {taskinstance.py:1032} INFO - Dependencies all met for <TaskInstance: roster_data.local_to_gcs_task scheduled__2018-01-01T00:00:00+00:00 [queued]>
[2022-04-11 20:02:09,365] {taskinstance.py:1032} INFO - Dependencies all met for <TaskInstance: roster_data.local_to_gcs_task scheduled__2018-01-01T00:00:00+00:00 [queued]>
[2022-04-11 20:02:09,366] {taskinstance.py:1238} INFO - 
--------------------------------------------------------------------------------
[2022-04-11 20:02:09,366] {taskinstance.py:1239} INFO - Starting attempt 1 of 1
[2022-04-11 20:02:09,366] {taskinstance.py:1240} INFO - 
--------------------------------------------------------------------------------
[2022-04-11 20:02:09,384] {taskinstance.py:1259} INFO - Executing <Task(PythonOperator): local_to_gcs_task> on 2018-01-01 00:00:00+00:00
[2022-04-11 20:02:09,394] {standard_task_runner.py:52} INFO - Started process 357626 to run task
[2022-04-11 20:02:09,415] {standard_task_runner.py:76} INFO - Running: ['***', 'tasks', 'run', 'roster_data', 'local_to_gcs_task', 'scheduled__2018-01-01T00:00:00+00:00', '--job-id', '1842', '--raw', '--subdir', 'DAGS_FOLDER/nfl_to_gcs.py', '--cfg-path', '/tmp/tmpb5r9iszu', '--error-file', '/tmp/tmp7s78g1o0']
[2022-04-11 20:02:09,417] {standard_task_runner.py:77} INFO - Job 1842: Subtask local_to_gcs_task
[2022-04-11 20:02:09,572] {logging_mixin.py:109} INFO - Running <TaskInstance: roster_data.local_to_gcs_task scheduled__2018-01-01T00:00:00+00:00 [running]> on host 4ed3eda454fd
[2022-04-11 20:02:09,686] {logging_mixin.py:109} WARNING - /home/***/.local/lib/python3.7/site-packages/***/utils/context.py:152 AirflowContextDeprecationWarning: Accessing 'execution_date' from the template is deprecated and will be removed in a future version. Please use 'data_interval_start' or 'logical_date' instead.
[2022-04-11 20:02:09,741] {taskinstance.py:1426} INFO - Exporting the following env vars:
AIRFLOW_CTX_DAG_OWNER=***
AIRFLOW_CTX_DAG_ID=roster_data
AIRFLOW_CTX_TASK_ID=local_to_gcs_task
AIRFLOW_CTX_EXECUTION_DATE=2018-01-01T00:00:00+00:00
AIRFLOW_CTX_DAG_RUN_ID=scheduled__2018-01-01T00:00:00+00:00
[2022-04-11 20:02:09,744] {logging_mixin.py:109} WARNING - /home/***/.local/lib/python3.7/site-packages/***/utils/context.py:152 AirflowContextDeprecationWarning: Accessing 'next_ds' from the template is deprecated and will be removed in a future version. Please use '{{ data_interval_end | ds }}' instead.
[2022-04-11 20:02:09,746] {logging_mixin.py:109} WARNING - /home/***/.local/lib/python3.7/site-packages/***/utils/context.py:152 AirflowContextDeprecationWarning: Accessing 'next_ds_nodash' from the template is deprecated and will be removed in a future version. Please use '{{ data_interval_end | ds_nodash }}' instead.
[2022-04-11 20:02:09,747] {logging_mixin.py:109} WARNING - /home/***/.local/lib/python3.7/site-packages/***/utils/context.py:152 AirflowContextDeprecationWarning: Accessing 'next_execution_date' from the template is deprecated and will be removed in a future version. Please use 'data_interval_end' instead.
[2022-04-11 20:02:09,772] {logging_mixin.py:109} WARNING - /home/***/.local/lib/python3.7/site-packages/***/utils/context.py:152 AirflowContextDeprecationWarning: Accessing 'prev_ds' from the template is deprecated and will be removed in a future version.
[2022-04-11 20:02:09,773] {logging_mixin.py:109} WARNING - /home/***/.local/lib/python3.7/site-packages/***/utils/context.py:152 AirflowContextDeprecationWarning: Accessing 'prev_ds_nodash' from the template is deprecated and will be removed in a future version.
[2022-04-11 20:02:09,775] {logging_mixin.py:109} WARNING - /home/***/.local/lib/python3.7/site-packages/***/utils/context.py:152 AirflowContextDeprecationWarning: Accessing 'prev_execution_date' from the template is deprecated and will be removed in a future version.
[2022-04-11 20:02:09,776] {logging_mixin.py:109} WARNING - /home/***/.local/lib/python3.7/site-packages/***/utils/context.py:152 AirflowContextDeprecationWarning: Accessing 'prev_execution_date_success' from the template is deprecated and will be removed in a future version. Please use 'prev_data_interval_start_success' instead.
[2022-04-11 20:02:09,777] {logging_mixin.py:109} WARNING - /home/***/.local/lib/python3.7/site-packages/***/utils/context.py:152 AirflowContextDeprecationWarning: Accessing 'tomorrow_ds' from the template is deprecated and will be removed in a future version.
[2022-04-11 20:02:09,778] {logging_mixin.py:109} WARNING - /home/***/.local/lib/python3.7/site-packages/***/utils/context.py:152 AirflowContextDeprecationWarning: Accessing 'tomorrow_ds_nodash' from the template is deprecated and will be removed in a future version.
[2022-04-11 20:02:09,779] {logging_mixin.py:109} WARNING - /home/***/.local/lib/python3.7/site-packages/***/utils/context.py:152 AirflowContextDeprecationWarning: Accessing 'yesterday_ds' from the template is deprecated and will be removed in a future version.
[2022-04-11 20:02:09,780] {logging_mixin.py:109} WARNING - /home/***/.local/lib/python3.7/site-packages/***/utils/context.py:152 AirflowContextDeprecationWarning: Accessing 'yesterday_ds_nodash' from the template is deprecated and will be removed in a future version.
[2022-04-11 20:02:10,597] {python.py:175} INFO - Done. Returned value was: None
[2022-04-11 20:02:10,691] {taskinstance.py:1277} INFO - Marking task as SUCCESS. dag_id=roster_data, task_id=local_to_gcs_task, execution_date=20180101T000000, start_date=20220411T200209, end_date=20220411T200210
[2022-04-11 20:02:10,768] {local_task_job.py:154} INFO - Task exited with return code 0
[2022-04-11 20:02:10,868] {local_task_job.py:264} INFO - 1 downstream tasks scheduled from follow-on schedule check
[2022-04-23 16:32:35,669] {taskinstance.py:1032} INFO - Dependencies all met for <TaskInstance: roster_data.local_to_gcs_task scheduled__2018-01-01T00:00:00+00:00 [queued]>
[2022-04-23 16:32:35,686] {taskinstance.py:1032} INFO - Dependencies all met for <TaskInstance: roster_data.local_to_gcs_task scheduled__2018-01-01T00:00:00+00:00 [queued]>
[2022-04-23 16:32:35,686] {taskinstance.py:1238} INFO - 
--------------------------------------------------------------------------------
[2022-04-23 16:32:35,686] {taskinstance.py:1239} INFO - Starting attempt 1 of 1
[2022-04-23 16:32:35,686] {taskinstance.py:1240} INFO - 
--------------------------------------------------------------------------------
[2022-04-23 16:32:35,700] {taskinstance.py:1259} INFO - Executing <Task(PythonOperator): local_to_gcs_task> on 2018-01-01 00:00:00+00:00
[2022-04-23 16:32:35,708] {standard_task_runner.py:52} INFO - Started process 3138 to run task
[2022-04-23 16:32:35,714] {standard_task_runner.py:76} INFO - Running: ['***', 'tasks', 'run', 'roster_data', 'local_to_gcs_task', 'scheduled__2018-01-01T00:00:00+00:00', '--job-id', '2137', '--raw', '--subdir', 'DAGS_FOLDER/nfl_to_gcs.py', '--cfg-path', '/tmp/tmpyo1cuhqw', '--error-file', '/tmp/tmphujt8om8']
[2022-04-23 16:32:35,716] {standard_task_runner.py:77} INFO - Job 2137: Subtask local_to_gcs_task
[2022-04-23 16:32:35,802] {logging_mixin.py:109} INFO - Running <TaskInstance: roster_data.local_to_gcs_task scheduled__2018-01-01T00:00:00+00:00 [running]> on host 04f3a8edbeca
[2022-04-23 16:32:35,867] {logging_mixin.py:109} WARNING - /home/***/.local/lib/python3.7/site-packages/***/utils/context.py:152 AirflowContextDeprecationWarning: Accessing 'execution_date' from the template is deprecated and will be removed in a future version. Please use 'data_interval_start' or 'logical_date' instead.
[2022-04-23 16:32:35,900] {taskinstance.py:1426} INFO - Exporting the following env vars:
AIRFLOW_CTX_DAG_OWNER=***
AIRFLOW_CTX_DAG_ID=roster_data
AIRFLOW_CTX_TASK_ID=local_to_gcs_task
AIRFLOW_CTX_EXECUTION_DATE=2018-01-01T00:00:00+00:00
AIRFLOW_CTX_DAG_RUN_ID=scheduled__2018-01-01T00:00:00+00:00
[2022-04-23 16:32:35,903] {logging_mixin.py:109} WARNING - /home/***/.local/lib/python3.7/site-packages/***/utils/context.py:152 AirflowContextDeprecationWarning: Accessing 'next_ds' from the template is deprecated and will be removed in a future version. Please use '{{ data_interval_end | ds }}' instead.
[2022-04-23 16:32:35,904] {logging_mixin.py:109} WARNING - /home/***/.local/lib/python3.7/site-packages/***/utils/context.py:152 AirflowContextDeprecationWarning: Accessing 'next_ds_nodash' from the template is deprecated and will be removed in a future version. Please use '{{ data_interval_end | ds_nodash }}' instead.
[2022-04-23 16:32:35,905] {logging_mixin.py:109} WARNING - /home/***/.local/lib/python3.7/site-packages/***/utils/context.py:152 AirflowContextDeprecationWarning: Accessing 'next_execution_date' from the template is deprecated and will be removed in a future version. Please use 'data_interval_end' instead.
[2022-04-23 16:32:35,906] {logging_mixin.py:109} WARNING - /home/***/.local/lib/python3.7/site-packages/***/utils/context.py:152 AirflowContextDeprecationWarning: Accessing 'prev_ds' from the template is deprecated and will be removed in a future version.
[2022-04-23 16:32:35,906] {logging_mixin.py:109} WARNING - /home/***/.local/lib/python3.7/site-packages/***/utils/context.py:152 AirflowContextDeprecationWarning: Accessing 'prev_ds_nodash' from the template is deprecated and will be removed in a future version.
[2022-04-23 16:32:35,907] {logging_mixin.py:109} WARNING - /home/***/.local/lib/python3.7/site-packages/***/utils/context.py:152 AirflowContextDeprecationWarning: Accessing 'prev_execution_date' from the template is deprecated and will be removed in a future version.
[2022-04-23 16:32:35,908] {logging_mixin.py:109} WARNING - /home/***/.local/lib/python3.7/site-packages/***/utils/context.py:152 AirflowContextDeprecationWarning: Accessing 'prev_execution_date_success' from the template is deprecated and will be removed in a future version. Please use 'prev_data_interval_start_success' instead.
[2022-04-23 16:32:35,909] {logging_mixin.py:109} WARNING - /home/***/.local/lib/python3.7/site-packages/***/utils/context.py:152 AirflowContextDeprecationWarning: Accessing 'tomorrow_ds' from the template is deprecated and will be removed in a future version.
[2022-04-23 16:32:35,911] {logging_mixin.py:109} WARNING - /home/***/.local/lib/python3.7/site-packages/***/utils/context.py:152 AirflowContextDeprecationWarning: Accessing 'tomorrow_ds_nodash' from the template is deprecated and will be removed in a future version.
[2022-04-23 16:32:35,912] {logging_mixin.py:109} WARNING - /home/***/.local/lib/python3.7/site-packages/***/utils/context.py:152 AirflowContextDeprecationWarning: Accessing 'yesterday_ds' from the template is deprecated and will be removed in a future version.
[2022-04-23 16:32:35,913] {logging_mixin.py:109} WARNING - /home/***/.local/lib/python3.7/site-packages/***/utils/context.py:152 AirflowContextDeprecationWarning: Accessing 'yesterday_ds_nodash' from the template is deprecated and will be removed in a future version.
[2022-04-23 16:32:36,699] {python.py:175} INFO - Done. Returned value was: None
[2022-04-23 16:32:36,758] {taskinstance.py:1277} INFO - Marking task as SUCCESS. dag_id=roster_data, task_id=local_to_gcs_task, execution_date=20180101T000000, start_date=20220423T163235, end_date=20220423T163236
[2022-04-23 16:32:36,824] {local_task_job.py:154} INFO - Task exited with return code 0
[2022-04-23 16:32:36,916] {local_task_job.py:264} INFO - 1 downstream tasks scheduled from follow-on schedule check
