[2022-04-11 20:01:14,523] {taskinstance.py:1032} INFO - Dependencies all met for <TaskInstance: roster_data.rm_task scheduled__2008-01-01T00:00:00+00:00 [queued]>
[2022-04-11 20:01:14,548] {taskinstance.py:1032} INFO - Dependencies all met for <TaskInstance: roster_data.rm_task scheduled__2008-01-01T00:00:00+00:00 [queued]>
[2022-04-11 20:01:14,548] {taskinstance.py:1238} INFO - 
--------------------------------------------------------------------------------
[2022-04-11 20:01:14,548] {taskinstance.py:1239} INFO - Starting attempt 1 of 1
[2022-04-11 20:01:14,548] {taskinstance.py:1240} INFO - 
--------------------------------------------------------------------------------
[2022-04-11 20:01:14,585] {taskinstance.py:1259} INFO - Executing <Task(BashOperator): rm_task> on 2008-01-01 00:00:00+00:00
[2022-04-11 20:01:14,598] {standard_task_runner.py:52} INFO - Started process 357316 to run task
[2022-04-11 20:01:14,639] {standard_task_runner.py:76} INFO - Running: ['***', 'tasks', 'run', 'roster_data', 'rm_task', 'scheduled__2008-01-01T00:00:00+00:00', '--job-id', '1813', '--raw', '--subdir', 'DAGS_FOLDER/nfl_to_gcs.py', '--cfg-path', '/tmp/tmpdb3zyoxo', '--error-file', '/tmp/tmpuedc2avb']
[2022-04-11 20:01:14,649] {standard_task_runner.py:77} INFO - Job 1813: Subtask rm_task
[2022-04-11 20:01:14,847] {logging_mixin.py:109} INFO - Running <TaskInstance: roster_data.rm_task scheduled__2008-01-01T00:00:00+00:00 [running]> on host 4ed3eda454fd
[2022-04-11 20:01:15,139] {taskinstance.py:1426} INFO - Exporting the following env vars:
AIRFLOW_CTX_DAG_OWNER=***
AIRFLOW_CTX_DAG_ID=roster_data
AIRFLOW_CTX_TASK_ID=rm_task
AIRFLOW_CTX_EXECUTION_DATE=2008-01-01T00:00:00+00:00
AIRFLOW_CTX_DAG_RUN_ID=scheduled__2008-01-01T00:00:00+00:00
[2022-04-11 20:01:15,141] {subprocess.py:62} INFO - Tmp dir root location: 
 /tmp
[2022-04-11 20:01:15,142] {subprocess.py:74} INFO - Running command: ['bash', '-c', 'rm "/opt/***/roster_data_2008.parquet"']
[2022-04-11 20:01:15,177] {subprocess.py:85} INFO - Output:
[2022-04-11 20:01:15,195] {subprocess.py:93} INFO - Command exited with return code 0
[2022-04-11 20:01:15,254] {taskinstance.py:1277} INFO - Marking task as SUCCESS. dag_id=roster_data, task_id=rm_task, execution_date=20080101T000000, start_date=20220411T200114, end_date=20220411T200115
[2022-04-11 20:01:15,337] {local_task_job.py:154} INFO - Task exited with return code 0
[2022-04-11 20:01:15,407] {local_task_job.py:264} INFO - 0 downstream tasks scheduled from follow-on schedule check
[2022-04-23 16:31:48,150] {taskinstance.py:1032} INFO - Dependencies all met for <TaskInstance: roster_data.rm_task scheduled__2008-01-01T00:00:00+00:00 [queued]>
[2022-04-23 16:31:48,198] {taskinstance.py:1032} INFO - Dependencies all met for <TaskInstance: roster_data.rm_task scheduled__2008-01-01T00:00:00+00:00 [queued]>
[2022-04-23 16:31:48,209] {taskinstance.py:1238} INFO - 
--------------------------------------------------------------------------------
[2022-04-23 16:31:48,210] {taskinstance.py:1239} INFO - Starting attempt 1 of 1
[2022-04-23 16:31:48,210] {taskinstance.py:1240} INFO - 
--------------------------------------------------------------------------------
[2022-04-23 16:31:48,254] {taskinstance.py:1259} INFO - Executing <Task(BashOperator): rm_task> on 2008-01-01 00:00:00+00:00
[2022-04-23 16:31:48,275] {standard_task_runner.py:52} INFO - Started process 2787 to run task
[2022-04-23 16:31:48,317] {standard_task_runner.py:76} INFO - Running: ['***', 'tasks', 'run', 'roster_data', 'rm_task', 'scheduled__2008-01-01T00:00:00+00:00', '--job-id', '2099', '--raw', '--subdir', 'DAGS_FOLDER/nfl_to_gcs.py', '--cfg-path', '/tmp/tmpu5pon19i', '--error-file', '/tmp/tmprri8vc32']
[2022-04-23 16:31:48,318] {standard_task_runner.py:77} INFO - Job 2099: Subtask rm_task
[2022-04-23 16:31:48,517] {logging_mixin.py:109} INFO - Running <TaskInstance: roster_data.rm_task scheduled__2008-01-01T00:00:00+00:00 [running]> on host 04f3a8edbeca
[2022-04-23 16:31:48,756] {taskinstance.py:1426} INFO - Exporting the following env vars:
AIRFLOW_CTX_DAG_OWNER=***
AIRFLOW_CTX_DAG_ID=roster_data
AIRFLOW_CTX_TASK_ID=rm_task
AIRFLOW_CTX_EXECUTION_DATE=2008-01-01T00:00:00+00:00
AIRFLOW_CTX_DAG_RUN_ID=scheduled__2008-01-01T00:00:00+00:00
[2022-04-23 16:31:48,760] {subprocess.py:62} INFO - Tmp dir root location: 
 /tmp
[2022-04-23 16:31:48,761] {subprocess.py:74} INFO - Running command: ['bash', '-c', 'rm "/opt/***/roster_data_2008.parquet"']
[2022-04-23 16:31:48,849] {subprocess.py:85} INFO - Output:
[2022-04-23 16:31:48,879] {subprocess.py:93} INFO - Command exited with return code 0
[2022-04-23 16:31:48,978] {taskinstance.py:1277} INFO - Marking task as SUCCESS. dag_id=roster_data, task_id=rm_task, execution_date=20080101T000000, start_date=20220423T163148, end_date=20220423T163148
[2022-04-23 16:31:49,126] {local_task_job.py:154} INFO - Task exited with return code 0
[2022-04-23 16:31:49,330] {local_task_job.py:264} INFO - 0 downstream tasks scheduled from follow-on schedule check
