[2022-04-11 20:00:38,461] {taskinstance.py:1032} INFO - Dependencies all met for <TaskInstance: roster_data.local_to_gcs_task scheduled__2007-01-01T00:00:00+00:00 [queued]>
[2022-04-11 20:00:38,501] {taskinstance.py:1032} INFO - Dependencies all met for <TaskInstance: roster_data.local_to_gcs_task scheduled__2007-01-01T00:00:00+00:00 [queued]>
[2022-04-11 20:00:38,504] {taskinstance.py:1238} INFO - 
--------------------------------------------------------------------------------
[2022-04-11 20:00:38,504] {taskinstance.py:1239} INFO - Starting attempt 1 of 1
[2022-04-11 20:00:38,504] {taskinstance.py:1240} INFO - 
--------------------------------------------------------------------------------
[2022-04-11 20:00:38,527] {taskinstance.py:1259} INFO - Executing <Task(PythonOperator): local_to_gcs_task> on 2007-01-01 00:00:00+00:00
[2022-04-11 20:00:38,537] {standard_task_runner.py:52} INFO - Started process 357099 to run task
[2022-04-11 20:00:38,558] {standard_task_runner.py:76} INFO - Running: ['***', 'tasks', 'run', 'roster_data', 'local_to_gcs_task', 'scheduled__2007-01-01T00:00:00+00:00', '--job-id', '1785', '--raw', '--subdir', 'DAGS_FOLDER/nfl_to_gcs.py', '--cfg-path', '/tmp/tmp47p2dhwq', '--error-file', '/tmp/tmp2tyg3hgm']
[2022-04-11 20:00:38,566] {standard_task_runner.py:77} INFO - Job 1785: Subtask local_to_gcs_task
[2022-04-11 20:00:38,706] {logging_mixin.py:109} INFO - Running <TaskInstance: roster_data.local_to_gcs_task scheduled__2007-01-01T00:00:00+00:00 [running]> on host 4ed3eda454fd
[2022-04-11 20:00:38,895] {logging_mixin.py:109} WARNING - /home/***/.local/lib/python3.7/site-packages/***/utils/context.py:152 AirflowContextDeprecationWarning: Accessing 'execution_date' from the template is deprecated and will be removed in a future version. Please use 'data_interval_start' or 'logical_date' instead.
[2022-04-11 20:00:38,955] {taskinstance.py:1426} INFO - Exporting the following env vars:
AIRFLOW_CTX_DAG_OWNER=***
AIRFLOW_CTX_DAG_ID=roster_data
AIRFLOW_CTX_TASK_ID=local_to_gcs_task
AIRFLOW_CTX_EXECUTION_DATE=2007-01-01T00:00:00+00:00
AIRFLOW_CTX_DAG_RUN_ID=scheduled__2007-01-01T00:00:00+00:00
[2022-04-11 20:00:38,957] {logging_mixin.py:109} WARNING - /home/***/.local/lib/python3.7/site-packages/***/utils/context.py:152 AirflowContextDeprecationWarning: Accessing 'next_ds' from the template is deprecated and will be removed in a future version. Please use '{{ data_interval_end | ds }}' instead.
[2022-04-11 20:00:38,959] {logging_mixin.py:109} WARNING - /home/***/.local/lib/python3.7/site-packages/***/utils/context.py:152 AirflowContextDeprecationWarning: Accessing 'next_ds_nodash' from the template is deprecated and will be removed in a future version. Please use '{{ data_interval_end | ds_nodash }}' instead.
[2022-04-11 20:00:38,960] {logging_mixin.py:109} WARNING - /home/***/.local/lib/python3.7/site-packages/***/utils/context.py:152 AirflowContextDeprecationWarning: Accessing 'next_execution_date' from the template is deprecated and will be removed in a future version. Please use 'data_interval_end' instead.
[2022-04-11 20:00:38,961] {logging_mixin.py:109} WARNING - /home/***/.local/lib/python3.7/site-packages/***/utils/context.py:152 AirflowContextDeprecationWarning: Accessing 'prev_ds' from the template is deprecated and will be removed in a future version.
[2022-04-11 20:00:38,962] {logging_mixin.py:109} WARNING - /home/***/.local/lib/python3.7/site-packages/***/utils/context.py:152 AirflowContextDeprecationWarning: Accessing 'prev_ds_nodash' from the template is deprecated and will be removed in a future version.
[2022-04-11 20:00:38,964] {logging_mixin.py:109} WARNING - /home/***/.local/lib/python3.7/site-packages/***/utils/context.py:152 AirflowContextDeprecationWarning: Accessing 'prev_execution_date' from the template is deprecated and will be removed in a future version.
[2022-04-11 20:00:38,972] {logging_mixin.py:109} WARNING - /home/***/.local/lib/python3.7/site-packages/***/utils/context.py:152 AirflowContextDeprecationWarning: Accessing 'prev_execution_date_success' from the template is deprecated and will be removed in a future version. Please use 'prev_data_interval_start_success' instead.
[2022-04-11 20:00:38,973] {logging_mixin.py:109} WARNING - /home/***/.local/lib/python3.7/site-packages/***/utils/context.py:152 AirflowContextDeprecationWarning: Accessing 'tomorrow_ds' from the template is deprecated and will be removed in a future version.
[2022-04-11 20:00:38,975] {logging_mixin.py:109} WARNING - /home/***/.local/lib/python3.7/site-packages/***/utils/context.py:152 AirflowContextDeprecationWarning: Accessing 'tomorrow_ds_nodash' from the template is deprecated and will be removed in a future version.
[2022-04-11 20:00:38,976] {logging_mixin.py:109} WARNING - /home/***/.local/lib/python3.7/site-packages/***/utils/context.py:152 AirflowContextDeprecationWarning: Accessing 'yesterday_ds' from the template is deprecated and will be removed in a future version.
[2022-04-11 20:00:38,977] {logging_mixin.py:109} WARNING - /home/***/.local/lib/python3.7/site-packages/***/utils/context.py:152 AirflowContextDeprecationWarning: Accessing 'yesterday_ds_nodash' from the template is deprecated and will be removed in a future version.
[2022-04-11 20:00:39,784] {python.py:175} INFO - Done. Returned value was: None
[2022-04-11 20:00:39,802] {taskinstance.py:1277} INFO - Marking task as SUCCESS. dag_id=roster_data, task_id=local_to_gcs_task, execution_date=20070101T000000, start_date=20220411T200038, end_date=20220411T200039
[2022-04-11 20:00:39,832] {local_task_job.py:154} INFO - Task exited with return code 0
[2022-04-11 20:00:39,889] {local_task_job.py:264} INFO - 1 downstream tasks scheduled from follow-on schedule check
[2022-04-23 16:31:21,081] {taskinstance.py:1032} INFO - Dependencies all met for <TaskInstance: roster_data.local_to_gcs_task scheduled__2007-01-01T00:00:00+00:00 [queued]>
[2022-04-23 16:31:21,112] {taskinstance.py:1032} INFO - Dependencies all met for <TaskInstance: roster_data.local_to_gcs_task scheduled__2007-01-01T00:00:00+00:00 [queued]>
[2022-04-23 16:31:21,119] {taskinstance.py:1238} INFO - 
--------------------------------------------------------------------------------
[2022-04-23 16:31:21,120] {taskinstance.py:1239} INFO - Starting attempt 1 of 1
[2022-04-23 16:31:21,120] {taskinstance.py:1240} INFO - 
--------------------------------------------------------------------------------
[2022-04-23 16:31:21,156] {taskinstance.py:1259} INFO - Executing <Task(PythonOperator): local_to_gcs_task> on 2007-01-01 00:00:00+00:00
[2022-04-23 16:31:21,168] {standard_task_runner.py:52} INFO - Started process 2566 to run task
[2022-04-23 16:31:21,193] {standard_task_runner.py:76} INFO - Running: ['***', 'tasks', 'run', 'roster_data', 'local_to_gcs_task', 'scheduled__2007-01-01T00:00:00+00:00', '--job-id', '2072', '--raw', '--subdir', 'DAGS_FOLDER/nfl_to_gcs.py', '--cfg-path', '/tmp/tmplb9i_5cy', '--error-file', '/tmp/tmpi5v42640']
[2022-04-23 16:31:21,197] {standard_task_runner.py:77} INFO - Job 2072: Subtask local_to_gcs_task
[2022-04-23 16:31:21,336] {logging_mixin.py:109} INFO - Running <TaskInstance: roster_data.local_to_gcs_task scheduled__2007-01-01T00:00:00+00:00 [running]> on host 04f3a8edbeca
[2022-04-23 16:31:21,471] {logging_mixin.py:109} WARNING - /home/***/.local/lib/python3.7/site-packages/***/utils/context.py:152 AirflowContextDeprecationWarning: Accessing 'execution_date' from the template is deprecated and will be removed in a future version. Please use 'data_interval_start' or 'logical_date' instead.
[2022-04-23 16:31:21,504] {taskinstance.py:1426} INFO - Exporting the following env vars:
AIRFLOW_CTX_DAG_OWNER=***
AIRFLOW_CTX_DAG_ID=roster_data
AIRFLOW_CTX_TASK_ID=local_to_gcs_task
AIRFLOW_CTX_EXECUTION_DATE=2007-01-01T00:00:00+00:00
AIRFLOW_CTX_DAG_RUN_ID=scheduled__2007-01-01T00:00:00+00:00
[2022-04-23 16:31:21,507] {logging_mixin.py:109} WARNING - /home/***/.local/lib/python3.7/site-packages/***/utils/context.py:152 AirflowContextDeprecationWarning: Accessing 'next_ds' from the template is deprecated and will be removed in a future version. Please use '{{ data_interval_end | ds }}' instead.
[2022-04-23 16:31:21,508] {logging_mixin.py:109} WARNING - /home/***/.local/lib/python3.7/site-packages/***/utils/context.py:152 AirflowContextDeprecationWarning: Accessing 'next_ds_nodash' from the template is deprecated and will be removed in a future version. Please use '{{ data_interval_end | ds_nodash }}' instead.
[2022-04-23 16:31:21,517] {logging_mixin.py:109} WARNING - /home/***/.local/lib/python3.7/site-packages/***/utils/context.py:152 AirflowContextDeprecationWarning: Accessing 'next_execution_date' from the template is deprecated and will be removed in a future version. Please use 'data_interval_end' instead.
[2022-04-23 16:31:21,519] {logging_mixin.py:109} WARNING - /home/***/.local/lib/python3.7/site-packages/***/utils/context.py:152 AirflowContextDeprecationWarning: Accessing 'prev_ds' from the template is deprecated and will be removed in a future version.
[2022-04-23 16:31:21,524] {logging_mixin.py:109} WARNING - /home/***/.local/lib/python3.7/site-packages/***/utils/context.py:152 AirflowContextDeprecationWarning: Accessing 'prev_ds_nodash' from the template is deprecated and will be removed in a future version.
[2022-04-23 16:31:21,526] {logging_mixin.py:109} WARNING - /home/***/.local/lib/python3.7/site-packages/***/utils/context.py:152 AirflowContextDeprecationWarning: Accessing 'prev_execution_date' from the template is deprecated and will be removed in a future version.
[2022-04-23 16:31:21,529] {logging_mixin.py:109} WARNING - /home/***/.local/lib/python3.7/site-packages/***/utils/context.py:152 AirflowContextDeprecationWarning: Accessing 'prev_execution_date_success' from the template is deprecated and will be removed in a future version. Please use 'prev_data_interval_start_success' instead.
[2022-04-23 16:31:21,532] {logging_mixin.py:109} WARNING - /home/***/.local/lib/python3.7/site-packages/***/utils/context.py:152 AirflowContextDeprecationWarning: Accessing 'tomorrow_ds' from the template is deprecated and will be removed in a future version.
[2022-04-23 16:31:21,542] {logging_mixin.py:109} WARNING - /home/***/.local/lib/python3.7/site-packages/***/utils/context.py:152 AirflowContextDeprecationWarning: Accessing 'tomorrow_ds_nodash' from the template is deprecated and will be removed in a future version.
[2022-04-23 16:31:21,546] {logging_mixin.py:109} WARNING - /home/***/.local/lib/python3.7/site-packages/***/utils/context.py:152 AirflowContextDeprecationWarning: Accessing 'yesterday_ds' from the template is deprecated and will be removed in a future version.
[2022-04-23 16:31:21,559] {logging_mixin.py:109} WARNING - /home/***/.local/lib/python3.7/site-packages/***/utils/context.py:152 AirflowContextDeprecationWarning: Accessing 'yesterday_ds_nodash' from the template is deprecated and will be removed in a future version.
[2022-04-23 16:31:22,358] {python.py:175} INFO - Done. Returned value was: None
[2022-04-23 16:31:22,384] {taskinstance.py:1277} INFO - Marking task as SUCCESS. dag_id=roster_data, task_id=local_to_gcs_task, execution_date=20070101T000000, start_date=20220423T163121, end_date=20220423T163122
[2022-04-23 16:31:22,450] {local_task_job.py:154} INFO - Task exited with return code 0
[2022-04-23 16:31:22,512] {local_task_job.py:264} INFO - 1 downstream tasks scheduled from follow-on schedule check
