[2022-04-11 20:06:58,723] {taskinstance.py:1032} INFO - Dependencies all met for <TaskInstance: schedule_data.rm_task scheduled__2017-01-01T00:00:00+00:00 [queued]>
[2022-04-11 20:06:58,737] {taskinstance.py:1032} INFO - Dependencies all met for <TaskInstance: schedule_data.rm_task scheduled__2017-01-01T00:00:00+00:00 [queued]>
[2022-04-11 20:06:58,737] {taskinstance.py:1238} INFO - 
--------------------------------------------------------------------------------
[2022-04-11 20:06:58,737] {taskinstance.py:1239} INFO - Starting attempt 1 of 1
[2022-04-11 20:06:58,737] {taskinstance.py:1240} INFO - 
--------------------------------------------------------------------------------
[2022-04-11 20:06:58,748] {taskinstance.py:1259} INFO - Executing <Task(BashOperator): rm_task> on 2017-01-01 00:00:00+00:00
[2022-04-11 20:06:58,757] {standard_task_runner.py:52} INFO - Started process 359107 to run task
[2022-04-11 20:06:58,764] {standard_task_runner.py:76} INFO - Running: ['***', 'tasks', 'run', 'schedule_data', 'rm_task', 'scheduled__2017-01-01T00:00:00+00:00', '--job-id', '1997', '--raw', '--subdir', 'DAGS_FOLDER/nfl_to_gcs.py', '--cfg-path', '/tmp/tmpxwnjnnqe', '--error-file', '/tmp/tmp4sq6ld5i']
[2022-04-11 20:06:58,766] {standard_task_runner.py:77} INFO - Job 1997: Subtask rm_task
[2022-04-11 20:06:58,864] {logging_mixin.py:109} INFO - Running <TaskInstance: schedule_data.rm_task scheduled__2017-01-01T00:00:00+00:00 [running]> on host 4ed3eda454fd
[2022-04-11 20:06:59,001] {taskinstance.py:1426} INFO - Exporting the following env vars:
AIRFLOW_CTX_DAG_OWNER=***
AIRFLOW_CTX_DAG_ID=schedule_data
AIRFLOW_CTX_TASK_ID=rm_task
AIRFLOW_CTX_EXECUTION_DATE=2017-01-01T00:00:00+00:00
AIRFLOW_CTX_DAG_RUN_ID=scheduled__2017-01-01T00:00:00+00:00
[2022-04-11 20:06:59,002] {subprocess.py:62} INFO - Tmp dir root location: 
 /tmp
[2022-04-11 20:06:59,003] {subprocess.py:74} INFO - Running command: ['bash', '-c', 'rm "/opt/***/schedule_data_2017.parquet"']
[2022-04-11 20:06:59,054] {subprocess.py:85} INFO - Output:
[2022-04-11 20:06:59,073] {subprocess.py:93} INFO - Command exited with return code 0
[2022-04-11 20:06:59,117] {taskinstance.py:1277} INFO - Marking task as SUCCESS. dag_id=schedule_data, task_id=rm_task, execution_date=20170101T000000, start_date=20220411T200658, end_date=20220411T200659
[2022-04-11 20:06:59,178] {local_task_job.py:154} INFO - Task exited with return code 0
[2022-04-11 20:06:59,242] {local_task_job.py:264} INFO - 0 downstream tasks scheduled from follow-on schedule check
