[2022-04-24 14:46:15,312] {taskinstance.py:1032} INFO - Dependencies all met for <TaskInstance: pbp_data_bq_dag.gcs_2_bq_ext_task scheduled__2006-01-01T00:00:00+00:00 [queued]>
[2022-04-24 14:46:15,322] {taskinstance.py:1032} INFO - Dependencies all met for <TaskInstance: pbp_data_bq_dag.gcs_2_bq_ext_task scheduled__2006-01-01T00:00:00+00:00 [queued]>
[2022-04-24 14:46:15,322] {taskinstance.py:1238} INFO - 
--------------------------------------------------------------------------------
[2022-04-24 14:46:15,322] {taskinstance.py:1239} INFO - Starting attempt 1 of 1
[2022-04-24 14:46:15,322] {taskinstance.py:1240} INFO - 
--------------------------------------------------------------------------------
[2022-04-24 14:46:15,335] {taskinstance.py:1259} INFO - Executing <Task(BigQueryCreateExternalTableOperator): gcs_2_bq_ext_task> on 2006-01-01 00:00:00+00:00
[2022-04-24 14:46:15,341] {standard_task_runner.py:52} INFO - Started process 2853 to run task
[2022-04-24 14:46:15,348] {standard_task_runner.py:76} INFO - Running: ['***', 'tasks', 'run', 'pbp_data_bq_dag', 'gcs_2_bq_ext_task', 'scheduled__2006-01-01T00:00:00+00:00', '--job-id', '2179', '--raw', '--subdir', 'DAGS_FOLDER/nfl_gcs_to_bq.py', '--cfg-path', '/tmp/tmps7e4eicl', '--error-file', '/tmp/tmp0cw94wlu']
[2022-04-24 14:46:15,350] {standard_task_runner.py:77} INFO - Job 2179: Subtask gcs_2_bq_ext_task
[2022-04-24 14:46:15,417] {logging_mixin.py:109} INFO - Running <TaskInstance: pbp_data_bq_dag.gcs_2_bq_ext_task scheduled__2006-01-01T00:00:00+00:00 [running]> on host 28475d5c3e7a
[2022-04-24 14:46:15,503] {taskinstance.py:1426} INFO - Exporting the following env vars:
AIRFLOW_CTX_DAG_OWNER=***
AIRFLOW_CTX_DAG_ID=pbp_data_bq_dag
AIRFLOW_CTX_TASK_ID=gcs_2_bq_ext_task
AIRFLOW_CTX_EXECUTION_DATE=2006-01-01T00:00:00+00:00
AIRFLOW_CTX_DAG_RUN_ID=scheduled__2006-01-01T00:00:00+00:00
[2022-04-24 14:46:15,504] {crypto.py:82} WARNING - empty cryptography key - values will not be stored encrypted.
[2022-04-24 14:46:16,106] {taskinstance.py:1277} INFO - Marking task as SUCCESS. dag_id=pbp_data_bq_dag, task_id=gcs_2_bq_ext_task, execution_date=20060101T000000, start_date=20220424T144615, end_date=20220424T144616
[2022-04-24 14:46:16,131] {local_task_job.py:154} INFO - Task exited with return code 0
[2022-04-24 14:46:16,174] {local_task_job.py:264} INFO - 1 downstream tasks scheduled from follow-on schedule check
