[2022-04-11 20:00:13,125] {taskinstance.py:1032} INFO - Dependencies all met for <TaskInstance: injury_data.rm_task scheduled__2010-01-01T00:00:00+00:00 [queued]>
[2022-04-11 20:00:13,146] {taskinstance.py:1032} INFO - Dependencies all met for <TaskInstance: injury_data.rm_task scheduled__2010-01-01T00:00:00+00:00 [queued]>
[2022-04-11 20:00:13,147] {taskinstance.py:1238} INFO - 
--------------------------------------------------------------------------------
[2022-04-11 20:00:13,147] {taskinstance.py:1239} INFO - Starting attempt 1 of 1
[2022-04-11 20:00:13,147] {taskinstance.py:1240} INFO - 
--------------------------------------------------------------------------------
[2022-04-11 20:00:13,175] {taskinstance.py:1259} INFO - Executing <Task(BashOperator): rm_task> on 2010-01-01 00:00:00+00:00
[2022-04-11 20:00:13,188] {standard_task_runner.py:52} INFO - Started process 356897 to run task
[2022-04-11 20:00:13,208] {standard_task_runner.py:76} INFO - Running: ['***', 'tasks', 'run', 'injury_data', 'rm_task', 'scheduled__2010-01-01T00:00:00+00:00', '--job-id', '1764', '--raw', '--subdir', 'DAGS_FOLDER/nfl_to_gcs.py', '--cfg-path', '/tmp/tmpz0nz4lq7', '--error-file', '/tmp/tmpuu6hcy62']
[2022-04-11 20:00:13,210] {standard_task_runner.py:77} INFO - Job 1764: Subtask rm_task
[2022-04-11 20:00:13,348] {logging_mixin.py:109} INFO - Running <TaskInstance: injury_data.rm_task scheduled__2010-01-01T00:00:00+00:00 [running]> on host 4ed3eda454fd
[2022-04-11 20:00:13,543] {taskinstance.py:1426} INFO - Exporting the following env vars:
AIRFLOW_CTX_DAG_OWNER=***
AIRFLOW_CTX_DAG_ID=injury_data
AIRFLOW_CTX_TASK_ID=rm_task
AIRFLOW_CTX_EXECUTION_DATE=2010-01-01T00:00:00+00:00
AIRFLOW_CTX_DAG_RUN_ID=scheduled__2010-01-01T00:00:00+00:00
[2022-04-11 20:00:13,548] {subprocess.py:62} INFO - Tmp dir root location: 
 /tmp
[2022-04-11 20:00:13,548] {subprocess.py:74} INFO - Running command: ['bash', '-c', 'rm "/opt/***/injury_data_2010.parquet"']
[2022-04-11 20:00:13,576] {subprocess.py:85} INFO - Output:
[2022-04-11 20:00:13,590] {subprocess.py:93} INFO - Command exited with return code 0
[2022-04-11 20:00:13,650] {taskinstance.py:1277} INFO - Marking task as SUCCESS. dag_id=injury_data, task_id=rm_task, execution_date=20100101T000000, start_date=20220411T200013, end_date=20220411T200013
[2022-04-11 20:00:13,719] {local_task_job.py:154} INFO - Task exited with return code 0
[2022-04-11 20:00:13,785] {local_task_job.py:264} INFO - 0 downstream tasks scheduled from follow-on schedule check
[2022-04-11 20:03:43,105] {taskinstance.py:1032} INFO - Dependencies all met for <TaskInstance: injury_data.rm_task scheduled__2010-01-01T00:00:00+00:00 [queued]>
[2022-04-11 20:03:43,135] {taskinstance.py:1032} INFO - Dependencies all met for <TaskInstance: injury_data.rm_task scheduled__2010-01-01T00:00:00+00:00 [queued]>
[2022-04-11 20:03:43,135] {taskinstance.py:1238} INFO - 
--------------------------------------------------------------------------------
[2022-04-11 20:03:43,135] {taskinstance.py:1239} INFO - Starting attempt 1 of 1
[2022-04-11 20:03:43,135] {taskinstance.py:1240} INFO - 
--------------------------------------------------------------------------------
[2022-04-11 20:03:43,157] {taskinstance.py:1259} INFO - Executing <Task(BashOperator): rm_task> on 2010-01-01 00:00:00+00:00
[2022-04-11 20:03:43,170] {standard_task_runner.py:52} INFO - Started process 357889 to run task
[2022-04-11 20:03:43,186] {standard_task_runner.py:76} INFO - Running: ['***', 'tasks', 'run', 'injury_data', 'rm_task', 'scheduled__2010-01-01T00:00:00+00:00', '--job-id', '1860', '--raw', '--subdir', 'DAGS_FOLDER/nfl_to_gcs.py', '--cfg-path', '/tmp/tmpi6u0e5cv', '--error-file', '/tmp/tmpk2oqyrzv']
[2022-04-11 20:03:43,187] {standard_task_runner.py:77} INFO - Job 1860: Subtask rm_task
[2022-04-11 20:03:43,292] {logging_mixin.py:109} INFO - Running <TaskInstance: injury_data.rm_task scheduled__2010-01-01T00:00:00+00:00 [running]> on host 4ed3eda454fd
[2022-04-11 20:03:43,422] {taskinstance.py:1426} INFO - Exporting the following env vars:
AIRFLOW_CTX_DAG_OWNER=***
AIRFLOW_CTX_DAG_ID=injury_data
AIRFLOW_CTX_TASK_ID=rm_task
AIRFLOW_CTX_EXECUTION_DATE=2010-01-01T00:00:00+00:00
AIRFLOW_CTX_DAG_RUN_ID=scheduled__2010-01-01T00:00:00+00:00
[2022-04-11 20:03:43,423] {subprocess.py:62} INFO - Tmp dir root location: 
 /tmp
[2022-04-11 20:03:43,424] {subprocess.py:74} INFO - Running command: ['bash', '-c', 'rm "/opt/***/injury_data_2010.parquet"']
[2022-04-11 20:03:43,452] {subprocess.py:85} INFO - Output:
[2022-04-11 20:03:43,457] {subprocess.py:93} INFO - Command exited with return code 0
[2022-04-11 20:03:43,493] {taskinstance.py:1277} INFO - Marking task as SUCCESS. dag_id=injury_data, task_id=rm_task, execution_date=20100101T000000, start_date=20220411T200343, end_date=20220411T200343
[2022-04-11 20:03:43,556] {local_task_job.py:154} INFO - Task exited with return code 0
[2022-04-11 20:03:43,654] {local_task_job.py:264} INFO - 0 downstream tasks scheduled from follow-on schedule check
[2022-04-23 16:31:08,155] {taskinstance.py:1032} INFO - Dependencies all met for <TaskInstance: injury_data.rm_task scheduled__2010-01-01T00:00:00+00:00 [queued]>
[2022-04-23 16:31:08,202] {taskinstance.py:1032} INFO - Dependencies all met for <TaskInstance: injury_data.rm_task scheduled__2010-01-01T00:00:00+00:00 [queued]>
[2022-04-23 16:31:08,202] {taskinstance.py:1238} INFO - 
--------------------------------------------------------------------------------
[2022-04-23 16:31:08,202] {taskinstance.py:1239} INFO - Starting attempt 1 of 1
[2022-04-23 16:31:08,203] {taskinstance.py:1240} INFO - 
--------------------------------------------------------------------------------
[2022-04-23 16:31:08,230] {taskinstance.py:1259} INFO - Executing <Task(BashOperator): rm_task> on 2010-01-01 00:00:00+00:00
[2022-04-23 16:31:08,246] {standard_task_runner.py:52} INFO - Started process 2458 to run task
[2022-04-23 16:31:08,257] {standard_task_runner.py:76} INFO - Running: ['***', 'tasks', 'run', 'injury_data', 'rm_task', 'scheduled__2010-01-01T00:00:00+00:00', '--job-id', '2064', '--raw', '--subdir', 'DAGS_FOLDER/nfl_to_gcs.py', '--cfg-path', '/tmp/tmpzj7822tz', '--error-file', '/tmp/tmpnatdjyfh']
[2022-04-23 16:31:08,266] {standard_task_runner.py:77} INFO - Job 2064: Subtask rm_task
[2022-04-23 16:31:08,443] {logging_mixin.py:109} INFO - Running <TaskInstance: injury_data.rm_task scheduled__2010-01-01T00:00:00+00:00 [running]> on host 04f3a8edbeca
[2022-04-23 16:31:08,689] {taskinstance.py:1426} INFO - Exporting the following env vars:
AIRFLOW_CTX_DAG_OWNER=***
AIRFLOW_CTX_DAG_ID=injury_data
AIRFLOW_CTX_TASK_ID=rm_task
AIRFLOW_CTX_EXECUTION_DATE=2010-01-01T00:00:00+00:00
AIRFLOW_CTX_DAG_RUN_ID=scheduled__2010-01-01T00:00:00+00:00
[2022-04-23 16:31:08,694] {subprocess.py:62} INFO - Tmp dir root location: 
 /tmp
[2022-04-23 16:31:08,695] {subprocess.py:74} INFO - Running command: ['bash', '-c', 'rm "/opt/***/injury_data_2010.parquet"']
[2022-04-23 16:31:08,773] {subprocess.py:85} INFO - Output:
[2022-04-23 16:31:08,781] {subprocess.py:93} INFO - Command exited with return code 0
[2022-04-23 16:31:08,868] {taskinstance.py:1277} INFO - Marking task as SUCCESS. dag_id=injury_data, task_id=rm_task, execution_date=20100101T000000, start_date=20220423T163108, end_date=20220423T163108
[2022-04-23 16:31:08,926] {local_task_job.py:154} INFO - Task exited with return code 0
[2022-04-23 16:31:08,977] {local_task_job.py:264} INFO - 0 downstream tasks scheduled from follow-on schedule check
