[2022-04-11 20:06:57,389] {taskinstance.py:1032} INFO - Dependencies all met for <TaskInstance: pbp_data.rm_task scheduled__2012-01-01T00:00:00+00:00 [queued]>
[2022-04-11 20:06:57,454] {taskinstance.py:1032} INFO - Dependencies all met for <TaskInstance: pbp_data.rm_task scheduled__2012-01-01T00:00:00+00:00 [queued]>
[2022-04-11 20:06:57,454] {taskinstance.py:1238} INFO - 
--------------------------------------------------------------------------------
[2022-04-11 20:06:57,455] {taskinstance.py:1239} INFO - Starting attempt 1 of 1
[2022-04-11 20:06:57,455] {taskinstance.py:1240} INFO - 
--------------------------------------------------------------------------------
[2022-04-11 20:06:57,484] {taskinstance.py:1259} INFO - Executing <Task(BashOperator): rm_task> on 2012-01-01 00:00:00+00:00
[2022-04-11 20:06:57,495] {standard_task_runner.py:52} INFO - Started process 359101 to run task
[2022-04-11 20:06:57,515] {standard_task_runner.py:76} INFO - Running: ['***', 'tasks', 'run', 'pbp_data', 'rm_task', 'scheduled__2012-01-01T00:00:00+00:00', '--job-id', '1995', '--raw', '--subdir', 'DAGS_FOLDER/nfl_to_gcs.py', '--cfg-path', '/tmp/tmp8_0s_flj', '--error-file', '/tmp/tmpl6d7v295']
[2022-04-11 20:06:57,526] {standard_task_runner.py:77} INFO - Job 1995: Subtask rm_task
[2022-04-11 20:06:57,766] {logging_mixin.py:109} INFO - Running <TaskInstance: pbp_data.rm_task scheduled__2012-01-01T00:00:00+00:00 [running]> on host 4ed3eda454fd
[2022-04-11 20:06:58,059] {taskinstance.py:1426} INFO - Exporting the following env vars:
AIRFLOW_CTX_DAG_OWNER=***
AIRFLOW_CTX_DAG_ID=pbp_data
AIRFLOW_CTX_TASK_ID=rm_task
AIRFLOW_CTX_EXECUTION_DATE=2012-01-01T00:00:00+00:00
AIRFLOW_CTX_DAG_RUN_ID=scheduled__2012-01-01T00:00:00+00:00
[2022-04-11 20:06:58,060] {subprocess.py:62} INFO - Tmp dir root location: 
 /tmp
[2022-04-11 20:06:58,061] {subprocess.py:74} INFO - Running command: ['bash', '-c', 'rm "/opt/***/pbp_data_2012.parquet"']
[2022-04-11 20:06:58,110] {subprocess.py:85} INFO - Output:
[2022-04-11 20:06:58,192] {subprocess.py:93} INFO - Command exited with return code 0
[2022-04-11 20:06:58,238] {taskinstance.py:1277} INFO - Marking task as SUCCESS. dag_id=pbp_data, task_id=rm_task, execution_date=20120101T000000, start_date=20220411T200657, end_date=20220411T200658
[2022-04-11 20:06:58,305] {local_task_job.py:154} INFO - Task exited with return code 0
[2022-04-11 20:06:58,363] {local_task_job.py:264} INFO - 0 downstream tasks scheduled from follow-on schedule check
