[2022-04-24 14:47:40,716] {taskinstance.py:1032} INFO - Dependencies all met for <TaskInstance: pbp_data_bq_dag.gcs_2_bq_ext_task scheduled__2020-01-01T00:00:00+00:00 [queued]>
[2022-04-24 14:47:40,726] {taskinstance.py:1032} INFO - Dependencies all met for <TaskInstance: pbp_data_bq_dag.gcs_2_bq_ext_task scheduled__2020-01-01T00:00:00+00:00 [queued]>
[2022-04-24 14:47:40,727] {taskinstance.py:1238} INFO - 
--------------------------------------------------------------------------------
[2022-04-24 14:47:40,727] {taskinstance.py:1239} INFO - Starting attempt 1 of 1
[2022-04-24 14:47:40,727] {taskinstance.py:1240} INFO - 
--------------------------------------------------------------------------------
[2022-04-24 14:47:40,740] {taskinstance.py:1259} INFO - Executing <Task(BigQueryCreateExternalTableOperator): gcs_2_bq_ext_task> on 2020-01-01 00:00:00+00:00
[2022-04-24 14:47:40,748] {standard_task_runner.py:52} INFO - Started process 3197 to run task
[2022-04-24 14:47:40,754] {standard_task_runner.py:76} INFO - Running: ['***', 'tasks', 'run', 'pbp_data_bq_dag', 'gcs_2_bq_ext_task', 'scheduled__2020-01-01T00:00:00+00:00', '--job-id', '2211', '--raw', '--subdir', 'DAGS_FOLDER/nfl_gcs_to_bq.py', '--cfg-path', '/tmp/tmpj61qc971', '--error-file', '/tmp/tmp_qeegle_']
[2022-04-24 14:47:40,757] {standard_task_runner.py:77} INFO - Job 2211: Subtask gcs_2_bq_ext_task
[2022-04-24 14:47:40,833] {logging_mixin.py:109} INFO - Running <TaskInstance: pbp_data_bq_dag.gcs_2_bq_ext_task scheduled__2020-01-01T00:00:00+00:00 [running]> on host 28475d5c3e7a
[2022-04-24 14:47:40,903] {taskinstance.py:1426} INFO - Exporting the following env vars:
AIRFLOW_CTX_DAG_OWNER=***
AIRFLOW_CTX_DAG_ID=pbp_data_bq_dag
AIRFLOW_CTX_TASK_ID=gcs_2_bq_ext_task
AIRFLOW_CTX_EXECUTION_DATE=2020-01-01T00:00:00+00:00
AIRFLOW_CTX_DAG_RUN_ID=scheduled__2020-01-01T00:00:00+00:00
[2022-04-24 14:47:40,905] {crypto.py:82} WARNING - empty cryptography key - values will not be stored encrypted.
[2022-04-24 14:47:41,528] {taskinstance.py:1277} INFO - Marking task as SUCCESS. dag_id=pbp_data_bq_dag, task_id=gcs_2_bq_ext_task, execution_date=20200101T000000, start_date=20220424T144740, end_date=20220424T144741
[2022-04-24 14:47:41,569] {local_task_job.py:154} INFO - Task exited with return code 0
[2022-04-24 14:47:41,603] {local_task_job.py:264} INFO - 1 downstream tasks scheduled from follow-on schedule check
[2022-04-25 12:37:04,349] {taskinstance.py:1032} INFO - Dependencies all met for <TaskInstance: pbp_data_bq_dag.gcs_2_bq_ext_task scheduled__2020-01-01T00:00:00+00:00 [queued]>
[2022-04-25 12:37:04,363] {taskinstance.py:1032} INFO - Dependencies all met for <TaskInstance: pbp_data_bq_dag.gcs_2_bq_ext_task scheduled__2020-01-01T00:00:00+00:00 [queued]>
[2022-04-25 12:37:04,363] {taskinstance.py:1238} INFO - 
--------------------------------------------------------------------------------
[2022-04-25 12:37:04,364] {taskinstance.py:1239} INFO - Starting attempt 1 of 1
[2022-04-25 12:37:04,364] {taskinstance.py:1240} INFO - 
--------------------------------------------------------------------------------
[2022-04-25 12:37:04,375] {taskinstance.py:1259} INFO - Executing <Task(BigQueryCreateExternalTableOperator): gcs_2_bq_ext_task> on 2020-01-01 00:00:00+00:00
[2022-04-25 12:37:04,382] {standard_task_runner.py:52} INFO - Started process 914 to run task
[2022-04-25 12:37:04,388] {standard_task_runner.py:76} INFO - Running: ['***', 'tasks', 'run', 'pbp_data_bq_dag', 'gcs_2_bq_ext_task', 'scheduled__2020-01-01T00:00:00+00:00', '--job-id', '2365', '--raw', '--subdir', 'DAGS_FOLDER/nfl_gcs_to_bq.py', '--cfg-path', '/tmp/tmpv14a6wo4', '--error-file', '/tmp/tmpxabi30b9']
[2022-04-25 12:37:04,389] {standard_task_runner.py:77} INFO - Job 2365: Subtask gcs_2_bq_ext_task
[2022-04-25 12:37:04,458] {logging_mixin.py:109} INFO - Running <TaskInstance: pbp_data_bq_dag.gcs_2_bq_ext_task scheduled__2020-01-01T00:00:00+00:00 [running]> on host de169a1be7ed
[2022-04-25 12:37:04,527] {taskinstance.py:1426} INFO - Exporting the following env vars:
AIRFLOW_CTX_DAG_OWNER=***
AIRFLOW_CTX_DAG_ID=pbp_data_bq_dag
AIRFLOW_CTX_TASK_ID=gcs_2_bq_ext_task
AIRFLOW_CTX_EXECUTION_DATE=2020-01-01T00:00:00+00:00
AIRFLOW_CTX_DAG_RUN_ID=scheduled__2020-01-01T00:00:00+00:00
[2022-04-25 12:37:04,529] {crypto.py:82} WARNING - empty cryptography key - values will not be stored encrypted.
[2022-04-25 12:37:05,138] {taskinstance.py:1277} INFO - Marking task as SUCCESS. dag_id=pbp_data_bq_dag, task_id=gcs_2_bq_ext_task, execution_date=20200101T000000, start_date=20220425T123704, end_date=20220425T123705
[2022-04-25 12:37:05,203] {local_task_job.py:154} INFO - Task exited with return code 0
[2022-04-25 12:37:05,278] {local_task_job.py:264} INFO - 1 downstream tasks scheduled from follow-on schedule check
[2022-04-25 13:20:35,205] {taskinstance.py:1032} INFO - Dependencies all met for <TaskInstance: pbp_data_bq_dag.gcs_2_bq_ext_task scheduled__2020-01-01T00:00:00+00:00 [queued]>
[2022-04-25 13:20:35,236] {taskinstance.py:1032} INFO - Dependencies all met for <TaskInstance: pbp_data_bq_dag.gcs_2_bq_ext_task scheduled__2020-01-01T00:00:00+00:00 [queued]>
[2022-04-25 13:20:35,238] {taskinstance.py:1238} INFO - 
--------------------------------------------------------------------------------
[2022-04-25 13:20:35,239] {taskinstance.py:1239} INFO - Starting attempt 1 of 1
[2022-04-25 13:20:35,239] {taskinstance.py:1240} INFO - 
--------------------------------------------------------------------------------
[2022-04-25 13:20:35,280] {taskinstance.py:1259} INFO - Executing <Task(BigQueryCreateExternalTableOperator): gcs_2_bq_ext_task> on 2020-01-01 00:00:00+00:00
[2022-04-25 13:20:35,289] {standard_task_runner.py:52} INFO - Started process 6082 to run task
[2022-04-25 13:20:35,318] {standard_task_runner.py:76} INFO - Running: ['***', 'tasks', 'run', 'pbp_data_bq_dag', 'gcs_2_bq_ext_task', 'scheduled__2020-01-01T00:00:00+00:00', '--job-id', '2501', '--raw', '--subdir', 'DAGS_FOLDER/nfl_gcs_to_bq.py', '--cfg-path', '/tmp/tmp7aby4z1z', '--error-file', '/tmp/tmpdfy2rdao']
[2022-04-25 13:20:35,335] {standard_task_runner.py:77} INFO - Job 2501: Subtask gcs_2_bq_ext_task
[2022-04-25 13:20:35,462] {logging_mixin.py:109} INFO - Running <TaskInstance: pbp_data_bq_dag.gcs_2_bq_ext_task scheduled__2020-01-01T00:00:00+00:00 [running]> on host de169a1be7ed
[2022-04-25 13:20:35,635] {taskinstance.py:1426} INFO - Exporting the following env vars:
AIRFLOW_CTX_DAG_OWNER=***
AIRFLOW_CTX_DAG_ID=pbp_data_bq_dag
AIRFLOW_CTX_TASK_ID=gcs_2_bq_ext_task
AIRFLOW_CTX_EXECUTION_DATE=2020-01-01T00:00:00+00:00
AIRFLOW_CTX_DAG_RUN_ID=scheduled__2020-01-01T00:00:00+00:00
[2022-04-25 13:20:35,637] {crypto.py:82} WARNING - empty cryptography key - values will not be stored encrypted.
[2022-04-25 13:20:36,342] {taskinstance.py:1277} INFO - Marking task as SUCCESS. dag_id=pbp_data_bq_dag, task_id=gcs_2_bq_ext_task, execution_date=20200101T000000, start_date=20220425T132035, end_date=20220425T132036
[2022-04-25 13:20:36,412] {local_task_job.py:154} INFO - Task exited with return code 0
[2022-04-25 13:20:36,468] {local_task_job.py:264} INFO - 0 downstream tasks scheduled from follow-on schedule check
