[2022-04-24 14:46:03,139] {taskinstance.py:1032} INFO - Dependencies all met for <TaskInstance: injury_data_bq_dag.gcs_2_bq_ext_task scheduled__2018-01-01T00:00:00+00:00 [queued]>
[2022-04-24 14:46:03,153] {taskinstance.py:1032} INFO - Dependencies all met for <TaskInstance: injury_data_bq_dag.gcs_2_bq_ext_task scheduled__2018-01-01T00:00:00+00:00 [queued]>
[2022-04-24 14:46:03,154] {taskinstance.py:1238} INFO - 
--------------------------------------------------------------------------------
[2022-04-24 14:46:03,154] {taskinstance.py:1239} INFO - Starting attempt 1 of 1
[2022-04-24 14:46:03,154] {taskinstance.py:1240} INFO - 
--------------------------------------------------------------------------------
[2022-04-24 14:46:03,171] {taskinstance.py:1259} INFO - Executing <Task(BigQueryCreateExternalTableOperator): gcs_2_bq_ext_task> on 2018-01-01 00:00:00+00:00
[2022-04-24 14:46:03,180] {standard_task_runner.py:52} INFO - Started process 2811 to run task
[2022-04-24 14:46:03,193] {standard_task_runner.py:76} INFO - Running: ['***', 'tasks', 'run', 'injury_data_bq_dag', 'gcs_2_bq_ext_task', 'scheduled__2018-01-01T00:00:00+00:00', '--job-id', '2173', '--raw', '--subdir', 'DAGS_FOLDER/nfl_gcs_to_bq.py', '--cfg-path', '/tmp/tmp7oltpadh', '--error-file', '/tmp/tmp3k0q9vu7']
[2022-04-24 14:46:03,195] {standard_task_runner.py:77} INFO - Job 2173: Subtask gcs_2_bq_ext_task
[2022-04-24 14:46:03,290] {logging_mixin.py:109} INFO - Running <TaskInstance: injury_data_bq_dag.gcs_2_bq_ext_task scheduled__2018-01-01T00:00:00+00:00 [running]> on host 28475d5c3e7a
[2022-04-24 14:46:03,384] {taskinstance.py:1426} INFO - Exporting the following env vars:
AIRFLOW_CTX_DAG_OWNER=***
AIRFLOW_CTX_DAG_ID=injury_data_bq_dag
AIRFLOW_CTX_TASK_ID=gcs_2_bq_ext_task
AIRFLOW_CTX_EXECUTION_DATE=2018-01-01T00:00:00+00:00
AIRFLOW_CTX_DAG_RUN_ID=scheduled__2018-01-01T00:00:00+00:00
[2022-04-24 14:46:03,386] {crypto.py:82} WARNING - empty cryptography key - values will not be stored encrypted.
[2022-04-24 14:46:04,027] {taskinstance.py:1277} INFO - Marking task as SUCCESS. dag_id=injury_data_bq_dag, task_id=gcs_2_bq_ext_task, execution_date=20180101T000000, start_date=20220424T144603, end_date=20220424T144604
[2022-04-24 14:46:04,072] {local_task_job.py:154} INFO - Task exited with return code 0
[2022-04-24 14:46:04,114] {local_task_job.py:264} INFO - 0 downstream tasks scheduled from follow-on schedule check
[2022-04-25 12:35:05,283] {taskinstance.py:1032} INFO - Dependencies all met for <TaskInstance: injury_data_bq_dag.gcs_2_bq_ext_task scheduled__2018-01-01T00:00:00+00:00 [queued]>
[2022-04-25 12:35:05,306] {taskinstance.py:1032} INFO - Dependencies all met for <TaskInstance: injury_data_bq_dag.gcs_2_bq_ext_task scheduled__2018-01-01T00:00:00+00:00 [queued]>
[2022-04-25 12:35:05,315] {taskinstance.py:1238} INFO - 
--------------------------------------------------------------------------------
[2022-04-25 12:35:05,315] {taskinstance.py:1239} INFO - Starting attempt 1 of 1
[2022-04-25 12:35:05,316] {taskinstance.py:1240} INFO - 
--------------------------------------------------------------------------------
[2022-04-25 12:35:05,343] {taskinstance.py:1259} INFO - Executing <Task(BigQueryCreateExternalTableOperator): gcs_2_bq_ext_task> on 2018-01-01 00:00:00+00:00
[2022-04-25 12:35:05,361] {standard_task_runner.py:52} INFO - Started process 447 to run task
[2022-04-25 12:35:05,382] {standard_task_runner.py:76} INFO - Running: ['***', 'tasks', 'run', 'injury_data_bq_dag', 'gcs_2_bq_ext_task', 'scheduled__2018-01-01T00:00:00+00:00', '--job-id', '2319', '--raw', '--subdir', 'DAGS_FOLDER/nfl_gcs_to_bq.py', '--cfg-path', '/tmp/tmpao8snvcd', '--error-file', '/tmp/tmp9db4n0i_']
[2022-04-25 12:35:05,404] {standard_task_runner.py:77} INFO - Job 2319: Subtask gcs_2_bq_ext_task
[2022-04-25 12:35:05,564] {logging_mixin.py:109} INFO - Running <TaskInstance: injury_data_bq_dag.gcs_2_bq_ext_task scheduled__2018-01-01T00:00:00+00:00 [running]> on host de169a1be7ed
[2022-04-25 12:35:05,755] {taskinstance.py:1426} INFO - Exporting the following env vars:
AIRFLOW_CTX_DAG_OWNER=***
AIRFLOW_CTX_DAG_ID=injury_data_bq_dag
AIRFLOW_CTX_TASK_ID=gcs_2_bq_ext_task
AIRFLOW_CTX_EXECUTION_DATE=2018-01-01T00:00:00+00:00
AIRFLOW_CTX_DAG_RUN_ID=scheduled__2018-01-01T00:00:00+00:00
[2022-04-25 12:35:05,757] {crypto.py:82} WARNING - empty cryptography key - values will not be stored encrypted.
[2022-04-25 12:35:06,529] {taskinstance.py:1277} INFO - Marking task as SUCCESS. dag_id=injury_data_bq_dag, task_id=gcs_2_bq_ext_task, execution_date=20180101T000000, start_date=20220425T123505, end_date=20220425T123506
[2022-04-25 12:35:06,608] {local_task_job.py:154} INFO - Task exited with return code 0
[2022-04-25 12:35:06,680] {local_task_job.py:264} INFO - 0 downstream tasks scheduled from follow-on schedule check
[2022-04-25 13:19:33,678] {taskinstance.py:1032} INFO - Dependencies all met for <TaskInstance: injury_data_bq_dag.gcs_2_bq_ext_task scheduled__2018-01-01T00:00:00+00:00 [queued]>
[2022-04-25 13:19:33,761] {taskinstance.py:1032} INFO - Dependencies all met for <TaskInstance: injury_data_bq_dag.gcs_2_bq_ext_task scheduled__2018-01-01T00:00:00+00:00 [queued]>
[2022-04-25 13:19:33,762] {taskinstance.py:1238} INFO - 
--------------------------------------------------------------------------------
[2022-04-25 13:19:33,762] {taskinstance.py:1239} INFO - Starting attempt 1 of 1
[2022-04-25 13:19:33,762] {taskinstance.py:1240} INFO - 
--------------------------------------------------------------------------------
[2022-04-25 13:19:33,820] {taskinstance.py:1259} INFO - Executing <Task(BigQueryCreateExternalTableOperator): gcs_2_bq_ext_task> on 2018-01-01 00:00:00+00:00
[2022-04-25 13:19:33,845] {standard_task_runner.py:52} INFO - Started process 5839 to run task
[2022-04-25 13:19:33,882] {standard_task_runner.py:76} INFO - Running: ['***', 'tasks', 'run', 'injury_data_bq_dag', 'gcs_2_bq_ext_task', 'scheduled__2018-01-01T00:00:00+00:00', '--job-id', '2476', '--raw', '--subdir', 'DAGS_FOLDER/nfl_gcs_to_bq.py', '--cfg-path', '/tmp/tmp7nzke58s', '--error-file', '/tmp/tmpmp6yy0dd']
[2022-04-25 13:19:33,896] {standard_task_runner.py:77} INFO - Job 2476: Subtask gcs_2_bq_ext_task
[2022-04-25 13:19:34,159] {logging_mixin.py:109} INFO - Running <TaskInstance: injury_data_bq_dag.gcs_2_bq_ext_task scheduled__2018-01-01T00:00:00+00:00 [running]> on host de169a1be7ed
[2022-04-25 13:19:34,576] {taskinstance.py:1426} INFO - Exporting the following env vars:
AIRFLOW_CTX_DAG_OWNER=***
AIRFLOW_CTX_DAG_ID=injury_data_bq_dag
AIRFLOW_CTX_TASK_ID=gcs_2_bq_ext_task
AIRFLOW_CTX_EXECUTION_DATE=2018-01-01T00:00:00+00:00
AIRFLOW_CTX_DAG_RUN_ID=scheduled__2018-01-01T00:00:00+00:00
[2022-04-25 13:19:34,578] {crypto.py:82} WARNING - empty cryptography key - values will not be stored encrypted.
[2022-04-25 13:19:35,316] {taskinstance.py:1277} INFO - Marking task as SUCCESS. dag_id=injury_data_bq_dag, task_id=gcs_2_bq_ext_task, execution_date=20180101T000000, start_date=20220425T131933, end_date=20220425T131935
[2022-04-25 13:19:35,426] {local_task_job.py:154} INFO - Task exited with return code 0
[2022-04-25 13:19:35,495] {local_task_job.py:264} INFO - 0 downstream tasks scheduled from follow-on schedule check
