[2022-04-11 20:01:28,398] {taskinstance.py:1032} INFO - Dependencies all met for <TaskInstance: roster_data.rm_task scheduled__2011-01-01T00:00:00+00:00 [queued]>
[2022-04-11 20:01:28,420] {taskinstance.py:1032} INFO - Dependencies all met for <TaskInstance: roster_data.rm_task scheduled__2011-01-01T00:00:00+00:00 [queued]>
[2022-04-11 20:01:28,420] {taskinstance.py:1238} INFO - 
--------------------------------------------------------------------------------
[2022-04-11 20:01:28,420] {taskinstance.py:1239} INFO - Starting attempt 1 of 1
[2022-04-11 20:01:28,420] {taskinstance.py:1240} INFO - 
--------------------------------------------------------------------------------
[2022-04-11 20:01:28,458] {taskinstance.py:1259} INFO - Executing <Task(BashOperator): rm_task> on 2011-01-01 00:00:00+00:00
[2022-04-11 20:01:28,477] {standard_task_runner.py:52} INFO - Started process 357449 to run task
[2022-04-11 20:01:28,532] {standard_task_runner.py:76} INFO - Running: ['***', 'tasks', 'run', 'roster_data', 'rm_task', 'scheduled__2011-01-01T00:00:00+00:00', '--job-id', '1828', '--raw', '--subdir', 'DAGS_FOLDER/nfl_to_gcs.py', '--cfg-path', '/tmp/tmpbhi8l837', '--error-file', '/tmp/tmpz2tudjhr']
[2022-04-11 20:01:28,535] {standard_task_runner.py:77} INFO - Job 1828: Subtask rm_task
[2022-04-11 20:01:28,735] {logging_mixin.py:109} INFO - Running <TaskInstance: roster_data.rm_task scheduled__2011-01-01T00:00:00+00:00 [running]> on host 4ed3eda454fd
[2022-04-11 20:01:28,904] {taskinstance.py:1426} INFO - Exporting the following env vars:
AIRFLOW_CTX_DAG_OWNER=***
AIRFLOW_CTX_DAG_ID=roster_data
AIRFLOW_CTX_TASK_ID=rm_task
AIRFLOW_CTX_EXECUTION_DATE=2011-01-01T00:00:00+00:00
AIRFLOW_CTX_DAG_RUN_ID=scheduled__2011-01-01T00:00:00+00:00
[2022-04-11 20:01:28,906] {subprocess.py:62} INFO - Tmp dir root location: 
 /tmp
[2022-04-11 20:01:28,907] {subprocess.py:74} INFO - Running command: ['bash', '-c', 'rm "/opt/***/roster_data_2011.parquet"']
[2022-04-11 20:01:28,924] {subprocess.py:85} INFO - Output:
[2022-04-11 20:01:28,929] {subprocess.py:93} INFO - Command exited with return code 0
[2022-04-11 20:01:28,960] {taskinstance.py:1277} INFO - Marking task as SUCCESS. dag_id=roster_data, task_id=rm_task, execution_date=20110101T000000, start_date=20220411T200128, end_date=20220411T200128
[2022-04-11 20:01:29,008] {local_task_job.py:154} INFO - Task exited with return code 0
[2022-04-11 20:01:29,048] {local_task_job.py:264} INFO - 0 downstream tasks scheduled from follow-on schedule check
[2022-04-23 16:32:08,280] {taskinstance.py:1032} INFO - Dependencies all met for <TaskInstance: roster_data.rm_task scheduled__2011-01-01T00:00:00+00:00 [queued]>
[2022-04-23 16:32:08,308] {taskinstance.py:1032} INFO - Dependencies all met for <TaskInstance: roster_data.rm_task scheduled__2011-01-01T00:00:00+00:00 [queued]>
[2022-04-23 16:32:08,308] {taskinstance.py:1238} INFO - 
--------------------------------------------------------------------------------
[2022-04-23 16:32:08,308] {taskinstance.py:1239} INFO - Starting attempt 1 of 1
[2022-04-23 16:32:08,309] {taskinstance.py:1240} INFO - 
--------------------------------------------------------------------------------
[2022-04-23 16:32:08,338] {taskinstance.py:1259} INFO - Executing <Task(BashOperator): rm_task> on 2011-01-01 00:00:00+00:00
[2022-04-23 16:32:08,349] {standard_task_runner.py:52} INFO - Started process 2947 to run task
[2022-04-23 16:32:08,368] {standard_task_runner.py:76} INFO - Running: ['***', 'tasks', 'run', 'roster_data', 'rm_task', 'scheduled__2011-01-01T00:00:00+00:00', '--job-id', '2117', '--raw', '--subdir', 'DAGS_FOLDER/nfl_to_gcs.py', '--cfg-path', '/tmp/tmp5as7z1cx', '--error-file', '/tmp/tmpxyk8neg9']
[2022-04-23 16:32:08,370] {standard_task_runner.py:77} INFO - Job 2117: Subtask rm_task
[2022-04-23 16:32:08,462] {logging_mixin.py:109} INFO - Running <TaskInstance: roster_data.rm_task scheduled__2011-01-01T00:00:00+00:00 [running]> on host 04f3a8edbeca
[2022-04-23 16:32:08,582] {taskinstance.py:1426} INFO - Exporting the following env vars:
AIRFLOW_CTX_DAG_OWNER=***
AIRFLOW_CTX_DAG_ID=roster_data
AIRFLOW_CTX_TASK_ID=rm_task
AIRFLOW_CTX_EXECUTION_DATE=2011-01-01T00:00:00+00:00
AIRFLOW_CTX_DAG_RUN_ID=scheduled__2011-01-01T00:00:00+00:00
[2022-04-23 16:32:08,584] {subprocess.py:62} INFO - Tmp dir root location: 
 /tmp
[2022-04-23 16:32:08,585] {subprocess.py:74} INFO - Running command: ['bash', '-c', 'rm "/opt/***/roster_data_2011.parquet"']
[2022-04-23 16:32:08,604] {subprocess.py:85} INFO - Output:
[2022-04-23 16:32:08,610] {subprocess.py:93} INFO - Command exited with return code 0
[2022-04-23 16:32:08,650] {taskinstance.py:1277} INFO - Marking task as SUCCESS. dag_id=roster_data, task_id=rm_task, execution_date=20110101T000000, start_date=20220423T163208, end_date=20220423T163208
[2022-04-23 16:32:08,698] {local_task_job.py:154} INFO - Task exited with return code 0
[2022-04-23 16:32:08,739] {local_task_job.py:264} INFO - 0 downstream tasks scheduled from follow-on schedule check
