[2022-04-11 20:04:46,977] {taskinstance.py:1032} INFO - Dependencies all met for <TaskInstance: schedule_data.download_data_task scheduled__2006-01-01T00:00:00+00:00 [queued]>
[2022-04-11 20:04:47,006] {taskinstance.py:1032} INFO - Dependencies all met for <TaskInstance: schedule_data.download_data_task scheduled__2006-01-01T00:00:00+00:00 [queued]>
[2022-04-11 20:04:47,006] {taskinstance.py:1238} INFO - 
--------------------------------------------------------------------------------
[2022-04-11 20:04:47,007] {taskinstance.py:1239} INFO - Starting attempt 1 of 1
[2022-04-11 20:04:47,007] {taskinstance.py:1240} INFO - 
--------------------------------------------------------------------------------
[2022-04-11 20:04:47,032] {taskinstance.py:1259} INFO - Executing <Task(PythonOperator): download_data_task> on 2006-01-01 00:00:00+00:00
[2022-04-11 20:04:47,041] {standard_task_runner.py:52} INFO - Started process 358326 to run task
[2022-04-11 20:04:47,055] {standard_task_runner.py:76} INFO - Running: ['***', 'tasks', 'run', 'schedule_data', 'download_data_task', 'scheduled__2006-01-01T00:00:00+00:00', '--job-id', '1911', '--raw', '--subdir', 'DAGS_FOLDER/nfl_to_gcs.py', '--cfg-path', '/tmp/tmpcexj77mt', '--error-file', '/tmp/tmpxsyyawvc']
[2022-04-11 20:04:47,061] {standard_task_runner.py:77} INFO - Job 1911: Subtask download_data_task
[2022-04-11 20:04:47,203] {logging_mixin.py:109} INFO - Running <TaskInstance: schedule_data.download_data_task scheduled__2006-01-01T00:00:00+00:00 [running]> on host 4ed3eda454fd
[2022-04-11 20:04:47,364] {taskinstance.py:1426} INFO - Exporting the following env vars:
AIRFLOW_CTX_DAG_OWNER=***
AIRFLOW_CTX_DAG_ID=schedule_data
AIRFLOW_CTX_TASK_ID=download_data_task
AIRFLOW_CTX_EXECUTION_DATE=2006-01-01T00:00:00+00:00
AIRFLOW_CTX_DAG_RUN_ID=scheduled__2006-01-01T00:00:00+00:00
[2022-04-11 20:04:47,373] {logging_mixin.py:109} WARNING - /home/***/.local/lib/python3.7/site-packages/***/utils/context.py:152 AirflowContextDeprecationWarning: Accessing 'execution_date' from the template is deprecated and will be removed in a future version. Please use 'data_interval_start' or 'logical_date' instead.
[2022-04-11 20:04:47,375] {logging_mixin.py:109} WARNING - /home/***/.local/lib/python3.7/site-packages/***/utils/context.py:152 AirflowContextDeprecationWarning: Accessing 'next_ds' from the template is deprecated and will be removed in a future version. Please use '{{ data_interval_end | ds }}' instead.
[2022-04-11 20:04:47,376] {logging_mixin.py:109} WARNING - /home/***/.local/lib/python3.7/site-packages/***/utils/context.py:152 AirflowContextDeprecationWarning: Accessing 'next_ds_nodash' from the template is deprecated and will be removed in a future version. Please use '{{ data_interval_end | ds_nodash }}' instead.
[2022-04-11 20:04:47,377] {logging_mixin.py:109} WARNING - /home/***/.local/lib/python3.7/site-packages/***/utils/context.py:152 AirflowContextDeprecationWarning: Accessing 'next_execution_date' from the template is deprecated and will be removed in a future version. Please use 'data_interval_end' instead.
[2022-04-11 20:04:47,378] {logging_mixin.py:109} WARNING - /home/***/.local/lib/python3.7/site-packages/***/utils/context.py:152 AirflowContextDeprecationWarning: Accessing 'prev_ds' from the template is deprecated and will be removed in a future version.
[2022-04-11 20:04:47,381] {logging_mixin.py:109} WARNING - /home/***/.local/lib/python3.7/site-packages/***/utils/context.py:152 AirflowContextDeprecationWarning: Accessing 'prev_ds_nodash' from the template is deprecated and will be removed in a future version.
[2022-04-11 20:04:47,383] {logging_mixin.py:109} WARNING - /home/***/.local/lib/python3.7/site-packages/***/utils/context.py:152 AirflowContextDeprecationWarning: Accessing 'prev_execution_date' from the template is deprecated and will be removed in a future version.
[2022-04-11 20:04:47,396] {logging_mixin.py:109} WARNING - /home/***/.local/lib/python3.7/site-packages/***/utils/context.py:152 AirflowContextDeprecationWarning: Accessing 'prev_execution_date_success' from the template is deprecated and will be removed in a future version. Please use 'prev_data_interval_start_success' instead.
[2022-04-11 20:04:47,397] {logging_mixin.py:109} WARNING - /home/***/.local/lib/python3.7/site-packages/***/utils/context.py:152 AirflowContextDeprecationWarning: Accessing 'tomorrow_ds' from the template is deprecated and will be removed in a future version.
[2022-04-11 20:04:47,398] {logging_mixin.py:109} WARNING - /home/***/.local/lib/python3.7/site-packages/***/utils/context.py:152 AirflowContextDeprecationWarning: Accessing 'tomorrow_ds_nodash' from the template is deprecated and will be removed in a future version.
[2022-04-11 20:04:47,400] {logging_mixin.py:109} WARNING - /home/***/.local/lib/python3.7/site-packages/***/utils/context.py:152 AirflowContextDeprecationWarning: Accessing 'yesterday_ds' from the template is deprecated and will be removed in a future version.
[2022-04-11 20:04:47,401] {logging_mixin.py:109} WARNING - /home/***/.local/lib/python3.7/site-packages/***/utils/context.py:152 AirflowContextDeprecationWarning: Accessing 'yesterday_ds_nodash' from the template is deprecated and will be removed in a future version.
[2022-04-11 20:04:47,812] {python.py:175} INFO - Done. Returned value was: None
[2022-04-11 20:04:47,844] {taskinstance.py:1277} INFO - Marking task as SUCCESS. dag_id=schedule_data, task_id=download_data_task, execution_date=20060101T000000, start_date=20220411T200446, end_date=20220411T200447
[2022-04-11 20:04:47,889] {local_task_job.py:154} INFO - Task exited with return code 0
[2022-04-11 20:04:48,020] {local_task_job.py:264} INFO - 1 downstream tasks scheduled from follow-on schedule check
