[2022-04-24 14:46:03,363] {taskinstance.py:1032} INFO - Dependencies all met for <TaskInstance: pbp_data_bq_dag.gcs_2_bq_ext_task scheduled__2004-01-01T00:00:00+00:00 [queued]>
[2022-04-24 14:46:03,377] {taskinstance.py:1032} INFO - Dependencies all met for <TaskInstance: pbp_data_bq_dag.gcs_2_bq_ext_task scheduled__2004-01-01T00:00:00+00:00 [queued]>
[2022-04-24 14:46:03,377] {taskinstance.py:1238} INFO - 
--------------------------------------------------------------------------------
[2022-04-24 14:46:03,377] {taskinstance.py:1239} INFO - Starting attempt 1 of 1
[2022-04-24 14:46:03,377] {taskinstance.py:1240} INFO - 
--------------------------------------------------------------------------------
[2022-04-24 14:46:03,396] {taskinstance.py:1259} INFO - Executing <Task(BigQueryCreateExternalTableOperator): gcs_2_bq_ext_task> on 2004-01-01 00:00:00+00:00
[2022-04-24 14:46:03,404] {standard_task_runner.py:52} INFO - Started process 2813 to run task
[2022-04-24 14:46:03,417] {standard_task_runner.py:76} INFO - Running: ['***', 'tasks', 'run', 'pbp_data_bq_dag', 'gcs_2_bq_ext_task', 'scheduled__2004-01-01T00:00:00+00:00', '--job-id', '2175', '--raw', '--subdir', 'DAGS_FOLDER/nfl_gcs_to_bq.py', '--cfg-path', '/tmp/tmpu_m4fq0g', '--error-file', '/tmp/tmp_ujb5ulz']
[2022-04-24 14:46:03,419] {standard_task_runner.py:77} INFO - Job 2175: Subtask gcs_2_bq_ext_task
[2022-04-24 14:46:03,514] {logging_mixin.py:109} INFO - Running <TaskInstance: pbp_data_bq_dag.gcs_2_bq_ext_task scheduled__2004-01-01T00:00:00+00:00 [running]> on host 28475d5c3e7a
[2022-04-24 14:46:03,598] {taskinstance.py:1426} INFO - Exporting the following env vars:
AIRFLOW_CTX_DAG_OWNER=***
AIRFLOW_CTX_DAG_ID=pbp_data_bq_dag
AIRFLOW_CTX_TASK_ID=gcs_2_bq_ext_task
AIRFLOW_CTX_EXECUTION_DATE=2004-01-01T00:00:00+00:00
AIRFLOW_CTX_DAG_RUN_ID=scheduled__2004-01-01T00:00:00+00:00
[2022-04-24 14:46:03,600] {crypto.py:82} WARNING - empty cryptography key - values will not be stored encrypted.
[2022-04-24 14:46:04,245] {taskinstance.py:1277} INFO - Marking task as SUCCESS. dag_id=pbp_data_bq_dag, task_id=gcs_2_bq_ext_task, execution_date=20040101T000000, start_date=20220424T144603, end_date=20220424T144604
[2022-04-24 14:46:04,276] {local_task_job.py:154} INFO - Task exited with return code 0
[2022-04-24 14:46:04,311] {local_task_job.py:264} INFO - 1 downstream tasks scheduled from follow-on schedule check
[2022-04-25 12:35:43,420] {taskinstance.py:1032} INFO - Dependencies all met for <TaskInstance: pbp_data_bq_dag.gcs_2_bq_ext_task scheduled__2004-01-01T00:00:00+00:00 [queued]>
[2022-04-25 12:35:43,436] {taskinstance.py:1032} INFO - Dependencies all met for <TaskInstance: pbp_data_bq_dag.gcs_2_bq_ext_task scheduled__2004-01-01T00:00:00+00:00 [queued]>
[2022-04-25 12:35:43,436] {taskinstance.py:1238} INFO - 
--------------------------------------------------------------------------------
[2022-04-25 12:35:43,436] {taskinstance.py:1239} INFO - Starting attempt 1 of 1
[2022-04-25 12:35:43,436] {taskinstance.py:1240} INFO - 
--------------------------------------------------------------------------------
[2022-04-25 12:35:43,448] {taskinstance.py:1259} INFO - Executing <Task(BigQueryCreateExternalTableOperator): gcs_2_bq_ext_task> on 2004-01-01 00:00:00+00:00
[2022-04-25 12:35:43,454] {standard_task_runner.py:52} INFO - Started process 571 to run task
[2022-04-25 12:35:43,460] {standard_task_runner.py:76} INFO - Running: ['***', 'tasks', 'run', 'pbp_data_bq_dag', 'gcs_2_bq_ext_task', 'scheduled__2004-01-01T00:00:00+00:00', '--job-id', '2330', '--raw', '--subdir', 'DAGS_FOLDER/nfl_gcs_to_bq.py', '--cfg-path', '/tmp/tmpjg2c6qp1', '--error-file', '/tmp/tmptc_3ccmi']
[2022-04-25 12:35:43,461] {standard_task_runner.py:77} INFO - Job 2330: Subtask gcs_2_bq_ext_task
[2022-04-25 12:35:43,534] {logging_mixin.py:109} INFO - Running <TaskInstance: pbp_data_bq_dag.gcs_2_bq_ext_task scheduled__2004-01-01T00:00:00+00:00 [running]> on host de169a1be7ed
[2022-04-25 12:35:43,605] {taskinstance.py:1426} INFO - Exporting the following env vars:
AIRFLOW_CTX_DAG_OWNER=***
AIRFLOW_CTX_DAG_ID=pbp_data_bq_dag
AIRFLOW_CTX_TASK_ID=gcs_2_bq_ext_task
AIRFLOW_CTX_EXECUTION_DATE=2004-01-01T00:00:00+00:00
AIRFLOW_CTX_DAG_RUN_ID=scheduled__2004-01-01T00:00:00+00:00
[2022-04-25 12:35:43,607] {crypto.py:82} WARNING - empty cryptography key - values will not be stored encrypted.
[2022-04-25 12:35:44,228] {taskinstance.py:1277} INFO - Marking task as SUCCESS. dag_id=pbp_data_bq_dag, task_id=gcs_2_bq_ext_task, execution_date=20040101T000000, start_date=20220425T123543, end_date=20220425T123544
[2022-04-25 12:35:44,280] {local_task_job.py:154} INFO - Task exited with return code 0
[2022-04-25 12:35:44,324] {local_task_job.py:264} INFO - 1 downstream tasks scheduled from follow-on schedule check
[2022-04-25 12:42:39,853] {taskinstance.py:1032} INFO - Dependencies all met for <TaskInstance: pbp_data_bq_dag.gcs_2_bq_ext_task scheduled__2004-01-01T00:00:00+00:00 [queued]>
[2022-04-25 12:42:39,864] {taskinstance.py:1032} INFO - Dependencies all met for <TaskInstance: pbp_data_bq_dag.gcs_2_bq_ext_task scheduled__2004-01-01T00:00:00+00:00 [queued]>
[2022-04-25 12:42:39,865] {taskinstance.py:1238} INFO - 
--------------------------------------------------------------------------------
[2022-04-25 12:42:39,865] {taskinstance.py:1239} INFO - Starting attempt 1 of 1
[2022-04-25 12:42:39,865] {taskinstance.py:1240} INFO - 
--------------------------------------------------------------------------------
[2022-04-25 12:42:39,877] {taskinstance.py:1259} INFO - Executing <Task(BigQueryCreateExternalTableOperator): gcs_2_bq_ext_task> on 2004-01-01 00:00:00+00:00
[2022-04-25 12:42:39,882] {standard_task_runner.py:52} INFO - Started process 1538 to run task
[2022-04-25 12:42:39,889] {standard_task_runner.py:76} INFO - Running: ['***', 'tasks', 'run', 'pbp_data_bq_dag', 'gcs_2_bq_ext_task', 'scheduled__2004-01-01T00:00:00+00:00', '--job-id', '2376', '--raw', '--subdir', 'DAGS_FOLDER/nfl_gcs_to_bq.py', '--cfg-path', '/tmp/tmpmir7bgj7', '--error-file', '/tmp/tmpyb9zi3m5']
[2022-04-25 12:42:39,890] {standard_task_runner.py:77} INFO - Job 2376: Subtask gcs_2_bq_ext_task
[2022-04-25 12:42:39,970] {logging_mixin.py:109} INFO - Running <TaskInstance: pbp_data_bq_dag.gcs_2_bq_ext_task scheduled__2004-01-01T00:00:00+00:00 [running]> on host de169a1be7ed
[2022-04-25 12:42:40,050] {taskinstance.py:1426} INFO - Exporting the following env vars:
AIRFLOW_CTX_DAG_OWNER=***
AIRFLOW_CTX_DAG_ID=pbp_data_bq_dag
AIRFLOW_CTX_TASK_ID=gcs_2_bq_ext_task
AIRFLOW_CTX_EXECUTION_DATE=2004-01-01T00:00:00+00:00
AIRFLOW_CTX_DAG_RUN_ID=scheduled__2004-01-01T00:00:00+00:00
[2022-04-25 12:42:40,052] {crypto.py:82} WARNING - empty cryptography key - values will not be stored encrypted.
[2022-04-25 12:42:40,748] {taskinstance.py:1277} INFO - Marking task as SUCCESS. dag_id=pbp_data_bq_dag, task_id=gcs_2_bq_ext_task, execution_date=20040101T000000, start_date=20220425T124239, end_date=20220425T124240
[2022-04-25 12:42:40,784] {local_task_job.py:154} INFO - Task exited with return code 0
[2022-04-25 12:42:40,863] {local_task_job.py:264} INFO - 0 downstream tasks scheduled from follow-on schedule check
[2022-04-25 12:43:58,390] {taskinstance.py:1032} INFO - Dependencies all met for <TaskInstance: pbp_data_bq_dag.gcs_2_bq_ext_task scheduled__2004-01-01T00:00:00+00:00 [queued]>
[2022-04-25 12:43:58,407] {taskinstance.py:1032} INFO - Dependencies all met for <TaskInstance: pbp_data_bq_dag.gcs_2_bq_ext_task scheduled__2004-01-01T00:00:00+00:00 [queued]>
[2022-04-25 12:43:58,407] {taskinstance.py:1238} INFO - 
--------------------------------------------------------------------------------
[2022-04-25 12:43:58,407] {taskinstance.py:1239} INFO - Starting attempt 1 of 1
[2022-04-25 12:43:58,407] {taskinstance.py:1240} INFO - 
--------------------------------------------------------------------------------
[2022-04-25 12:43:58,426] {taskinstance.py:1259} INFO - Executing <Task(BigQueryCreateExternalTableOperator): gcs_2_bq_ext_task> on 2004-01-01 00:00:00+00:00
[2022-04-25 12:43:58,446] {standard_task_runner.py:52} INFO - Started process 1796 to run task
[2022-04-25 12:43:58,452] {standard_task_runner.py:76} INFO - Running: ['***', 'tasks', 'run', 'pbp_data_bq_dag', 'gcs_2_bq_ext_task', 'scheduled__2004-01-01T00:00:00+00:00', '--job-id', '2397', '--raw', '--subdir', 'DAGS_FOLDER/nfl_gcs_to_bq.py', '--cfg-path', '/tmp/tmpfdefndzj', '--error-file', '/tmp/tmp6l2q5rgb']
[2022-04-25 12:43:58,453] {standard_task_runner.py:77} INFO - Job 2397: Subtask gcs_2_bq_ext_task
[2022-04-25 12:43:58,534] {logging_mixin.py:109} INFO - Running <TaskInstance: pbp_data_bq_dag.gcs_2_bq_ext_task scheduled__2004-01-01T00:00:00+00:00 [running]> on host de169a1be7ed
[2022-04-25 12:43:58,640] {taskinstance.py:1426} INFO - Exporting the following env vars:
AIRFLOW_CTX_DAG_OWNER=***
AIRFLOW_CTX_DAG_ID=pbp_data_bq_dag
AIRFLOW_CTX_TASK_ID=gcs_2_bq_ext_task
AIRFLOW_CTX_EXECUTION_DATE=2004-01-01T00:00:00+00:00
AIRFLOW_CTX_DAG_RUN_ID=scheduled__2004-01-01T00:00:00+00:00
[2022-04-25 12:43:58,642] {crypto.py:82} WARNING - empty cryptography key - values will not be stored encrypted.
[2022-04-25 12:43:59,383] {taskinstance.py:1277} INFO - Marking task as SUCCESS. dag_id=pbp_data_bq_dag, task_id=gcs_2_bq_ext_task, execution_date=20040101T000000, start_date=20220425T124358, end_date=20220425T124359
[2022-04-25 12:43:59,480] {local_task_job.py:154} INFO - Task exited with return code 0
[2022-04-25 12:43:59,548] {local_task_job.py:264} INFO - 1 downstream tasks scheduled from follow-on schedule check
[2022-04-25 12:58:21,100] {taskinstance.py:1032} INFO - Dependencies all met for <TaskInstance: pbp_data_bq_dag.gcs_2_bq_ext_task scheduled__2004-01-01T00:00:00+00:00 [queued]>
[2022-04-25 12:58:21,114] {taskinstance.py:1032} INFO - Dependencies all met for <TaskInstance: pbp_data_bq_dag.gcs_2_bq_ext_task scheduled__2004-01-01T00:00:00+00:00 [queued]>
[2022-04-25 12:58:21,115] {taskinstance.py:1238} INFO - 
--------------------------------------------------------------------------------
[2022-04-25 12:58:21,115] {taskinstance.py:1239} INFO - Starting attempt 1 of 1
[2022-04-25 12:58:21,115] {taskinstance.py:1240} INFO - 
--------------------------------------------------------------------------------
[2022-04-25 12:58:21,129] {taskinstance.py:1259} INFO - Executing <Task(BigQueryCreateExternalTableOperator): gcs_2_bq_ext_task> on 2004-01-01 00:00:00+00:00
[2022-04-25 12:58:21,136] {standard_task_runner.py:52} INFO - Started process 3378 to run task
[2022-04-25 12:58:21,141] {standard_task_runner.py:76} INFO - Running: ['***', 'tasks', 'run', 'pbp_data_bq_dag', 'gcs_2_bq_ext_task', 'scheduled__2004-01-01T00:00:00+00:00', '--job-id', '2421', '--raw', '--subdir', 'DAGS_FOLDER/nfl_gcs_to_bq.py', '--cfg-path', '/tmp/tmphi5hfipp', '--error-file', '/tmp/tmp2mot194n']
[2022-04-25 12:58:21,142] {standard_task_runner.py:77} INFO - Job 2421: Subtask gcs_2_bq_ext_task
[2022-04-25 12:58:21,208] {logging_mixin.py:109} INFO - Running <TaskInstance: pbp_data_bq_dag.gcs_2_bq_ext_task scheduled__2004-01-01T00:00:00+00:00 [running]> on host de169a1be7ed
[2022-04-25 12:58:21,284] {taskinstance.py:1426} INFO - Exporting the following env vars:
AIRFLOW_CTX_DAG_OWNER=***
AIRFLOW_CTX_DAG_ID=pbp_data_bq_dag
AIRFLOW_CTX_TASK_ID=gcs_2_bq_ext_task
AIRFLOW_CTX_EXECUTION_DATE=2004-01-01T00:00:00+00:00
AIRFLOW_CTX_DAG_RUN_ID=scheduled__2004-01-01T00:00:00+00:00
[2022-04-25 12:58:21,286] {crypto.py:82} WARNING - empty cryptography key - values will not be stored encrypted.
[2022-04-25 12:58:22,043] {taskinstance.py:1277} INFO - Marking task as SUCCESS. dag_id=pbp_data_bq_dag, task_id=gcs_2_bq_ext_task, execution_date=20040101T000000, start_date=20220425T125821, end_date=20220425T125822
[2022-04-25 12:58:22,077] {local_task_job.py:154} INFO - Task exited with return code 0
[2022-04-25 12:58:22,117] {local_task_job.py:264} INFO - 1 downstream tasks scheduled from follow-on schedule check
[2022-04-25 13:18:53,741] {taskinstance.py:1032} INFO - Dependencies all met for <TaskInstance: pbp_data_bq_dag.gcs_2_bq_ext_task scheduled__2004-01-01T00:00:00+00:00 [queued]>
[2022-04-25 13:18:53,786] {taskinstance.py:1032} INFO - Dependencies all met for <TaskInstance: pbp_data_bq_dag.gcs_2_bq_ext_task scheduled__2004-01-01T00:00:00+00:00 [queued]>
[2022-04-25 13:18:53,786] {taskinstance.py:1238} INFO - 
--------------------------------------------------------------------------------
[2022-04-25 13:18:53,786] {taskinstance.py:1239} INFO - Starting attempt 1 of 1
[2022-04-25 13:18:53,786] {taskinstance.py:1240} INFO - 
--------------------------------------------------------------------------------
[2022-04-25 13:18:53,818] {taskinstance.py:1259} INFO - Executing <Task(BigQueryCreateExternalTableOperator): gcs_2_bq_ext_task> on 2004-01-01 00:00:00+00:00
[2022-04-25 13:18:53,826] {standard_task_runner.py:52} INFO - Started process 5541 to run task
[2022-04-25 13:18:53,853] {standard_task_runner.py:76} INFO - Running: ['***', 'tasks', 'run', 'pbp_data_bq_dag', 'gcs_2_bq_ext_task', 'scheduled__2004-01-01T00:00:00+00:00', '--job-id', '2439', '--raw', '--subdir', 'DAGS_FOLDER/nfl_gcs_to_bq.py', '--cfg-path', '/tmp/tmpzrw9dihy', '--error-file', '/tmp/tmpdql5uzrn']
[2022-04-25 13:18:53,866] {standard_task_runner.py:77} INFO - Job 2439: Subtask gcs_2_bq_ext_task
[2022-04-25 13:18:54,019] {logging_mixin.py:109} INFO - Running <TaskInstance: pbp_data_bq_dag.gcs_2_bq_ext_task scheduled__2004-01-01T00:00:00+00:00 [running]> on host de169a1be7ed
[2022-04-25 13:18:54,121] {taskinstance.py:1426} INFO - Exporting the following env vars:
AIRFLOW_CTX_DAG_OWNER=***
AIRFLOW_CTX_DAG_ID=pbp_data_bq_dag
AIRFLOW_CTX_TASK_ID=gcs_2_bq_ext_task
AIRFLOW_CTX_EXECUTION_DATE=2004-01-01T00:00:00+00:00
AIRFLOW_CTX_DAG_RUN_ID=scheduled__2004-01-01T00:00:00+00:00
[2022-04-25 13:18:54,123] {crypto.py:82} WARNING - empty cryptography key - values will not be stored encrypted.
[2022-04-25 13:18:54,895] {taskinstance.py:1277} INFO - Marking task as SUCCESS. dag_id=pbp_data_bq_dag, task_id=gcs_2_bq_ext_task, execution_date=20040101T000000, start_date=20220425T131853, end_date=20220425T131854
[2022-04-25 13:18:54,934] {local_task_job.py:154} INFO - Task exited with return code 0
[2022-04-25 13:18:55,010] {local_task_job.py:264} INFO - 0 downstream tasks scheduled from follow-on schedule check
