[2022-04-24 14:47:30,135] {taskinstance.py:1032} INFO - Dependencies all met for <TaskInstance: pbp_data_bq_dag.gcs_2_bq_ext_task scheduled__2019-01-01T00:00:00+00:00 [queued]>
[2022-04-24 14:47:30,146] {taskinstance.py:1032} INFO - Dependencies all met for <TaskInstance: pbp_data_bq_dag.gcs_2_bq_ext_task scheduled__2019-01-01T00:00:00+00:00 [queued]>
[2022-04-24 14:47:30,146] {taskinstance.py:1238} INFO - 
--------------------------------------------------------------------------------
[2022-04-24 14:47:30,146] {taskinstance.py:1239} INFO - Starting attempt 1 of 1
[2022-04-24 14:47:30,146] {taskinstance.py:1240} INFO - 
--------------------------------------------------------------------------------
[2022-04-24 14:47:30,159] {taskinstance.py:1259} INFO - Executing <Task(BigQueryCreateExternalTableOperator): gcs_2_bq_ext_task> on 2019-01-01 00:00:00+00:00
[2022-04-24 14:47:30,166] {standard_task_runner.py:52} INFO - Started process 3159 to run task
[2022-04-24 14:47:30,172] {standard_task_runner.py:76} INFO - Running: ['***', 'tasks', 'run', 'pbp_data_bq_dag', 'gcs_2_bq_ext_task', 'scheduled__2019-01-01T00:00:00+00:00', '--job-id', '2207', '--raw', '--subdir', 'DAGS_FOLDER/nfl_gcs_to_bq.py', '--cfg-path', '/tmp/tmp2_zoq7l7', '--error-file', '/tmp/tmp11tfcogt']
[2022-04-24 14:47:30,173] {standard_task_runner.py:77} INFO - Job 2207: Subtask gcs_2_bq_ext_task
[2022-04-24 14:47:30,242] {logging_mixin.py:109} INFO - Running <TaskInstance: pbp_data_bq_dag.gcs_2_bq_ext_task scheduled__2019-01-01T00:00:00+00:00 [running]> on host 28475d5c3e7a
[2022-04-24 14:47:30,306] {taskinstance.py:1426} INFO - Exporting the following env vars:
AIRFLOW_CTX_DAG_OWNER=***
AIRFLOW_CTX_DAG_ID=pbp_data_bq_dag
AIRFLOW_CTX_TASK_ID=gcs_2_bq_ext_task
AIRFLOW_CTX_EXECUTION_DATE=2019-01-01T00:00:00+00:00
AIRFLOW_CTX_DAG_RUN_ID=scheduled__2019-01-01T00:00:00+00:00
[2022-04-24 14:47:30,308] {crypto.py:82} WARNING - empty cryptography key - values will not be stored encrypted.
[2022-04-24 14:47:30,952] {taskinstance.py:1277} INFO - Marking task as SUCCESS. dag_id=pbp_data_bq_dag, task_id=gcs_2_bq_ext_task, execution_date=20190101T000000, start_date=20220424T144730, end_date=20220424T144730
[2022-04-24 14:47:30,995] {local_task_job.py:154} INFO - Task exited with return code 0
[2022-04-24 14:47:31,072] {local_task_job.py:264} INFO - 1 downstream tasks scheduled from follow-on schedule check
[2022-04-25 12:36:51,289] {taskinstance.py:1032} INFO - Dependencies all met for <TaskInstance: pbp_data_bq_dag.gcs_2_bq_ext_task scheduled__2019-01-01T00:00:00+00:00 [queued]>
[2022-04-25 12:36:51,298] {taskinstance.py:1032} INFO - Dependencies all met for <TaskInstance: pbp_data_bq_dag.gcs_2_bq_ext_task scheduled__2019-01-01T00:00:00+00:00 [queued]>
[2022-04-25 12:36:51,298] {taskinstance.py:1238} INFO - 
--------------------------------------------------------------------------------
[2022-04-25 12:36:51,298] {taskinstance.py:1239} INFO - Starting attempt 1 of 1
[2022-04-25 12:36:51,299] {taskinstance.py:1240} INFO - 
--------------------------------------------------------------------------------
[2022-04-25 12:36:51,310] {taskinstance.py:1259} INFO - Executing <Task(BigQueryCreateExternalTableOperator): gcs_2_bq_ext_task> on 2019-01-01 00:00:00+00:00
[2022-04-25 12:36:51,316] {standard_task_runner.py:52} INFO - Started process 855 to run task
[2022-04-25 12:36:51,322] {standard_task_runner.py:76} INFO - Running: ['***', 'tasks', 'run', 'pbp_data_bq_dag', 'gcs_2_bq_ext_task', 'scheduled__2019-01-01T00:00:00+00:00', '--job-id', '2360', '--raw', '--subdir', 'DAGS_FOLDER/nfl_gcs_to_bq.py', '--cfg-path', '/tmp/tmp36iw9r8v', '--error-file', '/tmp/tmpj7ygz_ul']
[2022-04-25 12:36:51,322] {standard_task_runner.py:77} INFO - Job 2360: Subtask gcs_2_bq_ext_task
[2022-04-25 12:36:51,393] {logging_mixin.py:109} INFO - Running <TaskInstance: pbp_data_bq_dag.gcs_2_bq_ext_task scheduled__2019-01-01T00:00:00+00:00 [running]> on host de169a1be7ed
[2022-04-25 12:36:51,458] {taskinstance.py:1426} INFO - Exporting the following env vars:
AIRFLOW_CTX_DAG_OWNER=***
AIRFLOW_CTX_DAG_ID=pbp_data_bq_dag
AIRFLOW_CTX_TASK_ID=gcs_2_bq_ext_task
AIRFLOW_CTX_EXECUTION_DATE=2019-01-01T00:00:00+00:00
AIRFLOW_CTX_DAG_RUN_ID=scheduled__2019-01-01T00:00:00+00:00
[2022-04-25 12:36:51,460] {crypto.py:82} WARNING - empty cryptography key - values will not be stored encrypted.
[2022-04-25 12:36:52,081] {taskinstance.py:1277} INFO - Marking task as SUCCESS. dag_id=pbp_data_bq_dag, task_id=gcs_2_bq_ext_task, execution_date=20190101T000000, start_date=20220425T123651, end_date=20220425T123652
[2022-04-25 12:36:52,102] {local_task_job.py:154} INFO - Task exited with return code 0
[2022-04-25 12:36:52,144] {local_task_job.py:264} INFO - 1 downstream tasks scheduled from follow-on schedule check
[2022-04-25 13:20:06,169] {taskinstance.py:1032} INFO - Dependencies all met for <TaskInstance: pbp_data_bq_dag.gcs_2_bq_ext_task scheduled__2019-01-01T00:00:00+00:00 [queued]>
[2022-04-25 13:20:06,184] {taskinstance.py:1032} INFO - Dependencies all met for <TaskInstance: pbp_data_bq_dag.gcs_2_bq_ext_task scheduled__2019-01-01T00:00:00+00:00 [queued]>
[2022-04-25 13:20:06,184] {taskinstance.py:1238} INFO - 
--------------------------------------------------------------------------------
[2022-04-25 13:20:06,184] {taskinstance.py:1239} INFO - Starting attempt 1 of 1
[2022-04-25 13:20:06,185] {taskinstance.py:1240} INFO - 
--------------------------------------------------------------------------------
[2022-04-25 13:20:06,200] {taskinstance.py:1259} INFO - Executing <Task(BigQueryCreateExternalTableOperator): gcs_2_bq_ext_task> on 2019-01-01 00:00:00+00:00
[2022-04-25 13:20:06,210] {standard_task_runner.py:52} INFO - Started process 5996 to run task
[2022-04-25 13:20:06,215] {standard_task_runner.py:76} INFO - Running: ['***', 'tasks', 'run', 'pbp_data_bq_dag', 'gcs_2_bq_ext_task', 'scheduled__2019-01-01T00:00:00+00:00', '--job-id', '2499', '--raw', '--subdir', 'DAGS_FOLDER/nfl_gcs_to_bq.py', '--cfg-path', '/tmp/tmpio1grjsu', '--error-file', '/tmp/tmp8kuhqoz5']
[2022-04-25 13:20:06,216] {standard_task_runner.py:77} INFO - Job 2499: Subtask gcs_2_bq_ext_task
[2022-04-25 13:20:06,299] {logging_mixin.py:109} INFO - Running <TaskInstance: pbp_data_bq_dag.gcs_2_bq_ext_task scheduled__2019-01-01T00:00:00+00:00 [running]> on host de169a1be7ed
[2022-04-25 13:20:06,384] {taskinstance.py:1426} INFO - Exporting the following env vars:
AIRFLOW_CTX_DAG_OWNER=***
AIRFLOW_CTX_DAG_ID=pbp_data_bq_dag
AIRFLOW_CTX_TASK_ID=gcs_2_bq_ext_task
AIRFLOW_CTX_EXECUTION_DATE=2019-01-01T00:00:00+00:00
AIRFLOW_CTX_DAG_RUN_ID=scheduled__2019-01-01T00:00:00+00:00
[2022-04-25 13:20:06,387] {crypto.py:82} WARNING - empty cryptography key - values will not be stored encrypted.
[2022-04-25 13:20:06,981] {taskinstance.py:1277} INFO - Marking task as SUCCESS. dag_id=pbp_data_bq_dag, task_id=gcs_2_bq_ext_task, execution_date=20190101T000000, start_date=20220425T132006, end_date=20220425T132006
[2022-04-25 13:20:07,035] {local_task_job.py:154} INFO - Task exited with return code 0
[2022-04-25 13:20:07,067] {local_task_job.py:264} INFO - 0 downstream tasks scheduled from follow-on schedule check
