[2022-04-24 14:49:45,489] {taskinstance.py:1032} INFO - Dependencies all met for <TaskInstance: schedule_data_bq_dag.gcs_2_bq_ext_task scheduled__2011-01-01T00:00:00+00:00 [queued]>
[2022-04-24 14:49:45,511] {taskinstance.py:1032} INFO - Dependencies all met for <TaskInstance: schedule_data_bq_dag.gcs_2_bq_ext_task scheduled__2011-01-01T00:00:00+00:00 [queued]>
[2022-04-24 14:49:45,511] {taskinstance.py:1238} INFO - 
--------------------------------------------------------------------------------
[2022-04-24 14:49:45,512] {taskinstance.py:1239} INFO - Starting attempt 1 of 1
[2022-04-24 14:49:45,512] {taskinstance.py:1240} INFO - 
--------------------------------------------------------------------------------
[2022-04-24 14:49:45,532] {taskinstance.py:1259} INFO - Executing <Task(BigQueryCreateExternalTableOperator): gcs_2_bq_ext_task> on 2011-01-01 00:00:00+00:00
[2022-04-24 14:49:45,551] {standard_task_runner.py:52} INFO - Started process 3598 to run task
[2022-04-24 14:49:45,566] {standard_task_runner.py:76} INFO - Running: ['***', 'tasks', 'run', 'schedule_data_bq_dag', 'gcs_2_bq_ext_task', 'scheduled__2011-01-01T00:00:00+00:00', '--job-id', '2239', '--raw', '--subdir', 'DAGS_FOLDER/nfl_gcs_to_bq.py', '--cfg-path', '/tmp/tmpifczonqj', '--error-file', '/tmp/tmp5hjsminl']
[2022-04-24 14:49:45,567] {standard_task_runner.py:77} INFO - Job 2239: Subtask gcs_2_bq_ext_task
[2022-04-24 14:49:45,675] {logging_mixin.py:109} INFO - Running <TaskInstance: schedule_data_bq_dag.gcs_2_bq_ext_task scheduled__2011-01-01T00:00:00+00:00 [running]> on host 28475d5c3e7a
[2022-04-24 14:49:45,830] {taskinstance.py:1426} INFO - Exporting the following env vars:
AIRFLOW_CTX_DAG_OWNER=***
AIRFLOW_CTX_DAG_ID=schedule_data_bq_dag
AIRFLOW_CTX_TASK_ID=gcs_2_bq_ext_task
AIRFLOW_CTX_EXECUTION_DATE=2011-01-01T00:00:00+00:00
AIRFLOW_CTX_DAG_RUN_ID=scheduled__2011-01-01T00:00:00+00:00
[2022-04-24 14:49:45,832] {crypto.py:82} WARNING - empty cryptography key - values will not be stored encrypted.
[2022-04-24 14:49:46,422] {taskinstance.py:1277} INFO - Marking task as SUCCESS. dag_id=schedule_data_bq_dag, task_id=gcs_2_bq_ext_task, execution_date=20110101T000000, start_date=20220424T144945, end_date=20220424T144946
[2022-04-24 14:49:46,461] {local_task_job.py:154} INFO - Task exited with return code 0
[2022-04-24 14:49:46,497] {local_task_job.py:264} INFO - 0 downstream tasks scheduled from follow-on schedule check
[2022-04-24 14:54:18,065] {taskinstance.py:1032} INFO - Dependencies all met for <TaskInstance: schedule_data_bq_dag.gcs_2_bq_ext_task scheduled__2011-01-01T00:00:00+00:00 [queued]>
[2022-04-24 14:54:18,078] {taskinstance.py:1032} INFO - Dependencies all met for <TaskInstance: schedule_data_bq_dag.gcs_2_bq_ext_task scheduled__2011-01-01T00:00:00+00:00 [queued]>
[2022-04-24 14:54:18,078] {taskinstance.py:1238} INFO - 
--------------------------------------------------------------------------------
[2022-04-24 14:54:18,079] {taskinstance.py:1239} INFO - Starting attempt 1 of 1
[2022-04-24 14:54:18,079] {taskinstance.py:1240} INFO - 
--------------------------------------------------------------------------------
[2022-04-24 14:54:18,091] {taskinstance.py:1259} INFO - Executing <Task(BigQueryCreateExternalTableOperator): gcs_2_bq_ext_task> on 2011-01-01 00:00:00+00:00
[2022-04-24 14:54:18,099] {standard_task_runner.py:52} INFO - Started process 4259 to run task
[2022-04-24 14:54:18,105] {standard_task_runner.py:76} INFO - Running: ['***', 'tasks', 'run', 'schedule_data_bq_dag', 'gcs_2_bq_ext_task', 'scheduled__2011-01-01T00:00:00+00:00', '--job-id', '2278', '--raw', '--subdir', 'DAGS_FOLDER/nfl_gcs_to_bq.py', '--cfg-path', '/tmp/tmpigarjdbs', '--error-file', '/tmp/tmpar3zpwim']
[2022-04-24 14:54:18,106] {standard_task_runner.py:77} INFO - Job 2278: Subtask gcs_2_bq_ext_task
[2022-04-24 14:54:18,193] {logging_mixin.py:109} INFO - Running <TaskInstance: schedule_data_bq_dag.gcs_2_bq_ext_task scheduled__2011-01-01T00:00:00+00:00 [running]> on host 28475d5c3e7a
[2022-04-24 14:54:18,268] {taskinstance.py:1426} INFO - Exporting the following env vars:
AIRFLOW_CTX_DAG_OWNER=***
AIRFLOW_CTX_DAG_ID=schedule_data_bq_dag
AIRFLOW_CTX_TASK_ID=gcs_2_bq_ext_task
AIRFLOW_CTX_EXECUTION_DATE=2011-01-01T00:00:00+00:00
AIRFLOW_CTX_DAG_RUN_ID=scheduled__2011-01-01T00:00:00+00:00
[2022-04-24 14:54:18,270] {crypto.py:82} WARNING - empty cryptography key - values will not be stored encrypted.
[2022-04-24 14:54:18,855] {taskinstance.py:1277} INFO - Marking task as SUCCESS. dag_id=schedule_data_bq_dag, task_id=gcs_2_bq_ext_task, execution_date=20110101T000000, start_date=20220424T145418, end_date=20220424T145418
[2022-04-24 14:54:18,881] {local_task_job.py:154} INFO - Task exited with return code 0
[2022-04-24 14:54:18,916] {local_task_job.py:264} INFO - 0 downstream tasks scheduled from follow-on schedule check
[2022-04-25 13:19:29,133] {taskinstance.py:1032} INFO - Dependencies all met for <TaskInstance: schedule_data_bq_dag.gcs_2_bq_ext_task scheduled__2011-01-01T00:00:00+00:00 [queued]>
[2022-04-25 13:19:29,156] {taskinstance.py:1032} INFO - Dependencies all met for <TaskInstance: schedule_data_bq_dag.gcs_2_bq_ext_task scheduled__2011-01-01T00:00:00+00:00 [queued]>
[2022-04-25 13:19:29,157] {taskinstance.py:1238} INFO - 
--------------------------------------------------------------------------------
[2022-04-25 13:19:29,157] {taskinstance.py:1239} INFO - Starting attempt 1 of 1
[2022-04-25 13:19:29,157] {taskinstance.py:1240} INFO - 
--------------------------------------------------------------------------------
[2022-04-25 13:19:29,176] {taskinstance.py:1259} INFO - Executing <Task(BigQueryCreateExternalTableOperator): gcs_2_bq_ext_task> on 2011-01-01 00:00:00+00:00
[2022-04-25 13:19:29,189] {standard_task_runner.py:52} INFO - Started process 5802 to run task
[2022-04-25 13:19:29,199] {standard_task_runner.py:76} INFO - Running: ['***', 'tasks', 'run', 'schedule_data_bq_dag', 'gcs_2_bq_ext_task', 'scheduled__2011-01-01T00:00:00+00:00', '--job-id', '2472', '--raw', '--subdir', 'DAGS_FOLDER/nfl_gcs_to_bq.py', '--cfg-path', '/tmp/tmpnbw3gmrg', '--error-file', '/tmp/tmp_v_m2x36']
[2022-04-25 13:19:29,202] {standard_task_runner.py:77} INFO - Job 2472: Subtask gcs_2_bq_ext_task
[2022-04-25 13:19:29,357] {logging_mixin.py:109} INFO - Running <TaskInstance: schedule_data_bq_dag.gcs_2_bq_ext_task scheduled__2011-01-01T00:00:00+00:00 [running]> on host de169a1be7ed
[2022-04-25 13:19:29,589] {taskinstance.py:1426} INFO - Exporting the following env vars:
AIRFLOW_CTX_DAG_OWNER=***
AIRFLOW_CTX_DAG_ID=schedule_data_bq_dag
AIRFLOW_CTX_TASK_ID=gcs_2_bq_ext_task
AIRFLOW_CTX_EXECUTION_DATE=2011-01-01T00:00:00+00:00
AIRFLOW_CTX_DAG_RUN_ID=scheduled__2011-01-01T00:00:00+00:00
[2022-04-25 13:19:29,591] {crypto.py:82} WARNING - empty cryptography key - values will not be stored encrypted.
[2022-04-25 13:19:30,308] {taskinstance.py:1277} INFO - Marking task as SUCCESS. dag_id=schedule_data_bq_dag, task_id=gcs_2_bq_ext_task, execution_date=20110101T000000, start_date=20220425T131929, end_date=20220425T131930
[2022-04-25 13:19:30,410] {local_task_job.py:154} INFO - Task exited with return code 0
[2022-04-25 13:19:30,501] {local_task_job.py:264} INFO - 0 downstream tasks scheduled from follow-on schedule check
