[2022-04-11 17:19:01,143] {taskinstance.py:1032} INFO - Dependencies all met for <TaskInstance: schedule_data.local_to_gcs_task scheduled__2019-01-01T00:00:00+00:00 [queued]>
[2022-04-11 17:19:01,154] {taskinstance.py:1032} INFO - Dependencies all met for <TaskInstance: schedule_data.local_to_gcs_task scheduled__2019-01-01T00:00:00+00:00 [queued]>
[2022-04-11 17:19:01,154] {taskinstance.py:1238} INFO - 
--------------------------------------------------------------------------------
[2022-04-11 17:19:01,154] {taskinstance.py:1239} INFO - Starting attempt 7 of 7
[2022-04-11 17:19:01,154] {taskinstance.py:1240} INFO - 
--------------------------------------------------------------------------------
[2022-04-11 17:19:01,171] {taskinstance.py:1259} INFO - Executing <Task(PythonOperator): local_to_gcs_task> on 2019-01-01 00:00:00+00:00
[2022-04-11 17:19:01,178] {standard_task_runner.py:52} INFO - Started process 342953 to run task
[2022-04-11 17:19:01,184] {standard_task_runner.py:76} INFO - Running: ['***', 'tasks', 'run', 'schedule_data', 'local_to_gcs_task', 'scheduled__2019-01-01T00:00:00+00:00', '--job-id', '1688', '--raw', '--subdir', 'DAGS_FOLDER/nfl_to_gcs.py', '--cfg-path', '/tmp/tmpjrwc6vmz', '--error-file', '/tmp/tmpddklwju3']
[2022-04-11 17:19:01,185] {standard_task_runner.py:77} INFO - Job 1688: Subtask local_to_gcs_task
[2022-04-11 17:19:01,252] {logging_mixin.py:109} INFO - Running <TaskInstance: schedule_data.local_to_gcs_task scheduled__2019-01-01T00:00:00+00:00 [running]> on host 4ed3eda454fd
[2022-04-11 17:19:01,306] {logging_mixin.py:109} WARNING - /home/***/.local/lib/python3.7/site-packages/***/utils/context.py:152 AirflowContextDeprecationWarning: Accessing 'execution_date' from the template is deprecated and will be removed in a future version. Please use 'data_interval_start' or 'logical_date' instead.
[2022-04-11 17:19:01,330] {taskinstance.py:1426} INFO - Exporting the following env vars:
AIRFLOW_CTX_DAG_OWNER=***
AIRFLOW_CTX_DAG_ID=schedule_data
AIRFLOW_CTX_TASK_ID=local_to_gcs_task
AIRFLOW_CTX_EXECUTION_DATE=2019-01-01T00:00:00+00:00
AIRFLOW_CTX_DAG_RUN_ID=scheduled__2019-01-01T00:00:00+00:00
[2022-04-11 17:19:01,332] {logging_mixin.py:109} WARNING - /home/***/.local/lib/python3.7/site-packages/***/utils/context.py:152 AirflowContextDeprecationWarning: Accessing 'next_ds' from the template is deprecated and will be removed in a future version. Please use '{{ data_interval_end | ds }}' instead.
[2022-04-11 17:19:01,334] {logging_mixin.py:109} WARNING - /home/***/.local/lib/python3.7/site-packages/***/utils/context.py:152 AirflowContextDeprecationWarning: Accessing 'next_ds_nodash' from the template is deprecated and will be removed in a future version. Please use '{{ data_interval_end | ds_nodash }}' instead.
[2022-04-11 17:19:01,335] {logging_mixin.py:109} WARNING - /home/***/.local/lib/python3.7/site-packages/***/utils/context.py:152 AirflowContextDeprecationWarning: Accessing 'next_execution_date' from the template is deprecated and will be removed in a future version. Please use 'data_interval_end' instead.
[2022-04-11 17:19:01,335] {logging_mixin.py:109} WARNING - /home/***/.local/lib/python3.7/site-packages/***/utils/context.py:152 AirflowContextDeprecationWarning: Accessing 'prev_ds' from the template is deprecated and will be removed in a future version.
[2022-04-11 17:19:01,336] {logging_mixin.py:109} WARNING - /home/***/.local/lib/python3.7/site-packages/***/utils/context.py:152 AirflowContextDeprecationWarning: Accessing 'prev_ds_nodash' from the template is deprecated and will be removed in a future version.
[2022-04-11 17:19:01,337] {logging_mixin.py:109} WARNING - /home/***/.local/lib/python3.7/site-packages/***/utils/context.py:152 AirflowContextDeprecationWarning: Accessing 'prev_execution_date' from the template is deprecated and will be removed in a future version.
[2022-04-11 17:19:01,338] {logging_mixin.py:109} WARNING - /home/***/.local/lib/python3.7/site-packages/***/utils/context.py:152 AirflowContextDeprecationWarning: Accessing 'prev_execution_date_success' from the template is deprecated and will be removed in a future version. Please use 'prev_data_interval_start_success' instead.
[2022-04-11 17:19:01,338] {logging_mixin.py:109} WARNING - /home/***/.local/lib/python3.7/site-packages/***/utils/context.py:152 AirflowContextDeprecationWarning: Accessing 'tomorrow_ds' from the template is deprecated and will be removed in a future version.
[2022-04-11 17:19:01,339] {logging_mixin.py:109} WARNING - /home/***/.local/lib/python3.7/site-packages/***/utils/context.py:152 AirflowContextDeprecationWarning: Accessing 'tomorrow_ds_nodash' from the template is deprecated and will be removed in a future version.
[2022-04-11 17:19:01,340] {logging_mixin.py:109} WARNING - /home/***/.local/lib/python3.7/site-packages/***/utils/context.py:152 AirflowContextDeprecationWarning: Accessing 'yesterday_ds' from the template is deprecated and will be removed in a future version.
[2022-04-11 17:19:01,341] {logging_mixin.py:109} WARNING - /home/***/.local/lib/python3.7/site-packages/***/utils/context.py:152 AirflowContextDeprecationWarning: Accessing 'yesterday_ds_nodash' from the template is deprecated and will be removed in a future version.
[2022-04-11 17:19:01,590] {python.py:175} INFO - Done. Returned value was: None
[2022-04-11 17:19:01,603] {taskinstance.py:1277} INFO - Marking task as SUCCESS. dag_id=schedule_data, task_id=local_to_gcs_task, execution_date=20190101T000000, start_date=20220411T171901, end_date=20220411T171901
[2022-04-11 17:19:01,637] {local_task_job.py:154} INFO - Task exited with return code 0
[2022-04-11 17:19:01,677] {local_task_job.py:264} INFO - 1 downstream tasks scheduled from follow-on schedule check
