[2022-04-11 20:01:14,461] {taskinstance.py:1032} INFO - Dependencies all met for <TaskInstance: injury_data.rm_task scheduled__2018-01-01T00:00:00+00:00 [queued]>
[2022-04-11 20:01:14,492] {taskinstance.py:1032} INFO - Dependencies all met for <TaskInstance: injury_data.rm_task scheduled__2018-01-01T00:00:00+00:00 [queued]>
[2022-04-11 20:01:14,492] {taskinstance.py:1238} INFO - 
--------------------------------------------------------------------------------
[2022-04-11 20:01:14,493] {taskinstance.py:1239} INFO - Starting attempt 1 of 1
[2022-04-11 20:01:14,495] {taskinstance.py:1240} INFO - 
--------------------------------------------------------------------------------
[2022-04-11 20:01:14,540] {taskinstance.py:1259} INFO - Executing <Task(BashOperator): rm_task> on 2018-01-01 00:00:00+00:00
[2022-04-11 20:01:14,553] {standard_task_runner.py:52} INFO - Started process 357315 to run task
[2022-04-11 20:01:14,569] {standard_task_runner.py:76} INFO - Running: ['***', 'tasks', 'run', 'injury_data', 'rm_task', 'scheduled__2018-01-01T00:00:00+00:00', '--job-id', '1812', '--raw', '--subdir', 'DAGS_FOLDER/nfl_to_gcs.py', '--cfg-path', '/tmp/tmp3rlw73eh', '--error-file', '/tmp/tmprabutqur']
[2022-04-11 20:01:14,572] {standard_task_runner.py:77} INFO - Job 1812: Subtask rm_task
[2022-04-11 20:01:14,735] {logging_mixin.py:109} INFO - Running <TaskInstance: injury_data.rm_task scheduled__2018-01-01T00:00:00+00:00 [running]> on host 4ed3eda454fd
[2022-04-11 20:01:15,004] {taskinstance.py:1426} INFO - Exporting the following env vars:
AIRFLOW_CTX_DAG_OWNER=***
AIRFLOW_CTX_DAG_ID=injury_data
AIRFLOW_CTX_TASK_ID=rm_task
AIRFLOW_CTX_EXECUTION_DATE=2018-01-01T00:00:00+00:00
AIRFLOW_CTX_DAG_RUN_ID=scheduled__2018-01-01T00:00:00+00:00
[2022-04-11 20:01:15,006] {subprocess.py:62} INFO - Tmp dir root location: 
 /tmp
[2022-04-11 20:01:15,009] {subprocess.py:74} INFO - Running command: ['bash', '-c', 'rm "/opt/***/injury_data_2018.parquet"']
[2022-04-11 20:01:15,086] {subprocess.py:85} INFO - Output:
[2022-04-11 20:01:15,096] {subprocess.py:93} INFO - Command exited with return code 0
[2022-04-11 20:01:15,173] {taskinstance.py:1277} INFO - Marking task as SUCCESS. dag_id=injury_data, task_id=rm_task, execution_date=20180101T000000, start_date=20220411T200114, end_date=20220411T200115
[2022-04-11 20:01:15,234] {local_task_job.py:154} INFO - Task exited with return code 0
[2022-04-11 20:01:15,294] {local_task_job.py:264} INFO - 0 downstream tasks scheduled from follow-on schedule check
[2022-04-11 20:05:08,604] {taskinstance.py:1032} INFO - Dependencies all met for <TaskInstance: injury_data.rm_task scheduled__2018-01-01T00:00:00+00:00 [queued]>
[2022-04-11 20:05:08,624] {taskinstance.py:1032} INFO - Dependencies all met for <TaskInstance: injury_data.rm_task scheduled__2018-01-01T00:00:00+00:00 [queued]>
[2022-04-11 20:05:08,625] {taskinstance.py:1238} INFO - 
--------------------------------------------------------------------------------
[2022-04-11 20:05:08,625] {taskinstance.py:1239} INFO - Starting attempt 1 of 1
[2022-04-11 20:05:08,625] {taskinstance.py:1240} INFO - 
--------------------------------------------------------------------------------
[2022-04-11 20:05:08,643] {taskinstance.py:1259} INFO - Executing <Task(BashOperator): rm_task> on 2018-01-01 00:00:00+00:00
[2022-04-11 20:05:08,659] {standard_task_runner.py:52} INFO - Started process 358497 to run task
[2022-04-11 20:05:08,668] {standard_task_runner.py:76} INFO - Running: ['***', 'tasks', 'run', 'injury_data', 'rm_task', 'scheduled__2018-01-01T00:00:00+00:00', '--job-id', '1930', '--raw', '--subdir', 'DAGS_FOLDER/nfl_to_gcs.py', '--cfg-path', '/tmp/tmp6ull4gp2', '--error-file', '/tmp/tmpzkftvnzl']
[2022-04-11 20:05:08,671] {standard_task_runner.py:77} INFO - Job 1930: Subtask rm_task
[2022-04-11 20:05:08,771] {logging_mixin.py:109} INFO - Running <TaskInstance: injury_data.rm_task scheduled__2018-01-01T00:00:00+00:00 [running]> on host 4ed3eda454fd
[2022-04-11 20:05:08,893] {taskinstance.py:1426} INFO - Exporting the following env vars:
AIRFLOW_CTX_DAG_OWNER=***
AIRFLOW_CTX_DAG_ID=injury_data
AIRFLOW_CTX_TASK_ID=rm_task
AIRFLOW_CTX_EXECUTION_DATE=2018-01-01T00:00:00+00:00
AIRFLOW_CTX_DAG_RUN_ID=scheduled__2018-01-01T00:00:00+00:00
[2022-04-11 20:05:08,894] {subprocess.py:62} INFO - Tmp dir root location: 
 /tmp
[2022-04-11 20:05:08,895] {subprocess.py:74} INFO - Running command: ['bash', '-c', 'rm "/opt/***/injury_data_2018.parquet"']
[2022-04-11 20:05:08,934] {subprocess.py:85} INFO - Output:
[2022-04-11 20:05:08,940] {subprocess.py:93} INFO - Command exited with return code 0
[2022-04-11 20:05:09,027] {taskinstance.py:1277} INFO - Marking task as SUCCESS. dag_id=injury_data, task_id=rm_task, execution_date=20180101T000000, start_date=20220411T200508, end_date=20220411T200509
[2022-04-11 20:05:09,083] {local_task_job.py:154} INFO - Task exited with return code 0
[2022-04-11 20:05:09,137] {local_task_job.py:264} INFO - 0 downstream tasks scheduled from follow-on schedule check
[2022-04-23 16:32:08,055] {taskinstance.py:1032} INFO - Dependencies all met for <TaskInstance: injury_data.rm_task scheduled__2018-01-01T00:00:00+00:00 [queued]>
[2022-04-23 16:32:08,106] {taskinstance.py:1032} INFO - Dependencies all met for <TaskInstance: injury_data.rm_task scheduled__2018-01-01T00:00:00+00:00 [queued]>
[2022-04-23 16:32:08,106] {taskinstance.py:1238} INFO - 
--------------------------------------------------------------------------------
[2022-04-23 16:32:08,106] {taskinstance.py:1239} INFO - Starting attempt 1 of 1
[2022-04-23 16:32:08,106] {taskinstance.py:1240} INFO - 
--------------------------------------------------------------------------------
[2022-04-23 16:32:08,146] {taskinstance.py:1259} INFO - Executing <Task(BashOperator): rm_task> on 2018-01-01 00:00:00+00:00
[2022-04-23 16:32:08,154] {standard_task_runner.py:52} INFO - Started process 2946 to run task
[2022-04-23 16:32:08,169] {standard_task_runner.py:76} INFO - Running: ['***', 'tasks', 'run', 'injury_data', 'rm_task', 'scheduled__2018-01-01T00:00:00+00:00', '--job-id', '2116', '--raw', '--subdir', 'DAGS_FOLDER/nfl_to_gcs.py', '--cfg-path', '/tmp/tmpkqicgpoa', '--error-file', '/tmp/tmpt8ga26em']
[2022-04-23 16:32:08,171] {standard_task_runner.py:77} INFO - Job 2116: Subtask rm_task
[2022-04-23 16:32:08,359] {logging_mixin.py:109} INFO - Running <TaskInstance: injury_data.rm_task scheduled__2018-01-01T00:00:00+00:00 [running]> on host 04f3a8edbeca
[2022-04-23 16:32:08,489] {taskinstance.py:1426} INFO - Exporting the following env vars:
AIRFLOW_CTX_DAG_OWNER=***
AIRFLOW_CTX_DAG_ID=injury_data
AIRFLOW_CTX_TASK_ID=rm_task
AIRFLOW_CTX_EXECUTION_DATE=2018-01-01T00:00:00+00:00
AIRFLOW_CTX_DAG_RUN_ID=scheduled__2018-01-01T00:00:00+00:00
[2022-04-23 16:32:08,490] {subprocess.py:62} INFO - Tmp dir root location: 
 /tmp
[2022-04-23 16:32:08,491] {subprocess.py:74} INFO - Running command: ['bash', '-c', 'rm "/opt/***/injury_data_2018.parquet"']
[2022-04-23 16:32:08,513] {subprocess.py:85} INFO - Output:
[2022-04-23 16:32:08,520] {subprocess.py:93} INFO - Command exited with return code 0
[2022-04-23 16:32:08,562] {taskinstance.py:1277} INFO - Marking task as SUCCESS. dag_id=injury_data, task_id=rm_task, execution_date=20180101T000000, start_date=20220423T163208, end_date=20220423T163208
[2022-04-23 16:32:08,621] {local_task_job.py:154} INFO - Task exited with return code 0
[2022-04-23 16:32:08,673] {local_task_job.py:264} INFO - 0 downstream tasks scheduled from follow-on schedule check
