[2022-04-07 23:43:47,543] {processor.py:163} INFO - Started process (PID=174) to work on /home/airflow/.local/lib/python3.7/site-packages/airflow/example_dags/example_trigger_controller_dag.py
[2022-04-07 23:43:47,545] {processor.py:642} INFO - Processing file /home/airflow/.local/lib/python3.7/site-packages/airflow/example_dags/example_trigger_controller_dag.py for tasks to queue
[2022-04-07 23:43:47,545] {logging_mixin.py:109} INFO - [2022-04-07 23:43:47,545] {dagbag.py:500} INFO - Filling up the DagBag from /home/airflow/.local/lib/python3.7/site-packages/airflow/example_dags/example_trigger_controller_dag.py
[2022-04-07 23:43:47,578] {processor.py:654} INFO - DAG(s) dict_keys(['example_trigger_controller_dag']) retrieved from /home/airflow/.local/lib/python3.7/site-packages/airflow/example_dags/example_trigger_controller_dag.py
[2022-04-07 23:43:49,383] {logging_mixin.py:109} INFO - [2022-04-07 23:43:49,383] {manager.py:496} INFO - Created Permission View: can read on DAG:example_trigger_controller_dag
[2022-04-07 23:43:49,391] {logging_mixin.py:109} INFO - [2022-04-07 23:43:49,391] {manager.py:496} INFO - Created Permission View: can edit on DAG:example_trigger_controller_dag
[2022-04-07 23:43:49,392] {logging_mixin.py:109} INFO - [2022-04-07 23:43:49,392] {dag.py:2396} INFO - Sync 1 DAGs
[2022-04-07 23:43:49,399] {logging_mixin.py:109} INFO - [2022-04-07 23:43:49,399] {dag.py:2415} INFO - Creating ORM DAG for example_trigger_controller_dag
[2022-04-07 23:43:49,407] {logging_mixin.py:109} INFO - [2022-04-07 23:43:49,406] {dag.py:2935} INFO - Setting next_dagrun for example_trigger_controller_dag to 2021-01-01T00:00:00+00:00
[2022-04-07 23:43:49,417] {processor.py:171} INFO - Processing /home/airflow/.local/lib/python3.7/site-packages/airflow/example_dags/example_trigger_controller_dag.py took 1.879 seconds
[2022-04-07 23:44:20,148] {processor.py:163} INFO - Started process (PID=257) to work on /home/airflow/.local/lib/python3.7/site-packages/airflow/example_dags/example_trigger_controller_dag.py
[2022-04-07 23:44:20,149] {processor.py:642} INFO - Processing file /home/airflow/.local/lib/python3.7/site-packages/airflow/example_dags/example_trigger_controller_dag.py for tasks to queue
[2022-04-07 23:44:20,150] {logging_mixin.py:109} INFO - [2022-04-07 23:44:20,150] {dagbag.py:500} INFO - Filling up the DagBag from /home/airflow/.local/lib/python3.7/site-packages/airflow/example_dags/example_trigger_controller_dag.py
[2022-04-07 23:44:20,180] {processor.py:654} INFO - DAG(s) dict_keys(['example_trigger_controller_dag']) retrieved from /home/airflow/.local/lib/python3.7/site-packages/airflow/example_dags/example_trigger_controller_dag.py
[2022-04-07 23:44:20,191] {logging_mixin.py:109} INFO - [2022-04-07 23:44:20,191] {dag.py:2396} INFO - Sync 1 DAGs
[2022-04-07 23:44:20,208] {logging_mixin.py:109} INFO - [2022-04-07 23:44:20,207] {dag.py:2935} INFO - Setting next_dagrun for example_trigger_controller_dag to 2021-01-01T00:00:00+00:00
[2022-04-07 23:44:20,217] {processor.py:171} INFO - Processing /home/airflow/.local/lib/python3.7/site-packages/airflow/example_dags/example_trigger_controller_dag.py took 0.074 seconds
[2022-04-07 23:44:50,390] {processor.py:163} INFO - Started process (PID=318) to work on /home/airflow/.local/lib/python3.7/site-packages/airflow/example_dags/example_trigger_controller_dag.py
[2022-04-07 23:44:50,391] {processor.py:642} INFO - Processing file /home/airflow/.local/lib/python3.7/site-packages/airflow/example_dags/example_trigger_controller_dag.py for tasks to queue
[2022-04-07 23:44:50,392] {logging_mixin.py:109} INFO - [2022-04-07 23:44:50,392] {dagbag.py:500} INFO - Filling up the DagBag from /home/airflow/.local/lib/python3.7/site-packages/airflow/example_dags/example_trigger_controller_dag.py
[2022-04-07 23:44:50,421] {processor.py:654} INFO - DAG(s) dict_keys(['example_trigger_controller_dag']) retrieved from /home/airflow/.local/lib/python3.7/site-packages/airflow/example_dags/example_trigger_controller_dag.py
[2022-04-07 23:44:50,434] {logging_mixin.py:109} INFO - [2022-04-07 23:44:50,434] {dag.py:2396} INFO - Sync 1 DAGs
[2022-04-07 23:44:50,451] {logging_mixin.py:109} INFO - [2022-04-07 23:44:50,451] {dag.py:2935} INFO - Setting next_dagrun for example_trigger_controller_dag to 2021-01-01T00:00:00+00:00
[2022-04-07 23:44:50,460] {processor.py:171} INFO - Processing /home/airflow/.local/lib/python3.7/site-packages/airflow/example_dags/example_trigger_controller_dag.py took 0.076 seconds
[2022-04-07 23:45:20,828] {processor.py:163} INFO - Started process (PID=368) to work on /home/airflow/.local/lib/python3.7/site-packages/airflow/example_dags/example_trigger_controller_dag.py
[2022-04-07 23:45:20,830] {processor.py:642} INFO - Processing file /home/airflow/.local/lib/python3.7/site-packages/airflow/example_dags/example_trigger_controller_dag.py for tasks to queue
[2022-04-07 23:45:20,831] {logging_mixin.py:109} INFO - [2022-04-07 23:45:20,831] {dagbag.py:500} INFO - Filling up the DagBag from /home/airflow/.local/lib/python3.7/site-packages/airflow/example_dags/example_trigger_controller_dag.py
[2022-04-07 23:45:20,862] {processor.py:654} INFO - DAG(s) dict_keys(['example_trigger_controller_dag']) retrieved from /home/airflow/.local/lib/python3.7/site-packages/airflow/example_dags/example_trigger_controller_dag.py
[2022-04-07 23:45:20,873] {logging_mixin.py:109} INFO - [2022-04-07 23:45:20,873] {dag.py:2396} INFO - Sync 1 DAGs
[2022-04-07 23:45:20,890] {logging_mixin.py:109} INFO - [2022-04-07 23:45:20,890] {dag.py:2935} INFO - Setting next_dagrun for example_trigger_controller_dag to 2021-01-01T00:00:00+00:00
[2022-04-07 23:45:20,899] {processor.py:171} INFO - Processing /home/airflow/.local/lib/python3.7/site-packages/airflow/example_dags/example_trigger_controller_dag.py took 0.075 seconds
[2022-04-07 23:45:51,235] {processor.py:163} INFO - Started process (PID=430) to work on /home/airflow/.local/lib/python3.7/site-packages/airflow/example_dags/example_trigger_controller_dag.py
[2022-04-07 23:45:51,237] {processor.py:642} INFO - Processing file /home/airflow/.local/lib/python3.7/site-packages/airflow/example_dags/example_trigger_controller_dag.py for tasks to queue
[2022-04-07 23:45:51,238] {logging_mixin.py:109} INFO - [2022-04-07 23:45:51,238] {dagbag.py:500} INFO - Filling up the DagBag from /home/airflow/.local/lib/python3.7/site-packages/airflow/example_dags/example_trigger_controller_dag.py
[2022-04-07 23:45:51,277] {processor.py:654} INFO - DAG(s) dict_keys(['example_trigger_controller_dag']) retrieved from /home/airflow/.local/lib/python3.7/site-packages/airflow/example_dags/example_trigger_controller_dag.py
[2022-04-07 23:45:51,291] {logging_mixin.py:109} INFO - [2022-04-07 23:45:51,291] {dag.py:2396} INFO - Sync 1 DAGs
[2022-04-07 23:45:51,315] {logging_mixin.py:109} INFO - [2022-04-07 23:45:51,314] {dag.py:2935} INFO - Setting next_dagrun for example_trigger_controller_dag to 2021-01-01T00:00:00+00:00
[2022-04-07 23:45:51,327] {processor.py:171} INFO - Processing /home/airflow/.local/lib/python3.7/site-packages/airflow/example_dags/example_trigger_controller_dag.py took 0.099 seconds
[2022-04-07 23:46:21,360] {processor.py:163} INFO - Started process (PID=480) to work on /home/airflow/.local/lib/python3.7/site-packages/airflow/example_dags/example_trigger_controller_dag.py
[2022-04-07 23:46:21,361] {processor.py:642} INFO - Processing file /home/airflow/.local/lib/python3.7/site-packages/airflow/example_dags/example_trigger_controller_dag.py for tasks to queue
[2022-04-07 23:46:21,362] {logging_mixin.py:109} INFO - [2022-04-07 23:46:21,362] {dagbag.py:500} INFO - Filling up the DagBag from /home/airflow/.local/lib/python3.7/site-packages/airflow/example_dags/example_trigger_controller_dag.py
[2022-04-07 23:46:21,394] {processor.py:654} INFO - DAG(s) dict_keys(['example_trigger_controller_dag']) retrieved from /home/airflow/.local/lib/python3.7/site-packages/airflow/example_dags/example_trigger_controller_dag.py
[2022-04-07 23:46:21,404] {logging_mixin.py:109} INFO - [2022-04-07 23:46:21,404] {dag.py:2396} INFO - Sync 1 DAGs
[2022-04-07 23:46:21,420] {logging_mixin.py:109} INFO - [2022-04-07 23:46:21,420] {dag.py:2935} INFO - Setting next_dagrun for example_trigger_controller_dag to 2021-01-01T00:00:00+00:00
[2022-04-07 23:46:21,429] {processor.py:171} INFO - Processing /home/airflow/.local/lib/python3.7/site-packages/airflow/example_dags/example_trigger_controller_dag.py took 0.073 seconds
[2022-04-07 23:46:51,515] {processor.py:163} INFO - Started process (PID=543) to work on /home/airflow/.local/lib/python3.7/site-packages/airflow/example_dags/example_trigger_controller_dag.py
[2022-04-07 23:46:51,516] {processor.py:642} INFO - Processing file /home/airflow/.local/lib/python3.7/site-packages/airflow/example_dags/example_trigger_controller_dag.py for tasks to queue
[2022-04-07 23:46:51,517] {logging_mixin.py:109} INFO - [2022-04-07 23:46:51,517] {dagbag.py:500} INFO - Filling up the DagBag from /home/airflow/.local/lib/python3.7/site-packages/airflow/example_dags/example_trigger_controller_dag.py
[2022-04-07 23:46:51,547] {processor.py:654} INFO - DAG(s) dict_keys(['example_trigger_controller_dag']) retrieved from /home/airflow/.local/lib/python3.7/site-packages/airflow/example_dags/example_trigger_controller_dag.py
[2022-04-07 23:46:51,557] {logging_mixin.py:109} INFO - [2022-04-07 23:46:51,556] {dag.py:2396} INFO - Sync 1 DAGs
[2022-04-07 23:46:51,573] {logging_mixin.py:109} INFO - [2022-04-07 23:46:51,572] {dag.py:2935} INFO - Setting next_dagrun for example_trigger_controller_dag to 2021-01-01T00:00:00+00:00
[2022-04-07 23:46:51,581] {processor.py:171} INFO - Processing /home/airflow/.local/lib/python3.7/site-packages/airflow/example_dags/example_trigger_controller_dag.py took 0.070 seconds
[2022-04-07 23:47:21,925] {processor.py:163} INFO - Started process (PID=595) to work on /home/airflow/.local/lib/python3.7/site-packages/airflow/example_dags/example_trigger_controller_dag.py
[2022-04-07 23:47:21,927] {processor.py:642} INFO - Processing file /home/airflow/.local/lib/python3.7/site-packages/airflow/example_dags/example_trigger_controller_dag.py for tasks to queue
[2022-04-07 23:47:21,927] {logging_mixin.py:109} INFO - [2022-04-07 23:47:21,927] {dagbag.py:500} INFO - Filling up the DagBag from /home/airflow/.local/lib/python3.7/site-packages/airflow/example_dags/example_trigger_controller_dag.py
[2022-04-07 23:47:21,961] {processor.py:654} INFO - DAG(s) dict_keys(['example_trigger_controller_dag']) retrieved from /home/airflow/.local/lib/python3.7/site-packages/airflow/example_dags/example_trigger_controller_dag.py
[2022-04-07 23:47:21,975] {logging_mixin.py:109} INFO - [2022-04-07 23:47:21,975] {dag.py:2396} INFO - Sync 1 DAGs
[2022-04-07 23:47:22,000] {logging_mixin.py:109} INFO - [2022-04-07 23:47:22,000] {dag.py:2935} INFO - Setting next_dagrun for example_trigger_controller_dag to 2021-01-01T00:00:00+00:00
[2022-04-07 23:47:22,018] {processor.py:171} INFO - Processing /home/airflow/.local/lib/python3.7/site-packages/airflow/example_dags/example_trigger_controller_dag.py took 0.098 seconds
[2022-04-07 23:47:52,144] {processor.py:163} INFO - Started process (PID=656) to work on /home/airflow/.local/lib/python3.7/site-packages/airflow/example_dags/example_trigger_controller_dag.py
[2022-04-07 23:47:52,145] {processor.py:642} INFO - Processing file /home/airflow/.local/lib/python3.7/site-packages/airflow/example_dags/example_trigger_controller_dag.py for tasks to queue
[2022-04-07 23:47:52,146] {logging_mixin.py:109} INFO - [2022-04-07 23:47:52,146] {dagbag.py:500} INFO - Filling up the DagBag from /home/airflow/.local/lib/python3.7/site-packages/airflow/example_dags/example_trigger_controller_dag.py
[2022-04-07 23:47:52,176] {processor.py:654} INFO - DAG(s) dict_keys(['example_trigger_controller_dag']) retrieved from /home/airflow/.local/lib/python3.7/site-packages/airflow/example_dags/example_trigger_controller_dag.py
[2022-04-07 23:47:52,187] {logging_mixin.py:109} INFO - [2022-04-07 23:47:52,187] {dag.py:2396} INFO - Sync 1 DAGs
[2022-04-07 23:47:52,206] {logging_mixin.py:109} INFO - [2022-04-07 23:47:52,206] {dag.py:2935} INFO - Setting next_dagrun for example_trigger_controller_dag to 2021-01-01T00:00:00+00:00
[2022-04-07 23:47:52,215] {processor.py:171} INFO - Processing /home/airflow/.local/lib/python3.7/site-packages/airflow/example_dags/example_trigger_controller_dag.py took 0.077 seconds
[2022-04-07 23:48:22,485] {processor.py:163} INFO - Started process (PID=707) to work on /home/airflow/.local/lib/python3.7/site-packages/airflow/example_dags/example_trigger_controller_dag.py
[2022-04-07 23:48:22,487] {processor.py:642} INFO - Processing file /home/airflow/.local/lib/python3.7/site-packages/airflow/example_dags/example_trigger_controller_dag.py for tasks to queue
[2022-04-07 23:48:22,488] {logging_mixin.py:109} INFO - [2022-04-07 23:48:22,487] {dagbag.py:500} INFO - Filling up the DagBag from /home/airflow/.local/lib/python3.7/site-packages/airflow/example_dags/example_trigger_controller_dag.py
[2022-04-07 23:48:22,517] {processor.py:654} INFO - DAG(s) dict_keys(['example_trigger_controller_dag']) retrieved from /home/airflow/.local/lib/python3.7/site-packages/airflow/example_dags/example_trigger_controller_dag.py
[2022-04-07 23:48:22,528] {logging_mixin.py:109} INFO - [2022-04-07 23:48:22,528] {dag.py:2396} INFO - Sync 1 DAGs
[2022-04-07 23:48:22,544] {logging_mixin.py:109} INFO - [2022-04-07 23:48:22,544] {dag.py:2935} INFO - Setting next_dagrun for example_trigger_controller_dag to 2021-01-01T00:00:00+00:00
[2022-04-07 23:48:22,553] {processor.py:171} INFO - Processing /home/airflow/.local/lib/python3.7/site-packages/airflow/example_dags/example_trigger_controller_dag.py took 0.074 seconds
[2022-04-07 23:48:52,689] {processor.py:163} INFO - Started process (PID=774) to work on /home/airflow/.local/lib/python3.7/site-packages/airflow/example_dags/example_trigger_controller_dag.py
[2022-04-07 23:48:52,691] {processor.py:642} INFO - Processing file /home/airflow/.local/lib/python3.7/site-packages/airflow/example_dags/example_trigger_controller_dag.py for tasks to queue
[2022-04-07 23:48:52,692] {logging_mixin.py:109} INFO - [2022-04-07 23:48:52,692] {dagbag.py:500} INFO - Filling up the DagBag from /home/airflow/.local/lib/python3.7/site-packages/airflow/example_dags/example_trigger_controller_dag.py
[2022-04-07 23:48:52,738] {processor.py:654} INFO - DAG(s) dict_keys(['example_trigger_controller_dag']) retrieved from /home/airflow/.local/lib/python3.7/site-packages/airflow/example_dags/example_trigger_controller_dag.py
[2022-04-07 23:48:52,752] {logging_mixin.py:109} INFO - [2022-04-07 23:48:52,752] {dag.py:2396} INFO - Sync 1 DAGs
[2022-04-07 23:48:52,776] {logging_mixin.py:109} INFO - [2022-04-07 23:48:52,775] {dag.py:2935} INFO - Setting next_dagrun for example_trigger_controller_dag to 2021-01-01T00:00:00+00:00
[2022-04-07 23:48:52,786] {processor.py:171} INFO - Processing /home/airflow/.local/lib/python3.7/site-packages/airflow/example_dags/example_trigger_controller_dag.py took 0.102 seconds
[2022-04-07 23:49:22,957] {processor.py:163} INFO - Started process (PID=825) to work on /home/airflow/.local/lib/python3.7/site-packages/airflow/example_dags/example_trigger_controller_dag.py
[2022-04-07 23:49:22,959] {processor.py:642} INFO - Processing file /home/airflow/.local/lib/python3.7/site-packages/airflow/example_dags/example_trigger_controller_dag.py for tasks to queue
[2022-04-07 23:49:22,959] {logging_mixin.py:109} INFO - [2022-04-07 23:49:22,959] {dagbag.py:500} INFO - Filling up the DagBag from /home/airflow/.local/lib/python3.7/site-packages/airflow/example_dags/example_trigger_controller_dag.py
[2022-04-07 23:49:22,991] {processor.py:654} INFO - DAG(s) dict_keys(['example_trigger_controller_dag']) retrieved from /home/airflow/.local/lib/python3.7/site-packages/airflow/example_dags/example_trigger_controller_dag.py
[2022-04-07 23:49:23,005] {logging_mixin.py:109} INFO - [2022-04-07 23:49:23,004] {dag.py:2396} INFO - Sync 1 DAGs
[2022-04-07 23:49:23,027] {logging_mixin.py:109} INFO - [2022-04-07 23:49:23,027] {dag.py:2935} INFO - Setting next_dagrun for example_trigger_controller_dag to 2021-01-01T00:00:00+00:00
[2022-04-07 23:49:23,037] {processor.py:171} INFO - Processing /home/airflow/.local/lib/python3.7/site-packages/airflow/example_dags/example_trigger_controller_dag.py took 0.085 seconds
[2022-04-07 23:49:53,225] {processor.py:163} INFO - Started process (PID=886) to work on /home/airflow/.local/lib/python3.7/site-packages/airflow/example_dags/example_trigger_controller_dag.py
[2022-04-07 23:49:53,226] {processor.py:642} INFO - Processing file /home/airflow/.local/lib/python3.7/site-packages/airflow/example_dags/example_trigger_controller_dag.py for tasks to queue
[2022-04-07 23:49:53,227] {logging_mixin.py:109} INFO - [2022-04-07 23:49:53,227] {dagbag.py:500} INFO - Filling up the DagBag from /home/airflow/.local/lib/python3.7/site-packages/airflow/example_dags/example_trigger_controller_dag.py
[2022-04-07 23:49:53,258] {processor.py:654} INFO - DAG(s) dict_keys(['example_trigger_controller_dag']) retrieved from /home/airflow/.local/lib/python3.7/site-packages/airflow/example_dags/example_trigger_controller_dag.py
[2022-04-07 23:49:53,268] {logging_mixin.py:109} INFO - [2022-04-07 23:49:53,268] {dag.py:2396} INFO - Sync 1 DAGs
[2022-04-07 23:49:53,284] {logging_mixin.py:109} INFO - [2022-04-07 23:49:53,283] {dag.py:2935} INFO - Setting next_dagrun for example_trigger_controller_dag to 2021-01-01T00:00:00+00:00
[2022-04-07 23:49:53,292] {processor.py:171} INFO - Processing /home/airflow/.local/lib/python3.7/site-packages/airflow/example_dags/example_trigger_controller_dag.py took 0.073 seconds
[2022-04-07 23:50:23,820] {processor.py:163} INFO - Started process (PID=937) to work on /home/airflow/.local/lib/python3.7/site-packages/airflow/example_dags/example_trigger_controller_dag.py
[2022-04-07 23:50:23,822] {processor.py:642} INFO - Processing file /home/airflow/.local/lib/python3.7/site-packages/airflow/example_dags/example_trigger_controller_dag.py for tasks to queue
[2022-04-07 23:50:23,822] {logging_mixin.py:109} INFO - [2022-04-07 23:50:23,822] {dagbag.py:500} INFO - Filling up the DagBag from /home/airflow/.local/lib/python3.7/site-packages/airflow/example_dags/example_trigger_controller_dag.py
[2022-04-07 23:50:23,855] {processor.py:654} INFO - DAG(s) dict_keys(['example_trigger_controller_dag']) retrieved from /home/airflow/.local/lib/python3.7/site-packages/airflow/example_dags/example_trigger_controller_dag.py
[2022-04-07 23:50:23,865] {logging_mixin.py:109} INFO - [2022-04-07 23:50:23,865] {dag.py:2396} INFO - Sync 1 DAGs
[2022-04-07 23:50:23,881] {logging_mixin.py:109} INFO - [2022-04-07 23:50:23,881] {dag.py:2935} INFO - Setting next_dagrun for example_trigger_controller_dag to 2021-01-01T00:00:00+00:00
[2022-04-07 23:50:23,891] {processor.py:171} INFO - Processing /home/airflow/.local/lib/python3.7/site-packages/airflow/example_dags/example_trigger_controller_dag.py took 0.075 seconds
[2022-04-07 23:50:54,289] {processor.py:163} INFO - Started process (PID=998) to work on /home/airflow/.local/lib/python3.7/site-packages/airflow/example_dags/example_trigger_controller_dag.py
[2022-04-07 23:50:54,291] {processor.py:642} INFO - Processing file /home/airflow/.local/lib/python3.7/site-packages/airflow/example_dags/example_trigger_controller_dag.py for tasks to queue
[2022-04-07 23:50:54,292] {logging_mixin.py:109} INFO - [2022-04-07 23:50:54,292] {dagbag.py:500} INFO - Filling up the DagBag from /home/airflow/.local/lib/python3.7/site-packages/airflow/example_dags/example_trigger_controller_dag.py
[2022-04-07 23:50:54,321] {processor.py:654} INFO - DAG(s) dict_keys(['example_trigger_controller_dag']) retrieved from /home/airflow/.local/lib/python3.7/site-packages/airflow/example_dags/example_trigger_controller_dag.py
[2022-04-07 23:50:54,334] {logging_mixin.py:109} INFO - [2022-04-07 23:50:54,334] {dag.py:2396} INFO - Sync 1 DAGs
[2022-04-07 23:50:54,358] {logging_mixin.py:109} INFO - [2022-04-07 23:50:54,358] {dag.py:2935} INFO - Setting next_dagrun for example_trigger_controller_dag to 2021-01-01T00:00:00+00:00
[2022-04-07 23:50:54,369] {processor.py:171} INFO - Processing /home/airflow/.local/lib/python3.7/site-packages/airflow/example_dags/example_trigger_controller_dag.py took 0.085 seconds
[2022-04-07 23:51:24,768] {processor.py:163} INFO - Started process (PID=1050) to work on /home/airflow/.local/lib/python3.7/site-packages/airflow/example_dags/example_trigger_controller_dag.py
[2022-04-07 23:51:24,770] {processor.py:642} INFO - Processing file /home/airflow/.local/lib/python3.7/site-packages/airflow/example_dags/example_trigger_controller_dag.py for tasks to queue
[2022-04-07 23:51:24,770] {logging_mixin.py:109} INFO - [2022-04-07 23:51:24,770] {dagbag.py:500} INFO - Filling up the DagBag from /home/airflow/.local/lib/python3.7/site-packages/airflow/example_dags/example_trigger_controller_dag.py
[2022-04-07 23:51:24,803] {processor.py:654} INFO - DAG(s) dict_keys(['example_trigger_controller_dag']) retrieved from /home/airflow/.local/lib/python3.7/site-packages/airflow/example_dags/example_trigger_controller_dag.py
[2022-04-07 23:51:24,816] {logging_mixin.py:109} INFO - [2022-04-07 23:51:24,816] {dag.py:2396} INFO - Sync 1 DAGs
[2022-04-07 23:51:24,838] {logging_mixin.py:109} INFO - [2022-04-07 23:51:24,838] {dag.py:2935} INFO - Setting next_dagrun for example_trigger_controller_dag to 2021-01-01T00:00:00+00:00
[2022-04-07 23:51:24,848] {processor.py:171} INFO - Processing /home/airflow/.local/lib/python3.7/site-packages/airflow/example_dags/example_trigger_controller_dag.py took 0.084 seconds
[2022-04-07 23:51:55,080] {processor.py:163} INFO - Started process (PID=1113) to work on /home/airflow/.local/lib/python3.7/site-packages/airflow/example_dags/example_trigger_controller_dag.py
[2022-04-07 23:51:55,082] {processor.py:642} INFO - Processing file /home/airflow/.local/lib/python3.7/site-packages/airflow/example_dags/example_trigger_controller_dag.py for tasks to queue
[2022-04-07 23:51:55,083] {logging_mixin.py:109} INFO - [2022-04-07 23:51:55,083] {dagbag.py:500} INFO - Filling up the DagBag from /home/airflow/.local/lib/python3.7/site-packages/airflow/example_dags/example_trigger_controller_dag.py
[2022-04-07 23:51:55,124] {processor.py:654} INFO - DAG(s) dict_keys(['example_trigger_controller_dag']) retrieved from /home/airflow/.local/lib/python3.7/site-packages/airflow/example_dags/example_trigger_controller_dag.py
[2022-04-07 23:51:55,138] {logging_mixin.py:109} INFO - [2022-04-07 23:51:55,138] {dag.py:2396} INFO - Sync 1 DAGs
[2022-04-07 23:51:55,162] {logging_mixin.py:109} INFO - [2022-04-07 23:51:55,161] {dag.py:2935} INFO - Setting next_dagrun for example_trigger_controller_dag to 2021-01-01T00:00:00+00:00
[2022-04-07 23:51:55,173] {processor.py:171} INFO - Processing /home/airflow/.local/lib/python3.7/site-packages/airflow/example_dags/example_trigger_controller_dag.py took 0.100 seconds
[2022-04-07 23:52:25,266] {processor.py:163} INFO - Started process (PID=1164) to work on /home/airflow/.local/lib/python3.7/site-packages/airflow/example_dags/example_trigger_controller_dag.py
[2022-04-07 23:52:25,268] {processor.py:642} INFO - Processing file /home/airflow/.local/lib/python3.7/site-packages/airflow/example_dags/example_trigger_controller_dag.py for tasks to queue
[2022-04-07 23:52:25,268] {logging_mixin.py:109} INFO - [2022-04-07 23:52:25,268] {dagbag.py:500} INFO - Filling up the DagBag from /home/airflow/.local/lib/python3.7/site-packages/airflow/example_dags/example_trigger_controller_dag.py
[2022-04-07 23:52:25,299] {processor.py:654} INFO - DAG(s) dict_keys(['example_trigger_controller_dag']) retrieved from /home/airflow/.local/lib/python3.7/site-packages/airflow/example_dags/example_trigger_controller_dag.py
[2022-04-07 23:52:25,309] {logging_mixin.py:109} INFO - [2022-04-07 23:52:25,309] {dag.py:2396} INFO - Sync 1 DAGs
[2022-04-07 23:52:25,325] {logging_mixin.py:109} INFO - [2022-04-07 23:52:25,325] {dag.py:2935} INFO - Setting next_dagrun for example_trigger_controller_dag to 2021-01-01T00:00:00+00:00
[2022-04-07 23:52:25,334] {processor.py:171} INFO - Processing /home/airflow/.local/lib/python3.7/site-packages/airflow/example_dags/example_trigger_controller_dag.py took 0.072 seconds
[2022-04-07 23:52:55,691] {processor.py:163} INFO - Started process (PID=1224) to work on /home/airflow/.local/lib/python3.7/site-packages/airflow/example_dags/example_trigger_controller_dag.py
[2022-04-07 23:52:55,693] {processor.py:642} INFO - Processing file /home/airflow/.local/lib/python3.7/site-packages/airflow/example_dags/example_trigger_controller_dag.py for tasks to queue
[2022-04-07 23:52:55,694] {logging_mixin.py:109} INFO - [2022-04-07 23:52:55,694] {dagbag.py:500} INFO - Filling up the DagBag from /home/airflow/.local/lib/python3.7/site-packages/airflow/example_dags/example_trigger_controller_dag.py
[2022-04-07 23:52:55,734] {processor.py:654} INFO - DAG(s) dict_keys(['example_trigger_controller_dag']) retrieved from /home/airflow/.local/lib/python3.7/site-packages/airflow/example_dags/example_trigger_controller_dag.py
[2022-04-07 23:52:55,748] {logging_mixin.py:109} INFO - [2022-04-07 23:52:55,747] {dag.py:2396} INFO - Sync 1 DAGs
[2022-04-07 23:52:55,774] {logging_mixin.py:109} INFO - [2022-04-07 23:52:55,773] {dag.py:2935} INFO - Setting next_dagrun for example_trigger_controller_dag to 2021-01-01T00:00:00+00:00
[2022-04-07 23:52:55,785] {processor.py:171} INFO - Processing /home/airflow/.local/lib/python3.7/site-packages/airflow/example_dags/example_trigger_controller_dag.py took 0.100 seconds
[2022-04-07 23:53:26,706] {processor.py:163} INFO - Started process (PID=1275) to work on /home/airflow/.local/lib/python3.7/site-packages/airflow/example_dags/example_trigger_controller_dag.py
[2022-04-07 23:53:26,709] {processor.py:642} INFO - Processing file /home/airflow/.local/lib/python3.7/site-packages/airflow/example_dags/example_trigger_controller_dag.py for tasks to queue
[2022-04-07 23:53:26,710] {logging_mixin.py:109} INFO - [2022-04-07 23:53:26,710] {dagbag.py:500} INFO - Filling up the DagBag from /home/airflow/.local/lib/python3.7/site-packages/airflow/example_dags/example_trigger_controller_dag.py
[2022-04-07 23:53:26,743] {processor.py:654} INFO - DAG(s) dict_keys(['example_trigger_controller_dag']) retrieved from /home/airflow/.local/lib/python3.7/site-packages/airflow/example_dags/example_trigger_controller_dag.py
[2022-04-07 23:53:26,757] {logging_mixin.py:109} INFO - [2022-04-07 23:53:26,757] {dag.py:2396} INFO - Sync 1 DAGs
[2022-04-07 23:53:26,777] {logging_mixin.py:109} INFO - [2022-04-07 23:53:26,777] {dag.py:2935} INFO - Setting next_dagrun for example_trigger_controller_dag to 2021-01-01T00:00:00+00:00
[2022-04-07 23:53:26,785] {processor.py:171} INFO - Processing /home/airflow/.local/lib/python3.7/site-packages/airflow/example_dags/example_trigger_controller_dag.py took 0.083 seconds
[2022-04-07 23:53:57,572] {processor.py:163} INFO - Started process (PID=1336) to work on /home/airflow/.local/lib/python3.7/site-packages/airflow/example_dags/example_trigger_controller_dag.py
[2022-04-07 23:53:57,574] {processor.py:642} INFO - Processing file /home/airflow/.local/lib/python3.7/site-packages/airflow/example_dags/example_trigger_controller_dag.py for tasks to queue
[2022-04-07 23:53:57,575] {logging_mixin.py:109} INFO - [2022-04-07 23:53:57,575] {dagbag.py:500} INFO - Filling up the DagBag from /home/airflow/.local/lib/python3.7/site-packages/airflow/example_dags/example_trigger_controller_dag.py
[2022-04-07 23:53:57,614] {processor.py:654} INFO - DAG(s) dict_keys(['example_trigger_controller_dag']) retrieved from /home/airflow/.local/lib/python3.7/site-packages/airflow/example_dags/example_trigger_controller_dag.py
[2022-04-07 23:53:57,624] {logging_mixin.py:109} INFO - [2022-04-07 23:53:57,624] {dag.py:2396} INFO - Sync 1 DAGs
[2022-04-07 23:53:57,640] {logging_mixin.py:109} INFO - [2022-04-07 23:53:57,640] {dag.py:2935} INFO - Setting next_dagrun for example_trigger_controller_dag to 2021-01-01T00:00:00+00:00
[2022-04-07 23:53:57,649] {processor.py:171} INFO - Processing /home/airflow/.local/lib/python3.7/site-packages/airflow/example_dags/example_trigger_controller_dag.py took 0.082 seconds
[2022-04-07 23:54:28,474] {processor.py:163} INFO - Started process (PID=1388) to work on /home/airflow/.local/lib/python3.7/site-packages/airflow/example_dags/example_trigger_controller_dag.py
[2022-04-07 23:54:28,475] {processor.py:642} INFO - Processing file /home/airflow/.local/lib/python3.7/site-packages/airflow/example_dags/example_trigger_controller_dag.py for tasks to queue
[2022-04-07 23:54:28,476] {logging_mixin.py:109} INFO - [2022-04-07 23:54:28,476] {dagbag.py:500} INFO - Filling up the DagBag from /home/airflow/.local/lib/python3.7/site-packages/airflow/example_dags/example_trigger_controller_dag.py
[2022-04-07 23:54:28,506] {processor.py:654} INFO - DAG(s) dict_keys(['example_trigger_controller_dag']) retrieved from /home/airflow/.local/lib/python3.7/site-packages/airflow/example_dags/example_trigger_controller_dag.py
[2022-04-07 23:54:28,515] {logging_mixin.py:109} INFO - [2022-04-07 23:54:28,515] {dag.py:2396} INFO - Sync 1 DAGs
[2022-04-07 23:54:28,531] {logging_mixin.py:109} INFO - [2022-04-07 23:54:28,531] {dag.py:2935} INFO - Setting next_dagrun for example_trigger_controller_dag to 2021-01-01T00:00:00+00:00
[2022-04-07 23:54:28,540] {processor.py:171} INFO - Processing /home/airflow/.local/lib/python3.7/site-packages/airflow/example_dags/example_trigger_controller_dag.py took 0.070 seconds
[2022-04-07 23:54:59,019] {processor.py:163} INFO - Started process (PID=1450) to work on /home/airflow/.local/lib/python3.7/site-packages/airflow/example_dags/example_trigger_controller_dag.py
[2022-04-07 23:54:59,021] {processor.py:642} INFO - Processing file /home/airflow/.local/lib/python3.7/site-packages/airflow/example_dags/example_trigger_controller_dag.py for tasks to queue
[2022-04-07 23:54:59,022] {logging_mixin.py:109} INFO - [2022-04-07 23:54:59,022] {dagbag.py:500} INFO - Filling up the DagBag from /home/airflow/.local/lib/python3.7/site-packages/airflow/example_dags/example_trigger_controller_dag.py
[2022-04-07 23:54:59,060] {processor.py:654} INFO - DAG(s) dict_keys(['example_trigger_controller_dag']) retrieved from /home/airflow/.local/lib/python3.7/site-packages/airflow/example_dags/example_trigger_controller_dag.py
[2022-04-07 23:54:59,074] {logging_mixin.py:109} INFO - [2022-04-07 23:54:59,073] {dag.py:2396} INFO - Sync 1 DAGs
[2022-04-07 23:54:59,089] {logging_mixin.py:109} INFO - [2022-04-07 23:54:59,089] {dag.py:2935} INFO - Setting next_dagrun for example_trigger_controller_dag to 2021-01-01T00:00:00+00:00
[2022-04-07 23:54:59,098] {processor.py:171} INFO - Processing /home/airflow/.local/lib/python3.7/site-packages/airflow/example_dags/example_trigger_controller_dag.py took 0.085 seconds
[2022-04-07 23:55:30,306] {processor.py:163} INFO - Started process (PID=1503) to work on /home/airflow/.local/lib/python3.7/site-packages/airflow/example_dags/example_trigger_controller_dag.py
[2022-04-07 23:55:30,308] {processor.py:642} INFO - Processing file /home/airflow/.local/lib/python3.7/site-packages/airflow/example_dags/example_trigger_controller_dag.py for tasks to queue
[2022-04-07 23:55:30,309] {logging_mixin.py:109} INFO - [2022-04-07 23:55:30,309] {dagbag.py:500} INFO - Filling up the DagBag from /home/airflow/.local/lib/python3.7/site-packages/airflow/example_dags/example_trigger_controller_dag.py
[2022-04-07 23:55:30,373] {processor.py:654} INFO - DAG(s) dict_keys(['example_trigger_controller_dag']) retrieved from /home/airflow/.local/lib/python3.7/site-packages/airflow/example_dags/example_trigger_controller_dag.py
[2022-04-07 23:55:30,389] {logging_mixin.py:109} INFO - [2022-04-07 23:55:30,389] {dag.py:2396} INFO - Sync 1 DAGs
[2022-04-07 23:55:30,420] {logging_mixin.py:109} INFO - [2022-04-07 23:55:30,420] {dag.py:2935} INFO - Setting next_dagrun for example_trigger_controller_dag to 2021-01-01T00:00:00+00:00
[2022-04-07 23:55:30,444] {processor.py:171} INFO - Processing /home/airflow/.local/lib/python3.7/site-packages/airflow/example_dags/example_trigger_controller_dag.py took 0.143 seconds
[2022-04-07 23:56:00,984] {processor.py:163} INFO - Started process (PID=1563) to work on /home/airflow/.local/lib/python3.7/site-packages/airflow/example_dags/example_trigger_controller_dag.py
[2022-04-07 23:56:00,987] {processor.py:642} INFO - Processing file /home/airflow/.local/lib/python3.7/site-packages/airflow/example_dags/example_trigger_controller_dag.py for tasks to queue
[2022-04-07 23:56:00,988] {logging_mixin.py:109} INFO - [2022-04-07 23:56:00,988] {dagbag.py:500} INFO - Filling up the DagBag from /home/airflow/.local/lib/python3.7/site-packages/airflow/example_dags/example_trigger_controller_dag.py
[2022-04-07 23:56:01,033] {processor.py:654} INFO - DAG(s) dict_keys(['example_trigger_controller_dag']) retrieved from /home/airflow/.local/lib/python3.7/site-packages/airflow/example_dags/example_trigger_controller_dag.py
[2022-04-07 23:56:01,047] {logging_mixin.py:109} INFO - [2022-04-07 23:56:01,047] {dag.py:2396} INFO - Sync 1 DAGs
[2022-04-07 23:56:01,066] {logging_mixin.py:109} INFO - [2022-04-07 23:56:01,066] {dag.py:2935} INFO - Setting next_dagrun for example_trigger_controller_dag to 2021-01-01T00:00:00+00:00
[2022-04-07 23:56:01,078] {processor.py:171} INFO - Processing /home/airflow/.local/lib/python3.7/site-packages/airflow/example_dags/example_trigger_controller_dag.py took 0.100 seconds
[2022-04-07 23:56:31,819] {processor.py:163} INFO - Started process (PID=1615) to work on /home/airflow/.local/lib/python3.7/site-packages/airflow/example_dags/example_trigger_controller_dag.py
[2022-04-07 23:56:31,821] {processor.py:642} INFO - Processing file /home/airflow/.local/lib/python3.7/site-packages/airflow/example_dags/example_trigger_controller_dag.py for tasks to queue
[2022-04-07 23:56:31,822] {logging_mixin.py:109} INFO - [2022-04-07 23:56:31,822] {dagbag.py:500} INFO - Filling up the DagBag from /home/airflow/.local/lib/python3.7/site-packages/airflow/example_dags/example_trigger_controller_dag.py
[2022-04-07 23:56:31,861] {processor.py:654} INFO - DAG(s) dict_keys(['example_trigger_controller_dag']) retrieved from /home/airflow/.local/lib/python3.7/site-packages/airflow/example_dags/example_trigger_controller_dag.py
[2022-04-07 23:56:31,875] {logging_mixin.py:109} INFO - [2022-04-07 23:56:31,875] {dag.py:2396} INFO - Sync 1 DAGs
[2022-04-07 23:56:31,902] {logging_mixin.py:109} INFO - [2022-04-07 23:56:31,902] {dag.py:2935} INFO - Setting next_dagrun for example_trigger_controller_dag to 2021-01-01T00:00:00+00:00
[2022-04-07 23:56:31,913] {processor.py:171} INFO - Processing /home/airflow/.local/lib/python3.7/site-packages/airflow/example_dags/example_trigger_controller_dag.py took 0.099 seconds
[2022-04-07 23:57:02,731] {processor.py:163} INFO - Started process (PID=1678) to work on /home/airflow/.local/lib/python3.7/site-packages/airflow/example_dags/example_trigger_controller_dag.py
[2022-04-07 23:57:02,733] {processor.py:642} INFO - Processing file /home/airflow/.local/lib/python3.7/site-packages/airflow/example_dags/example_trigger_controller_dag.py for tasks to queue
[2022-04-07 23:57:02,734] {logging_mixin.py:109} INFO - [2022-04-07 23:57:02,733] {dagbag.py:500} INFO - Filling up the DagBag from /home/airflow/.local/lib/python3.7/site-packages/airflow/example_dags/example_trigger_controller_dag.py
[2022-04-07 23:57:02,762] {processor.py:654} INFO - DAG(s) dict_keys(['example_trigger_controller_dag']) retrieved from /home/airflow/.local/lib/python3.7/site-packages/airflow/example_dags/example_trigger_controller_dag.py
[2022-04-07 23:57:02,771] {logging_mixin.py:109} INFO - [2022-04-07 23:57:02,771] {dag.py:2396} INFO - Sync 1 DAGs
[2022-04-07 23:57:02,787] {logging_mixin.py:109} INFO - [2022-04-07 23:57:02,787] {dag.py:2935} INFO - Setting next_dagrun for example_trigger_controller_dag to 2021-01-01T00:00:00+00:00
[2022-04-07 23:57:02,795] {processor.py:171} INFO - Processing /home/airflow/.local/lib/python3.7/site-packages/airflow/example_dags/example_trigger_controller_dag.py took 0.069 seconds
[2022-04-07 23:57:34,155] {processor.py:163} INFO - Started process (PID=1731) to work on /home/airflow/.local/lib/python3.7/site-packages/airflow/example_dags/example_trigger_controller_dag.py
[2022-04-07 23:57:34,157] {processor.py:642} INFO - Processing file /home/airflow/.local/lib/python3.7/site-packages/airflow/example_dags/example_trigger_controller_dag.py for tasks to queue
[2022-04-07 23:57:34,158] {logging_mixin.py:109} INFO - [2022-04-07 23:57:34,158] {dagbag.py:500} INFO - Filling up the DagBag from /home/airflow/.local/lib/python3.7/site-packages/airflow/example_dags/example_trigger_controller_dag.py
[2022-04-07 23:57:34,194] {processor.py:654} INFO - DAG(s) dict_keys(['example_trigger_controller_dag']) retrieved from /home/airflow/.local/lib/python3.7/site-packages/airflow/example_dags/example_trigger_controller_dag.py
[2022-04-07 23:57:34,206] {logging_mixin.py:109} INFO - [2022-04-07 23:57:34,206] {dag.py:2396} INFO - Sync 1 DAGs
[2022-04-07 23:57:34,225] {logging_mixin.py:109} INFO - [2022-04-07 23:57:34,225] {dag.py:2935} INFO - Setting next_dagrun for example_trigger_controller_dag to 2021-01-01T00:00:00+00:00
[2022-04-07 23:57:34,237] {processor.py:171} INFO - Processing /home/airflow/.local/lib/python3.7/site-packages/airflow/example_dags/example_trigger_controller_dag.py took 0.087 seconds
[2022-04-07 23:58:04,948] {processor.py:163} INFO - Started process (PID=1792) to work on /home/airflow/.local/lib/python3.7/site-packages/airflow/example_dags/example_trigger_controller_dag.py
[2022-04-07 23:58:04,949] {processor.py:642} INFO - Processing file /home/airflow/.local/lib/python3.7/site-packages/airflow/example_dags/example_trigger_controller_dag.py for tasks to queue
[2022-04-07 23:58:04,950] {logging_mixin.py:109} INFO - [2022-04-07 23:58:04,950] {dagbag.py:500} INFO - Filling up the DagBag from /home/airflow/.local/lib/python3.7/site-packages/airflow/example_dags/example_trigger_controller_dag.py
[2022-04-07 23:58:04,979] {processor.py:654} INFO - DAG(s) dict_keys(['example_trigger_controller_dag']) retrieved from /home/airflow/.local/lib/python3.7/site-packages/airflow/example_dags/example_trigger_controller_dag.py
[2022-04-07 23:58:04,988] {logging_mixin.py:109} INFO - [2022-04-07 23:58:04,988] {dag.py:2396} INFO - Sync 1 DAGs
[2022-04-07 23:58:05,004] {logging_mixin.py:109} INFO - [2022-04-07 23:58:05,004] {dag.py:2935} INFO - Setting next_dagrun for example_trigger_controller_dag to 2021-01-01T00:00:00+00:00
[2022-04-07 23:58:05,013] {processor.py:171} INFO - Processing /home/airflow/.local/lib/python3.7/site-packages/airflow/example_dags/example_trigger_controller_dag.py took 0.069 seconds
[2022-04-07 23:58:35,766] {processor.py:163} INFO - Started process (PID=1847) to work on /home/airflow/.local/lib/python3.7/site-packages/airflow/example_dags/example_trigger_controller_dag.py
[2022-04-07 23:58:35,768] {processor.py:642} INFO - Processing file /home/airflow/.local/lib/python3.7/site-packages/airflow/example_dags/example_trigger_controller_dag.py for tasks to queue
[2022-04-07 23:58:35,768] {logging_mixin.py:109} INFO - [2022-04-07 23:58:35,768] {dagbag.py:500} INFO - Filling up the DagBag from /home/airflow/.local/lib/python3.7/site-packages/airflow/example_dags/example_trigger_controller_dag.py
[2022-04-07 23:58:35,797] {processor.py:654} INFO - DAG(s) dict_keys(['example_trigger_controller_dag']) retrieved from /home/airflow/.local/lib/python3.7/site-packages/airflow/example_dags/example_trigger_controller_dag.py
[2022-04-07 23:58:35,806] {logging_mixin.py:109} INFO - [2022-04-07 23:58:35,806] {dag.py:2396} INFO - Sync 1 DAGs
[2022-04-07 23:58:35,822] {logging_mixin.py:109} INFO - [2022-04-07 23:58:35,822] {dag.py:2935} INFO - Setting next_dagrun for example_trigger_controller_dag to 2021-01-01T00:00:00+00:00
[2022-04-07 23:58:35,830] {processor.py:171} INFO - Processing /home/airflow/.local/lib/python3.7/site-packages/airflow/example_dags/example_trigger_controller_dag.py took 0.068 seconds
[2022-04-07 23:59:06,394] {processor.py:163} INFO - Started process (PID=1909) to work on /home/airflow/.local/lib/python3.7/site-packages/airflow/example_dags/example_trigger_controller_dag.py
[2022-04-07 23:59:06,396] {processor.py:642} INFO - Processing file /home/airflow/.local/lib/python3.7/site-packages/airflow/example_dags/example_trigger_controller_dag.py for tasks to queue
[2022-04-07 23:59:06,397] {logging_mixin.py:109} INFO - [2022-04-07 23:59:06,397] {dagbag.py:500} INFO - Filling up the DagBag from /home/airflow/.local/lib/python3.7/site-packages/airflow/example_dags/example_trigger_controller_dag.py
[2022-04-07 23:59:06,430] {processor.py:654} INFO - DAG(s) dict_keys(['example_trigger_controller_dag']) retrieved from /home/airflow/.local/lib/python3.7/site-packages/airflow/example_dags/example_trigger_controller_dag.py
[2022-04-07 23:59:06,440] {logging_mixin.py:109} INFO - [2022-04-07 23:59:06,439] {dag.py:2396} INFO - Sync 1 DAGs
[2022-04-07 23:59:06,455] {logging_mixin.py:109} INFO - [2022-04-07 23:59:06,455] {dag.py:2935} INFO - Setting next_dagrun for example_trigger_controller_dag to 2021-01-01T00:00:00+00:00
[2022-04-07 23:59:06,463] {processor.py:171} INFO - Processing /home/airflow/.local/lib/python3.7/site-packages/airflow/example_dags/example_trigger_controller_dag.py took 0.075 seconds
[2022-04-07 23:59:37,563] {processor.py:163} INFO - Started process (PID=1959) to work on /home/airflow/.local/lib/python3.7/site-packages/airflow/example_dags/example_trigger_controller_dag.py
[2022-04-07 23:59:37,565] {processor.py:642} INFO - Processing file /home/airflow/.local/lib/python3.7/site-packages/airflow/example_dags/example_trigger_controller_dag.py for tasks to queue
[2022-04-07 23:59:37,566] {logging_mixin.py:109} INFO - [2022-04-07 23:59:37,566] {dagbag.py:500} INFO - Filling up the DagBag from /home/airflow/.local/lib/python3.7/site-packages/airflow/example_dags/example_trigger_controller_dag.py
[2022-04-07 23:59:37,599] {processor.py:654} INFO - DAG(s) dict_keys(['example_trigger_controller_dag']) retrieved from /home/airflow/.local/lib/python3.7/site-packages/airflow/example_dags/example_trigger_controller_dag.py
[2022-04-07 23:59:37,610] {logging_mixin.py:109} INFO - [2022-04-07 23:59:37,609] {dag.py:2396} INFO - Sync 1 DAGs
[2022-04-07 23:59:37,628] {logging_mixin.py:109} INFO - [2022-04-07 23:59:37,627] {dag.py:2935} INFO - Setting next_dagrun for example_trigger_controller_dag to 2021-01-01T00:00:00+00:00
[2022-04-07 23:59:37,636] {processor.py:171} INFO - Processing /home/airflow/.local/lib/python3.7/site-packages/airflow/example_dags/example_trigger_controller_dag.py took 0.078 seconds
