[2022-04-07 23:43:33,868] {processor.py:163} INFO - Started process (PID=105) to work on /home/airflow/.local/lib/python3.7/site-packages/airflow/example_dags/example_subdag_operator.py
[2022-04-07 23:43:33,869] {processor.py:642} INFO - Processing file /home/airflow/.local/lib/python3.7/site-packages/airflow/example_dags/example_subdag_operator.py for tasks to queue
[2022-04-07 23:43:33,870] {logging_mixin.py:109} INFO - [2022-04-07 23:43:33,870] {dagbag.py:500} INFO - Filling up the DagBag from /home/airflow/.local/lib/python3.7/site-packages/airflow/example_dags/example_subdag_operator.py
[2022-04-07 23:43:33,910] {processor.py:654} INFO - DAG(s) dict_keys(['example_subdag_operator.section-1', 'example_subdag_operator.section-2', 'example_subdag_operator']) retrieved from /home/airflow/.local/lib/python3.7/site-packages/airflow/example_dags/example_subdag_operator.py
[2022-04-07 23:43:35,765] {logging_mixin.py:109} INFO - [2022-04-07 23:43:35,765] {manager.py:496} INFO - Created Permission View: can read on DAG:example_subdag_operator
[2022-04-07 23:43:35,773] {logging_mixin.py:109} INFO - [2022-04-07 23:43:35,772] {manager.py:496} INFO - Created Permission View: can edit on DAG:example_subdag_operator
[2022-04-07 23:43:35,773] {logging_mixin.py:109} INFO - [2022-04-07 23:43:35,773] {dag.py:2396} INFO - Sync 3 DAGs
[2022-04-07 23:43:35,779] {logging_mixin.py:109} INFO - [2022-04-07 23:43:35,779] {dag.py:2415} INFO - Creating ORM DAG for example_subdag_operator.section-1
[2022-04-07 23:43:35,780] {logging_mixin.py:109} INFO - [2022-04-07 23:43:35,779] {dag.py:2415} INFO - Creating ORM DAG for example_subdag_operator
[2022-04-07 23:43:35,780] {logging_mixin.py:109} INFO - [2022-04-07 23:43:35,780] {dag.py:2415} INFO - Creating ORM DAG for example_subdag_operator.section-2
[2022-04-07 23:43:35,786] {logging_mixin.py:109} INFO - [2022-04-07 23:43:35,786] {dag.py:2935} INFO - Setting next_dagrun for example_subdag_operator to 2022-04-05T00:00:00+00:00
[2022-04-07 23:43:35,787] {logging_mixin.py:109} INFO - [2022-04-07 23:43:35,787] {dag.py:2935} INFO - Setting next_dagrun for example_subdag_operator.section-1 to None
[2022-04-07 23:43:35,787] {logging_mixin.py:109} INFO - [2022-04-07 23:43:35,787] {dag.py:2935} INFO - Setting next_dagrun for example_subdag_operator.section-2 to None
[2022-04-07 23:43:35,794] {logging_mixin.py:109} INFO - [2022-04-07 23:43:35,794] {dag.py:2396} INFO - Sync 2 DAGs
[2022-04-07 23:43:35,801] {logging_mixin.py:109} INFO - [2022-04-07 23:43:35,801] {dag.py:2935} INFO - Setting next_dagrun for example_subdag_operator.section-1 to None
[2022-04-07 23:43:35,801] {logging_mixin.py:109} INFO - [2022-04-07 23:43:35,801] {dag.py:2935} INFO - Setting next_dagrun for example_subdag_operator.section-2 to None
[2022-04-07 23:43:35,807] {processor.py:171} INFO - Processing /home/airflow/.local/lib/python3.7/site-packages/airflow/example_dags/example_subdag_operator.py took 1.944 seconds
[2022-04-07 23:44:06,109] {processor.py:163} INFO - Started process (PID=235) to work on /home/airflow/.local/lib/python3.7/site-packages/airflow/example_dags/example_subdag_operator.py
[2022-04-07 23:44:06,111] {processor.py:642} INFO - Processing file /home/airflow/.local/lib/python3.7/site-packages/airflow/example_dags/example_subdag_operator.py for tasks to queue
[2022-04-07 23:44:06,112] {logging_mixin.py:109} INFO - [2022-04-07 23:44:06,112] {dagbag.py:500} INFO - Filling up the DagBag from /home/airflow/.local/lib/python3.7/site-packages/airflow/example_dags/example_subdag_operator.py
[2022-04-07 23:44:06,159] {processor.py:654} INFO - DAG(s) dict_keys(['example_subdag_operator.section-1', 'example_subdag_operator.section-2', 'example_subdag_operator']) retrieved from /home/airflow/.local/lib/python3.7/site-packages/airflow/example_dags/example_subdag_operator.py
[2022-04-07 23:44:06,170] {logging_mixin.py:109} INFO - [2022-04-07 23:44:06,170] {dag.py:2396} INFO - Sync 3 DAGs
[2022-04-07 23:44:06,186] {logging_mixin.py:109} INFO - [2022-04-07 23:44:06,186] {dag.py:2935} INFO - Setting next_dagrun for example_subdag_operator to 2022-04-05T00:00:00+00:00
[2022-04-07 23:44:06,186] {logging_mixin.py:109} INFO - [2022-04-07 23:44:06,186] {dag.py:2935} INFO - Setting next_dagrun for example_subdag_operator.section-1 to None
[2022-04-07 23:44:06,186] {logging_mixin.py:109} INFO - [2022-04-07 23:44:06,186] {dag.py:2935} INFO - Setting next_dagrun for example_subdag_operator.section-2 to None
[2022-04-07 23:44:06,191] {logging_mixin.py:109} INFO - [2022-04-07 23:44:06,191] {dag.py:2396} INFO - Sync 2 DAGs
[2022-04-07 23:44:06,199] {logging_mixin.py:109} INFO - [2022-04-07 23:44:06,199] {dag.py:2935} INFO - Setting next_dagrun for example_subdag_operator.section-1 to None
[2022-04-07 23:44:06,199] {logging_mixin.py:109} INFO - [2022-04-07 23:44:06,199] {dag.py:2935} INFO - Setting next_dagrun for example_subdag_operator.section-2 to None
[2022-04-07 23:44:06,206] {processor.py:171} INFO - Processing /home/airflow/.local/lib/python3.7/site-packages/airflow/example_dags/example_subdag_operator.py took 0.102 seconds
[2022-04-07 23:44:36,300] {processor.py:163} INFO - Started process (PID=296) to work on /home/airflow/.local/lib/python3.7/site-packages/airflow/example_dags/example_subdag_operator.py
[2022-04-07 23:44:36,302] {processor.py:642} INFO - Processing file /home/airflow/.local/lib/python3.7/site-packages/airflow/example_dags/example_subdag_operator.py for tasks to queue
[2022-04-07 23:44:36,304] {logging_mixin.py:109} INFO - [2022-04-07 23:44:36,303] {dagbag.py:500} INFO - Filling up the DagBag from /home/airflow/.local/lib/python3.7/site-packages/airflow/example_dags/example_subdag_operator.py
[2022-04-07 23:44:36,353] {processor.py:654} INFO - DAG(s) dict_keys(['example_subdag_operator.section-1', 'example_subdag_operator.section-2', 'example_subdag_operator']) retrieved from /home/airflow/.local/lib/python3.7/site-packages/airflow/example_dags/example_subdag_operator.py
[2022-04-07 23:44:36,369] {logging_mixin.py:109} INFO - [2022-04-07 23:44:36,369] {dag.py:2396} INFO - Sync 3 DAGs
[2022-04-07 23:44:36,393] {logging_mixin.py:109} INFO - [2022-04-07 23:44:36,392] {dag.py:2935} INFO - Setting next_dagrun for example_subdag_operator to 2022-04-05T00:00:00+00:00
[2022-04-07 23:44:36,393] {logging_mixin.py:109} INFO - [2022-04-07 23:44:36,393] {dag.py:2935} INFO - Setting next_dagrun for example_subdag_operator.section-1 to None
[2022-04-07 23:44:36,393] {logging_mixin.py:109} INFO - [2022-04-07 23:44:36,393] {dag.py:2935} INFO - Setting next_dagrun for example_subdag_operator.section-2 to None
[2022-04-07 23:44:36,400] {logging_mixin.py:109} INFO - [2022-04-07 23:44:36,400] {dag.py:2396} INFO - Sync 2 DAGs
[2022-04-07 23:44:36,411] {logging_mixin.py:109} INFO - [2022-04-07 23:44:36,411] {dag.py:2935} INFO - Setting next_dagrun for example_subdag_operator.section-1 to None
[2022-04-07 23:44:36,412] {logging_mixin.py:109} INFO - [2022-04-07 23:44:36,412] {dag.py:2935} INFO - Setting next_dagrun for example_subdag_operator.section-2 to None
[2022-04-07 23:44:36,420] {processor.py:171} INFO - Processing /home/airflow/.local/lib/python3.7/site-packages/airflow/example_dags/example_subdag_operator.py took 0.126 seconds
[2022-04-07 23:45:06,539] {processor.py:163} INFO - Started process (PID=347) to work on /home/airflow/.local/lib/python3.7/site-packages/airflow/example_dags/example_subdag_operator.py
[2022-04-07 23:45:06,540] {processor.py:642} INFO - Processing file /home/airflow/.local/lib/python3.7/site-packages/airflow/example_dags/example_subdag_operator.py for tasks to queue
[2022-04-07 23:45:06,541] {logging_mixin.py:109} INFO - [2022-04-07 23:45:06,541] {dagbag.py:500} INFO - Filling up the DagBag from /home/airflow/.local/lib/python3.7/site-packages/airflow/example_dags/example_subdag_operator.py
[2022-04-07 23:45:06,581] {processor.py:654} INFO - DAG(s) dict_keys(['example_subdag_operator.section-1', 'example_subdag_operator.section-2', 'example_subdag_operator']) retrieved from /home/airflow/.local/lib/python3.7/site-packages/airflow/example_dags/example_subdag_operator.py
[2022-04-07 23:45:06,599] {logging_mixin.py:109} INFO - [2022-04-07 23:45:06,598] {dag.py:2396} INFO - Sync 3 DAGs
[2022-04-07 23:45:06,623] {logging_mixin.py:109} INFO - [2022-04-07 23:45:06,623] {dag.py:2935} INFO - Setting next_dagrun for example_subdag_operator to 2022-04-05T00:00:00+00:00
[2022-04-07 23:45:06,623] {logging_mixin.py:109} INFO - [2022-04-07 23:45:06,623] {dag.py:2935} INFO - Setting next_dagrun for example_subdag_operator.section-1 to None
[2022-04-07 23:45:06,623] {logging_mixin.py:109} INFO - [2022-04-07 23:45:06,623] {dag.py:2935} INFO - Setting next_dagrun for example_subdag_operator.section-2 to None
[2022-04-07 23:45:06,630] {logging_mixin.py:109} INFO - [2022-04-07 23:45:06,630] {dag.py:2396} INFO - Sync 2 DAGs
[2022-04-07 23:45:06,640] {logging_mixin.py:109} INFO - [2022-04-07 23:45:06,640] {dag.py:2935} INFO - Setting next_dagrun for example_subdag_operator.section-1 to None
[2022-04-07 23:45:06,640] {logging_mixin.py:109} INFO - [2022-04-07 23:45:06,640] {dag.py:2935} INFO - Setting next_dagrun for example_subdag_operator.section-2 to None
[2022-04-07 23:45:06,647] {processor.py:171} INFO - Processing /home/airflow/.local/lib/python3.7/site-packages/airflow/example_dags/example_subdag_operator.py took 0.113 seconds
[2022-04-07 23:45:36,912] {processor.py:163} INFO - Started process (PID=408) to work on /home/airflow/.local/lib/python3.7/site-packages/airflow/example_dags/example_subdag_operator.py
[2022-04-07 23:45:36,914] {processor.py:642} INFO - Processing file /home/airflow/.local/lib/python3.7/site-packages/airflow/example_dags/example_subdag_operator.py for tasks to queue
[2022-04-07 23:45:36,914] {logging_mixin.py:109} INFO - [2022-04-07 23:45:36,914] {dagbag.py:500} INFO - Filling up the DagBag from /home/airflow/.local/lib/python3.7/site-packages/airflow/example_dags/example_subdag_operator.py
[2022-04-07 23:45:36,954] {processor.py:654} INFO - DAG(s) dict_keys(['example_subdag_operator.section-1', 'example_subdag_operator.section-2', 'example_subdag_operator']) retrieved from /home/airflow/.local/lib/python3.7/site-packages/airflow/example_dags/example_subdag_operator.py
[2022-04-07 23:45:36,971] {logging_mixin.py:109} INFO - [2022-04-07 23:45:36,971] {dag.py:2396} INFO - Sync 3 DAGs
[2022-04-07 23:45:36,995] {logging_mixin.py:109} INFO - [2022-04-07 23:45:36,994] {dag.py:2935} INFO - Setting next_dagrun for example_subdag_operator to 2022-04-05T00:00:00+00:00
[2022-04-07 23:45:36,995] {logging_mixin.py:109} INFO - [2022-04-07 23:45:36,995] {dag.py:2935} INFO - Setting next_dagrun for example_subdag_operator.section-1 to None
[2022-04-07 23:45:36,995] {logging_mixin.py:109} INFO - [2022-04-07 23:45:36,995] {dag.py:2935} INFO - Setting next_dagrun for example_subdag_operator.section-2 to None
[2022-04-07 23:45:37,000] {logging_mixin.py:109} INFO - [2022-04-07 23:45:37,000] {dag.py:2396} INFO - Sync 2 DAGs
[2022-04-07 23:45:37,009] {logging_mixin.py:109} INFO - [2022-04-07 23:45:37,009] {dag.py:2935} INFO - Setting next_dagrun for example_subdag_operator.section-1 to None
[2022-04-07 23:45:37,009] {logging_mixin.py:109} INFO - [2022-04-07 23:45:37,009] {dag.py:2935} INFO - Setting next_dagrun for example_subdag_operator.section-2 to None
[2022-04-07 23:45:37,016] {processor.py:171} INFO - Processing /home/airflow/.local/lib/python3.7/site-packages/airflow/example_dags/example_subdag_operator.py took 0.109 seconds
[2022-04-07 23:46:07,220] {processor.py:163} INFO - Started process (PID=459) to work on /home/airflow/.local/lib/python3.7/site-packages/airflow/example_dags/example_subdag_operator.py
[2022-04-07 23:46:07,222] {processor.py:642} INFO - Processing file /home/airflow/.local/lib/python3.7/site-packages/airflow/example_dags/example_subdag_operator.py for tasks to queue
[2022-04-07 23:46:07,223] {logging_mixin.py:109} INFO - [2022-04-07 23:46:07,223] {dagbag.py:500} INFO - Filling up the DagBag from /home/airflow/.local/lib/python3.7/site-packages/airflow/example_dags/example_subdag_operator.py
[2022-04-07 23:46:07,274] {processor.py:654} INFO - DAG(s) dict_keys(['example_subdag_operator.section-1', 'example_subdag_operator.section-2', 'example_subdag_operator']) retrieved from /home/airflow/.local/lib/python3.7/site-packages/airflow/example_dags/example_subdag_operator.py
[2022-04-07 23:46:07,291] {logging_mixin.py:109} INFO - [2022-04-07 23:46:07,291] {dag.py:2396} INFO - Sync 3 DAGs
[2022-04-07 23:46:07,314] {logging_mixin.py:109} INFO - [2022-04-07 23:46:07,314] {dag.py:2935} INFO - Setting next_dagrun for example_subdag_operator to 2022-04-05T00:00:00+00:00
[2022-04-07 23:46:07,315] {logging_mixin.py:109} INFO - [2022-04-07 23:46:07,315] {dag.py:2935} INFO - Setting next_dagrun for example_subdag_operator.section-1 to None
[2022-04-07 23:46:07,315] {logging_mixin.py:109} INFO - [2022-04-07 23:46:07,315] {dag.py:2935} INFO - Setting next_dagrun for example_subdag_operator.section-2 to None
[2022-04-07 23:46:07,322] {logging_mixin.py:109} INFO - [2022-04-07 23:46:07,322] {dag.py:2396} INFO - Sync 2 DAGs
[2022-04-07 23:46:07,334] {logging_mixin.py:109} INFO - [2022-04-07 23:46:07,334] {dag.py:2935} INFO - Setting next_dagrun for example_subdag_operator.section-1 to None
[2022-04-07 23:46:07,334] {logging_mixin.py:109} INFO - [2022-04-07 23:46:07,334] {dag.py:2935} INFO - Setting next_dagrun for example_subdag_operator.section-2 to None
[2022-04-07 23:46:07,343] {processor.py:171} INFO - Processing /home/airflow/.local/lib/python3.7/site-packages/airflow/example_dags/example_subdag_operator.py took 0.128 seconds
[2022-04-07 23:46:37,424] {processor.py:163} INFO - Started process (PID=522) to work on /home/airflow/.local/lib/python3.7/site-packages/airflow/example_dags/example_subdag_operator.py
[2022-04-07 23:46:37,426] {processor.py:642} INFO - Processing file /home/airflow/.local/lib/python3.7/site-packages/airflow/example_dags/example_subdag_operator.py for tasks to queue
[2022-04-07 23:46:37,428] {logging_mixin.py:109} INFO - [2022-04-07 23:46:37,427] {dagbag.py:500} INFO - Filling up the DagBag from /home/airflow/.local/lib/python3.7/site-packages/airflow/example_dags/example_subdag_operator.py
[2022-04-07 23:46:37,475] {processor.py:654} INFO - DAG(s) dict_keys(['example_subdag_operator.section-1', 'example_subdag_operator.section-2', 'example_subdag_operator']) retrieved from /home/airflow/.local/lib/python3.7/site-packages/airflow/example_dags/example_subdag_operator.py
[2022-04-07 23:46:37,491] {logging_mixin.py:109} INFO - [2022-04-07 23:46:37,491] {dag.py:2396} INFO - Sync 3 DAGs
[2022-04-07 23:46:37,514] {logging_mixin.py:109} INFO - [2022-04-07 23:46:37,514] {dag.py:2935} INFO - Setting next_dagrun for example_subdag_operator to 2022-04-05T00:00:00+00:00
[2022-04-07 23:46:37,514] {logging_mixin.py:109} INFO - [2022-04-07 23:46:37,514] {dag.py:2935} INFO - Setting next_dagrun for example_subdag_operator.section-1 to None
[2022-04-07 23:46:37,515] {logging_mixin.py:109} INFO - [2022-04-07 23:46:37,515] {dag.py:2935} INFO - Setting next_dagrun for example_subdag_operator.section-2 to None
[2022-04-07 23:46:37,522] {logging_mixin.py:109} INFO - [2022-04-07 23:46:37,522] {dag.py:2396} INFO - Sync 2 DAGs
[2022-04-07 23:46:37,533] {logging_mixin.py:109} INFO - [2022-04-07 23:46:37,533] {dag.py:2935} INFO - Setting next_dagrun for example_subdag_operator.section-1 to None
[2022-04-07 23:46:37,533] {logging_mixin.py:109} INFO - [2022-04-07 23:46:37,533] {dag.py:2935} INFO - Setting next_dagrun for example_subdag_operator.section-2 to None
[2022-04-07 23:46:37,541] {processor.py:171} INFO - Processing /home/airflow/.local/lib/python3.7/site-packages/airflow/example_dags/example_subdag_operator.py took 0.123 seconds
[2022-04-07 23:47:07,628] {processor.py:163} INFO - Started process (PID=574) to work on /home/airflow/.local/lib/python3.7/site-packages/airflow/example_dags/example_subdag_operator.py
[2022-04-07 23:47:07,630] {processor.py:642} INFO - Processing file /home/airflow/.local/lib/python3.7/site-packages/airflow/example_dags/example_subdag_operator.py for tasks to queue
[2022-04-07 23:47:07,631] {logging_mixin.py:109} INFO - [2022-04-07 23:47:07,631] {dagbag.py:500} INFO - Filling up the DagBag from /home/airflow/.local/lib/python3.7/site-packages/airflow/example_dags/example_subdag_operator.py
[2022-04-07 23:47:07,676] {processor.py:654} INFO - DAG(s) dict_keys(['example_subdag_operator.section-1', 'example_subdag_operator.section-2', 'example_subdag_operator']) retrieved from /home/airflow/.local/lib/python3.7/site-packages/airflow/example_dags/example_subdag_operator.py
[2022-04-07 23:47:07,687] {logging_mixin.py:109} INFO - [2022-04-07 23:47:07,687] {dag.py:2396} INFO - Sync 3 DAGs
[2022-04-07 23:47:07,703] {logging_mixin.py:109} INFO - [2022-04-07 23:47:07,703] {dag.py:2935} INFO - Setting next_dagrun for example_subdag_operator to 2022-04-05T00:00:00+00:00
[2022-04-07 23:47:07,703] {logging_mixin.py:109} INFO - [2022-04-07 23:47:07,703] {dag.py:2935} INFO - Setting next_dagrun for example_subdag_operator.section-1 to None
[2022-04-07 23:47:07,704] {logging_mixin.py:109} INFO - [2022-04-07 23:47:07,703] {dag.py:2935} INFO - Setting next_dagrun for example_subdag_operator.section-2 to None
[2022-04-07 23:47:07,708] {logging_mixin.py:109} INFO - [2022-04-07 23:47:07,708] {dag.py:2396} INFO - Sync 2 DAGs
[2022-04-07 23:47:07,716] {logging_mixin.py:109} INFO - [2022-04-07 23:47:07,716] {dag.py:2935} INFO - Setting next_dagrun for example_subdag_operator.section-1 to None
[2022-04-07 23:47:07,716] {logging_mixin.py:109} INFO - [2022-04-07 23:47:07,716] {dag.py:2935} INFO - Setting next_dagrun for example_subdag_operator.section-2 to None
[2022-04-07 23:47:07,723] {processor.py:171} INFO - Processing /home/airflow/.local/lib/python3.7/site-packages/airflow/example_dags/example_subdag_operator.py took 0.100 seconds
[2022-04-07 23:47:37,899] {processor.py:163} INFO - Started process (PID=634) to work on /home/airflow/.local/lib/python3.7/site-packages/airflow/example_dags/example_subdag_operator.py
[2022-04-07 23:47:37,903] {processor.py:642} INFO - Processing file /home/airflow/.local/lib/python3.7/site-packages/airflow/example_dags/example_subdag_operator.py for tasks to queue
[2022-04-07 23:47:37,904] {logging_mixin.py:109} INFO - [2022-04-07 23:47:37,904] {dagbag.py:500} INFO - Filling up the DagBag from /home/airflow/.local/lib/python3.7/site-packages/airflow/example_dags/example_subdag_operator.py
[2022-04-07 23:47:37,950] {processor.py:654} INFO - DAG(s) dict_keys(['example_subdag_operator.section-1', 'example_subdag_operator.section-2', 'example_subdag_operator']) retrieved from /home/airflow/.local/lib/python3.7/site-packages/airflow/example_dags/example_subdag_operator.py
[2022-04-07 23:47:37,962] {logging_mixin.py:109} INFO - [2022-04-07 23:47:37,961] {dag.py:2396} INFO - Sync 3 DAGs
[2022-04-07 23:47:37,978] {logging_mixin.py:109} INFO - [2022-04-07 23:47:37,977] {dag.py:2935} INFO - Setting next_dagrun for example_subdag_operator to 2022-04-05T00:00:00+00:00
[2022-04-07 23:47:37,978] {logging_mixin.py:109} INFO - [2022-04-07 23:47:37,978] {dag.py:2935} INFO - Setting next_dagrun for example_subdag_operator.section-1 to None
[2022-04-07 23:47:37,978] {logging_mixin.py:109} INFO - [2022-04-07 23:47:37,978] {dag.py:2935} INFO - Setting next_dagrun for example_subdag_operator.section-2 to None
[2022-04-07 23:47:37,983] {logging_mixin.py:109} INFO - [2022-04-07 23:47:37,983] {dag.py:2396} INFO - Sync 2 DAGs
[2022-04-07 23:47:37,991] {logging_mixin.py:109} INFO - [2022-04-07 23:47:37,991] {dag.py:2935} INFO - Setting next_dagrun for example_subdag_operator.section-1 to None
[2022-04-07 23:47:37,991] {logging_mixin.py:109} INFO - [2022-04-07 23:47:37,991] {dag.py:2935} INFO - Setting next_dagrun for example_subdag_operator.section-2 to None
[2022-04-07 23:47:37,998] {processor.py:171} INFO - Processing /home/airflow/.local/lib/python3.7/site-packages/airflow/example_dags/example_subdag_operator.py took 0.104 seconds
[2022-04-07 23:48:08,193] {processor.py:163} INFO - Started process (PID=685) to work on /home/airflow/.local/lib/python3.7/site-packages/airflow/example_dags/example_subdag_operator.py
[2022-04-07 23:48:08,195] {processor.py:642} INFO - Processing file /home/airflow/.local/lib/python3.7/site-packages/airflow/example_dags/example_subdag_operator.py for tasks to queue
[2022-04-07 23:48:08,195] {logging_mixin.py:109} INFO - [2022-04-07 23:48:08,195] {dagbag.py:500} INFO - Filling up the DagBag from /home/airflow/.local/lib/python3.7/site-packages/airflow/example_dags/example_subdag_operator.py
[2022-04-07 23:48:08,234] {processor.py:654} INFO - DAG(s) dict_keys(['example_subdag_operator.section-1', 'example_subdag_operator.section-2', 'example_subdag_operator']) retrieved from /home/airflow/.local/lib/python3.7/site-packages/airflow/example_dags/example_subdag_operator.py
[2022-04-07 23:48:08,245] {logging_mixin.py:109} INFO - [2022-04-07 23:48:08,245] {dag.py:2396} INFO - Sync 3 DAGs
[2022-04-07 23:48:08,263] {logging_mixin.py:109} INFO - [2022-04-07 23:48:08,262] {dag.py:2935} INFO - Setting next_dagrun for example_subdag_operator to 2022-04-05T00:00:00+00:00
[2022-04-07 23:48:08,263] {logging_mixin.py:109} INFO - [2022-04-07 23:48:08,263] {dag.py:2935} INFO - Setting next_dagrun for example_subdag_operator.section-1 to None
[2022-04-07 23:48:08,263] {logging_mixin.py:109} INFO - [2022-04-07 23:48:08,263] {dag.py:2935} INFO - Setting next_dagrun for example_subdag_operator.section-2 to None
[2022-04-07 23:48:08,269] {logging_mixin.py:109} INFO - [2022-04-07 23:48:08,269] {dag.py:2396} INFO - Sync 2 DAGs
[2022-04-07 23:48:08,279] {logging_mixin.py:109} INFO - [2022-04-07 23:48:08,279] {dag.py:2935} INFO - Setting next_dagrun for example_subdag_operator.section-1 to None
[2022-04-07 23:48:08,280] {logging_mixin.py:109} INFO - [2022-04-07 23:48:08,280] {dag.py:2935} INFO - Setting next_dagrun for example_subdag_operator.section-2 to None
[2022-04-07 23:48:08,286] {processor.py:171} INFO - Processing /home/airflow/.local/lib/python3.7/site-packages/airflow/example_dags/example_subdag_operator.py took 0.098 seconds
[2022-04-07 23:48:38,538] {processor.py:163} INFO - Started process (PID=737) to work on /home/airflow/.local/lib/python3.7/site-packages/airflow/example_dags/example_subdag_operator.py
[2022-04-07 23:48:38,545] {processor.py:642} INFO - Processing file /home/airflow/.local/lib/python3.7/site-packages/airflow/example_dags/example_subdag_operator.py for tasks to queue
[2022-04-07 23:48:38,546] {logging_mixin.py:109} INFO - [2022-04-07 23:48:38,546] {dagbag.py:500} INFO - Filling up the DagBag from /home/airflow/.local/lib/python3.7/site-packages/airflow/example_dags/example_subdag_operator.py
[2022-04-07 23:48:38,616] {processor.py:654} INFO - DAG(s) dict_keys(['example_subdag_operator.section-1', 'example_subdag_operator.section-2', 'example_subdag_operator']) retrieved from /home/airflow/.local/lib/python3.7/site-packages/airflow/example_dags/example_subdag_operator.py
[2022-04-07 23:48:38,633] {logging_mixin.py:109} INFO - [2022-04-07 23:48:38,632] {dag.py:2396} INFO - Sync 3 DAGs
[2022-04-07 23:48:38,656] {logging_mixin.py:109} INFO - [2022-04-07 23:48:38,656] {dag.py:2935} INFO - Setting next_dagrun for example_subdag_operator to 2022-04-05T00:00:00+00:00
[2022-04-07 23:48:38,657] {logging_mixin.py:109} INFO - [2022-04-07 23:48:38,657] {dag.py:2935} INFO - Setting next_dagrun for example_subdag_operator.section-1 to None
[2022-04-07 23:48:38,657] {logging_mixin.py:109} INFO - [2022-04-07 23:48:38,657] {dag.py:2935} INFO - Setting next_dagrun for example_subdag_operator.section-2 to None
[2022-04-07 23:48:38,664] {logging_mixin.py:109} INFO - [2022-04-07 23:48:38,664] {dag.py:2396} INFO - Sync 2 DAGs
[2022-04-07 23:48:38,675] {logging_mixin.py:109} INFO - [2022-04-07 23:48:38,675] {dag.py:2935} INFO - Setting next_dagrun for example_subdag_operator.section-1 to None
[2022-04-07 23:48:38,676] {logging_mixin.py:109} INFO - [2022-04-07 23:48:38,676] {dag.py:2935} INFO - Setting next_dagrun for example_subdag_operator.section-2 to None
[2022-04-07 23:48:38,684] {processor.py:171} INFO - Processing /home/airflow/.local/lib/python3.7/site-packages/airflow/example_dags/example_subdag_operator.py took 0.152 seconds
[2022-04-07 23:49:08,773] {processor.py:163} INFO - Started process (PID=803) to work on /home/airflow/.local/lib/python3.7/site-packages/airflow/example_dags/example_subdag_operator.py
[2022-04-07 23:49:08,775] {processor.py:642} INFO - Processing file /home/airflow/.local/lib/python3.7/site-packages/airflow/example_dags/example_subdag_operator.py for tasks to queue
[2022-04-07 23:49:08,775] {logging_mixin.py:109} INFO - [2022-04-07 23:49:08,775] {dagbag.py:500} INFO - Filling up the DagBag from /home/airflow/.local/lib/python3.7/site-packages/airflow/example_dags/example_subdag_operator.py
[2022-04-07 23:49:08,814] {processor.py:654} INFO - DAG(s) dict_keys(['example_subdag_operator.section-1', 'example_subdag_operator.section-2', 'example_subdag_operator']) retrieved from /home/airflow/.local/lib/python3.7/site-packages/airflow/example_dags/example_subdag_operator.py
[2022-04-07 23:49:08,825] {logging_mixin.py:109} INFO - [2022-04-07 23:49:08,825] {dag.py:2396} INFO - Sync 3 DAGs
[2022-04-07 23:49:08,841] {logging_mixin.py:109} INFO - [2022-04-07 23:49:08,841] {dag.py:2935} INFO - Setting next_dagrun for example_subdag_operator to 2022-04-05T00:00:00+00:00
[2022-04-07 23:49:08,841] {logging_mixin.py:109} INFO - [2022-04-07 23:49:08,841] {dag.py:2935} INFO - Setting next_dagrun for example_subdag_operator.section-1 to None
[2022-04-07 23:49:08,841] {logging_mixin.py:109} INFO - [2022-04-07 23:49:08,841] {dag.py:2935} INFO - Setting next_dagrun for example_subdag_operator.section-2 to None
[2022-04-07 23:49:08,847] {logging_mixin.py:109} INFO - [2022-04-07 23:49:08,847] {dag.py:2396} INFO - Sync 2 DAGs
[2022-04-07 23:49:08,856] {logging_mixin.py:109} INFO - [2022-04-07 23:49:08,856] {dag.py:2935} INFO - Setting next_dagrun for example_subdag_operator.section-1 to None
[2022-04-07 23:49:08,856] {logging_mixin.py:109} INFO - [2022-04-07 23:49:08,856] {dag.py:2935} INFO - Setting next_dagrun for example_subdag_operator.section-2 to None
[2022-04-07 23:49:08,863] {processor.py:171} INFO - Processing /home/airflow/.local/lib/python3.7/site-packages/airflow/example_dags/example_subdag_operator.py took 0.094 seconds
[2022-04-07 23:49:39,084] {processor.py:163} INFO - Started process (PID=854) to work on /home/airflow/.local/lib/python3.7/site-packages/airflow/example_dags/example_subdag_operator.py
[2022-04-07 23:49:39,086] {processor.py:642} INFO - Processing file /home/airflow/.local/lib/python3.7/site-packages/airflow/example_dags/example_subdag_operator.py for tasks to queue
[2022-04-07 23:49:39,087] {logging_mixin.py:109} INFO - [2022-04-07 23:49:39,086] {dagbag.py:500} INFO - Filling up the DagBag from /home/airflow/.local/lib/python3.7/site-packages/airflow/example_dags/example_subdag_operator.py
[2022-04-07 23:49:39,131] {processor.py:654} INFO - DAG(s) dict_keys(['example_subdag_operator.section-1', 'example_subdag_operator.section-2', 'example_subdag_operator']) retrieved from /home/airflow/.local/lib/python3.7/site-packages/airflow/example_dags/example_subdag_operator.py
[2022-04-07 23:49:39,147] {logging_mixin.py:109} INFO - [2022-04-07 23:49:39,147] {dag.py:2396} INFO - Sync 3 DAGs
[2022-04-07 23:49:39,166] {logging_mixin.py:109} INFO - [2022-04-07 23:49:39,165] {dag.py:2935} INFO - Setting next_dagrun for example_subdag_operator to 2022-04-05T00:00:00+00:00
[2022-04-07 23:49:39,166] {logging_mixin.py:109} INFO - [2022-04-07 23:49:39,166] {dag.py:2935} INFO - Setting next_dagrun for example_subdag_operator.section-1 to None
[2022-04-07 23:49:39,166] {logging_mixin.py:109} INFO - [2022-04-07 23:49:39,166] {dag.py:2935} INFO - Setting next_dagrun for example_subdag_operator.section-2 to None
[2022-04-07 23:49:39,172] {logging_mixin.py:109} INFO - [2022-04-07 23:49:39,172] {dag.py:2396} INFO - Sync 2 DAGs
[2022-04-07 23:49:39,181] {logging_mixin.py:109} INFO - [2022-04-07 23:49:39,181] {dag.py:2935} INFO - Setting next_dagrun for example_subdag_operator.section-1 to None
[2022-04-07 23:49:39,181] {logging_mixin.py:109} INFO - [2022-04-07 23:49:39,181] {dag.py:2935} INFO - Setting next_dagrun for example_subdag_operator.section-2 to None
[2022-04-07 23:49:39,188] {processor.py:171} INFO - Processing /home/airflow/.local/lib/python3.7/site-packages/airflow/example_dags/example_subdag_operator.py took 0.108 seconds
[2022-04-07 23:50:09,277] {processor.py:163} INFO - Started process (PID=915) to work on /home/airflow/.local/lib/python3.7/site-packages/airflow/example_dags/example_subdag_operator.py
[2022-04-07 23:50:09,279] {processor.py:642} INFO - Processing file /home/airflow/.local/lib/python3.7/site-packages/airflow/example_dags/example_subdag_operator.py for tasks to queue
[2022-04-07 23:50:09,280] {logging_mixin.py:109} INFO - [2022-04-07 23:50:09,279] {dagbag.py:500} INFO - Filling up the DagBag from /home/airflow/.local/lib/python3.7/site-packages/airflow/example_dags/example_subdag_operator.py
[2022-04-07 23:50:09,333] {processor.py:654} INFO - DAG(s) dict_keys(['example_subdag_operator.section-1', 'example_subdag_operator.section-2', 'example_subdag_operator']) retrieved from /home/airflow/.local/lib/python3.7/site-packages/airflow/example_dags/example_subdag_operator.py
[2022-04-07 23:50:09,351] {logging_mixin.py:109} INFO - [2022-04-07 23:50:09,351] {dag.py:2396} INFO - Sync 3 DAGs
[2022-04-07 23:50:09,375] {logging_mixin.py:109} INFO - [2022-04-07 23:50:09,375] {dag.py:2935} INFO - Setting next_dagrun for example_subdag_operator to 2022-04-05T00:00:00+00:00
[2022-04-07 23:50:09,376] {logging_mixin.py:109} INFO - [2022-04-07 23:50:09,375] {dag.py:2935} INFO - Setting next_dagrun for example_subdag_operator.section-1 to None
[2022-04-07 23:50:09,376] {logging_mixin.py:109} INFO - [2022-04-07 23:50:09,376] {dag.py:2935} INFO - Setting next_dagrun for example_subdag_operator.section-2 to None
[2022-04-07 23:50:09,383] {logging_mixin.py:109} INFO - [2022-04-07 23:50:09,383] {dag.py:2396} INFO - Sync 2 DAGs
[2022-04-07 23:50:09,391] {logging_mixin.py:109} INFO - [2022-04-07 23:50:09,391] {dag.py:2935} INFO - Setting next_dagrun for example_subdag_operator.section-1 to None
[2022-04-07 23:50:09,392] {logging_mixin.py:109} INFO - [2022-04-07 23:50:09,392] {dag.py:2935} INFO - Setting next_dagrun for example_subdag_operator.section-2 to None
[2022-04-07 23:50:09,399] {processor.py:171} INFO - Processing /home/airflow/.local/lib/python3.7/site-packages/airflow/example_dags/example_subdag_operator.py took 0.126 seconds
[2022-04-07 23:50:39,799] {processor.py:163} INFO - Started process (PID=967) to work on /home/airflow/.local/lib/python3.7/site-packages/airflow/example_dags/example_subdag_operator.py
[2022-04-07 23:50:39,801] {processor.py:642} INFO - Processing file /home/airflow/.local/lib/python3.7/site-packages/airflow/example_dags/example_subdag_operator.py for tasks to queue
[2022-04-07 23:50:39,802] {logging_mixin.py:109} INFO - [2022-04-07 23:50:39,802] {dagbag.py:500} INFO - Filling up the DagBag from /home/airflow/.local/lib/python3.7/site-packages/airflow/example_dags/example_subdag_operator.py
[2022-04-07 23:50:39,846] {processor.py:654} INFO - DAG(s) dict_keys(['example_subdag_operator.section-1', 'example_subdag_operator.section-2', 'example_subdag_operator']) retrieved from /home/airflow/.local/lib/python3.7/site-packages/airflow/example_dags/example_subdag_operator.py
[2022-04-07 23:50:39,863] {logging_mixin.py:109} INFO - [2022-04-07 23:50:39,862] {dag.py:2396} INFO - Sync 3 DAGs
[2022-04-07 23:50:39,886] {logging_mixin.py:109} INFO - [2022-04-07 23:50:39,886] {dag.py:2935} INFO - Setting next_dagrun for example_subdag_operator to 2022-04-05T00:00:00+00:00
[2022-04-07 23:50:39,886] {logging_mixin.py:109} INFO - [2022-04-07 23:50:39,886] {dag.py:2935} INFO - Setting next_dagrun for example_subdag_operator.section-1 to None
[2022-04-07 23:50:39,887] {logging_mixin.py:109} INFO - [2022-04-07 23:50:39,887] {dag.py:2935} INFO - Setting next_dagrun for example_subdag_operator.section-2 to None
[2022-04-07 23:50:39,893] {logging_mixin.py:109} INFO - [2022-04-07 23:50:39,893] {dag.py:2396} INFO - Sync 2 DAGs
[2022-04-07 23:50:39,902] {logging_mixin.py:109} INFO - [2022-04-07 23:50:39,902] {dag.py:2935} INFO - Setting next_dagrun for example_subdag_operator.section-1 to None
[2022-04-07 23:50:39,902] {logging_mixin.py:109} INFO - [2022-04-07 23:50:39,902] {dag.py:2935} INFO - Setting next_dagrun for example_subdag_operator.section-2 to None
[2022-04-07 23:50:39,909] {processor.py:171} INFO - Processing /home/airflow/.local/lib/python3.7/site-packages/airflow/example_dags/example_subdag_operator.py took 0.115 seconds
[2022-04-07 23:51:10,317] {processor.py:163} INFO - Started process (PID=1028) to work on /home/airflow/.local/lib/python3.7/site-packages/airflow/example_dags/example_subdag_operator.py
[2022-04-07 23:51:10,318] {processor.py:642} INFO - Processing file /home/airflow/.local/lib/python3.7/site-packages/airflow/example_dags/example_subdag_operator.py for tasks to queue
[2022-04-07 23:51:10,319] {logging_mixin.py:109} INFO - [2022-04-07 23:51:10,319] {dagbag.py:500} INFO - Filling up the DagBag from /home/airflow/.local/lib/python3.7/site-packages/airflow/example_dags/example_subdag_operator.py
[2022-04-07 23:51:10,358] {processor.py:654} INFO - DAG(s) dict_keys(['example_subdag_operator.section-1', 'example_subdag_operator.section-2', 'example_subdag_operator']) retrieved from /home/airflow/.local/lib/python3.7/site-packages/airflow/example_dags/example_subdag_operator.py
[2022-04-07 23:51:10,370] {logging_mixin.py:109} INFO - [2022-04-07 23:51:10,370] {dag.py:2396} INFO - Sync 3 DAGs
[2022-04-07 23:51:10,387] {logging_mixin.py:109} INFO - [2022-04-07 23:51:10,387] {dag.py:2935} INFO - Setting next_dagrun for example_subdag_operator to 2022-04-05T00:00:00+00:00
[2022-04-07 23:51:10,387] {logging_mixin.py:109} INFO - [2022-04-07 23:51:10,387] {dag.py:2935} INFO - Setting next_dagrun for example_subdag_operator.section-1 to None
[2022-04-07 23:51:10,387] {logging_mixin.py:109} INFO - [2022-04-07 23:51:10,387] {dag.py:2935} INFO - Setting next_dagrun for example_subdag_operator.section-2 to None
[2022-04-07 23:51:10,393] {logging_mixin.py:109} INFO - [2022-04-07 23:51:10,393] {dag.py:2396} INFO - Sync 2 DAGs
[2022-04-07 23:51:10,403] {logging_mixin.py:109} INFO - [2022-04-07 23:51:10,403] {dag.py:2935} INFO - Setting next_dagrun for example_subdag_operator.section-1 to None
[2022-04-07 23:51:10,403] {logging_mixin.py:109} INFO - [2022-04-07 23:51:10,403] {dag.py:2935} INFO - Setting next_dagrun for example_subdag_operator.section-2 to None
[2022-04-07 23:51:10,409] {processor.py:171} INFO - Processing /home/airflow/.local/lib/python3.7/site-packages/airflow/example_dags/example_subdag_operator.py took 0.098 seconds
[2022-04-07 23:51:40,828] {processor.py:163} INFO - Started process (PID=1080) to work on /home/airflow/.local/lib/python3.7/site-packages/airflow/example_dags/example_subdag_operator.py
[2022-04-07 23:51:40,830] {processor.py:642} INFO - Processing file /home/airflow/.local/lib/python3.7/site-packages/airflow/example_dags/example_subdag_operator.py for tasks to queue
[2022-04-07 23:51:40,831] {logging_mixin.py:109} INFO - [2022-04-07 23:51:40,831] {dagbag.py:500} INFO - Filling up the DagBag from /home/airflow/.local/lib/python3.7/site-packages/airflow/example_dags/example_subdag_operator.py
[2022-04-07 23:51:40,886] {processor.py:654} INFO - DAG(s) dict_keys(['example_subdag_operator.section-1', 'example_subdag_operator.section-2', 'example_subdag_operator']) retrieved from /home/airflow/.local/lib/python3.7/site-packages/airflow/example_dags/example_subdag_operator.py
[2022-04-07 23:51:40,903] {logging_mixin.py:109} INFO - [2022-04-07 23:51:40,902] {dag.py:2396} INFO - Sync 3 DAGs
[2022-04-07 23:51:40,928] {logging_mixin.py:109} INFO - [2022-04-07 23:51:40,927] {dag.py:2935} INFO - Setting next_dagrun for example_subdag_operator to 2022-04-05T00:00:00+00:00
[2022-04-07 23:51:40,928] {logging_mixin.py:109} INFO - [2022-04-07 23:51:40,928] {dag.py:2935} INFO - Setting next_dagrun for example_subdag_operator.section-1 to None
[2022-04-07 23:51:40,929] {logging_mixin.py:109} INFO - [2022-04-07 23:51:40,928] {dag.py:2935} INFO - Setting next_dagrun for example_subdag_operator.section-2 to None
[2022-04-07 23:51:40,936] {logging_mixin.py:109} INFO - [2022-04-07 23:51:40,936] {dag.py:2396} INFO - Sync 2 DAGs
[2022-04-07 23:51:40,948] {logging_mixin.py:109} INFO - [2022-04-07 23:51:40,947] {dag.py:2935} INFO - Setting next_dagrun for example_subdag_operator.section-1 to None
[2022-04-07 23:51:40,948] {logging_mixin.py:109} INFO - [2022-04-07 23:51:40,948] {dag.py:2935} INFO - Setting next_dagrun for example_subdag_operator.section-2 to None
[2022-04-07 23:51:40,956] {processor.py:171} INFO - Processing /home/airflow/.local/lib/python3.7/site-packages/airflow/example_dags/example_subdag_operator.py took 0.134 seconds
[2022-04-07 23:52:11,137] {processor.py:163} INFO - Started process (PID=1142) to work on /home/airflow/.local/lib/python3.7/site-packages/airflow/example_dags/example_subdag_operator.py
[2022-04-07 23:52:11,139] {processor.py:642} INFO - Processing file /home/airflow/.local/lib/python3.7/site-packages/airflow/example_dags/example_subdag_operator.py for tasks to queue
[2022-04-07 23:52:11,139] {logging_mixin.py:109} INFO - [2022-04-07 23:52:11,139] {dagbag.py:500} INFO - Filling up the DagBag from /home/airflow/.local/lib/python3.7/site-packages/airflow/example_dags/example_subdag_operator.py
[2022-04-07 23:52:11,178] {processor.py:654} INFO - DAG(s) dict_keys(['example_subdag_operator.section-1', 'example_subdag_operator.section-2', 'example_subdag_operator']) retrieved from /home/airflow/.local/lib/python3.7/site-packages/airflow/example_dags/example_subdag_operator.py
[2022-04-07 23:52:11,190] {logging_mixin.py:109} INFO - [2022-04-07 23:52:11,190] {dag.py:2396} INFO - Sync 3 DAGs
[2022-04-07 23:52:11,207] {logging_mixin.py:109} INFO - [2022-04-07 23:52:11,207] {dag.py:2935} INFO - Setting next_dagrun for example_subdag_operator to 2022-04-05T00:00:00+00:00
[2022-04-07 23:52:11,208] {logging_mixin.py:109} INFO - [2022-04-07 23:52:11,208] {dag.py:2935} INFO - Setting next_dagrun for example_subdag_operator.section-1 to None
[2022-04-07 23:52:11,208] {logging_mixin.py:109} INFO - [2022-04-07 23:52:11,208] {dag.py:2935} INFO - Setting next_dagrun for example_subdag_operator.section-2 to None
[2022-04-07 23:52:11,214] {logging_mixin.py:109} INFO - [2022-04-07 23:52:11,214] {dag.py:2396} INFO - Sync 2 DAGs
[2022-04-07 23:52:11,227] {logging_mixin.py:109} INFO - [2022-04-07 23:52:11,227] {dag.py:2935} INFO - Setting next_dagrun for example_subdag_operator.section-1 to None
[2022-04-07 23:52:11,227] {logging_mixin.py:109} INFO - [2022-04-07 23:52:11,227] {dag.py:2935} INFO - Setting next_dagrun for example_subdag_operator.section-2 to None
[2022-04-07 23:52:11,234] {processor.py:171} INFO - Processing /home/airflow/.local/lib/python3.7/site-packages/airflow/example_dags/example_subdag_operator.py took 0.101 seconds
[2022-04-07 23:52:41,508] {processor.py:163} INFO - Started process (PID=1192) to work on /home/airflow/.local/lib/python3.7/site-packages/airflow/example_dags/example_subdag_operator.py
[2022-04-07 23:52:41,510] {processor.py:642} INFO - Processing file /home/airflow/.local/lib/python3.7/site-packages/airflow/example_dags/example_subdag_operator.py for tasks to queue
[2022-04-07 23:52:41,511] {logging_mixin.py:109} INFO - [2022-04-07 23:52:41,510] {dagbag.py:500} INFO - Filling up the DagBag from /home/airflow/.local/lib/python3.7/site-packages/airflow/example_dags/example_subdag_operator.py
[2022-04-07 23:52:41,551] {processor.py:654} INFO - DAG(s) dict_keys(['example_subdag_operator.section-1', 'example_subdag_operator.section-2', 'example_subdag_operator']) retrieved from /home/airflow/.local/lib/python3.7/site-packages/airflow/example_dags/example_subdag_operator.py
[2022-04-07 23:52:41,567] {logging_mixin.py:109} INFO - [2022-04-07 23:52:41,567] {dag.py:2396} INFO - Sync 3 DAGs
[2022-04-07 23:52:41,586] {logging_mixin.py:109} INFO - [2022-04-07 23:52:41,586] {dag.py:2935} INFO - Setting next_dagrun for example_subdag_operator to 2022-04-05T00:00:00+00:00
[2022-04-07 23:52:41,586] {logging_mixin.py:109} INFO - [2022-04-07 23:52:41,586] {dag.py:2935} INFO - Setting next_dagrun for example_subdag_operator.section-1 to None
[2022-04-07 23:52:41,586] {logging_mixin.py:109} INFO - [2022-04-07 23:52:41,586] {dag.py:2935} INFO - Setting next_dagrun for example_subdag_operator.section-2 to None
[2022-04-07 23:52:41,592] {logging_mixin.py:109} INFO - [2022-04-07 23:52:41,592] {dag.py:2396} INFO - Sync 2 DAGs
[2022-04-07 23:52:41,602] {logging_mixin.py:109} INFO - [2022-04-07 23:52:41,602] {dag.py:2935} INFO - Setting next_dagrun for example_subdag_operator.section-1 to None
[2022-04-07 23:52:41,603] {logging_mixin.py:109} INFO - [2022-04-07 23:52:41,603] {dag.py:2935} INFO - Setting next_dagrun for example_subdag_operator.section-2 to None
[2022-04-07 23:52:41,609] {processor.py:171} INFO - Processing /home/airflow/.local/lib/python3.7/site-packages/airflow/example_dags/example_subdag_operator.py took 0.105 seconds
[2022-04-07 23:53:11,776] {processor.py:163} INFO - Started process (PID=1252) to work on /home/airflow/.local/lib/python3.7/site-packages/airflow/example_dags/example_subdag_operator.py
[2022-04-07 23:53:11,777] {processor.py:642} INFO - Processing file /home/airflow/.local/lib/python3.7/site-packages/airflow/example_dags/example_subdag_operator.py for tasks to queue
[2022-04-07 23:53:11,778] {logging_mixin.py:109} INFO - [2022-04-07 23:53:11,778] {dagbag.py:500} INFO - Filling up the DagBag from /home/airflow/.local/lib/python3.7/site-packages/airflow/example_dags/example_subdag_operator.py
[2022-04-07 23:53:11,816] {processor.py:654} INFO - DAG(s) dict_keys(['example_subdag_operator.section-1', 'example_subdag_operator.section-2', 'example_subdag_operator']) retrieved from /home/airflow/.local/lib/python3.7/site-packages/airflow/example_dags/example_subdag_operator.py
[2022-04-07 23:53:11,827] {logging_mixin.py:109} INFO - [2022-04-07 23:53:11,827] {dag.py:2396} INFO - Sync 3 DAGs
[2022-04-07 23:53:11,843] {logging_mixin.py:109} INFO - [2022-04-07 23:53:11,843] {dag.py:2935} INFO - Setting next_dagrun for example_subdag_operator to 2022-04-05T00:00:00+00:00
[2022-04-07 23:53:11,843] {logging_mixin.py:109} INFO - [2022-04-07 23:53:11,843] {dag.py:2935} INFO - Setting next_dagrun for example_subdag_operator.section-1 to None
[2022-04-07 23:53:11,843] {logging_mixin.py:109} INFO - [2022-04-07 23:53:11,843] {dag.py:2935} INFO - Setting next_dagrun for example_subdag_operator.section-2 to None
[2022-04-07 23:53:11,848] {logging_mixin.py:109} INFO - [2022-04-07 23:53:11,848] {dag.py:2396} INFO - Sync 2 DAGs
[2022-04-07 23:53:11,856] {logging_mixin.py:109} INFO - [2022-04-07 23:53:11,856] {dag.py:2935} INFO - Setting next_dagrun for example_subdag_operator.section-1 to None
[2022-04-07 23:53:11,856] {logging_mixin.py:109} INFO - [2022-04-07 23:53:11,856] {dag.py:2935} INFO - Setting next_dagrun for example_subdag_operator.section-2 to None
[2022-04-07 23:53:11,862] {processor.py:171} INFO - Processing /home/airflow/.local/lib/python3.7/site-packages/airflow/example_dags/example_subdag_operator.py took 0.091 seconds
[2022-04-07 23:53:42,050] {processor.py:163} INFO - Started process (PID=1304) to work on /home/airflow/.local/lib/python3.7/site-packages/airflow/example_dags/example_subdag_operator.py
[2022-04-07 23:53:42,052] {processor.py:642} INFO - Processing file /home/airflow/.local/lib/python3.7/site-packages/airflow/example_dags/example_subdag_operator.py for tasks to queue
[2022-04-07 23:53:42,053] {logging_mixin.py:109} INFO - [2022-04-07 23:53:42,053] {dagbag.py:500} INFO - Filling up the DagBag from /home/airflow/.local/lib/python3.7/site-packages/airflow/example_dags/example_subdag_operator.py
[2022-04-07 23:53:42,098] {processor.py:654} INFO - DAG(s) dict_keys(['example_subdag_operator.section-1', 'example_subdag_operator.section-2', 'example_subdag_operator']) retrieved from /home/airflow/.local/lib/python3.7/site-packages/airflow/example_dags/example_subdag_operator.py
[2022-04-07 23:53:42,114] {logging_mixin.py:109} INFO - [2022-04-07 23:53:42,114] {dag.py:2396} INFO - Sync 3 DAGs
[2022-04-07 23:53:42,137] {logging_mixin.py:109} INFO - [2022-04-07 23:53:42,137] {dag.py:2935} INFO - Setting next_dagrun for example_subdag_operator to 2022-04-05T00:00:00+00:00
[2022-04-07 23:53:42,138] {logging_mixin.py:109} INFO - [2022-04-07 23:53:42,138] {dag.py:2935} INFO - Setting next_dagrun for example_subdag_operator.section-1 to None
[2022-04-07 23:53:42,138] {logging_mixin.py:109} INFO - [2022-04-07 23:53:42,138] {dag.py:2935} INFO - Setting next_dagrun for example_subdag_operator.section-2 to None
[2022-04-07 23:53:42,145] {logging_mixin.py:109} INFO - [2022-04-07 23:53:42,145] {dag.py:2396} INFO - Sync 2 DAGs
[2022-04-07 23:53:42,153] {logging_mixin.py:109} INFO - [2022-04-07 23:53:42,152] {dag.py:2935} INFO - Setting next_dagrun for example_subdag_operator.section-1 to None
[2022-04-07 23:53:42,153] {logging_mixin.py:109} INFO - [2022-04-07 23:53:42,153] {dag.py:2935} INFO - Setting next_dagrun for example_subdag_operator.section-2 to None
[2022-04-07 23:53:42,160] {processor.py:171} INFO - Processing /home/airflow/.local/lib/python3.7/site-packages/airflow/example_dags/example_subdag_operator.py took 0.114 seconds
[2022-04-07 23:54:12,856] {processor.py:163} INFO - Started process (PID=1365) to work on /home/airflow/.local/lib/python3.7/site-packages/airflow/example_dags/example_subdag_operator.py
[2022-04-07 23:54:12,859] {processor.py:642} INFO - Processing file /home/airflow/.local/lib/python3.7/site-packages/airflow/example_dags/example_subdag_operator.py for tasks to queue
[2022-04-07 23:54:12,860] {logging_mixin.py:109} INFO - [2022-04-07 23:54:12,859] {dagbag.py:500} INFO - Filling up the DagBag from /home/airflow/.local/lib/python3.7/site-packages/airflow/example_dags/example_subdag_operator.py
[2022-04-07 23:54:12,912] {processor.py:654} INFO - DAG(s) dict_keys(['example_subdag_operator.section-1', 'example_subdag_operator.section-2', 'example_subdag_operator']) retrieved from /home/airflow/.local/lib/python3.7/site-packages/airflow/example_dags/example_subdag_operator.py
[2022-04-07 23:54:12,929] {logging_mixin.py:109} INFO - [2022-04-07 23:54:12,928] {dag.py:2396} INFO - Sync 3 DAGs
[2022-04-07 23:54:12,951] {logging_mixin.py:109} INFO - [2022-04-07 23:54:12,951] {dag.py:2935} INFO - Setting next_dagrun for example_subdag_operator to 2022-04-05T00:00:00+00:00
[2022-04-07 23:54:12,952] {logging_mixin.py:109} INFO - [2022-04-07 23:54:12,952] {dag.py:2935} INFO - Setting next_dagrun for example_subdag_operator.section-1 to None
[2022-04-07 23:54:12,952] {logging_mixin.py:109} INFO - [2022-04-07 23:54:12,952] {dag.py:2935} INFO - Setting next_dagrun for example_subdag_operator.section-2 to None
[2022-04-07 23:54:12,958] {logging_mixin.py:109} INFO - [2022-04-07 23:54:12,958] {dag.py:2396} INFO - Sync 2 DAGs
[2022-04-07 23:54:12,966] {logging_mixin.py:109} INFO - [2022-04-07 23:54:12,966] {dag.py:2935} INFO - Setting next_dagrun for example_subdag_operator.section-1 to None
[2022-04-07 23:54:12,966] {logging_mixin.py:109} INFO - [2022-04-07 23:54:12,966] {dag.py:2935} INFO - Setting next_dagrun for example_subdag_operator.section-2 to None
[2022-04-07 23:54:12,972] {processor.py:171} INFO - Processing /home/airflow/.local/lib/python3.7/site-packages/airflow/example_dags/example_subdag_operator.py took 0.122 seconds
[2022-04-07 23:54:43,524] {processor.py:163} INFO - Started process (PID=1417) to work on /home/airflow/.local/lib/python3.7/site-packages/airflow/example_dags/example_subdag_operator.py
[2022-04-07 23:54:43,525] {processor.py:642} INFO - Processing file /home/airflow/.local/lib/python3.7/site-packages/airflow/example_dags/example_subdag_operator.py for tasks to queue
[2022-04-07 23:54:43,526] {logging_mixin.py:109} INFO - [2022-04-07 23:54:43,526] {dagbag.py:500} INFO - Filling up the DagBag from /home/airflow/.local/lib/python3.7/site-packages/airflow/example_dags/example_subdag_operator.py
[2022-04-07 23:54:43,568] {processor.py:654} INFO - DAG(s) dict_keys(['example_subdag_operator.section-1', 'example_subdag_operator.section-2', 'example_subdag_operator']) retrieved from /home/airflow/.local/lib/python3.7/site-packages/airflow/example_dags/example_subdag_operator.py
[2022-04-07 23:54:43,579] {logging_mixin.py:109} INFO - [2022-04-07 23:54:43,579] {dag.py:2396} INFO - Sync 3 DAGs
[2022-04-07 23:54:43,595] {logging_mixin.py:109} INFO - [2022-04-07 23:54:43,595] {dag.py:2935} INFO - Setting next_dagrun for example_subdag_operator to 2022-04-05T00:00:00+00:00
[2022-04-07 23:54:43,595] {logging_mixin.py:109} INFO - [2022-04-07 23:54:43,595] {dag.py:2935} INFO - Setting next_dagrun for example_subdag_operator.section-1 to None
[2022-04-07 23:54:43,596] {logging_mixin.py:109} INFO - [2022-04-07 23:54:43,596] {dag.py:2935} INFO - Setting next_dagrun for example_subdag_operator.section-2 to None
[2022-04-07 23:54:43,601] {logging_mixin.py:109} INFO - [2022-04-07 23:54:43,601] {dag.py:2396} INFO - Sync 2 DAGs
[2022-04-07 23:54:43,612] {logging_mixin.py:109} INFO - [2022-04-07 23:54:43,612] {dag.py:2935} INFO - Setting next_dagrun for example_subdag_operator.section-1 to None
[2022-04-07 23:54:43,612] {logging_mixin.py:109} INFO - [2022-04-07 23:54:43,612] {dag.py:2935} INFO - Setting next_dagrun for example_subdag_operator.section-2 to None
[2022-04-07 23:54:43,618] {processor.py:171} INFO - Processing /home/airflow/.local/lib/python3.7/site-packages/airflow/example_dags/example_subdag_operator.py took 0.099 seconds
[2022-04-07 23:55:14,460] {processor.py:163} INFO - Started process (PID=1480) to work on /home/airflow/.local/lib/python3.7/site-packages/airflow/example_dags/example_subdag_operator.py
[2022-04-07 23:55:14,462] {processor.py:642} INFO - Processing file /home/airflow/.local/lib/python3.7/site-packages/airflow/example_dags/example_subdag_operator.py for tasks to queue
[2022-04-07 23:55:14,462] {logging_mixin.py:109} INFO - [2022-04-07 23:55:14,462] {dagbag.py:500} INFO - Filling up the DagBag from /home/airflow/.local/lib/python3.7/site-packages/airflow/example_dags/example_subdag_operator.py
[2022-04-07 23:55:14,510] {processor.py:654} INFO - DAG(s) dict_keys(['example_subdag_operator.section-1', 'example_subdag_operator.section-2', 'example_subdag_operator']) retrieved from /home/airflow/.local/lib/python3.7/site-packages/airflow/example_dags/example_subdag_operator.py
[2022-04-07 23:55:14,526] {logging_mixin.py:109} INFO - [2022-04-07 23:55:14,526] {dag.py:2396} INFO - Sync 3 DAGs
[2022-04-07 23:55:14,545] {logging_mixin.py:109} INFO - [2022-04-07 23:55:14,545] {dag.py:2935} INFO - Setting next_dagrun for example_subdag_operator to 2022-04-05T00:00:00+00:00
[2022-04-07 23:55:14,545] {logging_mixin.py:109} INFO - [2022-04-07 23:55:14,545] {dag.py:2935} INFO - Setting next_dagrun for example_subdag_operator.section-1 to None
[2022-04-07 23:55:14,546] {logging_mixin.py:109} INFO - [2022-04-07 23:55:14,546] {dag.py:2935} INFO - Setting next_dagrun for example_subdag_operator.section-2 to None
[2022-04-07 23:55:14,551] {logging_mixin.py:109} INFO - [2022-04-07 23:55:14,550] {dag.py:2396} INFO - Sync 2 DAGs
[2022-04-07 23:55:14,558] {logging_mixin.py:109} INFO - [2022-04-07 23:55:14,558] {dag.py:2935} INFO - Setting next_dagrun for example_subdag_operator.section-1 to None
[2022-04-07 23:55:14,558] {logging_mixin.py:109} INFO - [2022-04-07 23:55:14,558] {dag.py:2935} INFO - Setting next_dagrun for example_subdag_operator.section-2 to None
[2022-04-07 23:55:14,565] {processor.py:171} INFO - Processing /home/airflow/.local/lib/python3.7/site-packages/airflow/example_dags/example_subdag_operator.py took 0.110 seconds
[2022-04-07 23:55:44,666] {processor.py:163} INFO - Started process (PID=1532) to work on /home/airflow/.local/lib/python3.7/site-packages/airflow/example_dags/example_subdag_operator.py
[2022-04-07 23:55:44,668] {processor.py:642} INFO - Processing file /home/airflow/.local/lib/python3.7/site-packages/airflow/example_dags/example_subdag_operator.py for tasks to queue
[2022-04-07 23:55:44,668] {logging_mixin.py:109} INFO - [2022-04-07 23:55:44,668] {dagbag.py:500} INFO - Filling up the DagBag from /home/airflow/.local/lib/python3.7/site-packages/airflow/example_dags/example_subdag_operator.py
[2022-04-07 23:55:44,707] {processor.py:654} INFO - DAG(s) dict_keys(['example_subdag_operator.section-1', 'example_subdag_operator.section-2', 'example_subdag_operator']) retrieved from /home/airflow/.local/lib/python3.7/site-packages/airflow/example_dags/example_subdag_operator.py
[2022-04-07 23:55:44,718] {logging_mixin.py:109} INFO - [2022-04-07 23:55:44,718] {dag.py:2396} INFO - Sync 3 DAGs
[2022-04-07 23:55:44,735] {logging_mixin.py:109} INFO - [2022-04-07 23:55:44,734] {dag.py:2935} INFO - Setting next_dagrun for example_subdag_operator to 2022-04-05T00:00:00+00:00
[2022-04-07 23:55:44,735] {logging_mixin.py:109} INFO - [2022-04-07 23:55:44,735] {dag.py:2935} INFO - Setting next_dagrun for example_subdag_operator.section-1 to None
[2022-04-07 23:55:44,735] {logging_mixin.py:109} INFO - [2022-04-07 23:55:44,735] {dag.py:2935} INFO - Setting next_dagrun for example_subdag_operator.section-2 to None
[2022-04-07 23:55:44,740] {logging_mixin.py:109} INFO - [2022-04-07 23:55:44,740] {dag.py:2396} INFO - Sync 2 DAGs
[2022-04-07 23:55:44,748] {logging_mixin.py:109} INFO - [2022-04-07 23:55:44,748] {dag.py:2935} INFO - Setting next_dagrun for example_subdag_operator.section-1 to None
[2022-04-07 23:55:44,748] {logging_mixin.py:109} INFO - [2022-04-07 23:55:44,748] {dag.py:2935} INFO - Setting next_dagrun for example_subdag_operator.section-2 to None
[2022-04-07 23:55:44,754] {processor.py:171} INFO - Processing /home/airflow/.local/lib/python3.7/site-packages/airflow/example_dags/example_subdag_operator.py took 0.092 seconds
[2022-04-07 23:56:14,921] {processor.py:163} INFO - Started process (PID=1591) to work on /home/airflow/.local/lib/python3.7/site-packages/airflow/example_dags/example_subdag_operator.py
[2022-04-07 23:56:14,923] {processor.py:642} INFO - Processing file /home/airflow/.local/lib/python3.7/site-packages/airflow/example_dags/example_subdag_operator.py for tasks to queue
[2022-04-07 23:56:14,924] {logging_mixin.py:109} INFO - [2022-04-07 23:56:14,924] {dagbag.py:500} INFO - Filling up the DagBag from /home/airflow/.local/lib/python3.7/site-packages/airflow/example_dags/example_subdag_operator.py
[2022-04-07 23:56:14,963] {processor.py:654} INFO - DAG(s) dict_keys(['example_subdag_operator.section-1', 'example_subdag_operator.section-2', 'example_subdag_operator']) retrieved from /home/airflow/.local/lib/python3.7/site-packages/airflow/example_dags/example_subdag_operator.py
[2022-04-07 23:56:14,980] {logging_mixin.py:109} INFO - [2022-04-07 23:56:14,980] {dag.py:2396} INFO - Sync 3 DAGs
[2022-04-07 23:56:15,001] {logging_mixin.py:109} INFO - [2022-04-07 23:56:15,001] {dag.py:2935} INFO - Setting next_dagrun for example_subdag_operator to 2022-04-05T00:00:00+00:00
[2022-04-07 23:56:15,002] {logging_mixin.py:109} INFO - [2022-04-07 23:56:15,002] {dag.py:2935} INFO - Setting next_dagrun for example_subdag_operator.section-1 to None
[2022-04-07 23:56:15,002] {logging_mixin.py:109} INFO - [2022-04-07 23:56:15,002] {dag.py:2935} INFO - Setting next_dagrun for example_subdag_operator.section-2 to None
[2022-04-07 23:56:15,008] {logging_mixin.py:109} INFO - [2022-04-07 23:56:15,008] {dag.py:2396} INFO - Sync 2 DAGs
[2022-04-07 23:56:15,016] {logging_mixin.py:109} INFO - [2022-04-07 23:56:15,016] {dag.py:2935} INFO - Setting next_dagrun for example_subdag_operator.section-1 to None
[2022-04-07 23:56:15,017] {logging_mixin.py:109} INFO - [2022-04-07 23:56:15,017] {dag.py:2935} INFO - Setting next_dagrun for example_subdag_operator.section-2 to None
[2022-04-07 23:56:15,023] {processor.py:171} INFO - Processing /home/airflow/.local/lib/python3.7/site-packages/airflow/example_dags/example_subdag_operator.py took 0.106 seconds
[2022-04-07 23:56:45,117] {processor.py:163} INFO - Started process (PID=1644) to work on /home/airflow/.local/lib/python3.7/site-packages/airflow/example_dags/example_subdag_operator.py
[2022-04-07 23:56:45,118] {processor.py:642} INFO - Processing file /home/airflow/.local/lib/python3.7/site-packages/airflow/example_dags/example_subdag_operator.py for tasks to queue
[2022-04-07 23:56:45,119] {logging_mixin.py:109} INFO - [2022-04-07 23:56:45,119] {dagbag.py:500} INFO - Filling up the DagBag from /home/airflow/.local/lib/python3.7/site-packages/airflow/example_dags/example_subdag_operator.py
[2022-04-07 23:56:45,157] {processor.py:654} INFO - DAG(s) dict_keys(['example_subdag_operator.section-1', 'example_subdag_operator.section-2', 'example_subdag_operator']) retrieved from /home/airflow/.local/lib/python3.7/site-packages/airflow/example_dags/example_subdag_operator.py
[2022-04-07 23:56:45,168] {logging_mixin.py:109} INFO - [2022-04-07 23:56:45,168] {dag.py:2396} INFO - Sync 3 DAGs
[2022-04-07 23:56:45,186] {logging_mixin.py:109} INFO - [2022-04-07 23:56:45,186] {dag.py:2935} INFO - Setting next_dagrun for example_subdag_operator to 2022-04-05T00:00:00+00:00
[2022-04-07 23:56:45,186] {logging_mixin.py:109} INFO - [2022-04-07 23:56:45,186] {dag.py:2935} INFO - Setting next_dagrun for example_subdag_operator.section-1 to None
[2022-04-07 23:56:45,187] {logging_mixin.py:109} INFO - [2022-04-07 23:56:45,187] {dag.py:2935} INFO - Setting next_dagrun for example_subdag_operator.section-2 to None
[2022-04-07 23:56:45,197] {logging_mixin.py:109} INFO - [2022-04-07 23:56:45,197] {dag.py:2396} INFO - Sync 2 DAGs
[2022-04-07 23:56:45,210] {logging_mixin.py:109} INFO - [2022-04-07 23:56:45,210] {dag.py:2935} INFO - Setting next_dagrun for example_subdag_operator.section-1 to None
[2022-04-07 23:56:45,212] {logging_mixin.py:109} INFO - [2022-04-07 23:56:45,212] {dag.py:2935} INFO - Setting next_dagrun for example_subdag_operator.section-2 to None
[2022-04-07 23:56:45,225] {processor.py:171} INFO - Processing /home/airflow/.local/lib/python3.7/site-packages/airflow/example_dags/example_subdag_operator.py took 0.113 seconds
[2022-04-07 23:57:15,674] {processor.py:163} INFO - Started process (PID=1707) to work on /home/airflow/.local/lib/python3.7/site-packages/airflow/example_dags/example_subdag_operator.py
[2022-04-07 23:57:15,676] {processor.py:642} INFO - Processing file /home/airflow/.local/lib/python3.7/site-packages/airflow/example_dags/example_subdag_operator.py for tasks to queue
[2022-04-07 23:57:15,677] {logging_mixin.py:109} INFO - [2022-04-07 23:57:15,677] {dagbag.py:500} INFO - Filling up the DagBag from /home/airflow/.local/lib/python3.7/site-packages/airflow/example_dags/example_subdag_operator.py
[2022-04-07 23:57:15,716] {processor.py:654} INFO - DAG(s) dict_keys(['example_subdag_operator.section-1', 'example_subdag_operator.section-2', 'example_subdag_operator']) retrieved from /home/airflow/.local/lib/python3.7/site-packages/airflow/example_dags/example_subdag_operator.py
[2022-04-07 23:57:15,727] {logging_mixin.py:109} INFO - [2022-04-07 23:57:15,727] {dag.py:2396} INFO - Sync 3 DAGs
[2022-04-07 23:57:15,743] {logging_mixin.py:109} INFO - [2022-04-07 23:57:15,743] {dag.py:2935} INFO - Setting next_dagrun for example_subdag_operator to 2022-04-05T00:00:00+00:00
[2022-04-07 23:57:15,743] {logging_mixin.py:109} INFO - [2022-04-07 23:57:15,743] {dag.py:2935} INFO - Setting next_dagrun for example_subdag_operator.section-1 to None
[2022-04-07 23:57:15,744] {logging_mixin.py:109} INFO - [2022-04-07 23:57:15,744] {dag.py:2935} INFO - Setting next_dagrun for example_subdag_operator.section-2 to None
[2022-04-07 23:57:15,749] {logging_mixin.py:109} INFO - [2022-04-07 23:57:15,749] {dag.py:2396} INFO - Sync 2 DAGs
[2022-04-07 23:57:15,757] {logging_mixin.py:109} INFO - [2022-04-07 23:57:15,756] {dag.py:2935} INFO - Setting next_dagrun for example_subdag_operator.section-1 to None
[2022-04-07 23:57:15,757] {logging_mixin.py:109} INFO - [2022-04-07 23:57:15,757] {dag.py:2935} INFO - Setting next_dagrun for example_subdag_operator.section-2 to None
[2022-04-07 23:57:15,764] {processor.py:171} INFO - Processing /home/airflow/.local/lib/python3.7/site-packages/airflow/example_dags/example_subdag_operator.py took 0.094 seconds
[2022-04-07 23:57:46,134] {processor.py:163} INFO - Started process (PID=1759) to work on /home/airflow/.local/lib/python3.7/site-packages/airflow/example_dags/example_subdag_operator.py
[2022-04-07 23:57:46,136] {processor.py:642} INFO - Processing file /home/airflow/.local/lib/python3.7/site-packages/airflow/example_dags/example_subdag_operator.py for tasks to queue
[2022-04-07 23:57:46,137] {logging_mixin.py:109} INFO - [2022-04-07 23:57:46,137] {dagbag.py:500} INFO - Filling up the DagBag from /home/airflow/.local/lib/python3.7/site-packages/airflow/example_dags/example_subdag_operator.py
[2022-04-07 23:57:46,186] {processor.py:654} INFO - DAG(s) dict_keys(['example_subdag_operator.section-1', 'example_subdag_operator.section-2', 'example_subdag_operator']) retrieved from /home/airflow/.local/lib/python3.7/site-packages/airflow/example_dags/example_subdag_operator.py
[2022-04-07 23:57:46,199] {logging_mixin.py:109} INFO - [2022-04-07 23:57:46,199] {dag.py:2396} INFO - Sync 3 DAGs
[2022-04-07 23:57:46,220] {logging_mixin.py:109} INFO - [2022-04-07 23:57:46,220] {dag.py:2935} INFO - Setting next_dagrun for example_subdag_operator to 2022-04-05T00:00:00+00:00
[2022-04-07 23:57:46,220] {logging_mixin.py:109} INFO - [2022-04-07 23:57:46,220] {dag.py:2935} INFO - Setting next_dagrun for example_subdag_operator.section-1 to None
[2022-04-07 23:57:46,221] {logging_mixin.py:109} INFO - [2022-04-07 23:57:46,221] {dag.py:2935} INFO - Setting next_dagrun for example_subdag_operator.section-2 to None
[2022-04-07 23:57:46,228] {logging_mixin.py:109} INFO - [2022-04-07 23:57:46,228] {dag.py:2396} INFO - Sync 2 DAGs
[2022-04-07 23:57:46,235] {logging_mixin.py:109} INFO - [2022-04-07 23:57:46,235] {dag.py:2935} INFO - Setting next_dagrun for example_subdag_operator.section-1 to None
[2022-04-07 23:57:46,236] {logging_mixin.py:109} INFO - [2022-04-07 23:57:46,236] {dag.py:2935} INFO - Setting next_dagrun for example_subdag_operator.section-2 to None
[2022-04-07 23:57:46,243] {processor.py:171} INFO - Processing /home/airflow/.local/lib/python3.7/site-packages/airflow/example_dags/example_subdag_operator.py took 0.114 seconds
[2022-04-07 23:58:17,264] {processor.py:163} INFO - Started process (PID=1823) to work on /home/airflow/.local/lib/python3.7/site-packages/airflow/example_dags/example_subdag_operator.py
[2022-04-07 23:58:17,266] {processor.py:642} INFO - Processing file /home/airflow/.local/lib/python3.7/site-packages/airflow/example_dags/example_subdag_operator.py for tasks to queue
[2022-04-07 23:58:17,267] {logging_mixin.py:109} INFO - [2022-04-07 23:58:17,267] {dagbag.py:500} INFO - Filling up the DagBag from /home/airflow/.local/lib/python3.7/site-packages/airflow/example_dags/example_subdag_operator.py
[2022-04-07 23:58:17,318] {processor.py:654} INFO - DAG(s) dict_keys(['example_subdag_operator.section-1', 'example_subdag_operator.section-2', 'example_subdag_operator']) retrieved from /home/airflow/.local/lib/python3.7/site-packages/airflow/example_dags/example_subdag_operator.py
[2022-04-07 23:58:17,335] {logging_mixin.py:109} INFO - [2022-04-07 23:58:17,335] {dag.py:2396} INFO - Sync 3 DAGs
[2022-04-07 23:58:17,353] {logging_mixin.py:109} INFO - [2022-04-07 23:58:17,353] {dag.py:2935} INFO - Setting next_dagrun for example_subdag_operator to 2022-04-05T00:00:00+00:00
[2022-04-07 23:58:17,353] {logging_mixin.py:109} INFO - [2022-04-07 23:58:17,353] {dag.py:2935} INFO - Setting next_dagrun for example_subdag_operator.section-1 to None
[2022-04-07 23:58:17,354] {logging_mixin.py:109} INFO - [2022-04-07 23:58:17,354] {dag.py:2935} INFO - Setting next_dagrun for example_subdag_operator.section-2 to None
[2022-04-07 23:58:17,359] {logging_mixin.py:109} INFO - [2022-04-07 23:58:17,359] {dag.py:2396} INFO - Sync 2 DAGs
[2022-04-07 23:58:17,368] {logging_mixin.py:109} INFO - [2022-04-07 23:58:17,368] {dag.py:2935} INFO - Setting next_dagrun for example_subdag_operator.section-1 to None
[2022-04-07 23:58:17,368] {logging_mixin.py:109} INFO - [2022-04-07 23:58:17,368] {dag.py:2935} INFO - Setting next_dagrun for example_subdag_operator.section-2 to None
[2022-04-07 23:58:17,375] {processor.py:171} INFO - Processing /home/airflow/.local/lib/python3.7/site-packages/airflow/example_dags/example_subdag_operator.py took 0.117 seconds
[2022-04-07 23:58:47,770] {processor.py:163} INFO - Started process (PID=1875) to work on /home/airflow/.local/lib/python3.7/site-packages/airflow/example_dags/example_subdag_operator.py
[2022-04-07 23:58:47,772] {processor.py:642} INFO - Processing file /home/airflow/.local/lib/python3.7/site-packages/airflow/example_dags/example_subdag_operator.py for tasks to queue
[2022-04-07 23:58:47,772] {logging_mixin.py:109} INFO - [2022-04-07 23:58:47,772] {dagbag.py:500} INFO - Filling up the DagBag from /home/airflow/.local/lib/python3.7/site-packages/airflow/example_dags/example_subdag_operator.py
[2022-04-07 23:58:47,815] {processor.py:654} INFO - DAG(s) dict_keys(['example_subdag_operator.section-1', 'example_subdag_operator.section-2', 'example_subdag_operator']) retrieved from /home/airflow/.local/lib/python3.7/site-packages/airflow/example_dags/example_subdag_operator.py
[2022-04-07 23:58:47,831] {logging_mixin.py:109} INFO - [2022-04-07 23:58:47,831] {dag.py:2396} INFO - Sync 3 DAGs
[2022-04-07 23:58:47,849] {logging_mixin.py:109} INFO - [2022-04-07 23:58:47,849] {dag.py:2935} INFO - Setting next_dagrun for example_subdag_operator to 2022-04-05T00:00:00+00:00
[2022-04-07 23:58:47,849] {logging_mixin.py:109} INFO - [2022-04-07 23:58:47,849] {dag.py:2935} INFO - Setting next_dagrun for example_subdag_operator.section-1 to None
[2022-04-07 23:58:47,850] {logging_mixin.py:109} INFO - [2022-04-07 23:58:47,850] {dag.py:2935} INFO - Setting next_dagrun for example_subdag_operator.section-2 to None
[2022-04-07 23:58:47,855] {logging_mixin.py:109} INFO - [2022-04-07 23:58:47,854] {dag.py:2396} INFO - Sync 2 DAGs
[2022-04-07 23:58:47,862] {logging_mixin.py:109} INFO - [2022-04-07 23:58:47,862] {dag.py:2935} INFO - Setting next_dagrun for example_subdag_operator.section-1 to None
[2022-04-07 23:58:47,862] {logging_mixin.py:109} INFO - [2022-04-07 23:58:47,862] {dag.py:2935} INFO - Setting next_dagrun for example_subdag_operator.section-2 to None
[2022-04-07 23:58:47,870] {processor.py:171} INFO - Processing /home/airflow/.local/lib/python3.7/site-packages/airflow/example_dags/example_subdag_operator.py took 0.106 seconds
[2022-04-07 23:59:18,340] {processor.py:163} INFO - Started process (PID=1937) to work on /home/airflow/.local/lib/python3.7/site-packages/airflow/example_dags/example_subdag_operator.py
[2022-04-07 23:59:18,342] {processor.py:642} INFO - Processing file /home/airflow/.local/lib/python3.7/site-packages/airflow/example_dags/example_subdag_operator.py for tasks to queue
[2022-04-07 23:59:18,343] {logging_mixin.py:109} INFO - [2022-04-07 23:59:18,342] {dagbag.py:500} INFO - Filling up the DagBag from /home/airflow/.local/lib/python3.7/site-packages/airflow/example_dags/example_subdag_operator.py
[2022-04-07 23:59:18,384] {processor.py:654} INFO - DAG(s) dict_keys(['example_subdag_operator.section-1', 'example_subdag_operator.section-2', 'example_subdag_operator']) retrieved from /home/airflow/.local/lib/python3.7/site-packages/airflow/example_dags/example_subdag_operator.py
[2022-04-07 23:59:18,395] {logging_mixin.py:109} INFO - [2022-04-07 23:59:18,395] {dag.py:2396} INFO - Sync 3 DAGs
[2022-04-07 23:59:18,413] {logging_mixin.py:109} INFO - [2022-04-07 23:59:18,413] {dag.py:2935} INFO - Setting next_dagrun for example_subdag_operator to 2022-04-05T00:00:00+00:00
[2022-04-07 23:59:18,413] {logging_mixin.py:109} INFO - [2022-04-07 23:59:18,413] {dag.py:2935} INFO - Setting next_dagrun for example_subdag_operator.section-1 to None
[2022-04-07 23:59:18,414] {logging_mixin.py:109} INFO - [2022-04-07 23:59:18,413] {dag.py:2935} INFO - Setting next_dagrun for example_subdag_operator.section-2 to None
[2022-04-07 23:59:18,421] {logging_mixin.py:109} INFO - [2022-04-07 23:59:18,421] {dag.py:2396} INFO - Sync 2 DAGs
[2022-04-07 23:59:18,432] {logging_mixin.py:109} INFO - [2022-04-07 23:59:18,432] {dag.py:2935} INFO - Setting next_dagrun for example_subdag_operator.section-1 to None
[2022-04-07 23:59:18,433] {logging_mixin.py:109} INFO - [2022-04-07 23:59:18,433] {dag.py:2935} INFO - Setting next_dagrun for example_subdag_operator.section-2 to None
[2022-04-07 23:59:18,441] {processor.py:171} INFO - Processing /home/airflow/.local/lib/python3.7/site-packages/airflow/example_dags/example_subdag_operator.py took 0.106 seconds
[2022-04-07 23:59:48,527] {processor.py:163} INFO - Started process (PID=1989) to work on /home/airflow/.local/lib/python3.7/site-packages/airflow/example_dags/example_subdag_operator.py
[2022-04-07 23:59:48,528] {processor.py:642} INFO - Processing file /home/airflow/.local/lib/python3.7/site-packages/airflow/example_dags/example_subdag_operator.py for tasks to queue
[2022-04-07 23:59:48,529] {logging_mixin.py:109} INFO - [2022-04-07 23:59:48,529] {dagbag.py:500} INFO - Filling up the DagBag from /home/airflow/.local/lib/python3.7/site-packages/airflow/example_dags/example_subdag_operator.py
[2022-04-07 23:59:48,568] {processor.py:654} INFO - DAG(s) dict_keys(['example_subdag_operator.section-1', 'example_subdag_operator.section-2', 'example_subdag_operator']) retrieved from /home/airflow/.local/lib/python3.7/site-packages/airflow/example_dags/example_subdag_operator.py
[2022-04-07 23:59:48,584] {logging_mixin.py:109} INFO - [2022-04-07 23:59:48,584] {dag.py:2396} INFO - Sync 3 DAGs
[2022-04-07 23:59:48,608] {logging_mixin.py:109} INFO - [2022-04-07 23:59:48,608] {dag.py:2935} INFO - Setting next_dagrun for example_subdag_operator to 2022-04-05T00:00:00+00:00
[2022-04-07 23:59:48,609] {logging_mixin.py:109} INFO - [2022-04-07 23:59:48,609] {dag.py:2935} INFO - Setting next_dagrun for example_subdag_operator.section-1 to None
[2022-04-07 23:59:48,609] {logging_mixin.py:109} INFO - [2022-04-07 23:59:48,609] {dag.py:2935} INFO - Setting next_dagrun for example_subdag_operator.section-2 to None
[2022-04-07 23:59:48,616] {logging_mixin.py:109} INFO - [2022-04-07 23:59:48,616] {dag.py:2396} INFO - Sync 2 DAGs
[2022-04-07 23:59:48,624] {logging_mixin.py:109} INFO - [2022-04-07 23:59:48,624] {dag.py:2935} INFO - Setting next_dagrun for example_subdag_operator.section-1 to None
[2022-04-07 23:59:48,624] {logging_mixin.py:109} INFO - [2022-04-07 23:59:48,624] {dag.py:2935} INFO - Setting next_dagrun for example_subdag_operator.section-2 to None
[2022-04-07 23:59:48,631] {processor.py:171} INFO - Processing /home/airflow/.local/lib/python3.7/site-packages/airflow/example_dags/example_subdag_operator.py took 0.110 seconds
