[2022-04-07 23:43:35,851] {processor.py:163} INFO - Started process (PID=115) to work on /home/airflow/.local/lib/python3.7/site-packages/airflow/example_dags/example_dag_decorator.py
[2022-04-07 23:43:35,852] {processor.py:642} INFO - Processing file /home/airflow/.local/lib/python3.7/site-packages/airflow/example_dags/example_dag_decorator.py for tasks to queue
[2022-04-07 23:43:35,853] {logging_mixin.py:109} INFO - [2022-04-07 23:43:35,853] {dagbag.py:500} INFO - Filling up the DagBag from /home/airflow/.local/lib/python3.7/site-packages/airflow/example_dags/example_dag_decorator.py
[2022-04-07 23:43:35,904] {processor.py:654} INFO - DAG(s) dict_keys(['example_dag_decorator']) retrieved from /home/airflow/.local/lib/python3.7/site-packages/airflow/example_dags/example_dag_decorator.py
[2022-04-07 23:43:37,770] {logging_mixin.py:109} INFO - [2022-04-07 23:43:37,770] {manager.py:496} INFO - Created Permission View: can read on DAG:example_dag_decorator
[2022-04-07 23:43:37,781] {logging_mixin.py:109} INFO - [2022-04-07 23:43:37,781] {manager.py:496} INFO - Created Permission View: can edit on DAG:example_dag_decorator
[2022-04-07 23:43:37,782] {logging_mixin.py:109} INFO - [2022-04-07 23:43:37,781] {dag.py:2396} INFO - Sync 1 DAGs
[2022-04-07 23:43:37,792] {logging_mixin.py:109} INFO - [2022-04-07 23:43:37,792] {dag.py:2415} INFO - Creating ORM DAG for example_dag_decorator
[2022-04-07 23:43:37,803] {logging_mixin.py:109} INFO - [2022-04-07 23:43:37,803] {dag.py:2935} INFO - Setting next_dagrun for example_dag_decorator to None
[2022-04-07 23:43:37,817] {processor.py:171} INFO - Processing /home/airflow/.local/lib/python3.7/site-packages/airflow/example_dags/example_dag_decorator.py took 1.971 seconds
[2022-04-07 23:44:08,244] {processor.py:163} INFO - Started process (PID=237) to work on /home/airflow/.local/lib/python3.7/site-packages/airflow/example_dags/example_dag_decorator.py
[2022-04-07 23:44:08,246] {processor.py:642} INFO - Processing file /home/airflow/.local/lib/python3.7/site-packages/airflow/example_dags/example_dag_decorator.py for tasks to queue
[2022-04-07 23:44:08,248] {logging_mixin.py:109} INFO - [2022-04-07 23:44:08,247] {dagbag.py:500} INFO - Filling up the DagBag from /home/airflow/.local/lib/python3.7/site-packages/airflow/example_dags/example_dag_decorator.py
[2022-04-07 23:44:08,299] {processor.py:654} INFO - DAG(s) dict_keys(['example_dag_decorator']) retrieved from /home/airflow/.local/lib/python3.7/site-packages/airflow/example_dags/example_dag_decorator.py
[2022-04-07 23:44:08,594] {logging_mixin.py:109} INFO - [2022-04-07 23:44:08,594] {dag.py:2396} INFO - Sync 1 DAGs
[2022-04-07 23:44:08,607] {logging_mixin.py:109} INFO - [2022-04-07 23:44:08,607] {dag.py:2935} INFO - Setting next_dagrun for example_dag_decorator to None
[2022-04-07 23:44:08,617] {processor.py:171} INFO - Processing /home/airflow/.local/lib/python3.7/site-packages/airflow/example_dags/example_dag_decorator.py took 0.379 seconds
[2022-04-07 23:44:39,461] {processor.py:163} INFO - Started process (PID=299) to work on /home/airflow/.local/lib/python3.7/site-packages/airflow/example_dags/example_dag_decorator.py
[2022-04-07 23:44:39,466] {processor.py:642} INFO - Processing file /home/airflow/.local/lib/python3.7/site-packages/airflow/example_dags/example_dag_decorator.py for tasks to queue
[2022-04-07 23:44:39,467] {logging_mixin.py:109} INFO - [2022-04-07 23:44:39,467] {dagbag.py:500} INFO - Filling up the DagBag from /home/airflow/.local/lib/python3.7/site-packages/airflow/example_dags/example_dag_decorator.py
[2022-04-07 23:44:39,515] {processor.py:654} INFO - DAG(s) dict_keys(['example_dag_decorator']) retrieved from /home/airflow/.local/lib/python3.7/site-packages/airflow/example_dags/example_dag_decorator.py
[2022-04-07 23:44:39,858] {logging_mixin.py:109} INFO - [2022-04-07 23:44:39,857] {dag.py:2396} INFO - Sync 1 DAGs
[2022-04-07 23:44:39,870] {logging_mixin.py:109} INFO - [2022-04-07 23:44:39,870] {dag.py:2935} INFO - Setting next_dagrun for example_dag_decorator to None
[2022-04-07 23:44:39,880] {processor.py:171} INFO - Processing /home/airflow/.local/lib/python3.7/site-packages/airflow/example_dags/example_dag_decorator.py took 0.424 seconds
[2022-04-07 23:45:10,676] {processor.py:163} INFO - Started process (PID=350) to work on /home/airflow/.local/lib/python3.7/site-packages/airflow/example_dags/example_dag_decorator.py
[2022-04-07 23:45:10,677] {processor.py:642} INFO - Processing file /home/airflow/.local/lib/python3.7/site-packages/airflow/example_dags/example_dag_decorator.py for tasks to queue
[2022-04-07 23:45:10,678] {logging_mixin.py:109} INFO - [2022-04-07 23:45:10,678] {dagbag.py:500} INFO - Filling up the DagBag from /home/airflow/.local/lib/python3.7/site-packages/airflow/example_dags/example_dag_decorator.py
[2022-04-07 23:45:10,720] {processor.py:654} INFO - DAG(s) dict_keys(['example_dag_decorator']) retrieved from /home/airflow/.local/lib/python3.7/site-packages/airflow/example_dags/example_dag_decorator.py
[2022-04-07 23:45:11,026] {logging_mixin.py:109} INFO - [2022-04-07 23:45:11,026] {dag.py:2396} INFO - Sync 1 DAGs
[2022-04-07 23:45:11,038] {logging_mixin.py:109} INFO - [2022-04-07 23:45:11,038] {dag.py:2935} INFO - Setting next_dagrun for example_dag_decorator to None
[2022-04-07 23:45:11,048] {processor.py:171} INFO - Processing /home/airflow/.local/lib/python3.7/site-packages/airflow/example_dags/example_dag_decorator.py took 0.376 seconds
[2022-04-07 23:45:42,041] {processor.py:163} INFO - Started process (PID=412) to work on /home/airflow/.local/lib/python3.7/site-packages/airflow/example_dags/example_dag_decorator.py
[2022-04-07 23:45:42,043] {processor.py:642} INFO - Processing file /home/airflow/.local/lib/python3.7/site-packages/airflow/example_dags/example_dag_decorator.py for tasks to queue
[2022-04-07 23:45:42,044] {logging_mixin.py:109} INFO - [2022-04-07 23:45:42,044] {dagbag.py:500} INFO - Filling up the DagBag from /home/airflow/.local/lib/python3.7/site-packages/airflow/example_dags/example_dag_decorator.py
[2022-04-07 23:45:42,091] {processor.py:654} INFO - DAG(s) dict_keys(['example_dag_decorator']) retrieved from /home/airflow/.local/lib/python3.7/site-packages/airflow/example_dags/example_dag_decorator.py
[2022-04-07 23:45:42,420] {logging_mixin.py:109} INFO - [2022-04-07 23:45:42,420] {dag.py:2396} INFO - Sync 1 DAGs
[2022-04-07 23:45:42,434] {logging_mixin.py:109} INFO - [2022-04-07 23:45:42,434] {dag.py:2935} INFO - Setting next_dagrun for example_dag_decorator to None
[2022-04-07 23:45:42,443] {processor.py:171} INFO - Processing /home/airflow/.local/lib/python3.7/site-packages/airflow/example_dags/example_dag_decorator.py took 0.406 seconds
[2022-04-07 23:46:12,474] {processor.py:163} INFO - Started process (PID=472) to work on /home/airflow/.local/lib/python3.7/site-packages/airflow/example_dags/example_dag_decorator.py
[2022-04-07 23:46:12,475] {processor.py:642} INFO - Processing file /home/airflow/.local/lib/python3.7/site-packages/airflow/example_dags/example_dag_decorator.py for tasks to queue
[2022-04-07 23:46:12,476] {logging_mixin.py:109} INFO - [2022-04-07 23:46:12,476] {dagbag.py:500} INFO - Filling up the DagBag from /home/airflow/.local/lib/python3.7/site-packages/airflow/example_dags/example_dag_decorator.py
[2022-04-07 23:46:12,523] {processor.py:654} INFO - DAG(s) dict_keys(['example_dag_decorator']) retrieved from /home/airflow/.local/lib/python3.7/site-packages/airflow/example_dags/example_dag_decorator.py
[2022-04-07 23:46:12,888] {logging_mixin.py:109} INFO - [2022-04-07 23:46:12,888] {dag.py:2396} INFO - Sync 1 DAGs
[2022-04-07 23:46:12,900] {logging_mixin.py:109} INFO - [2022-04-07 23:46:12,900] {dag.py:2935} INFO - Setting next_dagrun for example_dag_decorator to None
[2022-04-07 23:46:12,909] {processor.py:171} INFO - Processing /home/airflow/.local/lib/python3.7/site-packages/airflow/example_dags/example_dag_decorator.py took 0.440 seconds
[2022-04-07 23:46:43,662] {processor.py:163} INFO - Started process (PID=526) to work on /home/airflow/.local/lib/python3.7/site-packages/airflow/example_dags/example_dag_decorator.py
[2022-04-07 23:46:43,665] {processor.py:642} INFO - Processing file /home/airflow/.local/lib/python3.7/site-packages/airflow/example_dags/example_dag_decorator.py for tasks to queue
[2022-04-07 23:46:43,666] {logging_mixin.py:109} INFO - [2022-04-07 23:46:43,666] {dagbag.py:500} INFO - Filling up the DagBag from /home/airflow/.local/lib/python3.7/site-packages/airflow/example_dags/example_dag_decorator.py
[2022-04-07 23:46:43,726] {processor.py:654} INFO - DAG(s) dict_keys(['example_dag_decorator']) retrieved from /home/airflow/.local/lib/python3.7/site-packages/airflow/example_dags/example_dag_decorator.py
[2022-04-07 23:46:44,172] {logging_mixin.py:109} INFO - [2022-04-07 23:46:44,172] {dag.py:2396} INFO - Sync 1 DAGs
[2022-04-07 23:46:44,191] {logging_mixin.py:109} INFO - [2022-04-07 23:46:44,191] {dag.py:2935} INFO - Setting next_dagrun for example_dag_decorator to None
[2022-04-07 23:46:44,204] {processor.py:171} INFO - Processing /home/airflow/.local/lib/python3.7/site-packages/airflow/example_dags/example_dag_decorator.py took 0.548 seconds
[2022-04-07 23:47:14,890] {processor.py:163} INFO - Started process (PID=587) to work on /home/airflow/.local/lib/python3.7/site-packages/airflow/example_dags/example_dag_decorator.py
[2022-04-07 23:47:14,891] {processor.py:642} INFO - Processing file /home/airflow/.local/lib/python3.7/site-packages/airflow/example_dags/example_dag_decorator.py for tasks to queue
[2022-04-07 23:47:14,892] {logging_mixin.py:109} INFO - [2022-04-07 23:47:14,892] {dagbag.py:500} INFO - Filling up the DagBag from /home/airflow/.local/lib/python3.7/site-packages/airflow/example_dags/example_dag_decorator.py
[2022-04-07 23:47:14,933] {processor.py:654} INFO - DAG(s) dict_keys(['example_dag_decorator']) retrieved from /home/airflow/.local/lib/python3.7/site-packages/airflow/example_dags/example_dag_decorator.py
[2022-04-07 23:47:15,237] {logging_mixin.py:109} INFO - [2022-04-07 23:47:15,237] {dag.py:2396} INFO - Sync 1 DAGs
[2022-04-07 23:47:15,249] {logging_mixin.py:109} INFO - [2022-04-07 23:47:15,249] {dag.py:2935} INFO - Setting next_dagrun for example_dag_decorator to None
[2022-04-07 23:47:15,259] {processor.py:171} INFO - Processing /home/airflow/.local/lib/python3.7/site-packages/airflow/example_dags/example_dag_decorator.py took 0.373 seconds
[2022-04-07 23:47:46,062] {processor.py:163} INFO - Started process (PID=639) to work on /home/airflow/.local/lib/python3.7/site-packages/airflow/example_dags/example_dag_decorator.py
[2022-04-07 23:47:46,064] {processor.py:642} INFO - Processing file /home/airflow/.local/lib/python3.7/site-packages/airflow/example_dags/example_dag_decorator.py for tasks to queue
[2022-04-07 23:47:46,065] {logging_mixin.py:109} INFO - [2022-04-07 23:47:46,065] {dagbag.py:500} INFO - Filling up the DagBag from /home/airflow/.local/lib/python3.7/site-packages/airflow/example_dags/example_dag_decorator.py
[2022-04-07 23:47:46,120] {processor.py:654} INFO - DAG(s) dict_keys(['example_dag_decorator']) retrieved from /home/airflow/.local/lib/python3.7/site-packages/airflow/example_dags/example_dag_decorator.py
[2022-04-07 23:47:46,456] {logging_mixin.py:109} INFO - [2022-04-07 23:47:46,456] {dag.py:2396} INFO - Sync 1 DAGs
[2022-04-07 23:47:46,475] {logging_mixin.py:109} INFO - [2022-04-07 23:47:46,475] {dag.py:2935} INFO - Setting next_dagrun for example_dag_decorator to None
[2022-04-07 23:47:46,488] {processor.py:171} INFO - Processing /home/airflow/.local/lib/python3.7/site-packages/airflow/example_dags/example_dag_decorator.py took 0.431 seconds
[2022-04-07 23:48:16,547] {processor.py:163} INFO - Started process (PID=700) to work on /home/airflow/.local/lib/python3.7/site-packages/airflow/example_dags/example_dag_decorator.py
[2022-04-07 23:48:16,548] {processor.py:642} INFO - Processing file /home/airflow/.local/lib/python3.7/site-packages/airflow/example_dags/example_dag_decorator.py for tasks to queue
[2022-04-07 23:48:16,549] {logging_mixin.py:109} INFO - [2022-04-07 23:48:16,548] {dagbag.py:500} INFO - Filling up the DagBag from /home/airflow/.local/lib/python3.7/site-packages/airflow/example_dags/example_dag_decorator.py
[2022-04-07 23:48:16,590] {processor.py:654} INFO - DAG(s) dict_keys(['example_dag_decorator']) retrieved from /home/airflow/.local/lib/python3.7/site-packages/airflow/example_dags/example_dag_decorator.py
[2022-04-07 23:48:16,890] {logging_mixin.py:109} INFO - [2022-04-07 23:48:16,890] {dag.py:2396} INFO - Sync 1 DAGs
[2022-04-07 23:48:16,903] {logging_mixin.py:109} INFO - [2022-04-07 23:48:16,903] {dag.py:2935} INFO - Setting next_dagrun for example_dag_decorator to None
[2022-04-07 23:48:16,913] {processor.py:171} INFO - Processing /home/airflow/.local/lib/python3.7/site-packages/airflow/example_dags/example_dag_decorator.py took 0.371 seconds
[2022-04-07 23:48:47,585] {processor.py:163} INFO - Started process (PID=756) to work on /home/airflow/.local/lib/python3.7/site-packages/airflow/example_dags/example_dag_decorator.py
[2022-04-07 23:48:47,587] {processor.py:642} INFO - Processing file /home/airflow/.local/lib/python3.7/site-packages/airflow/example_dags/example_dag_decorator.py for tasks to queue
[2022-04-07 23:48:47,588] {logging_mixin.py:109} INFO - [2022-04-07 23:48:47,587] {dagbag.py:500} INFO - Filling up the DagBag from /home/airflow/.local/lib/python3.7/site-packages/airflow/example_dags/example_dag_decorator.py
[2022-04-07 23:48:47,630] {processor.py:654} INFO - DAG(s) dict_keys(['example_dag_decorator']) retrieved from /home/airflow/.local/lib/python3.7/site-packages/airflow/example_dags/example_dag_decorator.py
[2022-04-07 23:48:48,068] {logging_mixin.py:109} INFO - [2022-04-07 23:48:48,068] {dag.py:2396} INFO - Sync 1 DAGs
[2022-04-07 23:48:48,088] {logging_mixin.py:109} INFO - [2022-04-07 23:48:48,087] {dag.py:2935} INFO - Setting next_dagrun for example_dag_decorator to None
[2022-04-07 23:48:48,101] {processor.py:171} INFO - Processing /home/airflow/.local/lib/python3.7/site-packages/airflow/example_dags/example_dag_decorator.py took 0.521 seconds
[2022-04-07 23:49:19,031] {processor.py:163} INFO - Started process (PID=818) to work on /home/airflow/.local/lib/python3.7/site-packages/airflow/example_dags/example_dag_decorator.py
[2022-04-07 23:49:19,033] {processor.py:642} INFO - Processing file /home/airflow/.local/lib/python3.7/site-packages/airflow/example_dags/example_dag_decorator.py for tasks to queue
[2022-04-07 23:49:19,034] {logging_mixin.py:109} INFO - [2022-04-07 23:49:19,034] {dagbag.py:500} INFO - Filling up the DagBag from /home/airflow/.local/lib/python3.7/site-packages/airflow/example_dags/example_dag_decorator.py
[2022-04-07 23:49:19,091] {processor.py:654} INFO - DAG(s) dict_keys(['example_dag_decorator']) retrieved from /home/airflow/.local/lib/python3.7/site-packages/airflow/example_dags/example_dag_decorator.py
[2022-04-07 23:49:19,536] {logging_mixin.py:109} INFO - [2022-04-07 23:49:19,536] {dag.py:2396} INFO - Sync 1 DAGs
[2022-04-07 23:49:19,556] {logging_mixin.py:109} INFO - [2022-04-07 23:49:19,556] {dag.py:2935} INFO - Setting next_dagrun for example_dag_decorator to None
[2022-04-07 23:49:19,569] {processor.py:171} INFO - Processing /home/airflow/.local/lib/python3.7/site-packages/airflow/example_dags/example_dag_decorator.py took 0.544 seconds
[2022-04-07 23:49:50,327] {processor.py:163} INFO - Started process (PID=869) to work on /home/airflow/.local/lib/python3.7/site-packages/airflow/example_dags/example_dag_decorator.py
[2022-04-07 23:49:50,329] {processor.py:642} INFO - Processing file /home/airflow/.local/lib/python3.7/site-packages/airflow/example_dags/example_dag_decorator.py for tasks to queue
[2022-04-07 23:49:50,329] {logging_mixin.py:109} INFO - [2022-04-07 23:49:50,329] {dagbag.py:500} INFO - Filling up the DagBag from /home/airflow/.local/lib/python3.7/site-packages/airflow/example_dags/example_dag_decorator.py
[2022-04-07 23:49:50,371] {processor.py:654} INFO - DAG(s) dict_keys(['example_dag_decorator']) retrieved from /home/airflow/.local/lib/python3.7/site-packages/airflow/example_dags/example_dag_decorator.py
[2022-04-07 23:49:50,662] {logging_mixin.py:109} INFO - [2022-04-07 23:49:50,662] {dag.py:2396} INFO - Sync 1 DAGs
[2022-04-07 23:49:50,675] {logging_mixin.py:109} INFO - [2022-04-07 23:49:50,675] {dag.py:2935} INFO - Setting next_dagrun for example_dag_decorator to None
[2022-04-07 23:49:50,684] {processor.py:171} INFO - Processing /home/airflow/.local/lib/python3.7/site-packages/airflow/example_dags/example_dag_decorator.py took 0.361 seconds
[2022-04-07 23:50:20,864] {processor.py:163} INFO - Started process (PID=930) to work on /home/airflow/.local/lib/python3.7/site-packages/airflow/example_dags/example_dag_decorator.py
[2022-04-07 23:50:20,865] {processor.py:642} INFO - Processing file /home/airflow/.local/lib/python3.7/site-packages/airflow/example_dags/example_dag_decorator.py for tasks to queue
[2022-04-07 23:50:20,866] {logging_mixin.py:109} INFO - [2022-04-07 23:50:20,866] {dagbag.py:500} INFO - Filling up the DagBag from /home/airflow/.local/lib/python3.7/site-packages/airflow/example_dags/example_dag_decorator.py
[2022-04-07 23:50:20,920] {processor.py:654} INFO - DAG(s) dict_keys(['example_dag_decorator']) retrieved from /home/airflow/.local/lib/python3.7/site-packages/airflow/example_dags/example_dag_decorator.py
[2022-04-07 23:50:21,363] {logging_mixin.py:109} INFO - [2022-04-07 23:50:21,363] {dag.py:2396} INFO - Sync 1 DAGs
[2022-04-07 23:50:21,382] {logging_mixin.py:109} INFO - [2022-04-07 23:50:21,382] {dag.py:2935} INFO - Setting next_dagrun for example_dag_decorator to None
[2022-04-07 23:50:21,394] {processor.py:171} INFO - Processing /home/airflow/.local/lib/python3.7/site-packages/airflow/example_dags/example_dag_decorator.py took 0.535 seconds
[2022-04-07 23:50:51,749] {processor.py:163} INFO - Started process (PID=982) to work on /home/airflow/.local/lib/python3.7/site-packages/airflow/example_dags/example_dag_decorator.py
[2022-04-07 23:50:51,751] {processor.py:642} INFO - Processing file /home/airflow/.local/lib/python3.7/site-packages/airflow/example_dags/example_dag_decorator.py for tasks to queue
[2022-04-07 23:50:51,751] {logging_mixin.py:109} INFO - [2022-04-07 23:50:51,751] {dagbag.py:500} INFO - Filling up the DagBag from /home/airflow/.local/lib/python3.7/site-packages/airflow/example_dags/example_dag_decorator.py
[2022-04-07 23:50:51,793] {processor.py:654} INFO - DAG(s) dict_keys(['example_dag_decorator']) retrieved from /home/airflow/.local/lib/python3.7/site-packages/airflow/example_dags/example_dag_decorator.py
[2022-04-07 23:50:52,141] {logging_mixin.py:109} INFO - [2022-04-07 23:50:52,141] {dag.py:2396} INFO - Sync 1 DAGs
[2022-04-07 23:50:52,154] {logging_mixin.py:109} INFO - [2022-04-07 23:50:52,154] {dag.py:2935} INFO - Setting next_dagrun for example_dag_decorator to None
[2022-04-07 23:50:52,165] {processor.py:171} INFO - Processing /home/airflow/.local/lib/python3.7/site-packages/airflow/example_dags/example_dag_decorator.py took 0.420 seconds
[2022-04-07 23:51:22,208] {processor.py:163} INFO - Started process (PID=1046) to work on /home/airflow/.local/lib/python3.7/site-packages/airflow/example_dags/example_dag_decorator.py
[2022-04-07 23:51:22,210] {processor.py:642} INFO - Processing file /home/airflow/.local/lib/python3.7/site-packages/airflow/example_dags/example_dag_decorator.py for tasks to queue
[2022-04-07 23:51:22,211] {logging_mixin.py:109} INFO - [2022-04-07 23:51:22,211] {dagbag.py:500} INFO - Filling up the DagBag from /home/airflow/.local/lib/python3.7/site-packages/airflow/example_dags/example_dag_decorator.py
[2022-04-07 23:51:22,256] {processor.py:654} INFO - DAG(s) dict_keys(['example_dag_decorator']) retrieved from /home/airflow/.local/lib/python3.7/site-packages/airflow/example_dags/example_dag_decorator.py
[2022-04-07 23:51:22,610] {logging_mixin.py:109} INFO - [2022-04-07 23:51:22,610] {dag.py:2396} INFO - Sync 1 DAGs
[2022-04-07 23:51:22,624] {logging_mixin.py:109} INFO - [2022-04-07 23:51:22,624] {dag.py:2935} INFO - Setting next_dagrun for example_dag_decorator to None
[2022-04-07 23:51:22,638] {processor.py:171} INFO - Processing /home/airflow/.local/lib/python3.7/site-packages/airflow/example_dags/example_dag_decorator.py took 0.434 seconds
[2022-04-07 23:51:53,254] {processor.py:163} INFO - Started process (PID=1097) to work on /home/airflow/.local/lib/python3.7/site-packages/airflow/example_dags/example_dag_decorator.py
[2022-04-07 23:51:53,257] {processor.py:642} INFO - Processing file /home/airflow/.local/lib/python3.7/site-packages/airflow/example_dags/example_dag_decorator.py for tasks to queue
[2022-04-07 23:51:53,258] {logging_mixin.py:109} INFO - [2022-04-07 23:51:53,258] {dagbag.py:500} INFO - Filling up the DagBag from /home/airflow/.local/lib/python3.7/site-packages/airflow/example_dags/example_dag_decorator.py
[2022-04-07 23:51:53,314] {processor.py:654} INFO - DAG(s) dict_keys(['example_dag_decorator']) retrieved from /home/airflow/.local/lib/python3.7/site-packages/airflow/example_dags/example_dag_decorator.py
[2022-04-07 23:51:53,754] {logging_mixin.py:109} INFO - [2022-04-07 23:51:53,754] {dag.py:2396} INFO - Sync 1 DAGs
[2022-04-07 23:51:53,773] {logging_mixin.py:109} INFO - [2022-04-07 23:51:53,773] {dag.py:2935} INFO - Setting next_dagrun for example_dag_decorator to None
[2022-04-07 23:51:53,787] {processor.py:171} INFO - Processing /home/airflow/.local/lib/python3.7/site-packages/airflow/example_dags/example_dag_decorator.py took 0.538 seconds
[2022-04-07 23:52:24,445] {processor.py:163} INFO - Started process (PID=1159) to work on /home/airflow/.local/lib/python3.7/site-packages/airflow/example_dags/example_dag_decorator.py
[2022-04-07 23:52:24,446] {processor.py:642} INFO - Processing file /home/airflow/.local/lib/python3.7/site-packages/airflow/example_dags/example_dag_decorator.py for tasks to queue
[2022-04-07 23:52:24,447] {logging_mixin.py:109} INFO - [2022-04-07 23:52:24,447] {dagbag.py:500} INFO - Filling up the DagBag from /home/airflow/.local/lib/python3.7/site-packages/airflow/example_dags/example_dag_decorator.py
[2022-04-07 23:52:24,490] {processor.py:654} INFO - DAG(s) dict_keys(['example_dag_decorator']) retrieved from /home/airflow/.local/lib/python3.7/site-packages/airflow/example_dags/example_dag_decorator.py
[2022-04-07 23:52:24,801] {logging_mixin.py:109} INFO - [2022-04-07 23:52:24,801] {dag.py:2396} INFO - Sync 1 DAGs
[2022-04-07 23:52:24,816] {logging_mixin.py:109} INFO - [2022-04-07 23:52:24,816] {dag.py:2935} INFO - Setting next_dagrun for example_dag_decorator to None
[2022-04-07 23:52:24,826] {processor.py:171} INFO - Processing /home/airflow/.local/lib/python3.7/site-packages/airflow/example_dags/example_dag_decorator.py took 0.386 seconds
[2022-04-07 23:52:54,894] {processor.py:163} INFO - Started process (PID=1210) to work on /home/airflow/.local/lib/python3.7/site-packages/airflow/example_dags/example_dag_decorator.py
[2022-04-07 23:52:54,895] {processor.py:642} INFO - Processing file /home/airflow/.local/lib/python3.7/site-packages/airflow/example_dags/example_dag_decorator.py for tasks to queue
[2022-04-07 23:52:54,896] {logging_mixin.py:109} INFO - [2022-04-07 23:52:54,896] {dagbag.py:500} INFO - Filling up the DagBag from /home/airflow/.local/lib/python3.7/site-packages/airflow/example_dags/example_dag_decorator.py
[2022-04-07 23:52:54,939] {processor.py:654} INFO - DAG(s) dict_keys(['example_dag_decorator']) retrieved from /home/airflow/.local/lib/python3.7/site-packages/airflow/example_dags/example_dag_decorator.py
[2022-04-07 23:52:55,265] {logging_mixin.py:109} INFO - [2022-04-07 23:52:55,265] {dag.py:2396} INFO - Sync 1 DAGs
[2022-04-07 23:52:55,279] {logging_mixin.py:109} INFO - [2022-04-07 23:52:55,279] {dag.py:2935} INFO - Setting next_dagrun for example_dag_decorator to None
[2022-04-07 23:52:55,289] {processor.py:171} INFO - Processing /home/airflow/.local/lib/python3.7/site-packages/airflow/example_dags/example_dag_decorator.py took 0.400 seconds
[2022-04-07 23:53:26,146] {processor.py:163} INFO - Started process (PID=1270) to work on /home/airflow/.local/lib/python3.7/site-packages/airflow/example_dags/example_dag_decorator.py
[2022-04-07 23:53:26,148] {processor.py:642} INFO - Processing file /home/airflow/.local/lib/python3.7/site-packages/airflow/example_dags/example_dag_decorator.py for tasks to queue
[2022-04-07 23:53:26,149] {logging_mixin.py:109} INFO - [2022-04-07 23:53:26,149] {dagbag.py:500} INFO - Filling up the DagBag from /home/airflow/.local/lib/python3.7/site-packages/airflow/example_dags/example_dag_decorator.py
[2022-04-07 23:53:26,204] {processor.py:654} INFO - DAG(s) dict_keys(['example_dag_decorator']) retrieved from /home/airflow/.local/lib/python3.7/site-packages/airflow/example_dags/example_dag_decorator.py
[2022-04-07 23:53:26,213] {logging_mixin.py:109} INFO - [2022-04-07 23:53:26,213] {dag.py:2396} INFO - Sync 1 DAGs
[2022-04-07 23:53:26,228] {logging_mixin.py:109} INFO - [2022-04-07 23:53:26,228] {dag.py:2935} INFO - Setting next_dagrun for example_dag_decorator to None
[2022-04-07 23:53:26,236] {processor.py:171} INFO - Processing /home/airflow/.local/lib/python3.7/site-packages/airflow/example_dags/example_dag_decorator.py took 0.095 seconds
[2022-04-07 23:53:56,544] {processor.py:163} INFO - Started process (PID=1322) to work on /home/airflow/.local/lib/python3.7/site-packages/airflow/example_dags/example_dag_decorator.py
[2022-04-07 23:53:56,545] {processor.py:642} INFO - Processing file /home/airflow/.local/lib/python3.7/site-packages/airflow/example_dags/example_dag_decorator.py for tasks to queue
[2022-04-07 23:53:56,546] {logging_mixin.py:109} INFO - [2022-04-07 23:53:56,546] {dagbag.py:500} INFO - Filling up the DagBag from /home/airflow/.local/lib/python3.7/site-packages/airflow/example_dags/example_dag_decorator.py
[2022-04-07 23:53:56,587] {processor.py:654} INFO - DAG(s) dict_keys(['example_dag_decorator']) retrieved from /home/airflow/.local/lib/python3.7/site-packages/airflow/example_dags/example_dag_decorator.py
[2022-04-07 23:53:56,875] {logging_mixin.py:109} INFO - [2022-04-07 23:53:56,875] {dag.py:2396} INFO - Sync 1 DAGs
[2022-04-07 23:53:56,888] {logging_mixin.py:109} INFO - [2022-04-07 23:53:56,888] {dag.py:2935} INFO - Setting next_dagrun for example_dag_decorator to None
[2022-04-07 23:53:56,897] {processor.py:171} INFO - Processing /home/airflow/.local/lib/python3.7/site-packages/airflow/example_dags/example_dag_decorator.py took 0.358 seconds
[2022-04-07 23:54:26,939] {processor.py:163} INFO - Started process (PID=1383) to work on /home/airflow/.local/lib/python3.7/site-packages/airflow/example_dags/example_dag_decorator.py
[2022-04-07 23:54:26,940] {processor.py:642} INFO - Processing file /home/airflow/.local/lib/python3.7/site-packages/airflow/example_dags/example_dag_decorator.py for tasks to queue
[2022-04-07 23:54:26,941] {logging_mixin.py:109} INFO - [2022-04-07 23:54:26,941] {dagbag.py:500} INFO - Filling up the DagBag from /home/airflow/.local/lib/python3.7/site-packages/airflow/example_dags/example_dag_decorator.py
[2022-04-07 23:54:26,985] {processor.py:654} INFO - DAG(s) dict_keys(['example_dag_decorator']) retrieved from /home/airflow/.local/lib/python3.7/site-packages/airflow/example_dags/example_dag_decorator.py
[2022-04-07 23:54:27,289] {logging_mixin.py:109} INFO - [2022-04-07 23:54:27,289] {dag.py:2396} INFO - Sync 1 DAGs
[2022-04-07 23:54:27,301] {logging_mixin.py:109} INFO - [2022-04-07 23:54:27,301] {dag.py:2935} INFO - Setting next_dagrun for example_dag_decorator to None
[2022-04-07 23:54:27,311] {processor.py:171} INFO - Processing /home/airflow/.local/lib/python3.7/site-packages/airflow/example_dags/example_dag_decorator.py took 0.376 seconds
[2022-04-07 23:54:57,375] {processor.py:163} INFO - Started process (PID=1435) to work on /home/airflow/.local/lib/python3.7/site-packages/airflow/example_dags/example_dag_decorator.py
[2022-04-07 23:54:57,377] {processor.py:642} INFO - Processing file /home/airflow/.local/lib/python3.7/site-packages/airflow/example_dags/example_dag_decorator.py for tasks to queue
[2022-04-07 23:54:57,378] {logging_mixin.py:109} INFO - [2022-04-07 23:54:57,378] {dagbag.py:500} INFO - Filling up the DagBag from /home/airflow/.local/lib/python3.7/site-packages/airflow/example_dags/example_dag_decorator.py
[2022-04-07 23:54:57,420] {processor.py:654} INFO - DAG(s) dict_keys(['example_dag_decorator']) retrieved from /home/airflow/.local/lib/python3.7/site-packages/airflow/example_dags/example_dag_decorator.py
[2022-04-07 23:54:57,721] {logging_mixin.py:109} INFO - [2022-04-07 23:54:57,721] {dag.py:2396} INFO - Sync 1 DAGs
[2022-04-07 23:54:57,734] {logging_mixin.py:109} INFO - [2022-04-07 23:54:57,734] {dag.py:2935} INFO - Setting next_dagrun for example_dag_decorator to None
[2022-04-07 23:54:57,746] {processor.py:171} INFO - Processing /home/airflow/.local/lib/python3.7/site-packages/airflow/example_dags/example_dag_decorator.py took 0.375 seconds
[2022-04-07 23:55:28,447] {processor.py:163} INFO - Started process (PID=1498) to work on /home/airflow/.local/lib/python3.7/site-packages/airflow/example_dags/example_dag_decorator.py
[2022-04-07 23:55:28,448] {processor.py:642} INFO - Processing file /home/airflow/.local/lib/python3.7/site-packages/airflow/example_dags/example_dag_decorator.py for tasks to queue
[2022-04-07 23:55:28,449] {logging_mixin.py:109} INFO - [2022-04-07 23:55:28,449] {dagbag.py:500} INFO - Filling up the DagBag from /home/airflow/.local/lib/python3.7/site-packages/airflow/example_dags/example_dag_decorator.py
[2022-04-07 23:55:28,496] {processor.py:654} INFO - DAG(s) dict_keys(['example_dag_decorator']) retrieved from /home/airflow/.local/lib/python3.7/site-packages/airflow/example_dags/example_dag_decorator.py
[2022-04-07 23:55:28,822] {logging_mixin.py:109} INFO - [2022-04-07 23:55:28,822] {dag.py:2396} INFO - Sync 1 DAGs
[2022-04-07 23:55:28,835] {logging_mixin.py:109} INFO - [2022-04-07 23:55:28,835] {dag.py:2935} INFO - Setting next_dagrun for example_dag_decorator to None
[2022-04-07 23:55:28,845] {processor.py:171} INFO - Processing /home/airflow/.local/lib/python3.7/site-packages/airflow/example_dags/example_dag_decorator.py took 0.402 seconds
[2022-04-07 23:55:59,402] {processor.py:163} INFO - Started process (PID=1556) to work on /home/airflow/.local/lib/python3.7/site-packages/airflow/example_dags/example_dag_decorator.py
[2022-04-07 23:55:59,404] {processor.py:642} INFO - Processing file /home/airflow/.local/lib/python3.7/site-packages/airflow/example_dags/example_dag_decorator.py for tasks to queue
[2022-04-07 23:55:59,405] {logging_mixin.py:109} INFO - [2022-04-07 23:55:59,405] {dagbag.py:500} INFO - Filling up the DagBag from /home/airflow/.local/lib/python3.7/site-packages/airflow/example_dags/example_dag_decorator.py
[2022-04-07 23:55:59,447] {processor.py:654} INFO - DAG(s) dict_keys(['example_dag_decorator']) retrieved from /home/airflow/.local/lib/python3.7/site-packages/airflow/example_dags/example_dag_decorator.py
[2022-04-07 23:55:59,749] {logging_mixin.py:109} INFO - [2022-04-07 23:55:59,749] {dag.py:2396} INFO - Sync 1 DAGs
[2022-04-07 23:55:59,762] {logging_mixin.py:109} INFO - [2022-04-07 23:55:59,762] {dag.py:2935} INFO - Setting next_dagrun for example_dag_decorator to None
[2022-04-07 23:55:59,771] {processor.py:171} INFO - Processing /home/airflow/.local/lib/python3.7/site-packages/airflow/example_dags/example_dag_decorator.py took 0.373 seconds
[2022-04-07 23:56:30,695] {processor.py:163} INFO - Started process (PID=1610) to work on /home/airflow/.local/lib/python3.7/site-packages/airflow/example_dags/example_dag_decorator.py
[2022-04-07 23:56:30,697] {processor.py:642} INFO - Processing file /home/airflow/.local/lib/python3.7/site-packages/airflow/example_dags/example_dag_decorator.py for tasks to queue
[2022-04-07 23:56:30,697] {logging_mixin.py:109} INFO - [2022-04-07 23:56:30,697] {dagbag.py:500} INFO - Filling up the DagBag from /home/airflow/.local/lib/python3.7/site-packages/airflow/example_dags/example_dag_decorator.py
[2022-04-07 23:56:30,739] {processor.py:654} INFO - DAG(s) dict_keys(['example_dag_decorator']) retrieved from /home/airflow/.local/lib/python3.7/site-packages/airflow/example_dags/example_dag_decorator.py
[2022-04-07 23:56:31,031] {logging_mixin.py:109} INFO - [2022-04-07 23:56:31,031] {dag.py:2396} INFO - Sync 1 DAGs
[2022-04-07 23:56:31,043] {logging_mixin.py:109} INFO - [2022-04-07 23:56:31,043] {dag.py:2935} INFO - Setting next_dagrun for example_dag_decorator to None
[2022-04-07 23:56:31,053] {processor.py:171} INFO - Processing /home/airflow/.local/lib/python3.7/site-packages/airflow/example_dags/example_dag_decorator.py took 0.363 seconds
[2022-04-07 23:57:01,904] {processor.py:163} INFO - Started process (PID=1673) to work on /home/airflow/.local/lib/python3.7/site-packages/airflow/example_dags/example_dag_decorator.py
[2022-04-07 23:57:01,906] {processor.py:642} INFO - Processing file /home/airflow/.local/lib/python3.7/site-packages/airflow/example_dags/example_dag_decorator.py for tasks to queue
[2022-04-07 23:57:01,907] {logging_mixin.py:109} INFO - [2022-04-07 23:57:01,907] {dagbag.py:500} INFO - Filling up the DagBag from /home/airflow/.local/lib/python3.7/site-packages/airflow/example_dags/example_dag_decorator.py
[2022-04-07 23:57:01,948] {processor.py:654} INFO - DAG(s) dict_keys(['example_dag_decorator']) retrieved from /home/airflow/.local/lib/python3.7/site-packages/airflow/example_dags/example_dag_decorator.py
[2022-04-07 23:57:02,383] {logging_mixin.py:109} INFO - [2022-04-07 23:57:02,383] {dag.py:2396} INFO - Sync 1 DAGs
[2022-04-07 23:57:02,402] {logging_mixin.py:109} INFO - [2022-04-07 23:57:02,402] {dag.py:2935} INFO - Setting next_dagrun for example_dag_decorator to None
[2022-04-07 23:57:02,416] {processor.py:171} INFO - Processing /home/airflow/.local/lib/python3.7/site-packages/airflow/example_dags/example_dag_decorator.py took 0.517 seconds
[2022-04-07 23:57:33,343] {processor.py:163} INFO - Started process (PID=1726) to work on /home/airflow/.local/lib/python3.7/site-packages/airflow/example_dags/example_dag_decorator.py
[2022-04-07 23:57:33,344] {processor.py:642} INFO - Processing file /home/airflow/.local/lib/python3.7/site-packages/airflow/example_dags/example_dag_decorator.py for tasks to queue
[2022-04-07 23:57:33,345] {logging_mixin.py:109} INFO - [2022-04-07 23:57:33,345] {dagbag.py:500} INFO - Filling up the DagBag from /home/airflow/.local/lib/python3.7/site-packages/airflow/example_dags/example_dag_decorator.py
[2022-04-07 23:57:33,387] {processor.py:654} INFO - DAG(s) dict_keys(['example_dag_decorator']) retrieved from /home/airflow/.local/lib/python3.7/site-packages/airflow/example_dags/example_dag_decorator.py
[2022-04-07 23:57:33,683] {logging_mixin.py:109} INFO - [2022-04-07 23:57:33,682] {dag.py:2396} INFO - Sync 1 DAGs
[2022-04-07 23:57:33,695] {logging_mixin.py:109} INFO - [2022-04-07 23:57:33,695] {dag.py:2935} INFO - Setting next_dagrun for example_dag_decorator to None
[2022-04-07 23:57:33,705] {processor.py:171} INFO - Processing /home/airflow/.local/lib/python3.7/site-packages/airflow/example_dags/example_dag_decorator.py took 0.372 seconds
[2022-04-07 23:58:03,834] {processor.py:163} INFO - Started process (PID=1787) to work on /home/airflow/.local/lib/python3.7/site-packages/airflow/example_dags/example_dag_decorator.py
[2022-04-07 23:58:03,836] {processor.py:642} INFO - Processing file /home/airflow/.local/lib/python3.7/site-packages/airflow/example_dags/example_dag_decorator.py for tasks to queue
[2022-04-07 23:58:03,837] {logging_mixin.py:109} INFO - [2022-04-07 23:58:03,837] {dagbag.py:500} INFO - Filling up the DagBag from /home/airflow/.local/lib/python3.7/site-packages/airflow/example_dags/example_dag_decorator.py
[2022-04-07 23:58:03,892] {processor.py:654} INFO - DAG(s) dict_keys(['example_dag_decorator']) retrieved from /home/airflow/.local/lib/python3.7/site-packages/airflow/example_dags/example_dag_decorator.py
[2022-04-07 23:58:04,318] {logging_mixin.py:109} INFO - [2022-04-07 23:58:04,318] {dag.py:2396} INFO - Sync 1 DAGs
[2022-04-07 23:58:04,334] {logging_mixin.py:109} INFO - [2022-04-07 23:58:04,334] {dag.py:2935} INFO - Setting next_dagrun for example_dag_decorator to None
[2022-04-07 23:58:04,346] {processor.py:171} INFO - Processing /home/airflow/.local/lib/python3.7/site-packages/airflow/example_dags/example_dag_decorator.py took 0.517 seconds
[2022-04-07 23:58:35,055] {processor.py:163} INFO - Started process (PID=1842) to work on /home/airflow/.local/lib/python3.7/site-packages/airflow/example_dags/example_dag_decorator.py
[2022-04-07 23:58:35,057] {processor.py:642} INFO - Processing file /home/airflow/.local/lib/python3.7/site-packages/airflow/example_dags/example_dag_decorator.py for tasks to queue
[2022-04-07 23:58:35,057] {logging_mixin.py:109} INFO - [2022-04-07 23:58:35,057] {dagbag.py:500} INFO - Filling up the DagBag from /home/airflow/.local/lib/python3.7/site-packages/airflow/example_dags/example_dag_decorator.py
[2022-04-07 23:58:35,101] {processor.py:654} INFO - DAG(s) dict_keys(['example_dag_decorator']) retrieved from /home/airflow/.local/lib/python3.7/site-packages/airflow/example_dags/example_dag_decorator.py
[2022-04-07 23:58:35,432] {logging_mixin.py:109} INFO - [2022-04-07 23:58:35,432] {dag.py:2396} INFO - Sync 1 DAGs
[2022-04-07 23:58:35,449] {logging_mixin.py:109} INFO - [2022-04-07 23:58:35,449] {dag.py:2935} INFO - Setting next_dagrun for example_dag_decorator to None
[2022-04-07 23:58:35,462] {processor.py:171} INFO - Processing /home/airflow/.local/lib/python3.7/site-packages/airflow/example_dags/example_dag_decorator.py took 0.413 seconds
[2022-04-07 23:59:05,526] {processor.py:163} INFO - Started process (PID=1904) to work on /home/airflow/.local/lib/python3.7/site-packages/airflow/example_dags/example_dag_decorator.py
[2022-04-07 23:59:05,528] {processor.py:642} INFO - Processing file /home/airflow/.local/lib/python3.7/site-packages/airflow/example_dags/example_dag_decorator.py for tasks to queue
[2022-04-07 23:59:05,529] {logging_mixin.py:109} INFO - [2022-04-07 23:59:05,529] {dagbag.py:500} INFO - Filling up the DagBag from /home/airflow/.local/lib/python3.7/site-packages/airflow/example_dags/example_dag_decorator.py
[2022-04-07 23:59:05,599] {processor.py:654} INFO - DAG(s) dict_keys(['example_dag_decorator']) retrieved from /home/airflow/.local/lib/python3.7/site-packages/airflow/example_dags/example_dag_decorator.py
[2022-04-07 23:59:06,047] {logging_mixin.py:109} INFO - [2022-04-07 23:59:06,047] {dag.py:2396} INFO - Sync 1 DAGs
[2022-04-07 23:59:06,066] {logging_mixin.py:109} INFO - [2022-04-07 23:59:06,066] {dag.py:2935} INFO - Setting next_dagrun for example_dag_decorator to None
[2022-04-07 23:59:06,079] {processor.py:171} INFO - Processing /home/airflow/.local/lib/python3.7/site-packages/airflow/example_dags/example_dag_decorator.py took 0.559 seconds
[2022-04-07 23:59:37,010] {processor.py:163} INFO - Started process (PID=1954) to work on /home/airflow/.local/lib/python3.7/site-packages/airflow/example_dags/example_dag_decorator.py
[2022-04-07 23:59:37,012] {processor.py:642} INFO - Processing file /home/airflow/.local/lib/python3.7/site-packages/airflow/example_dags/example_dag_decorator.py for tasks to queue
[2022-04-07 23:59:37,013] {logging_mixin.py:109} INFO - [2022-04-07 23:59:37,013] {dagbag.py:500} INFO - Filling up the DagBag from /home/airflow/.local/lib/python3.7/site-packages/airflow/example_dags/example_dag_decorator.py
[2022-04-07 23:59:37,054] {processor.py:654} INFO - DAG(s) dict_keys(['example_dag_decorator']) retrieved from /home/airflow/.local/lib/python3.7/site-packages/airflow/example_dags/example_dag_decorator.py
[2022-04-07 23:59:37,356] {logging_mixin.py:109} INFO - [2022-04-07 23:59:37,356] {dag.py:2396} INFO - Sync 1 DAGs
[2022-04-07 23:59:37,369] {logging_mixin.py:109} INFO - [2022-04-07 23:59:37,369] {dag.py:2935} INFO - Setting next_dagrun for example_dag_decorator to None
[2022-04-07 23:59:37,379] {processor.py:171} INFO - Processing /home/airflow/.local/lib/python3.7/site-packages/airflow/example_dags/example_dag_decorator.py took 0.373 seconds
