[2022-04-07 23:43:37,919] {processor.py:163} INFO - Started process (PID=126) to work on /home/airflow/.local/lib/python3.7/site-packages/airflow/example_dags/example_task_group_decorator.py
[2022-04-07 23:43:37,921] {processor.py:642} INFO - Processing file /home/airflow/.local/lib/python3.7/site-packages/airflow/example_dags/example_task_group_decorator.py for tasks to queue
[2022-04-07 23:43:37,922] {logging_mixin.py:109} INFO - [2022-04-07 23:43:37,921] {dagbag.py:500} INFO - Filling up the DagBag from /home/airflow/.local/lib/python3.7/site-packages/airflow/example_dags/example_task_group_decorator.py
[2022-04-07 23:43:37,967] {processor.py:654} INFO - DAG(s) dict_keys(['example_task_group_decorator']) retrieved from /home/airflow/.local/lib/python3.7/site-packages/airflow/example_dags/example_task_group_decorator.py
[2022-04-07 23:43:39,901] {logging_mixin.py:109} INFO - [2022-04-07 23:43:39,901] {manager.py:496} INFO - Created Permission View: can read on DAG:example_task_group_decorator
[2022-04-07 23:43:39,909] {logging_mixin.py:109} INFO - [2022-04-07 23:43:39,909] {manager.py:496} INFO - Created Permission View: can edit on DAG:example_task_group_decorator
[2022-04-07 23:43:39,909] {logging_mixin.py:109} INFO - [2022-04-07 23:43:39,909] {dag.py:2396} INFO - Sync 1 DAGs
[2022-04-07 23:43:39,916] {logging_mixin.py:109} INFO - [2022-04-07 23:43:39,916] {dag.py:2415} INFO - Creating ORM DAG for example_task_group_decorator
[2022-04-07 23:43:39,923] {logging_mixin.py:109} INFO - [2022-04-07 23:43:39,923] {dag.py:2935} INFO - Setting next_dagrun for example_task_group_decorator to 2022-04-06T23:43:39.923575+00:00
[2022-04-07 23:43:39,934] {processor.py:171} INFO - Processing /home/airflow/.local/lib/python3.7/site-packages/airflow/example_dags/example_task_group_decorator.py took 2.019 seconds
[2022-04-07 23:44:10,368] {processor.py:163} INFO - Started process (PID=250) to work on /home/airflow/.local/lib/python3.7/site-packages/airflow/example_dags/example_task_group_decorator.py
[2022-04-07 23:44:10,372] {processor.py:642} INFO - Processing file /home/airflow/.local/lib/python3.7/site-packages/airflow/example_dags/example_task_group_decorator.py for tasks to queue
[2022-04-07 23:44:10,373] {logging_mixin.py:109} INFO - [2022-04-07 23:44:10,373] {dagbag.py:500} INFO - Filling up the DagBag from /home/airflow/.local/lib/python3.7/site-packages/airflow/example_dags/example_task_group_decorator.py
[2022-04-07 23:44:10,434] {processor.py:654} INFO - DAG(s) dict_keys(['example_task_group_decorator']) retrieved from /home/airflow/.local/lib/python3.7/site-packages/airflow/example_dags/example_task_group_decorator.py
[2022-04-07 23:44:10,875] {logging_mixin.py:109} INFO - [2022-04-07 23:44:10,875] {dag.py:2396} INFO - Sync 1 DAGs
[2022-04-07 23:44:10,895] {logging_mixin.py:109} INFO - [2022-04-07 23:44:10,895] {dag.py:2935} INFO - Setting next_dagrun for example_task_group_decorator to 2022-04-06T23:44:10.894952+00:00
[2022-04-07 23:44:10,909] {processor.py:171} INFO - Processing /home/airflow/.local/lib/python3.7/site-packages/airflow/example_dags/example_task_group_decorator.py took 0.546 seconds
[2022-04-07 23:44:41,559] {processor.py:163} INFO - Started process (PID=301) to work on /home/airflow/.local/lib/python3.7/site-packages/airflow/example_dags/example_task_group_decorator.py
[2022-04-07 23:44:41,560] {processor.py:642} INFO - Processing file /home/airflow/.local/lib/python3.7/site-packages/airflow/example_dags/example_task_group_decorator.py for tasks to queue
[2022-04-07 23:44:41,561] {logging_mixin.py:109} INFO - [2022-04-07 23:44:41,561] {dagbag.py:500} INFO - Filling up the DagBag from /home/airflow/.local/lib/python3.7/site-packages/airflow/example_dags/example_task_group_decorator.py
[2022-04-07 23:44:41,605] {processor.py:654} INFO - DAG(s) dict_keys(['example_task_group_decorator']) retrieved from /home/airflow/.local/lib/python3.7/site-packages/airflow/example_dags/example_task_group_decorator.py
[2022-04-07 23:44:41,948] {logging_mixin.py:109} INFO - [2022-04-07 23:44:41,948] {dag.py:2396} INFO - Sync 1 DAGs
[2022-04-07 23:44:41,960] {logging_mixin.py:109} INFO - [2022-04-07 23:44:41,960] {dag.py:2935} INFO - Setting next_dagrun for example_task_group_decorator to 2022-04-06T23:44:41.960359+00:00
[2022-04-07 23:44:41,970] {processor.py:171} INFO - Processing /home/airflow/.local/lib/python3.7/site-packages/airflow/example_dags/example_task_group_decorator.py took 0.416 seconds
[2022-04-07 23:45:12,075] {processor.py:163} INFO - Started process (PID=361) to work on /home/airflow/.local/lib/python3.7/site-packages/airflow/example_dags/example_task_group_decorator.py
[2022-04-07 23:45:12,077] {processor.py:642} INFO - Processing file /home/airflow/.local/lib/python3.7/site-packages/airflow/example_dags/example_task_group_decorator.py for tasks to queue
[2022-04-07 23:45:12,078] {logging_mixin.py:109} INFO - [2022-04-07 23:45:12,078] {dagbag.py:500} INFO - Filling up the DagBag from /home/airflow/.local/lib/python3.7/site-packages/airflow/example_dags/example_task_group_decorator.py
[2022-04-07 23:45:12,122] {processor.py:654} INFO - DAG(s) dict_keys(['example_task_group_decorator']) retrieved from /home/airflow/.local/lib/python3.7/site-packages/airflow/example_dags/example_task_group_decorator.py
[2022-04-07 23:45:12,437] {logging_mixin.py:109} INFO - [2022-04-07 23:45:12,437] {dag.py:2396} INFO - Sync 1 DAGs
[2022-04-07 23:45:12,451] {logging_mixin.py:109} INFO - [2022-04-07 23:45:12,451] {dag.py:2935} INFO - Setting next_dagrun for example_task_group_decorator to 2022-04-06T23:45:12.450796+00:00
[2022-04-07 23:45:12,461] {processor.py:171} INFO - Processing /home/airflow/.local/lib/python3.7/site-packages/airflow/example_dags/example_task_group_decorator.py took 0.390 seconds
[2022-04-07 23:45:43,071] {processor.py:163} INFO - Started process (PID=413) to work on /home/airflow/.local/lib/python3.7/site-packages/airflow/example_dags/example_task_group_decorator.py
[2022-04-07 23:45:43,073] {processor.py:642} INFO - Processing file /home/airflow/.local/lib/python3.7/site-packages/airflow/example_dags/example_task_group_decorator.py for tasks to queue
[2022-04-07 23:45:43,074] {logging_mixin.py:109} INFO - [2022-04-07 23:45:43,073] {dagbag.py:500} INFO - Filling up the DagBag from /home/airflow/.local/lib/python3.7/site-packages/airflow/example_dags/example_task_group_decorator.py
[2022-04-07 23:45:43,119] {processor.py:654} INFO - DAG(s) dict_keys(['example_task_group_decorator']) retrieved from /home/airflow/.local/lib/python3.7/site-packages/airflow/example_dags/example_task_group_decorator.py
[2022-04-07 23:45:43,541] {logging_mixin.py:109} INFO - [2022-04-07 23:45:43,541] {dag.py:2396} INFO - Sync 1 DAGs
[2022-04-07 23:45:43,554] {logging_mixin.py:109} INFO - [2022-04-07 23:45:43,554] {dag.py:2935} INFO - Setting next_dagrun for example_task_group_decorator to 2022-04-06T23:45:43.554505+00:00
[2022-04-07 23:45:43,565] {processor.py:171} INFO - Processing /home/airflow/.local/lib/python3.7/site-packages/airflow/example_dags/example_task_group_decorator.py took 0.498 seconds
[2022-04-07 23:46:13,936] {processor.py:163} INFO - Started process (PID=473) to work on /home/airflow/.local/lib/python3.7/site-packages/airflow/example_dags/example_task_group_decorator.py
[2022-04-07 23:46:13,939] {processor.py:642} INFO - Processing file /home/airflow/.local/lib/python3.7/site-packages/airflow/example_dags/example_task_group_decorator.py for tasks to queue
[2022-04-07 23:46:13,940] {logging_mixin.py:109} INFO - [2022-04-07 23:46:13,940] {dagbag.py:500} INFO - Filling up the DagBag from /home/airflow/.local/lib/python3.7/site-packages/airflow/example_dags/example_task_group_decorator.py
[2022-04-07 23:46:13,987] {processor.py:654} INFO - DAG(s) dict_keys(['example_task_group_decorator']) retrieved from /home/airflow/.local/lib/python3.7/site-packages/airflow/example_dags/example_task_group_decorator.py
[2022-04-07 23:46:14,325] {logging_mixin.py:109} INFO - [2022-04-07 23:46:14,325] {dag.py:2396} INFO - Sync 1 DAGs
[2022-04-07 23:46:14,341] {logging_mixin.py:109} INFO - [2022-04-07 23:46:14,341] {dag.py:2935} INFO - Setting next_dagrun for example_task_group_decorator to 2022-04-06T23:46:14.340970+00:00
[2022-04-07 23:46:14,356] {processor.py:171} INFO - Processing /home/airflow/.local/lib/python3.7/site-packages/airflow/example_dags/example_task_group_decorator.py took 0.424 seconds
[2022-04-07 23:46:44,687] {processor.py:163} INFO - Started process (PID=527) to work on /home/airflow/.local/lib/python3.7/site-packages/airflow/example_dags/example_task_group_decorator.py
[2022-04-07 23:46:44,689] {processor.py:642} INFO - Processing file /home/airflow/.local/lib/python3.7/site-packages/airflow/example_dags/example_task_group_decorator.py for tasks to queue
[2022-04-07 23:46:44,690] {logging_mixin.py:109} INFO - [2022-04-07 23:46:44,690] {dagbag.py:500} INFO - Filling up the DagBag from /home/airflow/.local/lib/python3.7/site-packages/airflow/example_dags/example_task_group_decorator.py
[2022-04-07 23:46:44,750] {processor.py:654} INFO - DAG(s) dict_keys(['example_task_group_decorator']) retrieved from /home/airflow/.local/lib/python3.7/site-packages/airflow/example_dags/example_task_group_decorator.py
[2022-04-07 23:46:45,199] {logging_mixin.py:109} INFO - [2022-04-07 23:46:45,199] {dag.py:2396} INFO - Sync 1 DAGs
[2022-04-07 23:46:45,220] {logging_mixin.py:109} INFO - [2022-04-07 23:46:45,220] {dag.py:2935} INFO - Setting next_dagrun for example_task_group_decorator to 2022-04-06T23:46:45.220056+00:00
[2022-04-07 23:46:45,235] {processor.py:171} INFO - Processing /home/airflow/.local/lib/python3.7/site-packages/airflow/example_dags/example_task_group_decorator.py took 0.553 seconds
[2022-04-07 23:47:15,280] {processor.py:163} INFO - Started process (PID=588) to work on /home/airflow/.local/lib/python3.7/site-packages/airflow/example_dags/example_task_group_decorator.py
[2022-04-07 23:47:15,282] {processor.py:642} INFO - Processing file /home/airflow/.local/lib/python3.7/site-packages/airflow/example_dags/example_task_group_decorator.py for tasks to queue
[2022-04-07 23:47:15,282] {logging_mixin.py:109} INFO - [2022-04-07 23:47:15,282] {dagbag.py:500} INFO - Filling up the DagBag from /home/airflow/.local/lib/python3.7/site-packages/airflow/example_dags/example_task_group_decorator.py
[2022-04-07 23:47:15,327] {processor.py:654} INFO - DAG(s) dict_keys(['example_task_group_decorator']) retrieved from /home/airflow/.local/lib/python3.7/site-packages/airflow/example_dags/example_task_group_decorator.py
[2022-04-07 23:47:15,643] {logging_mixin.py:109} INFO - [2022-04-07 23:47:15,643] {dag.py:2396} INFO - Sync 1 DAGs
[2022-04-07 23:47:15,656] {logging_mixin.py:109} INFO - [2022-04-07 23:47:15,656] {dag.py:2935} INFO - Setting next_dagrun for example_task_group_decorator to 2022-04-06T23:47:15.656373+00:00
[2022-04-07 23:47:15,667] {processor.py:171} INFO - Processing /home/airflow/.local/lib/python3.7/site-packages/airflow/example_dags/example_task_group_decorator.py took 0.392 seconds
[2022-04-07 23:47:46,070] {processor.py:163} INFO - Started process (PID=640) to work on /home/airflow/.local/lib/python3.7/site-packages/airflow/example_dags/example_task_group_decorator.py
[2022-04-07 23:47:46,072] {processor.py:642} INFO - Processing file /home/airflow/.local/lib/python3.7/site-packages/airflow/example_dags/example_task_group_decorator.py for tasks to queue
[2022-04-07 23:47:46,073] {logging_mixin.py:109} INFO - [2022-04-07 23:47:46,073] {dagbag.py:500} INFO - Filling up the DagBag from /home/airflow/.local/lib/python3.7/site-packages/airflow/example_dags/example_task_group_decorator.py
[2022-04-07 23:47:46,127] {processor.py:654} INFO - DAG(s) dict_keys(['example_task_group_decorator']) retrieved from /home/airflow/.local/lib/python3.7/site-packages/airflow/example_dags/example_task_group_decorator.py
[2022-04-07 23:47:46,545] {logging_mixin.py:109} INFO - [2022-04-07 23:47:46,545] {dag.py:2396} INFO - Sync 1 DAGs
[2022-04-07 23:47:46,559] {logging_mixin.py:109} INFO - [2022-04-07 23:47:46,559] {dag.py:2935} INFO - Setting next_dagrun for example_task_group_decorator to 2022-04-06T23:47:46.558916+00:00
[2022-04-07 23:47:46,571] {processor.py:171} INFO - Processing /home/airflow/.local/lib/python3.7/site-packages/airflow/example_dags/example_task_group_decorator.py took 0.506 seconds
[2022-04-07 23:48:16,936] {processor.py:163} INFO - Started process (PID=701) to work on /home/airflow/.local/lib/python3.7/site-packages/airflow/example_dags/example_task_group_decorator.py
[2022-04-07 23:48:16,938] {processor.py:642} INFO - Processing file /home/airflow/.local/lib/python3.7/site-packages/airflow/example_dags/example_task_group_decorator.py for tasks to queue
[2022-04-07 23:48:16,938] {logging_mixin.py:109} INFO - [2022-04-07 23:48:16,938] {dagbag.py:500} INFO - Filling up the DagBag from /home/airflow/.local/lib/python3.7/site-packages/airflow/example_dags/example_task_group_decorator.py
[2022-04-07 23:48:16,982] {processor.py:654} INFO - DAG(s) dict_keys(['example_task_group_decorator']) retrieved from /home/airflow/.local/lib/python3.7/site-packages/airflow/example_dags/example_task_group_decorator.py
[2022-04-07 23:48:17,304] {logging_mixin.py:109} INFO - [2022-04-07 23:48:17,303] {dag.py:2396} INFO - Sync 1 DAGs
[2022-04-07 23:48:17,317] {logging_mixin.py:109} INFO - [2022-04-07 23:48:17,317] {dag.py:2935} INFO - Setting next_dagrun for example_task_group_decorator to 2022-04-06T23:48:17.316821+00:00
[2022-04-07 23:48:17,328] {processor.py:171} INFO - Processing /home/airflow/.local/lib/python3.7/site-packages/airflow/example_dags/example_task_group_decorator.py took 0.397 seconds
[2022-04-07 23:48:47,592] {processor.py:163} INFO - Started process (PID=757) to work on /home/airflow/.local/lib/python3.7/site-packages/airflow/example_dags/example_task_group_decorator.py
[2022-04-07 23:48:47,593] {processor.py:642} INFO - Processing file /home/airflow/.local/lib/python3.7/site-packages/airflow/example_dags/example_task_group_decorator.py for tasks to queue
[2022-04-07 23:48:47,594] {logging_mixin.py:109} INFO - [2022-04-07 23:48:47,594] {dagbag.py:500} INFO - Filling up the DagBag from /home/airflow/.local/lib/python3.7/site-packages/airflow/example_dags/example_task_group_decorator.py
[2022-04-07 23:48:47,656] {processor.py:654} INFO - DAG(s) dict_keys(['example_task_group_decorator']) retrieved from /home/airflow/.local/lib/python3.7/site-packages/airflow/example_dags/example_task_group_decorator.py
[2022-04-07 23:48:48,107] {logging_mixin.py:109} INFO - [2022-04-07 23:48:48,107] {dag.py:2396} INFO - Sync 1 DAGs
[2022-04-07 23:48:48,123] {logging_mixin.py:109} INFO - [2022-04-07 23:48:48,123] {dag.py:2935} INFO - Setting next_dagrun for example_task_group_decorator to 2022-04-06T23:48:48.123110+00:00
[2022-04-07 23:48:48,136] {processor.py:171} INFO - Processing /home/airflow/.local/lib/python3.7/site-packages/airflow/example_dags/example_task_group_decorator.py took 0.550 seconds
[2022-04-07 23:49:19,040] {processor.py:163} INFO - Started process (PID=819) to work on /home/airflow/.local/lib/python3.7/site-packages/airflow/example_dags/example_task_group_decorator.py
[2022-04-07 23:49:19,043] {processor.py:642} INFO - Processing file /home/airflow/.local/lib/python3.7/site-packages/airflow/example_dags/example_task_group_decorator.py for tasks to queue
[2022-04-07 23:49:19,044] {logging_mixin.py:109} INFO - [2022-04-07 23:49:19,043] {dagbag.py:500} INFO - Filling up the DagBag from /home/airflow/.local/lib/python3.7/site-packages/airflow/example_dags/example_task_group_decorator.py
[2022-04-07 23:49:19,097] {processor.py:654} INFO - DAG(s) dict_keys(['example_task_group_decorator']) retrieved from /home/airflow/.local/lib/python3.7/site-packages/airflow/example_dags/example_task_group_decorator.py
[2022-04-07 23:49:19,405] {logging_mixin.py:109} INFO - [2022-04-07 23:49:19,405] {dag.py:2396} INFO - Sync 1 DAGs
[2022-04-07 23:49:19,419] {logging_mixin.py:109} INFO - [2022-04-07 23:49:19,419] {dag.py:2935} INFO - Setting next_dagrun for example_task_group_decorator to 2022-04-06T23:49:19.418782+00:00
[2022-04-07 23:49:19,429] {processor.py:171} INFO - Processing /home/airflow/.local/lib/python3.7/site-packages/airflow/example_dags/example_task_group_decorator.py took 0.395 seconds
[2022-04-07 23:49:50,332] {processor.py:163} INFO - Started process (PID=870) to work on /home/airflow/.local/lib/python3.7/site-packages/airflow/example_dags/example_task_group_decorator.py
[2022-04-07 23:49:50,334] {processor.py:642} INFO - Processing file /home/airflow/.local/lib/python3.7/site-packages/airflow/example_dags/example_task_group_decorator.py for tasks to queue
[2022-04-07 23:49:50,335] {logging_mixin.py:109} INFO - [2022-04-07 23:49:50,334] {dagbag.py:500} INFO - Filling up the DagBag from /home/airflow/.local/lib/python3.7/site-packages/airflow/example_dags/example_task_group_decorator.py
[2022-04-07 23:49:50,377] {processor.py:654} INFO - DAG(s) dict_keys(['example_task_group_decorator']) retrieved from /home/airflow/.local/lib/python3.7/site-packages/airflow/example_dags/example_task_group_decorator.py
[2022-04-07 23:49:50,678] {logging_mixin.py:109} INFO - [2022-04-07 23:49:50,678] {dag.py:2396} INFO - Sync 1 DAGs
[2022-04-07 23:49:50,691] {logging_mixin.py:109} INFO - [2022-04-07 23:49:50,691] {dag.py:2935} INFO - Setting next_dagrun for example_task_group_decorator to 2022-04-06T23:49:50.691482+00:00
[2022-04-07 23:49:50,704] {processor.py:171} INFO - Processing /home/airflow/.local/lib/python3.7/site-packages/airflow/example_dags/example_task_group_decorator.py took 0.376 seconds
[2022-04-07 23:50:20,867] {processor.py:163} INFO - Started process (PID=931) to work on /home/airflow/.local/lib/python3.7/site-packages/airflow/example_dags/example_task_group_decorator.py
[2022-04-07 23:50:20,869] {processor.py:642} INFO - Processing file /home/airflow/.local/lib/python3.7/site-packages/airflow/example_dags/example_task_group_decorator.py for tasks to queue
[2022-04-07 23:50:20,870] {logging_mixin.py:109} INFO - [2022-04-07 23:50:20,870] {dagbag.py:500} INFO - Filling up the DagBag from /home/airflow/.local/lib/python3.7/site-packages/airflow/example_dags/example_task_group_decorator.py
[2022-04-07 23:50:20,930] {processor.py:654} INFO - DAG(s) dict_keys(['example_task_group_decorator']) retrieved from /home/airflow/.local/lib/python3.7/site-packages/airflow/example_dags/example_task_group_decorator.py
[2022-04-07 23:50:21,244] {logging_mixin.py:109} INFO - [2022-04-07 23:50:21,244] {dag.py:2396} INFO - Sync 1 DAGs
[2022-04-07 23:50:21,258] {logging_mixin.py:109} INFO - [2022-04-07 23:50:21,258] {dag.py:2935} INFO - Setting next_dagrun for example_task_group_decorator to 2022-04-06T23:50:21.258101+00:00
[2022-04-07 23:50:21,269] {processor.py:171} INFO - Processing /home/airflow/.local/lib/python3.7/site-packages/airflow/example_dags/example_task_group_decorator.py took 0.407 seconds
[2022-04-07 23:50:51,349] {processor.py:163} INFO - Started process (PID=981) to work on /home/airflow/.local/lib/python3.7/site-packages/airflow/example_dags/example_task_group_decorator.py
[2022-04-07 23:50:51,350] {processor.py:642} INFO - Processing file /home/airflow/.local/lib/python3.7/site-packages/airflow/example_dags/example_task_group_decorator.py for tasks to queue
[2022-04-07 23:50:51,351] {logging_mixin.py:109} INFO - [2022-04-07 23:50:51,351] {dagbag.py:500} INFO - Filling up the DagBag from /home/airflow/.local/lib/python3.7/site-packages/airflow/example_dags/example_task_group_decorator.py
[2022-04-07 23:50:51,395] {processor.py:654} INFO - DAG(s) dict_keys(['example_task_group_decorator']) retrieved from /home/airflow/.local/lib/python3.7/site-packages/airflow/example_dags/example_task_group_decorator.py
[2022-04-07 23:50:51,700] {logging_mixin.py:109} INFO - [2022-04-07 23:50:51,700] {dag.py:2396} INFO - Sync 1 DAGs
[2022-04-07 23:50:51,713] {logging_mixin.py:109} INFO - [2022-04-07 23:50:51,713] {dag.py:2935} INFO - Setting next_dagrun for example_task_group_decorator to 2022-04-06T23:50:51.713519+00:00
[2022-04-07 23:50:51,725] {processor.py:171} INFO - Processing /home/airflow/.local/lib/python3.7/site-packages/airflow/example_dags/example_task_group_decorator.py took 0.381 seconds
[2022-04-07 23:51:22,000] {processor.py:163} INFO - Started process (PID=1043) to work on /home/airflow/.local/lib/python3.7/site-packages/airflow/example_dags/example_task_group_decorator.py
[2022-04-07 23:51:22,002] {processor.py:642} INFO - Processing file /home/airflow/.local/lib/python3.7/site-packages/airflow/example_dags/example_task_group_decorator.py for tasks to queue
[2022-04-07 23:51:22,003] {logging_mixin.py:109} INFO - [2022-04-07 23:51:22,003] {dagbag.py:500} INFO - Filling up the DagBag from /home/airflow/.local/lib/python3.7/site-packages/airflow/example_dags/example_task_group_decorator.py
[2022-04-07 23:51:22,048] {processor.py:654} INFO - DAG(s) dict_keys(['example_task_group_decorator']) retrieved from /home/airflow/.local/lib/python3.7/site-packages/airflow/example_dags/example_task_group_decorator.py
[2022-04-07 23:51:22,434] {logging_mixin.py:109} INFO - [2022-04-07 23:51:22,434] {dag.py:2396} INFO - Sync 1 DAGs
[2022-04-07 23:51:22,447] {logging_mixin.py:109} INFO - [2022-04-07 23:51:22,447] {dag.py:2935} INFO - Setting next_dagrun for example_task_group_decorator to 2022-04-06T23:51:22.447058+00:00
[2022-04-07 23:51:22,461] {processor.py:171} INFO - Processing /home/airflow/.local/lib/python3.7/site-packages/airflow/example_dags/example_task_group_decorator.py took 0.465 seconds
[2022-04-07 23:51:53,263] {processor.py:163} INFO - Started process (PID=1098) to work on /home/airflow/.local/lib/python3.7/site-packages/airflow/example_dags/example_task_group_decorator.py
[2022-04-07 23:51:53,265] {processor.py:642} INFO - Processing file /home/airflow/.local/lib/python3.7/site-packages/airflow/example_dags/example_task_group_decorator.py for tasks to queue
[2022-04-07 23:51:53,266] {logging_mixin.py:109} INFO - [2022-04-07 23:51:53,266] {dagbag.py:500} INFO - Filling up the DagBag from /home/airflow/.local/lib/python3.7/site-packages/airflow/example_dags/example_task_group_decorator.py
[2022-04-07 23:51:53,328] {processor.py:654} INFO - DAG(s) dict_keys(['example_task_group_decorator']) retrieved from /home/airflow/.local/lib/python3.7/site-packages/airflow/example_dags/example_task_group_decorator.py
[2022-04-07 23:51:53,773] {logging_mixin.py:109} INFO - [2022-04-07 23:51:53,773] {dag.py:2396} INFO - Sync 1 DAGs
[2022-04-07 23:51:53,795] {logging_mixin.py:109} INFO - [2022-04-07 23:51:53,794] {dag.py:2935} INFO - Setting next_dagrun for example_task_group_decorator to 2022-04-06T23:51:53.794729+00:00
[2022-04-07 23:51:53,807] {processor.py:171} INFO - Processing /home/airflow/.local/lib/python3.7/site-packages/airflow/example_dags/example_task_group_decorator.py took 0.550 seconds
[2022-04-07 23:52:24,452] {processor.py:163} INFO - Started process (PID=1160) to work on /home/airflow/.local/lib/python3.7/site-packages/airflow/example_dags/example_task_group_decorator.py
[2022-04-07 23:52:24,454] {processor.py:642} INFO - Processing file /home/airflow/.local/lib/python3.7/site-packages/airflow/example_dags/example_task_group_decorator.py for tasks to queue
[2022-04-07 23:52:24,455] {logging_mixin.py:109} INFO - [2022-04-07 23:52:24,455] {dagbag.py:500} INFO - Filling up the DagBag from /home/airflow/.local/lib/python3.7/site-packages/airflow/example_dags/example_task_group_decorator.py
[2022-04-07 23:52:24,504] {processor.py:654} INFO - DAG(s) dict_keys(['example_task_group_decorator']) retrieved from /home/airflow/.local/lib/python3.7/site-packages/airflow/example_dags/example_task_group_decorator.py
[2022-04-07 23:52:24,810] {logging_mixin.py:109} INFO - [2022-04-07 23:52:24,810] {dag.py:2396} INFO - Sync 1 DAGs
[2022-04-07 23:52:24,826] {logging_mixin.py:109} INFO - [2022-04-07 23:52:24,825] {dag.py:2935} INFO - Setting next_dagrun for example_task_group_decorator to 2022-04-06T23:52:24.825755+00:00
[2022-04-07 23:52:24,838] {processor.py:171} INFO - Processing /home/airflow/.local/lib/python3.7/site-packages/airflow/example_dags/example_task_group_decorator.py took 0.392 seconds
[2022-04-07 23:52:54,898] {processor.py:163} INFO - Started process (PID=1211) to work on /home/airflow/.local/lib/python3.7/site-packages/airflow/example_dags/example_task_group_decorator.py
[2022-04-07 23:52:54,899] {processor.py:642} INFO - Processing file /home/airflow/.local/lib/python3.7/site-packages/airflow/example_dags/example_task_group_decorator.py for tasks to queue
[2022-04-07 23:52:54,899] {logging_mixin.py:109} INFO - [2022-04-07 23:52:54,899] {dagbag.py:500} INFO - Filling up the DagBag from /home/airflow/.local/lib/python3.7/site-packages/airflow/example_dags/example_task_group_decorator.py
[2022-04-07 23:52:54,943] {processor.py:654} INFO - DAG(s) dict_keys(['example_task_group_decorator']) retrieved from /home/airflow/.local/lib/python3.7/site-packages/airflow/example_dags/example_task_group_decorator.py
[2022-04-07 23:52:55,302] {logging_mixin.py:109} INFO - [2022-04-07 23:52:55,302] {dag.py:2396} INFO - Sync 1 DAGs
[2022-04-07 23:52:55,325] {logging_mixin.py:109} INFO - [2022-04-07 23:52:55,325] {dag.py:2935} INFO - Setting next_dagrun for example_task_group_decorator to 2022-04-06T23:52:55.325204+00:00
[2022-04-07 23:52:55,349] {processor.py:171} INFO - Processing /home/airflow/.local/lib/python3.7/site-packages/airflow/example_dags/example_task_group_decorator.py took 0.455 seconds
[2022-04-07 23:53:26,153] {processor.py:163} INFO - Started process (PID=1271) to work on /home/airflow/.local/lib/python3.7/site-packages/airflow/example_dags/example_task_group_decorator.py
[2022-04-07 23:53:26,155] {processor.py:642} INFO - Processing file /home/airflow/.local/lib/python3.7/site-packages/airflow/example_dags/example_task_group_decorator.py for tasks to queue
[2022-04-07 23:53:26,156] {logging_mixin.py:109} INFO - [2022-04-07 23:53:26,156] {dagbag.py:500} INFO - Filling up the DagBag from /home/airflow/.local/lib/python3.7/site-packages/airflow/example_dags/example_task_group_decorator.py
[2022-04-07 23:53:26,211] {processor.py:654} INFO - DAG(s) dict_keys(['example_task_group_decorator']) retrieved from /home/airflow/.local/lib/python3.7/site-packages/airflow/example_dags/example_task_group_decorator.py
[2022-04-07 23:53:26,550] {logging_mixin.py:109} INFO - [2022-04-07 23:53:26,550] {dag.py:2396} INFO - Sync 1 DAGs
[2022-04-07 23:53:26,568] {logging_mixin.py:109} INFO - [2022-04-07 23:53:26,568] {dag.py:2935} INFO - Setting next_dagrun for example_task_group_decorator to 2022-04-06T23:53:26.567923+00:00
[2022-04-07 23:53:26,578] {processor.py:171} INFO - Processing /home/airflow/.local/lib/python3.7/site-packages/airflow/example_dags/example_task_group_decorator.py took 0.431 seconds
[2022-04-07 23:53:56,921] {processor.py:163} INFO - Started process (PID=1323) to work on /home/airflow/.local/lib/python3.7/site-packages/airflow/example_dags/example_task_group_decorator.py
[2022-04-07 23:53:56,923] {processor.py:642} INFO - Processing file /home/airflow/.local/lib/python3.7/site-packages/airflow/example_dags/example_task_group_decorator.py for tasks to queue
[2022-04-07 23:53:56,923] {logging_mixin.py:109} INFO - [2022-04-07 23:53:56,923] {dagbag.py:500} INFO - Filling up the DagBag from /home/airflow/.local/lib/python3.7/site-packages/airflow/example_dags/example_task_group_decorator.py
[2022-04-07 23:53:56,984] {processor.py:654} INFO - DAG(s) dict_keys(['example_task_group_decorator']) retrieved from /home/airflow/.local/lib/python3.7/site-packages/airflow/example_dags/example_task_group_decorator.py
[2022-04-07 23:53:57,425] {logging_mixin.py:109} INFO - [2022-04-07 23:53:57,425] {dag.py:2396} INFO - Sync 1 DAGs
[2022-04-07 23:53:57,444] {logging_mixin.py:109} INFO - [2022-04-07 23:53:57,444] {dag.py:2935} INFO - Setting next_dagrun for example_task_group_decorator to 2022-04-06T23:53:57.443685+00:00
[2022-04-07 23:53:57,457] {processor.py:171} INFO - Processing /home/airflow/.local/lib/python3.7/site-packages/airflow/example_dags/example_task_group_decorator.py took 0.540 seconds
[2022-04-07 23:54:27,949] {processor.py:163} INFO - Started process (PID=1384) to work on /home/airflow/.local/lib/python3.7/site-packages/airflow/example_dags/example_task_group_decorator.py
[2022-04-07 23:54:27,951] {processor.py:642} INFO - Processing file /home/airflow/.local/lib/python3.7/site-packages/airflow/example_dags/example_task_group_decorator.py for tasks to queue
[2022-04-07 23:54:27,952] {logging_mixin.py:109} INFO - [2022-04-07 23:54:27,952] {dagbag.py:500} INFO - Filling up the DagBag from /home/airflow/.local/lib/python3.7/site-packages/airflow/example_dags/example_task_group_decorator.py
[2022-04-07 23:54:28,011] {processor.py:654} INFO - DAG(s) dict_keys(['example_task_group_decorator']) retrieved from /home/airflow/.local/lib/python3.7/site-packages/airflow/example_dags/example_task_group_decorator.py
[2022-04-07 23:54:28,323] {logging_mixin.py:109} INFO - [2022-04-07 23:54:28,322] {dag.py:2396} INFO - Sync 1 DAGs
[2022-04-07 23:54:28,337] {logging_mixin.py:109} INFO - [2022-04-07 23:54:28,337] {dag.py:2935} INFO - Setting next_dagrun for example_task_group_decorator to 2022-04-06T23:54:28.336768+00:00
[2022-04-07 23:54:28,348] {processor.py:171} INFO - Processing /home/airflow/.local/lib/python3.7/site-packages/airflow/example_dags/example_task_group_decorator.py took 0.403 seconds
[2022-04-07 23:54:58,395] {processor.py:163} INFO - Started process (PID=1446) to work on /home/airflow/.local/lib/python3.7/site-packages/airflow/example_dags/example_task_group_decorator.py
[2022-04-07 23:54:58,396] {processor.py:642} INFO - Processing file /home/airflow/.local/lib/python3.7/site-packages/airflow/example_dags/example_task_group_decorator.py for tasks to queue
[2022-04-07 23:54:58,397] {logging_mixin.py:109} INFO - [2022-04-07 23:54:58,397] {dagbag.py:500} INFO - Filling up the DagBag from /home/airflow/.local/lib/python3.7/site-packages/airflow/example_dags/example_task_group_decorator.py
[2022-04-07 23:54:58,442] {processor.py:654} INFO - DAG(s) dict_keys(['example_task_group_decorator']) retrieved from /home/airflow/.local/lib/python3.7/site-packages/airflow/example_dags/example_task_group_decorator.py
[2022-04-07 23:54:58,891] {logging_mixin.py:109} INFO - [2022-04-07 23:54:58,891] {dag.py:2396} INFO - Sync 1 DAGs
[2022-04-07 23:54:58,904] {logging_mixin.py:109} INFO - [2022-04-07 23:54:58,904] {dag.py:2935} INFO - Setting next_dagrun for example_task_group_decorator to 2022-04-06T23:54:58.904241+00:00
[2022-04-07 23:54:58,914] {processor.py:171} INFO - Processing /home/airflow/.local/lib/python3.7/site-packages/airflow/example_dags/example_task_group_decorator.py took 0.525 seconds
[2022-04-07 23:55:29,592] {processor.py:163} INFO - Started process (PID=1499) to work on /home/airflow/.local/lib/python3.7/site-packages/airflow/example_dags/example_task_group_decorator.py
[2022-04-07 23:55:29,595] {processor.py:642} INFO - Processing file /home/airflow/.local/lib/python3.7/site-packages/airflow/example_dags/example_task_group_decorator.py for tasks to queue
[2022-04-07 23:55:29,596] {logging_mixin.py:109} INFO - [2022-04-07 23:55:29,596] {dagbag.py:500} INFO - Filling up the DagBag from /home/airflow/.local/lib/python3.7/site-packages/airflow/example_dags/example_task_group_decorator.py
[2022-04-07 23:55:29,670] {processor.py:654} INFO - DAG(s) dict_keys(['example_task_group_decorator']) retrieved from /home/airflow/.local/lib/python3.7/site-packages/airflow/example_dags/example_task_group_decorator.py
[2022-04-07 23:55:30,146] {logging_mixin.py:109} INFO - [2022-04-07 23:55:30,146] {dag.py:2396} INFO - Sync 1 DAGs
[2022-04-07 23:55:30,165] {logging_mixin.py:109} INFO - [2022-04-07 23:55:30,165] {dag.py:2935} INFO - Setting next_dagrun for example_task_group_decorator to 2022-04-06T23:55:30.164798+00:00
[2022-04-07 23:55:30,178] {processor.py:171} INFO - Processing /home/airflow/.local/lib/python3.7/site-packages/airflow/example_dags/example_task_group_decorator.py took 0.603 seconds
[2022-04-07 23:56:00,425] {processor.py:163} INFO - Started process (PID=1559) to work on /home/airflow/.local/lib/python3.7/site-packages/airflow/example_dags/example_task_group_decorator.py
[2022-04-07 23:56:00,427] {processor.py:642} INFO - Processing file /home/airflow/.local/lib/python3.7/site-packages/airflow/example_dags/example_task_group_decorator.py for tasks to queue
[2022-04-07 23:56:00,428] {logging_mixin.py:109} INFO - [2022-04-07 23:56:00,428] {dagbag.py:500} INFO - Filling up the DagBag from /home/airflow/.local/lib/python3.7/site-packages/airflow/example_dags/example_task_group_decorator.py
[2022-04-07 23:56:00,473] {processor.py:654} INFO - DAG(s) dict_keys(['example_task_group_decorator']) retrieved from /home/airflow/.local/lib/python3.7/site-packages/airflow/example_dags/example_task_group_decorator.py
[2022-04-07 23:56:00,919] {logging_mixin.py:109} INFO - [2022-04-07 23:56:00,919] {dag.py:2396} INFO - Sync 1 DAGs
[2022-04-07 23:56:00,938] {logging_mixin.py:109} INFO - [2022-04-07 23:56:00,938] {dag.py:2935} INFO - Setting next_dagrun for example_task_group_decorator to 2022-04-06T23:56:00.938496+00:00
[2022-04-07 23:56:00,954] {processor.py:171} INFO - Processing /home/airflow/.local/lib/python3.7/site-packages/airflow/example_dags/example_task_group_decorator.py took 0.534 seconds
[2022-04-07 23:56:31,074] {processor.py:163} INFO - Started process (PID=1611) to work on /home/airflow/.local/lib/python3.7/site-packages/airflow/example_dags/example_task_group_decorator.py
[2022-04-07 23:56:31,076] {processor.py:642} INFO - Processing file /home/airflow/.local/lib/python3.7/site-packages/airflow/example_dags/example_task_group_decorator.py for tasks to queue
[2022-04-07 23:56:31,076] {logging_mixin.py:109} INFO - [2022-04-07 23:56:31,076] {dagbag.py:500} INFO - Filling up the DagBag from /home/airflow/.local/lib/python3.7/site-packages/airflow/example_dags/example_task_group_decorator.py
[2022-04-07 23:56:31,135] {processor.py:654} INFO - DAG(s) dict_keys(['example_task_group_decorator']) retrieved from /home/airflow/.local/lib/python3.7/site-packages/airflow/example_dags/example_task_group_decorator.py
[2022-04-07 23:56:31,517] {logging_mixin.py:109} INFO - [2022-04-07 23:56:31,517] {dag.py:2396} INFO - Sync 1 DAGs
[2022-04-07 23:56:31,537] {logging_mixin.py:109} INFO - [2022-04-07 23:56:31,537] {dag.py:2935} INFO - Setting next_dagrun for example_task_group_decorator to 2022-04-06T23:56:31.536810+00:00
[2022-04-07 23:56:31,550] {processor.py:171} INFO - Processing /home/airflow/.local/lib/python3.7/site-packages/airflow/example_dags/example_task_group_decorator.py took 0.480 seconds
[2022-04-07 23:57:01,910] {processor.py:163} INFO - Started process (PID=1674) to work on /home/airflow/.local/lib/python3.7/site-packages/airflow/example_dags/example_task_group_decorator.py
[2022-04-07 23:57:01,912] {processor.py:642} INFO - Processing file /home/airflow/.local/lib/python3.7/site-packages/airflow/example_dags/example_task_group_decorator.py for tasks to queue
[2022-04-07 23:57:01,913] {logging_mixin.py:109} INFO - [2022-04-07 23:57:01,913] {dagbag.py:500} INFO - Filling up the DagBag from /home/airflow/.local/lib/python3.7/site-packages/airflow/example_dags/example_task_group_decorator.py
[2022-04-07 23:57:01,974] {processor.py:654} INFO - DAG(s) dict_keys(['example_task_group_decorator']) retrieved from /home/airflow/.local/lib/python3.7/site-packages/airflow/example_dags/example_task_group_decorator.py
[2022-04-07 23:57:02,420] {logging_mixin.py:109} INFO - [2022-04-07 23:57:02,420] {dag.py:2396} INFO - Sync 1 DAGs
[2022-04-07 23:57:02,439] {logging_mixin.py:109} INFO - [2022-04-07 23:57:02,439] {dag.py:2935} INFO - Setting next_dagrun for example_task_group_decorator to 2022-04-06T23:57:02.439469+00:00
[2022-04-07 23:57:02,453] {processor.py:171} INFO - Processing /home/airflow/.local/lib/python3.7/site-packages/airflow/example_dags/example_task_group_decorator.py took 0.548 seconds
[2022-04-07 23:57:33,348] {processor.py:163} INFO - Started process (PID=1727) to work on /home/airflow/.local/lib/python3.7/site-packages/airflow/example_dags/example_task_group_decorator.py
[2022-04-07 23:57:33,349] {processor.py:642} INFO - Processing file /home/airflow/.local/lib/python3.7/site-packages/airflow/example_dags/example_task_group_decorator.py for tasks to queue
[2022-04-07 23:57:33,350] {logging_mixin.py:109} INFO - [2022-04-07 23:57:33,350] {dagbag.py:500} INFO - Filling up the DagBag from /home/airflow/.local/lib/python3.7/site-packages/airflow/example_dags/example_task_group_decorator.py
[2022-04-07 23:57:33,411] {processor.py:654} INFO - DAG(s) dict_keys(['example_task_group_decorator']) retrieved from /home/airflow/.local/lib/python3.7/site-packages/airflow/example_dags/example_task_group_decorator.py
[2022-04-07 23:57:33,823] {logging_mixin.py:109} INFO - [2022-04-07 23:57:33,823] {dag.py:2396} INFO - Sync 1 DAGs
[2022-04-07 23:57:33,845] {logging_mixin.py:109} INFO - [2022-04-07 23:57:33,845] {dag.py:2935} INFO - Setting next_dagrun for example_task_group_decorator to 2022-04-06T23:57:33.845438+00:00
[2022-04-07 23:57:33,860] {processor.py:171} INFO - Processing /home/airflow/.local/lib/python3.7/site-packages/airflow/example_dags/example_task_group_decorator.py took 0.518 seconds
[2022-04-07 23:58:04,378] {processor.py:163} INFO - Started process (PID=1788) to work on /home/airflow/.local/lib/python3.7/site-packages/airflow/example_dags/example_task_group_decorator.py
[2022-04-07 23:58:04,380] {processor.py:642} INFO - Processing file /home/airflow/.local/lib/python3.7/site-packages/airflow/example_dags/example_task_group_decorator.py for tasks to queue
[2022-04-07 23:58:04,381] {logging_mixin.py:109} INFO - [2022-04-07 23:58:04,381] {dagbag.py:500} INFO - Filling up the DagBag from /home/airflow/.local/lib/python3.7/site-packages/airflow/example_dags/example_task_group_decorator.py
[2022-04-07 23:58:04,425] {processor.py:654} INFO - DAG(s) dict_keys(['example_task_group_decorator']) retrieved from /home/airflow/.local/lib/python3.7/site-packages/airflow/example_dags/example_task_group_decorator.py
[2022-04-07 23:58:04,798] {logging_mixin.py:109} INFO - [2022-04-07 23:58:04,798] {dag.py:2396} INFO - Sync 1 DAGs
[2022-04-07 23:58:04,811] {logging_mixin.py:109} INFO - [2022-04-07 23:58:04,811] {dag.py:2935} INFO - Setting next_dagrun for example_task_group_decorator to 2022-04-06T23:58:04.811576+00:00
[2022-04-07 23:58:04,822] {processor.py:171} INFO - Processing /home/airflow/.local/lib/python3.7/site-packages/airflow/example_dags/example_task_group_decorator.py took 0.449 seconds
[2022-04-07 23:58:35,061] {processor.py:163} INFO - Started process (PID=1843) to work on /home/airflow/.local/lib/python3.7/site-packages/airflow/example_dags/example_task_group_decorator.py
[2022-04-07 23:58:35,062] {processor.py:642} INFO - Processing file /home/airflow/.local/lib/python3.7/site-packages/airflow/example_dags/example_task_group_decorator.py for tasks to queue
[2022-04-07 23:58:35,063] {logging_mixin.py:109} INFO - [2022-04-07 23:58:35,063] {dagbag.py:500} INFO - Filling up the DagBag from /home/airflow/.local/lib/python3.7/site-packages/airflow/example_dags/example_task_group_decorator.py
[2022-04-07 23:58:35,122] {processor.py:654} INFO - DAG(s) dict_keys(['example_task_group_decorator']) retrieved from /home/airflow/.local/lib/python3.7/site-packages/airflow/example_dags/example_task_group_decorator.py
[2022-04-07 23:58:35,482] {logging_mixin.py:109} INFO - [2022-04-07 23:58:35,482] {dag.py:2396} INFO - Sync 1 DAGs
[2022-04-07 23:58:35,496] {logging_mixin.py:109} INFO - [2022-04-07 23:58:35,496] {dag.py:2935} INFO - Setting next_dagrun for example_task_group_decorator to 2022-04-06T23:58:35.495903+00:00
[2022-04-07 23:58:35,506] {processor.py:171} INFO - Processing /home/airflow/.local/lib/python3.7/site-packages/airflow/example_dags/example_task_group_decorator.py took 0.451 seconds
[2022-04-07 23:59:05,545] {processor.py:163} INFO - Started process (PID=1905) to work on /home/airflow/.local/lib/python3.7/site-packages/airflow/example_dags/example_task_group_decorator.py
[2022-04-07 23:59:05,554] {processor.py:642} INFO - Processing file /home/airflow/.local/lib/python3.7/site-packages/airflow/example_dags/example_task_group_decorator.py for tasks to queue
[2022-04-07 23:59:05,556] {logging_mixin.py:109} INFO - [2022-04-07 23:59:05,555] {dagbag.py:500} INFO - Filling up the DagBag from /home/airflow/.local/lib/python3.7/site-packages/airflow/example_dags/example_task_group_decorator.py
[2022-04-07 23:59:05,629] {processor.py:654} INFO - DAG(s) dict_keys(['example_task_group_decorator']) retrieved from /home/airflow/.local/lib/python3.7/site-packages/airflow/example_dags/example_task_group_decorator.py
[2022-04-07 23:59:06,074] {logging_mixin.py:109} INFO - [2022-04-07 23:59:06,074] {dag.py:2396} INFO - Sync 1 DAGs
[2022-04-07 23:59:06,093] {logging_mixin.py:109} INFO - [2022-04-07 23:59:06,092] {dag.py:2935} INFO - Setting next_dagrun for example_task_group_decorator to 2022-04-06T23:59:06.092634+00:00
[2022-04-07 23:59:06,106] {processor.py:171} INFO - Processing /home/airflow/.local/lib/python3.7/site-packages/airflow/example_dags/example_task_group_decorator.py took 0.567 seconds
[2022-04-07 23:59:37,016] {processor.py:163} INFO - Started process (PID=1955) to work on /home/airflow/.local/lib/python3.7/site-packages/airflow/example_dags/example_task_group_decorator.py
[2022-04-07 23:59:37,018] {processor.py:642} INFO - Processing file /home/airflow/.local/lib/python3.7/site-packages/airflow/example_dags/example_task_group_decorator.py for tasks to queue
[2022-04-07 23:59:37,019] {logging_mixin.py:109} INFO - [2022-04-07 23:59:37,019] {dagbag.py:500} INFO - Filling up the DagBag from /home/airflow/.local/lib/python3.7/site-packages/airflow/example_dags/example_task_group_decorator.py
[2022-04-07 23:59:37,062] {processor.py:654} INFO - DAG(s) dict_keys(['example_task_group_decorator']) retrieved from /home/airflow/.local/lib/python3.7/site-packages/airflow/example_dags/example_task_group_decorator.py
[2022-04-07 23:59:37,381] {logging_mixin.py:109} INFO - [2022-04-07 23:59:37,381] {dag.py:2396} INFO - Sync 1 DAGs
[2022-04-07 23:59:37,399] {logging_mixin.py:109} INFO - [2022-04-07 23:59:37,399] {dag.py:2935} INFO - Setting next_dagrun for example_task_group_decorator to 2022-04-06T23:59:37.399159+00:00
[2022-04-07 23:59:37,412] {processor.py:171} INFO - Processing /home/airflow/.local/lib/python3.7/site-packages/airflow/example_dags/example_task_group_decorator.py took 0.400 seconds
