[2022-04-07 23:43:31,664] {processor.py:163} INFO - Started process (PID=96) to work on /home/airflow/.local/lib/python3.7/site-packages/airflow/example_dags/example_skip_dag.py
[2022-04-07 23:43:31,665] {processor.py:642} INFO - Processing file /home/airflow/.local/lib/python3.7/site-packages/airflow/example_dags/example_skip_dag.py for tasks to queue
[2022-04-07 23:43:31,666] {logging_mixin.py:109} INFO - [2022-04-07 23:43:31,666] {dagbag.py:500} INFO - Filling up the DagBag from /home/airflow/.local/lib/python3.7/site-packages/airflow/example_dags/example_skip_dag.py
[2022-04-07 23:43:31,705] {processor.py:654} INFO - DAG(s) dict_keys(['example_skip_dag']) retrieved from /home/airflow/.local/lib/python3.7/site-packages/airflow/example_dags/example_skip_dag.py
[2022-04-07 23:43:33,951] {logging_mixin.py:109} INFO - [2022-04-07 23:43:33,951] {manager.py:496} INFO - Created Permission View: can read on DAG:example_skip_dag
[2022-04-07 23:43:33,958] {logging_mixin.py:109} INFO - [2022-04-07 23:43:33,958] {manager.py:496} INFO - Created Permission View: can edit on DAG:example_skip_dag
[2022-04-07 23:43:33,959] {logging_mixin.py:109} INFO - [2022-04-07 23:43:33,959] {dag.py:2396} INFO - Sync 1 DAGs
[2022-04-07 23:43:33,965] {logging_mixin.py:109} INFO - [2022-04-07 23:43:33,965] {dag.py:2415} INFO - Creating ORM DAG for example_skip_dag
[2022-04-07 23:43:33,972] {logging_mixin.py:109} INFO - [2022-04-07 23:43:33,972] {dag.py:2935} INFO - Setting next_dagrun for example_skip_dag to 2022-04-06T23:43:33.972278+00:00
[2022-04-07 23:43:33,982] {processor.py:171} INFO - Processing /home/airflow/.local/lib/python3.7/site-packages/airflow/example_dags/example_skip_dag.py took 2.324 seconds
[2022-04-07 23:44:04,087] {processor.py:163} INFO - Started process (PID=234) to work on /home/airflow/.local/lib/python3.7/site-packages/airflow/example_dags/example_skip_dag.py
[2022-04-07 23:44:04,088] {processor.py:642} INFO - Processing file /home/airflow/.local/lib/python3.7/site-packages/airflow/example_dags/example_skip_dag.py for tasks to queue
[2022-04-07 23:44:04,089] {logging_mixin.py:109} INFO - [2022-04-07 23:44:04,089] {dagbag.py:500} INFO - Filling up the DagBag from /home/airflow/.local/lib/python3.7/site-packages/airflow/example_dags/example_skip_dag.py
[2022-04-07 23:44:04,119] {processor.py:654} INFO - DAG(s) dict_keys(['example_skip_dag']) retrieved from /home/airflow/.local/lib/python3.7/site-packages/airflow/example_dags/example_skip_dag.py
[2022-04-07 23:44:04,129] {logging_mixin.py:109} INFO - [2022-04-07 23:44:04,129] {dag.py:2396} INFO - Sync 1 DAGs
[2022-04-07 23:44:04,145] {logging_mixin.py:109} INFO - [2022-04-07 23:44:04,145] {dag.py:2935} INFO - Setting next_dagrun for example_skip_dag to 2022-04-06T23:44:04.145012+00:00
[2022-04-07 23:44:04,154] {processor.py:171} INFO - Processing /home/airflow/.local/lib/python3.7/site-packages/airflow/example_dags/example_skip_dag.py took 0.071 seconds
[2022-04-07 23:44:34,205] {processor.py:163} INFO - Started process (PID=286) to work on /home/airflow/.local/lib/python3.7/site-packages/airflow/example_dags/example_skip_dag.py
[2022-04-07 23:44:34,206] {processor.py:642} INFO - Processing file /home/airflow/.local/lib/python3.7/site-packages/airflow/example_dags/example_skip_dag.py for tasks to queue
[2022-04-07 23:44:34,207] {logging_mixin.py:109} INFO - [2022-04-07 23:44:34,207] {dagbag.py:500} INFO - Filling up the DagBag from /home/airflow/.local/lib/python3.7/site-packages/airflow/example_dags/example_skip_dag.py
[2022-04-07 23:44:34,237] {processor.py:654} INFO - DAG(s) dict_keys(['example_skip_dag']) retrieved from /home/airflow/.local/lib/python3.7/site-packages/airflow/example_dags/example_skip_dag.py
[2022-04-07 23:44:34,248] {logging_mixin.py:109} INFO - [2022-04-07 23:44:34,248] {dag.py:2396} INFO - Sync 1 DAGs
[2022-04-07 23:44:34,264] {logging_mixin.py:109} INFO - [2022-04-07 23:44:34,264] {dag.py:2935} INFO - Setting next_dagrun for example_skip_dag to 2022-04-06T23:44:34.264142+00:00
[2022-04-07 23:44:34,274] {processor.py:171} INFO - Processing /home/airflow/.local/lib/python3.7/site-packages/airflow/example_dags/example_skip_dag.py took 0.074 seconds
[2022-04-07 23:45:04,436] {processor.py:163} INFO - Started process (PID=346) to work on /home/airflow/.local/lib/python3.7/site-packages/airflow/example_dags/example_skip_dag.py
[2022-04-07 23:45:04,438] {processor.py:642} INFO - Processing file /home/airflow/.local/lib/python3.7/site-packages/airflow/example_dags/example_skip_dag.py for tasks to queue
[2022-04-07 23:45:04,439] {logging_mixin.py:109} INFO - [2022-04-07 23:45:04,439] {dagbag.py:500} INFO - Filling up the DagBag from /home/airflow/.local/lib/python3.7/site-packages/airflow/example_dags/example_skip_dag.py
[2022-04-07 23:45:04,469] {processor.py:654} INFO - DAG(s) dict_keys(['example_skip_dag']) retrieved from /home/airflow/.local/lib/python3.7/site-packages/airflow/example_dags/example_skip_dag.py
[2022-04-07 23:45:04,480] {logging_mixin.py:109} INFO - [2022-04-07 23:45:04,480] {dag.py:2396} INFO - Sync 1 DAGs
[2022-04-07 23:45:04,497] {logging_mixin.py:109} INFO - [2022-04-07 23:45:04,497] {dag.py:2935} INFO - Setting next_dagrun for example_skip_dag to 2022-04-06T23:45:04.496765+00:00
[2022-04-07 23:45:04,505] {processor.py:171} INFO - Processing /home/airflow/.local/lib/python3.7/site-packages/airflow/example_dags/example_skip_dag.py took 0.074 seconds
[2022-04-07 23:45:34,798] {processor.py:163} INFO - Started process (PID=397) to work on /home/airflow/.local/lib/python3.7/site-packages/airflow/example_dags/example_skip_dag.py
[2022-04-07 23:45:34,800] {processor.py:642} INFO - Processing file /home/airflow/.local/lib/python3.7/site-packages/airflow/example_dags/example_skip_dag.py for tasks to queue
[2022-04-07 23:45:34,800] {logging_mixin.py:109} INFO - [2022-04-07 23:45:34,800] {dagbag.py:500} INFO - Filling up the DagBag from /home/airflow/.local/lib/python3.7/site-packages/airflow/example_dags/example_skip_dag.py
[2022-04-07 23:45:34,831] {processor.py:654} INFO - DAG(s) dict_keys(['example_skip_dag']) retrieved from /home/airflow/.local/lib/python3.7/site-packages/airflow/example_dags/example_skip_dag.py
[2022-04-07 23:45:34,842] {logging_mixin.py:109} INFO - [2022-04-07 23:45:34,842] {dag.py:2396} INFO - Sync 1 DAGs
[2022-04-07 23:45:34,858] {logging_mixin.py:109} INFO - [2022-04-07 23:45:34,858] {dag.py:2935} INFO - Setting next_dagrun for example_skip_dag to 2022-04-06T23:45:34.857970+00:00
[2022-04-07 23:45:34,868] {processor.py:171} INFO - Processing /home/airflow/.local/lib/python3.7/site-packages/airflow/example_dags/example_skip_dag.py took 0.074 seconds
[2022-04-07 23:46:05,091] {processor.py:163} INFO - Started process (PID=457) to work on /home/airflow/.local/lib/python3.7/site-packages/airflow/example_dags/example_skip_dag.py
[2022-04-07 23:46:05,093] {processor.py:642} INFO - Processing file /home/airflow/.local/lib/python3.7/site-packages/airflow/example_dags/example_skip_dag.py for tasks to queue
[2022-04-07 23:46:05,094] {logging_mixin.py:109} INFO - [2022-04-07 23:46:05,094] {dagbag.py:500} INFO - Filling up the DagBag from /home/airflow/.local/lib/python3.7/site-packages/airflow/example_dags/example_skip_dag.py
[2022-04-07 23:46:05,134] {processor.py:654} INFO - DAG(s) dict_keys(['example_skip_dag']) retrieved from /home/airflow/.local/lib/python3.7/site-packages/airflow/example_dags/example_skip_dag.py
[2022-04-07 23:46:05,146] {logging_mixin.py:109} INFO - [2022-04-07 23:46:05,146] {dag.py:2396} INFO - Sync 1 DAGs
[2022-04-07 23:46:05,166] {logging_mixin.py:109} INFO - [2022-04-07 23:46:05,166] {dag.py:2935} INFO - Setting next_dagrun for example_skip_dag to 2022-04-06T23:46:05.166037+00:00
[2022-04-07 23:46:05,178] {processor.py:171} INFO - Processing /home/airflow/.local/lib/python3.7/site-packages/airflow/example_dags/example_skip_dag.py took 0.092 seconds
[2022-04-07 23:46:35,298] {processor.py:163} INFO - Started process (PID=509) to work on /home/airflow/.local/lib/python3.7/site-packages/airflow/example_dags/example_skip_dag.py
[2022-04-07 23:46:35,300] {processor.py:642} INFO - Processing file /home/airflow/.local/lib/python3.7/site-packages/airflow/example_dags/example_skip_dag.py for tasks to queue
[2022-04-07 23:46:35,300] {logging_mixin.py:109} INFO - [2022-04-07 23:46:35,300] {dagbag.py:500} INFO - Filling up the DagBag from /home/airflow/.local/lib/python3.7/site-packages/airflow/example_dags/example_skip_dag.py
[2022-04-07 23:46:35,334] {processor.py:654} INFO - DAG(s) dict_keys(['example_skip_dag']) retrieved from /home/airflow/.local/lib/python3.7/site-packages/airflow/example_dags/example_skip_dag.py
[2022-04-07 23:46:35,349] {logging_mixin.py:109} INFO - [2022-04-07 23:46:35,349] {dag.py:2396} INFO - Sync 1 DAGs
[2022-04-07 23:46:35,372] {logging_mixin.py:109} INFO - [2022-04-07 23:46:35,372] {dag.py:2935} INFO - Setting next_dagrun for example_skip_dag to 2022-04-06T23:46:35.371975+00:00
[2022-04-07 23:46:35,382] {processor.py:171} INFO - Processing /home/airflow/.local/lib/python3.7/site-packages/airflow/example_dags/example_skip_dag.py took 0.088 seconds
[2022-04-07 23:47:05,516] {processor.py:163} INFO - Started process (PID=572) to work on /home/airflow/.local/lib/python3.7/site-packages/airflow/example_dags/example_skip_dag.py
[2022-04-07 23:47:05,518] {processor.py:642} INFO - Processing file /home/airflow/.local/lib/python3.7/site-packages/airflow/example_dags/example_skip_dag.py for tasks to queue
[2022-04-07 23:47:05,518] {logging_mixin.py:109} INFO - [2022-04-07 23:47:05,518] {dagbag.py:500} INFO - Filling up the DagBag from /home/airflow/.local/lib/python3.7/site-packages/airflow/example_dags/example_skip_dag.py
[2022-04-07 23:47:05,549] {processor.py:654} INFO - DAG(s) dict_keys(['example_skip_dag']) retrieved from /home/airflow/.local/lib/python3.7/site-packages/airflow/example_dags/example_skip_dag.py
[2022-04-07 23:47:05,560] {logging_mixin.py:109} INFO - [2022-04-07 23:47:05,559] {dag.py:2396} INFO - Sync 1 DAGs
[2022-04-07 23:47:05,576] {logging_mixin.py:109} INFO - [2022-04-07 23:47:05,576] {dag.py:2935} INFO - Setting next_dagrun for example_skip_dag to 2022-04-06T23:47:05.575902+00:00
[2022-04-07 23:47:05,590] {processor.py:171} INFO - Processing /home/airflow/.local/lib/python3.7/site-packages/airflow/example_dags/example_skip_dag.py took 0.079 seconds
[2022-04-07 23:47:35,772] {processor.py:163} INFO - Started process (PID=624) to work on /home/airflow/.local/lib/python3.7/site-packages/airflow/example_dags/example_skip_dag.py
[2022-04-07 23:47:35,774] {processor.py:642} INFO - Processing file /home/airflow/.local/lib/python3.7/site-packages/airflow/example_dags/example_skip_dag.py for tasks to queue
[2022-04-07 23:47:35,775] {logging_mixin.py:109} INFO - [2022-04-07 23:47:35,775] {dagbag.py:500} INFO - Filling up the DagBag from /home/airflow/.local/lib/python3.7/site-packages/airflow/example_dags/example_skip_dag.py
[2022-04-07 23:47:35,820] {processor.py:654} INFO - DAG(s) dict_keys(['example_skip_dag']) retrieved from /home/airflow/.local/lib/python3.7/site-packages/airflow/example_dags/example_skip_dag.py
[2022-04-07 23:47:35,833] {logging_mixin.py:109} INFO - [2022-04-07 23:47:35,833] {dag.py:2396} INFO - Sync 1 DAGs
[2022-04-07 23:47:35,850] {logging_mixin.py:109} INFO - [2022-04-07 23:47:35,850] {dag.py:2935} INFO - Setting next_dagrun for example_skip_dag to 2022-04-06T23:47:35.850325+00:00
[2022-04-07 23:47:35,859] {processor.py:171} INFO - Processing /home/airflow/.local/lib/python3.7/site-packages/airflow/example_dags/example_skip_dag.py took 0.094 seconds
[2022-04-07 23:48:06,096] {processor.py:163} INFO - Started process (PID=684) to work on /home/airflow/.local/lib/python3.7/site-packages/airflow/example_dags/example_skip_dag.py
[2022-04-07 23:48:06,098] {processor.py:642} INFO - Processing file /home/airflow/.local/lib/python3.7/site-packages/airflow/example_dags/example_skip_dag.py for tasks to queue
[2022-04-07 23:48:06,098] {logging_mixin.py:109} INFO - [2022-04-07 23:48:06,098] {dagbag.py:500} INFO - Filling up the DagBag from /home/airflow/.local/lib/python3.7/site-packages/airflow/example_dags/example_skip_dag.py
[2022-04-07 23:48:06,128] {processor.py:654} INFO - DAG(s) dict_keys(['example_skip_dag']) retrieved from /home/airflow/.local/lib/python3.7/site-packages/airflow/example_dags/example_skip_dag.py
[2022-04-07 23:48:06,140] {logging_mixin.py:109} INFO - [2022-04-07 23:48:06,140] {dag.py:2396} INFO - Sync 1 DAGs
[2022-04-07 23:48:06,156] {logging_mixin.py:109} INFO - [2022-04-07 23:48:06,156] {dag.py:2935} INFO - Setting next_dagrun for example_skip_dag to 2022-04-06T23:48:06.156285+00:00
[2022-04-07 23:48:06,166] {processor.py:171} INFO - Processing /home/airflow/.local/lib/python3.7/site-packages/airflow/example_dags/example_skip_dag.py took 0.075 seconds
[2022-04-07 23:48:36,416] {processor.py:163} INFO - Started process (PID=736) to work on /home/airflow/.local/lib/python3.7/site-packages/airflow/example_dags/example_skip_dag.py
[2022-04-07 23:48:36,418] {processor.py:642} INFO - Processing file /home/airflow/.local/lib/python3.7/site-packages/airflow/example_dags/example_skip_dag.py for tasks to queue
[2022-04-07 23:48:36,419] {logging_mixin.py:109} INFO - [2022-04-07 23:48:36,419] {dagbag.py:500} INFO - Filling up the DagBag from /home/airflow/.local/lib/python3.7/site-packages/airflow/example_dags/example_skip_dag.py
[2022-04-07 23:48:36,457] {processor.py:654} INFO - DAG(s) dict_keys(['example_skip_dag']) retrieved from /home/airflow/.local/lib/python3.7/site-packages/airflow/example_dags/example_skip_dag.py
[2022-04-07 23:48:36,472] {logging_mixin.py:109} INFO - [2022-04-07 23:48:36,472] {dag.py:2396} INFO - Sync 1 DAGs
[2022-04-07 23:48:36,495] {logging_mixin.py:109} INFO - [2022-04-07 23:48:36,495] {dag.py:2935} INFO - Setting next_dagrun for example_skip_dag to 2022-04-06T23:48:36.494584+00:00
[2022-04-07 23:48:36,505] {processor.py:171} INFO - Processing /home/airflow/.local/lib/python3.7/site-packages/airflow/example_dags/example_skip_dag.py took 0.095 seconds
[2022-04-07 23:49:06,664] {processor.py:163} INFO - Started process (PID=802) to work on /home/airflow/.local/lib/python3.7/site-packages/airflow/example_dags/example_skip_dag.py
[2022-04-07 23:49:06,667] {processor.py:642} INFO - Processing file /home/airflow/.local/lib/python3.7/site-packages/airflow/example_dags/example_skip_dag.py for tasks to queue
[2022-04-07 23:49:06,668] {logging_mixin.py:109} INFO - [2022-04-07 23:49:06,668] {dagbag.py:500} INFO - Filling up the DagBag from /home/airflow/.local/lib/python3.7/site-packages/airflow/example_dags/example_skip_dag.py
[2022-04-07 23:49:06,708] {processor.py:654} INFO - DAG(s) dict_keys(['example_skip_dag']) retrieved from /home/airflow/.local/lib/python3.7/site-packages/airflow/example_dags/example_skip_dag.py
[2022-04-07 23:49:06,723] {logging_mixin.py:109} INFO - [2022-04-07 23:49:06,722] {dag.py:2396} INFO - Sync 1 DAGs
[2022-04-07 23:49:06,745] {logging_mixin.py:109} INFO - [2022-04-07 23:49:06,745] {dag.py:2935} INFO - Setting next_dagrun for example_skip_dag to 2022-04-06T23:49:06.744696+00:00
[2022-04-07 23:49:06,756] {processor.py:171} INFO - Processing /home/airflow/.local/lib/python3.7/site-packages/airflow/example_dags/example_skip_dag.py took 0.097 seconds
[2022-04-07 23:49:36,987] {processor.py:163} INFO - Started process (PID=853) to work on /home/airflow/.local/lib/python3.7/site-packages/airflow/example_dags/example_skip_dag.py
[2022-04-07 23:49:36,989] {processor.py:642} INFO - Processing file /home/airflow/.local/lib/python3.7/site-packages/airflow/example_dags/example_skip_dag.py for tasks to queue
[2022-04-07 23:49:36,990] {logging_mixin.py:109} INFO - [2022-04-07 23:49:36,989] {dagbag.py:500} INFO - Filling up the DagBag from /home/airflow/.local/lib/python3.7/site-packages/airflow/example_dags/example_skip_dag.py
[2022-04-07 23:49:37,030] {processor.py:654} INFO - DAG(s) dict_keys(['example_skip_dag']) retrieved from /home/airflow/.local/lib/python3.7/site-packages/airflow/example_dags/example_skip_dag.py
[2022-04-07 23:49:37,046] {logging_mixin.py:109} INFO - [2022-04-07 23:49:37,045] {dag.py:2396} INFO - Sync 1 DAGs
[2022-04-07 23:49:37,068] {logging_mixin.py:109} INFO - [2022-04-07 23:49:37,068] {dag.py:2935} INFO - Setting next_dagrun for example_skip_dag to 2022-04-06T23:49:37.067876+00:00
[2022-04-07 23:49:37,079] {processor.py:171} INFO - Processing /home/airflow/.local/lib/python3.7/site-packages/airflow/example_dags/example_skip_dag.py took 0.098 seconds
[2022-04-07 23:50:07,168] {processor.py:163} INFO - Started process (PID=914) to work on /home/airflow/.local/lib/python3.7/site-packages/airflow/example_dags/example_skip_dag.py
[2022-04-07 23:50:07,170] {processor.py:642} INFO - Processing file /home/airflow/.local/lib/python3.7/site-packages/airflow/example_dags/example_skip_dag.py for tasks to queue
[2022-04-07 23:50:07,171] {logging_mixin.py:109} INFO - [2022-04-07 23:50:07,170] {dagbag.py:500} INFO - Filling up the DagBag from /home/airflow/.local/lib/python3.7/site-packages/airflow/example_dags/example_skip_dag.py
[2022-04-07 23:50:07,203] {processor.py:654} INFO - DAG(s) dict_keys(['example_skip_dag']) retrieved from /home/airflow/.local/lib/python3.7/site-packages/airflow/example_dags/example_skip_dag.py
[2022-04-07 23:50:07,215] {logging_mixin.py:109} INFO - [2022-04-07 23:50:07,214] {dag.py:2396} INFO - Sync 1 DAGs
[2022-04-07 23:50:07,231] {logging_mixin.py:109} INFO - [2022-04-07 23:50:07,231] {dag.py:2935} INFO - Setting next_dagrun for example_skip_dag to 2022-04-06T23:50:07.231191+00:00
[2022-04-07 23:50:07,240] {processor.py:171} INFO - Processing /home/airflow/.local/lib/python3.7/site-packages/airflow/example_dags/example_skip_dag.py took 0.076 seconds
[2022-04-07 23:50:37,669] {processor.py:163} INFO - Started process (PID=965) to work on /home/airflow/.local/lib/python3.7/site-packages/airflow/example_dags/example_skip_dag.py
[2022-04-07 23:50:37,670] {processor.py:642} INFO - Processing file /home/airflow/.local/lib/python3.7/site-packages/airflow/example_dags/example_skip_dag.py for tasks to queue
[2022-04-07 23:50:37,672] {logging_mixin.py:109} INFO - [2022-04-07 23:50:37,671] {dagbag.py:500} INFO - Filling up the DagBag from /home/airflow/.local/lib/python3.7/site-packages/airflow/example_dags/example_skip_dag.py
[2022-04-07 23:50:37,711] {processor.py:654} INFO - DAG(s) dict_keys(['example_skip_dag']) retrieved from /home/airflow/.local/lib/python3.7/site-packages/airflow/example_dags/example_skip_dag.py
[2022-04-07 23:50:37,725] {logging_mixin.py:109} INFO - [2022-04-07 23:50:37,725] {dag.py:2396} INFO - Sync 1 DAGs
[2022-04-07 23:50:37,748] {logging_mixin.py:109} INFO - [2022-04-07 23:50:37,748] {dag.py:2935} INFO - Setting next_dagrun for example_skip_dag to 2022-04-06T23:50:37.748146+00:00
[2022-04-07 23:50:37,761] {processor.py:171} INFO - Processing /home/airflow/.local/lib/python3.7/site-packages/airflow/example_dags/example_skip_dag.py took 0.098 seconds
[2022-04-07 23:51:08,208] {processor.py:163} INFO - Started process (PID=1026) to work on /home/airflow/.local/lib/python3.7/site-packages/airflow/example_dags/example_skip_dag.py
[2022-04-07 23:51:08,210] {processor.py:642} INFO - Processing file /home/airflow/.local/lib/python3.7/site-packages/airflow/example_dags/example_skip_dag.py for tasks to queue
[2022-04-07 23:51:08,211] {logging_mixin.py:109} INFO - [2022-04-07 23:51:08,211] {dagbag.py:500} INFO - Filling up the DagBag from /home/airflow/.local/lib/python3.7/site-packages/airflow/example_dags/example_skip_dag.py
[2022-04-07 23:51:08,245] {processor.py:654} INFO - DAG(s) dict_keys(['example_skip_dag']) retrieved from /home/airflow/.local/lib/python3.7/site-packages/airflow/example_dags/example_skip_dag.py
[2022-04-07 23:51:08,256] {logging_mixin.py:109} INFO - [2022-04-07 23:51:08,256] {dag.py:2396} INFO - Sync 1 DAGs
[2022-04-07 23:51:08,273] {logging_mixin.py:109} INFO - [2022-04-07 23:51:08,273] {dag.py:2935} INFO - Setting next_dagrun for example_skip_dag to 2022-04-06T23:51:08.273345+00:00
[2022-04-07 23:51:08,282] {processor.py:171} INFO - Processing /home/airflow/.local/lib/python3.7/site-packages/airflow/example_dags/example_skip_dag.py took 0.078 seconds
[2022-04-07 23:51:38,680] {processor.py:163} INFO - Started process (PID=1078) to work on /home/airflow/.local/lib/python3.7/site-packages/airflow/example_dags/example_skip_dag.py
[2022-04-07 23:51:38,682] {processor.py:642} INFO - Processing file /home/airflow/.local/lib/python3.7/site-packages/airflow/example_dags/example_skip_dag.py for tasks to queue
[2022-04-07 23:51:38,683] {logging_mixin.py:109} INFO - [2022-04-07 23:51:38,682] {dagbag.py:500} INFO - Filling up the DagBag from /home/airflow/.local/lib/python3.7/site-packages/airflow/example_dags/example_skip_dag.py
[2022-04-07 23:51:38,742] {processor.py:654} INFO - DAG(s) dict_keys(['example_skip_dag']) retrieved from /home/airflow/.local/lib/python3.7/site-packages/airflow/example_dags/example_skip_dag.py
[2022-04-07 23:51:38,757] {logging_mixin.py:109} INFO - [2022-04-07 23:51:38,757] {dag.py:2396} INFO - Sync 1 DAGs
[2022-04-07 23:51:38,784] {logging_mixin.py:109} INFO - [2022-04-07 23:51:38,784] {dag.py:2935} INFO - Setting next_dagrun for example_skip_dag to 2022-04-06T23:51:38.784327+00:00
[2022-04-07 23:51:38,797] {processor.py:171} INFO - Processing /home/airflow/.local/lib/python3.7/site-packages/airflow/example_dags/example_skip_dag.py took 0.123 seconds
[2022-04-07 23:52:09,022] {processor.py:163} INFO - Started process (PID=1140) to work on /home/airflow/.local/lib/python3.7/site-packages/airflow/example_dags/example_skip_dag.py
[2022-04-07 23:52:09,023] {processor.py:642} INFO - Processing file /home/airflow/.local/lib/python3.7/site-packages/airflow/example_dags/example_skip_dag.py for tasks to queue
[2022-04-07 23:52:09,024] {logging_mixin.py:109} INFO - [2022-04-07 23:52:09,024] {dagbag.py:500} INFO - Filling up the DagBag from /home/airflow/.local/lib/python3.7/site-packages/airflow/example_dags/example_skip_dag.py
[2022-04-07 23:52:09,054] {processor.py:654} INFO - DAG(s) dict_keys(['example_skip_dag']) retrieved from /home/airflow/.local/lib/python3.7/site-packages/airflow/example_dags/example_skip_dag.py
[2022-04-07 23:52:09,065] {logging_mixin.py:109} INFO - [2022-04-07 23:52:09,065] {dag.py:2396} INFO - Sync 1 DAGs
[2022-04-07 23:52:09,081] {logging_mixin.py:109} INFO - [2022-04-07 23:52:09,081] {dag.py:2935} INFO - Setting next_dagrun for example_skip_dag to 2022-04-06T23:52:09.081278+00:00
[2022-04-07 23:52:09,089] {processor.py:171} INFO - Processing /home/airflow/.local/lib/python3.7/site-packages/airflow/example_dags/example_skip_dag.py took 0.072 seconds
[2022-04-07 23:52:39,382] {processor.py:163} INFO - Started process (PID=1191) to work on /home/airflow/.local/lib/python3.7/site-packages/airflow/example_dags/example_skip_dag.py
[2022-04-07 23:52:39,384] {processor.py:642} INFO - Processing file /home/airflow/.local/lib/python3.7/site-packages/airflow/example_dags/example_skip_dag.py for tasks to queue
[2022-04-07 23:52:39,385] {logging_mixin.py:109} INFO - [2022-04-07 23:52:39,385] {dagbag.py:500} INFO - Filling up the DagBag from /home/airflow/.local/lib/python3.7/site-packages/airflow/example_dags/example_skip_dag.py
[2022-04-07 23:52:39,416] {processor.py:654} INFO - DAG(s) dict_keys(['example_skip_dag']) retrieved from /home/airflow/.local/lib/python3.7/site-packages/airflow/example_dags/example_skip_dag.py
[2022-04-07 23:52:39,427] {logging_mixin.py:109} INFO - [2022-04-07 23:52:39,427] {dag.py:2396} INFO - Sync 1 DAGs
[2022-04-07 23:52:39,452] {logging_mixin.py:109} INFO - [2022-04-07 23:52:39,452] {dag.py:2935} INFO - Setting next_dagrun for example_skip_dag to 2022-04-06T23:52:39.451595+00:00
[2022-04-07 23:52:39,463] {processor.py:171} INFO - Processing /home/airflow/.local/lib/python3.7/site-packages/airflow/example_dags/example_skip_dag.py took 0.085 seconds
[2022-04-07 23:53:09,652] {processor.py:163} INFO - Started process (PID=1251) to work on /home/airflow/.local/lib/python3.7/site-packages/airflow/example_dags/example_skip_dag.py
[2022-04-07 23:53:09,653] {processor.py:642} INFO - Processing file /home/airflow/.local/lib/python3.7/site-packages/airflow/example_dags/example_skip_dag.py for tasks to queue
[2022-04-07 23:53:09,654] {logging_mixin.py:109} INFO - [2022-04-07 23:53:09,654] {dagbag.py:500} INFO - Filling up the DagBag from /home/airflow/.local/lib/python3.7/site-packages/airflow/example_dags/example_skip_dag.py
[2022-04-07 23:53:09,695] {processor.py:654} INFO - DAG(s) dict_keys(['example_skip_dag']) retrieved from /home/airflow/.local/lib/python3.7/site-packages/airflow/example_dags/example_skip_dag.py
[2022-04-07 23:53:09,711] {logging_mixin.py:109} INFO - [2022-04-07 23:53:09,711] {dag.py:2396} INFO - Sync 1 DAGs
[2022-04-07 23:53:09,733] {logging_mixin.py:109} INFO - [2022-04-07 23:53:09,733] {dag.py:2935} INFO - Setting next_dagrun for example_skip_dag to 2022-04-06T23:53:09.733396+00:00
[2022-04-07 23:53:09,744] {processor.py:171} INFO - Processing /home/airflow/.local/lib/python3.7/site-packages/airflow/example_dags/example_skip_dag.py took 0.098 seconds
[2022-04-07 23:53:39,939] {processor.py:163} INFO - Started process (PID=1303) to work on /home/airflow/.local/lib/python3.7/site-packages/airflow/example_dags/example_skip_dag.py
[2022-04-07 23:53:39,942] {processor.py:642} INFO - Processing file /home/airflow/.local/lib/python3.7/site-packages/airflow/example_dags/example_skip_dag.py for tasks to queue
[2022-04-07 23:53:39,943] {logging_mixin.py:109} INFO - [2022-04-07 23:53:39,942] {dagbag.py:500} INFO - Filling up the DagBag from /home/airflow/.local/lib/python3.7/site-packages/airflow/example_dags/example_skip_dag.py
[2022-04-07 23:53:39,975] {processor.py:654} INFO - DAG(s) dict_keys(['example_skip_dag']) retrieved from /home/airflow/.local/lib/python3.7/site-packages/airflow/example_dags/example_skip_dag.py
[2022-04-07 23:53:39,987] {logging_mixin.py:109} INFO - [2022-04-07 23:53:39,987] {dag.py:2396} INFO - Sync 1 DAGs
[2022-04-07 23:53:40,004] {logging_mixin.py:109} INFO - [2022-04-07 23:53:40,004] {dag.py:2935} INFO - Setting next_dagrun for example_skip_dag to 2022-04-06T23:53:40.003868+00:00
[2022-04-07 23:53:40,013] {processor.py:171} INFO - Processing /home/airflow/.local/lib/python3.7/site-packages/airflow/example_dags/example_skip_dag.py took 0.078 seconds
[2022-04-07 23:54:10,749] {processor.py:163} INFO - Started process (PID=1364) to work on /home/airflow/.local/lib/python3.7/site-packages/airflow/example_dags/example_skip_dag.py
[2022-04-07 23:54:10,751] {processor.py:642} INFO - Processing file /home/airflow/.local/lib/python3.7/site-packages/airflow/example_dags/example_skip_dag.py for tasks to queue
[2022-04-07 23:54:10,752] {logging_mixin.py:109} INFO - [2022-04-07 23:54:10,752] {dagbag.py:500} INFO - Filling up the DagBag from /home/airflow/.local/lib/python3.7/site-packages/airflow/example_dags/example_skip_dag.py
[2022-04-07 23:54:10,792] {processor.py:654} INFO - DAG(s) dict_keys(['example_skip_dag']) retrieved from /home/airflow/.local/lib/python3.7/site-packages/airflow/example_dags/example_skip_dag.py
[2022-04-07 23:54:10,807] {logging_mixin.py:109} INFO - [2022-04-07 23:54:10,807] {dag.py:2396} INFO - Sync 1 DAGs
[2022-04-07 23:54:10,833] {logging_mixin.py:109} INFO - [2022-04-07 23:54:10,833] {dag.py:2935} INFO - Setting next_dagrun for example_skip_dag to 2022-04-06T23:54:10.832863+00:00
[2022-04-07 23:54:10,845] {processor.py:171} INFO - Processing /home/airflow/.local/lib/python3.7/site-packages/airflow/example_dags/example_skip_dag.py took 0.101 seconds
[2022-04-07 23:54:41,421] {processor.py:163} INFO - Started process (PID=1416) to work on /home/airflow/.local/lib/python3.7/site-packages/airflow/example_dags/example_skip_dag.py
[2022-04-07 23:54:41,422] {processor.py:642} INFO - Processing file /home/airflow/.local/lib/python3.7/site-packages/airflow/example_dags/example_skip_dag.py for tasks to queue
[2022-04-07 23:54:41,423] {logging_mixin.py:109} INFO - [2022-04-07 23:54:41,423] {dagbag.py:500} INFO - Filling up the DagBag from /home/airflow/.local/lib/python3.7/site-packages/airflow/example_dags/example_skip_dag.py
[2022-04-07 23:54:41,463] {processor.py:654} INFO - DAG(s) dict_keys(['example_skip_dag']) retrieved from /home/airflow/.local/lib/python3.7/site-packages/airflow/example_dags/example_skip_dag.py
[2022-04-07 23:54:41,480] {logging_mixin.py:109} INFO - [2022-04-07 23:54:41,480] {dag.py:2396} INFO - Sync 1 DAGs
[2022-04-07 23:54:41,504] {logging_mixin.py:109} INFO - [2022-04-07 23:54:41,503] {dag.py:2935} INFO - Setting next_dagrun for example_skip_dag to 2022-04-06T23:54:41.503432+00:00
[2022-04-07 23:54:41,515] {processor.py:171} INFO - Processing /home/airflow/.local/lib/python3.7/site-packages/airflow/example_dags/example_skip_dag.py took 0.100 seconds
[2022-04-07 23:55:12,339] {processor.py:163} INFO - Started process (PID=1479) to work on /home/airflow/.local/lib/python3.7/site-packages/airflow/example_dags/example_skip_dag.py
[2022-04-07 23:55:12,341] {processor.py:642} INFO - Processing file /home/airflow/.local/lib/python3.7/site-packages/airflow/example_dags/example_skip_dag.py for tasks to queue
[2022-04-07 23:55:12,342] {logging_mixin.py:109} INFO - [2022-04-07 23:55:12,342] {dagbag.py:500} INFO - Filling up the DagBag from /home/airflow/.local/lib/python3.7/site-packages/airflow/example_dags/example_skip_dag.py
[2022-04-07 23:55:12,390] {processor.py:654} INFO - DAG(s) dict_keys(['example_skip_dag']) retrieved from /home/airflow/.local/lib/python3.7/site-packages/airflow/example_dags/example_skip_dag.py
[2022-04-07 23:55:12,407] {logging_mixin.py:109} INFO - [2022-04-07 23:55:12,407] {dag.py:2396} INFO - Sync 1 DAGs
[2022-04-07 23:55:12,430] {logging_mixin.py:109} INFO - [2022-04-07 23:55:12,430] {dag.py:2935} INFO - Setting next_dagrun for example_skip_dag to 2022-04-06T23:55:12.430282+00:00
[2022-04-07 23:55:12,441] {processor.py:171} INFO - Processing /home/airflow/.local/lib/python3.7/site-packages/airflow/example_dags/example_skip_dag.py took 0.106 seconds
[2022-04-07 23:55:42,535] {processor.py:163} INFO - Started process (PID=1531) to work on /home/airflow/.local/lib/python3.7/site-packages/airflow/example_dags/example_skip_dag.py
[2022-04-07 23:55:42,537] {processor.py:642} INFO - Processing file /home/airflow/.local/lib/python3.7/site-packages/airflow/example_dags/example_skip_dag.py for tasks to queue
[2022-04-07 23:55:42,538] {logging_mixin.py:109} INFO - [2022-04-07 23:55:42,538] {dagbag.py:500} INFO - Filling up the DagBag from /home/airflow/.local/lib/python3.7/site-packages/airflow/example_dags/example_skip_dag.py
[2022-04-07 23:55:42,585] {processor.py:654} INFO - DAG(s) dict_keys(['example_skip_dag']) retrieved from /home/airflow/.local/lib/python3.7/site-packages/airflow/example_dags/example_skip_dag.py
[2022-04-07 23:55:42,600] {logging_mixin.py:109} INFO - [2022-04-07 23:55:42,600] {dag.py:2396} INFO - Sync 1 DAGs
[2022-04-07 23:55:42,622] {logging_mixin.py:109} INFO - [2022-04-07 23:55:42,622] {dag.py:2935} INFO - Setting next_dagrun for example_skip_dag to 2022-04-06T23:55:42.621775+00:00
[2022-04-07 23:55:42,633] {processor.py:171} INFO - Processing /home/airflow/.local/lib/python3.7/site-packages/airflow/example_dags/example_skip_dag.py took 0.104 seconds
[2022-04-07 23:56:12,814] {processor.py:163} INFO - Started process (PID=1590) to work on /home/airflow/.local/lib/python3.7/site-packages/airflow/example_dags/example_skip_dag.py
[2022-04-07 23:56:12,816] {processor.py:642} INFO - Processing file /home/airflow/.local/lib/python3.7/site-packages/airflow/example_dags/example_skip_dag.py for tasks to queue
[2022-04-07 23:56:12,817] {logging_mixin.py:109} INFO - [2022-04-07 23:56:12,817] {dagbag.py:500} INFO - Filling up the DagBag from /home/airflow/.local/lib/python3.7/site-packages/airflow/example_dags/example_skip_dag.py
[2022-04-07 23:56:12,855] {processor.py:654} INFO - DAG(s) dict_keys(['example_skip_dag']) retrieved from /home/airflow/.local/lib/python3.7/site-packages/airflow/example_dags/example_skip_dag.py
[2022-04-07 23:56:12,870] {logging_mixin.py:109} INFO - [2022-04-07 23:56:12,870] {dag.py:2396} INFO - Sync 1 DAGs
[2022-04-07 23:56:12,893] {logging_mixin.py:109} INFO - [2022-04-07 23:56:12,893] {dag.py:2935} INFO - Setting next_dagrun for example_skip_dag to 2022-04-06T23:56:12.893126+00:00
[2022-04-07 23:56:12,904] {processor.py:171} INFO - Processing /home/airflow/.local/lib/python3.7/site-packages/airflow/example_dags/example_skip_dag.py took 0.095 seconds
[2022-04-07 23:56:43,011] {processor.py:163} INFO - Started process (PID=1643) to work on /home/airflow/.local/lib/python3.7/site-packages/airflow/example_dags/example_skip_dag.py
[2022-04-07 23:56:43,018] {processor.py:642} INFO - Processing file /home/airflow/.local/lib/python3.7/site-packages/airflow/example_dags/example_skip_dag.py for tasks to queue
[2022-04-07 23:56:43,020] {logging_mixin.py:109} INFO - [2022-04-07 23:56:43,020] {dagbag.py:500} INFO - Filling up the DagBag from /home/airflow/.local/lib/python3.7/site-packages/airflow/example_dags/example_skip_dag.py
[2022-04-07 23:56:43,092] {processor.py:654} INFO - DAG(s) dict_keys(['example_skip_dag']) retrieved from /home/airflow/.local/lib/python3.7/site-packages/airflow/example_dags/example_skip_dag.py
[2022-04-07 23:56:43,115] {logging_mixin.py:109} INFO - [2022-04-07 23:56:43,114] {dag.py:2396} INFO - Sync 1 DAGs
[2022-04-07 23:56:43,144] {logging_mixin.py:109} INFO - [2022-04-07 23:56:43,144] {dag.py:2935} INFO - Setting next_dagrun for example_skip_dag to 2022-04-06T23:56:43.143462+00:00
[2022-04-07 23:56:43,159] {processor.py:171} INFO - Processing /home/airflow/.local/lib/python3.7/site-packages/airflow/example_dags/example_skip_dag.py took 0.160 seconds
[2022-04-07 23:57:13,566] {processor.py:163} INFO - Started process (PID=1706) to work on /home/airflow/.local/lib/python3.7/site-packages/airflow/example_dags/example_skip_dag.py
[2022-04-07 23:57:13,569] {processor.py:642} INFO - Processing file /home/airflow/.local/lib/python3.7/site-packages/airflow/example_dags/example_skip_dag.py for tasks to queue
[2022-04-07 23:57:13,570] {logging_mixin.py:109} INFO - [2022-04-07 23:57:13,570] {dagbag.py:500} INFO - Filling up the DagBag from /home/airflow/.local/lib/python3.7/site-packages/airflow/example_dags/example_skip_dag.py
[2022-04-07 23:57:13,608] {processor.py:654} INFO - DAG(s) dict_keys(['example_skip_dag']) retrieved from /home/airflow/.local/lib/python3.7/site-packages/airflow/example_dags/example_skip_dag.py
[2022-04-07 23:57:13,625] {logging_mixin.py:109} INFO - [2022-04-07 23:57:13,625] {dag.py:2396} INFO - Sync 1 DAGs
[2022-04-07 23:57:13,648] {logging_mixin.py:109} INFO - [2022-04-07 23:57:13,648] {dag.py:2935} INFO - Setting next_dagrun for example_skip_dag to 2022-04-06T23:57:13.648330+00:00
[2022-04-07 23:57:13,662] {processor.py:171} INFO - Processing /home/airflow/.local/lib/python3.7/site-packages/airflow/example_dags/example_skip_dag.py took 0.101 seconds
[2022-04-07 23:57:44,035] {processor.py:163} INFO - Started process (PID=1758) to work on /home/airflow/.local/lib/python3.7/site-packages/airflow/example_dags/example_skip_dag.py
[2022-04-07 23:57:44,037] {processor.py:642} INFO - Processing file /home/airflow/.local/lib/python3.7/site-packages/airflow/example_dags/example_skip_dag.py for tasks to queue
[2022-04-07 23:57:44,038] {logging_mixin.py:109} INFO - [2022-04-07 23:57:44,037] {dagbag.py:500} INFO - Filling up the DagBag from /home/airflow/.local/lib/python3.7/site-packages/airflow/example_dags/example_skip_dag.py
[2022-04-07 23:57:44,068] {processor.py:654} INFO - DAG(s) dict_keys(['example_skip_dag']) retrieved from /home/airflow/.local/lib/python3.7/site-packages/airflow/example_dags/example_skip_dag.py
[2022-04-07 23:57:44,078] {logging_mixin.py:109} INFO - [2022-04-07 23:57:44,078] {dag.py:2396} INFO - Sync 1 DAGs
[2022-04-07 23:57:44,094] {logging_mixin.py:109} INFO - [2022-04-07 23:57:44,094] {dag.py:2935} INFO - Setting next_dagrun for example_skip_dag to 2022-04-06T23:57:44.094085+00:00
[2022-04-07 23:57:44,104] {processor.py:171} INFO - Processing /home/airflow/.local/lib/python3.7/site-packages/airflow/example_dags/example_skip_dag.py took 0.073 seconds
[2022-04-07 23:58:14,132] {processor.py:163} INFO - Started process (PID=1810) to work on /home/airflow/.local/lib/python3.7/site-packages/airflow/example_dags/example_skip_dag.py
[2022-04-07 23:58:14,134] {processor.py:642} INFO - Processing file /home/airflow/.local/lib/python3.7/site-packages/airflow/example_dags/example_skip_dag.py for tasks to queue
[2022-04-07 23:58:14,135] {logging_mixin.py:109} INFO - [2022-04-07 23:58:14,135] {dagbag.py:500} INFO - Filling up the DagBag from /home/airflow/.local/lib/python3.7/site-packages/airflow/example_dags/example_skip_dag.py
[2022-04-07 23:58:14,166] {processor.py:654} INFO - DAG(s) dict_keys(['example_skip_dag']) retrieved from /home/airflow/.local/lib/python3.7/site-packages/airflow/example_dags/example_skip_dag.py
[2022-04-07 23:58:14,181] {logging_mixin.py:109} INFO - [2022-04-07 23:58:14,180] {dag.py:2396} INFO - Sync 1 DAGs
[2022-04-07 23:58:14,200] {logging_mixin.py:109} INFO - [2022-04-07 23:58:14,200] {dag.py:2935} INFO - Setting next_dagrun for example_skip_dag to 2022-04-06T23:58:14.200590+00:00
[2022-04-07 23:58:14,209] {processor.py:171} INFO - Processing /home/airflow/.local/lib/python3.7/site-packages/airflow/example_dags/example_skip_dag.py took 0.081 seconds
[2022-04-07 23:58:44,668] {processor.py:163} INFO - Started process (PID=1874) to work on /home/airflow/.local/lib/python3.7/site-packages/airflow/example_dags/example_skip_dag.py
[2022-04-07 23:58:44,670] {processor.py:642} INFO - Processing file /home/airflow/.local/lib/python3.7/site-packages/airflow/example_dags/example_skip_dag.py for tasks to queue
[2022-04-07 23:58:44,672] {logging_mixin.py:109} INFO - [2022-04-07 23:58:44,671] {dagbag.py:500} INFO - Filling up the DagBag from /home/airflow/.local/lib/python3.7/site-packages/airflow/example_dags/example_skip_dag.py
[2022-04-07 23:58:44,704] {processor.py:654} INFO - DAG(s) dict_keys(['example_skip_dag']) retrieved from /home/airflow/.local/lib/python3.7/site-packages/airflow/example_dags/example_skip_dag.py
[2022-04-07 23:58:44,716] {logging_mixin.py:109} INFO - [2022-04-07 23:58:44,715] {dag.py:2396} INFO - Sync 1 DAGs
[2022-04-07 23:58:44,731] {logging_mixin.py:109} INFO - [2022-04-07 23:58:44,731] {dag.py:2935} INFO - Setting next_dagrun for example_skip_dag to 2022-04-06T23:58:44.731227+00:00
[2022-04-07 23:58:44,741] {processor.py:171} INFO - Processing /home/airflow/.local/lib/python3.7/site-packages/airflow/example_dags/example_skip_dag.py took 0.079 seconds
[2022-04-07 23:59:15,232] {processor.py:163} INFO - Started process (PID=1927) to work on /home/airflow/.local/lib/python3.7/site-packages/airflow/example_dags/example_skip_dag.py
[2022-04-07 23:59:15,234] {processor.py:642} INFO - Processing file /home/airflow/.local/lib/python3.7/site-packages/airflow/example_dags/example_skip_dag.py for tasks to queue
[2022-04-07 23:59:15,235] {logging_mixin.py:109} INFO - [2022-04-07 23:59:15,235] {dagbag.py:500} INFO - Filling up the DagBag from /home/airflow/.local/lib/python3.7/site-packages/airflow/example_dags/example_skip_dag.py
[2022-04-07 23:59:15,265] {processor.py:654} INFO - DAG(s) dict_keys(['example_skip_dag']) retrieved from /home/airflow/.local/lib/python3.7/site-packages/airflow/example_dags/example_skip_dag.py
[2022-04-07 23:59:15,276] {logging_mixin.py:109} INFO - [2022-04-07 23:59:15,276] {dag.py:2396} INFO - Sync 1 DAGs
[2022-04-07 23:59:15,292] {logging_mixin.py:109} INFO - [2022-04-07 23:59:15,292] {dag.py:2935} INFO - Setting next_dagrun for example_skip_dag to 2022-04-06T23:59:15.291879+00:00
[2022-04-07 23:59:15,300] {processor.py:171} INFO - Processing /home/airflow/.local/lib/python3.7/site-packages/airflow/example_dags/example_skip_dag.py took 0.072 seconds
[2022-04-07 23:59:45,387] {processor.py:163} INFO - Started process (PID=1988) to work on /home/airflow/.local/lib/python3.7/site-packages/airflow/example_dags/example_skip_dag.py
[2022-04-07 23:59:45,389] {processor.py:642} INFO - Processing file /home/airflow/.local/lib/python3.7/site-packages/airflow/example_dags/example_skip_dag.py for tasks to queue
[2022-04-07 23:59:45,390] {logging_mixin.py:109} INFO - [2022-04-07 23:59:45,390] {dagbag.py:500} INFO - Filling up the DagBag from /home/airflow/.local/lib/python3.7/site-packages/airflow/example_dags/example_skip_dag.py
[2022-04-07 23:59:45,426] {processor.py:654} INFO - DAG(s) dict_keys(['example_skip_dag']) retrieved from /home/airflow/.local/lib/python3.7/site-packages/airflow/example_dags/example_skip_dag.py
[2022-04-07 23:59:45,442] {logging_mixin.py:109} INFO - [2022-04-07 23:59:45,441] {dag.py:2396} INFO - Sync 1 DAGs
[2022-04-07 23:59:45,465] {logging_mixin.py:109} INFO - [2022-04-07 23:59:45,465] {dag.py:2935} INFO - Setting next_dagrun for example_skip_dag to 2022-04-06T23:59:45.464637+00:00
[2022-04-07 23:59:45,477] {processor.py:171} INFO - Processing /home/airflow/.local/lib/python3.7/site-packages/airflow/example_dags/example_skip_dag.py took 0.096 seconds
