[2022-04-07 23:43:40,302] {processor.py:163} INFO - Started process (PID=136) to work on /home/airflow/.local/lib/python3.7/site-packages/airflow/example_dags/example_bash_operator.py
[2022-04-07 23:43:40,304] {processor.py:642} INFO - Processing file /home/airflow/.local/lib/python3.7/site-packages/airflow/example_dags/example_bash_operator.py for tasks to queue
[2022-04-07 23:43:40,305] {logging_mixin.py:109} INFO - [2022-04-07 23:43:40,305] {dagbag.py:500} INFO - Filling up the DagBag from /home/airflow/.local/lib/python3.7/site-packages/airflow/example_dags/example_bash_operator.py
[2022-04-07 23:43:40,354] {processor.py:654} INFO - DAG(s) dict_keys(['example_bash_operator']) retrieved from /home/airflow/.local/lib/python3.7/site-packages/airflow/example_dags/example_bash_operator.py
[2022-04-07 23:43:42,511] {logging_mixin.py:109} INFO - [2022-04-07 23:43:42,511] {manager.py:496} INFO - Created Permission View: can read on DAG:example_bash_operator
[2022-04-07 23:43:42,521] {logging_mixin.py:109} INFO - [2022-04-07 23:43:42,521] {manager.py:496} INFO - Created Permission View: can edit on DAG:example_bash_operator
[2022-04-07 23:43:42,522] {logging_mixin.py:109} INFO - [2022-04-07 23:43:42,521] {dag.py:2396} INFO - Sync 1 DAGs
[2022-04-07 23:43:42,531] {logging_mixin.py:109} INFO - [2022-04-07 23:43:42,531] {dag.py:2415} INFO - Creating ORM DAG for example_bash_operator
[2022-04-07 23:43:42,542] {logging_mixin.py:109} INFO - [2022-04-07 23:43:42,542] {dag.py:2935} INFO - Setting next_dagrun for example_bash_operator to 2022-04-06 00:00:00+00:00
[2022-04-07 23:43:42,560] {processor.py:171} INFO - Processing /home/airflow/.local/lib/python3.7/site-packages/airflow/example_dags/example_bash_operator.py took 2.263 seconds
[2022-04-07 23:44:12,884] {processor.py:163} INFO - Started process (PID=252) to work on /home/airflow/.local/lib/python3.7/site-packages/airflow/example_dags/example_bash_operator.py
[2022-04-07 23:44:12,886] {processor.py:642} INFO - Processing file /home/airflow/.local/lib/python3.7/site-packages/airflow/example_dags/example_bash_operator.py for tasks to queue
[2022-04-07 23:44:12,886] {logging_mixin.py:109} INFO - [2022-04-07 23:44:12,886] {dagbag.py:500} INFO - Filling up the DagBag from /home/airflow/.local/lib/python3.7/site-packages/airflow/example_dags/example_bash_operator.py
[2022-04-07 23:44:12,922] {processor.py:654} INFO - DAG(s) dict_keys(['example_bash_operator']) retrieved from /home/airflow/.local/lib/python3.7/site-packages/airflow/example_dags/example_bash_operator.py
[2022-04-07 23:44:12,933] {logging_mixin.py:109} INFO - [2022-04-07 23:44:12,933] {dag.py:2396} INFO - Sync 1 DAGs
[2022-04-07 23:44:12,950] {logging_mixin.py:109} INFO - [2022-04-07 23:44:12,949] {dag.py:2935} INFO - Setting next_dagrun for example_bash_operator to 2022-04-06 00:00:00+00:00
[2022-04-07 23:44:12,958] {processor.py:171} INFO - Processing /home/airflow/.local/lib/python3.7/site-packages/airflow/example_dags/example_bash_operator.py took 0.078 seconds
[2022-04-07 23:44:43,007] {processor.py:163} INFO - Started process (PID=303) to work on /home/airflow/.local/lib/python3.7/site-packages/airflow/example_dags/example_bash_operator.py
[2022-04-07 23:44:43,009] {processor.py:642} INFO - Processing file /home/airflow/.local/lib/python3.7/site-packages/airflow/example_dags/example_bash_operator.py for tasks to queue
[2022-04-07 23:44:43,010] {logging_mixin.py:109} INFO - [2022-04-07 23:44:43,010] {dagbag.py:500} INFO - Filling up the DagBag from /home/airflow/.local/lib/python3.7/site-packages/airflow/example_dags/example_bash_operator.py
[2022-04-07 23:44:43,049] {processor.py:654} INFO - DAG(s) dict_keys(['example_bash_operator']) retrieved from /home/airflow/.local/lib/python3.7/site-packages/airflow/example_dags/example_bash_operator.py
[2022-04-07 23:44:43,064] {logging_mixin.py:109} INFO - [2022-04-07 23:44:43,064] {dag.py:2396} INFO - Sync 1 DAGs
[2022-04-07 23:44:43,089] {logging_mixin.py:109} INFO - [2022-04-07 23:44:43,089] {dag.py:2935} INFO - Setting next_dagrun for example_bash_operator to 2022-04-06 00:00:00+00:00
[2022-04-07 23:44:43,101] {processor.py:171} INFO - Processing /home/airflow/.local/lib/python3.7/site-packages/airflow/example_dags/example_bash_operator.py took 0.099 seconds
[2022-04-07 23:45:13,492] {processor.py:163} INFO - Started process (PID=363) to work on /home/airflow/.local/lib/python3.7/site-packages/airflow/example_dags/example_bash_operator.py
[2022-04-07 23:45:13,493] {processor.py:642} INFO - Processing file /home/airflow/.local/lib/python3.7/site-packages/airflow/example_dags/example_bash_operator.py for tasks to queue
[2022-04-07 23:45:13,494] {logging_mixin.py:109} INFO - [2022-04-07 23:45:13,494] {dagbag.py:500} INFO - Filling up the DagBag from /home/airflow/.local/lib/python3.7/site-packages/airflow/example_dags/example_bash_operator.py
[2022-04-07 23:45:13,542] {processor.py:654} INFO - DAG(s) dict_keys(['example_bash_operator']) retrieved from /home/airflow/.local/lib/python3.7/site-packages/airflow/example_dags/example_bash_operator.py
[2022-04-07 23:45:13,554] {logging_mixin.py:109} INFO - [2022-04-07 23:45:13,554] {dag.py:2396} INFO - Sync 1 DAGs
[2022-04-07 23:45:13,571] {logging_mixin.py:109} INFO - [2022-04-07 23:45:13,571] {dag.py:2935} INFO - Setting next_dagrun for example_bash_operator to 2022-04-06 00:00:00+00:00
[2022-04-07 23:45:13,580] {processor.py:171} INFO - Processing /home/airflow/.local/lib/python3.7/site-packages/airflow/example_dags/example_bash_operator.py took 0.092 seconds
[2022-04-07 23:45:44,479] {processor.py:163} INFO - Started process (PID=415) to work on /home/airflow/.local/lib/python3.7/site-packages/airflow/example_dags/example_bash_operator.py
[2022-04-07 23:45:44,481] {processor.py:642} INFO - Processing file /home/airflow/.local/lib/python3.7/site-packages/airflow/example_dags/example_bash_operator.py for tasks to queue
[2022-04-07 23:45:44,482] {logging_mixin.py:109} INFO - [2022-04-07 23:45:44,482] {dagbag.py:500} INFO - Filling up the DagBag from /home/airflow/.local/lib/python3.7/site-packages/airflow/example_dags/example_bash_operator.py
[2022-04-07 23:45:44,522] {processor.py:654} INFO - DAG(s) dict_keys(['example_bash_operator']) retrieved from /home/airflow/.local/lib/python3.7/site-packages/airflow/example_dags/example_bash_operator.py
[2022-04-07 23:45:44,532] {logging_mixin.py:109} INFO - [2022-04-07 23:45:44,532] {dag.py:2396} INFO - Sync 1 DAGs
[2022-04-07 23:45:44,549] {logging_mixin.py:109} INFO - [2022-04-07 23:45:44,549] {dag.py:2935} INFO - Setting next_dagrun for example_bash_operator to 2022-04-06 00:00:00+00:00
[2022-04-07 23:45:44,558] {processor.py:171} INFO - Processing /home/airflow/.local/lib/python3.7/site-packages/airflow/example_dags/example_bash_operator.py took 0.085 seconds
[2022-04-07 23:46:14,950] {processor.py:163} INFO - Started process (PID=475) to work on /home/airflow/.local/lib/python3.7/site-packages/airflow/example_dags/example_bash_operator.py
[2022-04-07 23:46:14,952] {processor.py:642} INFO - Processing file /home/airflow/.local/lib/python3.7/site-packages/airflow/example_dags/example_bash_operator.py for tasks to queue
[2022-04-07 23:46:14,952] {logging_mixin.py:109} INFO - [2022-04-07 23:46:14,952] {dagbag.py:500} INFO - Filling up the DagBag from /home/airflow/.local/lib/python3.7/site-packages/airflow/example_dags/example_bash_operator.py
[2022-04-07 23:46:14,992] {processor.py:654} INFO - DAG(s) dict_keys(['example_bash_operator']) retrieved from /home/airflow/.local/lib/python3.7/site-packages/airflow/example_dags/example_bash_operator.py
[2022-04-07 23:46:15,006] {logging_mixin.py:109} INFO - [2022-04-07 23:46:15,006] {dag.py:2396} INFO - Sync 1 DAGs
[2022-04-07 23:46:15,031] {logging_mixin.py:109} INFO - [2022-04-07 23:46:15,031] {dag.py:2935} INFO - Setting next_dagrun for example_bash_operator to 2022-04-06 00:00:00+00:00
[2022-04-07 23:46:15,041] {processor.py:171} INFO - Processing /home/airflow/.local/lib/python3.7/site-packages/airflow/example_dags/example_bash_operator.py took 0.095 seconds
[2022-04-07 23:46:45,245] {processor.py:163} INFO - Started process (PID=528) to work on /home/airflow/.local/lib/python3.7/site-packages/airflow/example_dags/example_bash_operator.py
[2022-04-07 23:46:45,255] {processor.py:642} INFO - Processing file /home/airflow/.local/lib/python3.7/site-packages/airflow/example_dags/example_bash_operator.py for tasks to queue
[2022-04-07 23:46:45,256] {logging_mixin.py:109} INFO - [2022-04-07 23:46:45,255] {dagbag.py:500} INFO - Filling up the DagBag from /home/airflow/.local/lib/python3.7/site-packages/airflow/example_dags/example_bash_operator.py
[2022-04-07 23:46:45,302] {processor.py:654} INFO - DAG(s) dict_keys(['example_bash_operator']) retrieved from /home/airflow/.local/lib/python3.7/site-packages/airflow/example_dags/example_bash_operator.py
[2022-04-07 23:46:45,312] {logging_mixin.py:109} INFO - [2022-04-07 23:46:45,312] {dag.py:2396} INFO - Sync 1 DAGs
[2022-04-07 23:46:45,330] {logging_mixin.py:109} INFO - [2022-04-07 23:46:45,330] {dag.py:2935} INFO - Setting next_dagrun for example_bash_operator to 2022-04-06 00:00:00+00:00
[2022-04-07 23:46:45,338] {processor.py:171} INFO - Processing /home/airflow/.local/lib/python3.7/site-packages/airflow/example_dags/example_bash_operator.py took 0.098 seconds
[2022-04-07 23:47:15,690] {processor.py:163} INFO - Started process (PID=589) to work on /home/airflow/.local/lib/python3.7/site-packages/airflow/example_dags/example_bash_operator.py
[2022-04-07 23:47:15,691] {processor.py:642} INFO - Processing file /home/airflow/.local/lib/python3.7/site-packages/airflow/example_dags/example_bash_operator.py for tasks to queue
[2022-04-07 23:47:15,692] {logging_mixin.py:109} INFO - [2022-04-07 23:47:15,692] {dagbag.py:500} INFO - Filling up the DagBag from /home/airflow/.local/lib/python3.7/site-packages/airflow/example_dags/example_bash_operator.py
[2022-04-07 23:47:15,727] {processor.py:654} INFO - DAG(s) dict_keys(['example_bash_operator']) retrieved from /home/airflow/.local/lib/python3.7/site-packages/airflow/example_dags/example_bash_operator.py
[2022-04-07 23:47:15,738] {logging_mixin.py:109} INFO - [2022-04-07 23:47:15,738] {dag.py:2396} INFO - Sync 1 DAGs
[2022-04-07 23:47:15,754] {logging_mixin.py:109} INFO - [2022-04-07 23:47:15,754] {dag.py:2935} INFO - Setting next_dagrun for example_bash_operator to 2022-04-06 00:00:00+00:00
[2022-04-07 23:47:15,763] {processor.py:171} INFO - Processing /home/airflow/.local/lib/python3.7/site-packages/airflow/example_dags/example_bash_operator.py took 0.077 seconds
[2022-04-07 23:47:46,517] {processor.py:163} INFO - Started process (PID=641) to work on /home/airflow/.local/lib/python3.7/site-packages/airflow/example_dags/example_bash_operator.py
[2022-04-07 23:47:46,519] {processor.py:642} INFO - Processing file /home/airflow/.local/lib/python3.7/site-packages/airflow/example_dags/example_bash_operator.py for tasks to queue
[2022-04-07 23:47:46,520] {logging_mixin.py:109} INFO - [2022-04-07 23:47:46,520] {dagbag.py:500} INFO - Filling up the DagBag from /home/airflow/.local/lib/python3.7/site-packages/airflow/example_dags/example_bash_operator.py
[2022-04-07 23:47:46,575] {processor.py:654} INFO - DAG(s) dict_keys(['example_bash_operator']) retrieved from /home/airflow/.local/lib/python3.7/site-packages/airflow/example_dags/example_bash_operator.py
[2022-04-07 23:47:46,589] {logging_mixin.py:109} INFO - [2022-04-07 23:47:46,589] {dag.py:2396} INFO - Sync 1 DAGs
[2022-04-07 23:47:46,614] {logging_mixin.py:109} INFO - [2022-04-07 23:47:46,614] {dag.py:2935} INFO - Setting next_dagrun for example_bash_operator to 2022-04-06 00:00:00+00:00
[2022-04-07 23:47:46,625] {processor.py:171} INFO - Processing /home/airflow/.local/lib/python3.7/site-packages/airflow/example_dags/example_bash_operator.py took 0.113 seconds
[2022-04-07 23:48:16,941] {processor.py:163} INFO - Started process (PID=702) to work on /home/airflow/.local/lib/python3.7/site-packages/airflow/example_dags/example_bash_operator.py
[2022-04-07 23:48:16,943] {processor.py:642} INFO - Processing file /home/airflow/.local/lib/python3.7/site-packages/airflow/example_dags/example_bash_operator.py for tasks to queue
[2022-04-07 23:48:16,943] {logging_mixin.py:109} INFO - [2022-04-07 23:48:16,943] {dagbag.py:500} INFO - Filling up the DagBag from /home/airflow/.local/lib/python3.7/site-packages/airflow/example_dags/example_bash_operator.py
[2022-04-07 23:48:16,979] {processor.py:654} INFO - DAG(s) dict_keys(['example_bash_operator']) retrieved from /home/airflow/.local/lib/python3.7/site-packages/airflow/example_dags/example_bash_operator.py
[2022-04-07 23:48:16,993] {logging_mixin.py:109} INFO - [2022-04-07 23:48:16,993] {dag.py:2396} INFO - Sync 1 DAGs
[2022-04-07 23:48:17,016] {logging_mixin.py:109} INFO - [2022-04-07 23:48:17,016] {dag.py:2935} INFO - Setting next_dagrun for example_bash_operator to 2022-04-06 00:00:00+00:00
[2022-04-07 23:48:17,025] {processor.py:171} INFO - Processing /home/airflow/.local/lib/python3.7/site-packages/airflow/example_dags/example_bash_operator.py took 0.089 seconds
[2022-04-07 23:48:48,169] {processor.py:163} INFO - Started process (PID=759) to work on /home/airflow/.local/lib/python3.7/site-packages/airflow/example_dags/example_bash_operator.py
[2022-04-07 23:48:48,172] {processor.py:642} INFO - Processing file /home/airflow/.local/lib/python3.7/site-packages/airflow/example_dags/example_bash_operator.py for tasks to queue
[2022-04-07 23:48:48,173] {logging_mixin.py:109} INFO - [2022-04-07 23:48:48,172] {dagbag.py:500} INFO - Filling up the DagBag from /home/airflow/.local/lib/python3.7/site-packages/airflow/example_dags/example_bash_operator.py
[2022-04-07 23:48:48,221] {processor.py:654} INFO - DAG(s) dict_keys(['example_bash_operator']) retrieved from /home/airflow/.local/lib/python3.7/site-packages/airflow/example_dags/example_bash_operator.py
[2022-04-07 23:48:48,236] {logging_mixin.py:109} INFO - [2022-04-07 23:48:48,236] {dag.py:2396} INFO - Sync 1 DAGs
[2022-04-07 23:48:48,261] {logging_mixin.py:109} INFO - [2022-04-07 23:48:48,261] {dag.py:2935} INFO - Setting next_dagrun for example_bash_operator to 2022-04-06 00:00:00+00:00
[2022-04-07 23:48:48,272] {processor.py:171} INFO - Processing /home/airflow/.local/lib/python3.7/site-packages/airflow/example_dags/example_bash_operator.py took 0.108 seconds
[2022-04-07 23:49:19,600] {processor.py:163} INFO - Started process (PID=821) to work on /home/airflow/.local/lib/python3.7/site-packages/airflow/example_dags/example_bash_operator.py
[2022-04-07 23:49:19,602] {processor.py:642} INFO - Processing file /home/airflow/.local/lib/python3.7/site-packages/airflow/example_dags/example_bash_operator.py for tasks to queue
[2022-04-07 23:49:19,603] {logging_mixin.py:109} INFO - [2022-04-07 23:49:19,603] {dagbag.py:500} INFO - Filling up the DagBag from /home/airflow/.local/lib/python3.7/site-packages/airflow/example_dags/example_bash_operator.py
[2022-04-07 23:49:19,654] {processor.py:654} INFO - DAG(s) dict_keys(['example_bash_operator']) retrieved from /home/airflow/.local/lib/python3.7/site-packages/airflow/example_dags/example_bash_operator.py
[2022-04-07 23:49:19,669] {logging_mixin.py:109} INFO - [2022-04-07 23:49:19,669] {dag.py:2396} INFO - Sync 1 DAGs
[2022-04-07 23:49:19,694] {logging_mixin.py:109} INFO - [2022-04-07 23:49:19,694] {dag.py:2935} INFO - Setting next_dagrun for example_bash_operator to 2022-04-06 00:00:00+00:00
[2022-04-07 23:49:19,705] {processor.py:171} INFO - Processing /home/airflow/.local/lib/python3.7/site-packages/airflow/example_dags/example_bash_operator.py took 0.110 seconds
[2022-04-07 23:49:50,733] {processor.py:163} INFO - Started process (PID=872) to work on /home/airflow/.local/lib/python3.7/site-packages/airflow/example_dags/example_bash_operator.py
[2022-04-07 23:49:50,736] {processor.py:642} INFO - Processing file /home/airflow/.local/lib/python3.7/site-packages/airflow/example_dags/example_bash_operator.py for tasks to queue
[2022-04-07 23:49:50,737] {logging_mixin.py:109} INFO - [2022-04-07 23:49:50,736] {dagbag.py:500} INFO - Filling up the DagBag from /home/airflow/.local/lib/python3.7/site-packages/airflow/example_dags/example_bash_operator.py
[2022-04-07 23:49:50,779] {processor.py:654} INFO - DAG(s) dict_keys(['example_bash_operator']) retrieved from /home/airflow/.local/lib/python3.7/site-packages/airflow/example_dags/example_bash_operator.py
[2022-04-07 23:49:50,793] {logging_mixin.py:109} INFO - [2022-04-07 23:49:50,793] {dag.py:2396} INFO - Sync 1 DAGs
[2022-04-07 23:49:50,814] {logging_mixin.py:109} INFO - [2022-04-07 23:49:50,814] {dag.py:2935} INFO - Setting next_dagrun for example_bash_operator to 2022-04-06 00:00:00+00:00
[2022-04-07 23:49:50,825] {processor.py:171} INFO - Processing /home/airflow/.local/lib/python3.7/site-packages/airflow/example_dags/example_bash_operator.py took 0.096 seconds
[2022-04-07 23:50:21,293] {processor.py:163} INFO - Started process (PID=932) to work on /home/airflow/.local/lib/python3.7/site-packages/airflow/example_dags/example_bash_operator.py
[2022-04-07 23:50:21,294] {processor.py:642} INFO - Processing file /home/airflow/.local/lib/python3.7/site-packages/airflow/example_dags/example_bash_operator.py for tasks to queue
[2022-04-07 23:50:21,295] {logging_mixin.py:109} INFO - [2022-04-07 23:50:21,295] {dagbag.py:500} INFO - Filling up the DagBag from /home/airflow/.local/lib/python3.7/site-packages/airflow/example_dags/example_bash_operator.py
[2022-04-07 23:50:21,331] {processor.py:654} INFO - DAG(s) dict_keys(['example_bash_operator']) retrieved from /home/airflow/.local/lib/python3.7/site-packages/airflow/example_dags/example_bash_operator.py
[2022-04-07 23:50:21,342] {logging_mixin.py:109} INFO - [2022-04-07 23:50:21,342] {dag.py:2396} INFO - Sync 1 DAGs
[2022-04-07 23:50:21,359] {logging_mixin.py:109} INFO - [2022-04-07 23:50:21,359] {dag.py:2935} INFO - Setting next_dagrun for example_bash_operator to 2022-04-06 00:00:00+00:00
[2022-04-07 23:50:21,369] {processor.py:171} INFO - Processing /home/airflow/.local/lib/python3.7/site-packages/airflow/example_dags/example_bash_operator.py took 0.081 seconds
[2022-04-07 23:50:51,754] {processor.py:163} INFO - Started process (PID=983) to work on /home/airflow/.local/lib/python3.7/site-packages/airflow/example_dags/example_bash_operator.py
[2022-04-07 23:50:51,756] {processor.py:642} INFO - Processing file /home/airflow/.local/lib/python3.7/site-packages/airflow/example_dags/example_bash_operator.py for tasks to queue
[2022-04-07 23:50:51,757] {logging_mixin.py:109} INFO - [2022-04-07 23:50:51,757] {dagbag.py:500} INFO - Filling up the DagBag from /home/airflow/.local/lib/python3.7/site-packages/airflow/example_dags/example_bash_operator.py
[2022-04-07 23:50:51,792] {processor.py:654} INFO - DAG(s) dict_keys(['example_bash_operator']) retrieved from /home/airflow/.local/lib/python3.7/site-packages/airflow/example_dags/example_bash_operator.py
[2022-04-07 23:50:51,804] {logging_mixin.py:109} INFO - [2022-04-07 23:50:51,804] {dag.py:2396} INFO - Sync 1 DAGs
[2022-04-07 23:50:51,821] {logging_mixin.py:109} INFO - [2022-04-07 23:50:51,821] {dag.py:2935} INFO - Setting next_dagrun for example_bash_operator to 2022-04-06 00:00:00+00:00
[2022-04-07 23:50:51,830] {processor.py:171} INFO - Processing /home/airflow/.local/lib/python3.7/site-packages/airflow/example_dags/example_bash_operator.py took 0.080 seconds
[2022-04-07 23:51:22,006] {processor.py:163} INFO - Started process (PID=1044) to work on /home/airflow/.local/lib/python3.7/site-packages/airflow/example_dags/example_bash_operator.py
[2022-04-07 23:51:22,008] {processor.py:642} INFO - Processing file /home/airflow/.local/lib/python3.7/site-packages/airflow/example_dags/example_bash_operator.py for tasks to queue
[2022-04-07 23:51:22,008] {logging_mixin.py:109} INFO - [2022-04-07 23:51:22,008] {dagbag.py:500} INFO - Filling up the DagBag from /home/airflow/.local/lib/python3.7/site-packages/airflow/example_dags/example_bash_operator.py
[2022-04-07 23:51:22,046] {processor.py:654} INFO - DAG(s) dict_keys(['example_bash_operator']) retrieved from /home/airflow/.local/lib/python3.7/site-packages/airflow/example_dags/example_bash_operator.py
[2022-04-07 23:51:22,057] {logging_mixin.py:109} INFO - [2022-04-07 23:51:22,056] {dag.py:2396} INFO - Sync 1 DAGs
[2022-04-07 23:51:22,074] {logging_mixin.py:109} INFO - [2022-04-07 23:51:22,073] {dag.py:2935} INFO - Setting next_dagrun for example_bash_operator to 2022-04-06 00:00:00+00:00
[2022-04-07 23:51:22,082] {processor.py:171} INFO - Processing /home/airflow/.local/lib/python3.7/site-packages/airflow/example_dags/example_bash_operator.py took 0.080 seconds
[2022-04-07 23:51:52,112] {processor.py:163} INFO - Started process (PID=1095) to work on /home/airflow/.local/lib/python3.7/site-packages/airflow/example_dags/example_bash_operator.py
[2022-04-07 23:51:52,114] {processor.py:642} INFO - Processing file /home/airflow/.local/lib/python3.7/site-packages/airflow/example_dags/example_bash_operator.py for tasks to queue
[2022-04-07 23:51:52,115] {logging_mixin.py:109} INFO - [2022-04-07 23:51:52,115] {dagbag.py:500} INFO - Filling up the DagBag from /home/airflow/.local/lib/python3.7/site-packages/airflow/example_dags/example_bash_operator.py
[2022-04-07 23:51:52,162] {processor.py:654} INFO - DAG(s) dict_keys(['example_bash_operator']) retrieved from /home/airflow/.local/lib/python3.7/site-packages/airflow/example_dags/example_bash_operator.py
[2022-04-07 23:51:52,179] {logging_mixin.py:109} INFO - [2022-04-07 23:51:52,178] {dag.py:2396} INFO - Sync 1 DAGs
[2022-04-07 23:51:52,207] {logging_mixin.py:109} INFO - [2022-04-07 23:51:52,207] {dag.py:2935} INFO - Setting next_dagrun for example_bash_operator to 2022-04-06 00:00:00+00:00
[2022-04-07 23:51:52,219] {processor.py:171} INFO - Processing /home/airflow/.local/lib/python3.7/site-packages/airflow/example_dags/example_bash_operator.py took 0.113 seconds
[2022-04-07 23:52:22,427] {processor.py:163} INFO - Started process (PID=1157) to work on /home/airflow/.local/lib/python3.7/site-packages/airflow/example_dags/example_bash_operator.py
[2022-04-07 23:52:22,429] {processor.py:642} INFO - Processing file /home/airflow/.local/lib/python3.7/site-packages/airflow/example_dags/example_bash_operator.py for tasks to queue
[2022-04-07 23:52:22,429] {logging_mixin.py:109} INFO - [2022-04-07 23:52:22,429] {dagbag.py:500} INFO - Filling up the DagBag from /home/airflow/.local/lib/python3.7/site-packages/airflow/example_dags/example_bash_operator.py
[2022-04-07 23:52:22,473] {processor.py:654} INFO - DAG(s) dict_keys(['example_bash_operator']) retrieved from /home/airflow/.local/lib/python3.7/site-packages/airflow/example_dags/example_bash_operator.py
[2022-04-07 23:52:22,484] {logging_mixin.py:109} INFO - [2022-04-07 23:52:22,483] {dag.py:2396} INFO - Sync 1 DAGs
[2022-04-07 23:52:22,504] {logging_mixin.py:109} INFO - [2022-04-07 23:52:22,504] {dag.py:2935} INFO - Setting next_dagrun for example_bash_operator to 2022-04-06 00:00:00+00:00
[2022-04-07 23:52:22,513] {processor.py:171} INFO - Processing /home/airflow/.local/lib/python3.7/site-packages/airflow/example_dags/example_bash_operator.py took 0.090 seconds
[2022-04-07 23:52:52,773] {processor.py:163} INFO - Started process (PID=1208) to work on /home/airflow/.local/lib/python3.7/site-packages/airflow/example_dags/example_bash_operator.py
[2022-04-07 23:52:52,775] {processor.py:642} INFO - Processing file /home/airflow/.local/lib/python3.7/site-packages/airflow/example_dags/example_bash_operator.py for tasks to queue
[2022-04-07 23:52:52,776] {logging_mixin.py:109} INFO - [2022-04-07 23:52:52,776] {dagbag.py:500} INFO - Filling up the DagBag from /home/airflow/.local/lib/python3.7/site-packages/airflow/example_dags/example_bash_operator.py
[2022-04-07 23:52:52,811] {processor.py:654} INFO - DAG(s) dict_keys(['example_bash_operator']) retrieved from /home/airflow/.local/lib/python3.7/site-packages/airflow/example_dags/example_bash_operator.py
[2022-04-07 23:52:52,827] {logging_mixin.py:109} INFO - [2022-04-07 23:52:52,826] {dag.py:2396} INFO - Sync 1 DAGs
[2022-04-07 23:52:52,851] {logging_mixin.py:109} INFO - [2022-04-07 23:52:52,851] {dag.py:2935} INFO - Setting next_dagrun for example_bash_operator to 2022-04-06 00:00:00+00:00
[2022-04-07 23:52:52,862] {processor.py:171} INFO - Processing /home/airflow/.local/lib/python3.7/site-packages/airflow/example_dags/example_bash_operator.py took 0.093 seconds
[2022-04-07 23:53:23,038] {processor.py:163} INFO - Started process (PID=1268) to work on /home/airflow/.local/lib/python3.7/site-packages/airflow/example_dags/example_bash_operator.py
[2022-04-07 23:53:23,040] {processor.py:642} INFO - Processing file /home/airflow/.local/lib/python3.7/site-packages/airflow/example_dags/example_bash_operator.py for tasks to queue
[2022-04-07 23:53:23,040] {logging_mixin.py:109} INFO - [2022-04-07 23:53:23,040] {dagbag.py:500} INFO - Filling up the DagBag from /home/airflow/.local/lib/python3.7/site-packages/airflow/example_dags/example_bash_operator.py
[2022-04-07 23:53:23,078] {processor.py:654} INFO - DAG(s) dict_keys(['example_bash_operator']) retrieved from /home/airflow/.local/lib/python3.7/site-packages/airflow/example_dags/example_bash_operator.py
[2022-04-07 23:53:23,088] {logging_mixin.py:109} INFO - [2022-04-07 23:53:23,088] {dag.py:2396} INFO - Sync 1 DAGs
[2022-04-07 23:53:23,104] {logging_mixin.py:109} INFO - [2022-04-07 23:53:23,104] {dag.py:2935} INFO - Setting next_dagrun for example_bash_operator to 2022-04-06 00:00:00+00:00
[2022-04-07 23:53:23,115] {processor.py:171} INFO - Processing /home/airflow/.local/lib/python3.7/site-packages/airflow/example_dags/example_bash_operator.py took 0.082 seconds
[2022-04-07 23:53:53,413] {processor.py:163} INFO - Started process (PID=1320) to work on /home/airflow/.local/lib/python3.7/site-packages/airflow/example_dags/example_bash_operator.py
[2022-04-07 23:53:53,415] {processor.py:642} INFO - Processing file /home/airflow/.local/lib/python3.7/site-packages/airflow/example_dags/example_bash_operator.py for tasks to queue
[2022-04-07 23:53:53,416] {logging_mixin.py:109} INFO - [2022-04-07 23:53:53,415] {dagbag.py:500} INFO - Filling up the DagBag from /home/airflow/.local/lib/python3.7/site-packages/airflow/example_dags/example_bash_operator.py
[2022-04-07 23:53:53,451] {processor.py:654} INFO - DAG(s) dict_keys(['example_bash_operator']) retrieved from /home/airflow/.local/lib/python3.7/site-packages/airflow/example_dags/example_bash_operator.py
[2022-04-07 23:53:53,466] {logging_mixin.py:109} INFO - [2022-04-07 23:53:53,465] {dag.py:2396} INFO - Sync 1 DAGs
[2022-04-07 23:53:53,489] {logging_mixin.py:109} INFO - [2022-04-07 23:53:53,489] {dag.py:2935} INFO - Setting next_dagrun for example_bash_operator to 2022-04-06 00:00:00+00:00
[2022-04-07 23:53:53,500] {processor.py:171} INFO - Processing /home/airflow/.local/lib/python3.7/site-packages/airflow/example_dags/example_bash_operator.py took 0.092 seconds
[2022-04-07 23:54:23,804] {processor.py:163} INFO - Started process (PID=1381) to work on /home/airflow/.local/lib/python3.7/site-packages/airflow/example_dags/example_bash_operator.py
[2022-04-07 23:54:23,807] {processor.py:642} INFO - Processing file /home/airflow/.local/lib/python3.7/site-packages/airflow/example_dags/example_bash_operator.py for tasks to queue
[2022-04-07 23:54:23,808] {logging_mixin.py:109} INFO - [2022-04-07 23:54:23,808] {dagbag.py:500} INFO - Filling up the DagBag from /home/airflow/.local/lib/python3.7/site-packages/airflow/example_dags/example_bash_operator.py
[2022-04-07 23:54:23,856] {processor.py:654} INFO - DAG(s) dict_keys(['example_bash_operator']) retrieved from /home/airflow/.local/lib/python3.7/site-packages/airflow/example_dags/example_bash_operator.py
[2022-04-07 23:54:23,866] {logging_mixin.py:109} INFO - [2022-04-07 23:54:23,866] {dag.py:2396} INFO - Sync 1 DAGs
[2022-04-07 23:54:23,883] {logging_mixin.py:109} INFO - [2022-04-07 23:54:23,883] {dag.py:2935} INFO - Setting next_dagrun for example_bash_operator to 2022-04-06 00:00:00+00:00
[2022-04-07 23:54:23,892] {processor.py:171} INFO - Processing /home/airflow/.local/lib/python3.7/site-packages/airflow/example_dags/example_bash_operator.py took 0.094 seconds
[2022-04-07 23:54:54,250] {processor.py:163} INFO - Started process (PID=1433) to work on /home/airflow/.local/lib/python3.7/site-packages/airflow/example_dags/example_bash_operator.py
[2022-04-07 23:54:54,252] {processor.py:642} INFO - Processing file /home/airflow/.local/lib/python3.7/site-packages/airflow/example_dags/example_bash_operator.py for tasks to queue
[2022-04-07 23:54:54,253] {logging_mixin.py:109} INFO - [2022-04-07 23:54:54,252] {dagbag.py:500} INFO - Filling up the DagBag from /home/airflow/.local/lib/python3.7/site-packages/airflow/example_dags/example_bash_operator.py
[2022-04-07 23:54:54,289] {processor.py:654} INFO - DAG(s) dict_keys(['example_bash_operator']) retrieved from /home/airflow/.local/lib/python3.7/site-packages/airflow/example_dags/example_bash_operator.py
[2022-04-07 23:54:54,303] {logging_mixin.py:109} INFO - [2022-04-07 23:54:54,303] {dag.py:2396} INFO - Sync 1 DAGs
[2022-04-07 23:54:54,327] {logging_mixin.py:109} INFO - [2022-04-07 23:54:54,327] {dag.py:2935} INFO - Setting next_dagrun for example_bash_operator to 2022-04-06 00:00:00+00:00
[2022-04-07 23:54:54,336] {processor.py:171} INFO - Processing /home/airflow/.local/lib/python3.7/site-packages/airflow/example_dags/example_bash_operator.py took 0.091 seconds
[2022-04-07 23:55:24,425] {processor.py:163} INFO - Started process (PID=1496) to work on /home/airflow/.local/lib/python3.7/site-packages/airflow/example_dags/example_bash_operator.py
[2022-04-07 23:55:24,427] {processor.py:642} INFO - Processing file /home/airflow/.local/lib/python3.7/site-packages/airflow/example_dags/example_bash_operator.py for tasks to queue
[2022-04-07 23:55:24,428] {logging_mixin.py:109} INFO - [2022-04-07 23:55:24,428] {dagbag.py:500} INFO - Filling up the DagBag from /home/airflow/.local/lib/python3.7/site-packages/airflow/example_dags/example_bash_operator.py
[2022-04-07 23:55:24,478] {processor.py:654} INFO - DAG(s) dict_keys(['example_bash_operator']) retrieved from /home/airflow/.local/lib/python3.7/site-packages/airflow/example_dags/example_bash_operator.py
[2022-04-07 23:55:24,493] {logging_mixin.py:109} INFO - [2022-04-07 23:55:24,492] {dag.py:2396} INFO - Sync 1 DAGs
[2022-04-07 23:55:24,511] {logging_mixin.py:109} INFO - [2022-04-07 23:55:24,511] {dag.py:2935} INFO - Setting next_dagrun for example_bash_operator to 2022-04-06 00:00:00+00:00
[2022-04-07 23:55:24,520] {processor.py:171} INFO - Processing /home/airflow/.local/lib/python3.7/site-packages/airflow/example_dags/example_bash_operator.py took 0.100 seconds
[2022-04-07 23:55:55,266] {processor.py:163} INFO - Started process (PID=1547) to work on /home/airflow/.local/lib/python3.7/site-packages/airflow/example_dags/example_bash_operator.py
[2022-04-07 23:55:55,269] {processor.py:642} INFO - Processing file /home/airflow/.local/lib/python3.7/site-packages/airflow/example_dags/example_bash_operator.py for tasks to queue
[2022-04-07 23:55:55,270] {logging_mixin.py:109} INFO - [2022-04-07 23:55:55,270] {dagbag.py:500} INFO - Filling up the DagBag from /home/airflow/.local/lib/python3.7/site-packages/airflow/example_dags/example_bash_operator.py
[2022-04-07 23:55:55,317] {processor.py:654} INFO - DAG(s) dict_keys(['example_bash_operator']) retrieved from /home/airflow/.local/lib/python3.7/site-packages/airflow/example_dags/example_bash_operator.py
[2022-04-07 23:55:55,332] {logging_mixin.py:109} INFO - [2022-04-07 23:55:55,332] {dag.py:2396} INFO - Sync 1 DAGs
[2022-04-07 23:55:55,355] {logging_mixin.py:109} INFO - [2022-04-07 23:55:55,355] {dag.py:2935} INFO - Setting next_dagrun for example_bash_operator to 2022-04-06 00:00:00+00:00
[2022-04-07 23:55:55,366] {processor.py:171} INFO - Processing /home/airflow/.local/lib/python3.7/site-packages/airflow/example_dags/example_bash_operator.py took 0.105 seconds
[2022-04-07 23:56:25,577] {processor.py:163} INFO - Started process (PID=1608) to work on /home/airflow/.local/lib/python3.7/site-packages/airflow/example_dags/example_bash_operator.py
[2022-04-07 23:56:25,579] {processor.py:642} INFO - Processing file /home/airflow/.local/lib/python3.7/site-packages/airflow/example_dags/example_bash_operator.py for tasks to queue
[2022-04-07 23:56:25,580] {logging_mixin.py:109} INFO - [2022-04-07 23:56:25,580] {dagbag.py:500} INFO - Filling up the DagBag from /home/airflow/.local/lib/python3.7/site-packages/airflow/example_dags/example_bash_operator.py
[2022-04-07 23:56:25,615] {processor.py:654} INFO - DAG(s) dict_keys(['example_bash_operator']) retrieved from /home/airflow/.local/lib/python3.7/site-packages/airflow/example_dags/example_bash_operator.py
[2022-04-07 23:56:25,630] {logging_mixin.py:109} INFO - [2022-04-07 23:56:25,630] {dag.py:2396} INFO - Sync 1 DAGs
[2022-04-07 23:56:25,651] {logging_mixin.py:109} INFO - [2022-04-07 23:56:25,651] {dag.py:2935} INFO - Setting next_dagrun for example_bash_operator to 2022-04-06 00:00:00+00:00
[2022-04-07 23:56:25,660] {processor.py:171} INFO - Processing /home/airflow/.local/lib/python3.7/site-packages/airflow/example_dags/example_bash_operator.py took 0.087 seconds
[2022-04-07 23:56:55,771] {processor.py:163} INFO - Started process (PID=1661) to work on /home/airflow/.local/lib/python3.7/site-packages/airflow/example_dags/example_bash_operator.py
[2022-04-07 23:56:55,773] {processor.py:642} INFO - Processing file /home/airflow/.local/lib/python3.7/site-packages/airflow/example_dags/example_bash_operator.py for tasks to queue
[2022-04-07 23:56:55,774] {logging_mixin.py:109} INFO - [2022-04-07 23:56:55,774] {dagbag.py:500} INFO - Filling up the DagBag from /home/airflow/.local/lib/python3.7/site-packages/airflow/example_dags/example_bash_operator.py
[2022-04-07 23:56:55,811] {processor.py:654} INFO - DAG(s) dict_keys(['example_bash_operator']) retrieved from /home/airflow/.local/lib/python3.7/site-packages/airflow/example_dags/example_bash_operator.py
[2022-04-07 23:56:55,826] {logging_mixin.py:109} INFO - [2022-04-07 23:56:55,826] {dag.py:2396} INFO - Sync 1 DAGs
[2022-04-07 23:56:55,851] {logging_mixin.py:109} INFO - [2022-04-07 23:56:55,851] {dag.py:2935} INFO - Setting next_dagrun for example_bash_operator to 2022-04-06 00:00:00+00:00
[2022-04-07 23:56:55,862] {processor.py:171} INFO - Processing /home/airflow/.local/lib/python3.7/site-packages/airflow/example_dags/example_bash_operator.py took 0.096 seconds
[2022-04-07 23:57:26,207] {processor.py:163} INFO - Started process (PID=1724) to work on /home/airflow/.local/lib/python3.7/site-packages/airflow/example_dags/example_bash_operator.py
[2022-04-07 23:57:26,209] {processor.py:642} INFO - Processing file /home/airflow/.local/lib/python3.7/site-packages/airflow/example_dags/example_bash_operator.py for tasks to queue
[2022-04-07 23:57:26,210] {logging_mixin.py:109} INFO - [2022-04-07 23:57:26,210] {dagbag.py:500} INFO - Filling up the DagBag from /home/airflow/.local/lib/python3.7/site-packages/airflow/example_dags/example_bash_operator.py
[2022-04-07 23:57:26,246] {processor.py:654} INFO - DAG(s) dict_keys(['example_bash_operator']) retrieved from /home/airflow/.local/lib/python3.7/site-packages/airflow/example_dags/example_bash_operator.py
[2022-04-07 23:57:26,256] {logging_mixin.py:109} INFO - [2022-04-07 23:57:26,256] {dag.py:2396} INFO - Sync 1 DAGs
[2022-04-07 23:57:26,272] {logging_mixin.py:109} INFO - [2022-04-07 23:57:26,272] {dag.py:2935} INFO - Setting next_dagrun for example_bash_operator to 2022-04-06 00:00:00+00:00
[2022-04-07 23:57:26,281] {processor.py:171} INFO - Processing /home/airflow/.local/lib/python3.7/site-packages/airflow/example_dags/example_bash_operator.py took 0.078 seconds
[2022-04-07 23:57:56,692] {processor.py:163} INFO - Started process (PID=1776) to work on /home/airflow/.local/lib/python3.7/site-packages/airflow/example_dags/example_bash_operator.py
[2022-04-07 23:57:56,694] {processor.py:642} INFO - Processing file /home/airflow/.local/lib/python3.7/site-packages/airflow/example_dags/example_bash_operator.py for tasks to queue
[2022-04-07 23:57:56,694] {logging_mixin.py:109} INFO - [2022-04-07 23:57:56,694] {dagbag.py:500} INFO - Filling up the DagBag from /home/airflow/.local/lib/python3.7/site-packages/airflow/example_dags/example_bash_operator.py
[2022-04-07 23:57:56,731] {processor.py:654} INFO - DAG(s) dict_keys(['example_bash_operator']) retrieved from /home/airflow/.local/lib/python3.7/site-packages/airflow/example_dags/example_bash_operator.py
[2022-04-07 23:57:56,746] {logging_mixin.py:109} INFO - [2022-04-07 23:57:56,745] {dag.py:2396} INFO - Sync 1 DAGs
[2022-04-07 23:57:56,770] {logging_mixin.py:109} INFO - [2022-04-07 23:57:56,769] {dag.py:2935} INFO - Setting next_dagrun for example_bash_operator to 2022-04-06 00:00:00+00:00
[2022-04-07 23:57:56,784] {processor.py:171} INFO - Processing /home/airflow/.local/lib/python3.7/site-packages/airflow/example_dags/example_bash_operator.py took 0.097 seconds
[2022-04-07 23:58:26,916] {processor.py:163} INFO - Started process (PID=1840) to work on /home/airflow/.local/lib/python3.7/site-packages/airflow/example_dags/example_bash_operator.py
[2022-04-07 23:58:26,918] {processor.py:642} INFO - Processing file /home/airflow/.local/lib/python3.7/site-packages/airflow/example_dags/example_bash_operator.py for tasks to queue
[2022-04-07 23:58:26,918] {logging_mixin.py:109} INFO - [2022-04-07 23:58:26,918] {dagbag.py:500} INFO - Filling up the DagBag from /home/airflow/.local/lib/python3.7/site-packages/airflow/example_dags/example_bash_operator.py
[2022-04-07 23:58:26,956] {processor.py:654} INFO - DAG(s) dict_keys(['example_bash_operator']) retrieved from /home/airflow/.local/lib/python3.7/site-packages/airflow/example_dags/example_bash_operator.py
[2022-04-07 23:58:26,971] {logging_mixin.py:109} INFO - [2022-04-07 23:58:26,970] {dag.py:2396} INFO - Sync 1 DAGs
[2022-04-07 23:58:26,996] {logging_mixin.py:109} INFO - [2022-04-07 23:58:26,996] {dag.py:2935} INFO - Setting next_dagrun for example_bash_operator to 2022-04-06 00:00:00+00:00
[2022-04-07 23:58:27,008] {processor.py:171} INFO - Processing /home/airflow/.local/lib/python3.7/site-packages/airflow/example_dags/example_bash_operator.py took 0.098 seconds
[2022-04-07 23:58:57,390] {processor.py:163} INFO - Started process (PID=1892) to work on /home/airflow/.local/lib/python3.7/site-packages/airflow/example_dags/example_bash_operator.py
[2022-04-07 23:58:57,392] {processor.py:642} INFO - Processing file /home/airflow/.local/lib/python3.7/site-packages/airflow/example_dags/example_bash_operator.py for tasks to queue
[2022-04-07 23:58:57,393] {logging_mixin.py:109} INFO - [2022-04-07 23:58:57,392] {dagbag.py:500} INFO - Filling up the DagBag from /home/airflow/.local/lib/python3.7/site-packages/airflow/example_dags/example_bash_operator.py
[2022-04-07 23:58:57,432] {processor.py:654} INFO - DAG(s) dict_keys(['example_bash_operator']) retrieved from /home/airflow/.local/lib/python3.7/site-packages/airflow/example_dags/example_bash_operator.py
[2022-04-07 23:58:57,447] {logging_mixin.py:109} INFO - [2022-04-07 23:58:57,447] {dag.py:2396} INFO - Sync 1 DAGs
[2022-04-07 23:58:57,472] {logging_mixin.py:109} INFO - [2022-04-07 23:58:57,472] {dag.py:2935} INFO - Setting next_dagrun for example_bash_operator to 2022-04-06 00:00:00+00:00
[2022-04-07 23:58:57,481] {processor.py:171} INFO - Processing /home/airflow/.local/lib/python3.7/site-packages/airflow/example_dags/example_bash_operator.py took 0.094 seconds
[2022-04-07 23:59:27,865] {processor.py:163} INFO - Started process (PID=1950) to work on /home/airflow/.local/lib/python3.7/site-packages/airflow/example_dags/example_bash_operator.py
[2022-04-07 23:59:27,867] {processor.py:642} INFO - Processing file /home/airflow/.local/lib/python3.7/site-packages/airflow/example_dags/example_bash_operator.py for tasks to queue
[2022-04-07 23:59:27,868] {logging_mixin.py:109} INFO - [2022-04-07 23:59:27,868] {dagbag.py:500} INFO - Filling up the DagBag from /home/airflow/.local/lib/python3.7/site-packages/airflow/example_dags/example_bash_operator.py
[2022-04-07 23:59:27,905] {processor.py:654} INFO - DAG(s) dict_keys(['example_bash_operator']) retrieved from /home/airflow/.local/lib/python3.7/site-packages/airflow/example_dags/example_bash_operator.py
[2022-04-07 23:59:27,920] {logging_mixin.py:109} INFO - [2022-04-07 23:59:27,920] {dag.py:2396} INFO - Sync 1 DAGs
[2022-04-07 23:59:27,940] {logging_mixin.py:109} INFO - [2022-04-07 23:59:27,940] {dag.py:2935} INFO - Setting next_dagrun for example_bash_operator to 2022-04-06 00:00:00+00:00
[2022-04-07 23:59:27,952] {processor.py:171} INFO - Processing /home/airflow/.local/lib/python3.7/site-packages/airflow/example_dags/example_bash_operator.py took 0.092 seconds
[2022-04-07 23:59:58,153] {processor.py:163} INFO - Started process (PID=2004) to work on /home/airflow/.local/lib/python3.7/site-packages/airflow/example_dags/example_bash_operator.py
[2022-04-07 23:59:58,155] {processor.py:642} INFO - Processing file /home/airflow/.local/lib/python3.7/site-packages/airflow/example_dags/example_bash_operator.py for tasks to queue
[2022-04-07 23:59:58,156] {logging_mixin.py:109} INFO - [2022-04-07 23:59:58,156] {dagbag.py:500} INFO - Filling up the DagBag from /home/airflow/.local/lib/python3.7/site-packages/airflow/example_dags/example_bash_operator.py
[2022-04-07 23:59:58,205] {processor.py:654} INFO - DAG(s) dict_keys(['example_bash_operator']) retrieved from /home/airflow/.local/lib/python3.7/site-packages/airflow/example_dags/example_bash_operator.py
[2022-04-07 23:59:58,220] {logging_mixin.py:109} INFO - [2022-04-07 23:59:58,220] {dag.py:2396} INFO - Sync 1 DAGs
[2022-04-07 23:59:58,242] {logging_mixin.py:109} INFO - [2022-04-07 23:59:58,242] {dag.py:2935} INFO - Setting next_dagrun for example_bash_operator to 2022-04-06 00:00:00+00:00
[2022-04-07 23:59:58,253] {processor.py:171} INFO - Processing /home/airflow/.local/lib/python3.7/site-packages/airflow/example_dags/example_bash_operator.py took 0.106 seconds
