[2022-04-07 23:43:49,524] {processor.py:163} INFO - Started process (PID=185) to work on /home/airflow/.local/lib/python3.7/site-packages/airflow/example_dags/example_sla_dag.py
[2022-04-07 23:43:49,525] {processor.py:642} INFO - Processing file /home/airflow/.local/lib/python3.7/site-packages/airflow/example_dags/example_sla_dag.py for tasks to queue
[2022-04-07 23:43:49,526] {logging_mixin.py:109} INFO - [2022-04-07 23:43:49,526] {dagbag.py:500} INFO - Filling up the DagBag from /home/airflow/.local/lib/python3.7/site-packages/airflow/example_dags/example_sla_dag.py
[2022-04-07 23:43:49,561] {processor.py:654} INFO - DAG(s) dict_keys(['example_sla_dag']) retrieved from /home/airflow/.local/lib/python3.7/site-packages/airflow/example_dags/example_sla_dag.py
[2022-04-07 23:43:51,456] {logging_mixin.py:109} INFO - [2022-04-07 23:43:51,456] {manager.py:496} INFO - Created Permission View: can read on DAG:example_sla_dag
[2022-04-07 23:43:51,466] {logging_mixin.py:109} INFO - [2022-04-07 23:43:51,466] {manager.py:496} INFO - Created Permission View: can edit on DAG:example_sla_dag
[2022-04-07 23:43:51,467] {logging_mixin.py:109} INFO - [2022-04-07 23:43:51,466] {dag.py:2396} INFO - Sync 1 DAGs
[2022-04-07 23:43:51,476] {logging_mixin.py:109} INFO - [2022-04-07 23:43:51,475] {dag.py:2415} INFO - Creating ORM DAG for example_sla_dag
[2022-04-07 23:43:51,491] {logging_mixin.py:109} INFO - [2022-04-07 23:43:51,491] {dag.py:2935} INFO - Setting next_dagrun for example_sla_dag to 2022-04-07T23:40:00+00:00
[2022-04-07 23:43:51,503] {processor.py:171} INFO - Processing /home/airflow/.local/lib/python3.7/site-packages/airflow/example_dags/example_sla_dag.py took 1.984 seconds
[2022-04-07 23:44:22,256] {processor.py:163} INFO - Started process (PID=270) to work on /home/airflow/.local/lib/python3.7/site-packages/airflow/example_dags/example_sla_dag.py
[2022-04-07 23:44:22,257] {processor.py:642} INFO - Processing file /home/airflow/.local/lib/python3.7/site-packages/airflow/example_dags/example_sla_dag.py for tasks to queue
[2022-04-07 23:44:22,258] {logging_mixin.py:109} INFO - [2022-04-07 23:44:22,258] {dagbag.py:500} INFO - Filling up the DagBag from /home/airflow/.local/lib/python3.7/site-packages/airflow/example_dags/example_sla_dag.py
[2022-04-07 23:44:22,314] {processor.py:654} INFO - DAG(s) dict_keys(['example_sla_dag']) retrieved from /home/airflow/.local/lib/python3.7/site-packages/airflow/example_dags/example_sla_dag.py
[2022-04-07 23:44:22,328] {logging_mixin.py:109} INFO - [2022-04-07 23:44:22,327] {dag.py:2396} INFO - Sync 1 DAGs
[2022-04-07 23:44:22,355] {logging_mixin.py:109} INFO - [2022-04-07 23:44:22,355] {dag.py:2935} INFO - Setting next_dagrun for example_sla_dag to 2022-04-07T23:42:00+00:00
[2022-04-07 23:44:22,366] {processor.py:171} INFO - Processing /home/airflow/.local/lib/python3.7/site-packages/airflow/example_dags/example_sla_dag.py took 0.115 seconds
[2022-04-07 23:44:52,492] {processor.py:163} INFO - Started process (PID=321) to work on /home/airflow/.local/lib/python3.7/site-packages/airflow/example_dags/example_sla_dag.py
[2022-04-07 23:44:52,494] {processor.py:642} INFO - Processing file /home/airflow/.local/lib/python3.7/site-packages/airflow/example_dags/example_sla_dag.py for tasks to queue
[2022-04-07 23:44:52,495] {logging_mixin.py:109} INFO - [2022-04-07 23:44:52,495] {dagbag.py:500} INFO - Filling up the DagBag from /home/airflow/.local/lib/python3.7/site-packages/airflow/example_dags/example_sla_dag.py
[2022-04-07 23:44:52,533] {processor.py:654} INFO - DAG(s) dict_keys(['example_sla_dag']) retrieved from /home/airflow/.local/lib/python3.7/site-packages/airflow/example_dags/example_sla_dag.py
[2022-04-07 23:44:52,546] {logging_mixin.py:109} INFO - [2022-04-07 23:44:52,546] {dag.py:2396} INFO - Sync 1 DAGs
[2022-04-07 23:44:52,568] {logging_mixin.py:109} INFO - [2022-04-07 23:44:52,568] {dag.py:2935} INFO - Setting next_dagrun for example_sla_dag to 2022-04-07T23:42:00+00:00
[2022-04-07 23:44:52,578] {processor.py:171} INFO - Processing /home/airflow/.local/lib/python3.7/site-packages/airflow/example_dags/example_sla_dag.py took 0.092 seconds
[2022-04-07 23:45:22,932] {processor.py:163} INFO - Started process (PID=371) to work on /home/airflow/.local/lib/python3.7/site-packages/airflow/example_dags/example_sla_dag.py
[2022-04-07 23:45:22,933] {processor.py:642} INFO - Processing file /home/airflow/.local/lib/python3.7/site-packages/airflow/example_dags/example_sla_dag.py for tasks to queue
[2022-04-07 23:45:22,934] {logging_mixin.py:109} INFO - [2022-04-07 23:45:22,933] {dagbag.py:500} INFO - Filling up the DagBag from /home/airflow/.local/lib/python3.7/site-packages/airflow/example_dags/example_sla_dag.py
[2022-04-07 23:45:22,970] {processor.py:654} INFO - DAG(s) dict_keys(['example_sla_dag']) retrieved from /home/airflow/.local/lib/python3.7/site-packages/airflow/example_dags/example_sla_dag.py
[2022-04-07 23:45:22,983] {logging_mixin.py:109} INFO - [2022-04-07 23:45:22,983] {dag.py:2396} INFO - Sync 1 DAGs
[2022-04-07 23:45:23,010] {logging_mixin.py:109} INFO - [2022-04-07 23:45:23,010] {dag.py:2935} INFO - Setting next_dagrun for example_sla_dag to 2022-04-07T23:42:00+00:00
[2022-04-07 23:45:23,019] {processor.py:171} INFO - Processing /home/airflow/.local/lib/python3.7/site-packages/airflow/example_dags/example_sla_dag.py took 0.092 seconds
[2022-04-07 23:45:53,345] {processor.py:163} INFO - Started process (PID=433) to work on /home/airflow/.local/lib/python3.7/site-packages/airflow/example_dags/example_sla_dag.py
[2022-04-07 23:45:53,346] {processor.py:642} INFO - Processing file /home/airflow/.local/lib/python3.7/site-packages/airflow/example_dags/example_sla_dag.py for tasks to queue
[2022-04-07 23:45:53,347] {logging_mixin.py:109} INFO - [2022-04-07 23:45:53,347] {dagbag.py:500} INFO - Filling up the DagBag from /home/airflow/.local/lib/python3.7/site-packages/airflow/example_dags/example_sla_dag.py
[2022-04-07 23:45:53,392] {processor.py:654} INFO - DAG(s) dict_keys(['example_sla_dag']) retrieved from /home/airflow/.local/lib/python3.7/site-packages/airflow/example_dags/example_sla_dag.py
[2022-04-07 23:45:53,404] {logging_mixin.py:109} INFO - [2022-04-07 23:45:53,404] {dag.py:2396} INFO - Sync 1 DAGs
[2022-04-07 23:45:53,432] {logging_mixin.py:109} INFO - [2022-04-07 23:45:53,432] {dag.py:2935} INFO - Setting next_dagrun for example_sla_dag to 2022-04-07T23:42:00+00:00
[2022-04-07 23:45:53,442] {processor.py:171} INFO - Processing /home/airflow/.local/lib/python3.7/site-packages/airflow/example_dags/example_sla_dag.py took 0.102 seconds
[2022-04-07 23:46:23,465] {processor.py:163} INFO - Started process (PID=483) to work on /home/airflow/.local/lib/python3.7/site-packages/airflow/example_dags/example_sla_dag.py
[2022-04-07 23:46:23,466] {processor.py:642} INFO - Processing file /home/airflow/.local/lib/python3.7/site-packages/airflow/example_dags/example_sla_dag.py for tasks to queue
[2022-04-07 23:46:23,467] {logging_mixin.py:109} INFO - [2022-04-07 23:46:23,467] {dagbag.py:500} INFO - Filling up the DagBag from /home/airflow/.local/lib/python3.7/site-packages/airflow/example_dags/example_sla_dag.py
[2022-04-07 23:46:23,501] {processor.py:654} INFO - DAG(s) dict_keys(['example_sla_dag']) retrieved from /home/airflow/.local/lib/python3.7/site-packages/airflow/example_dags/example_sla_dag.py
[2022-04-07 23:46:23,511] {logging_mixin.py:109} INFO - [2022-04-07 23:46:23,511] {dag.py:2396} INFO - Sync 1 DAGs
[2022-04-07 23:46:23,529] {logging_mixin.py:109} INFO - [2022-04-07 23:46:23,529] {dag.py:2935} INFO - Setting next_dagrun for example_sla_dag to 2022-04-07T23:44:00+00:00
[2022-04-07 23:46:23,538] {processor.py:171} INFO - Processing /home/airflow/.local/lib/python3.7/site-packages/airflow/example_dags/example_sla_dag.py took 0.077 seconds
[2022-04-07 23:46:53,615] {processor.py:163} INFO - Started process (PID=546) to work on /home/airflow/.local/lib/python3.7/site-packages/airflow/example_dags/example_sla_dag.py
[2022-04-07 23:46:53,616] {processor.py:642} INFO - Processing file /home/airflow/.local/lib/python3.7/site-packages/airflow/example_dags/example_sla_dag.py for tasks to queue
[2022-04-07 23:46:53,617] {logging_mixin.py:109} INFO - [2022-04-07 23:46:53,617] {dagbag.py:500} INFO - Filling up the DagBag from /home/airflow/.local/lib/python3.7/site-packages/airflow/example_dags/example_sla_dag.py
[2022-04-07 23:46:53,653] {processor.py:654} INFO - DAG(s) dict_keys(['example_sla_dag']) retrieved from /home/airflow/.local/lib/python3.7/site-packages/airflow/example_dags/example_sla_dag.py
[2022-04-07 23:46:53,663] {logging_mixin.py:109} INFO - [2022-04-07 23:46:53,663] {dag.py:2396} INFO - Sync 1 DAGs
[2022-04-07 23:46:53,681] {logging_mixin.py:109} INFO - [2022-04-07 23:46:53,681] {dag.py:2935} INFO - Setting next_dagrun for example_sla_dag to 2022-04-07T23:44:00+00:00
[2022-04-07 23:46:53,689] {processor.py:171} INFO - Processing /home/airflow/.local/lib/python3.7/site-packages/airflow/example_dags/example_sla_dag.py took 0.078 seconds
[2022-04-07 23:47:24,061] {processor.py:163} INFO - Started process (PID=598) to work on /home/airflow/.local/lib/python3.7/site-packages/airflow/example_dags/example_sla_dag.py
[2022-04-07 23:47:24,062] {processor.py:642} INFO - Processing file /home/airflow/.local/lib/python3.7/site-packages/airflow/example_dags/example_sla_dag.py for tasks to queue
[2022-04-07 23:47:24,063] {logging_mixin.py:109} INFO - [2022-04-07 23:47:24,063] {dagbag.py:500} INFO - Filling up the DagBag from /home/airflow/.local/lib/python3.7/site-packages/airflow/example_dags/example_sla_dag.py
[2022-04-07 23:47:24,110] {processor.py:654} INFO - DAG(s) dict_keys(['example_sla_dag']) retrieved from /home/airflow/.local/lib/python3.7/site-packages/airflow/example_dags/example_sla_dag.py
[2022-04-07 23:47:24,122] {logging_mixin.py:109} INFO - [2022-04-07 23:47:24,122] {dag.py:2396} INFO - Sync 1 DAGs
[2022-04-07 23:47:24,149] {logging_mixin.py:109} INFO - [2022-04-07 23:47:24,149] {dag.py:2935} INFO - Setting next_dagrun for example_sla_dag to 2022-04-07T23:44:00+00:00
[2022-04-07 23:47:24,158] {processor.py:171} INFO - Processing /home/airflow/.local/lib/python3.7/site-packages/airflow/example_dags/example_sla_dag.py took 0.102 seconds
[2022-04-07 23:47:54,338] {processor.py:163} INFO - Started process (PID=659) to work on /home/airflow/.local/lib/python3.7/site-packages/airflow/example_dags/example_sla_dag.py
[2022-04-07 23:47:54,341] {processor.py:642} INFO - Processing file /home/airflow/.local/lib/python3.7/site-packages/airflow/example_dags/example_sla_dag.py for tasks to queue
[2022-04-07 23:47:54,342] {logging_mixin.py:109} INFO - [2022-04-07 23:47:54,342] {dagbag.py:500} INFO - Filling up the DagBag from /home/airflow/.local/lib/python3.7/site-packages/airflow/example_dags/example_sla_dag.py
[2022-04-07 23:47:54,389] {processor.py:654} INFO - DAG(s) dict_keys(['example_sla_dag']) retrieved from /home/airflow/.local/lib/python3.7/site-packages/airflow/example_dags/example_sla_dag.py
[2022-04-07 23:47:54,400] {logging_mixin.py:109} INFO - [2022-04-07 23:47:54,399] {dag.py:2396} INFO - Sync 1 DAGs
[2022-04-07 23:47:54,419] {logging_mixin.py:109} INFO - [2022-04-07 23:47:54,419] {dag.py:2935} INFO - Setting next_dagrun for example_sla_dag to 2022-04-07T23:44:00+00:00
[2022-04-07 23:47:54,429] {processor.py:171} INFO - Processing /home/airflow/.local/lib/python3.7/site-packages/airflow/example_dags/example_sla_dag.py took 0.095 seconds
[2022-04-07 23:48:24,627] {processor.py:163} INFO - Started process (PID=711) to work on /home/airflow/.local/lib/python3.7/site-packages/airflow/example_dags/example_sla_dag.py
[2022-04-07 23:48:24,628] {processor.py:642} INFO - Processing file /home/airflow/.local/lib/python3.7/site-packages/airflow/example_dags/example_sla_dag.py for tasks to queue
[2022-04-07 23:48:24,629] {logging_mixin.py:109} INFO - [2022-04-07 23:48:24,629] {dagbag.py:500} INFO - Filling up the DagBag from /home/airflow/.local/lib/python3.7/site-packages/airflow/example_dags/example_sla_dag.py
[2022-04-07 23:48:24,667] {processor.py:654} INFO - DAG(s) dict_keys(['example_sla_dag']) retrieved from /home/airflow/.local/lib/python3.7/site-packages/airflow/example_dags/example_sla_dag.py
[2022-04-07 23:48:24,680] {logging_mixin.py:109} INFO - [2022-04-07 23:48:24,680] {dag.py:2396} INFO - Sync 1 DAGs
[2022-04-07 23:48:24,699] {logging_mixin.py:109} INFO - [2022-04-07 23:48:24,699] {dag.py:2935} INFO - Setting next_dagrun for example_sla_dag to 2022-04-07T23:46:00+00:00
[2022-04-07 23:48:24,709] {processor.py:171} INFO - Processing /home/airflow/.local/lib/python3.7/site-packages/airflow/example_dags/example_sla_dag.py took 0.086 seconds
[2022-04-07 23:48:54,864] {processor.py:163} INFO - Started process (PID=778) to work on /home/airflow/.local/lib/python3.7/site-packages/airflow/example_dags/example_sla_dag.py
[2022-04-07 23:48:54,866] {processor.py:642} INFO - Processing file /home/airflow/.local/lib/python3.7/site-packages/airflow/example_dags/example_sla_dag.py for tasks to queue
[2022-04-07 23:48:54,867] {logging_mixin.py:109} INFO - [2022-04-07 23:48:54,866] {dagbag.py:500} INFO - Filling up the DagBag from /home/airflow/.local/lib/python3.7/site-packages/airflow/example_dags/example_sla_dag.py
[2022-04-07 23:48:54,906] {processor.py:654} INFO - DAG(s) dict_keys(['example_sla_dag']) retrieved from /home/airflow/.local/lib/python3.7/site-packages/airflow/example_dags/example_sla_dag.py
[2022-04-07 23:48:54,920] {logging_mixin.py:109} INFO - [2022-04-07 23:48:54,919] {dag.py:2396} INFO - Sync 1 DAGs
[2022-04-07 23:48:54,946] {logging_mixin.py:109} INFO - [2022-04-07 23:48:54,946] {dag.py:2935} INFO - Setting next_dagrun for example_sla_dag to 2022-04-07T23:46:00+00:00
[2022-04-07 23:48:54,954] {processor.py:171} INFO - Processing /home/airflow/.local/lib/python3.7/site-packages/airflow/example_dags/example_sla_dag.py took 0.094 seconds
[2022-04-07 23:49:25,185] {processor.py:163} INFO - Started process (PID=829) to work on /home/airflow/.local/lib/python3.7/site-packages/airflow/example_dags/example_sla_dag.py
[2022-04-07 23:49:25,187] {processor.py:642} INFO - Processing file /home/airflow/.local/lib/python3.7/site-packages/airflow/example_dags/example_sla_dag.py for tasks to queue
[2022-04-07 23:49:25,188] {logging_mixin.py:109} INFO - [2022-04-07 23:49:25,188] {dagbag.py:500} INFO - Filling up the DagBag from /home/airflow/.local/lib/python3.7/site-packages/airflow/example_dags/example_sla_dag.py
[2022-04-07 23:49:25,236] {processor.py:654} INFO - DAG(s) dict_keys(['example_sla_dag']) retrieved from /home/airflow/.local/lib/python3.7/site-packages/airflow/example_dags/example_sla_dag.py
[2022-04-07 23:49:25,250] {logging_mixin.py:109} INFO - [2022-04-07 23:49:25,250] {dag.py:2396} INFO - Sync 1 DAGs
[2022-04-07 23:49:25,278] {logging_mixin.py:109} INFO - [2022-04-07 23:49:25,278] {dag.py:2935} INFO - Setting next_dagrun for example_sla_dag to 2022-04-07T23:46:00+00:00
[2022-04-07 23:49:25,288] {processor.py:171} INFO - Processing /home/airflow/.local/lib/python3.7/site-packages/airflow/example_dags/example_sla_dag.py took 0.109 seconds
[2022-04-07 23:49:55,324] {processor.py:163} INFO - Started process (PID=889) to work on /home/airflow/.local/lib/python3.7/site-packages/airflow/example_dags/example_sla_dag.py
[2022-04-07 23:49:55,325] {processor.py:642} INFO - Processing file /home/airflow/.local/lib/python3.7/site-packages/airflow/example_dags/example_sla_dag.py for tasks to queue
[2022-04-07 23:49:55,326] {logging_mixin.py:109} INFO - [2022-04-07 23:49:55,326] {dagbag.py:500} INFO - Filling up the DagBag from /home/airflow/.local/lib/python3.7/site-packages/airflow/example_dags/example_sla_dag.py
[2022-04-07 23:49:55,361] {processor.py:654} INFO - DAG(s) dict_keys(['example_sla_dag']) retrieved from /home/airflow/.local/lib/python3.7/site-packages/airflow/example_dags/example_sla_dag.py
[2022-04-07 23:49:55,370] {logging_mixin.py:109} INFO - [2022-04-07 23:49:55,370] {dag.py:2396} INFO - Sync 1 DAGs
[2022-04-07 23:49:55,389] {logging_mixin.py:109} INFO - [2022-04-07 23:49:55,389] {dag.py:2935} INFO - Setting next_dagrun for example_sla_dag to 2022-04-07T23:46:00+00:00
[2022-04-07 23:49:55,396] {processor.py:171} INFO - Processing /home/airflow/.local/lib/python3.7/site-packages/airflow/example_dags/example_sla_dag.py took 0.077 seconds
[2022-04-07 23:50:25,925] {processor.py:163} INFO - Started process (PID=940) to work on /home/airflow/.local/lib/python3.7/site-packages/airflow/example_dags/example_sla_dag.py
[2022-04-07 23:50:25,927] {processor.py:642} INFO - Processing file /home/airflow/.local/lib/python3.7/site-packages/airflow/example_dags/example_sla_dag.py for tasks to queue
[2022-04-07 23:50:25,928] {logging_mixin.py:109} INFO - [2022-04-07 23:50:25,928] {dagbag.py:500} INFO - Filling up the DagBag from /home/airflow/.local/lib/python3.7/site-packages/airflow/example_dags/example_sla_dag.py
[2022-04-07 23:50:25,974] {processor.py:654} INFO - DAG(s) dict_keys(['example_sla_dag']) retrieved from /home/airflow/.local/lib/python3.7/site-packages/airflow/example_dags/example_sla_dag.py
[2022-04-07 23:50:25,988] {logging_mixin.py:109} INFO - [2022-04-07 23:50:25,988] {dag.py:2396} INFO - Sync 1 DAGs
[2022-04-07 23:50:26,015] {logging_mixin.py:109} INFO - [2022-04-07 23:50:26,015] {dag.py:2935} INFO - Setting next_dagrun for example_sla_dag to 2022-04-07T23:48:00+00:00
[2022-04-07 23:50:26,023] {processor.py:171} INFO - Processing /home/airflow/.local/lib/python3.7/site-packages/airflow/example_dags/example_sla_dag.py took 0.104 seconds
[2022-04-07 23:50:56,405] {processor.py:163} INFO - Started process (PID=1001) to work on /home/airflow/.local/lib/python3.7/site-packages/airflow/example_dags/example_sla_dag.py
[2022-04-07 23:50:56,406] {processor.py:642} INFO - Processing file /home/airflow/.local/lib/python3.7/site-packages/airflow/example_dags/example_sla_dag.py for tasks to queue
[2022-04-07 23:50:56,407] {logging_mixin.py:109} INFO - [2022-04-07 23:50:56,407] {dagbag.py:500} INFO - Filling up the DagBag from /home/airflow/.local/lib/python3.7/site-packages/airflow/example_dags/example_sla_dag.py
[2022-04-07 23:50:56,441] {processor.py:654} INFO - DAG(s) dict_keys(['example_sla_dag']) retrieved from /home/airflow/.local/lib/python3.7/site-packages/airflow/example_dags/example_sla_dag.py
[2022-04-07 23:50:56,451] {logging_mixin.py:109} INFO - [2022-04-07 23:50:56,451] {dag.py:2396} INFO - Sync 1 DAGs
[2022-04-07 23:50:56,470] {logging_mixin.py:109} INFO - [2022-04-07 23:50:56,470] {dag.py:2935} INFO - Setting next_dagrun for example_sla_dag to 2022-04-07T23:48:00+00:00
[2022-04-07 23:50:56,478] {processor.py:171} INFO - Processing /home/airflow/.local/lib/python3.7/site-packages/airflow/example_dags/example_sla_dag.py took 0.077 seconds
[2022-04-07 23:51:26,890] {processor.py:163} INFO - Started process (PID=1053) to work on /home/airflow/.local/lib/python3.7/site-packages/airflow/example_dags/example_sla_dag.py
[2022-04-07 23:51:26,892] {processor.py:642} INFO - Processing file /home/airflow/.local/lib/python3.7/site-packages/airflow/example_dags/example_sla_dag.py for tasks to queue
[2022-04-07 23:51:26,892] {logging_mixin.py:109} INFO - [2022-04-07 23:51:26,892] {dagbag.py:500} INFO - Filling up the DagBag from /home/airflow/.local/lib/python3.7/site-packages/airflow/example_dags/example_sla_dag.py
[2022-04-07 23:51:26,968] {processor.py:654} INFO - DAG(s) dict_keys(['example_sla_dag']) retrieved from /home/airflow/.local/lib/python3.7/site-packages/airflow/example_dags/example_sla_dag.py
[2022-04-07 23:51:26,982] {logging_mixin.py:109} INFO - [2022-04-07 23:51:26,982] {dag.py:2396} INFO - Sync 1 DAGs
[2022-04-07 23:51:27,028] {logging_mixin.py:109} INFO - [2022-04-07 23:51:27,028] {dag.py:2935} INFO - Setting next_dagrun for example_sla_dag to 2022-04-07T23:48:00+00:00
[2022-04-07 23:51:27,039] {processor.py:171} INFO - Processing /home/airflow/.local/lib/python3.7/site-packages/airflow/example_dags/example_sla_dag.py took 0.154 seconds
[2022-04-07 23:51:57,211] {processor.py:163} INFO - Started process (PID=1116) to work on /home/airflow/.local/lib/python3.7/site-packages/airflow/example_dags/example_sla_dag.py
[2022-04-07 23:51:57,213] {processor.py:642} INFO - Processing file /home/airflow/.local/lib/python3.7/site-packages/airflow/example_dags/example_sla_dag.py for tasks to queue
[2022-04-07 23:51:57,214] {logging_mixin.py:109} INFO - [2022-04-07 23:51:57,214] {dagbag.py:500} INFO - Filling up the DagBag from /home/airflow/.local/lib/python3.7/site-packages/airflow/example_dags/example_sla_dag.py
[2022-04-07 23:51:57,249] {processor.py:654} INFO - DAG(s) dict_keys(['example_sla_dag']) retrieved from /home/airflow/.local/lib/python3.7/site-packages/airflow/example_dags/example_sla_dag.py
[2022-04-07 23:51:57,258] {logging_mixin.py:109} INFO - [2022-04-07 23:51:57,258] {dag.py:2396} INFO - Sync 1 DAGs
[2022-04-07 23:51:57,278] {logging_mixin.py:109} INFO - [2022-04-07 23:51:57,277] {dag.py:2935} INFO - Setting next_dagrun for example_sla_dag to 2022-04-07T23:48:00+00:00
[2022-04-07 23:51:57,288] {processor.py:171} INFO - Processing /home/airflow/.local/lib/python3.7/site-packages/airflow/example_dags/example_sla_dag.py took 0.082 seconds
[2022-04-07 23:52:27,370] {processor.py:163} INFO - Started process (PID=1167) to work on /home/airflow/.local/lib/python3.7/site-packages/airflow/example_dags/example_sla_dag.py
[2022-04-07 23:52:27,371] {processor.py:642} INFO - Processing file /home/airflow/.local/lib/python3.7/site-packages/airflow/example_dags/example_sla_dag.py for tasks to queue
[2022-04-07 23:52:27,372] {logging_mixin.py:109} INFO - [2022-04-07 23:52:27,372] {dagbag.py:500} INFO - Filling up the DagBag from /home/airflow/.local/lib/python3.7/site-packages/airflow/example_dags/example_sla_dag.py
[2022-04-07 23:52:27,419] {processor.py:654} INFO - DAG(s) dict_keys(['example_sla_dag']) retrieved from /home/airflow/.local/lib/python3.7/site-packages/airflow/example_dags/example_sla_dag.py
[2022-04-07 23:52:27,433] {logging_mixin.py:109} INFO - [2022-04-07 23:52:27,433] {dag.py:2396} INFO - Sync 1 DAGs
[2022-04-07 23:52:27,460] {logging_mixin.py:109} INFO - [2022-04-07 23:52:27,460] {dag.py:2935} INFO - Setting next_dagrun for example_sla_dag to 2022-04-07T23:50:00+00:00
[2022-04-07 23:52:27,469] {processor.py:171} INFO - Processing /home/airflow/.local/lib/python3.7/site-packages/airflow/example_dags/example_sla_dag.py took 0.105 seconds
[2022-04-07 23:52:57,959] {processor.py:163} INFO - Started process (PID=1227) to work on /home/airflow/.local/lib/python3.7/site-packages/airflow/example_dags/example_sla_dag.py
[2022-04-07 23:52:57,961] {processor.py:642} INFO - Processing file /home/airflow/.local/lib/python3.7/site-packages/airflow/example_dags/example_sla_dag.py for tasks to queue
[2022-04-07 23:52:57,962] {logging_mixin.py:109} INFO - [2022-04-07 23:52:57,962] {dagbag.py:500} INFO - Filling up the DagBag from /home/airflow/.local/lib/python3.7/site-packages/airflow/example_dags/example_sla_dag.py
[2022-04-07 23:52:58,009] {processor.py:654} INFO - DAG(s) dict_keys(['example_sla_dag']) retrieved from /home/airflow/.local/lib/python3.7/site-packages/airflow/example_dags/example_sla_dag.py
[2022-04-07 23:52:58,023] {logging_mixin.py:109} INFO - [2022-04-07 23:52:58,022] {dag.py:2396} INFO - Sync 1 DAGs
[2022-04-07 23:52:58,046] {logging_mixin.py:109} INFO - [2022-04-07 23:52:58,046] {dag.py:2935} INFO - Setting next_dagrun for example_sla_dag to 2022-04-07T23:50:00+00:00
[2022-04-07 23:52:58,054] {processor.py:171} INFO - Processing /home/airflow/.local/lib/python3.7/site-packages/airflow/example_dags/example_sla_dag.py took 0.100 seconds
[2022-04-07 23:53:28,822] {processor.py:163} INFO - Started process (PID=1278) to work on /home/airflow/.local/lib/python3.7/site-packages/airflow/example_dags/example_sla_dag.py
[2022-04-07 23:53:28,824] {processor.py:642} INFO - Processing file /home/airflow/.local/lib/python3.7/site-packages/airflow/example_dags/example_sla_dag.py for tasks to queue
[2022-04-07 23:53:28,825] {logging_mixin.py:109} INFO - [2022-04-07 23:53:28,825] {dagbag.py:500} INFO - Filling up the DagBag from /home/airflow/.local/lib/python3.7/site-packages/airflow/example_dags/example_sla_dag.py
[2022-04-07 23:53:28,872] {processor.py:654} INFO - DAG(s) dict_keys(['example_sla_dag']) retrieved from /home/airflow/.local/lib/python3.7/site-packages/airflow/example_dags/example_sla_dag.py
[2022-04-07 23:53:28,886] {logging_mixin.py:109} INFO - [2022-04-07 23:53:28,886] {dag.py:2396} INFO - Sync 1 DAGs
[2022-04-07 23:53:28,915] {logging_mixin.py:109} INFO - [2022-04-07 23:53:28,914] {dag.py:2935} INFO - Setting next_dagrun for example_sla_dag to 2022-04-07T23:50:00+00:00
[2022-04-07 23:53:28,922] {processor.py:171} INFO - Processing /home/airflow/.local/lib/python3.7/site-packages/airflow/example_dags/example_sla_dag.py took 0.106 seconds
[2022-04-07 23:53:59,687] {processor.py:163} INFO - Started process (PID=1339) to work on /home/airflow/.local/lib/python3.7/site-packages/airflow/example_dags/example_sla_dag.py
[2022-04-07 23:53:59,689] {processor.py:642} INFO - Processing file /home/airflow/.local/lib/python3.7/site-packages/airflow/example_dags/example_sla_dag.py for tasks to queue
[2022-04-07 23:53:59,690] {logging_mixin.py:109} INFO - [2022-04-07 23:53:59,689] {dagbag.py:500} INFO - Filling up the DagBag from /home/airflow/.local/lib/python3.7/site-packages/airflow/example_dags/example_sla_dag.py
[2022-04-07 23:53:59,735] {processor.py:654} INFO - DAG(s) dict_keys(['example_sla_dag']) retrieved from /home/airflow/.local/lib/python3.7/site-packages/airflow/example_dags/example_sla_dag.py
[2022-04-07 23:53:59,749] {logging_mixin.py:109} INFO - [2022-04-07 23:53:59,749] {dag.py:2396} INFO - Sync 1 DAGs
[2022-04-07 23:53:59,776] {logging_mixin.py:109} INFO - [2022-04-07 23:53:59,776] {dag.py:2935} INFO - Setting next_dagrun for example_sla_dag to 2022-04-07T23:50:00+00:00
[2022-04-07 23:53:59,786] {processor.py:171} INFO - Processing /home/airflow/.local/lib/python3.7/site-packages/airflow/example_dags/example_sla_dag.py took 0.105 seconds
[2022-04-07 23:54:30,575] {processor.py:163} INFO - Started process (PID=1391) to work on /home/airflow/.local/lib/python3.7/site-packages/airflow/example_dags/example_sla_dag.py
[2022-04-07 23:54:30,576] {processor.py:642} INFO - Processing file /home/airflow/.local/lib/python3.7/site-packages/airflow/example_dags/example_sla_dag.py for tasks to queue
[2022-04-07 23:54:30,577] {logging_mixin.py:109} INFO - [2022-04-07 23:54:30,577] {dagbag.py:500} INFO - Filling up the DagBag from /home/airflow/.local/lib/python3.7/site-packages/airflow/example_dags/example_sla_dag.py
[2022-04-07 23:54:30,614] {processor.py:654} INFO - DAG(s) dict_keys(['example_sla_dag']) retrieved from /home/airflow/.local/lib/python3.7/site-packages/airflow/example_dags/example_sla_dag.py
[2022-04-07 23:54:30,623] {logging_mixin.py:109} INFO - [2022-04-07 23:54:30,623] {dag.py:2396} INFO - Sync 1 DAGs
[2022-04-07 23:54:30,641] {logging_mixin.py:109} INFO - [2022-04-07 23:54:30,641] {dag.py:2935} INFO - Setting next_dagrun for example_sla_dag to 2022-04-07T23:52:00+00:00
[2022-04-07 23:54:30,650] {processor.py:171} INFO - Processing /home/airflow/.local/lib/python3.7/site-packages/airflow/example_dags/example_sla_dag.py took 0.079 seconds
[2022-04-07 23:55:01,131] {processor.py:163} INFO - Started process (PID=1453) to work on /home/airflow/.local/lib/python3.7/site-packages/airflow/example_dags/example_sla_dag.py
[2022-04-07 23:55:01,132] {processor.py:642} INFO - Processing file /home/airflow/.local/lib/python3.7/site-packages/airflow/example_dags/example_sla_dag.py for tasks to queue
[2022-04-07 23:55:01,133] {logging_mixin.py:109} INFO - [2022-04-07 23:55:01,133] {dagbag.py:500} INFO - Filling up the DagBag from /home/airflow/.local/lib/python3.7/site-packages/airflow/example_dags/example_sla_dag.py
[2022-04-07 23:55:01,169] {processor.py:654} INFO - DAG(s) dict_keys(['example_sla_dag']) retrieved from /home/airflow/.local/lib/python3.7/site-packages/airflow/example_dags/example_sla_dag.py
[2022-04-07 23:55:01,180] {logging_mixin.py:109} INFO - [2022-04-07 23:55:01,180] {dag.py:2396} INFO - Sync 1 DAGs
[2022-04-07 23:55:01,204] {logging_mixin.py:109} INFO - [2022-04-07 23:55:01,203] {dag.py:2935} INFO - Setting next_dagrun for example_sla_dag to 2022-04-07T23:52:00+00:00
[2022-04-07 23:55:01,213] {processor.py:171} INFO - Processing /home/airflow/.local/lib/python3.7/site-packages/airflow/example_dags/example_sla_dag.py took 0.087 seconds
[2022-04-07 23:55:31,482] {processor.py:163} INFO - Started process (PID=1506) to work on /home/airflow/.local/lib/python3.7/site-packages/airflow/example_dags/example_sla_dag.py
[2022-04-07 23:55:31,484] {processor.py:642} INFO - Processing file /home/airflow/.local/lib/python3.7/site-packages/airflow/example_dags/example_sla_dag.py for tasks to queue
[2022-04-07 23:55:31,485] {logging_mixin.py:109} INFO - [2022-04-07 23:55:31,485] {dagbag.py:500} INFO - Filling up the DagBag from /home/airflow/.local/lib/python3.7/site-packages/airflow/example_dags/example_sla_dag.py
[2022-04-07 23:55:31,530] {processor.py:654} INFO - DAG(s) dict_keys(['example_sla_dag']) retrieved from /home/airflow/.local/lib/python3.7/site-packages/airflow/example_dags/example_sla_dag.py
[2022-04-07 23:55:31,544] {logging_mixin.py:109} INFO - [2022-04-07 23:55:31,543] {dag.py:2396} INFO - Sync 1 DAGs
[2022-04-07 23:55:31,573] {logging_mixin.py:109} INFO - [2022-04-07 23:55:31,573] {dag.py:2935} INFO - Setting next_dagrun for example_sla_dag to 2022-04-07T23:52:00+00:00
[2022-04-07 23:55:31,584] {processor.py:171} INFO - Processing /home/airflow/.local/lib/python3.7/site-packages/airflow/example_dags/example_sla_dag.py took 0.107 seconds
[2022-04-07 23:56:02,109] {processor.py:163} INFO - Started process (PID=1566) to work on /home/airflow/.local/lib/python3.7/site-packages/airflow/example_dags/example_sla_dag.py
[2022-04-07 23:56:02,111] {processor.py:642} INFO - Processing file /home/airflow/.local/lib/python3.7/site-packages/airflow/example_dags/example_sla_dag.py for tasks to queue
[2022-04-07 23:56:02,111] {logging_mixin.py:109} INFO - [2022-04-07 23:56:02,111] {dagbag.py:500} INFO - Filling up the DagBag from /home/airflow/.local/lib/python3.7/site-packages/airflow/example_dags/example_sla_dag.py
[2022-04-07 23:56:02,147] {processor.py:654} INFO - DAG(s) dict_keys(['example_sla_dag']) retrieved from /home/airflow/.local/lib/python3.7/site-packages/airflow/example_dags/example_sla_dag.py
[2022-04-07 23:56:02,157] {logging_mixin.py:109} INFO - [2022-04-07 23:56:02,157] {dag.py:2396} INFO - Sync 1 DAGs
[2022-04-07 23:56:02,177] {logging_mixin.py:109} INFO - [2022-04-07 23:56:02,177] {dag.py:2935} INFO - Setting next_dagrun for example_sla_dag to 2022-04-07T23:54:00+00:00
[2022-04-07 23:56:02,189] {processor.py:171} INFO - Processing /home/airflow/.local/lib/python3.7/site-packages/airflow/example_dags/example_sla_dag.py took 0.085 seconds
[2022-04-07 23:56:32,842] {processor.py:163} INFO - Started process (PID=1618) to work on /home/airflow/.local/lib/python3.7/site-packages/airflow/example_dags/example_sla_dag.py
[2022-04-07 23:56:32,844] {processor.py:642} INFO - Processing file /home/airflow/.local/lib/python3.7/site-packages/airflow/example_dags/example_sla_dag.py for tasks to queue
[2022-04-07 23:56:32,845] {logging_mixin.py:109} INFO - [2022-04-07 23:56:32,844] {dagbag.py:500} INFO - Filling up the DagBag from /home/airflow/.local/lib/python3.7/site-packages/airflow/example_dags/example_sla_dag.py
[2022-04-07 23:56:32,900] {processor.py:654} INFO - DAG(s) dict_keys(['example_sla_dag']) retrieved from /home/airflow/.local/lib/python3.7/site-packages/airflow/example_dags/example_sla_dag.py
[2022-04-07 23:56:32,913] {logging_mixin.py:109} INFO - [2022-04-07 23:56:32,913] {dag.py:2396} INFO - Sync 1 DAGs
[2022-04-07 23:56:32,938] {logging_mixin.py:109} INFO - [2022-04-07 23:56:32,938] {dag.py:2935} INFO - Setting next_dagrun for example_sla_dag to 2022-04-07T23:54:00+00:00
[2022-04-07 23:56:32,950] {processor.py:171} INFO - Processing /home/airflow/.local/lib/python3.7/site-packages/airflow/example_dags/example_sla_dag.py took 0.113 seconds
[2022-04-07 23:57:03,913] {processor.py:163} INFO - Started process (PID=1681) to work on /home/airflow/.local/lib/python3.7/site-packages/airflow/example_dags/example_sla_dag.py
[2022-04-07 23:57:03,914] {processor.py:642} INFO - Processing file /home/airflow/.local/lib/python3.7/site-packages/airflow/example_dags/example_sla_dag.py for tasks to queue
[2022-04-07 23:57:03,915] {logging_mixin.py:109} INFO - [2022-04-07 23:57:03,915] {dagbag.py:500} INFO - Filling up the DagBag from /home/airflow/.local/lib/python3.7/site-packages/airflow/example_dags/example_sla_dag.py
[2022-04-07 23:57:03,949] {processor.py:654} INFO - DAG(s) dict_keys(['example_sla_dag']) retrieved from /home/airflow/.local/lib/python3.7/site-packages/airflow/example_dags/example_sla_dag.py
[2022-04-07 23:57:03,958] {logging_mixin.py:109} INFO - [2022-04-07 23:57:03,958] {dag.py:2396} INFO - Sync 1 DAGs
[2022-04-07 23:57:03,978] {logging_mixin.py:109} INFO - [2022-04-07 23:57:03,977] {dag.py:2935} INFO - Setting next_dagrun for example_sla_dag to 2022-04-07T23:54:00+00:00
[2022-04-07 23:57:03,987] {processor.py:171} INFO - Processing /home/airflow/.local/lib/python3.7/site-packages/airflow/example_dags/example_sla_dag.py took 0.079 seconds
[2022-04-07 23:57:34,337] {processor.py:163} INFO - Started process (PID=1734) to work on /home/airflow/.local/lib/python3.7/site-packages/airflow/example_dags/example_sla_dag.py
[2022-04-07 23:57:34,339] {processor.py:642} INFO - Processing file /home/airflow/.local/lib/python3.7/site-packages/airflow/example_dags/example_sla_dag.py for tasks to queue
[2022-04-07 23:57:34,340] {logging_mixin.py:109} INFO - [2022-04-07 23:57:34,340] {dagbag.py:500} INFO - Filling up the DagBag from /home/airflow/.local/lib/python3.7/site-packages/airflow/example_dags/example_sla_dag.py
[2022-04-07 23:57:34,377] {processor.py:654} INFO - DAG(s) dict_keys(['example_sla_dag']) retrieved from /home/airflow/.local/lib/python3.7/site-packages/airflow/example_dags/example_sla_dag.py
[2022-04-07 23:57:34,387] {logging_mixin.py:109} INFO - [2022-04-07 23:57:34,386] {dag.py:2396} INFO - Sync 1 DAGs
[2022-04-07 23:57:34,409] {logging_mixin.py:109} INFO - [2022-04-07 23:57:34,409] {dag.py:2935} INFO - Setting next_dagrun for example_sla_dag to 2022-04-07T23:54:00+00:00
[2022-04-07 23:57:34,417] {processor.py:171} INFO - Processing /home/airflow/.local/lib/python3.7/site-packages/airflow/example_dags/example_sla_dag.py took 0.084 seconds
[2022-04-07 23:58:05,131] {processor.py:163} INFO - Started process (PID=1795) to work on /home/airflow/.local/lib/python3.7/site-packages/airflow/example_dags/example_sla_dag.py
[2022-04-07 23:58:05,132] {processor.py:642} INFO - Processing file /home/airflow/.local/lib/python3.7/site-packages/airflow/example_dags/example_sla_dag.py for tasks to queue
[2022-04-07 23:58:05,133] {logging_mixin.py:109} INFO - [2022-04-07 23:58:05,133] {dagbag.py:500} INFO - Filling up the DagBag from /home/airflow/.local/lib/python3.7/site-packages/airflow/example_dags/example_sla_dag.py
[2022-04-07 23:58:05,169] {processor.py:654} INFO - DAG(s) dict_keys(['example_sla_dag']) retrieved from /home/airflow/.local/lib/python3.7/site-packages/airflow/example_dags/example_sla_dag.py
[2022-04-07 23:58:05,179] {logging_mixin.py:109} INFO - [2022-04-07 23:58:05,178] {dag.py:2396} INFO - Sync 1 DAGs
[2022-04-07 23:58:05,202] {logging_mixin.py:109} INFO - [2022-04-07 23:58:05,201] {dag.py:2935} INFO - Setting next_dagrun for example_sla_dag to 2022-04-07T23:56:00+00:00
[2022-04-07 23:58:05,212] {processor.py:171} INFO - Processing /home/airflow/.local/lib/python3.7/site-packages/airflow/example_dags/example_sla_dag.py took 0.086 seconds
[2022-04-07 23:58:35,937] {processor.py:163} INFO - Started process (PID=1850) to work on /home/airflow/.local/lib/python3.7/site-packages/airflow/example_dags/example_sla_dag.py
[2022-04-07 23:58:35,939] {processor.py:642} INFO - Processing file /home/airflow/.local/lib/python3.7/site-packages/airflow/example_dags/example_sla_dag.py for tasks to queue
[2022-04-07 23:58:35,940] {logging_mixin.py:109} INFO - [2022-04-07 23:58:35,940] {dagbag.py:500} INFO - Filling up the DagBag from /home/airflow/.local/lib/python3.7/site-packages/airflow/example_dags/example_sla_dag.py
[2022-04-07 23:58:35,974] {processor.py:654} INFO - DAG(s) dict_keys(['example_sla_dag']) retrieved from /home/airflow/.local/lib/python3.7/site-packages/airflow/example_dags/example_sla_dag.py
[2022-04-07 23:58:35,983] {logging_mixin.py:109} INFO - [2022-04-07 23:58:35,983] {dag.py:2396} INFO - Sync 1 DAGs
[2022-04-07 23:58:36,002] {logging_mixin.py:109} INFO - [2022-04-07 23:58:36,001] {dag.py:2935} INFO - Setting next_dagrun for example_sla_dag to 2022-04-07T23:56:00+00:00
[2022-04-07 23:58:36,010] {processor.py:171} INFO - Processing /home/airflow/.local/lib/python3.7/site-packages/airflow/example_dags/example_sla_dag.py took 0.077 seconds
[2022-04-07 23:59:06,587] {processor.py:163} INFO - Started process (PID=1912) to work on /home/airflow/.local/lib/python3.7/site-packages/airflow/example_dags/example_sla_dag.py
[2022-04-07 23:59:06,593] {processor.py:642} INFO - Processing file /home/airflow/.local/lib/python3.7/site-packages/airflow/example_dags/example_sla_dag.py for tasks to queue
[2022-04-07 23:59:06,594] {logging_mixin.py:109} INFO - [2022-04-07 23:59:06,594] {dagbag.py:500} INFO - Filling up the DagBag from /home/airflow/.local/lib/python3.7/site-packages/airflow/example_dags/example_sla_dag.py
[2022-04-07 23:59:06,630] {processor.py:654} INFO - DAG(s) dict_keys(['example_sla_dag']) retrieved from /home/airflow/.local/lib/python3.7/site-packages/airflow/example_dags/example_sla_dag.py
[2022-04-07 23:59:06,639] {logging_mixin.py:109} INFO - [2022-04-07 23:59:06,639] {dag.py:2396} INFO - Sync 1 DAGs
[2022-04-07 23:59:06,658] {logging_mixin.py:109} INFO - [2022-04-07 23:59:06,658] {dag.py:2935} INFO - Setting next_dagrun for example_sla_dag to 2022-04-07T23:56:00+00:00
[2022-04-07 23:59:06,666] {processor.py:171} INFO - Processing /home/airflow/.local/lib/python3.7/site-packages/airflow/example_dags/example_sla_dag.py took 0.084 seconds
[2022-04-07 23:59:37,725] {processor.py:163} INFO - Started process (PID=1962) to work on /home/airflow/.local/lib/python3.7/site-packages/airflow/example_dags/example_sla_dag.py
[2022-04-07 23:59:37,727] {processor.py:642} INFO - Processing file /home/airflow/.local/lib/python3.7/site-packages/airflow/example_dags/example_sla_dag.py for tasks to queue
[2022-04-07 23:59:37,727] {logging_mixin.py:109} INFO - [2022-04-07 23:59:37,727] {dagbag.py:500} INFO - Filling up the DagBag from /home/airflow/.local/lib/python3.7/site-packages/airflow/example_dags/example_sla_dag.py
[2022-04-07 23:59:37,762] {processor.py:654} INFO - DAG(s) dict_keys(['example_sla_dag']) retrieved from /home/airflow/.local/lib/python3.7/site-packages/airflow/example_dags/example_sla_dag.py
[2022-04-07 23:59:37,771] {logging_mixin.py:109} INFO - [2022-04-07 23:59:37,771] {dag.py:2396} INFO - Sync 1 DAGs
[2022-04-07 23:59:37,789] {logging_mixin.py:109} INFO - [2022-04-07 23:59:37,789] {dag.py:2935} INFO - Setting next_dagrun for example_sla_dag to 2022-04-07T23:56:00+00:00
[2022-04-07 23:59:37,797] {processor.py:171} INFO - Processing /home/airflow/.local/lib/python3.7/site-packages/airflow/example_dags/example_sla_dag.py took 0.076 seconds
