[2022-04-07 23:43:04,621] {processor.py:163} INFO - Started process (PID=37) to work on /home/airflow/.local/lib/python3.7/site-packages/airflow/example_dags/example_short_circuit_operator.py
[2022-04-07 23:43:04,622] {processor.py:642} INFO - Processing file /home/airflow/.local/lib/python3.7/site-packages/airflow/example_dags/example_short_circuit_operator.py for tasks to queue
[2022-04-07 23:43:04,623] {logging_mixin.py:109} INFO - [2022-04-07 23:43:04,623] {dagbag.py:500} INFO - Filling up the DagBag from /home/airflow/.local/lib/python3.7/site-packages/airflow/example_dags/example_short_circuit_operator.py
[2022-04-07 23:43:04,684] {processor.py:654} INFO - DAG(s) dict_keys(['example_short_circuit_operator']) retrieved from /home/airflow/.local/lib/python3.7/site-packages/airflow/example_dags/example_short_circuit_operator.py
[2022-04-07 23:43:18,151] {logging_mixin.py:109} INFO - [2022-04-07 23:43:18,151] {manager.py:496} INFO - Created Permission View: can read on DAG:example_short_circuit_operator
[2022-04-07 23:43:18,169] {logging_mixin.py:109} INFO - [2022-04-07 23:43:18,169] {manager.py:496} INFO - Created Permission View: can edit on DAG:example_short_circuit_operator
[2022-04-07 23:43:18,170] {logging_mixin.py:109} INFO - [2022-04-07 23:43:18,170] {dag.py:2396} INFO - Sync 1 DAGs
[2022-04-07 23:43:18,188] {logging_mixin.py:109} INFO - [2022-04-07 23:43:18,187] {dag.py:2415} INFO - Creating ORM DAG for example_short_circuit_operator
[2022-04-07 23:43:18,207] {logging_mixin.py:109} INFO - [2022-04-07 23:43:18,206] {dag.py:2935} INFO - Setting next_dagrun for example_short_circuit_operator to 2022-04-06T23:43:18.206562+00:00
[2022-04-07 23:43:18,225] {processor.py:171} INFO - Processing /home/airflow/.local/lib/python3.7/site-packages/airflow/example_dags/example_short_circuit_operator.py took 13.613 seconds
[2022-04-07 23:43:56,160] {processor.py:163} INFO - Started process (PID=216) to work on /home/airflow/.local/lib/python3.7/site-packages/airflow/example_dags/example_short_circuit_operator.py
[2022-04-07 23:43:56,164] {processor.py:642} INFO - Processing file /home/airflow/.local/lib/python3.7/site-packages/airflow/example_dags/example_short_circuit_operator.py for tasks to queue
[2022-04-07 23:43:56,165] {logging_mixin.py:109} INFO - [2022-04-07 23:43:56,165] {dagbag.py:500} INFO - Filling up the DagBag from /home/airflow/.local/lib/python3.7/site-packages/airflow/example_dags/example_short_circuit_operator.py
[2022-04-07 23:43:56,208] {processor.py:654} INFO - DAG(s) dict_keys(['example_short_circuit_operator']) retrieved from /home/airflow/.local/lib/python3.7/site-packages/airflow/example_dags/example_short_circuit_operator.py
[2022-04-07 23:43:56,224] {logging_mixin.py:109} INFO - [2022-04-07 23:43:56,224] {dag.py:2396} INFO - Sync 1 DAGs
[2022-04-07 23:43:56,248] {logging_mixin.py:109} INFO - [2022-04-07 23:43:56,248] {dag.py:2935} INFO - Setting next_dagrun for example_short_circuit_operator to 2022-04-06T23:43:56.247676+00:00
[2022-04-07 23:43:56,260] {processor.py:171} INFO - Processing /home/airflow/.local/lib/python3.7/site-packages/airflow/example_dags/example_short_circuit_operator.py took 0.104 seconds
[2022-04-07 23:44:26,482] {processor.py:163} INFO - Started process (PID=273) to work on /home/airflow/.local/lib/python3.7/site-packages/airflow/example_dags/example_short_circuit_operator.py
[2022-04-07 23:44:26,483] {processor.py:642} INFO - Processing file /home/airflow/.local/lib/python3.7/site-packages/airflow/example_dags/example_short_circuit_operator.py for tasks to queue
[2022-04-07 23:44:26,484] {logging_mixin.py:109} INFO - [2022-04-07 23:44:26,484] {dagbag.py:500} INFO - Filling up the DagBag from /home/airflow/.local/lib/python3.7/site-packages/airflow/example_dags/example_short_circuit_operator.py
[2022-04-07 23:44:26,518] {processor.py:654} INFO - DAG(s) dict_keys(['example_short_circuit_operator']) retrieved from /home/airflow/.local/lib/python3.7/site-packages/airflow/example_dags/example_short_circuit_operator.py
[2022-04-07 23:44:26,529] {logging_mixin.py:109} INFO - [2022-04-07 23:44:26,529] {dag.py:2396} INFO - Sync 1 DAGs
[2022-04-07 23:44:26,545] {logging_mixin.py:109} INFO - [2022-04-07 23:44:26,545] {dag.py:2935} INFO - Setting next_dagrun for example_short_circuit_operator to 2022-04-06T23:44:26.545275+00:00
[2022-04-07 23:44:26,554] {processor.py:171} INFO - Processing /home/airflow/.local/lib/python3.7/site-packages/airflow/example_dags/example_short_circuit_operator.py took 0.076 seconds
[2022-04-07 23:44:56,714] {processor.py:163} INFO - Started process (PID=324) to work on /home/airflow/.local/lib/python3.7/site-packages/airflow/example_dags/example_short_circuit_operator.py
[2022-04-07 23:44:56,716] {processor.py:642} INFO - Processing file /home/airflow/.local/lib/python3.7/site-packages/airflow/example_dags/example_short_circuit_operator.py for tasks to queue
[2022-04-07 23:44:56,718] {logging_mixin.py:109} INFO - [2022-04-07 23:44:56,717] {dagbag.py:500} INFO - Filling up the DagBag from /home/airflow/.local/lib/python3.7/site-packages/airflow/example_dags/example_short_circuit_operator.py
[2022-04-07 23:44:56,762] {processor.py:654} INFO - DAG(s) dict_keys(['example_short_circuit_operator']) retrieved from /home/airflow/.local/lib/python3.7/site-packages/airflow/example_dags/example_short_circuit_operator.py
[2022-04-07 23:44:56,772] {logging_mixin.py:109} INFO - [2022-04-07 23:44:56,772] {dag.py:2396} INFO - Sync 1 DAGs
[2022-04-07 23:44:56,789] {logging_mixin.py:109} INFO - [2022-04-07 23:44:56,788] {dag.py:2935} INFO - Setting next_dagrun for example_short_circuit_operator to 2022-04-06T23:44:56.788619+00:00
[2022-04-07 23:44:56,797] {processor.py:171} INFO - Processing /home/airflow/.local/lib/python3.7/site-packages/airflow/example_dags/example_short_circuit_operator.py took 0.087 seconds
[2022-04-07 23:45:27,167] {processor.py:163} INFO - Started process (PID=384) to work on /home/airflow/.local/lib/python3.7/site-packages/airflow/example_dags/example_short_circuit_operator.py
[2022-04-07 23:45:27,169] {processor.py:642} INFO - Processing file /home/airflow/.local/lib/python3.7/site-packages/airflow/example_dags/example_short_circuit_operator.py for tasks to queue
[2022-04-07 23:45:27,169] {logging_mixin.py:109} INFO - [2022-04-07 23:45:27,169] {dagbag.py:500} INFO - Filling up the DagBag from /home/airflow/.local/lib/python3.7/site-packages/airflow/example_dags/example_short_circuit_operator.py
[2022-04-07 23:45:27,201] {processor.py:654} INFO - DAG(s) dict_keys(['example_short_circuit_operator']) retrieved from /home/airflow/.local/lib/python3.7/site-packages/airflow/example_dags/example_short_circuit_operator.py
[2022-04-07 23:45:27,212] {logging_mixin.py:109} INFO - [2022-04-07 23:45:27,212] {dag.py:2396} INFO - Sync 1 DAGs
[2022-04-07 23:45:27,236] {logging_mixin.py:109} INFO - [2022-04-07 23:45:27,236] {dag.py:2935} INFO - Setting next_dagrun for example_short_circuit_operator to 2022-04-06T23:45:27.236088+00:00
[2022-04-07 23:45:27,248] {processor.py:171} INFO - Processing /home/airflow/.local/lib/python3.7/site-packages/airflow/example_dags/example_short_circuit_operator.py took 0.086 seconds
[2022-04-07 23:45:57,547] {processor.py:163} INFO - Started process (PID=436) to work on /home/airflow/.local/lib/python3.7/site-packages/airflow/example_dags/example_short_circuit_operator.py
[2022-04-07 23:45:57,553] {processor.py:642} INFO - Processing file /home/airflow/.local/lib/python3.7/site-packages/airflow/example_dags/example_short_circuit_operator.py for tasks to queue
[2022-04-07 23:45:57,554] {logging_mixin.py:109} INFO - [2022-04-07 23:45:57,554] {dagbag.py:500} INFO - Filling up the DagBag from /home/airflow/.local/lib/python3.7/site-packages/airflow/example_dags/example_short_circuit_operator.py
[2022-04-07 23:45:57,589] {processor.py:654} INFO - DAG(s) dict_keys(['example_short_circuit_operator']) retrieved from /home/airflow/.local/lib/python3.7/site-packages/airflow/example_dags/example_short_circuit_operator.py
[2022-04-07 23:45:57,600] {logging_mixin.py:109} INFO - [2022-04-07 23:45:57,600] {dag.py:2396} INFO - Sync 1 DAGs
[2022-04-07 23:45:57,616] {logging_mixin.py:109} INFO - [2022-04-07 23:45:57,616] {dag.py:2935} INFO - Setting next_dagrun for example_short_circuit_operator to 2022-04-06T23:45:57.616068+00:00
[2022-04-07 23:45:57,625] {processor.py:171} INFO - Processing /home/airflow/.local/lib/python3.7/site-packages/airflow/example_dags/example_short_circuit_operator.py took 0.082 seconds
[2022-04-07 23:46:27,651] {processor.py:163} INFO - Started process (PID=497) to work on /home/airflow/.local/lib/python3.7/site-packages/airflow/example_dags/example_short_circuit_operator.py
[2022-04-07 23:46:27,652] {processor.py:642} INFO - Processing file /home/airflow/.local/lib/python3.7/site-packages/airflow/example_dags/example_short_circuit_operator.py for tasks to queue
[2022-04-07 23:46:27,653] {logging_mixin.py:109} INFO - [2022-04-07 23:46:27,653] {dagbag.py:500} INFO - Filling up the DagBag from /home/airflow/.local/lib/python3.7/site-packages/airflow/example_dags/example_short_circuit_operator.py
[2022-04-07 23:46:27,684] {processor.py:654} INFO - DAG(s) dict_keys(['example_short_circuit_operator']) retrieved from /home/airflow/.local/lib/python3.7/site-packages/airflow/example_dags/example_short_circuit_operator.py
[2022-04-07 23:46:27,694] {logging_mixin.py:109} INFO - [2022-04-07 23:46:27,694] {dag.py:2396} INFO - Sync 1 DAGs
[2022-04-07 23:46:27,711] {logging_mixin.py:109} INFO - [2022-04-07 23:46:27,711] {dag.py:2935} INFO - Setting next_dagrun for example_short_circuit_operator to 2022-04-06T23:46:27.711104+00:00
[2022-04-07 23:46:27,720] {processor.py:171} INFO - Processing /home/airflow/.local/lib/python3.7/site-packages/airflow/example_dags/example_short_circuit_operator.py took 0.073 seconds
[2022-04-07 23:46:57,812] {processor.py:163} INFO - Started process (PID=549) to work on /home/airflow/.local/lib/python3.7/site-packages/airflow/example_dags/example_short_circuit_operator.py
[2022-04-07 23:46:57,814] {processor.py:642} INFO - Processing file /home/airflow/.local/lib/python3.7/site-packages/airflow/example_dags/example_short_circuit_operator.py for tasks to queue
[2022-04-07 23:46:57,814] {logging_mixin.py:109} INFO - [2022-04-07 23:46:57,814] {dagbag.py:500} INFO - Filling up the DagBag from /home/airflow/.local/lib/python3.7/site-packages/airflow/example_dags/example_short_circuit_operator.py
[2022-04-07 23:46:57,856] {processor.py:654} INFO - DAG(s) dict_keys(['example_short_circuit_operator']) retrieved from /home/airflow/.local/lib/python3.7/site-packages/airflow/example_dags/example_short_circuit_operator.py
[2022-04-07 23:46:57,871] {logging_mixin.py:109} INFO - [2022-04-07 23:46:57,871] {dag.py:2396} INFO - Sync 1 DAGs
[2022-04-07 23:46:57,896] {logging_mixin.py:109} INFO - [2022-04-07 23:46:57,896] {dag.py:2935} INFO - Setting next_dagrun for example_short_circuit_operator to 2022-04-06T23:46:57.895662+00:00
[2022-04-07 23:46:57,908] {processor.py:171} INFO - Processing /home/airflow/.local/lib/python3.7/site-packages/airflow/example_dags/example_short_circuit_operator.py took 0.100 seconds
[2022-04-07 23:47:28,277] {processor.py:163} INFO - Started process (PID=612) to work on /home/airflow/.local/lib/python3.7/site-packages/airflow/example_dags/example_short_circuit_operator.py
[2022-04-07 23:47:28,278] {processor.py:642} INFO - Processing file /home/airflow/.local/lib/python3.7/site-packages/airflow/example_dags/example_short_circuit_operator.py for tasks to queue
[2022-04-07 23:47:28,279] {logging_mixin.py:109} INFO - [2022-04-07 23:47:28,279] {dagbag.py:500} INFO - Filling up the DagBag from /home/airflow/.local/lib/python3.7/site-packages/airflow/example_dags/example_short_circuit_operator.py
[2022-04-07 23:47:28,311] {processor.py:654} INFO - DAG(s) dict_keys(['example_short_circuit_operator']) retrieved from /home/airflow/.local/lib/python3.7/site-packages/airflow/example_dags/example_short_circuit_operator.py
[2022-04-07 23:47:28,326] {logging_mixin.py:109} INFO - [2022-04-07 23:47:28,326] {dag.py:2396} INFO - Sync 1 DAGs
[2022-04-07 23:47:28,343] {logging_mixin.py:109} INFO - [2022-04-07 23:47:28,343] {dag.py:2935} INFO - Setting next_dagrun for example_short_circuit_operator to 2022-04-06T23:47:28.342769+00:00
[2022-04-07 23:47:28,352] {processor.py:171} INFO - Processing /home/airflow/.local/lib/python3.7/site-packages/airflow/example_dags/example_short_circuit_operator.py took 0.079 seconds
[2022-04-07 23:47:58,562] {processor.py:163} INFO - Started process (PID=662) to work on /home/airflow/.local/lib/python3.7/site-packages/airflow/example_dags/example_short_circuit_operator.py
[2022-04-07 23:47:58,564] {processor.py:642} INFO - Processing file /home/airflow/.local/lib/python3.7/site-packages/airflow/example_dags/example_short_circuit_operator.py for tasks to queue
[2022-04-07 23:47:58,564] {logging_mixin.py:109} INFO - [2022-04-07 23:47:58,564] {dagbag.py:500} INFO - Filling up the DagBag from /home/airflow/.local/lib/python3.7/site-packages/airflow/example_dags/example_short_circuit_operator.py
[2022-04-07 23:47:58,596] {processor.py:654} INFO - DAG(s) dict_keys(['example_short_circuit_operator']) retrieved from /home/airflow/.local/lib/python3.7/site-packages/airflow/example_dags/example_short_circuit_operator.py
[2022-04-07 23:47:58,607] {logging_mixin.py:109} INFO - [2022-04-07 23:47:58,607] {dag.py:2396} INFO - Sync 1 DAGs
[2022-04-07 23:47:58,626] {logging_mixin.py:109} INFO - [2022-04-07 23:47:58,626] {dag.py:2935} INFO - Setting next_dagrun for example_short_circuit_operator to 2022-04-06T23:47:58.625938+00:00
[2022-04-07 23:47:58,637] {processor.py:171} INFO - Processing /home/airflow/.local/lib/python3.7/site-packages/airflow/example_dags/example_short_circuit_operator.py took 0.081 seconds
[2022-04-07 23:48:28,867] {processor.py:163} INFO - Started process (PID=724) to work on /home/airflow/.local/lib/python3.7/site-packages/airflow/example_dags/example_short_circuit_operator.py
[2022-04-07 23:48:28,868] {processor.py:642} INFO - Processing file /home/airflow/.local/lib/python3.7/site-packages/airflow/example_dags/example_short_circuit_operator.py for tasks to queue
[2022-04-07 23:48:28,869] {logging_mixin.py:109} INFO - [2022-04-07 23:48:28,869] {dagbag.py:500} INFO - Filling up the DagBag from /home/airflow/.local/lib/python3.7/site-packages/airflow/example_dags/example_short_circuit_operator.py
[2022-04-07 23:48:28,902] {processor.py:654} INFO - DAG(s) dict_keys(['example_short_circuit_operator']) retrieved from /home/airflow/.local/lib/python3.7/site-packages/airflow/example_dags/example_short_circuit_operator.py
[2022-04-07 23:48:28,913] {logging_mixin.py:109} INFO - [2022-04-07 23:48:28,913] {dag.py:2396} INFO - Sync 1 DAGs
[2022-04-07 23:48:28,930] {logging_mixin.py:109} INFO - [2022-04-07 23:48:28,930] {dag.py:2935} INFO - Setting next_dagrun for example_short_circuit_operator to 2022-04-06T23:48:28.929991+00:00
[2022-04-07 23:48:28,939] {processor.py:171} INFO - Processing /home/airflow/.local/lib/python3.7/site-packages/airflow/example_dags/example_short_circuit_operator.py took 0.078 seconds
[2022-04-07 23:48:59,076] {processor.py:163} INFO - Started process (PID=781) to work on /home/airflow/.local/lib/python3.7/site-packages/airflow/example_dags/example_short_circuit_operator.py
[2022-04-07 23:48:59,077] {processor.py:642} INFO - Processing file /home/airflow/.local/lib/python3.7/site-packages/airflow/example_dags/example_short_circuit_operator.py for tasks to queue
[2022-04-07 23:48:59,078] {logging_mixin.py:109} INFO - [2022-04-07 23:48:59,078] {dagbag.py:500} INFO - Filling up the DagBag from /home/airflow/.local/lib/python3.7/site-packages/airflow/example_dags/example_short_circuit_operator.py
[2022-04-07 23:48:59,110] {processor.py:654} INFO - DAG(s) dict_keys(['example_short_circuit_operator']) retrieved from /home/airflow/.local/lib/python3.7/site-packages/airflow/example_dags/example_short_circuit_operator.py
[2022-04-07 23:48:59,121] {logging_mixin.py:109} INFO - [2022-04-07 23:48:59,121] {dag.py:2396} INFO - Sync 1 DAGs
[2022-04-07 23:48:59,138] {logging_mixin.py:109} INFO - [2022-04-07 23:48:59,138] {dag.py:2935} INFO - Setting next_dagrun for example_short_circuit_operator to 2022-04-06T23:48:59.137807+00:00
[2022-04-07 23:48:59,146] {processor.py:171} INFO - Processing /home/airflow/.local/lib/python3.7/site-packages/airflow/example_dags/example_short_circuit_operator.py took 0.076 seconds
[2022-04-07 23:49:29,425] {processor.py:163} INFO - Started process (PID=841) to work on /home/airflow/.local/lib/python3.7/site-packages/airflow/example_dags/example_short_circuit_operator.py
[2022-04-07 23:49:29,427] {processor.py:642} INFO - Processing file /home/airflow/.local/lib/python3.7/site-packages/airflow/example_dags/example_short_circuit_operator.py for tasks to queue
[2022-04-07 23:49:29,427] {logging_mixin.py:109} INFO - [2022-04-07 23:49:29,427] {dagbag.py:500} INFO - Filling up the DagBag from /home/airflow/.local/lib/python3.7/site-packages/airflow/example_dags/example_short_circuit_operator.py
[2022-04-07 23:49:29,460] {processor.py:654} INFO - DAG(s) dict_keys(['example_short_circuit_operator']) retrieved from /home/airflow/.local/lib/python3.7/site-packages/airflow/example_dags/example_short_circuit_operator.py
[2022-04-07 23:49:29,470] {logging_mixin.py:109} INFO - [2022-04-07 23:49:29,470] {dag.py:2396} INFO - Sync 1 DAGs
[2022-04-07 23:49:29,493] {logging_mixin.py:109} INFO - [2022-04-07 23:49:29,493] {dag.py:2935} INFO - Setting next_dagrun for example_short_circuit_operator to 2022-04-06T23:49:29.493383+00:00
[2022-04-07 23:49:29,504] {processor.py:171} INFO - Processing /home/airflow/.local/lib/python3.7/site-packages/airflow/example_dags/example_short_circuit_operator.py took 0.084 seconds
[2022-04-07 23:49:59,551] {processor.py:163} INFO - Started process (PID=893) to work on /home/airflow/.local/lib/python3.7/site-packages/airflow/example_dags/example_short_circuit_operator.py
[2022-04-07 23:49:59,553] {processor.py:642} INFO - Processing file /home/airflow/.local/lib/python3.7/site-packages/airflow/example_dags/example_short_circuit_operator.py for tasks to queue
[2022-04-07 23:49:59,554] {logging_mixin.py:109} INFO - [2022-04-07 23:49:59,553] {dagbag.py:500} INFO - Filling up the DagBag from /home/airflow/.local/lib/python3.7/site-packages/airflow/example_dags/example_short_circuit_operator.py
[2022-04-07 23:49:59,586] {processor.py:654} INFO - DAG(s) dict_keys(['example_short_circuit_operator']) retrieved from /home/airflow/.local/lib/python3.7/site-packages/airflow/example_dags/example_short_circuit_operator.py
[2022-04-07 23:49:59,597] {logging_mixin.py:109} INFO - [2022-04-07 23:49:59,597] {dag.py:2396} INFO - Sync 1 DAGs
[2022-04-07 23:49:59,614] {logging_mixin.py:109} INFO - [2022-04-07 23:49:59,614] {dag.py:2935} INFO - Setting next_dagrun for example_short_circuit_operator to 2022-04-06T23:49:59.614504+00:00
[2022-04-07 23:49:59,624] {processor.py:171} INFO - Processing /home/airflow/.local/lib/python3.7/site-packages/airflow/example_dags/example_short_circuit_operator.py took 0.077 seconds
[2022-04-07 23:50:30,173] {processor.py:163} INFO - Started process (PID=954) to work on /home/airflow/.local/lib/python3.7/site-packages/airflow/example_dags/example_short_circuit_operator.py
[2022-04-07 23:50:30,174] {processor.py:642} INFO - Processing file /home/airflow/.local/lib/python3.7/site-packages/airflow/example_dags/example_short_circuit_operator.py for tasks to queue
[2022-04-07 23:50:30,175] {logging_mixin.py:109} INFO - [2022-04-07 23:50:30,175] {dagbag.py:500} INFO - Filling up the DagBag from /home/airflow/.local/lib/python3.7/site-packages/airflow/example_dags/example_short_circuit_operator.py
[2022-04-07 23:50:30,221] {processor.py:654} INFO - DAG(s) dict_keys(['example_short_circuit_operator']) retrieved from /home/airflow/.local/lib/python3.7/site-packages/airflow/example_dags/example_short_circuit_operator.py
[2022-04-07 23:50:30,236] {logging_mixin.py:109} INFO - [2022-04-07 23:50:30,236] {dag.py:2396} INFO - Sync 1 DAGs
[2022-04-07 23:50:30,260] {logging_mixin.py:109} INFO - [2022-04-07 23:50:30,260] {dag.py:2935} INFO - Setting next_dagrun for example_short_circuit_operator to 2022-04-06T23:50:30.259973+00:00
[2022-04-07 23:50:30,271] {processor.py:171} INFO - Processing /home/airflow/.local/lib/python3.7/site-packages/airflow/example_dags/example_short_circuit_operator.py took 0.104 seconds
[2022-04-07 23:51:00,621] {processor.py:163} INFO - Started process (PID=1005) to work on /home/airflow/.local/lib/python3.7/site-packages/airflow/example_dags/example_short_circuit_operator.py
[2022-04-07 23:51:00,625] {processor.py:642} INFO - Processing file /home/airflow/.local/lib/python3.7/site-packages/airflow/example_dags/example_short_circuit_operator.py for tasks to queue
[2022-04-07 23:51:00,626] {logging_mixin.py:109} INFO - [2022-04-07 23:51:00,626] {dagbag.py:500} INFO - Filling up the DagBag from /home/airflow/.local/lib/python3.7/site-packages/airflow/example_dags/example_short_circuit_operator.py
[2022-04-07 23:51:00,670] {processor.py:654} INFO - DAG(s) dict_keys(['example_short_circuit_operator']) retrieved from /home/airflow/.local/lib/python3.7/site-packages/airflow/example_dags/example_short_circuit_operator.py
[2022-04-07 23:51:00,684] {logging_mixin.py:109} INFO - [2022-04-07 23:51:00,684] {dag.py:2396} INFO - Sync 1 DAGs
[2022-04-07 23:51:00,708] {logging_mixin.py:109} INFO - [2022-04-07 23:51:00,708] {dag.py:2935} INFO - Setting next_dagrun for example_short_circuit_operator to 2022-04-06T23:51:00.707904+00:00
[2022-04-07 23:51:00,719] {processor.py:171} INFO - Processing /home/airflow/.local/lib/python3.7/site-packages/airflow/example_dags/example_short_circuit_operator.py took 0.104 seconds
[2022-04-07 23:51:31,177] {processor.py:163} INFO - Started process (PID=1067) to work on /home/airflow/.local/lib/python3.7/site-packages/airflow/example_dags/example_short_circuit_operator.py
[2022-04-07 23:51:31,179] {processor.py:642} INFO - Processing file /home/airflow/.local/lib/python3.7/site-packages/airflow/example_dags/example_short_circuit_operator.py for tasks to queue
[2022-04-07 23:51:31,180] {logging_mixin.py:109} INFO - [2022-04-07 23:51:31,180] {dagbag.py:500} INFO - Filling up the DagBag from /home/airflow/.local/lib/python3.7/site-packages/airflow/example_dags/example_short_circuit_operator.py
[2022-04-07 23:51:31,215] {processor.py:654} INFO - DAG(s) dict_keys(['example_short_circuit_operator']) retrieved from /home/airflow/.local/lib/python3.7/site-packages/airflow/example_dags/example_short_circuit_operator.py
[2022-04-07 23:51:31,227] {logging_mixin.py:109} INFO - [2022-04-07 23:51:31,227] {dag.py:2396} INFO - Sync 1 DAGs
[2022-04-07 23:51:31,253] {logging_mixin.py:109} INFO - [2022-04-07 23:51:31,253] {dag.py:2935} INFO - Setting next_dagrun for example_short_circuit_operator to 2022-04-06T23:51:31.252585+00:00
[2022-04-07 23:51:31,264] {processor.py:171} INFO - Processing /home/airflow/.local/lib/python3.7/site-packages/airflow/example_dags/example_short_circuit_operator.py took 0.093 seconds
[2022-04-07 23:52:01,563] {processor.py:163} INFO - Started process (PID=1120) to work on /home/airflow/.local/lib/python3.7/site-packages/airflow/example_dags/example_short_circuit_operator.py
[2022-04-07 23:52:01,565] {processor.py:642} INFO - Processing file /home/airflow/.local/lib/python3.7/site-packages/airflow/example_dags/example_short_circuit_operator.py for tasks to queue
[2022-04-07 23:52:01,566] {logging_mixin.py:109} INFO - [2022-04-07 23:52:01,566] {dagbag.py:500} INFO - Filling up the DagBag from /home/airflow/.local/lib/python3.7/site-packages/airflow/example_dags/example_short_circuit_operator.py
[2022-04-07 23:52:01,599] {processor.py:654} INFO - DAG(s) dict_keys(['example_short_circuit_operator']) retrieved from /home/airflow/.local/lib/python3.7/site-packages/airflow/example_dags/example_short_circuit_operator.py
[2022-04-07 23:52:01,609] {logging_mixin.py:109} INFO - [2022-04-07 23:52:01,609] {dag.py:2396} INFO - Sync 1 DAGs
[2022-04-07 23:52:01,633] {logging_mixin.py:109} INFO - [2022-04-07 23:52:01,633] {dag.py:2935} INFO - Setting next_dagrun for example_short_circuit_operator to 2022-04-06T23:52:01.632955+00:00
[2022-04-07 23:52:01,645] {processor.py:171} INFO - Processing /home/airflow/.local/lib/python3.7/site-packages/airflow/example_dags/example_short_circuit_operator.py took 0.086 seconds
[2022-04-07 23:52:31,686] {processor.py:163} INFO - Started process (PID=1180) to work on /home/airflow/.local/lib/python3.7/site-packages/airflow/example_dags/example_short_circuit_operator.py
[2022-04-07 23:52:31,688] {processor.py:642} INFO - Processing file /home/airflow/.local/lib/python3.7/site-packages/airflow/example_dags/example_short_circuit_operator.py for tasks to queue
[2022-04-07 23:52:31,689] {logging_mixin.py:109} INFO - [2022-04-07 23:52:31,689] {dagbag.py:500} INFO - Filling up the DagBag from /home/airflow/.local/lib/python3.7/site-packages/airflow/example_dags/example_short_circuit_operator.py
[2022-04-07 23:52:31,729] {processor.py:654} INFO - DAG(s) dict_keys(['example_short_circuit_operator']) retrieved from /home/airflow/.local/lib/python3.7/site-packages/airflow/example_dags/example_short_circuit_operator.py
[2022-04-07 23:52:31,744] {logging_mixin.py:109} INFO - [2022-04-07 23:52:31,744] {dag.py:2396} INFO - Sync 1 DAGs
[2022-04-07 23:52:31,787] {logging_mixin.py:109} INFO - [2022-04-07 23:52:31,786] {dag.py:2935} INFO - Setting next_dagrun for example_short_circuit_operator to 2022-04-06T23:52:31.786434+00:00
[2022-04-07 23:52:31,803] {processor.py:171} INFO - Processing /home/airflow/.local/lib/python3.7/site-packages/airflow/example_dags/example_short_circuit_operator.py took 0.122 seconds
[2022-04-07 23:53:02,186] {processor.py:163} INFO - Started process (PID=1231) to work on /home/airflow/.local/lib/python3.7/site-packages/airflow/example_dags/example_short_circuit_operator.py
[2022-04-07 23:53:02,188] {processor.py:642} INFO - Processing file /home/airflow/.local/lib/python3.7/site-packages/airflow/example_dags/example_short_circuit_operator.py for tasks to queue
[2022-04-07 23:53:02,189] {logging_mixin.py:109} INFO - [2022-04-07 23:53:02,188] {dagbag.py:500} INFO - Filling up the DagBag from /home/airflow/.local/lib/python3.7/site-packages/airflow/example_dags/example_short_circuit_operator.py
[2022-04-07 23:53:02,222] {processor.py:654} INFO - DAG(s) dict_keys(['example_short_circuit_operator']) retrieved from /home/airflow/.local/lib/python3.7/site-packages/airflow/example_dags/example_short_circuit_operator.py
[2022-04-07 23:53:02,237] {logging_mixin.py:109} INFO - [2022-04-07 23:53:02,237] {dag.py:2396} INFO - Sync 1 DAGs
[2022-04-07 23:53:02,260] {logging_mixin.py:109} INFO - [2022-04-07 23:53:02,260] {dag.py:2935} INFO - Setting next_dagrun for example_short_circuit_operator to 2022-04-06T23:53:02.260332+00:00
[2022-04-07 23:53:02,270] {processor.py:171} INFO - Processing /home/airflow/.local/lib/python3.7/site-packages/airflow/example_dags/example_short_circuit_operator.py took 0.088 seconds
[2022-04-07 23:53:32,407] {processor.py:163} INFO - Started process (PID=1282) to work on /home/airflow/.local/lib/python3.7/site-packages/airflow/example_dags/example_short_circuit_operator.py
[2022-04-07 23:53:32,409] {processor.py:642} INFO - Processing file /home/airflow/.local/lib/python3.7/site-packages/airflow/example_dags/example_short_circuit_operator.py for tasks to queue
[2022-04-07 23:53:32,409] {logging_mixin.py:109} INFO - [2022-04-07 23:53:32,409] {dagbag.py:500} INFO - Filling up the DagBag from /home/airflow/.local/lib/python3.7/site-packages/airflow/example_dags/example_short_circuit_operator.py
[2022-04-07 23:53:32,451] {processor.py:654} INFO - DAG(s) dict_keys(['example_short_circuit_operator']) retrieved from /home/airflow/.local/lib/python3.7/site-packages/airflow/example_dags/example_short_circuit_operator.py
[2022-04-07 23:53:32,466] {logging_mixin.py:109} INFO - [2022-04-07 23:53:32,466] {dag.py:2396} INFO - Sync 1 DAGs
[2022-04-07 23:53:32,489] {logging_mixin.py:109} INFO - [2022-04-07 23:53:32,489] {dag.py:2935} INFO - Setting next_dagrun for example_short_circuit_operator to 2022-04-06T23:53:32.489143+00:00
[2022-04-07 23:53:32,501] {processor.py:171} INFO - Processing /home/airflow/.local/lib/python3.7/site-packages/airflow/example_dags/example_short_circuit_operator.py took 0.098 seconds
[2022-04-07 23:54:02,891] {processor.py:163} INFO - Started process (PID=1342) to work on /home/airflow/.local/lib/python3.7/site-packages/airflow/example_dags/example_short_circuit_operator.py
[2022-04-07 23:54:02,893] {processor.py:642} INFO - Processing file /home/airflow/.local/lib/python3.7/site-packages/airflow/example_dags/example_short_circuit_operator.py for tasks to queue
[2022-04-07 23:54:02,893] {logging_mixin.py:109} INFO - [2022-04-07 23:54:02,893] {dagbag.py:500} INFO - Filling up the DagBag from /home/airflow/.local/lib/python3.7/site-packages/airflow/example_dags/example_short_circuit_operator.py
[2022-04-07 23:54:02,932] {processor.py:654} INFO - DAG(s) dict_keys(['example_short_circuit_operator']) retrieved from /home/airflow/.local/lib/python3.7/site-packages/airflow/example_dags/example_short_circuit_operator.py
[2022-04-07 23:54:02,943] {logging_mixin.py:109} INFO - [2022-04-07 23:54:02,943] {dag.py:2396} INFO - Sync 1 DAGs
[2022-04-07 23:54:02,959] {logging_mixin.py:109} INFO - [2022-04-07 23:54:02,959] {dag.py:2935} INFO - Setting next_dagrun for example_short_circuit_operator to 2022-04-06T23:54:02.958888+00:00
[2022-04-07 23:54:02,967] {processor.py:171} INFO - Processing /home/airflow/.local/lib/python3.7/site-packages/airflow/example_dags/example_short_circuit_operator.py took 0.081 seconds
[2022-04-07 23:54:33,776] {processor.py:163} INFO - Started process (PID=1402) to work on /home/airflow/.local/lib/python3.7/site-packages/airflow/example_dags/example_short_circuit_operator.py
[2022-04-07 23:54:33,778] {processor.py:642} INFO - Processing file /home/airflow/.local/lib/python3.7/site-packages/airflow/example_dags/example_short_circuit_operator.py for tasks to queue
[2022-04-07 23:54:33,779] {logging_mixin.py:109} INFO - [2022-04-07 23:54:33,779] {dagbag.py:500} INFO - Filling up the DagBag from /home/airflow/.local/lib/python3.7/site-packages/airflow/example_dags/example_short_circuit_operator.py
[2022-04-07 23:54:33,822] {processor.py:654} INFO - DAG(s) dict_keys(['example_short_circuit_operator']) retrieved from /home/airflow/.local/lib/python3.7/site-packages/airflow/example_dags/example_short_circuit_operator.py
[2022-04-07 23:54:33,838] {logging_mixin.py:109} INFO - [2022-04-07 23:54:33,838] {dag.py:2396} INFO - Sync 1 DAGs
[2022-04-07 23:54:33,862] {logging_mixin.py:109} INFO - [2022-04-07 23:54:33,862] {dag.py:2935} INFO - Setting next_dagrun for example_short_circuit_operator to 2022-04-06T23:54:33.861686+00:00
[2022-04-07 23:54:33,874] {processor.py:171} INFO - Processing /home/airflow/.local/lib/python3.7/site-packages/airflow/example_dags/example_short_circuit_operator.py took 0.104 seconds
[2022-04-07 23:55:04,351] {processor.py:163} INFO - Started process (PID=1456) to work on /home/airflow/.local/lib/python3.7/site-packages/airflow/example_dags/example_short_circuit_operator.py
[2022-04-07 23:55:04,353] {processor.py:642} INFO - Processing file /home/airflow/.local/lib/python3.7/site-packages/airflow/example_dags/example_short_circuit_operator.py for tasks to queue
[2022-04-07 23:55:04,353] {logging_mixin.py:109} INFO - [2022-04-07 23:55:04,353] {dagbag.py:500} INFO - Filling up the DagBag from /home/airflow/.local/lib/python3.7/site-packages/airflow/example_dags/example_short_circuit_operator.py
[2022-04-07 23:55:04,395] {processor.py:654} INFO - DAG(s) dict_keys(['example_short_circuit_operator']) retrieved from /home/airflow/.local/lib/python3.7/site-packages/airflow/example_dags/example_short_circuit_operator.py
[2022-04-07 23:55:04,411] {logging_mixin.py:109} INFO - [2022-04-07 23:55:04,411] {dag.py:2396} INFO - Sync 1 DAGs
[2022-04-07 23:55:04,436] {logging_mixin.py:109} INFO - [2022-04-07 23:55:04,436] {dag.py:2935} INFO - Setting next_dagrun for example_short_circuit_operator to 2022-04-06T23:55:04.436189+00:00
[2022-04-07 23:55:04,448] {processor.py:171} INFO - Processing /home/airflow/.local/lib/python3.7/site-packages/airflow/example_dags/example_short_circuit_operator.py took 0.103 seconds
[2022-04-07 23:55:34,718] {processor.py:163} INFO - Started process (PID=1509) to work on /home/airflow/.local/lib/python3.7/site-packages/airflow/example_dags/example_short_circuit_operator.py
[2022-04-07 23:55:34,720] {processor.py:642} INFO - Processing file /home/airflow/.local/lib/python3.7/site-packages/airflow/example_dags/example_short_circuit_operator.py for tasks to queue
[2022-04-07 23:55:34,720] {logging_mixin.py:109} INFO - [2022-04-07 23:55:34,720] {dagbag.py:500} INFO - Filling up the DagBag from /home/airflow/.local/lib/python3.7/site-packages/airflow/example_dags/example_short_circuit_operator.py
[2022-04-07 23:55:34,753] {processor.py:654} INFO - DAG(s) dict_keys(['example_short_circuit_operator']) retrieved from /home/airflow/.local/lib/python3.7/site-packages/airflow/example_dags/example_short_circuit_operator.py
[2022-04-07 23:55:34,764] {logging_mixin.py:109} INFO - [2022-04-07 23:55:34,764] {dag.py:2396} INFO - Sync 1 DAGs
[2022-04-07 23:55:34,781] {logging_mixin.py:109} INFO - [2022-04-07 23:55:34,781] {dag.py:2935} INFO - Setting next_dagrun for example_short_circuit_operator to 2022-04-06T23:55:34.780917+00:00
[2022-04-07 23:55:34,793] {processor.py:171} INFO - Processing /home/airflow/.local/lib/python3.7/site-packages/airflow/example_dags/example_short_circuit_operator.py took 0.079 seconds
[2022-04-07 23:56:05,304] {processor.py:163} INFO - Started process (PID=1569) to work on /home/airflow/.local/lib/python3.7/site-packages/airflow/example_dags/example_short_circuit_operator.py
[2022-04-07 23:56:05,306] {processor.py:642} INFO - Processing file /home/airflow/.local/lib/python3.7/site-packages/airflow/example_dags/example_short_circuit_operator.py for tasks to queue
[2022-04-07 23:56:05,308] {logging_mixin.py:109} INFO - [2022-04-07 23:56:05,307] {dagbag.py:500} INFO - Filling up the DagBag from /home/airflow/.local/lib/python3.7/site-packages/airflow/example_dags/example_short_circuit_operator.py
[2022-04-07 23:56:05,343] {processor.py:654} INFO - DAG(s) dict_keys(['example_short_circuit_operator']) retrieved from /home/airflow/.local/lib/python3.7/site-packages/airflow/example_dags/example_short_circuit_operator.py
[2022-04-07 23:56:05,356] {logging_mixin.py:109} INFO - [2022-04-07 23:56:05,356] {dag.py:2396} INFO - Sync 1 DAGs
[2022-04-07 23:56:05,380] {logging_mixin.py:109} INFO - [2022-04-07 23:56:05,379] {dag.py:2935} INFO - Setting next_dagrun for example_short_circuit_operator to 2022-04-06T23:56:05.379398+00:00
[2022-04-07 23:56:05,390] {processor.py:171} INFO - Processing /home/airflow/.local/lib/python3.7/site-packages/airflow/example_dags/example_short_circuit_operator.py took 0.091 seconds
[2022-04-07 23:56:36,072] {processor.py:163} INFO - Started process (PID=1629) to work on /home/airflow/.local/lib/python3.7/site-packages/airflow/example_dags/example_short_circuit_operator.py
[2022-04-07 23:56:36,075] {processor.py:642} INFO - Processing file /home/airflow/.local/lib/python3.7/site-packages/airflow/example_dags/example_short_circuit_operator.py for tasks to queue
[2022-04-07 23:56:36,076] {logging_mixin.py:109} INFO - [2022-04-07 23:56:36,076] {dagbag.py:500} INFO - Filling up the DagBag from /home/airflow/.local/lib/python3.7/site-packages/airflow/example_dags/example_short_circuit_operator.py
[2022-04-07 23:56:36,120] {processor.py:654} INFO - DAG(s) dict_keys(['example_short_circuit_operator']) retrieved from /home/airflow/.local/lib/python3.7/site-packages/airflow/example_dags/example_short_circuit_operator.py
[2022-04-07 23:56:36,131] {logging_mixin.py:109} INFO - [2022-04-07 23:56:36,131] {dag.py:2396} INFO - Sync 1 DAGs
[2022-04-07 23:56:36,147] {logging_mixin.py:109} INFO - [2022-04-07 23:56:36,147] {dag.py:2935} INFO - Setting next_dagrun for example_short_circuit_operator to 2022-04-06T23:56:36.147401+00:00
[2022-04-07 23:56:36,156] {processor.py:171} INFO - Processing /home/airflow/.local/lib/python3.7/site-packages/airflow/example_dags/example_short_circuit_operator.py took 0.089 seconds
[2022-04-07 23:57:07,108] {processor.py:163} INFO - Started process (PID=1684) to work on /home/airflow/.local/lib/python3.7/site-packages/airflow/example_dags/example_short_circuit_operator.py
[2022-04-07 23:57:07,110] {processor.py:642} INFO - Processing file /home/airflow/.local/lib/python3.7/site-packages/airflow/example_dags/example_short_circuit_operator.py for tasks to queue
[2022-04-07 23:57:07,112] {logging_mixin.py:109} INFO - [2022-04-07 23:57:07,112] {dagbag.py:500} INFO - Filling up the DagBag from /home/airflow/.local/lib/python3.7/site-packages/airflow/example_dags/example_short_circuit_operator.py
[2022-04-07 23:57:07,145] {processor.py:654} INFO - DAG(s) dict_keys(['example_short_circuit_operator']) retrieved from /home/airflow/.local/lib/python3.7/site-packages/airflow/example_dags/example_short_circuit_operator.py
[2022-04-07 23:57:07,155] {logging_mixin.py:109} INFO - [2022-04-07 23:57:07,155] {dag.py:2396} INFO - Sync 1 DAGs
[2022-04-07 23:57:07,172] {logging_mixin.py:109} INFO - [2022-04-07 23:57:07,172] {dag.py:2935} INFO - Setting next_dagrun for example_short_circuit_operator to 2022-04-06T23:57:07.172014+00:00
[2022-04-07 23:57:07,182] {processor.py:171} INFO - Processing /home/airflow/.local/lib/python3.7/site-packages/airflow/example_dags/example_short_circuit_operator.py took 0.079 seconds
[2022-04-07 23:57:37,485] {processor.py:163} INFO - Started process (PID=1746) to work on /home/airflow/.local/lib/python3.7/site-packages/airflow/example_dags/example_short_circuit_operator.py
[2022-04-07 23:57:37,487] {processor.py:642} INFO - Processing file /home/airflow/.local/lib/python3.7/site-packages/airflow/example_dags/example_short_circuit_operator.py for tasks to queue
[2022-04-07 23:57:37,488] {logging_mixin.py:109} INFO - [2022-04-07 23:57:37,487] {dagbag.py:500} INFO - Filling up the DagBag from /home/airflow/.local/lib/python3.7/site-packages/airflow/example_dags/example_short_circuit_operator.py
[2022-04-07 23:57:37,529] {processor.py:654} INFO - DAG(s) dict_keys(['example_short_circuit_operator']) retrieved from /home/airflow/.local/lib/python3.7/site-packages/airflow/example_dags/example_short_circuit_operator.py
[2022-04-07 23:57:37,544] {logging_mixin.py:109} INFO - [2022-04-07 23:57:37,543] {dag.py:2396} INFO - Sync 1 DAGs
[2022-04-07 23:57:37,567] {logging_mixin.py:109} INFO - [2022-04-07 23:57:37,566] {dag.py:2935} INFO - Setting next_dagrun for example_short_circuit_operator to 2022-04-06T23:57:37.566564+00:00
[2022-04-07 23:57:37,578] {processor.py:171} INFO - Processing /home/airflow/.local/lib/python3.7/site-packages/airflow/example_dags/example_short_circuit_operator.py took 0.099 seconds
[2022-04-07 23:58:08,351] {processor.py:163} INFO - Started process (PID=1798) to work on /home/airflow/.local/lib/python3.7/site-packages/airflow/example_dags/example_short_circuit_operator.py
[2022-04-07 23:58:08,353] {processor.py:642} INFO - Processing file /home/airflow/.local/lib/python3.7/site-packages/airflow/example_dags/example_short_circuit_operator.py for tasks to queue
[2022-04-07 23:58:08,354] {logging_mixin.py:109} INFO - [2022-04-07 23:58:08,354] {dagbag.py:500} INFO - Filling up the DagBag from /home/airflow/.local/lib/python3.7/site-packages/airflow/example_dags/example_short_circuit_operator.py
[2022-04-07 23:58:08,387] {processor.py:654} INFO - DAG(s) dict_keys(['example_short_circuit_operator']) retrieved from /home/airflow/.local/lib/python3.7/site-packages/airflow/example_dags/example_short_circuit_operator.py
[2022-04-07 23:58:08,397] {logging_mixin.py:109} INFO - [2022-04-07 23:58:08,397] {dag.py:2396} INFO - Sync 1 DAGs
[2022-04-07 23:58:08,414] {logging_mixin.py:109} INFO - [2022-04-07 23:58:08,414] {dag.py:2935} INFO - Setting next_dagrun for example_short_circuit_operator to 2022-04-06T23:58:08.413954+00:00
[2022-04-07 23:58:08,422] {processor.py:171} INFO - Processing /home/airflow/.local/lib/python3.7/site-packages/airflow/example_dags/example_short_circuit_operator.py took 0.076 seconds
[2022-04-07 23:58:39,112] {processor.py:163} INFO - Started process (PID=1862) to work on /home/airflow/.local/lib/python3.7/site-packages/airflow/example_dags/example_short_circuit_operator.py
[2022-04-07 23:58:39,114] {processor.py:642} INFO - Processing file /home/airflow/.local/lib/python3.7/site-packages/airflow/example_dags/example_short_circuit_operator.py for tasks to queue
[2022-04-07 23:58:39,116] {logging_mixin.py:109} INFO - [2022-04-07 23:58:39,115] {dagbag.py:500} INFO - Filling up the DagBag from /home/airflow/.local/lib/python3.7/site-packages/airflow/example_dags/example_short_circuit_operator.py
[2022-04-07 23:58:39,161] {processor.py:654} INFO - DAG(s) dict_keys(['example_short_circuit_operator']) retrieved from /home/airflow/.local/lib/python3.7/site-packages/airflow/example_dags/example_short_circuit_operator.py
[2022-04-07 23:58:39,176] {logging_mixin.py:109} INFO - [2022-04-07 23:58:39,176] {dag.py:2396} INFO - Sync 1 DAGs
[2022-04-07 23:58:39,200] {logging_mixin.py:109} INFO - [2022-04-07 23:58:39,200] {dag.py:2935} INFO - Setting next_dagrun for example_short_circuit_operator to 2022-04-06T23:58:39.200010+00:00
[2022-04-07 23:58:39,212] {processor.py:171} INFO - Processing /home/airflow/.local/lib/python3.7/site-packages/airflow/example_dags/example_short_circuit_operator.py took 0.105 seconds
[2022-04-07 23:59:09,703] {processor.py:163} INFO - Started process (PID=1915) to work on /home/airflow/.local/lib/python3.7/site-packages/airflow/example_dags/example_short_circuit_operator.py
[2022-04-07 23:59:09,705] {processor.py:642} INFO - Processing file /home/airflow/.local/lib/python3.7/site-packages/airflow/example_dags/example_short_circuit_operator.py for tasks to queue
[2022-04-07 23:59:09,706] {logging_mixin.py:109} INFO - [2022-04-07 23:59:09,706] {dagbag.py:500} INFO - Filling up the DagBag from /home/airflow/.local/lib/python3.7/site-packages/airflow/example_dags/example_short_circuit_operator.py
[2022-04-07 23:59:09,742] {processor.py:654} INFO - DAG(s) dict_keys(['example_short_circuit_operator']) retrieved from /home/airflow/.local/lib/python3.7/site-packages/airflow/example_dags/example_short_circuit_operator.py
[2022-04-07 23:59:09,752] {logging_mixin.py:109} INFO - [2022-04-07 23:59:09,752] {dag.py:2396} INFO - Sync 1 DAGs
[2022-04-07 23:59:09,768] {logging_mixin.py:109} INFO - [2022-04-07 23:59:09,768] {dag.py:2935} INFO - Setting next_dagrun for example_short_circuit_operator to 2022-04-06T23:59:09.768406+00:00
[2022-04-07 23:59:09,777] {processor.py:171} INFO - Processing /home/airflow/.local/lib/python3.7/site-packages/airflow/example_dags/example_short_circuit_operator.py took 0.080 seconds
[2022-04-07 23:59:39,868] {processor.py:163} INFO - Started process (PID=1965) to work on /home/airflow/.local/lib/python3.7/site-packages/airflow/example_dags/example_short_circuit_operator.py
[2022-04-07 23:59:39,871] {processor.py:642} INFO - Processing file /home/airflow/.local/lib/python3.7/site-packages/airflow/example_dags/example_short_circuit_operator.py for tasks to queue
[2022-04-07 23:59:39,871] {logging_mixin.py:109} INFO - [2022-04-07 23:59:39,871] {dagbag.py:500} INFO - Filling up the DagBag from /home/airflow/.local/lib/python3.7/site-packages/airflow/example_dags/example_short_circuit_operator.py
[2022-04-07 23:59:39,919] {processor.py:654} INFO - DAG(s) dict_keys(['example_short_circuit_operator']) retrieved from /home/airflow/.local/lib/python3.7/site-packages/airflow/example_dags/example_short_circuit_operator.py
[2022-04-07 23:59:39,933] {logging_mixin.py:109} INFO - [2022-04-07 23:59:39,933] {dag.py:2396} INFO - Sync 1 DAGs
[2022-04-07 23:59:39,958] {logging_mixin.py:109} INFO - [2022-04-07 23:59:39,958] {dag.py:2935} INFO - Setting next_dagrun for example_short_circuit_operator to 2022-04-06T23:59:39.958231+00:00
[2022-04-07 23:59:39,972] {processor.py:171} INFO - Processing /home/airflow/.local/lib/python3.7/site-packages/airflow/example_dags/example_short_circuit_operator.py took 0.110 seconds
