[2022-04-07 23:43:04,626] {processor.py:163} INFO - Started process (PID=38) to work on /home/airflow/.local/lib/python3.7/site-packages/airflow/example_dags/example_kubernetes_executor.py
[2022-04-07 23:43:04,628] {processor.py:642} INFO - Processing file /home/airflow/.local/lib/python3.7/site-packages/airflow/example_dags/example_kubernetes_executor.py for tasks to queue
[2022-04-07 23:43:04,628] {logging_mixin.py:109} INFO - [2022-04-07 23:43:04,628] {dagbag.py:500} INFO - Filling up the DagBag from /home/airflow/.local/lib/python3.7/site-packages/airflow/example_dags/example_kubernetes_executor.py
[2022-04-07 23:43:04,749] {processor.py:654} INFO - DAG(s) dict_keys(['example_kubernetes_executor']) retrieved from /home/airflow/.local/lib/python3.7/site-packages/airflow/example_dags/example_kubernetes_executor.py
[2022-04-07 23:43:18,155] {logging_mixin.py:109} INFO - [2022-04-07 23:43:18,155] {manager.py:496} INFO - Created Permission View: can read on DAG:example_kubernetes_executor
[2022-04-07 23:43:18,182] {logging_mixin.py:109} INFO - [2022-04-07 23:43:18,182] {manager.py:496} INFO - Created Permission View: can edit on DAG:example_kubernetes_executor
[2022-04-07 23:43:18,182] {logging_mixin.py:109} INFO - [2022-04-07 23:43:18,182] {dag.py:2396} INFO - Sync 1 DAGs
[2022-04-07 23:43:18,201] {logging_mixin.py:109} INFO - [2022-04-07 23:43:18,201] {dag.py:2415} INFO - Creating ORM DAG for example_kubernetes_executor
[2022-04-07 23:43:18,218] {logging_mixin.py:109} INFO - [2022-04-07 23:43:18,218] {dag.py:2935} INFO - Setting next_dagrun for example_kubernetes_executor to None
[2022-04-07 23:43:18,242] {processor.py:171} INFO - Processing /home/airflow/.local/lib/python3.7/site-packages/airflow/example_dags/example_kubernetes_executor.py took 13.629 seconds
[2022-04-07 23:43:56,171] {processor.py:163} INFO - Started process (PID=217) to work on /home/airflow/.local/lib/python3.7/site-packages/airflow/example_dags/example_kubernetes_executor.py
[2022-04-07 23:43:56,175] {processor.py:642} INFO - Processing file /home/airflow/.local/lib/python3.7/site-packages/airflow/example_dags/example_kubernetes_executor.py for tasks to queue
[2022-04-07 23:43:56,177] {logging_mixin.py:109} INFO - [2022-04-07 23:43:56,176] {dagbag.py:500} INFO - Filling up the DagBag from /home/airflow/.local/lib/python3.7/site-packages/airflow/example_dags/example_kubernetes_executor.py
[2022-04-07 23:43:56,220] {processor.py:654} INFO - DAG(s) dict_keys(['example_kubernetes_executor']) retrieved from /home/airflow/.local/lib/python3.7/site-packages/airflow/example_dags/example_kubernetes_executor.py
[2022-04-07 23:43:56,234] {logging_mixin.py:109} INFO - [2022-04-07 23:43:56,233] {dag.py:2396} INFO - Sync 1 DAGs
[2022-04-07 23:43:56,249] {logging_mixin.py:109} INFO - [2022-04-07 23:43:56,249] {dag.py:2935} INFO - Setting next_dagrun for example_kubernetes_executor to None
[2022-04-07 23:43:56,261] {processor.py:171} INFO - Processing /home/airflow/.local/lib/python3.7/site-packages/airflow/example_dags/example_kubernetes_executor.py took 0.095 seconds
[2022-04-07 23:44:26,487] {processor.py:163} INFO - Started process (PID=274) to work on /home/airflow/.local/lib/python3.7/site-packages/airflow/example_dags/example_kubernetes_executor.py
[2022-04-07 23:44:26,489] {processor.py:642} INFO - Processing file /home/airflow/.local/lib/python3.7/site-packages/airflow/example_dags/example_kubernetes_executor.py for tasks to queue
[2022-04-07 23:44:26,489] {logging_mixin.py:109} INFO - [2022-04-07 23:44:26,489] {dagbag.py:500} INFO - Filling up the DagBag from /home/airflow/.local/lib/python3.7/site-packages/airflow/example_dags/example_kubernetes_executor.py
[2022-04-07 23:44:26,531] {processor.py:654} INFO - DAG(s) dict_keys(['example_kubernetes_executor']) retrieved from /home/airflow/.local/lib/python3.7/site-packages/airflow/example_dags/example_kubernetes_executor.py
[2022-04-07 23:44:26,545] {logging_mixin.py:109} INFO - [2022-04-07 23:44:26,545] {dag.py:2396} INFO - Sync 1 DAGs
[2022-04-07 23:44:26,560] {logging_mixin.py:109} INFO - [2022-04-07 23:44:26,560] {dag.py:2935} INFO - Setting next_dagrun for example_kubernetes_executor to None
[2022-04-07 23:44:26,571] {processor.py:171} INFO - Processing /home/airflow/.local/lib/python3.7/site-packages/airflow/example_dags/example_kubernetes_executor.py took 0.088 seconds
[2022-04-07 23:44:56,722] {processor.py:163} INFO - Started process (PID=325) to work on /home/airflow/.local/lib/python3.7/site-packages/airflow/example_dags/example_kubernetes_executor.py
[2022-04-07 23:44:56,724] {processor.py:642} INFO - Processing file /home/airflow/.local/lib/python3.7/site-packages/airflow/example_dags/example_kubernetes_executor.py for tasks to queue
[2022-04-07 23:44:56,725] {logging_mixin.py:109} INFO - [2022-04-07 23:44:56,724] {dagbag.py:500} INFO - Filling up the DagBag from /home/airflow/.local/lib/python3.7/site-packages/airflow/example_dags/example_kubernetes_executor.py
[2022-04-07 23:44:56,769] {processor.py:654} INFO - DAG(s) dict_keys(['example_kubernetes_executor']) retrieved from /home/airflow/.local/lib/python3.7/site-packages/airflow/example_dags/example_kubernetes_executor.py
[2022-04-07 23:44:56,783] {logging_mixin.py:109} INFO - [2022-04-07 23:44:56,783] {dag.py:2396} INFO - Sync 1 DAGs
[2022-04-07 23:44:56,798] {logging_mixin.py:109} INFO - [2022-04-07 23:44:56,798] {dag.py:2935} INFO - Setting next_dagrun for example_kubernetes_executor to None
[2022-04-07 23:44:56,806] {processor.py:171} INFO - Processing /home/airflow/.local/lib/python3.7/site-packages/airflow/example_dags/example_kubernetes_executor.py took 0.091 seconds
[2022-04-07 23:45:27,173] {processor.py:163} INFO - Started process (PID=385) to work on /home/airflow/.local/lib/python3.7/site-packages/airflow/example_dags/example_kubernetes_executor.py
[2022-04-07 23:45:27,175] {processor.py:642} INFO - Processing file /home/airflow/.local/lib/python3.7/site-packages/airflow/example_dags/example_kubernetes_executor.py for tasks to queue
[2022-04-07 23:45:27,176] {logging_mixin.py:109} INFO - [2022-04-07 23:45:27,176] {dagbag.py:500} INFO - Filling up the DagBag from /home/airflow/.local/lib/python3.7/site-packages/airflow/example_dags/example_kubernetes_executor.py
[2022-04-07 23:45:27,226] {processor.py:654} INFO - DAG(s) dict_keys(['example_kubernetes_executor']) retrieved from /home/airflow/.local/lib/python3.7/site-packages/airflow/example_dags/example_kubernetes_executor.py
[2022-04-07 23:45:27,244] {logging_mixin.py:109} INFO - [2022-04-07 23:45:27,244] {dag.py:2396} INFO - Sync 1 DAGs
[2022-04-07 23:45:27,267] {logging_mixin.py:109} INFO - [2022-04-07 23:45:27,267] {dag.py:2935} INFO - Setting next_dagrun for example_kubernetes_executor to None
[2022-04-07 23:45:27,275] {processor.py:171} INFO - Processing /home/airflow/.local/lib/python3.7/site-packages/airflow/example_dags/example_kubernetes_executor.py took 0.107 seconds
[2022-04-07 23:45:57,553] {processor.py:163} INFO - Started process (PID=437) to work on /home/airflow/.local/lib/python3.7/site-packages/airflow/example_dags/example_kubernetes_executor.py
[2022-04-07 23:45:57,555] {processor.py:642} INFO - Processing file /home/airflow/.local/lib/python3.7/site-packages/airflow/example_dags/example_kubernetes_executor.py for tasks to queue
[2022-04-07 23:45:57,555] {logging_mixin.py:109} INFO - [2022-04-07 23:45:57,555] {dagbag.py:500} INFO - Filling up the DagBag from /home/airflow/.local/lib/python3.7/site-packages/airflow/example_dags/example_kubernetes_executor.py
[2022-04-07 23:45:57,594] {processor.py:654} INFO - DAG(s) dict_keys(['example_kubernetes_executor']) retrieved from /home/airflow/.local/lib/python3.7/site-packages/airflow/example_dags/example_kubernetes_executor.py
[2022-04-07 23:45:57,607] {logging_mixin.py:109} INFO - [2022-04-07 23:45:57,607] {dag.py:2396} INFO - Sync 1 DAGs
[2022-04-07 23:45:57,623] {logging_mixin.py:109} INFO - [2022-04-07 23:45:57,623] {dag.py:2935} INFO - Setting next_dagrun for example_kubernetes_executor to None
[2022-04-07 23:45:57,633] {processor.py:171} INFO - Processing /home/airflow/.local/lib/python3.7/site-packages/airflow/example_dags/example_kubernetes_executor.py took 0.084 seconds
[2022-04-07 23:46:27,740] {processor.py:163} INFO - Started process (PID=498) to work on /home/airflow/.local/lib/python3.7/site-packages/airflow/example_dags/example_kubernetes_executor.py
[2022-04-07 23:46:27,741] {processor.py:642} INFO - Processing file /home/airflow/.local/lib/python3.7/site-packages/airflow/example_dags/example_kubernetes_executor.py for tasks to queue
[2022-04-07 23:46:27,742] {logging_mixin.py:109} INFO - [2022-04-07 23:46:27,742] {dagbag.py:500} INFO - Filling up the DagBag from /home/airflow/.local/lib/python3.7/site-packages/airflow/example_dags/example_kubernetes_executor.py
[2022-04-07 23:46:27,778] {processor.py:654} INFO - DAG(s) dict_keys(['example_kubernetes_executor']) retrieved from /home/airflow/.local/lib/python3.7/site-packages/airflow/example_dags/example_kubernetes_executor.py
[2022-04-07 23:46:27,792] {logging_mixin.py:109} INFO - [2022-04-07 23:46:27,792] {dag.py:2396} INFO - Sync 1 DAGs
[2022-04-07 23:46:27,807] {logging_mixin.py:109} INFO - [2022-04-07 23:46:27,807] {dag.py:2935} INFO - Setting next_dagrun for example_kubernetes_executor to None
[2022-04-07 23:46:27,816] {processor.py:171} INFO - Processing /home/airflow/.local/lib/python3.7/site-packages/airflow/example_dags/example_kubernetes_executor.py took 0.080 seconds
[2022-04-07 23:46:57,924] {processor.py:163} INFO - Started process (PID=550) to work on /home/airflow/.local/lib/python3.7/site-packages/airflow/example_dags/example_kubernetes_executor.py
[2022-04-07 23:46:57,932] {processor.py:642} INFO - Processing file /home/airflow/.local/lib/python3.7/site-packages/airflow/example_dags/example_kubernetes_executor.py for tasks to queue
[2022-04-07 23:46:57,934] {logging_mixin.py:109} INFO - [2022-04-07 23:46:57,933] {dagbag.py:500} INFO - Filling up the DagBag from /home/airflow/.local/lib/python3.7/site-packages/airflow/example_dags/example_kubernetes_executor.py
[2022-04-07 23:46:57,985] {processor.py:654} INFO - DAG(s) dict_keys(['example_kubernetes_executor']) retrieved from /home/airflow/.local/lib/python3.7/site-packages/airflow/example_dags/example_kubernetes_executor.py
[2022-04-07 23:46:58,004] {logging_mixin.py:109} INFO - [2022-04-07 23:46:58,004] {dag.py:2396} INFO - Sync 1 DAGs
[2022-04-07 23:46:58,027] {logging_mixin.py:109} INFO - [2022-04-07 23:46:58,027] {dag.py:2935} INFO - Setting next_dagrun for example_kubernetes_executor to None
[2022-04-07 23:46:58,039] {processor.py:171} INFO - Processing /home/airflow/.local/lib/python3.7/site-packages/airflow/example_dags/example_kubernetes_executor.py took 0.142 seconds
[2022-04-07 23:47:28,283] {processor.py:163} INFO - Started process (PID=613) to work on /home/airflow/.local/lib/python3.7/site-packages/airflow/example_dags/example_kubernetes_executor.py
[2022-04-07 23:47:28,284] {processor.py:642} INFO - Processing file /home/airflow/.local/lib/python3.7/site-packages/airflow/example_dags/example_kubernetes_executor.py for tasks to queue
[2022-04-07 23:47:28,285] {logging_mixin.py:109} INFO - [2022-04-07 23:47:28,285] {dagbag.py:500} INFO - Filling up the DagBag from /home/airflow/.local/lib/python3.7/site-packages/airflow/example_dags/example_kubernetes_executor.py
[2022-04-07 23:47:28,325] {processor.py:654} INFO - DAG(s) dict_keys(['example_kubernetes_executor']) retrieved from /home/airflow/.local/lib/python3.7/site-packages/airflow/example_dags/example_kubernetes_executor.py
[2022-04-07 23:47:28,339] {logging_mixin.py:109} INFO - [2022-04-07 23:47:28,339] {dag.py:2396} INFO - Sync 1 DAGs
[2022-04-07 23:47:28,356] {logging_mixin.py:109} INFO - [2022-04-07 23:47:28,356] {dag.py:2935} INFO - Setting next_dagrun for example_kubernetes_executor to None
[2022-04-07 23:47:28,364] {processor.py:171} INFO - Processing /home/airflow/.local/lib/python3.7/site-packages/airflow/example_dags/example_kubernetes_executor.py took 0.085 seconds
[2022-04-07 23:47:58,568] {processor.py:163} INFO - Started process (PID=663) to work on /home/airflow/.local/lib/python3.7/site-packages/airflow/example_dags/example_kubernetes_executor.py
[2022-04-07 23:47:58,571] {processor.py:642} INFO - Processing file /home/airflow/.local/lib/python3.7/site-packages/airflow/example_dags/example_kubernetes_executor.py for tasks to queue
[2022-04-07 23:47:58,572] {logging_mixin.py:109} INFO - [2022-04-07 23:47:58,572] {dagbag.py:500} INFO - Filling up the DagBag from /home/airflow/.local/lib/python3.7/site-packages/airflow/example_dags/example_kubernetes_executor.py
[2022-04-07 23:47:58,622] {processor.py:654} INFO - DAG(s) dict_keys(['example_kubernetes_executor']) retrieved from /home/airflow/.local/lib/python3.7/site-packages/airflow/example_dags/example_kubernetes_executor.py
[2022-04-07 23:47:58,638] {logging_mixin.py:109} INFO - [2022-04-07 23:47:58,638] {dag.py:2396} INFO - Sync 1 DAGs
[2022-04-07 23:47:58,660] {logging_mixin.py:109} INFO - [2022-04-07 23:47:58,660] {dag.py:2935} INFO - Setting next_dagrun for example_kubernetes_executor to None
[2022-04-07 23:47:58,671] {processor.py:171} INFO - Processing /home/airflow/.local/lib/python3.7/site-packages/airflow/example_dags/example_kubernetes_executor.py took 0.108 seconds
[2022-04-07 23:48:28,872] {processor.py:163} INFO - Started process (PID=725) to work on /home/airflow/.local/lib/python3.7/site-packages/airflow/example_dags/example_kubernetes_executor.py
[2022-04-07 23:48:28,874] {processor.py:642} INFO - Processing file /home/airflow/.local/lib/python3.7/site-packages/airflow/example_dags/example_kubernetes_executor.py for tasks to queue
[2022-04-07 23:48:28,875] {logging_mixin.py:109} INFO - [2022-04-07 23:48:28,875] {dagbag.py:500} INFO - Filling up the DagBag from /home/airflow/.local/lib/python3.7/site-packages/airflow/example_dags/example_kubernetes_executor.py
[2022-04-07 23:48:28,914] {processor.py:654} INFO - DAG(s) dict_keys(['example_kubernetes_executor']) retrieved from /home/airflow/.local/lib/python3.7/site-packages/airflow/example_dags/example_kubernetes_executor.py
[2022-04-07 23:48:28,929] {logging_mixin.py:109} INFO - [2022-04-07 23:48:28,928] {dag.py:2396} INFO - Sync 1 DAGs
[2022-04-07 23:48:28,945] {logging_mixin.py:109} INFO - [2022-04-07 23:48:28,945] {dag.py:2935} INFO - Setting next_dagrun for example_kubernetes_executor to None
[2022-04-07 23:48:28,955] {processor.py:171} INFO - Processing /home/airflow/.local/lib/python3.7/site-packages/airflow/example_dags/example_kubernetes_executor.py took 0.089 seconds
[2022-04-07 23:48:59,082] {processor.py:163} INFO - Started process (PID=782) to work on /home/airflow/.local/lib/python3.7/site-packages/airflow/example_dags/example_kubernetes_executor.py
[2022-04-07 23:48:59,084] {processor.py:642} INFO - Processing file /home/airflow/.local/lib/python3.7/site-packages/airflow/example_dags/example_kubernetes_executor.py for tasks to queue
[2022-04-07 23:48:59,085] {logging_mixin.py:109} INFO - [2022-04-07 23:48:59,085] {dagbag.py:500} INFO - Filling up the DagBag from /home/airflow/.local/lib/python3.7/site-packages/airflow/example_dags/example_kubernetes_executor.py
[2022-04-07 23:48:59,136] {processor.py:654} INFO - DAG(s) dict_keys(['example_kubernetes_executor']) retrieved from /home/airflow/.local/lib/python3.7/site-packages/airflow/example_dags/example_kubernetes_executor.py
[2022-04-07 23:48:59,155] {logging_mixin.py:109} INFO - [2022-04-07 23:48:59,154] {dag.py:2396} INFO - Sync 1 DAGs
[2022-04-07 23:48:59,178] {logging_mixin.py:109} INFO - [2022-04-07 23:48:59,178] {dag.py:2935} INFO - Setting next_dagrun for example_kubernetes_executor to None
[2022-04-07 23:48:59,189] {processor.py:171} INFO - Processing /home/airflow/.local/lib/python3.7/site-packages/airflow/example_dags/example_kubernetes_executor.py took 0.113 seconds
[2022-04-07 23:49:29,432] {processor.py:163} INFO - Started process (PID=842) to work on /home/airflow/.local/lib/python3.7/site-packages/airflow/example_dags/example_kubernetes_executor.py
[2022-04-07 23:49:29,434] {processor.py:642} INFO - Processing file /home/airflow/.local/lib/python3.7/site-packages/airflow/example_dags/example_kubernetes_executor.py for tasks to queue
[2022-04-07 23:49:29,435] {logging_mixin.py:109} INFO - [2022-04-07 23:49:29,435] {dagbag.py:500} INFO - Filling up the DagBag from /home/airflow/.local/lib/python3.7/site-packages/airflow/example_dags/example_kubernetes_executor.py
[2022-04-07 23:49:29,484] {processor.py:654} INFO - DAG(s) dict_keys(['example_kubernetes_executor']) retrieved from /home/airflow/.local/lib/python3.7/site-packages/airflow/example_dags/example_kubernetes_executor.py
[2022-04-07 23:49:29,502] {logging_mixin.py:109} INFO - [2022-04-07 23:49:29,502] {dag.py:2396} INFO - Sync 1 DAGs
[2022-04-07 23:49:29,522] {logging_mixin.py:109} INFO - [2022-04-07 23:49:29,522] {dag.py:2935} INFO - Setting next_dagrun for example_kubernetes_executor to None
[2022-04-07 23:49:29,530] {processor.py:171} INFO - Processing /home/airflow/.local/lib/python3.7/site-packages/airflow/example_dags/example_kubernetes_executor.py took 0.103 seconds
[2022-04-07 23:49:59,557] {processor.py:163} INFO - Started process (PID=894) to work on /home/airflow/.local/lib/python3.7/site-packages/airflow/example_dags/example_kubernetes_executor.py
[2022-04-07 23:49:59,558] {processor.py:642} INFO - Processing file /home/airflow/.local/lib/python3.7/site-packages/airflow/example_dags/example_kubernetes_executor.py for tasks to queue
[2022-04-07 23:49:59,559] {logging_mixin.py:109} INFO - [2022-04-07 23:49:59,559] {dagbag.py:500} INFO - Filling up the DagBag from /home/airflow/.local/lib/python3.7/site-packages/airflow/example_dags/example_kubernetes_executor.py
[2022-04-07 23:49:59,597] {processor.py:654} INFO - DAG(s) dict_keys(['example_kubernetes_executor']) retrieved from /home/airflow/.local/lib/python3.7/site-packages/airflow/example_dags/example_kubernetes_executor.py
[2022-04-07 23:49:59,610] {logging_mixin.py:109} INFO - [2022-04-07 23:49:59,610] {dag.py:2396} INFO - Sync 1 DAGs
[2022-04-07 23:49:59,628] {logging_mixin.py:109} INFO - [2022-04-07 23:49:59,628] {dag.py:2935} INFO - Setting next_dagrun for example_kubernetes_executor to None
[2022-04-07 23:49:59,638] {processor.py:171} INFO - Processing /home/airflow/.local/lib/python3.7/site-packages/airflow/example_dags/example_kubernetes_executor.py took 0.086 seconds
[2022-04-07 23:50:30,181] {processor.py:163} INFO - Started process (PID=955) to work on /home/airflow/.local/lib/python3.7/site-packages/airflow/example_dags/example_kubernetes_executor.py
[2022-04-07 23:50:30,182] {processor.py:642} INFO - Processing file /home/airflow/.local/lib/python3.7/site-packages/airflow/example_dags/example_kubernetes_executor.py for tasks to queue
[2022-04-07 23:50:30,183] {logging_mixin.py:109} INFO - [2022-04-07 23:50:30,183] {dagbag.py:500} INFO - Filling up the DagBag from /home/airflow/.local/lib/python3.7/site-packages/airflow/example_dags/example_kubernetes_executor.py
[2022-04-07 23:50:30,231] {processor.py:654} INFO - DAG(s) dict_keys(['example_kubernetes_executor']) retrieved from /home/airflow/.local/lib/python3.7/site-packages/airflow/example_dags/example_kubernetes_executor.py
[2022-04-07 23:50:30,246] {logging_mixin.py:109} INFO - [2022-04-07 23:50:30,246] {dag.py:2396} INFO - Sync 1 DAGs
[2022-04-07 23:50:30,262] {logging_mixin.py:109} INFO - [2022-04-07 23:50:30,262] {dag.py:2935} INFO - Setting next_dagrun for example_kubernetes_executor to None
[2022-04-07 23:50:30,271] {processor.py:171} INFO - Processing /home/airflow/.local/lib/python3.7/site-packages/airflow/example_dags/example_kubernetes_executor.py took 0.096 seconds
[2022-04-07 23:51:00,627] {processor.py:163} INFO - Started process (PID=1006) to work on /home/airflow/.local/lib/python3.7/site-packages/airflow/example_dags/example_kubernetes_executor.py
[2022-04-07 23:51:00,629] {processor.py:642} INFO - Processing file /home/airflow/.local/lib/python3.7/site-packages/airflow/example_dags/example_kubernetes_executor.py for tasks to queue
[2022-04-07 23:51:00,630] {logging_mixin.py:109} INFO - [2022-04-07 23:51:00,630] {dagbag.py:500} INFO - Filling up the DagBag from /home/airflow/.local/lib/python3.7/site-packages/airflow/example_dags/example_kubernetes_executor.py
[2022-04-07 23:51:00,674] {processor.py:654} INFO - DAG(s) dict_keys(['example_kubernetes_executor']) retrieved from /home/airflow/.local/lib/python3.7/site-packages/airflow/example_dags/example_kubernetes_executor.py
[2022-04-07 23:51:00,687] {logging_mixin.py:109} INFO - [2022-04-07 23:51:00,687] {dag.py:2396} INFO - Sync 1 DAGs
[2022-04-07 23:51:00,703] {logging_mixin.py:109} INFO - [2022-04-07 23:51:00,703] {dag.py:2935} INFO - Setting next_dagrun for example_kubernetes_executor to None
[2022-04-07 23:51:00,712] {processor.py:171} INFO - Processing /home/airflow/.local/lib/python3.7/site-packages/airflow/example_dags/example_kubernetes_executor.py took 0.090 seconds
[2022-04-07 23:51:31,185] {processor.py:163} INFO - Started process (PID=1068) to work on /home/airflow/.local/lib/python3.7/site-packages/airflow/example_dags/example_kubernetes_executor.py
[2022-04-07 23:51:31,186] {processor.py:642} INFO - Processing file /home/airflow/.local/lib/python3.7/site-packages/airflow/example_dags/example_kubernetes_executor.py for tasks to queue
[2022-04-07 23:51:31,188] {logging_mixin.py:109} INFO - [2022-04-07 23:51:31,187] {dagbag.py:500} INFO - Filling up the DagBag from /home/airflow/.local/lib/python3.7/site-packages/airflow/example_dags/example_kubernetes_executor.py
[2022-04-07 23:51:31,238] {processor.py:654} INFO - DAG(s) dict_keys(['example_kubernetes_executor']) retrieved from /home/airflow/.local/lib/python3.7/site-packages/airflow/example_dags/example_kubernetes_executor.py
[2022-04-07 23:51:31,258] {logging_mixin.py:109} INFO - [2022-04-07 23:51:31,257] {dag.py:2396} INFO - Sync 1 DAGs
[2022-04-07 23:51:31,280] {logging_mixin.py:109} INFO - [2022-04-07 23:51:31,280] {dag.py:2935} INFO - Setting next_dagrun for example_kubernetes_executor to None
[2022-04-07 23:51:31,289] {processor.py:171} INFO - Processing /home/airflow/.local/lib/python3.7/site-packages/airflow/example_dags/example_kubernetes_executor.py took 0.110 seconds
[2022-04-07 23:52:01,569] {processor.py:163} INFO - Started process (PID=1121) to work on /home/airflow/.local/lib/python3.7/site-packages/airflow/example_dags/example_kubernetes_executor.py
[2022-04-07 23:52:01,570] {processor.py:642} INFO - Processing file /home/airflow/.local/lib/python3.7/site-packages/airflow/example_dags/example_kubernetes_executor.py for tasks to queue
[2022-04-07 23:52:01,571] {logging_mixin.py:109} INFO - [2022-04-07 23:52:01,571] {dagbag.py:500} INFO - Filling up the DagBag from /home/airflow/.local/lib/python3.7/site-packages/airflow/example_dags/example_kubernetes_executor.py
[2022-04-07 23:52:01,609] {processor.py:654} INFO - DAG(s) dict_keys(['example_kubernetes_executor']) retrieved from /home/airflow/.local/lib/python3.7/site-packages/airflow/example_dags/example_kubernetes_executor.py
[2022-04-07 23:52:01,628] {logging_mixin.py:109} INFO - [2022-04-07 23:52:01,628] {dag.py:2396} INFO - Sync 1 DAGs
[2022-04-07 23:52:01,650] {logging_mixin.py:109} INFO - [2022-04-07 23:52:01,649] {dag.py:2935} INFO - Setting next_dagrun for example_kubernetes_executor to None
[2022-04-07 23:52:01,658] {processor.py:171} INFO - Processing /home/airflow/.local/lib/python3.7/site-packages/airflow/example_dags/example_kubernetes_executor.py took 0.094 seconds
[2022-04-07 23:52:31,694] {processor.py:163} INFO - Started process (PID=1181) to work on /home/airflow/.local/lib/python3.7/site-packages/airflow/example_dags/example_kubernetes_executor.py
[2022-04-07 23:52:31,696] {processor.py:642} INFO - Processing file /home/airflow/.local/lib/python3.7/site-packages/airflow/example_dags/example_kubernetes_executor.py for tasks to queue
[2022-04-07 23:52:31,697] {logging_mixin.py:109} INFO - [2022-04-07 23:52:31,697] {dagbag.py:500} INFO - Filling up the DagBag from /home/airflow/.local/lib/python3.7/site-packages/airflow/example_dags/example_kubernetes_executor.py
[2022-04-07 23:52:31,746] {processor.py:654} INFO - DAG(s) dict_keys(['example_kubernetes_executor']) retrieved from /home/airflow/.local/lib/python3.7/site-packages/airflow/example_dags/example_kubernetes_executor.py
[2022-04-07 23:52:31,765] {logging_mixin.py:109} INFO - [2022-04-07 23:52:31,765] {dag.py:2396} INFO - Sync 1 DAGs
[2022-04-07 23:52:31,787] {logging_mixin.py:109} INFO - [2022-04-07 23:52:31,786] {dag.py:2935} INFO - Setting next_dagrun for example_kubernetes_executor to None
[2022-04-07 23:52:31,799] {processor.py:171} INFO - Processing /home/airflow/.local/lib/python3.7/site-packages/airflow/example_dags/example_kubernetes_executor.py took 0.110 seconds
[2022-04-07 23:53:02,192] {processor.py:163} INFO - Started process (PID=1232) to work on /home/airflow/.local/lib/python3.7/site-packages/airflow/example_dags/example_kubernetes_executor.py
[2022-04-07 23:53:02,193] {processor.py:642} INFO - Processing file /home/airflow/.local/lib/python3.7/site-packages/airflow/example_dags/example_kubernetes_executor.py for tasks to queue
[2022-04-07 23:53:02,194] {logging_mixin.py:109} INFO - [2022-04-07 23:53:02,194] {dagbag.py:500} INFO - Filling up the DagBag from /home/airflow/.local/lib/python3.7/site-packages/airflow/example_dags/example_kubernetes_executor.py
[2022-04-07 23:53:02,236] {processor.py:654} INFO - DAG(s) dict_keys(['example_kubernetes_executor']) retrieved from /home/airflow/.local/lib/python3.7/site-packages/airflow/example_dags/example_kubernetes_executor.py
[2022-04-07 23:53:02,255] {logging_mixin.py:109} INFO - [2022-04-07 23:53:02,255] {dag.py:2396} INFO - Sync 1 DAGs
[2022-04-07 23:53:02,274] {logging_mixin.py:109} INFO - [2022-04-07 23:53:02,274] {dag.py:2935} INFO - Setting next_dagrun for example_kubernetes_executor to None
[2022-04-07 23:53:02,283] {processor.py:171} INFO - Processing /home/airflow/.local/lib/python3.7/site-packages/airflow/example_dags/example_kubernetes_executor.py took 0.096 seconds
[2022-04-07 23:53:32,414] {processor.py:163} INFO - Started process (PID=1283) to work on /home/airflow/.local/lib/python3.7/site-packages/airflow/example_dags/example_kubernetes_executor.py
[2022-04-07 23:53:32,416] {processor.py:642} INFO - Processing file /home/airflow/.local/lib/python3.7/site-packages/airflow/example_dags/example_kubernetes_executor.py for tasks to queue
[2022-04-07 23:53:32,417] {logging_mixin.py:109} INFO - [2022-04-07 23:53:32,417] {dagbag.py:500} INFO - Filling up the DagBag from /home/airflow/.local/lib/python3.7/site-packages/airflow/example_dags/example_kubernetes_executor.py
[2022-04-07 23:53:32,465] {processor.py:654} INFO - DAG(s) dict_keys(['example_kubernetes_executor']) retrieved from /home/airflow/.local/lib/python3.7/site-packages/airflow/example_dags/example_kubernetes_executor.py
[2022-04-07 23:53:32,495] {logging_mixin.py:109} INFO - [2022-04-07 23:53:32,495] {dag.py:2396} INFO - Sync 1 DAGs
[2022-04-07 23:53:32,522] {logging_mixin.py:109} INFO - [2022-04-07 23:53:32,522] {dag.py:2935} INFO - Setting next_dagrun for example_kubernetes_executor to None
[2022-04-07 23:53:32,538] {processor.py:171} INFO - Processing /home/airflow/.local/lib/python3.7/site-packages/airflow/example_dags/example_kubernetes_executor.py took 0.130 seconds
[2022-04-07 23:54:02,896] {processor.py:163} INFO - Started process (PID=1343) to work on /home/airflow/.local/lib/python3.7/site-packages/airflow/example_dags/example_kubernetes_executor.py
[2022-04-07 23:54:02,898] {processor.py:642} INFO - Processing file /home/airflow/.local/lib/python3.7/site-packages/airflow/example_dags/example_kubernetes_executor.py for tasks to queue
[2022-04-07 23:54:02,899] {logging_mixin.py:109} INFO - [2022-04-07 23:54:02,899] {dagbag.py:500} INFO - Filling up the DagBag from /home/airflow/.local/lib/python3.7/site-packages/airflow/example_dags/example_kubernetes_executor.py
[2022-04-07 23:54:02,939] {processor.py:654} INFO - DAG(s) dict_keys(['example_kubernetes_executor']) retrieved from /home/airflow/.local/lib/python3.7/site-packages/airflow/example_dags/example_kubernetes_executor.py
[2022-04-07 23:54:02,951] {logging_mixin.py:109} INFO - [2022-04-07 23:54:02,951] {dag.py:2396} INFO - Sync 1 DAGs
[2022-04-07 23:54:02,967] {logging_mixin.py:109} INFO - [2022-04-07 23:54:02,967] {dag.py:2935} INFO - Setting next_dagrun for example_kubernetes_executor to None
[2022-04-07 23:54:02,975] {processor.py:171} INFO - Processing /home/airflow/.local/lib/python3.7/site-packages/airflow/example_dags/example_kubernetes_executor.py took 0.083 seconds
[2022-04-07 23:54:33,784] {processor.py:163} INFO - Started process (PID=1403) to work on /home/airflow/.local/lib/python3.7/site-packages/airflow/example_dags/example_kubernetes_executor.py
[2022-04-07 23:54:33,785] {processor.py:642} INFO - Processing file /home/airflow/.local/lib/python3.7/site-packages/airflow/example_dags/example_kubernetes_executor.py for tasks to queue
[2022-04-07 23:54:33,786] {logging_mixin.py:109} INFO - [2022-04-07 23:54:33,786] {dagbag.py:500} INFO - Filling up the DagBag from /home/airflow/.local/lib/python3.7/site-packages/airflow/example_dags/example_kubernetes_executor.py
[2022-04-07 23:54:33,830] {processor.py:654} INFO - DAG(s) dict_keys(['example_kubernetes_executor']) retrieved from /home/airflow/.local/lib/python3.7/site-packages/airflow/example_dags/example_kubernetes_executor.py
[2022-04-07 23:54:33,843] {logging_mixin.py:109} INFO - [2022-04-07 23:54:33,843] {dag.py:2396} INFO - Sync 1 DAGs
[2022-04-07 23:54:33,858] {logging_mixin.py:109} INFO - [2022-04-07 23:54:33,858] {dag.py:2935} INFO - Setting next_dagrun for example_kubernetes_executor to None
[2022-04-07 23:54:33,867] {processor.py:171} INFO - Processing /home/airflow/.local/lib/python3.7/site-packages/airflow/example_dags/example_kubernetes_executor.py took 0.089 seconds
[2022-04-07 23:55:04,357] {processor.py:163} INFO - Started process (PID=1457) to work on /home/airflow/.local/lib/python3.7/site-packages/airflow/example_dags/example_kubernetes_executor.py
[2022-04-07 23:55:04,359] {processor.py:642} INFO - Processing file /home/airflow/.local/lib/python3.7/site-packages/airflow/example_dags/example_kubernetes_executor.py for tasks to queue
[2022-04-07 23:55:04,361] {logging_mixin.py:109} INFO - [2022-04-07 23:55:04,360] {dagbag.py:500} INFO - Filling up the DagBag from /home/airflow/.local/lib/python3.7/site-packages/airflow/example_dags/example_kubernetes_executor.py
[2022-04-07 23:55:04,414] {processor.py:654} INFO - DAG(s) dict_keys(['example_kubernetes_executor']) retrieved from /home/airflow/.local/lib/python3.7/site-packages/airflow/example_dags/example_kubernetes_executor.py
[2022-04-07 23:55:04,433] {logging_mixin.py:109} INFO - [2022-04-07 23:55:04,433] {dag.py:2396} INFO - Sync 1 DAGs
[2022-04-07 23:55:04,455] {logging_mixin.py:109} INFO - [2022-04-07 23:55:04,455] {dag.py:2935} INFO - Setting next_dagrun for example_kubernetes_executor to None
[2022-04-07 23:55:04,466] {processor.py:171} INFO - Processing /home/airflow/.local/lib/python3.7/site-packages/airflow/example_dags/example_kubernetes_executor.py took 0.114 seconds
[2022-04-07 23:55:34,728] {processor.py:163} INFO - Started process (PID=1510) to work on /home/airflow/.local/lib/python3.7/site-packages/airflow/example_dags/example_kubernetes_executor.py
[2022-04-07 23:55:34,730] {processor.py:642} INFO - Processing file /home/airflow/.local/lib/python3.7/site-packages/airflow/example_dags/example_kubernetes_executor.py for tasks to queue
[2022-04-07 23:55:34,731] {logging_mixin.py:109} INFO - [2022-04-07 23:55:34,731] {dagbag.py:500} INFO - Filling up the DagBag from /home/airflow/.local/lib/python3.7/site-packages/airflow/example_dags/example_kubernetes_executor.py
[2022-04-07 23:55:34,777] {processor.py:654} INFO - DAG(s) dict_keys(['example_kubernetes_executor']) retrieved from /home/airflow/.local/lib/python3.7/site-packages/airflow/example_dags/example_kubernetes_executor.py
[2022-04-07 23:55:34,792] {logging_mixin.py:109} INFO - [2022-04-07 23:55:34,792] {dag.py:2396} INFO - Sync 1 DAGs
[2022-04-07 23:55:34,815] {logging_mixin.py:109} INFO - [2022-04-07 23:55:34,815] {dag.py:2935} INFO - Setting next_dagrun for example_kubernetes_executor to None
[2022-04-07 23:55:34,824] {processor.py:171} INFO - Processing /home/airflow/.local/lib/python3.7/site-packages/airflow/example_dags/example_kubernetes_executor.py took 0.101 seconds
[2022-04-07 23:56:05,311] {processor.py:163} INFO - Started process (PID=1570) to work on /home/airflow/.local/lib/python3.7/site-packages/airflow/example_dags/example_kubernetes_executor.py
[2022-04-07 23:56:05,313] {processor.py:642} INFO - Processing file /home/airflow/.local/lib/python3.7/site-packages/airflow/example_dags/example_kubernetes_executor.py for tasks to queue
[2022-04-07 23:56:05,314] {logging_mixin.py:109} INFO - [2022-04-07 23:56:05,314] {dagbag.py:500} INFO - Filling up the DagBag from /home/airflow/.local/lib/python3.7/site-packages/airflow/example_dags/example_kubernetes_executor.py
[2022-04-07 23:56:05,351] {processor.py:654} INFO - DAG(s) dict_keys(['example_kubernetes_executor']) retrieved from /home/airflow/.local/lib/python3.7/site-packages/airflow/example_dags/example_kubernetes_executor.py
[2022-04-07 23:56:05,371] {logging_mixin.py:109} INFO - [2022-04-07 23:56:05,370] {dag.py:2396} INFO - Sync 1 DAGs
[2022-04-07 23:56:05,391] {logging_mixin.py:109} INFO - [2022-04-07 23:56:05,391] {dag.py:2935} INFO - Setting next_dagrun for example_kubernetes_executor to None
[2022-04-07 23:56:05,400] {processor.py:171} INFO - Processing /home/airflow/.local/lib/python3.7/site-packages/airflow/example_dags/example_kubernetes_executor.py took 0.095 seconds
[2022-04-07 23:56:36,081] {processor.py:163} INFO - Started process (PID=1630) to work on /home/airflow/.local/lib/python3.7/site-packages/airflow/example_dags/example_kubernetes_executor.py
[2022-04-07 23:56:36,083] {processor.py:642} INFO - Processing file /home/airflow/.local/lib/python3.7/site-packages/airflow/example_dags/example_kubernetes_executor.py for tasks to queue
[2022-04-07 23:56:36,084] {logging_mixin.py:109} INFO - [2022-04-07 23:56:36,084] {dagbag.py:500} INFO - Filling up the DagBag from /home/airflow/.local/lib/python3.7/site-packages/airflow/example_dags/example_kubernetes_executor.py
[2022-04-07 23:56:36,135] {processor.py:654} INFO - DAG(s) dict_keys(['example_kubernetes_executor']) retrieved from /home/airflow/.local/lib/python3.7/site-packages/airflow/example_dags/example_kubernetes_executor.py
[2022-04-07 23:56:36,154] {logging_mixin.py:109} INFO - [2022-04-07 23:56:36,154] {dag.py:2396} INFO - Sync 1 DAGs
[2022-04-07 23:56:36,181] {logging_mixin.py:109} INFO - [2022-04-07 23:56:36,181] {dag.py:2935} INFO - Setting next_dagrun for example_kubernetes_executor to None
[2022-04-07 23:56:36,192] {processor.py:171} INFO - Processing /home/airflow/.local/lib/python3.7/site-packages/airflow/example_dags/example_kubernetes_executor.py took 0.117 seconds
[2022-04-07 23:57:07,115] {processor.py:163} INFO - Started process (PID=1685) to work on /home/airflow/.local/lib/python3.7/site-packages/airflow/example_dags/example_kubernetes_executor.py
[2022-04-07 23:57:07,116] {processor.py:642} INFO - Processing file /home/airflow/.local/lib/python3.7/site-packages/airflow/example_dags/example_kubernetes_executor.py for tasks to queue
[2022-04-07 23:57:07,117] {logging_mixin.py:109} INFO - [2022-04-07 23:57:07,117] {dagbag.py:500} INFO - Filling up the DagBag from /home/airflow/.local/lib/python3.7/site-packages/airflow/example_dags/example_kubernetes_executor.py
[2022-04-07 23:57:07,154] {processor.py:654} INFO - DAG(s) dict_keys(['example_kubernetes_executor']) retrieved from /home/airflow/.local/lib/python3.7/site-packages/airflow/example_dags/example_kubernetes_executor.py
[2022-04-07 23:57:07,168] {logging_mixin.py:109} INFO - [2022-04-07 23:57:07,168] {dag.py:2396} INFO - Sync 1 DAGs
[2022-04-07 23:57:07,186] {logging_mixin.py:109} INFO - [2022-04-07 23:57:07,186] {dag.py:2935} INFO - Setting next_dagrun for example_kubernetes_executor to None
[2022-04-07 23:57:07,200] {processor.py:171} INFO - Processing /home/airflow/.local/lib/python3.7/site-packages/airflow/example_dags/example_kubernetes_executor.py took 0.090 seconds
[2022-04-07 23:57:37,494] {processor.py:163} INFO - Started process (PID=1747) to work on /home/airflow/.local/lib/python3.7/site-packages/airflow/example_dags/example_kubernetes_executor.py
[2022-04-07 23:57:37,495] {processor.py:642} INFO - Processing file /home/airflow/.local/lib/python3.7/site-packages/airflow/example_dags/example_kubernetes_executor.py for tasks to queue
[2022-04-07 23:57:37,496] {logging_mixin.py:109} INFO - [2022-04-07 23:57:37,496] {dagbag.py:500} INFO - Filling up the DagBag from /home/airflow/.local/lib/python3.7/site-packages/airflow/example_dags/example_kubernetes_executor.py
[2022-04-07 23:57:37,546] {processor.py:654} INFO - DAG(s) dict_keys(['example_kubernetes_executor']) retrieved from /home/airflow/.local/lib/python3.7/site-packages/airflow/example_dags/example_kubernetes_executor.py
[2022-04-07 23:57:37,564] {logging_mixin.py:109} INFO - [2022-04-07 23:57:37,564] {dag.py:2396} INFO - Sync 1 DAGs
[2022-04-07 23:57:37,587] {logging_mixin.py:109} INFO - [2022-04-07 23:57:37,587] {dag.py:2935} INFO - Setting next_dagrun for example_kubernetes_executor to None
[2022-04-07 23:57:37,599] {processor.py:171} INFO - Processing /home/airflow/.local/lib/python3.7/site-packages/airflow/example_dags/example_kubernetes_executor.py took 0.110 seconds
[2022-04-07 23:58:08,357] {processor.py:163} INFO - Started process (PID=1799) to work on /home/airflow/.local/lib/python3.7/site-packages/airflow/example_dags/example_kubernetes_executor.py
[2022-04-07 23:58:08,359] {processor.py:642} INFO - Processing file /home/airflow/.local/lib/python3.7/site-packages/airflow/example_dags/example_kubernetes_executor.py for tasks to queue
[2022-04-07 23:58:08,360] {logging_mixin.py:109} INFO - [2022-04-07 23:58:08,360] {dagbag.py:500} INFO - Filling up the DagBag from /home/airflow/.local/lib/python3.7/site-packages/airflow/example_dags/example_kubernetes_executor.py
[2022-04-07 23:58:08,396] {processor.py:654} INFO - DAG(s) dict_keys(['example_kubernetes_executor']) retrieved from /home/airflow/.local/lib/python3.7/site-packages/airflow/example_dags/example_kubernetes_executor.py
[2022-04-07 23:58:08,410] {logging_mixin.py:109} INFO - [2022-04-07 23:58:08,410] {dag.py:2396} INFO - Sync 1 DAGs
[2022-04-07 23:58:08,425] {logging_mixin.py:109} INFO - [2022-04-07 23:58:08,425] {dag.py:2935} INFO - Setting next_dagrun for example_kubernetes_executor to None
[2022-04-07 23:58:08,438] {processor.py:171} INFO - Processing /home/airflow/.local/lib/python3.7/site-packages/airflow/example_dags/example_kubernetes_executor.py took 0.085 seconds
[2022-04-07 23:58:39,121] {processor.py:163} INFO - Started process (PID=1863) to work on /home/airflow/.local/lib/python3.7/site-packages/airflow/example_dags/example_kubernetes_executor.py
[2022-04-07 23:58:39,123] {processor.py:642} INFO - Processing file /home/airflow/.local/lib/python3.7/site-packages/airflow/example_dags/example_kubernetes_executor.py for tasks to queue
[2022-04-07 23:58:39,124] {logging_mixin.py:109} INFO - [2022-04-07 23:58:39,124] {dagbag.py:500} INFO - Filling up the DagBag from /home/airflow/.local/lib/python3.7/site-packages/airflow/example_dags/example_kubernetes_executor.py
[2022-04-07 23:58:39,171] {processor.py:654} INFO - DAG(s) dict_keys(['example_kubernetes_executor']) retrieved from /home/airflow/.local/lib/python3.7/site-packages/airflow/example_dags/example_kubernetes_executor.py
[2022-04-07 23:58:39,190] {logging_mixin.py:109} INFO - [2022-04-07 23:58:39,190] {dag.py:2396} INFO - Sync 1 DAGs
[2022-04-07 23:58:39,209] {logging_mixin.py:109} INFO - [2022-04-07 23:58:39,209] {dag.py:2935} INFO - Setting next_dagrun for example_kubernetes_executor to None
[2022-04-07 23:58:39,218] {processor.py:171} INFO - Processing /home/airflow/.local/lib/python3.7/site-packages/airflow/example_dags/example_kubernetes_executor.py took 0.103 seconds
[2022-04-07 23:59:09,711] {processor.py:163} INFO - Started process (PID=1916) to work on /home/airflow/.local/lib/python3.7/site-packages/airflow/example_dags/example_kubernetes_executor.py
[2022-04-07 23:59:09,713] {processor.py:642} INFO - Processing file /home/airflow/.local/lib/python3.7/site-packages/airflow/example_dags/example_kubernetes_executor.py for tasks to queue
[2022-04-07 23:59:09,713] {logging_mixin.py:109} INFO - [2022-04-07 23:59:09,713] {dagbag.py:500} INFO - Filling up the DagBag from /home/airflow/.local/lib/python3.7/site-packages/airflow/example_dags/example_kubernetes_executor.py
[2022-04-07 23:59:09,751] {processor.py:654} INFO - DAG(s) dict_keys(['example_kubernetes_executor']) retrieved from /home/airflow/.local/lib/python3.7/site-packages/airflow/example_dags/example_kubernetes_executor.py
[2022-04-07 23:59:09,765] {logging_mixin.py:109} INFO - [2022-04-07 23:59:09,765] {dag.py:2396} INFO - Sync 1 DAGs
[2022-04-07 23:59:09,780] {logging_mixin.py:109} INFO - [2022-04-07 23:59:09,780] {dag.py:2935} INFO - Setting next_dagrun for example_kubernetes_executor to None
[2022-04-07 23:59:09,789] {processor.py:171} INFO - Processing /home/airflow/.local/lib/python3.7/site-packages/airflow/example_dags/example_kubernetes_executor.py took 0.084 seconds
[2022-04-07 23:59:39,873] {processor.py:163} INFO - Started process (PID=1966) to work on /home/airflow/.local/lib/python3.7/site-packages/airflow/example_dags/example_kubernetes_executor.py
[2022-04-07 23:59:39,877] {processor.py:642} INFO - Processing file /home/airflow/.local/lib/python3.7/site-packages/airflow/example_dags/example_kubernetes_executor.py for tasks to queue
[2022-04-07 23:59:39,878] {logging_mixin.py:109} INFO - [2022-04-07 23:59:39,878] {dagbag.py:500} INFO - Filling up the DagBag from /home/airflow/.local/lib/python3.7/site-packages/airflow/example_dags/example_kubernetes_executor.py
[2022-04-07 23:59:39,918] {processor.py:654} INFO - DAG(s) dict_keys(['example_kubernetes_executor']) retrieved from /home/airflow/.local/lib/python3.7/site-packages/airflow/example_dags/example_kubernetes_executor.py
[2022-04-07 23:59:39,931] {logging_mixin.py:109} INFO - [2022-04-07 23:59:39,931] {dag.py:2396} INFO - Sync 1 DAGs
[2022-04-07 23:59:39,949] {logging_mixin.py:109} INFO - [2022-04-07 23:59:39,949] {dag.py:2935} INFO - Setting next_dagrun for example_kubernetes_executor to None
[2022-04-07 23:59:39,958] {processor.py:171} INFO - Processing /home/airflow/.local/lib/python3.7/site-packages/airflow/example_dags/example_kubernetes_executor.py took 0.089 seconds
