[2022-04-07 23:43:42,406] {processor.py:163} INFO - Started process (PID=145) to work on /home/airflow/.local/lib/python3.7/site-packages/airflow/example_dags/example_branch_python_dop_operator_3.py
[2022-04-07 23:43:42,408] {processor.py:642} INFO - Processing file /home/airflow/.local/lib/python3.7/site-packages/airflow/example_dags/example_branch_python_dop_operator_3.py for tasks to queue
[2022-04-07 23:43:42,409] {logging_mixin.py:109} INFO - [2022-04-07 23:43:42,408] {dagbag.py:500} INFO - Filling up the DagBag from /home/airflow/.local/lib/python3.7/site-packages/airflow/example_dags/example_branch_python_dop_operator_3.py
[2022-04-07 23:43:42,454] {processor.py:654} INFO - DAG(s) dict_keys(['example_branch_dop_operator_v3']) retrieved from /home/airflow/.local/lib/python3.7/site-packages/airflow/example_dags/example_branch_python_dop_operator_3.py
[2022-04-07 23:43:45,092] {logging_mixin.py:109} INFO - [2022-04-07 23:43:45,092] {manager.py:496} INFO - Created Permission View: can read on DAG:example_branch_dop_operator_v3
[2022-04-07 23:43:45,103] {logging_mixin.py:109} INFO - [2022-04-07 23:43:45,102] {manager.py:496} INFO - Created Permission View: can edit on DAG:example_branch_dop_operator_v3
[2022-04-07 23:43:45,103] {logging_mixin.py:109} INFO - [2022-04-07 23:43:45,103] {dag.py:2396} INFO - Sync 1 DAGs
[2022-04-07 23:43:45,113] {logging_mixin.py:109} INFO - [2022-04-07 23:43:45,113] {dag.py:2415} INFO - Creating ORM DAG for example_branch_dop_operator_v3
[2022-04-07 23:43:45,132] {logging_mixin.py:109} INFO - [2022-04-07 23:43:45,132] {dag.py:2935} INFO - Setting next_dagrun for example_branch_dop_operator_v3 to 2022-04-07T23:42:00+00:00
[2022-04-07 23:43:45,150] {processor.py:171} INFO - Processing /home/airflow/.local/lib/python3.7/site-packages/airflow/example_dags/example_branch_python_dop_operator_3.py took 2.750 seconds
[2022-04-07 23:44:15,896] {processor.py:163} INFO - Started process (PID=253) to work on /home/airflow/.local/lib/python3.7/site-packages/airflow/example_dags/example_branch_python_dop_operator_3.py
[2022-04-07 23:44:15,898] {processor.py:642} INFO - Processing file /home/airflow/.local/lib/python3.7/site-packages/airflow/example_dags/example_branch_python_dop_operator_3.py for tasks to queue
[2022-04-07 23:44:15,899] {logging_mixin.py:109} INFO - [2022-04-07 23:44:15,899] {dagbag.py:500} INFO - Filling up the DagBag from /home/airflow/.local/lib/python3.7/site-packages/airflow/example_dags/example_branch_python_dop_operator_3.py
[2022-04-07 23:44:15,935] {processor.py:654} INFO - DAG(s) dict_keys(['example_branch_dop_operator_v3']) retrieved from /home/airflow/.local/lib/python3.7/site-packages/airflow/example_dags/example_branch_python_dop_operator_3.py
[2022-04-07 23:44:15,949] {logging_mixin.py:109} INFO - [2022-04-07 23:44:15,949] {dag.py:2396} INFO - Sync 1 DAGs
[2022-04-07 23:44:15,977] {logging_mixin.py:109} INFO - [2022-04-07 23:44:15,977] {dag.py:2935} INFO - Setting next_dagrun for example_branch_dop_operator_v3 to 2022-04-07T23:43:00+00:00
[2022-04-07 23:44:15,988] {processor.py:171} INFO - Processing /home/airflow/.local/lib/python3.7/site-packages/airflow/example_dags/example_branch_python_dop_operator_3.py took 0.096 seconds
[2022-04-07 23:44:46,130] {processor.py:163} INFO - Started process (PID=304) to work on /home/airflow/.local/lib/python3.7/site-packages/airflow/example_dags/example_branch_python_dop_operator_3.py
[2022-04-07 23:44:46,131] {processor.py:642} INFO - Processing file /home/airflow/.local/lib/python3.7/site-packages/airflow/example_dags/example_branch_python_dop_operator_3.py for tasks to queue
[2022-04-07 23:44:46,132] {logging_mixin.py:109} INFO - [2022-04-07 23:44:46,131] {dagbag.py:500} INFO - Filling up the DagBag from /home/airflow/.local/lib/python3.7/site-packages/airflow/example_dags/example_branch_python_dop_operator_3.py
[2022-04-07 23:44:46,164] {processor.py:654} INFO - DAG(s) dict_keys(['example_branch_dop_operator_v3']) retrieved from /home/airflow/.local/lib/python3.7/site-packages/airflow/example_dags/example_branch_python_dop_operator_3.py
[2022-04-07 23:44:46,175] {logging_mixin.py:109} INFO - [2022-04-07 23:44:46,175] {dag.py:2396} INFO - Sync 1 DAGs
[2022-04-07 23:44:46,198] {logging_mixin.py:109} INFO - [2022-04-07 23:44:46,198] {dag.py:2935} INFO - Setting next_dagrun for example_branch_dop_operator_v3 to 2022-04-07T23:43:00+00:00
[2022-04-07 23:44:46,208] {processor.py:171} INFO - Processing /home/airflow/.local/lib/python3.7/site-packages/airflow/example_dags/example_branch_python_dop_operator_3.py took 0.083 seconds
[2022-04-07 23:45:16,608] {processor.py:163} INFO - Started process (PID=364) to work on /home/airflow/.local/lib/python3.7/site-packages/airflow/example_dags/example_branch_python_dop_operator_3.py
[2022-04-07 23:45:16,610] {processor.py:642} INFO - Processing file /home/airflow/.local/lib/python3.7/site-packages/airflow/example_dags/example_branch_python_dop_operator_3.py for tasks to queue
[2022-04-07 23:45:16,611] {logging_mixin.py:109} INFO - [2022-04-07 23:45:16,611] {dagbag.py:500} INFO - Filling up the DagBag from /home/airflow/.local/lib/python3.7/site-packages/airflow/example_dags/example_branch_python_dop_operator_3.py
[2022-04-07 23:45:16,644] {processor.py:654} INFO - DAG(s) dict_keys(['example_branch_dop_operator_v3']) retrieved from /home/airflow/.local/lib/python3.7/site-packages/airflow/example_dags/example_branch_python_dop_operator_3.py
[2022-04-07 23:45:16,653] {logging_mixin.py:109} INFO - [2022-04-07 23:45:16,653] {dag.py:2396} INFO - Sync 1 DAGs
[2022-04-07 23:45:16,674] {logging_mixin.py:109} INFO - [2022-04-07 23:45:16,673] {dag.py:2935} INFO - Setting next_dagrun for example_branch_dop_operator_v3 to 2022-04-07T23:44:00+00:00
[2022-04-07 23:45:16,682] {processor.py:171} INFO - Processing /home/airflow/.local/lib/python3.7/site-packages/airflow/example_dags/example_branch_python_dop_operator_3.py took 0.079 seconds
[2022-04-07 23:45:46,877] {processor.py:163} INFO - Started process (PID=416) to work on /home/airflow/.local/lib/python3.7/site-packages/airflow/example_dags/example_branch_python_dop_operator_3.py
[2022-04-07 23:45:46,878] {processor.py:642} INFO - Processing file /home/airflow/.local/lib/python3.7/site-packages/airflow/example_dags/example_branch_python_dop_operator_3.py for tasks to queue
[2022-04-07 23:45:46,879] {logging_mixin.py:109} INFO - [2022-04-07 23:45:46,879] {dagbag.py:500} INFO - Filling up the DagBag from /home/airflow/.local/lib/python3.7/site-packages/airflow/example_dags/example_branch_python_dop_operator_3.py
[2022-04-07 23:45:46,912] {processor.py:654} INFO - DAG(s) dict_keys(['example_branch_dop_operator_v3']) retrieved from /home/airflow/.local/lib/python3.7/site-packages/airflow/example_dags/example_branch_python_dop_operator_3.py
[2022-04-07 23:45:46,921] {logging_mixin.py:109} INFO - [2022-04-07 23:45:46,921] {dag.py:2396} INFO - Sync 1 DAGs
[2022-04-07 23:45:46,941] {logging_mixin.py:109} INFO - [2022-04-07 23:45:46,941] {dag.py:2935} INFO - Setting next_dagrun for example_branch_dop_operator_v3 to 2022-04-07T23:44:00+00:00
[2022-04-07 23:45:46,949] {processor.py:171} INFO - Processing /home/airflow/.local/lib/python3.7/site-packages/airflow/example_dags/example_branch_python_dop_operator_3.py took 0.077 seconds
[2022-04-07 23:46:17,070] {processor.py:163} INFO - Started process (PID=476) to work on /home/airflow/.local/lib/python3.7/site-packages/airflow/example_dags/example_branch_python_dop_operator_3.py
[2022-04-07 23:46:17,072] {processor.py:642} INFO - Processing file /home/airflow/.local/lib/python3.7/site-packages/airflow/example_dags/example_branch_python_dop_operator_3.py for tasks to queue
[2022-04-07 23:46:17,072] {logging_mixin.py:109} INFO - [2022-04-07 23:46:17,072] {dagbag.py:500} INFO - Filling up the DagBag from /home/airflow/.local/lib/python3.7/site-packages/airflow/example_dags/example_branch_python_dop_operator_3.py
[2022-04-07 23:46:17,105] {processor.py:654} INFO - DAG(s) dict_keys(['example_branch_dop_operator_v3']) retrieved from /home/airflow/.local/lib/python3.7/site-packages/airflow/example_dags/example_branch_python_dop_operator_3.py
[2022-04-07 23:46:17,116] {logging_mixin.py:109} INFO - [2022-04-07 23:46:17,115] {dag.py:2396} INFO - Sync 1 DAGs
[2022-04-07 23:46:17,136] {logging_mixin.py:109} INFO - [2022-04-07 23:46:17,135] {dag.py:2935} INFO - Setting next_dagrun for example_branch_dop_operator_v3 to 2022-04-07T23:45:00+00:00
[2022-04-07 23:46:17,144] {processor.py:171} INFO - Processing /home/airflow/.local/lib/python3.7/site-packages/airflow/example_dags/example_branch_python_dop_operator_3.py took 0.079 seconds
[2022-04-07 23:46:47,369] {processor.py:163} INFO - Started process (PID=530) to work on /home/airflow/.local/lib/python3.7/site-packages/airflow/example_dags/example_branch_python_dop_operator_3.py
[2022-04-07 23:46:47,370] {processor.py:642} INFO - Processing file /home/airflow/.local/lib/python3.7/site-packages/airflow/example_dags/example_branch_python_dop_operator_3.py for tasks to queue
[2022-04-07 23:46:47,371] {logging_mixin.py:109} INFO - [2022-04-07 23:46:47,371] {dagbag.py:500} INFO - Filling up the DagBag from /home/airflow/.local/lib/python3.7/site-packages/airflow/example_dags/example_branch_python_dop_operator_3.py
[2022-04-07 23:46:47,403] {processor.py:654} INFO - DAG(s) dict_keys(['example_branch_dop_operator_v3']) retrieved from /home/airflow/.local/lib/python3.7/site-packages/airflow/example_dags/example_branch_python_dop_operator_3.py
[2022-04-07 23:46:47,413] {logging_mixin.py:109} INFO - [2022-04-07 23:46:47,413] {dag.py:2396} INFO - Sync 1 DAGs
[2022-04-07 23:46:47,434] {logging_mixin.py:109} INFO - [2022-04-07 23:46:47,433] {dag.py:2935} INFO - Setting next_dagrun for example_branch_dop_operator_v3 to 2022-04-07T23:45:00+00:00
[2022-04-07 23:46:47,442] {processor.py:171} INFO - Processing /home/airflow/.local/lib/python3.7/site-packages/airflow/example_dags/example_branch_python_dop_operator_3.py took 0.078 seconds
[2022-04-07 23:47:17,792] {processor.py:163} INFO - Started process (PID=591) to work on /home/airflow/.local/lib/python3.7/site-packages/airflow/example_dags/example_branch_python_dop_operator_3.py
[2022-04-07 23:47:17,794] {processor.py:642} INFO - Processing file /home/airflow/.local/lib/python3.7/site-packages/airflow/example_dags/example_branch_python_dop_operator_3.py for tasks to queue
[2022-04-07 23:47:17,794] {logging_mixin.py:109} INFO - [2022-04-07 23:47:17,794] {dagbag.py:500} INFO - Filling up the DagBag from /home/airflow/.local/lib/python3.7/site-packages/airflow/example_dags/example_branch_python_dop_operator_3.py
[2022-04-07 23:47:17,827] {processor.py:654} INFO - DAG(s) dict_keys(['example_branch_dop_operator_v3']) retrieved from /home/airflow/.local/lib/python3.7/site-packages/airflow/example_dags/example_branch_python_dop_operator_3.py
[2022-04-07 23:47:17,837] {logging_mixin.py:109} INFO - [2022-04-07 23:47:17,837] {dag.py:2396} INFO - Sync 1 DAGs
[2022-04-07 23:47:17,857] {logging_mixin.py:109} INFO - [2022-04-07 23:47:17,857] {dag.py:2935} INFO - Setting next_dagrun for example_branch_dop_operator_v3 to 2022-04-07T23:46:00+00:00
[2022-04-07 23:47:17,865] {processor.py:171} INFO - Processing /home/airflow/.local/lib/python3.7/site-packages/airflow/example_dags/example_branch_python_dop_operator_3.py took 0.078 seconds
[2022-04-07 23:47:47,989] {processor.py:163} INFO - Started process (PID=643) to work on /home/airflow/.local/lib/python3.7/site-packages/airflow/example_dags/example_branch_python_dop_operator_3.py
[2022-04-07 23:47:47,990] {processor.py:642} INFO - Processing file /home/airflow/.local/lib/python3.7/site-packages/airflow/example_dags/example_branch_python_dop_operator_3.py for tasks to queue
[2022-04-07 23:47:47,991] {logging_mixin.py:109} INFO - [2022-04-07 23:47:47,991] {dagbag.py:500} INFO - Filling up the DagBag from /home/airflow/.local/lib/python3.7/site-packages/airflow/example_dags/example_branch_python_dop_operator_3.py
[2022-04-07 23:47:48,027] {processor.py:654} INFO - DAG(s) dict_keys(['example_branch_dop_operator_v3']) retrieved from /home/airflow/.local/lib/python3.7/site-packages/airflow/example_dags/example_branch_python_dop_operator_3.py
[2022-04-07 23:47:48,041] {logging_mixin.py:109} INFO - [2022-04-07 23:47:48,041] {dag.py:2396} INFO - Sync 1 DAGs
[2022-04-07 23:47:48,071] {logging_mixin.py:109} INFO - [2022-04-07 23:47:48,071] {dag.py:2935} INFO - Setting next_dagrun for example_branch_dop_operator_v3 to 2022-04-07T23:46:00+00:00
[2022-04-07 23:47:48,081] {processor.py:171} INFO - Processing /home/airflow/.local/lib/python3.7/site-packages/airflow/example_dags/example_branch_python_dop_operator_3.py took 0.097 seconds
[2022-04-07 23:48:18,355] {processor.py:163} INFO - Started process (PID=704) to work on /home/airflow/.local/lib/python3.7/site-packages/airflow/example_dags/example_branch_python_dop_operator_3.py
[2022-04-07 23:48:18,357] {processor.py:642} INFO - Processing file /home/airflow/.local/lib/python3.7/site-packages/airflow/example_dags/example_branch_python_dop_operator_3.py for tasks to queue
[2022-04-07 23:48:18,358] {logging_mixin.py:109} INFO - [2022-04-07 23:48:18,357] {dagbag.py:500} INFO - Filling up the DagBag from /home/airflow/.local/lib/python3.7/site-packages/airflow/example_dags/example_branch_python_dop_operator_3.py
[2022-04-07 23:48:18,391] {processor.py:654} INFO - DAG(s) dict_keys(['example_branch_dop_operator_v3']) retrieved from /home/airflow/.local/lib/python3.7/site-packages/airflow/example_dags/example_branch_python_dop_operator_3.py
[2022-04-07 23:48:18,401] {logging_mixin.py:109} INFO - [2022-04-07 23:48:18,401] {dag.py:2396} INFO - Sync 1 DAGs
[2022-04-07 23:48:18,422] {logging_mixin.py:109} INFO - [2022-04-07 23:48:18,422] {dag.py:2935} INFO - Setting next_dagrun for example_branch_dop_operator_v3 to 2022-04-07T23:47:00+00:00
[2022-04-07 23:48:18,431] {processor.py:171} INFO - Processing /home/airflow/.local/lib/python3.7/site-packages/airflow/example_dags/example_branch_python_dop_operator_3.py took 0.081 seconds
[2022-04-07 23:48:48,548] {processor.py:163} INFO - Started process (PID=760) to work on /home/airflow/.local/lib/python3.7/site-packages/airflow/example_dags/example_branch_python_dop_operator_3.py
[2022-04-07 23:48:48,549] {processor.py:642} INFO - Processing file /home/airflow/.local/lib/python3.7/site-packages/airflow/example_dags/example_branch_python_dop_operator_3.py for tasks to queue
[2022-04-07 23:48:48,550] {logging_mixin.py:109} INFO - [2022-04-07 23:48:48,550] {dagbag.py:500} INFO - Filling up the DagBag from /home/airflow/.local/lib/python3.7/site-packages/airflow/example_dags/example_branch_python_dop_operator_3.py
[2022-04-07 23:48:48,583] {processor.py:654} INFO - DAG(s) dict_keys(['example_branch_dop_operator_v3']) retrieved from /home/airflow/.local/lib/python3.7/site-packages/airflow/example_dags/example_branch_python_dop_operator_3.py
[2022-04-07 23:48:48,592] {logging_mixin.py:109} INFO - [2022-04-07 23:48:48,592] {dag.py:2396} INFO - Sync 1 DAGs
[2022-04-07 23:48:48,612] {logging_mixin.py:109} INFO - [2022-04-07 23:48:48,612] {dag.py:2935} INFO - Setting next_dagrun for example_branch_dop_operator_v3 to 2022-04-07T23:47:00+00:00
[2022-04-07 23:48:48,622] {processor.py:171} INFO - Processing /home/airflow/.local/lib/python3.7/site-packages/airflow/example_dags/example_branch_python_dop_operator_3.py took 0.078 seconds
[2022-04-07 23:49:19,732] {processor.py:163} INFO - Started process (PID=822) to work on /home/airflow/.local/lib/python3.7/site-packages/airflow/example_dags/example_branch_python_dop_operator_3.py
[2022-04-07 23:49:19,734] {processor.py:642} INFO - Processing file /home/airflow/.local/lib/python3.7/site-packages/airflow/example_dags/example_branch_python_dop_operator_3.py for tasks to queue
[2022-04-07 23:49:19,735] {logging_mixin.py:109} INFO - [2022-04-07 23:49:19,735] {dagbag.py:500} INFO - Filling up the DagBag from /home/airflow/.local/lib/python3.7/site-packages/airflow/example_dags/example_branch_python_dop_operator_3.py
[2022-04-07 23:49:19,778] {processor.py:654} INFO - DAG(s) dict_keys(['example_branch_dop_operator_v3']) retrieved from /home/airflow/.local/lib/python3.7/site-packages/airflow/example_dags/example_branch_python_dop_operator_3.py
[2022-04-07 23:49:19,792] {logging_mixin.py:109} INFO - [2022-04-07 23:49:19,792] {dag.py:2396} INFO - Sync 1 DAGs
[2022-04-07 23:49:19,820] {logging_mixin.py:109} INFO - [2022-04-07 23:49:19,820] {dag.py:2935} INFO - Setting next_dagrun for example_branch_dop_operator_v3 to 2022-04-07T23:48:00+00:00
[2022-04-07 23:49:19,828] {processor.py:171} INFO - Processing /home/airflow/.local/lib/python3.7/site-packages/airflow/example_dags/example_branch_python_dop_operator_3.py took 0.103 seconds
[2022-04-07 23:49:50,850] {processor.py:163} INFO - Started process (PID=873) to work on /home/airflow/.local/lib/python3.7/site-packages/airflow/example_dags/example_branch_python_dop_operator_3.py
[2022-04-07 23:49:50,851] {processor.py:642} INFO - Processing file /home/airflow/.local/lib/python3.7/site-packages/airflow/example_dags/example_branch_python_dop_operator_3.py for tasks to queue
[2022-04-07 23:49:50,852] {logging_mixin.py:109} INFO - [2022-04-07 23:49:50,852] {dagbag.py:500} INFO - Filling up the DagBag from /home/airflow/.local/lib/python3.7/site-packages/airflow/example_dags/example_branch_python_dop_operator_3.py
[2022-04-07 23:49:50,885] {processor.py:654} INFO - DAG(s) dict_keys(['example_branch_dop_operator_v3']) retrieved from /home/airflow/.local/lib/python3.7/site-packages/airflow/example_dags/example_branch_python_dop_operator_3.py
[2022-04-07 23:49:50,895] {logging_mixin.py:109} INFO - [2022-04-07 23:49:50,895] {dag.py:2396} INFO - Sync 1 DAGs
[2022-04-07 23:49:50,917] {logging_mixin.py:109} INFO - [2022-04-07 23:49:50,916] {dag.py:2935} INFO - Setting next_dagrun for example_branch_dop_operator_v3 to 2022-04-07T23:48:00+00:00
[2022-04-07 23:49:50,925] {processor.py:171} INFO - Processing /home/airflow/.local/lib/python3.7/site-packages/airflow/example_dags/example_branch_python_dop_operator_3.py took 0.080 seconds
[2022-04-07 23:50:21,425] {processor.py:163} INFO - Started process (PID=934) to work on /home/airflow/.local/lib/python3.7/site-packages/airflow/example_dags/example_branch_python_dop_operator_3.py
[2022-04-07 23:50:21,427] {processor.py:642} INFO - Processing file /home/airflow/.local/lib/python3.7/site-packages/airflow/example_dags/example_branch_python_dop_operator_3.py for tasks to queue
[2022-04-07 23:50:21,428] {logging_mixin.py:109} INFO - [2022-04-07 23:50:21,428] {dagbag.py:500} INFO - Filling up the DagBag from /home/airflow/.local/lib/python3.7/site-packages/airflow/example_dags/example_branch_python_dop_operator_3.py
[2022-04-07 23:50:21,471] {processor.py:654} INFO - DAG(s) dict_keys(['example_branch_dop_operator_v3']) retrieved from /home/airflow/.local/lib/python3.7/site-packages/airflow/example_dags/example_branch_python_dop_operator_3.py
[2022-04-07 23:50:21,485] {logging_mixin.py:109} INFO - [2022-04-07 23:50:21,485] {dag.py:2396} INFO - Sync 1 DAGs
[2022-04-07 23:50:21,515] {logging_mixin.py:109} INFO - [2022-04-07 23:50:21,515] {dag.py:2935} INFO - Setting next_dagrun for example_branch_dop_operator_v3 to 2022-04-07T23:49:00+00:00
[2022-04-07 23:50:21,527] {processor.py:171} INFO - Processing /home/airflow/.local/lib/python3.7/site-packages/airflow/example_dags/example_branch_python_dop_operator_3.py took 0.108 seconds
[2022-04-07 23:50:51,851] {processor.py:163} INFO - Started process (PID=984) to work on /home/airflow/.local/lib/python3.7/site-packages/airflow/example_dags/example_branch_python_dop_operator_3.py
[2022-04-07 23:50:51,852] {processor.py:642} INFO - Processing file /home/airflow/.local/lib/python3.7/site-packages/airflow/example_dags/example_branch_python_dop_operator_3.py for tasks to queue
[2022-04-07 23:50:51,853] {logging_mixin.py:109} INFO - [2022-04-07 23:50:51,853] {dagbag.py:500} INFO - Filling up the DagBag from /home/airflow/.local/lib/python3.7/site-packages/airflow/example_dags/example_branch_python_dop_operator_3.py
[2022-04-07 23:50:51,886] {processor.py:654} INFO - DAG(s) dict_keys(['example_branch_dop_operator_v3']) retrieved from /home/airflow/.local/lib/python3.7/site-packages/airflow/example_dags/example_branch_python_dop_operator_3.py
[2022-04-07 23:50:51,896] {logging_mixin.py:109} INFO - [2022-04-07 23:50:51,896] {dag.py:2396} INFO - Sync 1 DAGs
[2022-04-07 23:50:51,916] {logging_mixin.py:109} INFO - [2022-04-07 23:50:51,916] {dag.py:2935} INFO - Setting next_dagrun for example_branch_dop_operator_v3 to 2022-04-07T23:49:00+00:00
[2022-04-07 23:50:51,926] {processor.py:171} INFO - Processing /home/airflow/.local/lib/python3.7/site-packages/airflow/example_dags/example_branch_python_dop_operator_3.py took 0.079 seconds
[2022-04-07 23:51:22,105] {processor.py:163} INFO - Started process (PID=1045) to work on /home/airflow/.local/lib/python3.7/site-packages/airflow/example_dags/example_branch_python_dop_operator_3.py
[2022-04-07 23:51:22,107] {processor.py:642} INFO - Processing file /home/airflow/.local/lib/python3.7/site-packages/airflow/example_dags/example_branch_python_dop_operator_3.py for tasks to queue
[2022-04-07 23:51:22,108] {logging_mixin.py:109} INFO - [2022-04-07 23:51:22,107] {dagbag.py:500} INFO - Filling up the DagBag from /home/airflow/.local/lib/python3.7/site-packages/airflow/example_dags/example_branch_python_dop_operator_3.py
[2022-04-07 23:51:22,141] {processor.py:654} INFO - DAG(s) dict_keys(['example_branch_dop_operator_v3']) retrieved from /home/airflow/.local/lib/python3.7/site-packages/airflow/example_dags/example_branch_python_dop_operator_3.py
[2022-04-07 23:51:22,151] {logging_mixin.py:109} INFO - [2022-04-07 23:51:22,151] {dag.py:2396} INFO - Sync 1 DAGs
[2022-04-07 23:51:22,173] {logging_mixin.py:109} INFO - [2022-04-07 23:51:22,173] {dag.py:2935} INFO - Setting next_dagrun for example_branch_dop_operator_v3 to 2022-04-07T23:50:00+00:00
[2022-04-07 23:51:22,184] {processor.py:171} INFO - Processing /home/airflow/.local/lib/python3.7/site-packages/airflow/example_dags/example_branch_python_dop_operator_3.py took 0.084 seconds
[2022-04-07 23:51:52,246] {processor.py:163} INFO - Started process (PID=1096) to work on /home/airflow/.local/lib/python3.7/site-packages/airflow/example_dags/example_branch_python_dop_operator_3.py
[2022-04-07 23:51:52,248] {processor.py:642} INFO - Processing file /home/airflow/.local/lib/python3.7/site-packages/airflow/example_dags/example_branch_python_dop_operator_3.py for tasks to queue
[2022-04-07 23:51:52,256] {logging_mixin.py:109} INFO - [2022-04-07 23:51:52,249] {dagbag.py:500} INFO - Filling up the DagBag from /home/airflow/.local/lib/python3.7/site-packages/airflow/example_dags/example_branch_python_dop_operator_3.py
[2022-04-07 23:51:52,299] {processor.py:654} INFO - DAG(s) dict_keys(['example_branch_dop_operator_v3']) retrieved from /home/airflow/.local/lib/python3.7/site-packages/airflow/example_dags/example_branch_python_dop_operator_3.py
[2022-04-07 23:51:52,312] {logging_mixin.py:109} INFO - [2022-04-07 23:51:52,312] {dag.py:2396} INFO - Sync 1 DAGs
[2022-04-07 23:51:52,342] {logging_mixin.py:109} INFO - [2022-04-07 23:51:52,342] {dag.py:2935} INFO - Setting next_dagrun for example_branch_dop_operator_v3 to 2022-04-07T23:50:00+00:00
[2022-04-07 23:51:52,354] {processor.py:171} INFO - Processing /home/airflow/.local/lib/python3.7/site-packages/airflow/example_dags/example_branch_python_dop_operator_3.py took 0.113 seconds
[2022-04-07 23:52:22,433] {processor.py:163} INFO - Started process (PID=1158) to work on /home/airflow/.local/lib/python3.7/site-packages/airflow/example_dags/example_branch_python_dop_operator_3.py
[2022-04-07 23:52:22,435] {processor.py:642} INFO - Processing file /home/airflow/.local/lib/python3.7/site-packages/airflow/example_dags/example_branch_python_dop_operator_3.py for tasks to queue
[2022-04-07 23:52:22,436] {logging_mixin.py:109} INFO - [2022-04-07 23:52:22,436] {dagbag.py:500} INFO - Filling up the DagBag from /home/airflow/.local/lib/python3.7/site-packages/airflow/example_dags/example_branch_python_dop_operator_3.py
[2022-04-07 23:52:22,476] {processor.py:654} INFO - DAG(s) dict_keys(['example_branch_dop_operator_v3']) retrieved from /home/airflow/.local/lib/python3.7/site-packages/airflow/example_dags/example_branch_python_dop_operator_3.py
[2022-04-07 23:52:22,486] {logging_mixin.py:109} INFO - [2022-04-07 23:52:22,485] {dag.py:2396} INFO - Sync 1 DAGs
[2022-04-07 23:52:22,506] {logging_mixin.py:109} INFO - [2022-04-07 23:52:22,505] {dag.py:2935} INFO - Setting next_dagrun for example_branch_dop_operator_v3 to 2022-04-07T23:51:00+00:00
[2022-04-07 23:52:22,514] {processor.py:171} INFO - Processing /home/airflow/.local/lib/python3.7/site-packages/airflow/example_dags/example_branch_python_dop_operator_3.py took 0.086 seconds
[2022-04-07 23:52:52,781] {processor.py:163} INFO - Started process (PID=1209) to work on /home/airflow/.local/lib/python3.7/site-packages/airflow/example_dags/example_branch_python_dop_operator_3.py
[2022-04-07 23:52:52,783] {processor.py:642} INFO - Processing file /home/airflow/.local/lib/python3.7/site-packages/airflow/example_dags/example_branch_python_dop_operator_3.py for tasks to queue
[2022-04-07 23:52:52,784] {logging_mixin.py:109} INFO - [2022-04-07 23:52:52,783] {dagbag.py:500} INFO - Filling up the DagBag from /home/airflow/.local/lib/python3.7/site-packages/airflow/example_dags/example_branch_python_dop_operator_3.py
[2022-04-07 23:52:52,827] {processor.py:654} INFO - DAG(s) dict_keys(['example_branch_dop_operator_v3']) retrieved from /home/airflow/.local/lib/python3.7/site-packages/airflow/example_dags/example_branch_python_dop_operator_3.py
[2022-04-07 23:52:52,840] {logging_mixin.py:109} INFO - [2022-04-07 23:52:52,840] {dag.py:2396} INFO - Sync 1 DAGs
[2022-04-07 23:52:52,868] {logging_mixin.py:109} INFO - [2022-04-07 23:52:52,868] {dag.py:2935} INFO - Setting next_dagrun for example_branch_dop_operator_v3 to 2022-04-07T23:51:00+00:00
[2022-04-07 23:52:52,877] {processor.py:171} INFO - Processing /home/airflow/.local/lib/python3.7/site-packages/airflow/example_dags/example_branch_python_dop_operator_3.py took 0.102 seconds
[2022-04-07 23:53:23,046] {processor.py:163} INFO - Started process (PID=1269) to work on /home/airflow/.local/lib/python3.7/site-packages/airflow/example_dags/example_branch_python_dop_operator_3.py
[2022-04-07 23:53:23,048] {processor.py:642} INFO - Processing file /home/airflow/.local/lib/python3.7/site-packages/airflow/example_dags/example_branch_python_dop_operator_3.py for tasks to queue
[2022-04-07 23:53:23,049] {logging_mixin.py:109} INFO - [2022-04-07 23:53:23,049] {dagbag.py:500} INFO - Filling up the DagBag from /home/airflow/.local/lib/python3.7/site-packages/airflow/example_dags/example_branch_python_dop_operator_3.py
[2022-04-07 23:53:23,094] {processor.py:654} INFO - DAG(s) dict_keys(['example_branch_dop_operator_v3']) retrieved from /home/airflow/.local/lib/python3.7/site-packages/airflow/example_dags/example_branch_python_dop_operator_3.py
[2022-04-07 23:53:23,107] {logging_mixin.py:109} INFO - [2022-04-07 23:53:23,107] {dag.py:2396} INFO - Sync 1 DAGs
[2022-04-07 23:53:23,130] {logging_mixin.py:109} INFO - [2022-04-07 23:53:23,130] {dag.py:2935} INFO - Setting next_dagrun for example_branch_dop_operator_v3 to 2022-04-07T23:52:00+00:00
[2022-04-07 23:53:23,139] {processor.py:171} INFO - Processing /home/airflow/.local/lib/python3.7/site-packages/airflow/example_dags/example_branch_python_dop_operator_3.py took 0.099 seconds
[2022-04-07 23:53:53,420] {processor.py:163} INFO - Started process (PID=1321) to work on /home/airflow/.local/lib/python3.7/site-packages/airflow/example_dags/example_branch_python_dop_operator_3.py
[2022-04-07 23:53:53,422] {processor.py:642} INFO - Processing file /home/airflow/.local/lib/python3.7/site-packages/airflow/example_dags/example_branch_python_dop_operator_3.py for tasks to queue
[2022-04-07 23:53:53,423] {logging_mixin.py:109} INFO - [2022-04-07 23:53:53,423] {dagbag.py:500} INFO - Filling up the DagBag from /home/airflow/.local/lib/python3.7/site-packages/airflow/example_dags/example_branch_python_dop_operator_3.py
[2022-04-07 23:53:53,468] {processor.py:654} INFO - DAG(s) dict_keys(['example_branch_dop_operator_v3']) retrieved from /home/airflow/.local/lib/python3.7/site-packages/airflow/example_dags/example_branch_python_dop_operator_3.py
[2022-04-07 23:53:53,481] {logging_mixin.py:109} INFO - [2022-04-07 23:53:53,481] {dag.py:2396} INFO - Sync 1 DAGs
[2022-04-07 23:53:53,509] {logging_mixin.py:109} INFO - [2022-04-07 23:53:53,509] {dag.py:2935} INFO - Setting next_dagrun for example_branch_dop_operator_v3 to 2022-04-07T23:52:00+00:00
[2022-04-07 23:53:53,518] {processor.py:171} INFO - Processing /home/airflow/.local/lib/python3.7/site-packages/airflow/example_dags/example_branch_python_dop_operator_3.py took 0.103 seconds
[2022-04-07 23:54:23,812] {processor.py:163} INFO - Started process (PID=1382) to work on /home/airflow/.local/lib/python3.7/site-packages/airflow/example_dags/example_branch_python_dop_operator_3.py
[2022-04-07 23:54:23,815] {processor.py:642} INFO - Processing file /home/airflow/.local/lib/python3.7/site-packages/airflow/example_dags/example_branch_python_dop_operator_3.py for tasks to queue
[2022-04-07 23:54:23,816] {logging_mixin.py:109} INFO - [2022-04-07 23:54:23,816] {dagbag.py:500} INFO - Filling up the DagBag from /home/airflow/.local/lib/python3.7/site-packages/airflow/example_dags/example_branch_python_dop_operator_3.py
[2022-04-07 23:54:23,856] {processor.py:654} INFO - DAG(s) dict_keys(['example_branch_dop_operator_v3']) retrieved from /home/airflow/.local/lib/python3.7/site-packages/airflow/example_dags/example_branch_python_dop_operator_3.py
[2022-04-07 23:54:23,866] {logging_mixin.py:109} INFO - [2022-04-07 23:54:23,866] {dag.py:2396} INFO - Sync 1 DAGs
[2022-04-07 23:54:23,886] {logging_mixin.py:109} INFO - [2022-04-07 23:54:23,886] {dag.py:2935} INFO - Setting next_dagrun for example_branch_dop_operator_v3 to 2022-04-07T23:53:00+00:00
[2022-04-07 23:54:23,898] {processor.py:171} INFO - Processing /home/airflow/.local/lib/python3.7/site-packages/airflow/example_dags/example_branch_python_dop_operator_3.py took 0.092 seconds
[2022-04-07 23:54:54,257] {processor.py:163} INFO - Started process (PID=1434) to work on /home/airflow/.local/lib/python3.7/site-packages/airflow/example_dags/example_branch_python_dop_operator_3.py
[2022-04-07 23:54:54,259] {processor.py:642} INFO - Processing file /home/airflow/.local/lib/python3.7/site-packages/airflow/example_dags/example_branch_python_dop_operator_3.py for tasks to queue
[2022-04-07 23:54:54,260] {logging_mixin.py:109} INFO - [2022-04-07 23:54:54,260] {dagbag.py:500} INFO - Filling up the DagBag from /home/airflow/.local/lib/python3.7/site-packages/airflow/example_dags/example_branch_python_dop_operator_3.py
[2022-04-07 23:54:54,307] {processor.py:654} INFO - DAG(s) dict_keys(['example_branch_dop_operator_v3']) retrieved from /home/airflow/.local/lib/python3.7/site-packages/airflow/example_dags/example_branch_python_dop_operator_3.py
[2022-04-07 23:54:54,321] {logging_mixin.py:109} INFO - [2022-04-07 23:54:54,320] {dag.py:2396} INFO - Sync 1 DAGs
[2022-04-07 23:54:54,351] {logging_mixin.py:109} INFO - [2022-04-07 23:54:54,351] {dag.py:2935} INFO - Setting next_dagrun for example_branch_dop_operator_v3 to 2022-04-07T23:53:00+00:00
[2022-04-07 23:54:54,362] {processor.py:171} INFO - Processing /home/airflow/.local/lib/python3.7/site-packages/airflow/example_dags/example_branch_python_dop_operator_3.py took 0.110 seconds
[2022-04-07 23:55:24,434] {processor.py:163} INFO - Started process (PID=1497) to work on /home/airflow/.local/lib/python3.7/site-packages/airflow/example_dags/example_branch_python_dop_operator_3.py
[2022-04-07 23:55:24,436] {processor.py:642} INFO - Processing file /home/airflow/.local/lib/python3.7/site-packages/airflow/example_dags/example_branch_python_dop_operator_3.py for tasks to queue
[2022-04-07 23:55:24,437] {logging_mixin.py:109} INFO - [2022-04-07 23:55:24,437] {dagbag.py:500} INFO - Filling up the DagBag from /home/airflow/.local/lib/python3.7/site-packages/airflow/example_dags/example_branch_python_dop_operator_3.py
[2022-04-07 23:55:24,477] {processor.py:654} INFO - DAG(s) dict_keys(['example_branch_dop_operator_v3']) retrieved from /home/airflow/.local/lib/python3.7/site-packages/airflow/example_dags/example_branch_python_dop_operator_3.py
[2022-04-07 23:55:24,487] {logging_mixin.py:109} INFO - [2022-04-07 23:55:24,487] {dag.py:2396} INFO - Sync 1 DAGs
[2022-04-07 23:55:24,511] {logging_mixin.py:109} INFO - [2022-04-07 23:55:24,511] {dag.py:2935} INFO - Setting next_dagrun for example_branch_dop_operator_v3 to 2022-04-07T23:54:00+00:00
[2022-04-07 23:55:24,522] {processor.py:171} INFO - Processing /home/airflow/.local/lib/python3.7/site-packages/airflow/example_dags/example_branch_python_dop_operator_3.py took 0.093 seconds
[2022-04-07 23:55:55,274] {processor.py:163} INFO - Started process (PID=1548) to work on /home/airflow/.local/lib/python3.7/site-packages/airflow/example_dags/example_branch_python_dop_operator_3.py
[2022-04-07 23:55:55,276] {processor.py:642} INFO - Processing file /home/airflow/.local/lib/python3.7/site-packages/airflow/example_dags/example_branch_python_dop_operator_3.py for tasks to queue
[2022-04-07 23:55:55,276] {logging_mixin.py:109} INFO - [2022-04-07 23:55:55,276] {dagbag.py:500} INFO - Filling up the DagBag from /home/airflow/.local/lib/python3.7/site-packages/airflow/example_dags/example_branch_python_dop_operator_3.py
[2022-04-07 23:55:55,323] {processor.py:654} INFO - DAG(s) dict_keys(['example_branch_dop_operator_v3']) retrieved from /home/airflow/.local/lib/python3.7/site-packages/airflow/example_dags/example_branch_python_dop_operator_3.py
[2022-04-07 23:55:55,336] {logging_mixin.py:109} INFO - [2022-04-07 23:55:55,336] {dag.py:2396} INFO - Sync 1 DAGs
[2022-04-07 23:55:55,366] {logging_mixin.py:109} INFO - [2022-04-07 23:55:55,366] {dag.py:2935} INFO - Setting next_dagrun for example_branch_dop_operator_v3 to 2022-04-07T23:54:00+00:00
[2022-04-07 23:55:55,377] {processor.py:171} INFO - Processing /home/airflow/.local/lib/python3.7/site-packages/airflow/example_dags/example_branch_python_dop_operator_3.py took 0.108 seconds
[2022-04-07 23:56:25,584] {processor.py:163} INFO - Started process (PID=1609) to work on /home/airflow/.local/lib/python3.7/site-packages/airflow/example_dags/example_branch_python_dop_operator_3.py
[2022-04-07 23:56:25,586] {processor.py:642} INFO - Processing file /home/airflow/.local/lib/python3.7/site-packages/airflow/example_dags/example_branch_python_dop_operator_3.py for tasks to queue
[2022-04-07 23:56:25,587] {logging_mixin.py:109} INFO - [2022-04-07 23:56:25,587] {dagbag.py:500} INFO - Filling up the DagBag from /home/airflow/.local/lib/python3.7/site-packages/airflow/example_dags/example_branch_python_dop_operator_3.py
[2022-04-07 23:56:25,631] {processor.py:654} INFO - DAG(s) dict_keys(['example_branch_dop_operator_v3']) retrieved from /home/airflow/.local/lib/python3.7/site-packages/airflow/example_dags/example_branch_python_dop_operator_3.py
[2022-04-07 23:56:25,644] {logging_mixin.py:109} INFO - [2022-04-07 23:56:25,644] {dag.py:2396} INFO - Sync 1 DAGs
[2022-04-07 23:56:25,675] {logging_mixin.py:109} INFO - [2022-04-07 23:56:25,675] {dag.py:2935} INFO - Setting next_dagrun for example_branch_dop_operator_v3 to 2022-04-07T23:55:00+00:00
[2022-04-07 23:56:25,686] {processor.py:171} INFO - Processing /home/airflow/.local/lib/python3.7/site-packages/airflow/example_dags/example_branch_python_dop_operator_3.py took 0.107 seconds
[2022-04-07 23:56:55,779] {processor.py:163} INFO - Started process (PID=1662) to work on /home/airflow/.local/lib/python3.7/site-packages/airflow/example_dags/example_branch_python_dop_operator_3.py
[2022-04-07 23:56:55,781] {processor.py:642} INFO - Processing file /home/airflow/.local/lib/python3.7/site-packages/airflow/example_dags/example_branch_python_dop_operator_3.py for tasks to queue
[2022-04-07 23:56:55,782] {logging_mixin.py:109} INFO - [2022-04-07 23:56:55,782] {dagbag.py:500} INFO - Filling up the DagBag from /home/airflow/.local/lib/python3.7/site-packages/airflow/example_dags/example_branch_python_dop_operator_3.py
[2022-04-07 23:56:55,825] {processor.py:654} INFO - DAG(s) dict_keys(['example_branch_dop_operator_v3']) retrieved from /home/airflow/.local/lib/python3.7/site-packages/airflow/example_dags/example_branch_python_dop_operator_3.py
[2022-04-07 23:56:55,839] {logging_mixin.py:109} INFO - [2022-04-07 23:56:55,838] {dag.py:2396} INFO - Sync 1 DAGs
[2022-04-07 23:56:55,867] {logging_mixin.py:109} INFO - [2022-04-07 23:56:55,867] {dag.py:2935} INFO - Setting next_dagrun for example_branch_dop_operator_v3 to 2022-04-07T23:55:00+00:00
[2022-04-07 23:56:55,877] {processor.py:171} INFO - Processing /home/airflow/.local/lib/python3.7/site-packages/airflow/example_dags/example_branch_python_dop_operator_3.py took 0.104 seconds
[2022-04-07 23:57:26,214] {processor.py:163} INFO - Started process (PID=1725) to work on /home/airflow/.local/lib/python3.7/site-packages/airflow/example_dags/example_branch_python_dop_operator_3.py
[2022-04-07 23:57:26,216] {processor.py:642} INFO - Processing file /home/airflow/.local/lib/python3.7/site-packages/airflow/example_dags/example_branch_python_dop_operator_3.py for tasks to queue
[2022-04-07 23:57:26,217] {logging_mixin.py:109} INFO - [2022-04-07 23:57:26,217] {dagbag.py:500} INFO - Filling up the DagBag from /home/airflow/.local/lib/python3.7/site-packages/airflow/example_dags/example_branch_python_dop_operator_3.py
[2022-04-07 23:57:26,260] {processor.py:654} INFO - DAG(s) dict_keys(['example_branch_dop_operator_v3']) retrieved from /home/airflow/.local/lib/python3.7/site-packages/airflow/example_dags/example_branch_python_dop_operator_3.py
[2022-04-07 23:57:26,273] {logging_mixin.py:109} INFO - [2022-04-07 23:57:26,273] {dag.py:2396} INFO - Sync 1 DAGs
[2022-04-07 23:57:26,303] {logging_mixin.py:109} INFO - [2022-04-07 23:57:26,302] {dag.py:2935} INFO - Setting next_dagrun for example_branch_dop_operator_v3 to 2022-04-07T23:56:00+00:00
[2022-04-07 23:57:26,314] {processor.py:171} INFO - Processing /home/airflow/.local/lib/python3.7/site-packages/airflow/example_dags/example_branch_python_dop_operator_3.py took 0.105 seconds
[2022-04-07 23:57:56,697] {processor.py:163} INFO - Started process (PID=1777) to work on /home/airflow/.local/lib/python3.7/site-packages/airflow/example_dags/example_branch_python_dop_operator_3.py
[2022-04-07 23:57:56,699] {processor.py:642} INFO - Processing file /home/airflow/.local/lib/python3.7/site-packages/airflow/example_dags/example_branch_python_dop_operator_3.py for tasks to queue
[2022-04-07 23:57:56,700] {logging_mixin.py:109} INFO - [2022-04-07 23:57:56,700] {dagbag.py:500} INFO - Filling up the DagBag from /home/airflow/.local/lib/python3.7/site-packages/airflow/example_dags/example_branch_python_dop_operator_3.py
[2022-04-07 23:57:56,732] {processor.py:654} INFO - DAG(s) dict_keys(['example_branch_dop_operator_v3']) retrieved from /home/airflow/.local/lib/python3.7/site-packages/airflow/example_dags/example_branch_python_dop_operator_3.py
[2022-04-07 23:57:56,745] {logging_mixin.py:109} INFO - [2022-04-07 23:57:56,745] {dag.py:2396} INFO - Sync 1 DAGs
[2022-04-07 23:57:56,778] {logging_mixin.py:109} INFO - [2022-04-07 23:57:56,777] {dag.py:2935} INFO - Setting next_dagrun for example_branch_dop_operator_v3 to 2022-04-07T23:56:00+00:00
[2022-04-07 23:57:56,789] {processor.py:171} INFO - Processing /home/airflow/.local/lib/python3.7/site-packages/airflow/example_dags/example_branch_python_dop_operator_3.py took 0.096 seconds
[2022-04-07 23:58:26,920] {processor.py:163} INFO - Started process (PID=1841) to work on /home/airflow/.local/lib/python3.7/site-packages/airflow/example_dags/example_branch_python_dop_operator_3.py
[2022-04-07 23:58:26,922] {processor.py:642} INFO - Processing file /home/airflow/.local/lib/python3.7/site-packages/airflow/example_dags/example_branch_python_dop_operator_3.py for tasks to queue
[2022-04-07 23:58:26,923] {logging_mixin.py:109} INFO - [2022-04-07 23:58:26,923] {dagbag.py:500} INFO - Filling up the DagBag from /home/airflow/.local/lib/python3.7/site-packages/airflow/example_dags/example_branch_python_dop_operator_3.py
[2022-04-07 23:58:26,966] {processor.py:654} INFO - DAG(s) dict_keys(['example_branch_dop_operator_v3']) retrieved from /home/airflow/.local/lib/python3.7/site-packages/airflow/example_dags/example_branch_python_dop_operator_3.py
[2022-04-07 23:58:26,979] {logging_mixin.py:109} INFO - [2022-04-07 23:58:26,979] {dag.py:2396} INFO - Sync 1 DAGs
[2022-04-07 23:58:27,008] {logging_mixin.py:109} INFO - [2022-04-07 23:58:27,007] {dag.py:2935} INFO - Setting next_dagrun for example_branch_dop_operator_v3 to 2022-04-07T23:57:00+00:00
[2022-04-07 23:58:27,018] {processor.py:171} INFO - Processing /home/airflow/.local/lib/python3.7/site-packages/airflow/example_dags/example_branch_python_dop_operator_3.py took 0.102 seconds
[2022-04-07 23:58:57,396] {processor.py:163} INFO - Started process (PID=1893) to work on /home/airflow/.local/lib/python3.7/site-packages/airflow/example_dags/example_branch_python_dop_operator_3.py
[2022-04-07 23:58:57,398] {processor.py:642} INFO - Processing file /home/airflow/.local/lib/python3.7/site-packages/airflow/example_dags/example_branch_python_dop_operator_3.py for tasks to queue
[2022-04-07 23:58:57,398] {logging_mixin.py:109} INFO - [2022-04-07 23:58:57,398] {dagbag.py:500} INFO - Filling up the DagBag from /home/airflow/.local/lib/python3.7/site-packages/airflow/example_dags/example_branch_python_dop_operator_3.py
[2022-04-07 23:58:57,435] {processor.py:654} INFO - DAG(s) dict_keys(['example_branch_dop_operator_v3']) retrieved from /home/airflow/.local/lib/python3.7/site-packages/airflow/example_dags/example_branch_python_dop_operator_3.py
[2022-04-07 23:58:57,448] {logging_mixin.py:109} INFO - [2022-04-07 23:58:57,448] {dag.py:2396} INFO - Sync 1 DAGs
[2022-04-07 23:58:57,476] {logging_mixin.py:109} INFO - [2022-04-07 23:58:57,476] {dag.py:2935} INFO - Setting next_dagrun for example_branch_dop_operator_v3 to 2022-04-07T23:57:00+00:00
[2022-04-07 23:58:57,486] {processor.py:171} INFO - Processing /home/airflow/.local/lib/python3.7/site-packages/airflow/example_dags/example_branch_python_dop_operator_3.py took 0.094 seconds
[2022-04-07 23:59:27,873] {processor.py:163} INFO - Started process (PID=1951) to work on /home/airflow/.local/lib/python3.7/site-packages/airflow/example_dags/example_branch_python_dop_operator_3.py
[2022-04-07 23:59:27,875] {processor.py:642} INFO - Processing file /home/airflow/.local/lib/python3.7/site-packages/airflow/example_dags/example_branch_python_dop_operator_3.py for tasks to queue
[2022-04-07 23:59:27,876] {logging_mixin.py:109} INFO - [2022-04-07 23:59:27,876] {dagbag.py:500} INFO - Filling up the DagBag from /home/airflow/.local/lib/python3.7/site-packages/airflow/example_dags/example_branch_python_dop_operator_3.py
[2022-04-07 23:59:27,919] {processor.py:654} INFO - DAG(s) dict_keys(['example_branch_dop_operator_v3']) retrieved from /home/airflow/.local/lib/python3.7/site-packages/airflow/example_dags/example_branch_python_dop_operator_3.py
[2022-04-07 23:59:27,933] {logging_mixin.py:109} INFO - [2022-04-07 23:59:27,933] {dag.py:2396} INFO - Sync 1 DAGs
[2022-04-07 23:59:27,961] {logging_mixin.py:109} INFO - [2022-04-07 23:59:27,961] {dag.py:2935} INFO - Setting next_dagrun for example_branch_dop_operator_v3 to 2022-04-07T23:58:00+00:00
[2022-04-07 23:59:27,972] {processor.py:171} INFO - Processing /home/airflow/.local/lib/python3.7/site-packages/airflow/example_dags/example_branch_python_dop_operator_3.py took 0.106 seconds
[2022-04-07 23:59:58,160] {processor.py:163} INFO - Started process (PID=2005) to work on /home/airflow/.local/lib/python3.7/site-packages/airflow/example_dags/example_branch_python_dop_operator_3.py
[2022-04-07 23:59:58,162] {processor.py:642} INFO - Processing file /home/airflow/.local/lib/python3.7/site-packages/airflow/example_dags/example_branch_python_dop_operator_3.py for tasks to queue
[2022-04-07 23:59:58,163] {logging_mixin.py:109} INFO - [2022-04-07 23:59:58,163] {dagbag.py:500} INFO - Filling up the DagBag from /home/airflow/.local/lib/python3.7/site-packages/airflow/example_dags/example_branch_python_dop_operator_3.py
[2022-04-07 23:59:58,200] {processor.py:654} INFO - DAG(s) dict_keys(['example_branch_dop_operator_v3']) retrieved from /home/airflow/.local/lib/python3.7/site-packages/airflow/example_dags/example_branch_python_dop_operator_3.py
[2022-04-07 23:59:58,211] {logging_mixin.py:109} INFO - [2022-04-07 23:59:58,211] {dag.py:2396} INFO - Sync 1 DAGs
[2022-04-07 23:59:58,232] {logging_mixin.py:109} INFO - [2022-04-07 23:59:58,232] {dag.py:2935} INFO - Setting next_dagrun for example_branch_dop_operator_v3 to 2022-04-07T23:58:00+00:00
[2022-04-07 23:59:58,245] {processor.py:171} INFO - Processing /home/airflow/.local/lib/python3.7/site-packages/airflow/example_dags/example_branch_python_dop_operator_3.py took 0.089 seconds
