[2022-04-07 23:43:18,751] {processor.py:163} INFO - Started process (PID=57) to work on /home/airflow/.local/lib/python3.7/site-packages/airflow/example_dags/example_branch_operator.py
[2022-04-07 23:43:18,765] {processor.py:642} INFO - Processing file /home/airflow/.local/lib/python3.7/site-packages/airflow/example_dags/example_branch_operator.py for tasks to queue
[2022-04-07 23:43:18,766] {logging_mixin.py:109} INFO - [2022-04-07 23:43:18,766] {dagbag.py:500} INFO - Filling up the DagBag from /home/airflow/.local/lib/python3.7/site-packages/airflow/example_dags/example_branch_operator.py
[2022-04-07 23:43:18,847] {processor.py:654} INFO - DAG(s) dict_keys(['example_branch_operator']) retrieved from /home/airflow/.local/lib/python3.7/site-packages/airflow/example_dags/example_branch_operator.py
[2022-04-07 23:43:22,258] {logging_mixin.py:109} INFO - [2022-04-07 23:43:22,257] {manager.py:496} INFO - Created Permission View: can read on DAG:example_branch_operator
[2022-04-07 23:43:22,274] {logging_mixin.py:109} INFO - [2022-04-07 23:43:22,273] {manager.py:496} INFO - Created Permission View: can edit on DAG:example_branch_operator
[2022-04-07 23:43:22,274] {logging_mixin.py:109} INFO - [2022-04-07 23:43:22,274] {dag.py:2396} INFO - Sync 1 DAGs
[2022-04-07 23:43:22,284] {logging_mixin.py:109} INFO - [2022-04-07 23:43:22,283] {dag.py:2415} INFO - Creating ORM DAG for example_branch_operator
[2022-04-07 23:43:22,296] {logging_mixin.py:109} INFO - [2022-04-07 23:43:22,296] {dag.py:2935} INFO - Setting next_dagrun for example_branch_operator to 2022-04-06 00:00:00+00:00
[2022-04-07 23:43:22,320] {processor.py:171} INFO - Processing /home/airflow/.local/lib/python3.7/site-packages/airflow/example_dags/example_branch_operator.py took 3.574 seconds
[2022-04-07 23:43:56,390] {processor.py:163} INFO - Started process (PID=219) to work on /home/airflow/.local/lib/python3.7/site-packages/airflow/example_dags/example_branch_operator.py
[2022-04-07 23:43:56,392] {processor.py:642} INFO - Processing file /home/airflow/.local/lib/python3.7/site-packages/airflow/example_dags/example_branch_operator.py for tasks to queue
[2022-04-07 23:43:56,393] {logging_mixin.py:109} INFO - [2022-04-07 23:43:56,393] {dagbag.py:500} INFO - Filling up the DagBag from /home/airflow/.local/lib/python3.7/site-packages/airflow/example_dags/example_branch_operator.py
[2022-04-07 23:43:56,440] {processor.py:654} INFO - DAG(s) dict_keys(['example_branch_operator']) retrieved from /home/airflow/.local/lib/python3.7/site-packages/airflow/example_dags/example_branch_operator.py
[2022-04-07 23:43:56,457] {logging_mixin.py:109} INFO - [2022-04-07 23:43:56,456] {dag.py:2396} INFO - Sync 1 DAGs
[2022-04-07 23:43:56,482] {logging_mixin.py:109} INFO - [2022-04-07 23:43:56,482] {dag.py:2935} INFO - Setting next_dagrun for example_branch_operator to 2022-04-06 00:00:00+00:00
[2022-04-07 23:43:56,494] {processor.py:171} INFO - Processing /home/airflow/.local/lib/python3.7/site-packages/airflow/example_dags/example_branch_operator.py took 0.110 seconds
[2022-04-07 23:44:26,787] {processor.py:163} INFO - Started process (PID=280) to work on /home/airflow/.local/lib/python3.7/site-packages/airflow/example_dags/example_branch_operator.py
[2022-04-07 23:44:26,789] {processor.py:642} INFO - Processing file /home/airflow/.local/lib/python3.7/site-packages/airflow/example_dags/example_branch_operator.py for tasks to queue
[2022-04-07 23:44:26,789] {logging_mixin.py:109} INFO - [2022-04-07 23:44:26,789] {dagbag.py:500} INFO - Filling up the DagBag from /home/airflow/.local/lib/python3.7/site-packages/airflow/example_dags/example_branch_operator.py
[2022-04-07 23:44:26,825] {processor.py:654} INFO - DAG(s) dict_keys(['example_branch_operator']) retrieved from /home/airflow/.local/lib/python3.7/site-packages/airflow/example_dags/example_branch_operator.py
[2022-04-07 23:44:26,836] {logging_mixin.py:109} INFO - [2022-04-07 23:44:26,836] {dag.py:2396} INFO - Sync 1 DAGs
[2022-04-07 23:44:26,854] {logging_mixin.py:109} INFO - [2022-04-07 23:44:26,854] {dag.py:2935} INFO - Setting next_dagrun for example_branch_operator to 2022-04-06 00:00:00+00:00
[2022-04-07 23:44:26,863] {processor.py:171} INFO - Processing /home/airflow/.local/lib/python3.7/site-packages/airflow/example_dags/example_branch_operator.py took 0.080 seconds
[2022-04-07 23:44:56,914] {processor.py:163} INFO - Started process (PID=328) to work on /home/airflow/.local/lib/python3.7/site-packages/airflow/example_dags/example_branch_operator.py
[2022-04-07 23:44:56,916] {processor.py:642} INFO - Processing file /home/airflow/.local/lib/python3.7/site-packages/airflow/example_dags/example_branch_operator.py for tasks to queue
[2022-04-07 23:44:56,917] {logging_mixin.py:109} INFO - [2022-04-07 23:44:56,917] {dagbag.py:500} INFO - Filling up the DagBag from /home/airflow/.local/lib/python3.7/site-packages/airflow/example_dags/example_branch_operator.py
[2022-04-07 23:44:56,950] {processor.py:654} INFO - DAG(s) dict_keys(['example_branch_operator']) retrieved from /home/airflow/.local/lib/python3.7/site-packages/airflow/example_dags/example_branch_operator.py
[2022-04-07 23:44:56,961] {logging_mixin.py:109} INFO - [2022-04-07 23:44:56,961] {dag.py:2396} INFO - Sync 1 DAGs
[2022-04-07 23:44:56,979] {logging_mixin.py:109} INFO - [2022-04-07 23:44:56,979] {dag.py:2935} INFO - Setting next_dagrun for example_branch_operator to 2022-04-06 00:00:00+00:00
[2022-04-07 23:44:56,988] {processor.py:171} INFO - Processing /home/airflow/.local/lib/python3.7/site-packages/airflow/example_dags/example_branch_operator.py took 0.078 seconds
[2022-04-07 23:45:27,297] {processor.py:163} INFO - Started process (PID=387) to work on /home/airflow/.local/lib/python3.7/site-packages/airflow/example_dags/example_branch_operator.py
[2022-04-07 23:45:27,299] {processor.py:642} INFO - Processing file /home/airflow/.local/lib/python3.7/site-packages/airflow/example_dags/example_branch_operator.py for tasks to queue
[2022-04-07 23:45:27,299] {logging_mixin.py:109} INFO - [2022-04-07 23:45:27,299] {dagbag.py:500} INFO - Filling up the DagBag from /home/airflow/.local/lib/python3.7/site-packages/airflow/example_dags/example_branch_operator.py
[2022-04-07 23:45:27,341] {processor.py:654} INFO - DAG(s) dict_keys(['example_branch_operator']) retrieved from /home/airflow/.local/lib/python3.7/site-packages/airflow/example_dags/example_branch_operator.py
[2022-04-07 23:45:27,352] {logging_mixin.py:109} INFO - [2022-04-07 23:45:27,352] {dag.py:2396} INFO - Sync 1 DAGs
[2022-04-07 23:45:27,370] {logging_mixin.py:109} INFO - [2022-04-07 23:45:27,369] {dag.py:2935} INFO - Setting next_dagrun for example_branch_operator to 2022-04-06 00:00:00+00:00
[2022-04-07 23:45:27,379] {processor.py:171} INFO - Processing /home/airflow/.local/lib/python3.7/site-packages/airflow/example_dags/example_branch_operator.py took 0.086 seconds
[2022-04-07 23:45:57,741] {processor.py:163} INFO - Started process (PID=439) to work on /home/airflow/.local/lib/python3.7/site-packages/airflow/example_dags/example_branch_operator.py
[2022-04-07 23:45:57,744] {processor.py:642} INFO - Processing file /home/airflow/.local/lib/python3.7/site-packages/airflow/example_dags/example_branch_operator.py for tasks to queue
[2022-04-07 23:45:57,745] {logging_mixin.py:109} INFO - [2022-04-07 23:45:57,745] {dagbag.py:500} INFO - Filling up the DagBag from /home/airflow/.local/lib/python3.7/site-packages/airflow/example_dags/example_branch_operator.py
[2022-04-07 23:45:57,790] {processor.py:654} INFO - DAG(s) dict_keys(['example_branch_operator']) retrieved from /home/airflow/.local/lib/python3.7/site-packages/airflow/example_dags/example_branch_operator.py
[2022-04-07 23:45:57,806] {logging_mixin.py:109} INFO - [2022-04-07 23:45:57,806] {dag.py:2396} INFO - Sync 1 DAGs
[2022-04-07 23:45:57,832] {logging_mixin.py:109} INFO - [2022-04-07 23:45:57,832] {dag.py:2935} INFO - Setting next_dagrun for example_branch_operator to 2022-04-06 00:00:00+00:00
[2022-04-07 23:45:57,842] {processor.py:171} INFO - Processing /home/airflow/.local/lib/python3.7/site-packages/airflow/example_dags/example_branch_operator.py took 0.104 seconds
[2022-04-07 23:46:27,929] {processor.py:163} INFO - Started process (PID=500) to work on /home/airflow/.local/lib/python3.7/site-packages/airflow/example_dags/example_branch_operator.py
[2022-04-07 23:46:27,931] {processor.py:642} INFO - Processing file /home/airflow/.local/lib/python3.7/site-packages/airflow/example_dags/example_branch_operator.py for tasks to queue
[2022-04-07 23:46:27,932] {logging_mixin.py:109} INFO - [2022-04-07 23:46:27,931] {dagbag.py:500} INFO - Filling up the DagBag from /home/airflow/.local/lib/python3.7/site-packages/airflow/example_dags/example_branch_operator.py
[2022-04-07 23:46:27,966] {processor.py:654} INFO - DAG(s) dict_keys(['example_branch_operator']) retrieved from /home/airflow/.local/lib/python3.7/site-packages/airflow/example_dags/example_branch_operator.py
[2022-04-07 23:46:27,977] {logging_mixin.py:109} INFO - [2022-04-07 23:46:27,977] {dag.py:2396} INFO - Sync 1 DAGs
[2022-04-07 23:46:27,994] {logging_mixin.py:109} INFO - [2022-04-07 23:46:27,994] {dag.py:2935} INFO - Setting next_dagrun for example_branch_operator to 2022-04-06 00:00:00+00:00
[2022-04-07 23:46:28,002] {processor.py:171} INFO - Processing /home/airflow/.local/lib/python3.7/site-packages/airflow/example_dags/example_branch_operator.py took 0.077 seconds
[2022-04-07 23:46:58,063] {processor.py:163} INFO - Started process (PID=552) to work on /home/airflow/.local/lib/python3.7/site-packages/airflow/example_dags/example_branch_operator.py
[2022-04-07 23:46:58,065] {processor.py:642} INFO - Processing file /home/airflow/.local/lib/python3.7/site-packages/airflow/example_dags/example_branch_operator.py for tasks to queue
[2022-04-07 23:46:58,065] {logging_mixin.py:109} INFO - [2022-04-07 23:46:58,065] {dagbag.py:500} INFO - Filling up the DagBag from /home/airflow/.local/lib/python3.7/site-packages/airflow/example_dags/example_branch_operator.py
[2022-04-07 23:46:58,099] {processor.py:654} INFO - DAG(s) dict_keys(['example_branch_operator']) retrieved from /home/airflow/.local/lib/python3.7/site-packages/airflow/example_dags/example_branch_operator.py
[2022-04-07 23:46:58,110] {logging_mixin.py:109} INFO - [2022-04-07 23:46:58,110] {dag.py:2396} INFO - Sync 1 DAGs
[2022-04-07 23:46:58,127] {logging_mixin.py:109} INFO - [2022-04-07 23:46:58,127] {dag.py:2935} INFO - Setting next_dagrun for example_branch_operator to 2022-04-06 00:00:00+00:00
[2022-04-07 23:46:58,135] {processor.py:171} INFO - Processing /home/airflow/.local/lib/python3.7/site-packages/airflow/example_dags/example_branch_operator.py took 0.077 seconds
[2022-04-07 23:47:28,385] {processor.py:163} INFO - Started process (PID=615) to work on /home/airflow/.local/lib/python3.7/site-packages/airflow/example_dags/example_branch_operator.py
[2022-04-07 23:47:28,387] {processor.py:642} INFO - Processing file /home/airflow/.local/lib/python3.7/site-packages/airflow/example_dags/example_branch_operator.py for tasks to queue
[2022-04-07 23:47:28,387] {logging_mixin.py:109} INFO - [2022-04-07 23:47:28,387] {dagbag.py:500} INFO - Filling up the DagBag from /home/airflow/.local/lib/python3.7/site-packages/airflow/example_dags/example_branch_operator.py
[2022-04-07 23:47:28,423] {processor.py:654} INFO - DAG(s) dict_keys(['example_branch_operator']) retrieved from /home/airflow/.local/lib/python3.7/site-packages/airflow/example_dags/example_branch_operator.py
[2022-04-07 23:47:28,438] {logging_mixin.py:109} INFO - [2022-04-07 23:47:28,438] {dag.py:2396} INFO - Sync 1 DAGs
[2022-04-07 23:47:28,458] {logging_mixin.py:109} INFO - [2022-04-07 23:47:28,457] {dag.py:2935} INFO - Setting next_dagrun for example_branch_operator to 2022-04-06 00:00:00+00:00
[2022-04-07 23:47:28,470] {processor.py:171} INFO - Processing /home/airflow/.local/lib/python3.7/site-packages/airflow/example_dags/example_branch_operator.py took 0.088 seconds
[2022-04-07 23:47:58,695] {processor.py:163} INFO - Started process (PID=665) to work on /home/airflow/.local/lib/python3.7/site-packages/airflow/example_dags/example_branch_operator.py
[2022-04-07 23:47:58,698] {processor.py:642} INFO - Processing file /home/airflow/.local/lib/python3.7/site-packages/airflow/example_dags/example_branch_operator.py for tasks to queue
[2022-04-07 23:47:58,699] {logging_mixin.py:109} INFO - [2022-04-07 23:47:58,698] {dagbag.py:500} INFO - Filling up the DagBag from /home/airflow/.local/lib/python3.7/site-packages/airflow/example_dags/example_branch_operator.py
[2022-04-07 23:47:58,742] {processor.py:654} INFO - DAG(s) dict_keys(['example_branch_operator']) retrieved from /home/airflow/.local/lib/python3.7/site-packages/airflow/example_dags/example_branch_operator.py
[2022-04-07 23:47:58,753] {logging_mixin.py:109} INFO - [2022-04-07 23:47:58,753] {dag.py:2396} INFO - Sync 1 DAGs
[2022-04-07 23:47:58,779] {logging_mixin.py:109} INFO - [2022-04-07 23:47:58,779] {dag.py:2935} INFO - Setting next_dagrun for example_branch_operator to 2022-04-06 00:00:00+00:00
[2022-04-07 23:47:58,790] {processor.py:171} INFO - Processing /home/airflow/.local/lib/python3.7/site-packages/airflow/example_dags/example_branch_operator.py took 0.100 seconds
[2022-04-07 23:48:28,976] {processor.py:163} INFO - Started process (PID=727) to work on /home/airflow/.local/lib/python3.7/site-packages/airflow/example_dags/example_branch_operator.py
[2022-04-07 23:48:28,977] {processor.py:642} INFO - Processing file /home/airflow/.local/lib/python3.7/site-packages/airflow/example_dags/example_branch_operator.py for tasks to queue
[2022-04-07 23:48:28,978] {logging_mixin.py:109} INFO - [2022-04-07 23:48:28,978] {dagbag.py:500} INFO - Filling up the DagBag from /home/airflow/.local/lib/python3.7/site-packages/airflow/example_dags/example_branch_operator.py
[2022-04-07 23:48:29,015] {processor.py:654} INFO - DAG(s) dict_keys(['example_branch_operator']) retrieved from /home/airflow/.local/lib/python3.7/site-packages/airflow/example_dags/example_branch_operator.py
[2022-04-07 23:48:29,031] {logging_mixin.py:109} INFO - [2022-04-07 23:48:29,031] {dag.py:2396} INFO - Sync 1 DAGs
[2022-04-07 23:48:29,056] {logging_mixin.py:109} INFO - [2022-04-07 23:48:29,056] {dag.py:2935} INFO - Setting next_dagrun for example_branch_operator to 2022-04-06 00:00:00+00:00
[2022-04-07 23:48:29,066] {processor.py:171} INFO - Processing /home/airflow/.local/lib/python3.7/site-packages/airflow/example_dags/example_branch_operator.py took 0.095 seconds
[2022-04-07 23:48:59,217] {processor.py:163} INFO - Started process (PID=784) to work on /home/airflow/.local/lib/python3.7/site-packages/airflow/example_dags/example_branch_operator.py
[2022-04-07 23:48:59,220] {processor.py:642} INFO - Processing file /home/airflow/.local/lib/python3.7/site-packages/airflow/example_dags/example_branch_operator.py for tasks to queue
[2022-04-07 23:48:59,221] {logging_mixin.py:109} INFO - [2022-04-07 23:48:59,221] {dagbag.py:500} INFO - Filling up the DagBag from /home/airflow/.local/lib/python3.7/site-packages/airflow/example_dags/example_branch_operator.py
[2022-04-07 23:48:59,263] {processor.py:654} INFO - DAG(s) dict_keys(['example_branch_operator']) retrieved from /home/airflow/.local/lib/python3.7/site-packages/airflow/example_dags/example_branch_operator.py
[2022-04-07 23:48:59,274] {logging_mixin.py:109} INFO - [2022-04-07 23:48:59,274] {dag.py:2396} INFO - Sync 1 DAGs
[2022-04-07 23:48:59,292] {logging_mixin.py:109} INFO - [2022-04-07 23:48:59,292] {dag.py:2935} INFO - Setting next_dagrun for example_branch_operator to 2022-04-06 00:00:00+00:00
[2022-04-07 23:48:59,301] {processor.py:171} INFO - Processing /home/airflow/.local/lib/python3.7/site-packages/airflow/example_dags/example_branch_operator.py took 0.089 seconds
[2022-04-07 23:49:29,551] {processor.py:163} INFO - Started process (PID=844) to work on /home/airflow/.local/lib/python3.7/site-packages/airflow/example_dags/example_branch_operator.py
[2022-04-07 23:49:29,553] {processor.py:642} INFO - Processing file /home/airflow/.local/lib/python3.7/site-packages/airflow/example_dags/example_branch_operator.py for tasks to queue
[2022-04-07 23:49:29,554] {logging_mixin.py:109} INFO - [2022-04-07 23:49:29,553] {dagbag.py:500} INFO - Filling up the DagBag from /home/airflow/.local/lib/python3.7/site-packages/airflow/example_dags/example_branch_operator.py
[2022-04-07 23:49:29,596] {processor.py:654} INFO - DAG(s) dict_keys(['example_branch_operator']) retrieved from /home/airflow/.local/lib/python3.7/site-packages/airflow/example_dags/example_branch_operator.py
[2022-04-07 23:49:29,610] {logging_mixin.py:109} INFO - [2022-04-07 23:49:29,610] {dag.py:2396} INFO - Sync 1 DAGs
[2022-04-07 23:49:29,630] {logging_mixin.py:109} INFO - [2022-04-07 23:49:29,630] {dag.py:2935} INFO - Setting next_dagrun for example_branch_operator to 2022-04-06 00:00:00+00:00
[2022-04-07 23:49:29,638] {processor.py:171} INFO - Processing /home/airflow/.local/lib/python3.7/site-packages/airflow/example_dags/example_branch_operator.py took 0.093 seconds
[2022-04-07 23:49:59,660] {processor.py:163} INFO - Started process (PID=896) to work on /home/airflow/.local/lib/python3.7/site-packages/airflow/example_dags/example_branch_operator.py
[2022-04-07 23:49:59,662] {processor.py:642} INFO - Processing file /home/airflow/.local/lib/python3.7/site-packages/airflow/example_dags/example_branch_operator.py for tasks to queue
[2022-04-07 23:49:59,663] {logging_mixin.py:109} INFO - [2022-04-07 23:49:59,663] {dagbag.py:500} INFO - Filling up the DagBag from /home/airflow/.local/lib/python3.7/site-packages/airflow/example_dags/example_branch_operator.py
[2022-04-07 23:49:59,704] {processor.py:654} INFO - DAG(s) dict_keys(['example_branch_operator']) retrieved from /home/airflow/.local/lib/python3.7/site-packages/airflow/example_dags/example_branch_operator.py
[2022-04-07 23:49:59,714] {logging_mixin.py:109} INFO - [2022-04-07 23:49:59,714] {dag.py:2396} INFO - Sync 1 DAGs
[2022-04-07 23:49:59,735] {logging_mixin.py:109} INFO - [2022-04-07 23:49:59,734] {dag.py:2935} INFO - Setting next_dagrun for example_branch_operator to 2022-04-06 00:00:00+00:00
[2022-04-07 23:49:59,743] {processor.py:171} INFO - Processing /home/airflow/.local/lib/python3.7/site-packages/airflow/example_dags/example_branch_operator.py took 0.087 seconds
[2022-04-07 23:50:30,381] {processor.py:163} INFO - Started process (PID=957) to work on /home/airflow/.local/lib/python3.7/site-packages/airflow/example_dags/example_branch_operator.py
[2022-04-07 23:50:30,382] {processor.py:642} INFO - Processing file /home/airflow/.local/lib/python3.7/site-packages/airflow/example_dags/example_branch_operator.py for tasks to queue
[2022-04-07 23:50:30,383] {logging_mixin.py:109} INFO - [2022-04-07 23:50:30,383] {dagbag.py:500} INFO - Filling up the DagBag from /home/airflow/.local/lib/python3.7/site-packages/airflow/example_dags/example_branch_operator.py
[2022-04-07 23:50:30,416] {processor.py:654} INFO - DAG(s) dict_keys(['example_branch_operator']) retrieved from /home/airflow/.local/lib/python3.7/site-packages/airflow/example_dags/example_branch_operator.py
[2022-04-07 23:50:30,428] {logging_mixin.py:109} INFO - [2022-04-07 23:50:30,428] {dag.py:2396} INFO - Sync 1 DAGs
[2022-04-07 23:50:30,445] {logging_mixin.py:109} INFO - [2022-04-07 23:50:30,445] {dag.py:2935} INFO - Setting next_dagrun for example_branch_operator to 2022-04-06 00:00:00+00:00
[2022-04-07 23:50:30,455] {processor.py:171} INFO - Processing /home/airflow/.local/lib/python3.7/site-packages/airflow/example_dags/example_branch_operator.py took 0.078 seconds
[2022-04-07 23:51:00,741] {processor.py:163} INFO - Started process (PID=1008) to work on /home/airflow/.local/lib/python3.7/site-packages/airflow/example_dags/example_branch_operator.py
[2022-04-07 23:51:00,743] {processor.py:642} INFO - Processing file /home/airflow/.local/lib/python3.7/site-packages/airflow/example_dags/example_branch_operator.py for tasks to queue
[2022-04-07 23:51:00,743] {logging_mixin.py:109} INFO - [2022-04-07 23:51:00,743] {dagbag.py:500} INFO - Filling up the DagBag from /home/airflow/.local/lib/python3.7/site-packages/airflow/example_dags/example_branch_operator.py
[2022-04-07 23:51:00,782] {processor.py:654} INFO - DAG(s) dict_keys(['example_branch_operator']) retrieved from /home/airflow/.local/lib/python3.7/site-packages/airflow/example_dags/example_branch_operator.py
[2022-04-07 23:51:00,799] {logging_mixin.py:109} INFO - [2022-04-07 23:51:00,798] {dag.py:2396} INFO - Sync 1 DAGs
[2022-04-07 23:51:00,837] {logging_mixin.py:109} INFO - [2022-04-07 23:51:00,837] {dag.py:2935} INFO - Setting next_dagrun for example_branch_operator to 2022-04-06 00:00:00+00:00
[2022-04-07 23:51:00,847] {processor.py:171} INFO - Processing /home/airflow/.local/lib/python3.7/site-packages/airflow/example_dags/example_branch_operator.py took 0.111 seconds
[2022-04-07 23:51:31,308] {processor.py:163} INFO - Started process (PID=1070) to work on /home/airflow/.local/lib/python3.7/site-packages/airflow/example_dags/example_branch_operator.py
[2022-04-07 23:51:31,310] {processor.py:642} INFO - Processing file /home/airflow/.local/lib/python3.7/site-packages/airflow/example_dags/example_branch_operator.py for tasks to queue
[2022-04-07 23:51:31,311] {logging_mixin.py:109} INFO - [2022-04-07 23:51:31,310] {dagbag.py:500} INFO - Filling up the DagBag from /home/airflow/.local/lib/python3.7/site-packages/airflow/example_dags/example_branch_operator.py
[2022-04-07 23:51:31,354] {processor.py:654} INFO - DAG(s) dict_keys(['example_branch_operator']) retrieved from /home/airflow/.local/lib/python3.7/site-packages/airflow/example_dags/example_branch_operator.py
[2022-04-07 23:51:31,369] {logging_mixin.py:109} INFO - [2022-04-07 23:51:31,369] {dag.py:2396} INFO - Sync 1 DAGs
[2022-04-07 23:51:31,396] {logging_mixin.py:109} INFO - [2022-04-07 23:51:31,396] {dag.py:2935} INFO - Setting next_dagrun for example_branch_operator to 2022-04-06 00:00:00+00:00
[2022-04-07 23:51:31,407] {processor.py:171} INFO - Processing /home/airflow/.local/lib/python3.7/site-packages/airflow/example_dags/example_branch_operator.py took 0.103 seconds
[2022-04-07 23:52:01,678] {processor.py:163} INFO - Started process (PID=1123) to work on /home/airflow/.local/lib/python3.7/site-packages/airflow/example_dags/example_branch_operator.py
[2022-04-07 23:52:01,680] {processor.py:642} INFO - Processing file /home/airflow/.local/lib/python3.7/site-packages/airflow/example_dags/example_branch_operator.py for tasks to queue
[2022-04-07 23:52:01,681] {logging_mixin.py:109} INFO - [2022-04-07 23:52:01,681] {dagbag.py:500} INFO - Filling up the DagBag from /home/airflow/.local/lib/python3.7/site-packages/airflow/example_dags/example_branch_operator.py
[2022-04-07 23:52:01,714] {processor.py:654} INFO - DAG(s) dict_keys(['example_branch_operator']) retrieved from /home/airflow/.local/lib/python3.7/site-packages/airflow/example_dags/example_branch_operator.py
[2022-04-07 23:52:01,725] {logging_mixin.py:109} INFO - [2022-04-07 23:52:01,725] {dag.py:2396} INFO - Sync 1 DAGs
[2022-04-07 23:52:01,743] {logging_mixin.py:109} INFO - [2022-04-07 23:52:01,743] {dag.py:2935} INFO - Setting next_dagrun for example_branch_operator to 2022-04-06 00:00:00+00:00
[2022-04-07 23:52:01,753] {processor.py:171} INFO - Processing /home/airflow/.local/lib/python3.7/site-packages/airflow/example_dags/example_branch_operator.py took 0.079 seconds
[2022-04-07 23:52:31,942] {processor.py:163} INFO - Started process (PID=1183) to work on /home/airflow/.local/lib/python3.7/site-packages/airflow/example_dags/example_branch_operator.py
[2022-04-07 23:52:31,944] {processor.py:642} INFO - Processing file /home/airflow/.local/lib/python3.7/site-packages/airflow/example_dags/example_branch_operator.py for tasks to queue
[2022-04-07 23:52:31,945] {logging_mixin.py:109} INFO - [2022-04-07 23:52:31,945] {dagbag.py:500} INFO - Filling up the DagBag from /home/airflow/.local/lib/python3.7/site-packages/airflow/example_dags/example_branch_operator.py
[2022-04-07 23:52:31,988] {processor.py:654} INFO - DAG(s) dict_keys(['example_branch_operator']) retrieved from /home/airflow/.local/lib/python3.7/site-packages/airflow/example_dags/example_branch_operator.py
[2022-04-07 23:52:32,004] {logging_mixin.py:109} INFO - [2022-04-07 23:52:32,003] {dag.py:2396} INFO - Sync 1 DAGs
[2022-04-07 23:52:32,029] {logging_mixin.py:109} INFO - [2022-04-07 23:52:32,029] {dag.py:2935} INFO - Setting next_dagrun for example_branch_operator to 2022-04-06 00:00:00+00:00
[2022-04-07 23:52:32,041] {processor.py:171} INFO - Processing /home/airflow/.local/lib/python3.7/site-packages/airflow/example_dags/example_branch_operator.py took 0.104 seconds
[2022-04-07 23:53:02,306] {processor.py:163} INFO - Started process (PID=1234) to work on /home/airflow/.local/lib/python3.7/site-packages/airflow/example_dags/example_branch_operator.py
[2022-04-07 23:53:02,309] {processor.py:642} INFO - Processing file /home/airflow/.local/lib/python3.7/site-packages/airflow/example_dags/example_branch_operator.py for tasks to queue
[2022-04-07 23:53:02,310] {logging_mixin.py:109} INFO - [2022-04-07 23:53:02,310] {dagbag.py:500} INFO - Filling up the DagBag from /home/airflow/.local/lib/python3.7/site-packages/airflow/example_dags/example_branch_operator.py
[2022-04-07 23:53:02,345] {processor.py:654} INFO - DAG(s) dict_keys(['example_branch_operator']) retrieved from /home/airflow/.local/lib/python3.7/site-packages/airflow/example_dags/example_branch_operator.py
[2022-04-07 23:53:02,358] {logging_mixin.py:109} INFO - [2022-04-07 23:53:02,357] {dag.py:2396} INFO - Sync 1 DAGs
[2022-04-07 23:53:02,375] {logging_mixin.py:109} INFO - [2022-04-07 23:53:02,375] {dag.py:2935} INFO - Setting next_dagrun for example_branch_operator to 2022-04-06 00:00:00+00:00
[2022-04-07 23:53:02,384] {processor.py:171} INFO - Processing /home/airflow/.local/lib/python3.7/site-packages/airflow/example_dags/example_branch_operator.py took 0.082 seconds
[2022-04-07 23:53:32,570] {processor.py:163} INFO - Started process (PID=1292) to work on /home/airflow/.local/lib/python3.7/site-packages/airflow/example_dags/example_branch_operator.py
[2022-04-07 23:53:32,572] {processor.py:642} INFO - Processing file /home/airflow/.local/lib/python3.7/site-packages/airflow/example_dags/example_branch_operator.py for tasks to queue
[2022-04-07 23:53:32,574] {logging_mixin.py:109} INFO - [2022-04-07 23:53:32,574] {dagbag.py:500} INFO - Filling up the DagBag from /home/airflow/.local/lib/python3.7/site-packages/airflow/example_dags/example_branch_operator.py
[2022-04-07 23:53:32,626] {processor.py:654} INFO - DAG(s) dict_keys(['example_branch_operator']) retrieved from /home/airflow/.local/lib/python3.7/site-packages/airflow/example_dags/example_branch_operator.py
[2022-04-07 23:53:32,643] {logging_mixin.py:109} INFO - [2022-04-07 23:53:32,643] {dag.py:2396} INFO - Sync 1 DAGs
[2022-04-07 23:53:32,667] {logging_mixin.py:109} INFO - [2022-04-07 23:53:32,667] {dag.py:2935} INFO - Setting next_dagrun for example_branch_operator to 2022-04-06 00:00:00+00:00
[2022-04-07 23:53:32,678] {processor.py:171} INFO - Processing /home/airflow/.local/lib/python3.7/site-packages/airflow/example_dags/example_branch_operator.py took 0.115 seconds
[2022-04-07 23:54:02,999] {processor.py:163} INFO - Started process (PID=1345) to work on /home/airflow/.local/lib/python3.7/site-packages/airflow/example_dags/example_branch_operator.py
[2022-04-07 23:54:03,001] {processor.py:642} INFO - Processing file /home/airflow/.local/lib/python3.7/site-packages/airflow/example_dags/example_branch_operator.py for tasks to queue
[2022-04-07 23:54:03,002] {logging_mixin.py:109} INFO - [2022-04-07 23:54:03,002] {dagbag.py:500} INFO - Filling up the DagBag from /home/airflow/.local/lib/python3.7/site-packages/airflow/example_dags/example_branch_operator.py
[2022-04-07 23:54:03,041] {processor.py:654} INFO - DAG(s) dict_keys(['example_branch_operator']) retrieved from /home/airflow/.local/lib/python3.7/site-packages/airflow/example_dags/example_branch_operator.py
[2022-04-07 23:54:03,052] {logging_mixin.py:109} INFO - [2022-04-07 23:54:03,052] {dag.py:2396} INFO - Sync 1 DAGs
[2022-04-07 23:54:03,069] {logging_mixin.py:109} INFO - [2022-04-07 23:54:03,069] {dag.py:2935} INFO - Setting next_dagrun for example_branch_operator to 2022-04-06 00:00:00+00:00
[2022-04-07 23:54:03,078] {processor.py:171} INFO - Processing /home/airflow/.local/lib/python3.7/site-packages/airflow/example_dags/example_branch_operator.py took 0.086 seconds
[2022-04-07 23:54:33,900] {processor.py:163} INFO - Started process (PID=1407) to work on /home/airflow/.local/lib/python3.7/site-packages/airflow/example_dags/example_branch_operator.py
[2022-04-07 23:54:33,901] {processor.py:642} INFO - Processing file /home/airflow/.local/lib/python3.7/site-packages/airflow/example_dags/example_branch_operator.py for tasks to queue
[2022-04-07 23:54:33,902] {logging_mixin.py:109} INFO - [2022-04-07 23:54:33,902] {dagbag.py:500} INFO - Filling up the DagBag from /home/airflow/.local/lib/python3.7/site-packages/airflow/example_dags/example_branch_operator.py
[2022-04-07 23:54:33,947] {processor.py:654} INFO - DAG(s) dict_keys(['example_branch_operator']) retrieved from /home/airflow/.local/lib/python3.7/site-packages/airflow/example_dags/example_branch_operator.py
[2022-04-07 23:54:33,963] {logging_mixin.py:109} INFO - [2022-04-07 23:54:33,963] {dag.py:2396} INFO - Sync 1 DAGs
[2022-04-07 23:54:33,990] {logging_mixin.py:109} INFO - [2022-04-07 23:54:33,990] {dag.py:2935} INFO - Setting next_dagrun for example_branch_operator to 2022-04-06 00:00:00+00:00
[2022-04-07 23:54:34,006] {processor.py:171} INFO - Processing /home/airflow/.local/lib/python3.7/site-packages/airflow/example_dags/example_branch_operator.py took 0.112 seconds
[2022-04-07 23:55:04,486] {processor.py:163} INFO - Started process (PID=1459) to work on /home/airflow/.local/lib/python3.7/site-packages/airflow/example_dags/example_branch_operator.py
[2022-04-07 23:55:04,488] {processor.py:642} INFO - Processing file /home/airflow/.local/lib/python3.7/site-packages/airflow/example_dags/example_branch_operator.py for tasks to queue
[2022-04-07 23:55:04,489] {logging_mixin.py:109} INFO - [2022-04-07 23:55:04,489] {dagbag.py:500} INFO - Filling up the DagBag from /home/airflow/.local/lib/python3.7/site-packages/airflow/example_dags/example_branch_operator.py
[2022-04-07 23:55:04,530] {processor.py:654} INFO - DAG(s) dict_keys(['example_branch_operator']) retrieved from /home/airflow/.local/lib/python3.7/site-packages/airflow/example_dags/example_branch_operator.py
[2022-04-07 23:55:04,546] {logging_mixin.py:109} INFO - [2022-04-07 23:55:04,546] {dag.py:2396} INFO - Sync 1 DAGs
[2022-04-07 23:55:04,573] {logging_mixin.py:109} INFO - [2022-04-07 23:55:04,573] {dag.py:2935} INFO - Setting next_dagrun for example_branch_operator to 2022-04-06 00:00:00+00:00
[2022-04-07 23:55:04,584] {processor.py:171} INFO - Processing /home/airflow/.local/lib/python3.7/site-packages/airflow/example_dags/example_branch_operator.py took 0.102 seconds
[2022-04-07 23:55:34,851] {processor.py:163} INFO - Started process (PID=1519) to work on /home/airflow/.local/lib/python3.7/site-packages/airflow/example_dags/example_branch_operator.py
[2022-04-07 23:55:34,852] {processor.py:642} INFO - Processing file /home/airflow/.local/lib/python3.7/site-packages/airflow/example_dags/example_branch_operator.py for tasks to queue
[2022-04-07 23:55:34,853] {logging_mixin.py:109} INFO - [2022-04-07 23:55:34,853] {dagbag.py:500} INFO - Filling up the DagBag from /home/airflow/.local/lib/python3.7/site-packages/airflow/example_dags/example_branch_operator.py
[2022-04-07 23:55:34,899] {processor.py:654} INFO - DAG(s) dict_keys(['example_branch_operator']) retrieved from /home/airflow/.local/lib/python3.7/site-packages/airflow/example_dags/example_branch_operator.py
[2022-04-07 23:55:34,915] {logging_mixin.py:109} INFO - [2022-04-07 23:55:34,915] {dag.py:2396} INFO - Sync 1 DAGs
[2022-04-07 23:55:34,940] {logging_mixin.py:109} INFO - [2022-04-07 23:55:34,940] {dag.py:2935} INFO - Setting next_dagrun for example_branch_operator to 2022-04-06 00:00:00+00:00
[2022-04-07 23:55:34,951] {processor.py:171} INFO - Processing /home/airflow/.local/lib/python3.7/site-packages/airflow/example_dags/example_branch_operator.py took 0.104 seconds
[2022-04-07 23:56:05,424] {processor.py:163} INFO - Started process (PID=1572) to work on /home/airflow/.local/lib/python3.7/site-packages/airflow/example_dags/example_branch_operator.py
[2022-04-07 23:56:05,425] {processor.py:642} INFO - Processing file /home/airflow/.local/lib/python3.7/site-packages/airflow/example_dags/example_branch_operator.py for tasks to queue
[2022-04-07 23:56:05,426] {logging_mixin.py:109} INFO - [2022-04-07 23:56:05,426] {dagbag.py:500} INFO - Filling up the DagBag from /home/airflow/.local/lib/python3.7/site-packages/airflow/example_dags/example_branch_operator.py
[2022-04-07 23:56:05,463] {processor.py:654} INFO - DAG(s) dict_keys(['example_branch_operator']) retrieved from /home/airflow/.local/lib/python3.7/site-packages/airflow/example_dags/example_branch_operator.py
[2022-04-07 23:56:05,478] {logging_mixin.py:109} INFO - [2022-04-07 23:56:05,478] {dag.py:2396} INFO - Sync 1 DAGs
[2022-04-07 23:56:05,502] {logging_mixin.py:109} INFO - [2022-04-07 23:56:05,502] {dag.py:2935} INFO - Setting next_dagrun for example_branch_operator to 2022-04-06 00:00:00+00:00
[2022-04-07 23:56:05,510] {processor.py:171} INFO - Processing /home/airflow/.local/lib/python3.7/site-packages/airflow/example_dags/example_branch_operator.py took 0.091 seconds
[2022-04-07 23:56:36,222] {processor.py:163} INFO - Started process (PID=1634) to work on /home/airflow/.local/lib/python3.7/site-packages/airflow/example_dags/example_branch_operator.py
[2022-04-07 23:56:36,224] {processor.py:642} INFO - Processing file /home/airflow/.local/lib/python3.7/site-packages/airflow/example_dags/example_branch_operator.py for tasks to queue
[2022-04-07 23:56:36,225] {logging_mixin.py:109} INFO - [2022-04-07 23:56:36,225] {dagbag.py:500} INFO - Filling up the DagBag from /home/airflow/.local/lib/python3.7/site-packages/airflow/example_dags/example_branch_operator.py
[2022-04-07 23:56:36,271] {processor.py:654} INFO - DAG(s) dict_keys(['example_branch_operator']) retrieved from /home/airflow/.local/lib/python3.7/site-packages/airflow/example_dags/example_branch_operator.py
[2022-04-07 23:56:36,287] {logging_mixin.py:109} INFO - [2022-04-07 23:56:36,287] {dag.py:2396} INFO - Sync 1 DAGs
[2022-04-07 23:56:36,313] {logging_mixin.py:109} INFO - [2022-04-07 23:56:36,313] {dag.py:2935} INFO - Setting next_dagrun for example_branch_operator to 2022-04-06 00:00:00+00:00
[2022-04-07 23:56:36,324] {processor.py:171} INFO - Processing /home/airflow/.local/lib/python3.7/site-packages/airflow/example_dags/example_branch_operator.py took 0.108 seconds
[2022-04-07 23:57:07,227] {processor.py:163} INFO - Started process (PID=1687) to work on /home/airflow/.local/lib/python3.7/site-packages/airflow/example_dags/example_branch_operator.py
[2022-04-07 23:57:07,229] {processor.py:642} INFO - Processing file /home/airflow/.local/lib/python3.7/site-packages/airflow/example_dags/example_branch_operator.py for tasks to queue
[2022-04-07 23:57:07,230] {logging_mixin.py:109} INFO - [2022-04-07 23:57:07,229] {dagbag.py:500} INFO - Filling up the DagBag from /home/airflow/.local/lib/python3.7/site-packages/airflow/example_dags/example_branch_operator.py
[2022-04-07 23:57:07,265] {processor.py:654} INFO - DAG(s) dict_keys(['example_branch_operator']) retrieved from /home/airflow/.local/lib/python3.7/site-packages/airflow/example_dags/example_branch_operator.py
[2022-04-07 23:57:07,276] {logging_mixin.py:109} INFO - [2022-04-07 23:57:07,276] {dag.py:2396} INFO - Sync 1 DAGs
[2022-04-07 23:57:07,293] {logging_mixin.py:109} INFO - [2022-04-07 23:57:07,293] {dag.py:2935} INFO - Setting next_dagrun for example_branch_operator to 2022-04-06 00:00:00+00:00
[2022-04-07 23:57:07,301] {processor.py:171} INFO - Processing /home/airflow/.local/lib/python3.7/site-packages/airflow/example_dags/example_branch_operator.py took 0.080 seconds
[2022-04-07 23:57:37,627] {processor.py:163} INFO - Started process (PID=1749) to work on /home/airflow/.local/lib/python3.7/site-packages/airflow/example_dags/example_branch_operator.py
[2022-04-07 23:57:37,629] {processor.py:642} INFO - Processing file /home/airflow/.local/lib/python3.7/site-packages/airflow/example_dags/example_branch_operator.py for tasks to queue
[2022-04-07 23:57:37,630] {logging_mixin.py:109} INFO - [2022-04-07 23:57:37,630] {dagbag.py:500} INFO - Filling up the DagBag from /home/airflow/.local/lib/python3.7/site-packages/airflow/example_dags/example_branch_operator.py
[2022-04-07 23:57:37,684] {processor.py:654} INFO - DAG(s) dict_keys(['example_branch_operator']) retrieved from /home/airflow/.local/lib/python3.7/site-packages/airflow/example_dags/example_branch_operator.py
[2022-04-07 23:57:37,703] {logging_mixin.py:109} INFO - [2022-04-07 23:57:37,703] {dag.py:2396} INFO - Sync 1 DAGs
[2022-04-07 23:57:37,729] {logging_mixin.py:109} INFO - [2022-04-07 23:57:37,729] {dag.py:2935} INFO - Setting next_dagrun for example_branch_operator to 2022-04-06 00:00:00+00:00
[2022-04-07 23:57:37,740] {processor.py:171} INFO - Processing /home/airflow/.local/lib/python3.7/site-packages/airflow/example_dags/example_branch_operator.py took 0.119 seconds
[2022-04-07 23:58:08,461] {processor.py:163} INFO - Started process (PID=1801) to work on /home/airflow/.local/lib/python3.7/site-packages/airflow/example_dags/example_branch_operator.py
[2022-04-07 23:58:08,463] {processor.py:642} INFO - Processing file /home/airflow/.local/lib/python3.7/site-packages/airflow/example_dags/example_branch_operator.py for tasks to queue
[2022-04-07 23:58:08,464] {logging_mixin.py:109} INFO - [2022-04-07 23:58:08,464] {dagbag.py:500} INFO - Filling up the DagBag from /home/airflow/.local/lib/python3.7/site-packages/airflow/example_dags/example_branch_operator.py
[2022-04-07 23:58:08,503] {processor.py:654} INFO - DAG(s) dict_keys(['example_branch_operator']) retrieved from /home/airflow/.local/lib/python3.7/site-packages/airflow/example_dags/example_branch_operator.py
[2022-04-07 23:58:08,514] {logging_mixin.py:109} INFO - [2022-04-07 23:58:08,514] {dag.py:2396} INFO - Sync 1 DAGs
[2022-04-07 23:58:08,533] {logging_mixin.py:109} INFO - [2022-04-07 23:58:08,533] {dag.py:2935} INFO - Setting next_dagrun for example_branch_operator to 2022-04-06 00:00:00+00:00
[2022-04-07 23:58:08,542] {processor.py:171} INFO - Processing /home/airflow/.local/lib/python3.7/site-packages/airflow/example_dags/example_branch_operator.py took 0.085 seconds
[2022-04-07 23:58:39,329] {processor.py:163} INFO - Started process (PID=1865) to work on /home/airflow/.local/lib/python3.7/site-packages/airflow/example_dags/example_branch_operator.py
[2022-04-07 23:58:39,332] {processor.py:642} INFO - Processing file /home/airflow/.local/lib/python3.7/site-packages/airflow/example_dags/example_branch_operator.py for tasks to queue
[2022-04-07 23:58:39,333] {logging_mixin.py:109} INFO - [2022-04-07 23:58:39,333] {dagbag.py:500} INFO - Filling up the DagBag from /home/airflow/.local/lib/python3.7/site-packages/airflow/example_dags/example_branch_operator.py
[2022-04-07 23:58:39,382] {processor.py:654} INFO - DAG(s) dict_keys(['example_branch_operator']) retrieved from /home/airflow/.local/lib/python3.7/site-packages/airflow/example_dags/example_branch_operator.py
[2022-04-07 23:58:39,399] {logging_mixin.py:109} INFO - [2022-04-07 23:58:39,399] {dag.py:2396} INFO - Sync 1 DAGs
[2022-04-07 23:58:39,425] {logging_mixin.py:109} INFO - [2022-04-07 23:58:39,425] {dag.py:2935} INFO - Setting next_dagrun for example_branch_operator to 2022-04-06 00:00:00+00:00
[2022-04-07 23:58:39,436] {processor.py:171} INFO - Processing /home/airflow/.local/lib/python3.7/site-packages/airflow/example_dags/example_branch_operator.py took 0.113 seconds
[2022-04-07 23:59:09,810] {processor.py:163} INFO - Started process (PID=1918) to work on /home/airflow/.local/lib/python3.7/site-packages/airflow/example_dags/example_branch_operator.py
[2022-04-07 23:59:09,812] {processor.py:642} INFO - Processing file /home/airflow/.local/lib/python3.7/site-packages/airflow/example_dags/example_branch_operator.py for tasks to queue
[2022-04-07 23:59:09,813] {logging_mixin.py:109} INFO - [2022-04-07 23:59:09,813] {dagbag.py:500} INFO - Filling up the DagBag from /home/airflow/.local/lib/python3.7/site-packages/airflow/example_dags/example_branch_operator.py
[2022-04-07 23:59:09,852] {processor.py:654} INFO - DAG(s) dict_keys(['example_branch_operator']) retrieved from /home/airflow/.local/lib/python3.7/site-packages/airflow/example_dags/example_branch_operator.py
[2022-04-07 23:59:09,868] {logging_mixin.py:109} INFO - [2022-04-07 23:59:09,868] {dag.py:2396} INFO - Sync 1 DAGs
[2022-04-07 23:59:09,891] {logging_mixin.py:109} INFO - [2022-04-07 23:59:09,891] {dag.py:2935} INFO - Setting next_dagrun for example_branch_operator to 2022-04-06 00:00:00+00:00
[2022-04-07 23:59:09,899] {processor.py:171} INFO - Processing /home/airflow/.local/lib/python3.7/site-packages/airflow/example_dags/example_branch_operator.py took 0.094 seconds
[2022-04-07 23:59:39,993] {processor.py:163} INFO - Started process (PID=1977) to work on /home/airflow/.local/lib/python3.7/site-packages/airflow/example_dags/example_branch_operator.py
[2022-04-07 23:59:39,995] {processor.py:642} INFO - Processing file /home/airflow/.local/lib/python3.7/site-packages/airflow/example_dags/example_branch_operator.py for tasks to queue
[2022-04-07 23:59:39,996] {logging_mixin.py:109} INFO - [2022-04-07 23:59:39,996] {dagbag.py:500} INFO - Filling up the DagBag from /home/airflow/.local/lib/python3.7/site-packages/airflow/example_dags/example_branch_operator.py
[2022-04-07 23:59:40,036] {processor.py:654} INFO - DAG(s) dict_keys(['example_branch_operator']) retrieved from /home/airflow/.local/lib/python3.7/site-packages/airflow/example_dags/example_branch_operator.py
[2022-04-07 23:59:40,052] {logging_mixin.py:109} INFO - [2022-04-07 23:59:40,052] {dag.py:2396} INFO - Sync 1 DAGs
[2022-04-07 23:59:40,078] {logging_mixin.py:109} INFO - [2022-04-07 23:59:40,078] {dag.py:2935} INFO - Setting next_dagrun for example_branch_operator to 2022-04-06 00:00:00+00:00
[2022-04-07 23:59:40,089] {processor.py:171} INFO - Processing /home/airflow/.local/lib/python3.7/site-packages/airflow/example_dags/example_branch_operator.py took 0.100 seconds
