[2022-04-07 23:43:54,122] {processor.py:163} INFO - Started process (PID=205) to work on /home/airflow/.local/lib/python3.7/site-packages/airflow/example_dags/example_xcomargs.py
[2022-04-07 23:43:54,124] {processor.py:642} INFO - Processing file /home/airflow/.local/lib/python3.7/site-packages/airflow/example_dags/example_xcomargs.py for tasks to queue
[2022-04-07 23:43:54,125] {logging_mixin.py:109} INFO - [2022-04-07 23:43:54,124] {dagbag.py:500} INFO - Filling up the DagBag from /home/airflow/.local/lib/python3.7/site-packages/airflow/example_dags/example_xcomargs.py
[2022-04-07 23:43:54,167] {processor.py:654} INFO - DAG(s) dict_keys(['example_xcom_args', 'example_xcom_args_with_operators']) retrieved from /home/airflow/.local/lib/python3.7/site-packages/airflow/example_dags/example_xcomargs.py
[2022-04-07 23:43:56,072] {logging_mixin.py:109} INFO - [2022-04-07 23:43:56,072] {manager.py:496} INFO - Created Permission View: can read on DAG:example_xcom_args
[2022-04-07 23:43:56,081] {logging_mixin.py:109} INFO - [2022-04-07 23:43:56,081] {manager.py:496} INFO - Created Permission View: can edit on DAG:example_xcom_args
[2022-04-07 23:43:56,099] {logging_mixin.py:109} INFO - [2022-04-07 23:43:56,099] {manager.py:496} INFO - Created Permission View: can read on DAG:example_xcom_args_with_operators
[2022-04-07 23:43:56,109] {logging_mixin.py:109} INFO - [2022-04-07 23:43:56,109] {manager.py:496} INFO - Created Permission View: can edit on DAG:example_xcom_args_with_operators
[2022-04-07 23:43:56,110] {logging_mixin.py:109} INFO - [2022-04-07 23:43:56,109] {dag.py:2396} INFO - Sync 2 DAGs
[2022-04-07 23:43:56,118] {logging_mixin.py:109} INFO - [2022-04-07 23:43:56,118] {dag.py:2415} INFO - Creating ORM DAG for example_xcom_args
[2022-04-07 23:43:56,118] {logging_mixin.py:109} INFO - [2022-04-07 23:43:56,118] {dag.py:2415} INFO - Creating ORM DAG for example_xcom_args_with_operators
[2022-04-07 23:43:56,125] {logging_mixin.py:109} INFO - [2022-04-07 23:43:56,125] {dag.py:2935} INFO - Setting next_dagrun for example_xcom_args to None
[2022-04-07 23:43:56,126] {logging_mixin.py:109} INFO - [2022-04-07 23:43:56,126] {dag.py:2935} INFO - Setting next_dagrun for example_xcom_args_with_operators to None
[2022-04-07 23:43:56,137] {processor.py:171} INFO - Processing /home/airflow/.local/lib/python3.7/site-packages/airflow/example_dags/example_xcomargs.py took 2.019 seconds
[2022-04-07 23:44:26,670] {processor.py:163} INFO - Started process (PID=277) to work on /home/airflow/.local/lib/python3.7/site-packages/airflow/example_dags/example_xcomargs.py
[2022-04-07 23:44:26,671] {processor.py:642} INFO - Processing file /home/airflow/.local/lib/python3.7/site-packages/airflow/example_dags/example_xcomargs.py for tasks to queue
[2022-04-07 23:44:26,672] {logging_mixin.py:109} INFO - [2022-04-07 23:44:26,672] {dagbag.py:500} INFO - Filling up the DagBag from /home/airflow/.local/lib/python3.7/site-packages/airflow/example_dags/example_xcomargs.py
[2022-04-07 23:44:26,713] {processor.py:654} INFO - DAG(s) dict_keys(['example_xcom_args', 'example_xcom_args_with_operators']) retrieved from /home/airflow/.local/lib/python3.7/site-packages/airflow/example_dags/example_xcomargs.py
[2022-04-07 23:44:27,040] {logging_mixin.py:109} INFO - [2022-04-07 23:44:27,040] {dag.py:2396} INFO - Sync 2 DAGs
[2022-04-07 23:44:27,053] {logging_mixin.py:109} INFO - [2022-04-07 23:44:27,053] {dag.py:2935} INFO - Setting next_dagrun for example_xcom_args to None
[2022-04-07 23:44:27,054] {logging_mixin.py:109} INFO - [2022-04-07 23:44:27,054] {dag.py:2935} INFO - Setting next_dagrun for example_xcom_args_with_operators to None
[2022-04-07 23:44:27,063] {processor.py:171} INFO - Processing /home/airflow/.local/lib/python3.7/site-packages/airflow/example_dags/example_xcomargs.py took 0.398 seconds
[2022-04-07 23:44:57,145] {processor.py:163} INFO - Started process (PID=333) to work on /home/airflow/.local/lib/python3.7/site-packages/airflow/example_dags/example_xcomargs.py
[2022-04-07 23:44:57,147] {processor.py:642} INFO - Processing file /home/airflow/.local/lib/python3.7/site-packages/airflow/example_dags/example_xcomargs.py for tasks to queue
[2022-04-07 23:44:57,147] {logging_mixin.py:109} INFO - [2022-04-07 23:44:57,147] {dagbag.py:500} INFO - Filling up the DagBag from /home/airflow/.local/lib/python3.7/site-packages/airflow/example_dags/example_xcomargs.py
[2022-04-07 23:44:57,187] {processor.py:654} INFO - DAG(s) dict_keys(['example_xcom_args', 'example_xcom_args_with_operators']) retrieved from /home/airflow/.local/lib/python3.7/site-packages/airflow/example_dags/example_xcomargs.py
[2022-04-07 23:44:57,494] {logging_mixin.py:109} INFO - [2022-04-07 23:44:57,493] {dag.py:2396} INFO - Sync 2 DAGs
[2022-04-07 23:44:57,506] {logging_mixin.py:109} INFO - [2022-04-07 23:44:57,506] {dag.py:2935} INFO - Setting next_dagrun for example_xcom_args to None
[2022-04-07 23:44:57,507] {logging_mixin.py:109} INFO - [2022-04-07 23:44:57,507] {dag.py:2935} INFO - Setting next_dagrun for example_xcom_args_with_operators to None
[2022-04-07 23:44:57,517] {processor.py:171} INFO - Processing /home/airflow/.local/lib/python3.7/site-packages/airflow/example_dags/example_xcomargs.py took 0.376 seconds
[2022-04-07 23:45:27,577] {processor.py:163} INFO - Started process (PID=393) to work on /home/airflow/.local/lib/python3.7/site-packages/airflow/example_dags/example_xcomargs.py
[2022-04-07 23:45:27,578] {processor.py:642} INFO - Processing file /home/airflow/.local/lib/python3.7/site-packages/airflow/example_dags/example_xcomargs.py for tasks to queue
[2022-04-07 23:45:27,579] {logging_mixin.py:109} INFO - [2022-04-07 23:45:27,579] {dagbag.py:500} INFO - Filling up the DagBag from /home/airflow/.local/lib/python3.7/site-packages/airflow/example_dags/example_xcomargs.py
[2022-04-07 23:45:27,621] {processor.py:654} INFO - DAG(s) dict_keys(['example_xcom_args', 'example_xcom_args_with_operators']) retrieved from /home/airflow/.local/lib/python3.7/site-packages/airflow/example_dags/example_xcomargs.py
[2022-04-07 23:45:27,931] {logging_mixin.py:109} INFO - [2022-04-07 23:45:27,931] {dag.py:2396} INFO - Sync 2 DAGs
[2022-04-07 23:45:27,945] {logging_mixin.py:109} INFO - [2022-04-07 23:45:27,945] {dag.py:2935} INFO - Setting next_dagrun for example_xcom_args to None
[2022-04-07 23:45:27,945] {logging_mixin.py:109} INFO - [2022-04-07 23:45:27,945] {dag.py:2935} INFO - Setting next_dagrun for example_xcom_args_with_operators to None
[2022-04-07 23:45:27,955] {processor.py:171} INFO - Processing /home/airflow/.local/lib/python3.7/site-packages/airflow/example_dags/example_xcomargs.py took 0.382 seconds
[2022-04-07 23:45:58,047] {processor.py:163} INFO - Started process (PID=445) to work on /home/airflow/.local/lib/python3.7/site-packages/airflow/example_dags/example_xcomargs.py
[2022-04-07 23:45:58,049] {processor.py:642} INFO - Processing file /home/airflow/.local/lib/python3.7/site-packages/airflow/example_dags/example_xcomargs.py for tasks to queue
[2022-04-07 23:45:58,049] {logging_mixin.py:109} INFO - [2022-04-07 23:45:58,049] {dagbag.py:500} INFO - Filling up the DagBag from /home/airflow/.local/lib/python3.7/site-packages/airflow/example_dags/example_xcomargs.py
[2022-04-07 23:45:58,086] {processor.py:654} INFO - DAG(s) dict_keys(['example_xcom_args', 'example_xcom_args_with_operators']) retrieved from /home/airflow/.local/lib/python3.7/site-packages/airflow/example_dags/example_xcomargs.py
[2022-04-07 23:45:58,389] {logging_mixin.py:109} INFO - [2022-04-07 23:45:58,389] {dag.py:2396} INFO - Sync 2 DAGs
[2022-04-07 23:45:58,402] {logging_mixin.py:109} INFO - [2022-04-07 23:45:58,402] {dag.py:2935} INFO - Setting next_dagrun for example_xcom_args to None
[2022-04-07 23:45:58,402] {logging_mixin.py:109} INFO - [2022-04-07 23:45:58,402] {dag.py:2935} INFO - Setting next_dagrun for example_xcom_args_with_operators to None
[2022-04-07 23:45:58,412] {processor.py:171} INFO - Processing /home/airflow/.local/lib/python3.7/site-packages/airflow/example_dags/example_xcomargs.py took 0.370 seconds
[2022-04-07 23:46:29,224] {processor.py:163} INFO - Started process (PID=506) to work on /home/airflow/.local/lib/python3.7/site-packages/airflow/example_dags/example_xcomargs.py
[2022-04-07 23:46:29,225] {processor.py:642} INFO - Processing file /home/airflow/.local/lib/python3.7/site-packages/airflow/example_dags/example_xcomargs.py for tasks to queue
[2022-04-07 23:46:29,226] {logging_mixin.py:109} INFO - [2022-04-07 23:46:29,226] {dagbag.py:500} INFO - Filling up the DagBag from /home/airflow/.local/lib/python3.7/site-packages/airflow/example_dags/example_xcomargs.py
[2022-04-07 23:46:29,264] {processor.py:654} INFO - DAG(s) dict_keys(['example_xcom_args', 'example_xcom_args_with_operators']) retrieved from /home/airflow/.local/lib/python3.7/site-packages/airflow/example_dags/example_xcomargs.py
[2022-04-07 23:46:29,564] {logging_mixin.py:109} INFO - [2022-04-07 23:46:29,564] {dag.py:2396} INFO - Sync 2 DAGs
[2022-04-07 23:46:29,577] {logging_mixin.py:109} INFO - [2022-04-07 23:46:29,577] {dag.py:2935} INFO - Setting next_dagrun for example_xcom_args to None
[2022-04-07 23:46:29,577] {logging_mixin.py:109} INFO - [2022-04-07 23:46:29,577] {dag.py:2935} INFO - Setting next_dagrun for example_xcom_args_with_operators to None
[2022-04-07 23:46:29,586] {processor.py:171} INFO - Processing /home/airflow/.local/lib/python3.7/site-packages/airflow/example_dags/example_xcomargs.py took 0.367 seconds
[2022-04-07 23:47:00,421] {processor.py:163} INFO - Started process (PID=558) to work on /home/airflow/.local/lib/python3.7/site-packages/airflow/example_dags/example_xcomargs.py
[2022-04-07 23:47:00,423] {processor.py:642} INFO - Processing file /home/airflow/.local/lib/python3.7/site-packages/airflow/example_dags/example_xcomargs.py for tasks to queue
[2022-04-07 23:47:00,424] {logging_mixin.py:109} INFO - [2022-04-07 23:47:00,424] {dagbag.py:500} INFO - Filling up the DagBag from /home/airflow/.local/lib/python3.7/site-packages/airflow/example_dags/example_xcomargs.py
[2022-04-07 23:47:00,472] {processor.py:654} INFO - DAG(s) dict_keys(['example_xcom_args', 'example_xcom_args_with_operators']) retrieved from /home/airflow/.local/lib/python3.7/site-packages/airflow/example_dags/example_xcomargs.py
[2022-04-07 23:47:00,769] {logging_mixin.py:109} INFO - [2022-04-07 23:47:00,769] {dag.py:2396} INFO - Sync 2 DAGs
[2022-04-07 23:47:00,782] {logging_mixin.py:109} INFO - [2022-04-07 23:47:00,782] {dag.py:2935} INFO - Setting next_dagrun for example_xcom_args to None
[2022-04-07 23:47:00,782] {logging_mixin.py:109} INFO - [2022-04-07 23:47:00,782] {dag.py:2935} INFO - Setting next_dagrun for example_xcom_args_with_operators to None
[2022-04-07 23:47:00,792] {processor.py:171} INFO - Processing /home/airflow/.local/lib/python3.7/site-packages/airflow/example_dags/example_xcomargs.py took 0.375 seconds
[2022-04-07 23:47:31,703] {processor.py:163} INFO - Started process (PID=621) to work on /home/airflow/.local/lib/python3.7/site-packages/airflow/example_dags/example_xcomargs.py
[2022-04-07 23:47:31,704] {processor.py:642} INFO - Processing file /home/airflow/.local/lib/python3.7/site-packages/airflow/example_dags/example_xcomargs.py for tasks to queue
[2022-04-07 23:47:31,705] {logging_mixin.py:109} INFO - [2022-04-07 23:47:31,705] {dagbag.py:500} INFO - Filling up the DagBag from /home/airflow/.local/lib/python3.7/site-packages/airflow/example_dags/example_xcomargs.py
[2022-04-07 23:47:31,742] {processor.py:654} INFO - DAG(s) dict_keys(['example_xcom_args', 'example_xcom_args_with_operators']) retrieved from /home/airflow/.local/lib/python3.7/site-packages/airflow/example_dags/example_xcomargs.py
[2022-04-07 23:47:32,047] {logging_mixin.py:109} INFO - [2022-04-07 23:47:32,047] {dag.py:2396} INFO - Sync 2 DAGs
[2022-04-07 23:47:32,060] {logging_mixin.py:109} INFO - [2022-04-07 23:47:32,060] {dag.py:2935} INFO - Setting next_dagrun for example_xcom_args to None
[2022-04-07 23:47:32,060] {logging_mixin.py:109} INFO - [2022-04-07 23:47:32,060] {dag.py:2935} INFO - Setting next_dagrun for example_xcom_args_with_operators to None
[2022-04-07 23:47:32,070] {processor.py:171} INFO - Processing /home/airflow/.local/lib/python3.7/site-packages/airflow/example_dags/example_xcomargs.py took 0.370 seconds
[2022-04-07 23:48:03,027] {processor.py:163} INFO - Started process (PID=681) to work on /home/airflow/.local/lib/python3.7/site-packages/airflow/example_dags/example_xcomargs.py
[2022-04-07 23:48:03,029] {processor.py:642} INFO - Processing file /home/airflow/.local/lib/python3.7/site-packages/airflow/example_dags/example_xcomargs.py for tasks to queue
[2022-04-07 23:48:03,030] {logging_mixin.py:109} INFO - [2022-04-07 23:48:03,030] {dagbag.py:500} INFO - Filling up the DagBag from /home/airflow/.local/lib/python3.7/site-packages/airflow/example_dags/example_xcomargs.py
[2022-04-07 23:48:03,078] {processor.py:654} INFO - DAG(s) dict_keys(['example_xcom_args', 'example_xcom_args_with_operators']) retrieved from /home/airflow/.local/lib/python3.7/site-packages/airflow/example_dags/example_xcomargs.py
[2022-04-07 23:48:03,382] {logging_mixin.py:109} INFO - [2022-04-07 23:48:03,381] {dag.py:2396} INFO - Sync 2 DAGs
[2022-04-07 23:48:03,394] {logging_mixin.py:109} INFO - [2022-04-07 23:48:03,394] {dag.py:2935} INFO - Setting next_dagrun for example_xcom_args to None
[2022-04-07 23:48:03,395] {logging_mixin.py:109} INFO - [2022-04-07 23:48:03,395] {dag.py:2935} INFO - Setting next_dagrun for example_xcom_args_with_operators to None
[2022-04-07 23:48:03,405] {processor.py:171} INFO - Processing /home/airflow/.local/lib/python3.7/site-packages/airflow/example_dags/example_xcomargs.py took 0.382 seconds
[2022-04-07 23:48:34,293] {processor.py:163} INFO - Started process (PID=734) to work on /home/airflow/.local/lib/python3.7/site-packages/airflow/example_dags/example_xcomargs.py
[2022-04-07 23:48:34,295] {processor.py:642} INFO - Processing file /home/airflow/.local/lib/python3.7/site-packages/airflow/example_dags/example_xcomargs.py for tasks to queue
[2022-04-07 23:48:34,296] {logging_mixin.py:109} INFO - [2022-04-07 23:48:34,296] {dagbag.py:500} INFO - Filling up the DagBag from /home/airflow/.local/lib/python3.7/site-packages/airflow/example_dags/example_xcomargs.py
[2022-04-07 23:48:34,346] {processor.py:654} INFO - DAG(s) dict_keys(['example_xcom_args', 'example_xcom_args_with_operators']) retrieved from /home/airflow/.local/lib/python3.7/site-packages/airflow/example_dags/example_xcomargs.py
[2022-04-07 23:48:34,664] {logging_mixin.py:109} INFO - [2022-04-07 23:48:34,664] {dag.py:2396} INFO - Sync 2 DAGs
[2022-04-07 23:48:34,677] {logging_mixin.py:109} INFO - [2022-04-07 23:48:34,677] {dag.py:2935} INFO - Setting next_dagrun for example_xcom_args to None
[2022-04-07 23:48:34,677] {logging_mixin.py:109} INFO - [2022-04-07 23:48:34,677] {dag.py:2935} INFO - Setting next_dagrun for example_xcom_args_with_operators to None
[2022-04-07 23:48:34,687] {processor.py:171} INFO - Processing /home/airflow/.local/lib/python3.7/site-packages/airflow/example_dags/example_xcomargs.py took 0.397 seconds
[2022-04-07 23:49:05,564] {processor.py:163} INFO - Started process (PID=800) to work on /home/airflow/.local/lib/python3.7/site-packages/airflow/example_dags/example_xcomargs.py
[2022-04-07 23:49:05,566] {processor.py:642} INFO - Processing file /home/airflow/.local/lib/python3.7/site-packages/airflow/example_dags/example_xcomargs.py for tasks to queue
[2022-04-07 23:49:05,567] {logging_mixin.py:109} INFO - [2022-04-07 23:49:05,567] {dagbag.py:500} INFO - Filling up the DagBag from /home/airflow/.local/lib/python3.7/site-packages/airflow/example_dags/example_xcomargs.py
[2022-04-07 23:49:05,606] {processor.py:654} INFO - DAG(s) dict_keys(['example_xcom_args', 'example_xcom_args_with_operators']) retrieved from /home/airflow/.local/lib/python3.7/site-packages/airflow/example_dags/example_xcomargs.py
[2022-04-07 23:49:05,910] {logging_mixin.py:109} INFO - [2022-04-07 23:49:05,910] {dag.py:2396} INFO - Sync 2 DAGs
[2022-04-07 23:49:05,923] {logging_mixin.py:109} INFO - [2022-04-07 23:49:05,923] {dag.py:2935} INFO - Setting next_dagrun for example_xcom_args to None
[2022-04-07 23:49:05,923] {logging_mixin.py:109} INFO - [2022-04-07 23:49:05,923] {dag.py:2935} INFO - Setting next_dagrun for example_xcom_args_with_operators to None
[2022-04-07 23:49:05,933] {processor.py:171} INFO - Processing /home/airflow/.local/lib/python3.7/site-packages/airflow/example_dags/example_xcomargs.py took 0.373 seconds
[2022-04-07 23:49:35,971] {processor.py:163} INFO - Started process (PID=851) to work on /home/airflow/.local/lib/python3.7/site-packages/airflow/example_dags/example_xcomargs.py
[2022-04-07 23:49:35,973] {processor.py:642} INFO - Processing file /home/airflow/.local/lib/python3.7/site-packages/airflow/example_dags/example_xcomargs.py for tasks to queue
[2022-04-07 23:49:35,974] {logging_mixin.py:109} INFO - [2022-04-07 23:49:35,974] {dagbag.py:500} INFO - Filling up the DagBag from /home/airflow/.local/lib/python3.7/site-packages/airflow/example_dags/example_xcomargs.py
[2022-04-07 23:49:36,020] {processor.py:654} INFO - DAG(s) dict_keys(['example_xcom_args', 'example_xcom_args_with_operators']) retrieved from /home/airflow/.local/lib/python3.7/site-packages/airflow/example_dags/example_xcomargs.py
[2022-04-07 23:49:36,317] {logging_mixin.py:109} INFO - [2022-04-07 23:49:36,317] {dag.py:2396} INFO - Sync 2 DAGs
[2022-04-07 23:49:36,330] {logging_mixin.py:109} INFO - [2022-04-07 23:49:36,330] {dag.py:2935} INFO - Setting next_dagrun for example_xcom_args to None
[2022-04-07 23:49:36,331] {logging_mixin.py:109} INFO - [2022-04-07 23:49:36,331] {dag.py:2935} INFO - Setting next_dagrun for example_xcom_args_with_operators to None
[2022-04-07 23:49:36,340] {processor.py:171} INFO - Processing /home/airflow/.local/lib/python3.7/site-packages/airflow/example_dags/example_xcomargs.py took 0.374 seconds
[2022-04-07 23:50:07,004] {processor.py:163} INFO - Started process (PID=912) to work on /home/airflow/.local/lib/python3.7/site-packages/airflow/example_dags/example_xcomargs.py
[2022-04-07 23:50:07,006] {processor.py:642} INFO - Processing file /home/airflow/.local/lib/python3.7/site-packages/airflow/example_dags/example_xcomargs.py for tasks to queue
[2022-04-07 23:50:07,006] {logging_mixin.py:109} INFO - [2022-04-07 23:50:07,006] {dagbag.py:500} INFO - Filling up the DagBag from /home/airflow/.local/lib/python3.7/site-packages/airflow/example_dags/example_xcomargs.py
[2022-04-07 23:50:07,044] {processor.py:654} INFO - DAG(s) dict_keys(['example_xcom_args', 'example_xcom_args_with_operators']) retrieved from /home/airflow/.local/lib/python3.7/site-packages/airflow/example_dags/example_xcomargs.py
[2022-04-07 23:50:07,358] {logging_mixin.py:109} INFO - [2022-04-07 23:50:07,358] {dag.py:2396} INFO - Sync 2 DAGs
[2022-04-07 23:50:07,371] {logging_mixin.py:109} INFO - [2022-04-07 23:50:07,371] {dag.py:2935} INFO - Setting next_dagrun for example_xcom_args to None
[2022-04-07 23:50:07,371] {logging_mixin.py:109} INFO - [2022-04-07 23:50:07,371] {dag.py:2935} INFO - Setting next_dagrun for example_xcom_args_with_operators to None
[2022-04-07 23:50:07,381] {processor.py:171} INFO - Processing /home/airflow/.local/lib/python3.7/site-packages/airflow/example_dags/example_xcomargs.py took 0.381 seconds
[2022-04-07 23:50:37,752] {processor.py:163} INFO - Started process (PID=966) to work on /home/airflow/.local/lib/python3.7/site-packages/airflow/example_dags/example_xcomargs.py
[2022-04-07 23:50:37,753] {processor.py:642} INFO - Processing file /home/airflow/.local/lib/python3.7/site-packages/airflow/example_dags/example_xcomargs.py for tasks to queue
[2022-04-07 23:50:37,754] {logging_mixin.py:109} INFO - [2022-04-07 23:50:37,754] {dagbag.py:500} INFO - Filling up the DagBag from /home/airflow/.local/lib/python3.7/site-packages/airflow/example_dags/example_xcomargs.py
[2022-04-07 23:50:37,800] {processor.py:654} INFO - DAG(s) dict_keys(['example_xcom_args', 'example_xcom_args_with_operators']) retrieved from /home/airflow/.local/lib/python3.7/site-packages/airflow/example_dags/example_xcomargs.py
[2022-04-07 23:50:38,123] {logging_mixin.py:109} INFO - [2022-04-07 23:50:38,122] {dag.py:2396} INFO - Sync 2 DAGs
[2022-04-07 23:50:38,139] {logging_mixin.py:109} INFO - [2022-04-07 23:50:38,139] {dag.py:2935} INFO - Setting next_dagrun for example_xcom_args to None
[2022-04-07 23:50:38,140] {logging_mixin.py:109} INFO - [2022-04-07 23:50:38,139] {dag.py:2935} INFO - Setting next_dagrun for example_xcom_args_with_operators to None
[2022-04-07 23:50:38,150] {processor.py:171} INFO - Processing /home/airflow/.local/lib/python3.7/site-packages/airflow/example_dags/example_xcomargs.py took 0.403 seconds
[2022-04-07 23:51:08,301] {processor.py:163} INFO - Started process (PID=1027) to work on /home/airflow/.local/lib/python3.7/site-packages/airflow/example_dags/example_xcomargs.py
[2022-04-07 23:51:08,303] {processor.py:642} INFO - Processing file /home/airflow/.local/lib/python3.7/site-packages/airflow/example_dags/example_xcomargs.py for tasks to queue
[2022-04-07 23:51:08,304] {logging_mixin.py:109} INFO - [2022-04-07 23:51:08,304] {dagbag.py:500} INFO - Filling up the DagBag from /home/airflow/.local/lib/python3.7/site-packages/airflow/example_dags/example_xcomargs.py
[2022-04-07 23:51:08,343] {processor.py:654} INFO - DAG(s) dict_keys(['example_xcom_args', 'example_xcom_args_with_operators']) retrieved from /home/airflow/.local/lib/python3.7/site-packages/airflow/example_dags/example_xcomargs.py
[2022-04-07 23:51:08,655] {logging_mixin.py:109} INFO - [2022-04-07 23:51:08,654] {dag.py:2396} INFO - Sync 2 DAGs
[2022-04-07 23:51:08,668] {logging_mixin.py:109} INFO - [2022-04-07 23:51:08,668] {dag.py:2935} INFO - Setting next_dagrun for example_xcom_args to None
[2022-04-07 23:51:08,669] {logging_mixin.py:109} INFO - [2022-04-07 23:51:08,669] {dag.py:2935} INFO - Setting next_dagrun for example_xcom_args_with_operators to None
[2022-04-07 23:51:08,679] {processor.py:171} INFO - Processing /home/airflow/.local/lib/python3.7/site-packages/airflow/example_dags/example_xcomargs.py took 0.382 seconds
[2022-04-07 23:51:38,800] {processor.py:163} INFO - Started process (PID=1079) to work on /home/airflow/.local/lib/python3.7/site-packages/airflow/example_dags/example_xcomargs.py
[2022-04-07 23:51:38,805] {processor.py:642} INFO - Processing file /home/airflow/.local/lib/python3.7/site-packages/airflow/example_dags/example_xcomargs.py for tasks to queue
[2022-04-07 23:51:38,806] {logging_mixin.py:109} INFO - [2022-04-07 23:51:38,806] {dagbag.py:500} INFO - Filling up the DagBag from /home/airflow/.local/lib/python3.7/site-packages/airflow/example_dags/example_xcomargs.py
[2022-04-07 23:51:38,858] {processor.py:654} INFO - DAG(s) dict_keys(['example_xcom_args', 'example_xcom_args_with_operators']) retrieved from /home/airflow/.local/lib/python3.7/site-packages/airflow/example_dags/example_xcomargs.py
[2022-04-07 23:51:39,271] {logging_mixin.py:109} INFO - [2022-04-07 23:51:39,271] {dag.py:2396} INFO - Sync 2 DAGs
[2022-04-07 23:51:39,286] {logging_mixin.py:109} INFO - [2022-04-07 23:51:39,286] {dag.py:2935} INFO - Setting next_dagrun for example_xcom_args to None
[2022-04-07 23:51:39,286] {logging_mixin.py:109} INFO - [2022-04-07 23:51:39,286] {dag.py:2935} INFO - Setting next_dagrun for example_xcom_args_with_operators to None
[2022-04-07 23:51:39,299] {processor.py:171} INFO - Processing /home/airflow/.local/lib/python3.7/site-packages/airflow/example_dags/example_xcomargs.py took 0.505 seconds
[2022-04-07 23:52:10,122] {processor.py:163} INFO - Started process (PID=1141) to work on /home/airflow/.local/lib/python3.7/site-packages/airflow/example_dags/example_xcomargs.py
[2022-04-07 23:52:10,123] {processor.py:642} INFO - Processing file /home/airflow/.local/lib/python3.7/site-packages/airflow/example_dags/example_xcomargs.py for tasks to queue
[2022-04-07 23:52:10,124] {logging_mixin.py:109} INFO - [2022-04-07 23:52:10,124] {dagbag.py:500} INFO - Filling up the DagBag from /home/airflow/.local/lib/python3.7/site-packages/airflow/example_dags/example_xcomargs.py
[2022-04-07 23:52:10,161] {processor.py:654} INFO - DAG(s) dict_keys(['example_xcom_args', 'example_xcom_args_with_operators']) retrieved from /home/airflow/.local/lib/python3.7/site-packages/airflow/example_dags/example_xcomargs.py
[2022-04-07 23:52:10,507] {logging_mixin.py:109} INFO - [2022-04-07 23:52:10,507] {dag.py:2396} INFO - Sync 2 DAGs
[2022-04-07 23:52:10,525] {logging_mixin.py:109} INFO - [2022-04-07 23:52:10,525] {dag.py:2935} INFO - Setting next_dagrun for example_xcom_args to None
[2022-04-07 23:52:10,525] {logging_mixin.py:109} INFO - [2022-04-07 23:52:10,525] {dag.py:2935} INFO - Setting next_dagrun for example_xcom_args_with_operators to None
[2022-04-07 23:52:10,535] {processor.py:171} INFO - Processing /home/airflow/.local/lib/python3.7/site-packages/airflow/example_dags/example_xcomargs.py took 0.418 seconds
[2022-04-07 23:52:41,615] {processor.py:163} INFO - Started process (PID=1194) to work on /home/airflow/.local/lib/python3.7/site-packages/airflow/example_dags/example_xcomargs.py
[2022-04-07 23:52:41,617] {processor.py:642} INFO - Processing file /home/airflow/.local/lib/python3.7/site-packages/airflow/example_dags/example_xcomargs.py for tasks to queue
[2022-04-07 23:52:41,618] {logging_mixin.py:109} INFO - [2022-04-07 23:52:41,618] {dagbag.py:500} INFO - Filling up the DagBag from /home/airflow/.local/lib/python3.7/site-packages/airflow/example_dags/example_xcomargs.py
[2022-04-07 23:52:41,655] {processor.py:654} INFO - DAG(s) dict_keys(['example_xcom_args', 'example_xcom_args_with_operators']) retrieved from /home/airflow/.local/lib/python3.7/site-packages/airflow/example_dags/example_xcomargs.py
[2022-04-07 23:52:41,974] {logging_mixin.py:109} INFO - [2022-04-07 23:52:41,974] {dag.py:2396} INFO - Sync 2 DAGs
[2022-04-07 23:52:41,988] {logging_mixin.py:109} INFO - [2022-04-07 23:52:41,988] {dag.py:2935} INFO - Setting next_dagrun for example_xcom_args to None
[2022-04-07 23:52:41,988] {logging_mixin.py:109} INFO - [2022-04-07 23:52:41,988] {dag.py:2935} INFO - Setting next_dagrun for example_xcom_args_with_operators to None
[2022-04-07 23:52:41,998] {processor.py:171} INFO - Processing /home/airflow/.local/lib/python3.7/site-packages/airflow/example_dags/example_xcomargs.py took 0.387 seconds
[2022-04-07 23:53:12,884] {processor.py:163} INFO - Started process (PID=1254) to work on /home/airflow/.local/lib/python3.7/site-packages/airflow/example_dags/example_xcomargs.py
[2022-04-07 23:53:12,886] {processor.py:642} INFO - Processing file /home/airflow/.local/lib/python3.7/site-packages/airflow/example_dags/example_xcomargs.py for tasks to queue
[2022-04-07 23:53:12,886] {logging_mixin.py:109} INFO - [2022-04-07 23:53:12,886] {dagbag.py:500} INFO - Filling up the DagBag from /home/airflow/.local/lib/python3.7/site-packages/airflow/example_dags/example_xcomargs.py
[2022-04-07 23:53:12,924] {processor.py:654} INFO - DAG(s) dict_keys(['example_xcom_args', 'example_xcom_args_with_operators']) retrieved from /home/airflow/.local/lib/python3.7/site-packages/airflow/example_dags/example_xcomargs.py
[2022-04-07 23:53:13,233] {logging_mixin.py:109} INFO - [2022-04-07 23:53:13,233] {dag.py:2396} INFO - Sync 2 DAGs
[2022-04-07 23:53:13,255] {logging_mixin.py:109} INFO - [2022-04-07 23:53:13,254] {dag.py:2935} INFO - Setting next_dagrun for example_xcom_args to None
[2022-04-07 23:53:13,255] {logging_mixin.py:109} INFO - [2022-04-07 23:53:13,255] {dag.py:2935} INFO - Setting next_dagrun for example_xcom_args_with_operators to None
[2022-04-07 23:53:13,269] {processor.py:171} INFO - Processing /home/airflow/.local/lib/python3.7/site-packages/airflow/example_dags/example_xcomargs.py took 0.389 seconds
[2022-04-07 23:53:44,188] {processor.py:163} INFO - Started process (PID=1307) to work on /home/airflow/.local/lib/python3.7/site-packages/airflow/example_dags/example_xcomargs.py
[2022-04-07 23:53:44,189] {processor.py:642} INFO - Processing file /home/airflow/.local/lib/python3.7/site-packages/airflow/example_dags/example_xcomargs.py for tasks to queue
[2022-04-07 23:53:44,190] {logging_mixin.py:109} INFO - [2022-04-07 23:53:44,190] {dagbag.py:500} INFO - Filling up the DagBag from /home/airflow/.local/lib/python3.7/site-packages/airflow/example_dags/example_xcomargs.py
[2022-04-07 23:53:44,227] {processor.py:654} INFO - DAG(s) dict_keys(['example_xcom_args', 'example_xcom_args_with_operators']) retrieved from /home/airflow/.local/lib/python3.7/site-packages/airflow/example_dags/example_xcomargs.py
[2022-04-07 23:53:44,527] {logging_mixin.py:109} INFO - [2022-04-07 23:53:44,527] {dag.py:2396} INFO - Sync 2 DAGs
[2022-04-07 23:53:44,541] {logging_mixin.py:109} INFO - [2022-04-07 23:53:44,541] {dag.py:2935} INFO - Setting next_dagrun for example_xcom_args to None
[2022-04-07 23:53:44,542] {logging_mixin.py:109} INFO - [2022-04-07 23:53:44,542] {dag.py:2935} INFO - Setting next_dagrun for example_xcom_args_with_operators to None
[2022-04-07 23:53:44,552] {processor.py:171} INFO - Processing /home/airflow/.local/lib/python3.7/site-packages/airflow/example_dags/example_xcomargs.py took 0.368 seconds
[2022-04-07 23:54:14,993] {processor.py:163} INFO - Started process (PID=1368) to work on /home/airflow/.local/lib/python3.7/site-packages/airflow/example_dags/example_xcomargs.py
[2022-04-07 23:54:14,995] {processor.py:642} INFO - Processing file /home/airflow/.local/lib/python3.7/site-packages/airflow/example_dags/example_xcomargs.py for tasks to queue
[2022-04-07 23:54:14,996] {logging_mixin.py:109} INFO - [2022-04-07 23:54:14,995] {dagbag.py:500} INFO - Filling up the DagBag from /home/airflow/.local/lib/python3.7/site-packages/airflow/example_dags/example_xcomargs.py
[2022-04-07 23:54:15,041] {processor.py:654} INFO - DAG(s) dict_keys(['example_xcom_args', 'example_xcom_args_with_operators']) retrieved from /home/airflow/.local/lib/python3.7/site-packages/airflow/example_dags/example_xcomargs.py
[2022-04-07 23:54:15,351] {logging_mixin.py:109} INFO - [2022-04-07 23:54:15,351] {dag.py:2396} INFO - Sync 2 DAGs
[2022-04-07 23:54:15,365] {logging_mixin.py:109} INFO - [2022-04-07 23:54:15,365] {dag.py:2935} INFO - Setting next_dagrun for example_xcom_args to None
[2022-04-07 23:54:15,366] {logging_mixin.py:109} INFO - [2022-04-07 23:54:15,366] {dag.py:2935} INFO - Setting next_dagrun for example_xcom_args_with_operators to None
[2022-04-07 23:54:15,375] {processor.py:171} INFO - Processing /home/airflow/.local/lib/python3.7/site-packages/airflow/example_dags/example_xcomargs.py took 0.386 seconds
[2022-04-07 23:54:45,639] {processor.py:163} INFO - Started process (PID=1420) to work on /home/airflow/.local/lib/python3.7/site-packages/airflow/example_dags/example_xcomargs.py
[2022-04-07 23:54:45,640] {processor.py:642} INFO - Processing file /home/airflow/.local/lib/python3.7/site-packages/airflow/example_dags/example_xcomargs.py for tasks to queue
[2022-04-07 23:54:45,641] {logging_mixin.py:109} INFO - [2022-04-07 23:54:45,641] {dagbag.py:500} INFO - Filling up the DagBag from /home/airflow/.local/lib/python3.7/site-packages/airflow/example_dags/example_xcomargs.py
[2022-04-07 23:54:45,678] {processor.py:654} INFO - DAG(s) dict_keys(['example_xcom_args', 'example_xcom_args_with_operators']) retrieved from /home/airflow/.local/lib/python3.7/site-packages/airflow/example_dags/example_xcomargs.py
[2022-04-07 23:54:45,982] {logging_mixin.py:109} INFO - [2022-04-07 23:54:45,982] {dag.py:2396} INFO - Sync 2 DAGs
[2022-04-07 23:54:45,997] {logging_mixin.py:109} INFO - [2022-04-07 23:54:45,997] {dag.py:2935} INFO - Setting next_dagrun for example_xcom_args to None
[2022-04-07 23:54:45,998] {logging_mixin.py:109} INFO - [2022-04-07 23:54:45,998] {dag.py:2935} INFO - Setting next_dagrun for example_xcom_args_with_operators to None
[2022-04-07 23:54:46,008] {processor.py:171} INFO - Processing /home/airflow/.local/lib/python3.7/site-packages/airflow/example_dags/example_xcomargs.py took 0.373 seconds
[2022-04-07 23:55:16,574] {processor.py:163} INFO - Started process (PID=1483) to work on /home/airflow/.local/lib/python3.7/site-packages/airflow/example_dags/example_xcomargs.py
[2022-04-07 23:55:16,576] {processor.py:642} INFO - Processing file /home/airflow/.local/lib/python3.7/site-packages/airflow/example_dags/example_xcomargs.py for tasks to queue
[2022-04-07 23:55:16,577] {logging_mixin.py:109} INFO - [2022-04-07 23:55:16,577] {dagbag.py:500} INFO - Filling up the DagBag from /home/airflow/.local/lib/python3.7/site-packages/airflow/example_dags/example_xcomargs.py
[2022-04-07 23:55:16,629] {processor.py:654} INFO - DAG(s) dict_keys(['example_xcom_args', 'example_xcom_args_with_operators']) retrieved from /home/airflow/.local/lib/python3.7/site-packages/airflow/example_dags/example_xcomargs.py
[2022-04-07 23:55:16,941] {logging_mixin.py:109} INFO - [2022-04-07 23:55:16,941] {dag.py:2396} INFO - Sync 2 DAGs
[2022-04-07 23:55:16,954] {logging_mixin.py:109} INFO - [2022-04-07 23:55:16,954] {dag.py:2935} INFO - Setting next_dagrun for example_xcom_args to None
[2022-04-07 23:55:16,955] {logging_mixin.py:109} INFO - [2022-04-07 23:55:16,955] {dag.py:2935} INFO - Setting next_dagrun for example_xcom_args_with_operators to None
[2022-04-07 23:55:16,965] {processor.py:171} INFO - Processing /home/airflow/.local/lib/python3.7/site-packages/airflow/example_dags/example_xcomargs.py took 0.397 seconds
[2022-04-07 23:55:47,794] {processor.py:163} INFO - Started process (PID=1545) to work on /home/airflow/.local/lib/python3.7/site-packages/airflow/example_dags/example_xcomargs.py
[2022-04-07 23:55:47,796] {processor.py:642} INFO - Processing file /home/airflow/.local/lib/python3.7/site-packages/airflow/example_dags/example_xcomargs.py for tasks to queue
[2022-04-07 23:55:47,797] {logging_mixin.py:109} INFO - [2022-04-07 23:55:47,797] {dagbag.py:500} INFO - Filling up the DagBag from /home/airflow/.local/lib/python3.7/site-packages/airflow/example_dags/example_xcomargs.py
[2022-04-07 23:55:47,850] {processor.py:654} INFO - DAG(s) dict_keys(['example_xcom_args', 'example_xcom_args_with_operators']) retrieved from /home/airflow/.local/lib/python3.7/site-packages/airflow/example_dags/example_xcomargs.py
[2022-04-07 23:55:48,189] {logging_mixin.py:109} INFO - [2022-04-07 23:55:48,188] {dag.py:2396} INFO - Sync 2 DAGs
[2022-04-07 23:55:48,202] {logging_mixin.py:109} INFO - [2022-04-07 23:55:48,202] {dag.py:2935} INFO - Setting next_dagrun for example_xcom_args to None
[2022-04-07 23:55:48,203] {logging_mixin.py:109} INFO - [2022-04-07 23:55:48,202] {dag.py:2935} INFO - Setting next_dagrun for example_xcom_args_with_operators to None
[2022-04-07 23:55:48,213] {processor.py:171} INFO - Processing /home/airflow/.local/lib/python3.7/site-packages/airflow/example_dags/example_xcomargs.py took 0.424 seconds
[2022-04-07 23:56:19,131] {processor.py:163} INFO - Started process (PID=1595) to work on /home/airflow/.local/lib/python3.7/site-packages/airflow/example_dags/example_xcomargs.py
[2022-04-07 23:56:19,133] {processor.py:642} INFO - Processing file /home/airflow/.local/lib/python3.7/site-packages/airflow/example_dags/example_xcomargs.py for tasks to queue
[2022-04-07 23:56:19,134] {logging_mixin.py:109} INFO - [2022-04-07 23:56:19,134] {dagbag.py:500} INFO - Filling up the DagBag from /home/airflow/.local/lib/python3.7/site-packages/airflow/example_dags/example_xcomargs.py
[2022-04-07 23:56:19,172] {processor.py:654} INFO - DAG(s) dict_keys(['example_xcom_args', 'example_xcom_args_with_operators']) retrieved from /home/airflow/.local/lib/python3.7/site-packages/airflow/example_dags/example_xcomargs.py
[2022-04-07 23:56:19,510] {logging_mixin.py:109} INFO - [2022-04-07 23:56:19,509] {dag.py:2396} INFO - Sync 2 DAGs
[2022-04-07 23:56:19,523] {logging_mixin.py:109} INFO - [2022-04-07 23:56:19,523] {dag.py:2935} INFO - Setting next_dagrun for example_xcom_args to None
[2022-04-07 23:56:19,523] {logging_mixin.py:109} INFO - [2022-04-07 23:56:19,523] {dag.py:2935} INFO - Setting next_dagrun for example_xcom_args_with_operators to None
[2022-04-07 23:56:19,533] {processor.py:171} INFO - Processing /home/airflow/.local/lib/python3.7/site-packages/airflow/example_dags/example_xcomargs.py took 0.407 seconds
[2022-04-07 23:56:50,374] {processor.py:163} INFO - Started process (PID=1659) to work on /home/airflow/.local/lib/python3.7/site-packages/airflow/example_dags/example_xcomargs.py
[2022-04-07 23:56:50,375] {processor.py:642} INFO - Processing file /home/airflow/.local/lib/python3.7/site-packages/airflow/example_dags/example_xcomargs.py for tasks to queue
[2022-04-07 23:56:50,376] {logging_mixin.py:109} INFO - [2022-04-07 23:56:50,376] {dagbag.py:500} INFO - Filling up the DagBag from /home/airflow/.local/lib/python3.7/site-packages/airflow/example_dags/example_xcomargs.py
[2022-04-07 23:56:50,423] {processor.py:654} INFO - DAG(s) dict_keys(['example_xcom_args', 'example_xcom_args_with_operators']) retrieved from /home/airflow/.local/lib/python3.7/site-packages/airflow/example_dags/example_xcomargs.py
[2022-04-07 23:56:50,732] {logging_mixin.py:109} INFO - [2022-04-07 23:56:50,732] {dag.py:2396} INFO - Sync 2 DAGs
[2022-04-07 23:56:50,745] {logging_mixin.py:109} INFO - [2022-04-07 23:56:50,744] {dag.py:2935} INFO - Setting next_dagrun for example_xcom_args to None
[2022-04-07 23:56:50,745] {logging_mixin.py:109} INFO - [2022-04-07 23:56:50,745] {dag.py:2935} INFO - Setting next_dagrun for example_xcom_args_with_operators to None
[2022-04-07 23:56:50,754] {processor.py:171} INFO - Processing /home/airflow/.local/lib/python3.7/site-packages/airflow/example_dags/example_xcomargs.py took 0.384 seconds
[2022-04-07 23:57:20,813] {processor.py:163} INFO - Started process (PID=1711) to work on /home/airflow/.local/lib/python3.7/site-packages/airflow/example_dags/example_xcomargs.py
[2022-04-07 23:57:20,815] {processor.py:642} INFO - Processing file /home/airflow/.local/lib/python3.7/site-packages/airflow/example_dags/example_xcomargs.py for tasks to queue
[2022-04-07 23:57:20,816] {logging_mixin.py:109} INFO - [2022-04-07 23:57:20,816] {dagbag.py:500} INFO - Filling up the DagBag from /home/airflow/.local/lib/python3.7/site-packages/airflow/example_dags/example_xcomargs.py
[2022-04-07 23:57:20,854] {processor.py:654} INFO - DAG(s) dict_keys(['example_xcom_args', 'example_xcom_args_with_operators']) retrieved from /home/airflow/.local/lib/python3.7/site-packages/airflow/example_dags/example_xcomargs.py
[2022-04-07 23:57:21,146] {logging_mixin.py:109} INFO - [2022-04-07 23:57:21,146] {dag.py:2396} INFO - Sync 2 DAGs
[2022-04-07 23:57:21,159] {logging_mixin.py:109} INFO - [2022-04-07 23:57:21,159] {dag.py:2935} INFO - Setting next_dagrun for example_xcom_args to None
[2022-04-07 23:57:21,159] {logging_mixin.py:109} INFO - [2022-04-07 23:57:21,159] {dag.py:2935} INFO - Setting next_dagrun for example_xcom_args_with_operators to None
[2022-04-07 23:57:21,169] {processor.py:171} INFO - Processing /home/airflow/.local/lib/python3.7/site-packages/airflow/example_dags/example_xcomargs.py took 0.361 seconds
[2022-04-07 23:57:51,257] {processor.py:163} INFO - Started process (PID=1774) to work on /home/airflow/.local/lib/python3.7/site-packages/airflow/example_dags/example_xcomargs.py
[2022-04-07 23:57:51,258] {processor.py:642} INFO - Processing file /home/airflow/.local/lib/python3.7/site-packages/airflow/example_dags/example_xcomargs.py for tasks to queue
[2022-04-07 23:57:51,260] {logging_mixin.py:109} INFO - [2022-04-07 23:57:51,259] {dagbag.py:500} INFO - Filling up the DagBag from /home/airflow/.local/lib/python3.7/site-packages/airflow/example_dags/example_xcomargs.py
[2022-04-07 23:57:51,310] {processor.py:654} INFO - DAG(s) dict_keys(['example_xcom_args', 'example_xcom_args_with_operators']) retrieved from /home/airflow/.local/lib/python3.7/site-packages/airflow/example_dags/example_xcomargs.py
[2022-04-07 23:57:51,631] {logging_mixin.py:109} INFO - [2022-04-07 23:57:51,630] {dag.py:2396} INFO - Sync 2 DAGs
[2022-04-07 23:57:51,644] {logging_mixin.py:109} INFO - [2022-04-07 23:57:51,644] {dag.py:2935} INFO - Setting next_dagrun for example_xcom_args to None
[2022-04-07 23:57:51,644] {logging_mixin.py:109} INFO - [2022-04-07 23:57:51,644] {dag.py:2935} INFO - Setting next_dagrun for example_xcom_args_with_operators to None
[2022-04-07 23:57:51,653] {processor.py:171} INFO - Processing /home/airflow/.local/lib/python3.7/site-packages/airflow/example_dags/example_xcomargs.py took 0.402 seconds
[2022-04-07 23:58:22,487] {processor.py:163} INFO - Started process (PID=1827) to work on /home/airflow/.local/lib/python3.7/site-packages/airflow/example_dags/example_xcomargs.py
[2022-04-07 23:58:22,489] {processor.py:642} INFO - Processing file /home/airflow/.local/lib/python3.7/site-packages/airflow/example_dags/example_xcomargs.py for tasks to queue
[2022-04-07 23:58:22,490] {logging_mixin.py:109} INFO - [2022-04-07 23:58:22,490] {dagbag.py:500} INFO - Filling up the DagBag from /home/airflow/.local/lib/python3.7/site-packages/airflow/example_dags/example_xcomargs.py
[2022-04-07 23:58:22,531] {processor.py:654} INFO - DAG(s) dict_keys(['example_xcom_args', 'example_xcom_args_with_operators']) retrieved from /home/airflow/.local/lib/python3.7/site-packages/airflow/example_dags/example_xcomargs.py
[2022-04-07 23:58:22,843] {logging_mixin.py:109} INFO - [2022-04-07 23:58:22,843] {dag.py:2396} INFO - Sync 2 DAGs
[2022-04-07 23:58:22,863] {logging_mixin.py:109} INFO - [2022-04-07 23:58:22,863] {dag.py:2935} INFO - Setting next_dagrun for example_xcom_args to None
[2022-04-07 23:58:22,863] {logging_mixin.py:109} INFO - [2022-04-07 23:58:22,863] {dag.py:2935} INFO - Setting next_dagrun for example_xcom_args_with_operators to None
[2022-04-07 23:58:22,876] {processor.py:171} INFO - Processing /home/airflow/.local/lib/python3.7/site-packages/airflow/example_dags/example_xcomargs.py took 0.394 seconds
[2022-04-07 23:58:52,984] {processor.py:163} INFO - Started process (PID=1890) to work on /home/airflow/.local/lib/python3.7/site-packages/airflow/example_dags/example_xcomargs.py
[2022-04-07 23:58:52,985] {processor.py:642} INFO - Processing file /home/airflow/.local/lib/python3.7/site-packages/airflow/example_dags/example_xcomargs.py for tasks to queue
[2022-04-07 23:58:52,986] {logging_mixin.py:109} INFO - [2022-04-07 23:58:52,986] {dagbag.py:500} INFO - Filling up the DagBag from /home/airflow/.local/lib/python3.7/site-packages/airflow/example_dags/example_xcomargs.py
[2022-04-07 23:58:53,038] {processor.py:654} INFO - DAG(s) dict_keys(['example_xcom_args', 'example_xcom_args_with_operators']) retrieved from /home/airflow/.local/lib/python3.7/site-packages/airflow/example_dags/example_xcomargs.py
[2022-04-07 23:58:53,397] {logging_mixin.py:109} INFO - [2022-04-07 23:58:53,397] {dag.py:2396} INFO - Sync 2 DAGs
[2022-04-07 23:58:53,410] {logging_mixin.py:109} INFO - [2022-04-07 23:58:53,410] {dag.py:2935} INFO - Setting next_dagrun for example_xcom_args to None
[2022-04-07 23:58:53,410] {logging_mixin.py:109} INFO - [2022-04-07 23:58:53,410] {dag.py:2935} INFO - Setting next_dagrun for example_xcom_args_with_operators to None
[2022-04-07 23:58:53,420] {processor.py:171} INFO - Processing /home/airflow/.local/lib/python3.7/site-packages/airflow/example_dags/example_xcomargs.py took 0.442 seconds
[2022-04-07 23:59:23,464] {processor.py:163} INFO - Started process (PID=1941) to work on /home/airflow/.local/lib/python3.7/site-packages/airflow/example_dags/example_xcomargs.py
[2022-04-07 23:59:23,466] {processor.py:642} INFO - Processing file /home/airflow/.local/lib/python3.7/site-packages/airflow/example_dags/example_xcomargs.py for tasks to queue
[2022-04-07 23:59:23,466] {logging_mixin.py:109} INFO - [2022-04-07 23:59:23,466] {dagbag.py:500} INFO - Filling up the DagBag from /home/airflow/.local/lib/python3.7/site-packages/airflow/example_dags/example_xcomargs.py
[2022-04-07 23:59:23,504] {processor.py:654} INFO - DAG(s) dict_keys(['example_xcom_args', 'example_xcom_args_with_operators']) retrieved from /home/airflow/.local/lib/python3.7/site-packages/airflow/example_dags/example_xcomargs.py
[2022-04-07 23:59:23,882] {logging_mixin.py:109} INFO - [2022-04-07 23:59:23,882] {dag.py:2396} INFO - Sync 2 DAGs
[2022-04-07 23:59:23,895] {logging_mixin.py:109} INFO - [2022-04-07 23:59:23,895] {dag.py:2935} INFO - Setting next_dagrun for example_xcom_args to None
[2022-04-07 23:59:23,895] {logging_mixin.py:109} INFO - [2022-04-07 23:59:23,895] {dag.py:2935} INFO - Setting next_dagrun for example_xcom_args_with_operators to None
[2022-04-07 23:59:23,905] {processor.py:171} INFO - Processing /home/airflow/.local/lib/python3.7/site-packages/airflow/example_dags/example_xcomargs.py took 0.446 seconds
[2022-04-07 23:59:54,754] {processor.py:163} INFO - Started process (PID=2002) to work on /home/airflow/.local/lib/python3.7/site-packages/airflow/example_dags/example_xcomargs.py
[2022-04-07 23:59:54,756] {processor.py:642} INFO - Processing file /home/airflow/.local/lib/python3.7/site-packages/airflow/example_dags/example_xcomargs.py for tasks to queue
[2022-04-07 23:59:54,757] {logging_mixin.py:109} INFO - [2022-04-07 23:59:54,757] {dagbag.py:500} INFO - Filling up the DagBag from /home/airflow/.local/lib/python3.7/site-packages/airflow/example_dags/example_xcomargs.py
[2022-04-07 23:59:54,794] {processor.py:654} INFO - DAG(s) dict_keys(['example_xcom_args', 'example_xcom_args_with_operators']) retrieved from /home/airflow/.local/lib/python3.7/site-packages/airflow/example_dags/example_xcomargs.py
[2022-04-07 23:59:55,090] {logging_mixin.py:109} INFO - [2022-04-07 23:59:55,090] {dag.py:2396} INFO - Sync 2 DAGs
[2022-04-07 23:59:55,103] {logging_mixin.py:109} INFO - [2022-04-07 23:59:55,103] {dag.py:2935} INFO - Setting next_dagrun for example_xcom_args to None
[2022-04-07 23:59:55,104] {logging_mixin.py:109} INFO - [2022-04-07 23:59:55,103] {dag.py:2935} INFO - Setting next_dagrun for example_xcom_args_with_operators to None
[2022-04-07 23:59:55,114] {processor.py:171} INFO - Processing /home/airflow/.local/lib/python3.7/site-packages/airflow/example_dags/example_xcomargs.py took 0.364 seconds
