[2022-04-07 23:43:31,490] {processor.py:163} INFO - Started process (PID=95) to work on /home/airflow/.local/lib/python3.7/site-packages/airflow/example_dags/example_branch_labels.py
[2022-04-07 23:43:31,491] {processor.py:642} INFO - Processing file /home/airflow/.local/lib/python3.7/site-packages/airflow/example_dags/example_branch_labels.py for tasks to queue
[2022-04-07 23:43:31,493] {logging_mixin.py:109} INFO - [2022-04-07 23:43:31,492] {dagbag.py:500} INFO - Filling up the DagBag from /home/airflow/.local/lib/python3.7/site-packages/airflow/example_dags/example_branch_labels.py
[2022-04-07 23:43:31,541] {processor.py:654} INFO - DAG(s) dict_keys(['example_branch_labels']) retrieved from /home/airflow/.local/lib/python3.7/site-packages/airflow/example_dags/example_branch_labels.py
[2022-04-07 23:43:33,801] {logging_mixin.py:109} INFO - [2022-04-07 23:43:33,800] {manager.py:496} INFO - Created Permission View: can read on DAG:example_branch_labels
[2022-04-07 23:43:33,808] {logging_mixin.py:109} INFO - [2022-04-07 23:43:33,808] {manager.py:496} INFO - Created Permission View: can edit on DAG:example_branch_labels
[2022-04-07 23:43:33,808] {logging_mixin.py:109} INFO - [2022-04-07 23:43:33,808] {dag.py:2396} INFO - Sync 1 DAGs
[2022-04-07 23:43:33,814] {logging_mixin.py:109} INFO - [2022-04-07 23:43:33,814] {dag.py:2415} INFO - Creating ORM DAG for example_branch_labels
[2022-04-07 23:43:33,822] {logging_mixin.py:109} INFO - [2022-04-07 23:43:33,822] {dag.py:2935} INFO - Setting next_dagrun for example_branch_labels to 2022-04-06 00:00:00+00:00
[2022-04-07 23:43:33,832] {processor.py:171} INFO - Processing /home/airflow/.local/lib/python3.7/site-packages/airflow/example_dags/example_branch_labels.py took 2.348 seconds
[2022-04-07 23:44:03,998] {processor.py:163} INFO - Started process (PID=233) to work on /home/airflow/.local/lib/python3.7/site-packages/airflow/example_dags/example_branch_labels.py
[2022-04-07 23:44:04,000] {processor.py:642} INFO - Processing file /home/airflow/.local/lib/python3.7/site-packages/airflow/example_dags/example_branch_labels.py for tasks to queue
[2022-04-07 23:44:04,001] {logging_mixin.py:109} INFO - [2022-04-07 23:44:04,001] {dagbag.py:500} INFO - Filling up the DagBag from /home/airflow/.local/lib/python3.7/site-packages/airflow/example_dags/example_branch_labels.py
[2022-04-07 23:44:04,032] {processor.py:654} INFO - DAG(s) dict_keys(['example_branch_labels']) retrieved from /home/airflow/.local/lib/python3.7/site-packages/airflow/example_dags/example_branch_labels.py
[2022-04-07 23:44:04,042] {logging_mixin.py:109} INFO - [2022-04-07 23:44:04,042] {dag.py:2396} INFO - Sync 1 DAGs
[2022-04-07 23:44:04,059] {logging_mixin.py:109} INFO - [2022-04-07 23:44:04,059] {dag.py:2935} INFO - Setting next_dagrun for example_branch_labels to 2022-04-06 00:00:00+00:00
[2022-04-07 23:44:04,067] {processor.py:171} INFO - Processing /home/airflow/.local/lib/python3.7/site-packages/airflow/example_dags/example_branch_labels.py took 0.073 seconds
[2022-04-07 23:44:34,198] {processor.py:163} INFO - Started process (PID=285) to work on /home/airflow/.local/lib/python3.7/site-packages/airflow/example_dags/example_branch_labels.py
[2022-04-07 23:44:34,200] {processor.py:642} INFO - Processing file /home/airflow/.local/lib/python3.7/site-packages/airflow/example_dags/example_branch_labels.py for tasks to queue
[2022-04-07 23:44:34,201] {logging_mixin.py:109} INFO - [2022-04-07 23:44:34,201] {dagbag.py:500} INFO - Filling up the DagBag from /home/airflow/.local/lib/python3.7/site-packages/airflow/example_dags/example_branch_labels.py
[2022-04-07 23:44:34,233] {processor.py:654} INFO - DAG(s) dict_keys(['example_branch_labels']) retrieved from /home/airflow/.local/lib/python3.7/site-packages/airflow/example_dags/example_branch_labels.py
[2022-04-07 23:44:34,244] {logging_mixin.py:109} INFO - [2022-04-07 23:44:34,244] {dag.py:2396} INFO - Sync 1 DAGs
[2022-04-07 23:44:34,262] {logging_mixin.py:109} INFO - [2022-04-07 23:44:34,262] {dag.py:2935} INFO - Setting next_dagrun for example_branch_labels to 2022-04-06 00:00:00+00:00
[2022-04-07 23:44:34,271] {processor.py:171} INFO - Processing /home/airflow/.local/lib/python3.7/site-packages/airflow/example_dags/example_branch_labels.py took 0.077 seconds
[2022-04-07 23:45:04,346] {processor.py:163} INFO - Started process (PID=345) to work on /home/airflow/.local/lib/python3.7/site-packages/airflow/example_dags/example_branch_labels.py
[2022-04-07 23:45:04,348] {processor.py:642} INFO - Processing file /home/airflow/.local/lib/python3.7/site-packages/airflow/example_dags/example_branch_labels.py for tasks to queue
[2022-04-07 23:45:04,349] {logging_mixin.py:109} INFO - [2022-04-07 23:45:04,349] {dagbag.py:500} INFO - Filling up the DagBag from /home/airflow/.local/lib/python3.7/site-packages/airflow/example_dags/example_branch_labels.py
[2022-04-07 23:45:04,381] {processor.py:654} INFO - DAG(s) dict_keys(['example_branch_labels']) retrieved from /home/airflow/.local/lib/python3.7/site-packages/airflow/example_dags/example_branch_labels.py
[2022-04-07 23:45:04,391] {logging_mixin.py:109} INFO - [2022-04-07 23:45:04,391] {dag.py:2396} INFO - Sync 1 DAGs
[2022-04-07 23:45:04,409] {logging_mixin.py:109} INFO - [2022-04-07 23:45:04,409] {dag.py:2935} INFO - Setting next_dagrun for example_branch_labels to 2022-04-06 00:00:00+00:00
[2022-04-07 23:45:04,417] {processor.py:171} INFO - Processing /home/airflow/.local/lib/python3.7/site-packages/airflow/example_dags/example_branch_labels.py took 0.075 seconds
[2022-04-07 23:45:34,707] {processor.py:163} INFO - Started process (PID=396) to work on /home/airflow/.local/lib/python3.7/site-packages/airflow/example_dags/example_branch_labels.py
[2022-04-07 23:45:34,708] {processor.py:642} INFO - Processing file /home/airflow/.local/lib/python3.7/site-packages/airflow/example_dags/example_branch_labels.py for tasks to queue
[2022-04-07 23:45:34,709] {logging_mixin.py:109} INFO - [2022-04-07 23:45:34,709] {dagbag.py:500} INFO - Filling up the DagBag from /home/airflow/.local/lib/python3.7/site-packages/airflow/example_dags/example_branch_labels.py
[2022-04-07 23:45:34,741] {processor.py:654} INFO - DAG(s) dict_keys(['example_branch_labels']) retrieved from /home/airflow/.local/lib/python3.7/site-packages/airflow/example_dags/example_branch_labels.py
[2022-04-07 23:45:34,752] {logging_mixin.py:109} INFO - [2022-04-07 23:45:34,751] {dag.py:2396} INFO - Sync 1 DAGs
[2022-04-07 23:45:34,769] {logging_mixin.py:109} INFO - [2022-04-07 23:45:34,768] {dag.py:2935} INFO - Setting next_dagrun for example_branch_labels to 2022-04-06 00:00:00+00:00
[2022-04-07 23:45:34,777] {processor.py:171} INFO - Processing /home/airflow/.local/lib/python3.7/site-packages/airflow/example_dags/example_branch_labels.py took 0.075 seconds
[2022-04-07 23:46:05,085] {processor.py:163} INFO - Started process (PID=456) to work on /home/airflow/.local/lib/python3.7/site-packages/airflow/example_dags/example_branch_labels.py
[2022-04-07 23:46:05,088] {processor.py:642} INFO - Processing file /home/airflow/.local/lib/python3.7/site-packages/airflow/example_dags/example_branch_labels.py for tasks to queue
[2022-04-07 23:46:05,089] {logging_mixin.py:109} INFO - [2022-04-07 23:46:05,088] {dagbag.py:500} INFO - Filling up the DagBag from /home/airflow/.local/lib/python3.7/site-packages/airflow/example_dags/example_branch_labels.py
[2022-04-07 23:46:05,131] {processor.py:654} INFO - DAG(s) dict_keys(['example_branch_labels']) retrieved from /home/airflow/.local/lib/python3.7/site-packages/airflow/example_dags/example_branch_labels.py
[2022-04-07 23:46:05,147] {logging_mixin.py:109} INFO - [2022-04-07 23:46:05,147] {dag.py:2396} INFO - Sync 1 DAGs
[2022-04-07 23:46:05,174] {logging_mixin.py:109} INFO - [2022-04-07 23:46:05,174] {dag.py:2935} INFO - Setting next_dagrun for example_branch_labels to 2022-04-06 00:00:00+00:00
[2022-04-07 23:46:05,184] {processor.py:171} INFO - Processing /home/airflow/.local/lib/python3.7/site-packages/airflow/example_dags/example_branch_labels.py took 0.104 seconds
[2022-04-07 23:46:35,293] {processor.py:163} INFO - Started process (PID=508) to work on /home/airflow/.local/lib/python3.7/site-packages/airflow/example_dags/example_branch_labels.py
[2022-04-07 23:46:35,294] {processor.py:642} INFO - Processing file /home/airflow/.local/lib/python3.7/site-packages/airflow/example_dags/example_branch_labels.py for tasks to queue
[2022-04-07 23:46:35,295] {logging_mixin.py:109} INFO - [2022-04-07 23:46:35,295] {dagbag.py:500} INFO - Filling up the DagBag from /home/airflow/.local/lib/python3.7/site-packages/airflow/example_dags/example_branch_labels.py
[2022-04-07 23:46:35,329] {processor.py:654} INFO - DAG(s) dict_keys(['example_branch_labels']) retrieved from /home/airflow/.local/lib/python3.7/site-packages/airflow/example_dags/example_branch_labels.py
[2022-04-07 23:46:35,344] {logging_mixin.py:109} INFO - [2022-04-07 23:46:35,344] {dag.py:2396} INFO - Sync 1 DAGs
[2022-04-07 23:46:35,369] {logging_mixin.py:109} INFO - [2022-04-07 23:46:35,369] {dag.py:2935} INFO - Setting next_dagrun for example_branch_labels to 2022-04-06 00:00:00+00:00
[2022-04-07 23:46:35,379] {processor.py:171} INFO - Processing /home/airflow/.local/lib/python3.7/site-packages/airflow/example_dags/example_branch_labels.py took 0.090 seconds
[2022-04-07 23:47:05,510] {processor.py:163} INFO - Started process (PID=571) to work on /home/airflow/.local/lib/python3.7/site-packages/airflow/example_dags/example_branch_labels.py
[2022-04-07 23:47:05,512] {processor.py:642} INFO - Processing file /home/airflow/.local/lib/python3.7/site-packages/airflow/example_dags/example_branch_labels.py for tasks to queue
[2022-04-07 23:47:05,513] {logging_mixin.py:109} INFO - [2022-04-07 23:47:05,513] {dagbag.py:500} INFO - Filling up the DagBag from /home/airflow/.local/lib/python3.7/site-packages/airflow/example_dags/example_branch_labels.py
[2022-04-07 23:47:05,545] {processor.py:654} INFO - DAG(s) dict_keys(['example_branch_labels']) retrieved from /home/airflow/.local/lib/python3.7/site-packages/airflow/example_dags/example_branch_labels.py
[2022-04-07 23:47:05,555] {logging_mixin.py:109} INFO - [2022-04-07 23:47:05,555] {dag.py:2396} INFO - Sync 1 DAGs
[2022-04-07 23:47:05,572] {logging_mixin.py:109} INFO - [2022-04-07 23:47:05,572] {dag.py:2935} INFO - Setting next_dagrun for example_branch_labels to 2022-04-06 00:00:00+00:00
[2022-04-07 23:47:05,582] {processor.py:171} INFO - Processing /home/airflow/.local/lib/python3.7/site-packages/airflow/example_dags/example_branch_labels.py took 0.076 seconds
[2022-04-07 23:47:35,765] {processor.py:163} INFO - Started process (PID=623) to work on /home/airflow/.local/lib/python3.7/site-packages/airflow/example_dags/example_branch_labels.py
[2022-04-07 23:47:35,767] {processor.py:642} INFO - Processing file /home/airflow/.local/lib/python3.7/site-packages/airflow/example_dags/example_branch_labels.py for tasks to queue
[2022-04-07 23:47:35,768] {logging_mixin.py:109} INFO - [2022-04-07 23:47:35,768] {dagbag.py:500} INFO - Filling up the DagBag from /home/airflow/.local/lib/python3.7/site-packages/airflow/example_dags/example_branch_labels.py
[2022-04-07 23:47:35,811] {processor.py:654} INFO - DAG(s) dict_keys(['example_branch_labels']) retrieved from /home/airflow/.local/lib/python3.7/site-packages/airflow/example_dags/example_branch_labels.py
[2022-04-07 23:47:35,829] {logging_mixin.py:109} INFO - [2022-04-07 23:47:35,828] {dag.py:2396} INFO - Sync 1 DAGs
[2022-04-07 23:47:35,854] {logging_mixin.py:109} INFO - [2022-04-07 23:47:35,854] {dag.py:2935} INFO - Setting next_dagrun for example_branch_labels to 2022-04-06 00:00:00+00:00
[2022-04-07 23:47:35,864] {processor.py:171} INFO - Processing /home/airflow/.local/lib/python3.7/site-packages/airflow/example_dags/example_branch_labels.py took 0.105 seconds
[2022-04-07 23:48:06,089] {processor.py:163} INFO - Started process (PID=683) to work on /home/airflow/.local/lib/python3.7/site-packages/airflow/example_dags/example_branch_labels.py
[2022-04-07 23:48:06,091] {processor.py:642} INFO - Processing file /home/airflow/.local/lib/python3.7/site-packages/airflow/example_dags/example_branch_labels.py for tasks to queue
[2022-04-07 23:48:06,092] {logging_mixin.py:109} INFO - [2022-04-07 23:48:06,092] {dagbag.py:500} INFO - Filling up the DagBag from /home/airflow/.local/lib/python3.7/site-packages/airflow/example_dags/example_branch_labels.py
[2022-04-07 23:48:06,123] {processor.py:654} INFO - DAG(s) dict_keys(['example_branch_labels']) retrieved from /home/airflow/.local/lib/python3.7/site-packages/airflow/example_dags/example_branch_labels.py
[2022-04-07 23:48:06,133] {logging_mixin.py:109} INFO - [2022-04-07 23:48:06,133] {dag.py:2396} INFO - Sync 1 DAGs
[2022-04-07 23:48:06,150] {logging_mixin.py:109} INFO - [2022-04-07 23:48:06,150] {dag.py:2935} INFO - Setting next_dagrun for example_branch_labels to 2022-04-06 00:00:00+00:00
[2022-04-07 23:48:06,158] {processor.py:171} INFO - Processing /home/airflow/.local/lib/python3.7/site-packages/airflow/example_dags/example_branch_labels.py took 0.074 seconds
[2022-04-07 23:48:36,407] {processor.py:163} INFO - Started process (PID=735) to work on /home/airflow/.local/lib/python3.7/site-packages/airflow/example_dags/example_branch_labels.py
[2022-04-07 23:48:36,409] {processor.py:642} INFO - Processing file /home/airflow/.local/lib/python3.7/site-packages/airflow/example_dags/example_branch_labels.py for tasks to queue
[2022-04-07 23:48:36,410] {logging_mixin.py:109} INFO - [2022-04-07 23:48:36,410] {dagbag.py:500} INFO - Filling up the DagBag from /home/airflow/.local/lib/python3.7/site-packages/airflow/example_dags/example_branch_labels.py
[2022-04-07 23:48:36,450] {processor.py:654} INFO - DAG(s) dict_keys(['example_branch_labels']) retrieved from /home/airflow/.local/lib/python3.7/site-packages/airflow/example_dags/example_branch_labels.py
[2022-04-07 23:48:36,461] {logging_mixin.py:109} INFO - [2022-04-07 23:48:36,461] {dag.py:2396} INFO - Sync 1 DAGs
[2022-04-07 23:48:36,486] {logging_mixin.py:109} INFO - [2022-04-07 23:48:36,486] {dag.py:2935} INFO - Setting next_dagrun for example_branch_labels to 2022-04-06 00:00:00+00:00
[2022-04-07 23:48:36,496] {processor.py:171} INFO - Processing /home/airflow/.local/lib/python3.7/site-packages/airflow/example_dags/example_branch_labels.py took 0.095 seconds
[2022-04-07 23:49:06,657] {processor.py:163} INFO - Started process (PID=801) to work on /home/airflow/.local/lib/python3.7/site-packages/airflow/example_dags/example_branch_labels.py
[2022-04-07 23:49:06,659] {processor.py:642} INFO - Processing file /home/airflow/.local/lib/python3.7/site-packages/airflow/example_dags/example_branch_labels.py for tasks to queue
[2022-04-07 23:49:06,660] {logging_mixin.py:109} INFO - [2022-04-07 23:49:06,660] {dagbag.py:500} INFO - Filling up the DagBag from /home/airflow/.local/lib/python3.7/site-packages/airflow/example_dags/example_branch_labels.py
[2022-04-07 23:49:06,691] {processor.py:654} INFO - DAG(s) dict_keys(['example_branch_labels']) retrieved from /home/airflow/.local/lib/python3.7/site-packages/airflow/example_dags/example_branch_labels.py
[2022-04-07 23:49:06,705] {logging_mixin.py:109} INFO - [2022-04-07 23:49:06,705] {dag.py:2396} INFO - Sync 1 DAGs
[2022-04-07 23:49:06,730] {logging_mixin.py:109} INFO - [2022-04-07 23:49:06,730] {dag.py:2935} INFO - Setting next_dagrun for example_branch_labels to 2022-04-06 00:00:00+00:00
[2022-04-07 23:49:06,741] {processor.py:171} INFO - Processing /home/airflow/.local/lib/python3.7/site-packages/airflow/example_dags/example_branch_labels.py took 0.088 seconds
[2022-04-07 23:49:36,980] {processor.py:163} INFO - Started process (PID=852) to work on /home/airflow/.local/lib/python3.7/site-packages/airflow/example_dags/example_branch_labels.py
[2022-04-07 23:49:36,981] {processor.py:642} INFO - Processing file /home/airflow/.local/lib/python3.7/site-packages/airflow/example_dags/example_branch_labels.py for tasks to queue
[2022-04-07 23:49:36,982] {logging_mixin.py:109} INFO - [2022-04-07 23:49:36,982] {dagbag.py:500} INFO - Filling up the DagBag from /home/airflow/.local/lib/python3.7/site-packages/airflow/example_dags/example_branch_labels.py
[2022-04-07 23:49:37,013] {processor.py:654} INFO - DAG(s) dict_keys(['example_branch_labels']) retrieved from /home/airflow/.local/lib/python3.7/site-packages/airflow/example_dags/example_branch_labels.py
[2022-04-07 23:49:37,027] {logging_mixin.py:109} INFO - [2022-04-07 23:49:37,027] {dag.py:2396} INFO - Sync 1 DAGs
[2022-04-07 23:49:37,045] {logging_mixin.py:109} INFO - [2022-04-07 23:49:37,044] {dag.py:2935} INFO - Setting next_dagrun for example_branch_labels to 2022-04-06 00:00:00+00:00
[2022-04-07 23:49:37,052] {processor.py:171} INFO - Processing /home/airflow/.local/lib/python3.7/site-packages/airflow/example_dags/example_branch_labels.py took 0.078 seconds
[2022-04-07 23:50:07,078] {processor.py:163} INFO - Started process (PID=913) to work on /home/airflow/.local/lib/python3.7/site-packages/airflow/example_dags/example_branch_labels.py
[2022-04-07 23:50:07,079] {processor.py:642} INFO - Processing file /home/airflow/.local/lib/python3.7/site-packages/airflow/example_dags/example_branch_labels.py for tasks to queue
[2022-04-07 23:50:07,080] {logging_mixin.py:109} INFO - [2022-04-07 23:50:07,080] {dagbag.py:500} INFO - Filling up the DagBag from /home/airflow/.local/lib/python3.7/site-packages/airflow/example_dags/example_branch_labels.py
[2022-04-07 23:50:07,111] {processor.py:654} INFO - DAG(s) dict_keys(['example_branch_labels']) retrieved from /home/airflow/.local/lib/python3.7/site-packages/airflow/example_dags/example_branch_labels.py
[2022-04-07 23:50:07,121] {logging_mixin.py:109} INFO - [2022-04-07 23:50:07,121] {dag.py:2396} INFO - Sync 1 DAGs
[2022-04-07 23:50:07,139] {logging_mixin.py:109} INFO - [2022-04-07 23:50:07,138] {dag.py:2935} INFO - Setting next_dagrun for example_branch_labels to 2022-04-06 00:00:00+00:00
[2022-04-07 23:50:07,146] {processor.py:171} INFO - Processing /home/airflow/.local/lib/python3.7/site-packages/airflow/example_dags/example_branch_labels.py took 0.073 seconds
[2022-04-07 23:50:37,661] {processor.py:163} INFO - Started process (PID=964) to work on /home/airflow/.local/lib/python3.7/site-packages/airflow/example_dags/example_branch_labels.py
[2022-04-07 23:50:37,663] {processor.py:642} INFO - Processing file /home/airflow/.local/lib/python3.7/site-packages/airflow/example_dags/example_branch_labels.py for tasks to queue
[2022-04-07 23:50:37,664] {logging_mixin.py:109} INFO - [2022-04-07 23:50:37,664] {dagbag.py:500} INFO - Filling up the DagBag from /home/airflow/.local/lib/python3.7/site-packages/airflow/example_dags/example_branch_labels.py
[2022-04-07 23:50:37,696] {processor.py:654} INFO - DAG(s) dict_keys(['example_branch_labels']) retrieved from /home/airflow/.local/lib/python3.7/site-packages/airflow/example_dags/example_branch_labels.py
[2022-04-07 23:50:37,706] {logging_mixin.py:109} INFO - [2022-04-07 23:50:37,706] {dag.py:2396} INFO - Sync 1 DAGs
[2022-04-07 23:50:37,724] {logging_mixin.py:109} INFO - [2022-04-07 23:50:37,724] {dag.py:2935} INFO - Setting next_dagrun for example_branch_labels to 2022-04-06 00:00:00+00:00
[2022-04-07 23:50:37,732] {processor.py:171} INFO - Processing /home/airflow/.local/lib/python3.7/site-packages/airflow/example_dags/example_branch_labels.py took 0.075 seconds
[2022-04-07 23:51:08,202] {processor.py:163} INFO - Started process (PID=1025) to work on /home/airflow/.local/lib/python3.7/site-packages/airflow/example_dags/example_branch_labels.py
[2022-04-07 23:51:08,206] {processor.py:642} INFO - Processing file /home/airflow/.local/lib/python3.7/site-packages/airflow/example_dags/example_branch_labels.py for tasks to queue
[2022-04-07 23:51:08,207] {logging_mixin.py:109} INFO - [2022-04-07 23:51:08,207] {dagbag.py:500} INFO - Filling up the DagBag from /home/airflow/.local/lib/python3.7/site-packages/airflow/example_dags/example_branch_labels.py
[2022-04-07 23:51:08,240] {processor.py:654} INFO - DAG(s) dict_keys(['example_branch_labels']) retrieved from /home/airflow/.local/lib/python3.7/site-packages/airflow/example_dags/example_branch_labels.py
[2022-04-07 23:51:08,250] {logging_mixin.py:109} INFO - [2022-04-07 23:51:08,250] {dag.py:2396} INFO - Sync 1 DAGs
[2022-04-07 23:51:08,270] {logging_mixin.py:109} INFO - [2022-04-07 23:51:08,270] {dag.py:2935} INFO - Setting next_dagrun for example_branch_labels to 2022-04-06 00:00:00+00:00
[2022-04-07 23:51:08,279] {processor.py:171} INFO - Processing /home/airflow/.local/lib/python3.7/site-packages/airflow/example_dags/example_branch_labels.py took 0.081 seconds
[2022-04-07 23:51:38,671] {processor.py:163} INFO - Started process (PID=1077) to work on /home/airflow/.local/lib/python3.7/site-packages/airflow/example_dags/example_branch_labels.py
[2022-04-07 23:51:38,673] {processor.py:642} INFO - Processing file /home/airflow/.local/lib/python3.7/site-packages/airflow/example_dags/example_branch_labels.py for tasks to queue
[2022-04-07 23:51:38,674] {logging_mixin.py:109} INFO - [2022-04-07 23:51:38,674] {dagbag.py:500} INFO - Filling up the DagBag from /home/airflow/.local/lib/python3.7/site-packages/airflow/example_dags/example_branch_labels.py
[2022-04-07 23:51:38,716] {processor.py:654} INFO - DAG(s) dict_keys(['example_branch_labels']) retrieved from /home/airflow/.local/lib/python3.7/site-packages/airflow/example_dags/example_branch_labels.py
[2022-04-07 23:51:38,731] {logging_mixin.py:109} INFO - [2022-04-07 23:51:38,731] {dag.py:2396} INFO - Sync 1 DAGs
[2022-04-07 23:51:38,760] {logging_mixin.py:109} INFO - [2022-04-07 23:51:38,759] {dag.py:2935} INFO - Setting next_dagrun for example_branch_labels to 2022-04-06 00:00:00+00:00
[2022-04-07 23:51:38,770] {processor.py:171} INFO - Processing /home/airflow/.local/lib/python3.7/site-packages/airflow/example_dags/example_branch_labels.py took 0.105 seconds
[2022-04-07 23:52:09,016] {processor.py:163} INFO - Started process (PID=1139) to work on /home/airflow/.local/lib/python3.7/site-packages/airflow/example_dags/example_branch_labels.py
[2022-04-07 23:52:09,018] {processor.py:642} INFO - Processing file /home/airflow/.local/lib/python3.7/site-packages/airflow/example_dags/example_branch_labels.py for tasks to queue
[2022-04-07 23:52:09,019] {logging_mixin.py:109} INFO - [2022-04-07 23:52:09,018] {dagbag.py:500} INFO - Filling up the DagBag from /home/airflow/.local/lib/python3.7/site-packages/airflow/example_dags/example_branch_labels.py
[2022-04-07 23:52:09,050] {processor.py:654} INFO - DAG(s) dict_keys(['example_branch_labels']) retrieved from /home/airflow/.local/lib/python3.7/site-packages/airflow/example_dags/example_branch_labels.py
[2022-04-07 23:52:09,061] {logging_mixin.py:109} INFO - [2022-04-07 23:52:09,060] {dag.py:2396} INFO - Sync 1 DAGs
[2022-04-07 23:52:09,079] {logging_mixin.py:109} INFO - [2022-04-07 23:52:09,078] {dag.py:2935} INFO - Setting next_dagrun for example_branch_labels to 2022-04-06 00:00:00+00:00
[2022-04-07 23:52:09,086] {processor.py:171} INFO - Processing /home/airflow/.local/lib/python3.7/site-packages/airflow/example_dags/example_branch_labels.py took 0.074 seconds
[2022-04-07 23:52:39,376] {processor.py:163} INFO - Started process (PID=1190) to work on /home/airflow/.local/lib/python3.7/site-packages/airflow/example_dags/example_branch_labels.py
[2022-04-07 23:52:39,379] {processor.py:642} INFO - Processing file /home/airflow/.local/lib/python3.7/site-packages/airflow/example_dags/example_branch_labels.py for tasks to queue
[2022-04-07 23:52:39,380] {logging_mixin.py:109} INFO - [2022-04-07 23:52:39,380] {dagbag.py:500} INFO - Filling up the DagBag from /home/airflow/.local/lib/python3.7/site-packages/airflow/example_dags/example_branch_labels.py
[2022-04-07 23:52:39,422] {processor.py:654} INFO - DAG(s) dict_keys(['example_branch_labels']) retrieved from /home/airflow/.local/lib/python3.7/site-packages/airflow/example_dags/example_branch_labels.py
[2022-04-07 23:52:39,437] {logging_mixin.py:109} INFO - [2022-04-07 23:52:39,437] {dag.py:2396} INFO - Sync 1 DAGs
[2022-04-07 23:52:39,462] {logging_mixin.py:109} INFO - [2022-04-07 23:52:39,462] {dag.py:2935} INFO - Setting next_dagrun for example_branch_labels to 2022-04-06 00:00:00+00:00
[2022-04-07 23:52:39,471] {processor.py:171} INFO - Processing /home/airflow/.local/lib/python3.7/site-packages/airflow/example_dags/example_branch_labels.py took 0.100 seconds
[2022-04-07 23:53:09,645] {processor.py:163} INFO - Started process (PID=1250) to work on /home/airflow/.local/lib/python3.7/site-packages/airflow/example_dags/example_branch_labels.py
[2022-04-07 23:53:09,646] {processor.py:642} INFO - Processing file /home/airflow/.local/lib/python3.7/site-packages/airflow/example_dags/example_branch_labels.py for tasks to queue
[2022-04-07 23:53:09,647] {logging_mixin.py:109} INFO - [2022-04-07 23:53:09,647] {dagbag.py:500} INFO - Filling up the DagBag from /home/airflow/.local/lib/python3.7/site-packages/airflow/example_dags/example_branch_labels.py
[2022-04-07 23:53:09,687] {processor.py:654} INFO - DAG(s) dict_keys(['example_branch_labels']) retrieved from /home/airflow/.local/lib/python3.7/site-packages/airflow/example_dags/example_branch_labels.py
[2022-04-07 23:53:09,704] {logging_mixin.py:109} INFO - [2022-04-07 23:53:09,703] {dag.py:2396} INFO - Sync 1 DAGs
[2022-04-07 23:53:09,730] {logging_mixin.py:109} INFO - [2022-04-07 23:53:09,730] {dag.py:2935} INFO - Setting next_dagrun for example_branch_labels to 2022-04-06 00:00:00+00:00
[2022-04-07 23:53:09,740] {processor.py:171} INFO - Processing /home/airflow/.local/lib/python3.7/site-packages/airflow/example_dags/example_branch_labels.py took 0.101 seconds
[2022-04-07 23:53:39,936] {processor.py:163} INFO - Started process (PID=1302) to work on /home/airflow/.local/lib/python3.7/site-packages/airflow/example_dags/example_branch_labels.py
[2022-04-07 23:53:39,938] {processor.py:642} INFO - Processing file /home/airflow/.local/lib/python3.7/site-packages/airflow/example_dags/example_branch_labels.py for tasks to queue
[2022-04-07 23:53:39,940] {logging_mixin.py:109} INFO - [2022-04-07 23:53:39,939] {dagbag.py:500} INFO - Filling up the DagBag from /home/airflow/.local/lib/python3.7/site-packages/airflow/example_dags/example_branch_labels.py
[2022-04-07 23:53:39,982] {processor.py:654} INFO - DAG(s) dict_keys(['example_branch_labels']) retrieved from /home/airflow/.local/lib/python3.7/site-packages/airflow/example_dags/example_branch_labels.py
[2022-04-07 23:53:39,997] {logging_mixin.py:109} INFO - [2022-04-07 23:53:39,997] {dag.py:2396} INFO - Sync 1 DAGs
[2022-04-07 23:53:40,023] {logging_mixin.py:109} INFO - [2022-04-07 23:53:40,022] {dag.py:2935} INFO - Setting next_dagrun for example_branch_labels to 2022-04-06 00:00:00+00:00
[2022-04-07 23:53:40,031] {processor.py:171} INFO - Processing /home/airflow/.local/lib/python3.7/site-packages/airflow/example_dags/example_branch_labels.py took 0.101 seconds
[2022-04-07 23:54:10,742] {processor.py:163} INFO - Started process (PID=1363) to work on /home/airflow/.local/lib/python3.7/site-packages/airflow/example_dags/example_branch_labels.py
[2022-04-07 23:54:10,744] {processor.py:642} INFO - Processing file /home/airflow/.local/lib/python3.7/site-packages/airflow/example_dags/example_branch_labels.py for tasks to queue
[2022-04-07 23:54:10,745] {logging_mixin.py:109} INFO - [2022-04-07 23:54:10,745] {dagbag.py:500} INFO - Filling up the DagBag from /home/airflow/.local/lib/python3.7/site-packages/airflow/example_dags/example_branch_labels.py
[2022-04-07 23:54:10,777] {processor.py:654} INFO - DAG(s) dict_keys(['example_branch_labels']) retrieved from /home/airflow/.local/lib/python3.7/site-packages/airflow/example_dags/example_branch_labels.py
[2022-04-07 23:54:10,789] {logging_mixin.py:109} INFO - [2022-04-07 23:54:10,789] {dag.py:2396} INFO - Sync 1 DAGs
[2022-04-07 23:54:10,813] {logging_mixin.py:109} INFO - [2022-04-07 23:54:10,813] {dag.py:2935} INFO - Setting next_dagrun for example_branch_labels to 2022-04-06 00:00:00+00:00
[2022-04-07 23:54:10,821] {processor.py:171} INFO - Processing /home/airflow/.local/lib/python3.7/site-packages/airflow/example_dags/example_branch_labels.py took 0.084 seconds
[2022-04-07 23:54:41,414] {processor.py:163} INFO - Started process (PID=1415) to work on /home/airflow/.local/lib/python3.7/site-packages/airflow/example_dags/example_branch_labels.py
[2022-04-07 23:54:41,416] {processor.py:642} INFO - Processing file /home/airflow/.local/lib/python3.7/site-packages/airflow/example_dags/example_branch_labels.py for tasks to queue
[2022-04-07 23:54:41,416] {logging_mixin.py:109} INFO - [2022-04-07 23:54:41,416] {dagbag.py:500} INFO - Filling up the DagBag from /home/airflow/.local/lib/python3.7/site-packages/airflow/example_dags/example_branch_labels.py
[2022-04-07 23:54:41,448] {processor.py:654} INFO - DAG(s) dict_keys(['example_branch_labels']) retrieved from /home/airflow/.local/lib/python3.7/site-packages/airflow/example_dags/example_branch_labels.py
[2022-04-07 23:54:41,462] {logging_mixin.py:109} INFO - [2022-04-07 23:54:41,462] {dag.py:2396} INFO - Sync 1 DAGs
[2022-04-07 23:54:41,485] {logging_mixin.py:109} INFO - [2022-04-07 23:54:41,485] {dag.py:2935} INFO - Setting next_dagrun for example_branch_labels to 2022-04-06 00:00:00+00:00
[2022-04-07 23:54:41,494] {processor.py:171} INFO - Processing /home/airflow/.local/lib/python3.7/site-packages/airflow/example_dags/example_branch_labels.py took 0.085 seconds
[2022-04-07 23:55:12,333] {processor.py:163} INFO - Started process (PID=1478) to work on /home/airflow/.local/lib/python3.7/site-packages/airflow/example_dags/example_branch_labels.py
[2022-04-07 23:55:12,337] {processor.py:642} INFO - Processing file /home/airflow/.local/lib/python3.7/site-packages/airflow/example_dags/example_branch_labels.py for tasks to queue
[2022-04-07 23:55:12,338] {logging_mixin.py:109} INFO - [2022-04-07 23:55:12,338] {dagbag.py:500} INFO - Filling up the DagBag from /home/airflow/.local/lib/python3.7/site-packages/airflow/example_dags/example_branch_labels.py
[2022-04-07 23:55:12,379] {processor.py:654} INFO - DAG(s) dict_keys(['example_branch_labels']) retrieved from /home/airflow/.local/lib/python3.7/site-packages/airflow/example_dags/example_branch_labels.py
[2022-04-07 23:55:12,394] {logging_mixin.py:109} INFO - [2022-04-07 23:55:12,394] {dag.py:2396} INFO - Sync 1 DAGs
[2022-04-07 23:55:12,419] {logging_mixin.py:109} INFO - [2022-04-07 23:55:12,419] {dag.py:2935} INFO - Setting next_dagrun for example_branch_labels to 2022-04-06 00:00:00+00:00
[2022-04-07 23:55:12,427] {processor.py:171} INFO - Processing /home/airflow/.local/lib/python3.7/site-packages/airflow/example_dags/example_branch_labels.py took 0.099 seconds
[2022-04-07 23:55:42,527] {processor.py:163} INFO - Started process (PID=1530) to work on /home/airflow/.local/lib/python3.7/site-packages/airflow/example_dags/example_branch_labels.py
[2022-04-07 23:55:42,529] {processor.py:642} INFO - Processing file /home/airflow/.local/lib/python3.7/site-packages/airflow/example_dags/example_branch_labels.py for tasks to queue
[2022-04-07 23:55:42,530] {logging_mixin.py:109} INFO - [2022-04-07 23:55:42,530] {dagbag.py:500} INFO - Filling up the DagBag from /home/airflow/.local/lib/python3.7/site-packages/airflow/example_dags/example_branch_labels.py
[2022-04-07 23:55:42,573] {processor.py:654} INFO - DAG(s) dict_keys(['example_branch_labels']) retrieved from /home/airflow/.local/lib/python3.7/site-packages/airflow/example_dags/example_branch_labels.py
[2022-04-07 23:55:42,587] {logging_mixin.py:109} INFO - [2022-04-07 23:55:42,587] {dag.py:2396} INFO - Sync 1 DAGs
[2022-04-07 23:55:42,615] {logging_mixin.py:109} INFO - [2022-04-07 23:55:42,615] {dag.py:2935} INFO - Setting next_dagrun for example_branch_labels to 2022-04-06 00:00:00+00:00
[2022-04-07 23:55:42,626] {processor.py:171} INFO - Processing /home/airflow/.local/lib/python3.7/site-packages/airflow/example_dags/example_branch_labels.py took 0.104 seconds
[2022-04-07 23:56:12,807] {processor.py:163} INFO - Started process (PID=1589) to work on /home/airflow/.local/lib/python3.7/site-packages/airflow/example_dags/example_branch_labels.py
[2022-04-07 23:56:12,809] {processor.py:642} INFO - Processing file /home/airflow/.local/lib/python3.7/site-packages/airflow/example_dags/example_branch_labels.py for tasks to queue
[2022-04-07 23:56:12,810] {logging_mixin.py:109} INFO - [2022-04-07 23:56:12,810] {dagbag.py:500} INFO - Filling up the DagBag from /home/airflow/.local/lib/python3.7/site-packages/airflow/example_dags/example_branch_labels.py
[2022-04-07 23:56:12,847] {processor.py:654} INFO - DAG(s) dict_keys(['example_branch_labels']) retrieved from /home/airflow/.local/lib/python3.7/site-packages/airflow/example_dags/example_branch_labels.py
[2022-04-07 23:56:12,861] {logging_mixin.py:109} INFO - [2022-04-07 23:56:12,861] {dag.py:2396} INFO - Sync 1 DAGs
[2022-04-07 23:56:12,878] {logging_mixin.py:109} INFO - [2022-04-07 23:56:12,878] {dag.py:2935} INFO - Setting next_dagrun for example_branch_labels to 2022-04-06 00:00:00+00:00
[2022-04-07 23:56:12,887] {processor.py:171} INFO - Processing /home/airflow/.local/lib/python3.7/site-packages/airflow/example_dags/example_branch_labels.py took 0.084 seconds
[2022-04-07 23:56:42,925] {processor.py:163} INFO - Started process (PID=1642) to work on /home/airflow/.local/lib/python3.7/site-packages/airflow/example_dags/example_branch_labels.py
[2022-04-07 23:56:42,927] {processor.py:642} INFO - Processing file /home/airflow/.local/lib/python3.7/site-packages/airflow/example_dags/example_branch_labels.py for tasks to queue
[2022-04-07 23:56:42,927] {logging_mixin.py:109} INFO - [2022-04-07 23:56:42,927] {dagbag.py:500} INFO - Filling up the DagBag from /home/airflow/.local/lib/python3.7/site-packages/airflow/example_dags/example_branch_labels.py
[2022-04-07 23:56:42,972] {processor.py:654} INFO - DAG(s) dict_keys(['example_branch_labels']) retrieved from /home/airflow/.local/lib/python3.7/site-packages/airflow/example_dags/example_branch_labels.py
[2022-04-07 23:56:42,995] {logging_mixin.py:109} INFO - [2022-04-07 23:56:42,995] {dag.py:2396} INFO - Sync 1 DAGs
[2022-04-07 23:56:43,053] {logging_mixin.py:109} INFO - [2022-04-07 23:56:43,053] {dag.py:2935} INFO - Setting next_dagrun for example_branch_labels to 2022-04-06 00:00:00+00:00
[2022-04-07 23:56:43,072] {processor.py:171} INFO - Processing /home/airflow/.local/lib/python3.7/site-packages/airflow/example_dags/example_branch_labels.py took 0.152 seconds
[2022-04-07 23:57:13,559] {processor.py:163} INFO - Started process (PID=1705) to work on /home/airflow/.local/lib/python3.7/site-packages/airflow/example_dags/example_branch_labels.py
[2022-04-07 23:57:13,561] {processor.py:642} INFO - Processing file /home/airflow/.local/lib/python3.7/site-packages/airflow/example_dags/example_branch_labels.py for tasks to queue
[2022-04-07 23:57:13,562] {logging_mixin.py:109} INFO - [2022-04-07 23:57:13,562] {dagbag.py:500} INFO - Filling up the DagBag from /home/airflow/.local/lib/python3.7/site-packages/airflow/example_dags/example_branch_labels.py
[2022-04-07 23:57:13,593] {processor.py:654} INFO - DAG(s) dict_keys(['example_branch_labels']) retrieved from /home/airflow/.local/lib/python3.7/site-packages/airflow/example_dags/example_branch_labels.py
[2022-04-07 23:57:13,607] {logging_mixin.py:109} INFO - [2022-04-07 23:57:13,607] {dag.py:2396} INFO - Sync 1 DAGs
[2022-04-07 23:57:13,630] {logging_mixin.py:109} INFO - [2022-04-07 23:57:13,630] {dag.py:2935} INFO - Setting next_dagrun for example_branch_labels to 2022-04-06 00:00:00+00:00
[2022-04-07 23:57:13,640] {processor.py:171} INFO - Processing /home/airflow/.local/lib/python3.7/site-packages/airflow/example_dags/example_branch_labels.py took 0.086 seconds
[2022-04-07 23:57:44,030] {processor.py:163} INFO - Started process (PID=1757) to work on /home/airflow/.local/lib/python3.7/site-packages/airflow/example_dags/example_branch_labels.py
[2022-04-07 23:57:44,032] {processor.py:642} INFO - Processing file /home/airflow/.local/lib/python3.7/site-packages/airflow/example_dags/example_branch_labels.py for tasks to queue
[2022-04-07 23:57:44,033] {logging_mixin.py:109} INFO - [2022-04-07 23:57:44,032] {dagbag.py:500} INFO - Filling up the DagBag from /home/airflow/.local/lib/python3.7/site-packages/airflow/example_dags/example_branch_labels.py
[2022-04-07 23:57:44,063] {processor.py:654} INFO - DAG(s) dict_keys(['example_branch_labels']) retrieved from /home/airflow/.local/lib/python3.7/site-packages/airflow/example_dags/example_branch_labels.py
[2022-04-07 23:57:44,074] {logging_mixin.py:109} INFO - [2022-04-07 23:57:44,074] {dag.py:2396} INFO - Sync 1 DAGs
[2022-04-07 23:57:44,092] {logging_mixin.py:109} INFO - [2022-04-07 23:57:44,092] {dag.py:2935} INFO - Setting next_dagrun for example_branch_labels to 2022-04-06 00:00:00+00:00
[2022-04-07 23:57:44,101] {processor.py:171} INFO - Processing /home/airflow/.local/lib/python3.7/site-packages/airflow/example_dags/example_branch_labels.py took 0.075 seconds
[2022-04-07 23:58:14,127] {processor.py:163} INFO - Started process (PID=1809) to work on /home/airflow/.local/lib/python3.7/site-packages/airflow/example_dags/example_branch_labels.py
[2022-04-07 23:58:14,129] {processor.py:642} INFO - Processing file /home/airflow/.local/lib/python3.7/site-packages/airflow/example_dags/example_branch_labels.py for tasks to queue
[2022-04-07 23:58:14,129] {logging_mixin.py:109} INFO - [2022-04-07 23:58:14,129] {dagbag.py:500} INFO - Filling up the DagBag from /home/airflow/.local/lib/python3.7/site-packages/airflow/example_dags/example_branch_labels.py
[2022-04-07 23:58:14,161] {processor.py:654} INFO - DAG(s) dict_keys(['example_branch_labels']) retrieved from /home/airflow/.local/lib/python3.7/site-packages/airflow/example_dags/example_branch_labels.py
[2022-04-07 23:58:14,175] {logging_mixin.py:109} INFO - [2022-04-07 23:58:14,174] {dag.py:2396} INFO - Sync 1 DAGs
[2022-04-07 23:58:14,197] {logging_mixin.py:109} INFO - [2022-04-07 23:58:14,197] {dag.py:2935} INFO - Setting next_dagrun for example_branch_labels to 2022-04-06 00:00:00+00:00
[2022-04-07 23:58:14,205] {processor.py:171} INFO - Processing /home/airflow/.local/lib/python3.7/site-packages/airflow/example_dags/example_branch_labels.py took 0.083 seconds
[2022-04-07 23:58:44,660] {processor.py:163} INFO - Started process (PID=1873) to work on /home/airflow/.local/lib/python3.7/site-packages/airflow/example_dags/example_branch_labels.py
[2022-04-07 23:58:44,664] {processor.py:642} INFO - Processing file /home/airflow/.local/lib/python3.7/site-packages/airflow/example_dags/example_branch_labels.py for tasks to queue
[2022-04-07 23:58:44,665] {logging_mixin.py:109} INFO - [2022-04-07 23:58:44,665] {dagbag.py:500} INFO - Filling up the DagBag from /home/airflow/.local/lib/python3.7/site-packages/airflow/example_dags/example_branch_labels.py
[2022-04-07 23:58:44,701] {processor.py:654} INFO - DAG(s) dict_keys(['example_branch_labels']) retrieved from /home/airflow/.local/lib/python3.7/site-packages/airflow/example_dags/example_branch_labels.py
[2022-04-07 23:58:44,712] {logging_mixin.py:109} INFO - [2022-04-07 23:58:44,711] {dag.py:2396} INFO - Sync 1 DAGs
[2022-04-07 23:58:44,730] {logging_mixin.py:109} INFO - [2022-04-07 23:58:44,730] {dag.py:2935} INFO - Setting next_dagrun for example_branch_labels to 2022-04-06 00:00:00+00:00
[2022-04-07 23:58:44,739] {processor.py:171} INFO - Processing /home/airflow/.local/lib/python3.7/site-packages/airflow/example_dags/example_branch_labels.py took 0.083 seconds
[2022-04-07 23:59:15,227] {processor.py:163} INFO - Started process (PID=1926) to work on /home/airflow/.local/lib/python3.7/site-packages/airflow/example_dags/example_branch_labels.py
[2022-04-07 23:59:15,229] {processor.py:642} INFO - Processing file /home/airflow/.local/lib/python3.7/site-packages/airflow/example_dags/example_branch_labels.py for tasks to queue
[2022-04-07 23:59:15,229] {logging_mixin.py:109} INFO - [2022-04-07 23:59:15,229] {dagbag.py:500} INFO - Filling up the DagBag from /home/airflow/.local/lib/python3.7/site-packages/airflow/example_dags/example_branch_labels.py
[2022-04-07 23:59:15,261] {processor.py:654} INFO - DAG(s) dict_keys(['example_branch_labels']) retrieved from /home/airflow/.local/lib/python3.7/site-packages/airflow/example_dags/example_branch_labels.py
[2022-04-07 23:59:15,271] {logging_mixin.py:109} INFO - [2022-04-07 23:59:15,270] {dag.py:2396} INFO - Sync 1 DAGs
[2022-04-07 23:59:15,287] {logging_mixin.py:109} INFO - [2022-04-07 23:59:15,287] {dag.py:2935} INFO - Setting next_dagrun for example_branch_labels to 2022-04-06 00:00:00+00:00
[2022-04-07 23:59:15,295] {processor.py:171} INFO - Processing /home/airflow/.local/lib/python3.7/site-packages/airflow/example_dags/example_branch_labels.py took 0.072 seconds
[2022-04-07 23:59:45,379] {processor.py:163} INFO - Started process (PID=1987) to work on /home/airflow/.local/lib/python3.7/site-packages/airflow/example_dags/example_branch_labels.py
[2022-04-07 23:59:45,381] {processor.py:642} INFO - Processing file /home/airflow/.local/lib/python3.7/site-packages/airflow/example_dags/example_branch_labels.py for tasks to queue
[2022-04-07 23:59:45,382] {logging_mixin.py:109} INFO - [2022-04-07 23:59:45,382] {dagbag.py:500} INFO - Filling up the DagBag from /home/airflow/.local/lib/python3.7/site-packages/airflow/example_dags/example_branch_labels.py
[2022-04-07 23:59:45,425] {processor.py:654} INFO - DAG(s) dict_keys(['example_branch_labels']) retrieved from /home/airflow/.local/lib/python3.7/site-packages/airflow/example_dags/example_branch_labels.py
[2022-04-07 23:59:45,441] {logging_mixin.py:109} INFO - [2022-04-07 23:59:45,441] {dag.py:2396} INFO - Sync 1 DAGs
[2022-04-07 23:59:45,466] {logging_mixin.py:109} INFO - [2022-04-07 23:59:45,466] {dag.py:2935} INFO - Setting next_dagrun for example_branch_labels to 2022-04-06 00:00:00+00:00
[2022-04-07 23:59:45,477] {processor.py:171} INFO - Processing /home/airflow/.local/lib/python3.7/site-packages/airflow/example_dags/example_branch_labels.py took 0.104 seconds
