[2022-04-07 23:43:26,012] {processor.py:163} INFO - Started process (PID=77) to work on /home/airflow/.local/lib/python3.7/site-packages/airflow/example_dags/example_branch_datetime_operator.py
[2022-04-07 23:43:26,017] {processor.py:642} INFO - Processing file /home/airflow/.local/lib/python3.7/site-packages/airflow/example_dags/example_branch_datetime_operator.py for tasks to queue
[2022-04-07 23:43:26,022] {logging_mixin.py:109} INFO - [2022-04-07 23:43:26,022] {dagbag.py:500} INFO - Filling up the DagBag from /home/airflow/.local/lib/python3.7/site-packages/airflow/example_dags/example_branch_datetime_operator.py
[2022-04-07 23:43:26,104] {processor.py:654} INFO - DAG(s) dict_keys(['example_branch_datetime_operator_2']) retrieved from /home/airflow/.local/lib/python3.7/site-packages/airflow/example_dags/example_branch_datetime_operator.py
[2022-04-07 23:43:31,340] {logging_mixin.py:109} INFO - [2022-04-07 23:43:31,340] {manager.py:496} INFO - Created Permission View: can read on DAG:example_branch_datetime_operator_2
[2022-04-07 23:43:31,360] {logging_mixin.py:109} INFO - [2022-04-07 23:43:31,359] {manager.py:496} INFO - Created Permission View: can edit on DAG:example_branch_datetime_operator_2
[2022-04-07 23:43:31,360] {logging_mixin.py:109} INFO - [2022-04-07 23:43:31,360] {dag.py:2396} INFO - Sync 1 DAGs
[2022-04-07 23:43:31,382] {logging_mixin.py:109} INFO - [2022-04-07 23:43:31,381] {dag.py:2415} INFO - Creating ORM DAG for example_branch_datetime_operator_2
[2022-04-07 23:43:31,395] {logging_mixin.py:109} INFO - [2022-04-07 23:43:31,395] {dag.py:2935} INFO - Setting next_dagrun for example_branch_datetime_operator_2 to 2022-04-06 00:00:00+00:00
[2022-04-07 23:43:31,424] {processor.py:171} INFO - Processing /home/airflow/.local/lib/python3.7/site-packages/airflow/example_dags/example_branch_datetime_operator.py took 5.417 seconds
[2022-04-07 23:44:01,533] {processor.py:163} INFO - Started process (PID=231) to work on /home/airflow/.local/lib/python3.7/site-packages/airflow/example_dags/example_branch_datetime_operator.py
[2022-04-07 23:44:01,535] {processor.py:642} INFO - Processing file /home/airflow/.local/lib/python3.7/site-packages/airflow/example_dags/example_branch_datetime_operator.py for tasks to queue
[2022-04-07 23:44:01,536] {logging_mixin.py:109} INFO - [2022-04-07 23:44:01,536] {dagbag.py:500} INFO - Filling up the DagBag from /home/airflow/.local/lib/python3.7/site-packages/airflow/example_dags/example_branch_datetime_operator.py
[2022-04-07 23:44:01,568] {processor.py:654} INFO - DAG(s) dict_keys(['example_branch_datetime_operator_2']) retrieved from /home/airflow/.local/lib/python3.7/site-packages/airflow/example_dags/example_branch_datetime_operator.py
[2022-04-07 23:44:01,578] {logging_mixin.py:109} INFO - [2022-04-07 23:44:01,578] {dag.py:2396} INFO - Sync 1 DAGs
[2022-04-07 23:44:01,596] {logging_mixin.py:109} INFO - [2022-04-07 23:44:01,595] {dag.py:2935} INFO - Setting next_dagrun for example_branch_datetime_operator_2 to 2022-04-06 00:00:00+00:00
[2022-04-07 23:44:01,604] {processor.py:171} INFO - Processing /home/airflow/.local/lib/python3.7/site-packages/airflow/example_dags/example_branch_datetime_operator.py took 0.075 seconds
[2022-04-07 23:44:32,103] {processor.py:163} INFO - Started process (PID=283) to work on /home/airflow/.local/lib/python3.7/site-packages/airflow/example_dags/example_branch_datetime_operator.py
[2022-04-07 23:44:32,104] {processor.py:642} INFO - Processing file /home/airflow/.local/lib/python3.7/site-packages/airflow/example_dags/example_branch_datetime_operator.py for tasks to queue
[2022-04-07 23:44:32,105] {logging_mixin.py:109} INFO - [2022-04-07 23:44:32,105] {dagbag.py:500} INFO - Filling up the DagBag from /home/airflow/.local/lib/python3.7/site-packages/airflow/example_dags/example_branch_datetime_operator.py
[2022-04-07 23:44:32,136] {processor.py:654} INFO - DAG(s) dict_keys(['example_branch_datetime_operator_2']) retrieved from /home/airflow/.local/lib/python3.7/site-packages/airflow/example_dags/example_branch_datetime_operator.py
[2022-04-07 23:44:32,146] {logging_mixin.py:109} INFO - [2022-04-07 23:44:32,146] {dag.py:2396} INFO - Sync 1 DAGs
[2022-04-07 23:44:32,163] {logging_mixin.py:109} INFO - [2022-04-07 23:44:32,163] {dag.py:2935} INFO - Setting next_dagrun for example_branch_datetime_operator_2 to 2022-04-06 00:00:00+00:00
[2022-04-07 23:44:32,171] {processor.py:171} INFO - Processing /home/airflow/.local/lib/python3.7/site-packages/airflow/example_dags/example_branch_datetime_operator.py took 0.072 seconds
[2022-04-07 23:45:02,249] {processor.py:163} INFO - Started process (PID=343) to work on /home/airflow/.local/lib/python3.7/site-packages/airflow/example_dags/example_branch_datetime_operator.py
[2022-04-07 23:45:02,252] {processor.py:642} INFO - Processing file /home/airflow/.local/lib/python3.7/site-packages/airflow/example_dags/example_branch_datetime_operator.py for tasks to queue
[2022-04-07 23:45:02,253] {logging_mixin.py:109} INFO - [2022-04-07 23:45:02,253] {dagbag.py:500} INFO - Filling up the DagBag from /home/airflow/.local/lib/python3.7/site-packages/airflow/example_dags/example_branch_datetime_operator.py
[2022-04-07 23:45:02,285] {processor.py:654} INFO - DAG(s) dict_keys(['example_branch_datetime_operator_2']) retrieved from /home/airflow/.local/lib/python3.7/site-packages/airflow/example_dags/example_branch_datetime_operator.py
[2022-04-07 23:45:02,295] {logging_mixin.py:109} INFO - [2022-04-07 23:45:02,295] {dag.py:2396} INFO - Sync 1 DAGs
[2022-04-07 23:45:02,312] {logging_mixin.py:109} INFO - [2022-04-07 23:45:02,312] {dag.py:2935} INFO - Setting next_dagrun for example_branch_datetime_operator_2 to 2022-04-06 00:00:00+00:00
[2022-04-07 23:45:02,321] {processor.py:171} INFO - Processing /home/airflow/.local/lib/python3.7/site-packages/airflow/example_dags/example_branch_datetime_operator.py took 0.076 seconds
[2022-04-07 23:45:32,692] {processor.py:163} INFO - Started process (PID=394) to work on /home/airflow/.local/lib/python3.7/site-packages/airflow/example_dags/example_branch_datetime_operator.py
[2022-04-07 23:45:32,694] {processor.py:642} INFO - Processing file /home/airflow/.local/lib/python3.7/site-packages/airflow/example_dags/example_branch_datetime_operator.py for tasks to queue
[2022-04-07 23:45:32,694] {logging_mixin.py:109} INFO - [2022-04-07 23:45:32,694] {dagbag.py:500} INFO - Filling up the DagBag from /home/airflow/.local/lib/python3.7/site-packages/airflow/example_dags/example_branch_datetime_operator.py
[2022-04-07 23:45:32,726] {processor.py:654} INFO - DAG(s) dict_keys(['example_branch_datetime_operator_2']) retrieved from /home/airflow/.local/lib/python3.7/site-packages/airflow/example_dags/example_branch_datetime_operator.py
[2022-04-07 23:45:32,736] {logging_mixin.py:109} INFO - [2022-04-07 23:45:32,736] {dag.py:2396} INFO - Sync 1 DAGs
[2022-04-07 23:45:32,753] {logging_mixin.py:109} INFO - [2022-04-07 23:45:32,753] {dag.py:2935} INFO - Setting next_dagrun for example_branch_datetime_operator_2 to 2022-04-06 00:00:00+00:00
[2022-04-07 23:45:32,761] {processor.py:171} INFO - Processing /home/airflow/.local/lib/python3.7/site-packages/airflow/example_dags/example_branch_datetime_operator.py took 0.073 seconds
[2022-04-07 23:46:03,073] {processor.py:163} INFO - Started process (PID=455) to work on /home/airflow/.local/lib/python3.7/site-packages/airflow/example_dags/example_branch_datetime_operator.py
[2022-04-07 23:46:03,076] {processor.py:642} INFO - Processing file /home/airflow/.local/lib/python3.7/site-packages/airflow/example_dags/example_branch_datetime_operator.py for tasks to queue
[2022-04-07 23:46:03,076] {logging_mixin.py:109} INFO - [2022-04-07 23:46:03,076] {dagbag.py:500} INFO - Filling up the DagBag from /home/airflow/.local/lib/python3.7/site-packages/airflow/example_dags/example_branch_datetime_operator.py
[2022-04-07 23:46:03,109] {processor.py:654} INFO - DAG(s) dict_keys(['example_branch_datetime_operator_2']) retrieved from /home/airflow/.local/lib/python3.7/site-packages/airflow/example_dags/example_branch_datetime_operator.py
[2022-04-07 23:46:03,119] {logging_mixin.py:109} INFO - [2022-04-07 23:46:03,119] {dag.py:2396} INFO - Sync 1 DAGs
[2022-04-07 23:46:03,136] {logging_mixin.py:109} INFO - [2022-04-07 23:46:03,136] {dag.py:2935} INFO - Setting next_dagrun for example_branch_datetime_operator_2 to 2022-04-06 00:00:00+00:00
[2022-04-07 23:46:03,145] {processor.py:171} INFO - Processing /home/airflow/.local/lib/python3.7/site-packages/airflow/example_dags/example_branch_datetime_operator.py took 0.076 seconds
[2022-04-07 23:46:33,283] {processor.py:163} INFO - Started process (PID=507) to work on /home/airflow/.local/lib/python3.7/site-packages/airflow/example_dags/example_branch_datetime_operator.py
[2022-04-07 23:46:33,284] {processor.py:642} INFO - Processing file /home/airflow/.local/lib/python3.7/site-packages/airflow/example_dags/example_branch_datetime_operator.py for tasks to queue
[2022-04-07 23:46:33,285] {logging_mixin.py:109} INFO - [2022-04-07 23:46:33,285] {dagbag.py:500} INFO - Filling up the DagBag from /home/airflow/.local/lib/python3.7/site-packages/airflow/example_dags/example_branch_datetime_operator.py
[2022-04-07 23:46:33,317] {processor.py:654} INFO - DAG(s) dict_keys(['example_branch_datetime_operator_2']) retrieved from /home/airflow/.local/lib/python3.7/site-packages/airflow/example_dags/example_branch_datetime_operator.py
[2022-04-07 23:46:33,327] {logging_mixin.py:109} INFO - [2022-04-07 23:46:33,327] {dag.py:2396} INFO - Sync 1 DAGs
[2022-04-07 23:46:33,344] {logging_mixin.py:109} INFO - [2022-04-07 23:46:33,344] {dag.py:2935} INFO - Setting next_dagrun for example_branch_datetime_operator_2 to 2022-04-06 00:00:00+00:00
[2022-04-07 23:46:33,353] {processor.py:171} INFO - Processing /home/airflow/.local/lib/python3.7/site-packages/airflow/example_dags/example_branch_datetime_operator.py took 0.074 seconds
[2022-04-07 23:47:03,500] {processor.py:163} INFO - Started process (PID=570) to work on /home/airflow/.local/lib/python3.7/site-packages/airflow/example_dags/example_branch_datetime_operator.py
[2022-04-07 23:47:03,502] {processor.py:642} INFO - Processing file /home/airflow/.local/lib/python3.7/site-packages/airflow/example_dags/example_branch_datetime_operator.py for tasks to queue
[2022-04-07 23:47:03,503] {logging_mixin.py:109} INFO - [2022-04-07 23:47:03,503] {dagbag.py:500} INFO - Filling up the DagBag from /home/airflow/.local/lib/python3.7/site-packages/airflow/example_dags/example_branch_datetime_operator.py
[2022-04-07 23:47:03,535] {processor.py:654} INFO - DAG(s) dict_keys(['example_branch_datetime_operator_2']) retrieved from /home/airflow/.local/lib/python3.7/site-packages/airflow/example_dags/example_branch_datetime_operator.py
[2022-04-07 23:47:03,544] {logging_mixin.py:109} INFO - [2022-04-07 23:47:03,544] {dag.py:2396} INFO - Sync 1 DAGs
[2022-04-07 23:47:03,566] {logging_mixin.py:109} INFO - [2022-04-07 23:47:03,566] {dag.py:2935} INFO - Setting next_dagrun for example_branch_datetime_operator_2 to 2022-04-06 00:00:00+00:00
[2022-04-07 23:47:03,574] {processor.py:171} INFO - Processing /home/airflow/.local/lib/python3.7/site-packages/airflow/example_dags/example_branch_datetime_operator.py took 0.078 seconds
[2022-04-07 23:47:33,727] {processor.py:163} INFO - Started process (PID=622) to work on /home/airflow/.local/lib/python3.7/site-packages/airflow/example_dags/example_branch_datetime_operator.py
[2022-04-07 23:47:33,728] {processor.py:642} INFO - Processing file /home/airflow/.local/lib/python3.7/site-packages/airflow/example_dags/example_branch_datetime_operator.py for tasks to queue
[2022-04-07 23:47:33,729] {logging_mixin.py:109} INFO - [2022-04-07 23:47:33,729] {dagbag.py:500} INFO - Filling up the DagBag from /home/airflow/.local/lib/python3.7/site-packages/airflow/example_dags/example_branch_datetime_operator.py
[2022-04-07 23:47:33,763] {processor.py:654} INFO - DAG(s) dict_keys(['example_branch_datetime_operator_2']) retrieved from /home/airflow/.local/lib/python3.7/site-packages/airflow/example_dags/example_branch_datetime_operator.py
[2022-04-07 23:47:33,777] {logging_mixin.py:109} INFO - [2022-04-07 23:47:33,777] {dag.py:2396} INFO - Sync 1 DAGs
[2022-04-07 23:47:33,803] {logging_mixin.py:109} INFO - [2022-04-07 23:47:33,803] {dag.py:2935} INFO - Setting next_dagrun for example_branch_datetime_operator_2 to 2022-04-06 00:00:00+00:00
[2022-04-07 23:47:33,814] {processor.py:171} INFO - Processing /home/airflow/.local/lib/python3.7/site-packages/airflow/example_dags/example_branch_datetime_operator.py took 0.091 seconds
[2022-04-07 23:48:04,049] {processor.py:163} INFO - Started process (PID=682) to work on /home/airflow/.local/lib/python3.7/site-packages/airflow/example_dags/example_branch_datetime_operator.py
[2022-04-07 23:48:04,051] {processor.py:642} INFO - Processing file /home/airflow/.local/lib/python3.7/site-packages/airflow/example_dags/example_branch_datetime_operator.py for tasks to queue
[2022-04-07 23:48:04,052] {logging_mixin.py:109} INFO - [2022-04-07 23:48:04,052] {dagbag.py:500} INFO - Filling up the DagBag from /home/airflow/.local/lib/python3.7/site-packages/airflow/example_dags/example_branch_datetime_operator.py
[2022-04-07 23:48:04,084] {processor.py:654} INFO - DAG(s) dict_keys(['example_branch_datetime_operator_2']) retrieved from /home/airflow/.local/lib/python3.7/site-packages/airflow/example_dags/example_branch_datetime_operator.py
[2022-04-07 23:48:04,094] {logging_mixin.py:109} INFO - [2022-04-07 23:48:04,093] {dag.py:2396} INFO - Sync 1 DAGs
[2022-04-07 23:48:04,111] {logging_mixin.py:109} INFO - [2022-04-07 23:48:04,111] {dag.py:2935} INFO - Setting next_dagrun for example_branch_datetime_operator_2 to 2022-04-06 00:00:00+00:00
[2022-04-07 23:48:04,120] {processor.py:171} INFO - Processing /home/airflow/.local/lib/python3.7/site-packages/airflow/example_dags/example_branch_datetime_operator.py took 0.075 seconds
[2022-04-07 23:48:34,287] {processor.py:163} INFO - Started process (PID=733) to work on /home/airflow/.local/lib/python3.7/site-packages/airflow/example_dags/example_branch_datetime_operator.py
[2022-04-07 23:48:34,289] {processor.py:642} INFO - Processing file /home/airflow/.local/lib/python3.7/site-packages/airflow/example_dags/example_branch_datetime_operator.py for tasks to queue
[2022-04-07 23:48:34,290] {logging_mixin.py:109} INFO - [2022-04-07 23:48:34,290] {dagbag.py:500} INFO - Filling up the DagBag from /home/airflow/.local/lib/python3.7/site-packages/airflow/example_dags/example_branch_datetime_operator.py
[2022-04-07 23:48:34,326] {processor.py:654} INFO - DAG(s) dict_keys(['example_branch_datetime_operator_2']) retrieved from /home/airflow/.local/lib/python3.7/site-packages/airflow/example_dags/example_branch_datetime_operator.py
[2022-04-07 23:48:34,338] {logging_mixin.py:109} INFO - [2022-04-07 23:48:34,338] {dag.py:2396} INFO - Sync 1 DAGs
[2022-04-07 23:48:34,364] {logging_mixin.py:109} INFO - [2022-04-07 23:48:34,364] {dag.py:2935} INFO - Setting next_dagrun for example_branch_datetime_operator_2 to 2022-04-06 00:00:00+00:00
[2022-04-07 23:48:34,378] {processor.py:171} INFO - Processing /home/airflow/.local/lib/python3.7/site-packages/airflow/example_dags/example_branch_datetime_operator.py took 0.095 seconds
[2022-04-07 23:49:04,528] {processor.py:163} INFO - Started process (PID=799) to work on /home/airflow/.local/lib/python3.7/site-packages/airflow/example_dags/example_branch_datetime_operator.py
[2022-04-07 23:49:04,529] {processor.py:642} INFO - Processing file /home/airflow/.local/lib/python3.7/site-packages/airflow/example_dags/example_branch_datetime_operator.py for tasks to queue
[2022-04-07 23:49:04,530] {logging_mixin.py:109} INFO - [2022-04-07 23:49:04,530] {dagbag.py:500} INFO - Filling up the DagBag from /home/airflow/.local/lib/python3.7/site-packages/airflow/example_dags/example_branch_datetime_operator.py
[2022-04-07 23:49:04,574] {processor.py:654} INFO - DAG(s) dict_keys(['example_branch_datetime_operator_2']) retrieved from /home/airflow/.local/lib/python3.7/site-packages/airflow/example_dags/example_branch_datetime_operator.py
[2022-04-07 23:49:04,587] {logging_mixin.py:109} INFO - [2022-04-07 23:49:04,587] {dag.py:2396} INFO - Sync 1 DAGs
[2022-04-07 23:49:04,613] {logging_mixin.py:109} INFO - [2022-04-07 23:49:04,613] {dag.py:2935} INFO - Setting next_dagrun for example_branch_datetime_operator_2 to 2022-04-06 00:00:00+00:00
[2022-04-07 23:49:04,625] {processor.py:171} INFO - Processing /home/airflow/.local/lib/python3.7/site-packages/airflow/example_dags/example_branch_datetime_operator.py took 0.103 seconds
[2022-04-07 23:49:34,877] {processor.py:163} INFO - Started process (PID=850) to work on /home/airflow/.local/lib/python3.7/site-packages/airflow/example_dags/example_branch_datetime_operator.py
[2022-04-07 23:49:34,878] {processor.py:642} INFO - Processing file /home/airflow/.local/lib/python3.7/site-packages/airflow/example_dags/example_branch_datetime_operator.py for tasks to queue
[2022-04-07 23:49:34,879] {logging_mixin.py:109} INFO - [2022-04-07 23:49:34,879] {dagbag.py:500} INFO - Filling up the DagBag from /home/airflow/.local/lib/python3.7/site-packages/airflow/example_dags/example_branch_datetime_operator.py
[2022-04-07 23:49:34,911] {processor.py:654} INFO - DAG(s) dict_keys(['example_branch_datetime_operator_2']) retrieved from /home/airflow/.local/lib/python3.7/site-packages/airflow/example_dags/example_branch_datetime_operator.py
[2022-04-07 23:49:34,921] {logging_mixin.py:109} INFO - [2022-04-07 23:49:34,921] {dag.py:2396} INFO - Sync 1 DAGs
[2022-04-07 23:49:34,938] {logging_mixin.py:109} INFO - [2022-04-07 23:49:34,938] {dag.py:2935} INFO - Setting next_dagrun for example_branch_datetime_operator_2 to 2022-04-06 00:00:00+00:00
[2022-04-07 23:49:34,947] {processor.py:171} INFO - Processing /home/airflow/.local/lib/python3.7/site-packages/airflow/example_dags/example_branch_datetime_operator.py took 0.074 seconds
[2022-04-07 23:50:04,980] {processor.py:163} INFO - Started process (PID=911) to work on /home/airflow/.local/lib/python3.7/site-packages/airflow/example_dags/example_branch_datetime_operator.py
[2022-04-07 23:50:04,982] {processor.py:642} INFO - Processing file /home/airflow/.local/lib/python3.7/site-packages/airflow/example_dags/example_branch_datetime_operator.py for tasks to queue
[2022-04-07 23:50:04,982] {logging_mixin.py:109} INFO - [2022-04-07 23:50:04,982] {dagbag.py:500} INFO - Filling up the DagBag from /home/airflow/.local/lib/python3.7/site-packages/airflow/example_dags/example_branch_datetime_operator.py
[2022-04-07 23:50:05,014] {processor.py:654} INFO - DAG(s) dict_keys(['example_branch_datetime_operator_2']) retrieved from /home/airflow/.local/lib/python3.7/site-packages/airflow/example_dags/example_branch_datetime_operator.py
[2022-04-07 23:50:05,024] {logging_mixin.py:109} INFO - [2022-04-07 23:50:05,023] {dag.py:2396} INFO - Sync 1 DAGs
[2022-04-07 23:50:05,041] {logging_mixin.py:109} INFO - [2022-04-07 23:50:05,041] {dag.py:2935} INFO - Setting next_dagrun for example_branch_datetime_operator_2 to 2022-04-06 00:00:00+00:00
[2022-04-07 23:50:05,050] {processor.py:171} INFO - Processing /home/airflow/.local/lib/python3.7/site-packages/airflow/example_dags/example_branch_datetime_operator.py took 0.074 seconds
[2022-04-07 23:50:35,619] {processor.py:163} INFO - Started process (PID=963) to work on /home/airflow/.local/lib/python3.7/site-packages/airflow/example_dags/example_branch_datetime_operator.py
[2022-04-07 23:50:35,621] {processor.py:642} INFO - Processing file /home/airflow/.local/lib/python3.7/site-packages/airflow/example_dags/example_branch_datetime_operator.py for tasks to queue
[2022-04-07 23:50:35,621] {logging_mixin.py:109} INFO - [2022-04-07 23:50:35,621] {dagbag.py:500} INFO - Filling up the DagBag from /home/airflow/.local/lib/python3.7/site-packages/airflow/example_dags/example_branch_datetime_operator.py
[2022-04-07 23:50:35,657] {processor.py:654} INFO - DAG(s) dict_keys(['example_branch_datetime_operator_2']) retrieved from /home/airflow/.local/lib/python3.7/site-packages/airflow/example_dags/example_branch_datetime_operator.py
[2022-04-07 23:50:35,671] {logging_mixin.py:109} INFO - [2022-04-07 23:50:35,671] {dag.py:2396} INFO - Sync 1 DAGs
[2022-04-07 23:50:35,697] {logging_mixin.py:109} INFO - [2022-04-07 23:50:35,696] {dag.py:2935} INFO - Setting next_dagrun for example_branch_datetime_operator_2 to 2022-04-06 00:00:00+00:00
[2022-04-07 23:50:35,708] {processor.py:171} INFO - Processing /home/airflow/.local/lib/python3.7/site-packages/airflow/example_dags/example_branch_datetime_operator.py took 0.093 seconds
[2022-04-07 23:51:06,189] {processor.py:163} INFO - Started process (PID=1024) to work on /home/airflow/.local/lib/python3.7/site-packages/airflow/example_dags/example_branch_datetime_operator.py
[2022-04-07 23:51:06,190] {processor.py:642} INFO - Processing file /home/airflow/.local/lib/python3.7/site-packages/airflow/example_dags/example_branch_datetime_operator.py for tasks to queue
[2022-04-07 23:51:06,191] {logging_mixin.py:109} INFO - [2022-04-07 23:51:06,191] {dagbag.py:500} INFO - Filling up the DagBag from /home/airflow/.local/lib/python3.7/site-packages/airflow/example_dags/example_branch_datetime_operator.py
[2022-04-07 23:51:06,227] {processor.py:654} INFO - DAG(s) dict_keys(['example_branch_datetime_operator_2']) retrieved from /home/airflow/.local/lib/python3.7/site-packages/airflow/example_dags/example_branch_datetime_operator.py
[2022-04-07 23:51:06,241] {logging_mixin.py:109} INFO - [2022-04-07 23:51:06,241] {dag.py:2396} INFO - Sync 1 DAGs
[2022-04-07 23:51:06,263] {logging_mixin.py:109} INFO - [2022-04-07 23:51:06,263] {dag.py:2935} INFO - Setting next_dagrun for example_branch_datetime_operator_2 to 2022-04-06 00:00:00+00:00
[2022-04-07 23:51:06,273] {processor.py:171} INFO - Processing /home/airflow/.local/lib/python3.7/site-packages/airflow/example_dags/example_branch_datetime_operator.py took 0.088 seconds
[2022-04-07 23:51:36,655] {processor.py:163} INFO - Started process (PID=1076) to work on /home/airflow/.local/lib/python3.7/site-packages/airflow/example_dags/example_branch_datetime_operator.py
[2022-04-07 23:51:36,657] {processor.py:642} INFO - Processing file /home/airflow/.local/lib/python3.7/site-packages/airflow/example_dags/example_branch_datetime_operator.py for tasks to queue
[2022-04-07 23:51:36,657] {logging_mixin.py:109} INFO - [2022-04-07 23:51:36,657] {dagbag.py:500} INFO - Filling up the DagBag from /home/airflow/.local/lib/python3.7/site-packages/airflow/example_dags/example_branch_datetime_operator.py
[2022-04-07 23:51:36,690] {processor.py:654} INFO - DAG(s) dict_keys(['example_branch_datetime_operator_2']) retrieved from /home/airflow/.local/lib/python3.7/site-packages/airflow/example_dags/example_branch_datetime_operator.py
[2022-04-07 23:51:36,701] {logging_mixin.py:109} INFO - [2022-04-07 23:51:36,701] {dag.py:2396} INFO - Sync 1 DAGs
[2022-04-07 23:51:36,719] {logging_mixin.py:109} INFO - [2022-04-07 23:51:36,719] {dag.py:2935} INFO - Setting next_dagrun for example_branch_datetime_operator_2 to 2022-04-06 00:00:00+00:00
[2022-04-07 23:51:36,728] {processor.py:171} INFO - Processing /home/airflow/.local/lib/python3.7/site-packages/airflow/example_dags/example_branch_datetime_operator.py took 0.077 seconds
[2022-04-07 23:52:06,968] {processor.py:163} INFO - Started process (PID=1138) to work on /home/airflow/.local/lib/python3.7/site-packages/airflow/example_dags/example_branch_datetime_operator.py
[2022-04-07 23:52:06,969] {processor.py:642} INFO - Processing file /home/airflow/.local/lib/python3.7/site-packages/airflow/example_dags/example_branch_datetime_operator.py for tasks to queue
[2022-04-07 23:52:06,970] {logging_mixin.py:109} INFO - [2022-04-07 23:52:06,970] {dagbag.py:500} INFO - Filling up the DagBag from /home/airflow/.local/lib/python3.7/site-packages/airflow/example_dags/example_branch_datetime_operator.py
[2022-04-07 23:52:07,003] {processor.py:654} INFO - DAG(s) dict_keys(['example_branch_datetime_operator_2']) retrieved from /home/airflow/.local/lib/python3.7/site-packages/airflow/example_dags/example_branch_datetime_operator.py
[2022-04-07 23:52:07,013] {logging_mixin.py:109} INFO - [2022-04-07 23:52:07,013] {dag.py:2396} INFO - Sync 1 DAGs
[2022-04-07 23:52:07,031] {logging_mixin.py:109} INFO - [2022-04-07 23:52:07,031] {dag.py:2935} INFO - Setting next_dagrun for example_branch_datetime_operator_2 to 2022-04-06 00:00:00+00:00
[2022-04-07 23:52:07,040] {processor.py:171} INFO - Processing /home/airflow/.local/lib/python3.7/site-packages/airflow/example_dags/example_branch_datetime_operator.py took 0.077 seconds
[2022-04-07 23:52:37,325] {processor.py:163} INFO - Started process (PID=1189) to work on /home/airflow/.local/lib/python3.7/site-packages/airflow/example_dags/example_branch_datetime_operator.py
[2022-04-07 23:52:37,327] {processor.py:642} INFO - Processing file /home/airflow/.local/lib/python3.7/site-packages/airflow/example_dags/example_branch_datetime_operator.py for tasks to queue
[2022-04-07 23:52:37,328] {logging_mixin.py:109} INFO - [2022-04-07 23:52:37,328] {dagbag.py:500} INFO - Filling up the DagBag from /home/airflow/.local/lib/python3.7/site-packages/airflow/example_dags/example_branch_datetime_operator.py
[2022-04-07 23:52:37,360] {processor.py:654} INFO - DAG(s) dict_keys(['example_branch_datetime_operator_2']) retrieved from /home/airflow/.local/lib/python3.7/site-packages/airflow/example_dags/example_branch_datetime_operator.py
[2022-04-07 23:52:37,370] {logging_mixin.py:109} INFO - [2022-04-07 23:52:37,369] {dag.py:2396} INFO - Sync 1 DAGs
[2022-04-07 23:52:37,387] {logging_mixin.py:109} INFO - [2022-04-07 23:52:37,387] {dag.py:2935} INFO - Setting next_dagrun for example_branch_datetime_operator_2 to 2022-04-06 00:00:00+00:00
[2022-04-07 23:52:37,396] {processor.py:171} INFO - Processing /home/airflow/.local/lib/python3.7/site-packages/airflow/example_dags/example_branch_datetime_operator.py took 0.075 seconds
[2022-04-07 23:53:07,627] {processor.py:163} INFO - Started process (PID=1240) to work on /home/airflow/.local/lib/python3.7/site-packages/airflow/example_dags/example_branch_datetime_operator.py
[2022-04-07 23:53:07,628] {processor.py:642} INFO - Processing file /home/airflow/.local/lib/python3.7/site-packages/airflow/example_dags/example_branch_datetime_operator.py for tasks to queue
[2022-04-07 23:53:07,629] {logging_mixin.py:109} INFO - [2022-04-07 23:53:07,629] {dagbag.py:500} INFO - Filling up the DagBag from /home/airflow/.local/lib/python3.7/site-packages/airflow/example_dags/example_branch_datetime_operator.py
[2022-04-07 23:53:07,661] {processor.py:654} INFO - DAG(s) dict_keys(['example_branch_datetime_operator_2']) retrieved from /home/airflow/.local/lib/python3.7/site-packages/airflow/example_dags/example_branch_datetime_operator.py
[2022-04-07 23:53:07,671] {logging_mixin.py:109} INFO - [2022-04-07 23:53:07,671] {dag.py:2396} INFO - Sync 1 DAGs
[2022-04-07 23:53:07,688] {logging_mixin.py:109} INFO - [2022-04-07 23:53:07,688] {dag.py:2935} INFO - Setting next_dagrun for example_branch_datetime_operator_2 to 2022-04-06 00:00:00+00:00
[2022-04-07 23:53:07,697] {processor.py:171} INFO - Processing /home/airflow/.local/lib/python3.7/site-packages/airflow/example_dags/example_branch_datetime_operator.py took 0.074 seconds
[2022-04-07 23:53:37,919] {processor.py:163} INFO - Started process (PID=1301) to work on /home/airflow/.local/lib/python3.7/site-packages/airflow/example_dags/example_branch_datetime_operator.py
[2022-04-07 23:53:37,921] {processor.py:642} INFO - Processing file /home/airflow/.local/lib/python3.7/site-packages/airflow/example_dags/example_branch_datetime_operator.py for tasks to queue
[2022-04-07 23:53:37,922] {logging_mixin.py:109} INFO - [2022-04-07 23:53:37,922] {dagbag.py:500} INFO - Filling up the DagBag from /home/airflow/.local/lib/python3.7/site-packages/airflow/example_dags/example_branch_datetime_operator.py
[2022-04-07 23:53:37,954] {processor.py:654} INFO - DAG(s) dict_keys(['example_branch_datetime_operator_2']) retrieved from /home/airflow/.local/lib/python3.7/site-packages/airflow/example_dags/example_branch_datetime_operator.py
[2022-04-07 23:53:37,964] {logging_mixin.py:109} INFO - [2022-04-07 23:53:37,964] {dag.py:2396} INFO - Sync 1 DAGs
[2022-04-07 23:53:37,981] {logging_mixin.py:109} INFO - [2022-04-07 23:53:37,981] {dag.py:2935} INFO - Setting next_dagrun for example_branch_datetime_operator_2 to 2022-04-06 00:00:00+00:00
[2022-04-07 23:53:37,990] {processor.py:171} INFO - Processing /home/airflow/.local/lib/python3.7/site-packages/airflow/example_dags/example_branch_datetime_operator.py took 0.075 seconds
[2022-04-07 23:54:08,729] {processor.py:163} INFO - Started process (PID=1352) to work on /home/airflow/.local/lib/python3.7/site-packages/airflow/example_dags/example_branch_datetime_operator.py
[2022-04-07 23:54:08,730] {processor.py:642} INFO - Processing file /home/airflow/.local/lib/python3.7/site-packages/airflow/example_dags/example_branch_datetime_operator.py for tasks to queue
[2022-04-07 23:54:08,731] {logging_mixin.py:109} INFO - [2022-04-07 23:54:08,731] {dagbag.py:500} INFO - Filling up the DagBag from /home/airflow/.local/lib/python3.7/site-packages/airflow/example_dags/example_branch_datetime_operator.py
[2022-04-07 23:54:08,763] {processor.py:654} INFO - DAG(s) dict_keys(['example_branch_datetime_operator_2']) retrieved from /home/airflow/.local/lib/python3.7/site-packages/airflow/example_dags/example_branch_datetime_operator.py
[2022-04-07 23:54:08,773] {logging_mixin.py:109} INFO - [2022-04-07 23:54:08,773] {dag.py:2396} INFO - Sync 1 DAGs
[2022-04-07 23:54:08,790] {logging_mixin.py:109} INFO - [2022-04-07 23:54:08,790] {dag.py:2935} INFO - Setting next_dagrun for example_branch_datetime_operator_2 to 2022-04-06 00:00:00+00:00
[2022-04-07 23:54:08,798] {processor.py:171} INFO - Processing /home/airflow/.local/lib/python3.7/site-packages/airflow/example_dags/example_branch_datetime_operator.py took 0.075 seconds
[2022-04-07 23:54:39,402] {processor.py:163} INFO - Started process (PID=1414) to work on /home/airflow/.local/lib/python3.7/site-packages/airflow/example_dags/example_branch_datetime_operator.py
[2022-04-07 23:54:39,404] {processor.py:642} INFO - Processing file /home/airflow/.local/lib/python3.7/site-packages/airflow/example_dags/example_branch_datetime_operator.py for tasks to queue
[2022-04-07 23:54:39,405] {logging_mixin.py:109} INFO - [2022-04-07 23:54:39,405] {dagbag.py:500} INFO - Filling up the DagBag from /home/airflow/.local/lib/python3.7/site-packages/airflow/example_dags/example_branch_datetime_operator.py
[2022-04-07 23:54:39,442] {processor.py:654} INFO - DAG(s) dict_keys(['example_branch_datetime_operator_2']) retrieved from /home/airflow/.local/lib/python3.7/site-packages/airflow/example_dags/example_branch_datetime_operator.py
[2022-04-07 23:54:39,454] {logging_mixin.py:109} INFO - [2022-04-07 23:54:39,454] {dag.py:2396} INFO - Sync 1 DAGs
[2022-04-07 23:54:39,471] {logging_mixin.py:109} INFO - [2022-04-07 23:54:39,471] {dag.py:2935} INFO - Setting next_dagrun for example_branch_datetime_operator_2 to 2022-04-06 00:00:00+00:00
[2022-04-07 23:54:39,479] {processor.py:171} INFO - Processing /home/airflow/.local/lib/python3.7/site-packages/airflow/example_dags/example_branch_datetime_operator.py took 0.081 seconds
[2022-04-07 23:55:10,296] {processor.py:163} INFO - Started process (PID=1466) to work on /home/airflow/.local/lib/python3.7/site-packages/airflow/example_dags/example_branch_datetime_operator.py
[2022-04-07 23:55:10,298] {processor.py:642} INFO - Processing file /home/airflow/.local/lib/python3.7/site-packages/airflow/example_dags/example_branch_datetime_operator.py for tasks to queue
[2022-04-07 23:55:10,299] {logging_mixin.py:109} INFO - [2022-04-07 23:55:10,299] {dagbag.py:500} INFO - Filling up the DagBag from /home/airflow/.local/lib/python3.7/site-packages/airflow/example_dags/example_branch_datetime_operator.py
[2022-04-07 23:55:10,332] {processor.py:654} INFO - DAG(s) dict_keys(['example_branch_datetime_operator_2']) retrieved from /home/airflow/.local/lib/python3.7/site-packages/airflow/example_dags/example_branch_datetime_operator.py
[2022-04-07 23:55:10,342] {logging_mixin.py:109} INFO - [2022-04-07 23:55:10,342] {dag.py:2396} INFO - Sync 1 DAGs
[2022-04-07 23:55:10,360] {logging_mixin.py:109} INFO - [2022-04-07 23:55:10,360] {dag.py:2935} INFO - Setting next_dagrun for example_branch_datetime_operator_2 to 2022-04-06 00:00:00+00:00
[2022-04-07 23:55:10,368] {processor.py:171} INFO - Processing /home/airflow/.local/lib/python3.7/site-packages/airflow/example_dags/example_branch_datetime_operator.py took 0.077 seconds
[2022-04-07 23:55:40,515] {processor.py:163} INFO - Started process (PID=1529) to work on /home/airflow/.local/lib/python3.7/site-packages/airflow/example_dags/example_branch_datetime_operator.py
[2022-04-07 23:55:40,517] {processor.py:642} INFO - Processing file /home/airflow/.local/lib/python3.7/site-packages/airflow/example_dags/example_branch_datetime_operator.py for tasks to queue
[2022-04-07 23:55:40,517] {logging_mixin.py:109} INFO - [2022-04-07 23:55:40,517] {dagbag.py:500} INFO - Filling up the DagBag from /home/airflow/.local/lib/python3.7/site-packages/airflow/example_dags/example_branch_datetime_operator.py
[2022-04-07 23:55:40,550] {processor.py:654} INFO - DAG(s) dict_keys(['example_branch_datetime_operator_2']) retrieved from /home/airflow/.local/lib/python3.7/site-packages/airflow/example_dags/example_branch_datetime_operator.py
[2022-04-07 23:55:40,560] {logging_mixin.py:109} INFO - [2022-04-07 23:55:40,560] {dag.py:2396} INFO - Sync 1 DAGs
[2022-04-07 23:55:40,577] {logging_mixin.py:109} INFO - [2022-04-07 23:55:40,577] {dag.py:2935} INFO - Setting next_dagrun for example_branch_datetime_operator_2 to 2022-04-06 00:00:00+00:00
[2022-04-07 23:55:40,586] {processor.py:171} INFO - Processing /home/airflow/.local/lib/python3.7/site-packages/airflow/example_dags/example_branch_datetime_operator.py took 0.075 seconds
[2022-04-07 23:56:10,799] {processor.py:163} INFO - Started process (PID=1579) to work on /home/airflow/.local/lib/python3.7/site-packages/airflow/example_dags/example_branch_datetime_operator.py
[2022-04-07 23:56:10,801] {processor.py:642} INFO - Processing file /home/airflow/.local/lib/python3.7/site-packages/airflow/example_dags/example_branch_datetime_operator.py for tasks to queue
[2022-04-07 23:56:10,802] {logging_mixin.py:109} INFO - [2022-04-07 23:56:10,802] {dagbag.py:500} INFO - Filling up the DagBag from /home/airflow/.local/lib/python3.7/site-packages/airflow/example_dags/example_branch_datetime_operator.py
[2022-04-07 23:56:10,833] {processor.py:654} INFO - DAG(s) dict_keys(['example_branch_datetime_operator_2']) retrieved from /home/airflow/.local/lib/python3.7/site-packages/airflow/example_dags/example_branch_datetime_operator.py
[2022-04-07 23:56:10,843] {logging_mixin.py:109} INFO - [2022-04-07 23:56:10,843] {dag.py:2396} INFO - Sync 1 DAGs
[2022-04-07 23:56:10,860] {logging_mixin.py:109} INFO - [2022-04-07 23:56:10,860] {dag.py:2935} INFO - Setting next_dagrun for example_branch_datetime_operator_2 to 2022-04-06 00:00:00+00:00
[2022-04-07 23:56:10,869] {processor.py:171} INFO - Processing /home/airflow/.local/lib/python3.7/site-packages/airflow/example_dags/example_branch_datetime_operator.py took 0.075 seconds
[2022-04-07 23:56:40,897] {processor.py:163} INFO - Started process (PID=1641) to work on /home/airflow/.local/lib/python3.7/site-packages/airflow/example_dags/example_branch_datetime_operator.py
[2022-04-07 23:56:40,898] {processor.py:642} INFO - Processing file /home/airflow/.local/lib/python3.7/site-packages/airflow/example_dags/example_branch_datetime_operator.py for tasks to queue
[2022-04-07 23:56:40,899] {logging_mixin.py:109} INFO - [2022-04-07 23:56:40,899] {dagbag.py:500} INFO - Filling up the DagBag from /home/airflow/.local/lib/python3.7/site-packages/airflow/example_dags/example_branch_datetime_operator.py
[2022-04-07 23:56:40,931] {processor.py:654} INFO - DAG(s) dict_keys(['example_branch_datetime_operator_2']) retrieved from /home/airflow/.local/lib/python3.7/site-packages/airflow/example_dags/example_branch_datetime_operator.py
[2022-04-07 23:56:40,940] {logging_mixin.py:109} INFO - [2022-04-07 23:56:40,940] {dag.py:2396} INFO - Sync 1 DAGs
[2022-04-07 23:56:40,957] {logging_mixin.py:109} INFO - [2022-04-07 23:56:40,957] {dag.py:2935} INFO - Setting next_dagrun for example_branch_datetime_operator_2 to 2022-04-06 00:00:00+00:00
[2022-04-07 23:56:40,965] {processor.py:171} INFO - Processing /home/airflow/.local/lib/python3.7/site-packages/airflow/example_dags/example_branch_datetime_operator.py took 0.073 seconds
[2022-04-07 23:57:11,532] {processor.py:163} INFO - Started process (PID=1694) to work on /home/airflow/.local/lib/python3.7/site-packages/airflow/example_dags/example_branch_datetime_operator.py
[2022-04-07 23:57:11,534] {processor.py:642} INFO - Processing file /home/airflow/.local/lib/python3.7/site-packages/airflow/example_dags/example_branch_datetime_operator.py for tasks to queue
[2022-04-07 23:57:11,535] {logging_mixin.py:109} INFO - [2022-04-07 23:57:11,535] {dagbag.py:500} INFO - Filling up the DagBag from /home/airflow/.local/lib/python3.7/site-packages/airflow/example_dags/example_branch_datetime_operator.py
[2022-04-07 23:57:11,566] {processor.py:654} INFO - DAG(s) dict_keys(['example_branch_datetime_operator_2']) retrieved from /home/airflow/.local/lib/python3.7/site-packages/airflow/example_dags/example_branch_datetime_operator.py
[2022-04-07 23:57:11,576] {logging_mixin.py:109} INFO - [2022-04-07 23:57:11,576] {dag.py:2396} INFO - Sync 1 DAGs
[2022-04-07 23:57:11,594] {logging_mixin.py:109} INFO - [2022-04-07 23:57:11,594] {dag.py:2935} INFO - Setting next_dagrun for example_branch_datetime_operator_2 to 2022-04-06 00:00:00+00:00
[2022-04-07 23:57:11,602] {processor.py:171} INFO - Processing /home/airflow/.local/lib/python3.7/site-packages/airflow/example_dags/example_branch_datetime_operator.py took 0.074 seconds
[2022-04-07 23:57:42,009] {processor.py:163} INFO - Started process (PID=1756) to work on /home/airflow/.local/lib/python3.7/site-packages/airflow/example_dags/example_branch_datetime_operator.py
[2022-04-07 23:57:42,011] {processor.py:642} INFO - Processing file /home/airflow/.local/lib/python3.7/site-packages/airflow/example_dags/example_branch_datetime_operator.py for tasks to queue
[2022-04-07 23:57:42,012] {logging_mixin.py:109} INFO - [2022-04-07 23:57:42,012] {dagbag.py:500} INFO - Filling up the DagBag from /home/airflow/.local/lib/python3.7/site-packages/airflow/example_dags/example_branch_datetime_operator.py
[2022-04-07 23:57:42,043] {processor.py:654} INFO - DAG(s) dict_keys(['example_branch_datetime_operator_2']) retrieved from /home/airflow/.local/lib/python3.7/site-packages/airflow/example_dags/example_branch_datetime_operator.py
[2022-04-07 23:57:42,053] {logging_mixin.py:109} INFO - [2022-04-07 23:57:42,053] {dag.py:2396} INFO - Sync 1 DAGs
[2022-04-07 23:57:42,070] {logging_mixin.py:109} INFO - [2022-04-07 23:57:42,070] {dag.py:2935} INFO - Setting next_dagrun for example_branch_datetime_operator_2 to 2022-04-06 00:00:00+00:00
[2022-04-07 23:57:42,078] {processor.py:171} INFO - Processing /home/airflow/.local/lib/python3.7/site-packages/airflow/example_dags/example_branch_datetime_operator.py took 0.073 seconds
[2022-04-07 23:58:12,117] {processor.py:163} INFO - Started process (PID=1808) to work on /home/airflow/.local/lib/python3.7/site-packages/airflow/example_dags/example_branch_datetime_operator.py
[2022-04-07 23:58:12,119] {processor.py:642} INFO - Processing file /home/airflow/.local/lib/python3.7/site-packages/airflow/example_dags/example_branch_datetime_operator.py for tasks to queue
[2022-04-07 23:58:12,120] {logging_mixin.py:109} INFO - [2022-04-07 23:58:12,120] {dagbag.py:500} INFO - Filling up the DagBag from /home/airflow/.local/lib/python3.7/site-packages/airflow/example_dags/example_branch_datetime_operator.py
[2022-04-07 23:58:12,152] {processor.py:654} INFO - DAG(s) dict_keys(['example_branch_datetime_operator_2']) retrieved from /home/airflow/.local/lib/python3.7/site-packages/airflow/example_dags/example_branch_datetime_operator.py
[2022-04-07 23:58:12,162] {logging_mixin.py:109} INFO - [2022-04-07 23:58:12,161] {dag.py:2396} INFO - Sync 1 DAGs
[2022-04-07 23:58:12,179] {logging_mixin.py:109} INFO - [2022-04-07 23:58:12,179] {dag.py:2935} INFO - Setting next_dagrun for example_branch_datetime_operator_2 to 2022-04-06 00:00:00+00:00
[2022-04-07 23:58:12,187] {processor.py:171} INFO - Processing /home/airflow/.local/lib/python3.7/site-packages/airflow/example_dags/example_branch_datetime_operator.py took 0.075 seconds
[2022-04-07 23:58:42,649] {processor.py:163} INFO - Started process (PID=1872) to work on /home/airflow/.local/lib/python3.7/site-packages/airflow/example_dags/example_branch_datetime_operator.py
[2022-04-07 23:58:42,650] {processor.py:642} INFO - Processing file /home/airflow/.local/lib/python3.7/site-packages/airflow/example_dags/example_branch_datetime_operator.py for tasks to queue
[2022-04-07 23:58:42,651] {logging_mixin.py:109} INFO - [2022-04-07 23:58:42,651] {dagbag.py:500} INFO - Filling up the DagBag from /home/airflow/.local/lib/python3.7/site-packages/airflow/example_dags/example_branch_datetime_operator.py
[2022-04-07 23:58:42,682] {processor.py:654} INFO - DAG(s) dict_keys(['example_branch_datetime_operator_2']) retrieved from /home/airflow/.local/lib/python3.7/site-packages/airflow/example_dags/example_branch_datetime_operator.py
[2022-04-07 23:58:42,692] {logging_mixin.py:109} INFO - [2022-04-07 23:58:42,692] {dag.py:2396} INFO - Sync 1 DAGs
[2022-04-07 23:58:42,709] {logging_mixin.py:109} INFO - [2022-04-07 23:58:42,709] {dag.py:2935} INFO - Setting next_dagrun for example_branch_datetime_operator_2 to 2022-04-06 00:00:00+00:00
[2022-04-07 23:58:42,718] {processor.py:171} INFO - Processing /home/airflow/.local/lib/python3.7/site-packages/airflow/example_dags/example_branch_datetime_operator.py took 0.074 seconds
[2022-04-07 23:59:13,218] {processor.py:163} INFO - Started process (PID=1925) to work on /home/airflow/.local/lib/python3.7/site-packages/airflow/example_dags/example_branch_datetime_operator.py
[2022-04-07 23:59:13,220] {processor.py:642} INFO - Processing file /home/airflow/.local/lib/python3.7/site-packages/airflow/example_dags/example_branch_datetime_operator.py for tasks to queue
[2022-04-07 23:59:13,221] {logging_mixin.py:109} INFO - [2022-04-07 23:59:13,221] {dagbag.py:500} INFO - Filling up the DagBag from /home/airflow/.local/lib/python3.7/site-packages/airflow/example_dags/example_branch_datetime_operator.py
[2022-04-07 23:59:13,253] {processor.py:654} INFO - DAG(s) dict_keys(['example_branch_datetime_operator_2']) retrieved from /home/airflow/.local/lib/python3.7/site-packages/airflow/example_dags/example_branch_datetime_operator.py
[2022-04-07 23:59:13,263] {logging_mixin.py:109} INFO - [2022-04-07 23:59:13,263] {dag.py:2396} INFO - Sync 1 DAGs
[2022-04-07 23:59:13,280] {logging_mixin.py:109} INFO - [2022-04-07 23:59:13,280] {dag.py:2935} INFO - Setting next_dagrun for example_branch_datetime_operator_2 to 2022-04-06 00:00:00+00:00
[2022-04-07 23:59:13,289] {processor.py:171} INFO - Processing /home/airflow/.local/lib/python3.7/site-packages/airflow/example_dags/example_branch_datetime_operator.py took 0.075 seconds
[2022-04-07 23:59:43,365] {processor.py:163} INFO - Started process (PID=1986) to work on /home/airflow/.local/lib/python3.7/site-packages/airflow/example_dags/example_branch_datetime_operator.py
[2022-04-07 23:59:43,367] {processor.py:642} INFO - Processing file /home/airflow/.local/lib/python3.7/site-packages/airflow/example_dags/example_branch_datetime_operator.py for tasks to queue
[2022-04-07 23:59:43,367] {logging_mixin.py:109} INFO - [2022-04-07 23:59:43,367] {dagbag.py:500} INFO - Filling up the DagBag from /home/airflow/.local/lib/python3.7/site-packages/airflow/example_dags/example_branch_datetime_operator.py
[2022-04-07 23:59:43,399] {processor.py:654} INFO - DAG(s) dict_keys(['example_branch_datetime_operator_2']) retrieved from /home/airflow/.local/lib/python3.7/site-packages/airflow/example_dags/example_branch_datetime_operator.py
[2022-04-07 23:59:43,408] {logging_mixin.py:109} INFO - [2022-04-07 23:59:43,408] {dag.py:2396} INFO - Sync 1 DAGs
[2022-04-07 23:59:43,425] {logging_mixin.py:109} INFO - [2022-04-07 23:59:43,425] {dag.py:2935} INFO - Setting next_dagrun for example_branch_datetime_operator_2 to 2022-04-06 00:00:00+00:00
[2022-04-07 23:59:43,434] {processor.py:171} INFO - Processing /home/airflow/.local/lib/python3.7/site-packages/airflow/example_dags/example_branch_datetime_operator.py took 0.074 seconds
