[2022-04-07 23:43:18,303] {processor.py:163} INFO - Started process (PID=56) to work on /home/airflow/.local/lib/python3.7/site-packages/airflow/example_dags/example_external_task_marker_dag.py
[2022-04-07 23:43:18,305] {processor.py:642} INFO - Processing file /home/airflow/.local/lib/python3.7/site-packages/airflow/example_dags/example_external_task_marker_dag.py for tasks to queue
[2022-04-07 23:43:18,306] {logging_mixin.py:109} INFO - [2022-04-07 23:43:18,306] {dagbag.py:500} INFO - Filling up the DagBag from /home/airflow/.local/lib/python3.7/site-packages/airflow/example_dags/example_external_task_marker_dag.py
[2022-04-07 23:43:18,365] {processor.py:654} INFO - DAG(s) dict_keys(['example_external_task_marker_parent', 'example_external_task_marker_child']) retrieved from /home/airflow/.local/lib/python3.7/site-packages/airflow/example_dags/example_external_task_marker_dag.py
[2022-04-07 23:43:21,972] {logging_mixin.py:109} INFO - [2022-04-07 23:43:21,972] {manager.py:496} INFO - Created Permission View: can read on DAG:example_external_task_marker_parent
[2022-04-07 23:43:21,990] {logging_mixin.py:109} INFO - [2022-04-07 23:43:21,990] {manager.py:496} INFO - Created Permission View: can edit on DAG:example_external_task_marker_parent
[2022-04-07 23:43:22,031] {logging_mixin.py:109} INFO - [2022-04-07 23:43:22,031] {manager.py:496} INFO - Created Permission View: can read on DAG:example_external_task_marker_child
[2022-04-07 23:43:22,058] {logging_mixin.py:109} INFO - [2022-04-07 23:43:22,058] {manager.py:496} INFO - Created Permission View: can edit on DAG:example_external_task_marker_child
[2022-04-07 23:43:22,058] {logging_mixin.py:109} INFO - [2022-04-07 23:43:22,058] {dag.py:2396} INFO - Sync 2 DAGs
[2022-04-07 23:43:22,080] {logging_mixin.py:109} INFO - [2022-04-07 23:43:22,080] {dag.py:2415} INFO - Creating ORM DAG for example_external_task_marker_parent
[2022-04-07 23:43:22,081] {logging_mixin.py:109} INFO - [2022-04-07 23:43:22,081] {dag.py:2415} INFO - Creating ORM DAG for example_external_task_marker_child
[2022-04-07 23:43:22,096] {logging_mixin.py:109} INFO - [2022-04-07 23:43:22,096] {dag.py:2935} INFO - Setting next_dagrun for example_external_task_marker_child to None
[2022-04-07 23:43:22,097] {logging_mixin.py:109} INFO - [2022-04-07 23:43:22,097] {dag.py:2935} INFO - Setting next_dagrun for example_external_task_marker_parent to None
[2022-04-07 23:43:22,133] {processor.py:171} INFO - Processing /home/airflow/.local/lib/python3.7/site-packages/airflow/example_dags/example_external_task_marker_dag.py took 3.836 seconds
[2022-04-07 23:43:56,296] {processor.py:163} INFO - Started process (PID=218) to work on /home/airflow/.local/lib/python3.7/site-packages/airflow/example_dags/example_external_task_marker_dag.py
[2022-04-07 23:43:56,299] {processor.py:642} INFO - Processing file /home/airflow/.local/lib/python3.7/site-packages/airflow/example_dags/example_external_task_marker_dag.py for tasks to queue
[2022-04-07 23:43:56,300] {logging_mixin.py:109} INFO - [2022-04-07 23:43:56,300] {dagbag.py:500} INFO - Filling up the DagBag from /home/airflow/.local/lib/python3.7/site-packages/airflow/example_dags/example_external_task_marker_dag.py
[2022-04-07 23:43:56,331] {processor.py:654} INFO - DAG(s) dict_keys(['example_external_task_marker_parent', 'example_external_task_marker_child']) retrieved from /home/airflow/.local/lib/python3.7/site-packages/airflow/example_dags/example_external_task_marker_dag.py
[2022-04-07 23:43:56,344] {logging_mixin.py:109} INFO - [2022-04-07 23:43:56,343] {dag.py:2396} INFO - Sync 2 DAGs
[2022-04-07 23:43:56,360] {logging_mixin.py:109} INFO - [2022-04-07 23:43:56,360] {dag.py:2935} INFO - Setting next_dagrun for example_external_task_marker_child to None
[2022-04-07 23:43:56,360] {logging_mixin.py:109} INFO - [2022-04-07 23:43:56,360] {dag.py:2935} INFO - Setting next_dagrun for example_external_task_marker_parent to None
[2022-04-07 23:43:56,369] {processor.py:171} INFO - Processing /home/airflow/.local/lib/python3.7/site-packages/airflow/example_dags/example_external_task_marker_dag.py took 0.077 seconds
[2022-04-07 23:44:26,577] {processor.py:163} INFO - Started process (PID=275) to work on /home/airflow/.local/lib/python3.7/site-packages/airflow/example_dags/example_external_task_marker_dag.py
[2022-04-07 23:44:26,578] {processor.py:642} INFO - Processing file /home/airflow/.local/lib/python3.7/site-packages/airflow/example_dags/example_external_task_marker_dag.py for tasks to queue
[2022-04-07 23:44:26,579] {logging_mixin.py:109} INFO - [2022-04-07 23:44:26,579] {dagbag.py:500} INFO - Filling up the DagBag from /home/airflow/.local/lib/python3.7/site-packages/airflow/example_dags/example_external_task_marker_dag.py
[2022-04-07 23:44:26,610] {processor.py:654} INFO - DAG(s) dict_keys(['example_external_task_marker_parent', 'example_external_task_marker_child']) retrieved from /home/airflow/.local/lib/python3.7/site-packages/airflow/example_dags/example_external_task_marker_dag.py
[2022-04-07 23:44:26,623] {logging_mixin.py:109} INFO - [2022-04-07 23:44:26,623] {dag.py:2396} INFO - Sync 2 DAGs
[2022-04-07 23:44:26,639] {logging_mixin.py:109} INFO - [2022-04-07 23:44:26,639] {dag.py:2935} INFO - Setting next_dagrun for example_external_task_marker_child to None
[2022-04-07 23:44:26,639] {logging_mixin.py:109} INFO - [2022-04-07 23:44:26,639] {dag.py:2935} INFO - Setting next_dagrun for example_external_task_marker_parent to None
[2022-04-07 23:44:26,647] {processor.py:171} INFO - Processing /home/airflow/.local/lib/python3.7/site-packages/airflow/example_dags/example_external_task_marker_dag.py took 0.076 seconds
[2022-04-07 23:44:56,819] {processor.py:163} INFO - Started process (PID=326) to work on /home/airflow/.local/lib/python3.7/site-packages/airflow/example_dags/example_external_task_marker_dag.py
[2022-04-07 23:44:56,821] {processor.py:642} INFO - Processing file /home/airflow/.local/lib/python3.7/site-packages/airflow/example_dags/example_external_task_marker_dag.py for tasks to queue
[2022-04-07 23:44:56,822] {logging_mixin.py:109} INFO - [2022-04-07 23:44:56,822] {dagbag.py:500} INFO - Filling up the DagBag from /home/airflow/.local/lib/python3.7/site-packages/airflow/example_dags/example_external_task_marker_dag.py
[2022-04-07 23:44:56,853] {processor.py:654} INFO - DAG(s) dict_keys(['example_external_task_marker_parent', 'example_external_task_marker_child']) retrieved from /home/airflow/.local/lib/python3.7/site-packages/airflow/example_dags/example_external_task_marker_dag.py
[2022-04-07 23:44:56,866] {logging_mixin.py:109} INFO - [2022-04-07 23:44:56,866] {dag.py:2396} INFO - Sync 2 DAGs
[2022-04-07 23:44:56,883] {logging_mixin.py:109} INFO - [2022-04-07 23:44:56,883] {dag.py:2935} INFO - Setting next_dagrun for example_external_task_marker_child to None
[2022-04-07 23:44:56,884] {logging_mixin.py:109} INFO - [2022-04-07 23:44:56,884] {dag.py:2935} INFO - Setting next_dagrun for example_external_task_marker_parent to None
[2022-04-07 23:44:56,894] {processor.py:171} INFO - Processing /home/airflow/.local/lib/python3.7/site-packages/airflow/example_dags/example_external_task_marker_dag.py took 0.080 seconds
[2022-04-07 23:45:27,275] {processor.py:163} INFO - Started process (PID=386) to work on /home/airflow/.local/lib/python3.7/site-packages/airflow/example_dags/example_external_task_marker_dag.py
[2022-04-07 23:45:27,277] {processor.py:642} INFO - Processing file /home/airflow/.local/lib/python3.7/site-packages/airflow/example_dags/example_external_task_marker_dag.py for tasks to queue
[2022-04-07 23:45:27,278] {logging_mixin.py:109} INFO - [2022-04-07 23:45:27,278] {dagbag.py:500} INFO - Filling up the DagBag from /home/airflow/.local/lib/python3.7/site-packages/airflow/example_dags/example_external_task_marker_dag.py
[2022-04-07 23:45:27,320] {processor.py:654} INFO - DAG(s) dict_keys(['example_external_task_marker_parent', 'example_external_task_marker_child']) retrieved from /home/airflow/.local/lib/python3.7/site-packages/airflow/example_dags/example_external_task_marker_dag.py
[2022-04-07 23:45:27,338] {logging_mixin.py:109} INFO - [2022-04-07 23:45:27,338] {dag.py:2396} INFO - Sync 2 DAGs
[2022-04-07 23:45:27,362] {logging_mixin.py:109} INFO - [2022-04-07 23:45:27,362] {dag.py:2935} INFO - Setting next_dagrun for example_external_task_marker_child to None
[2022-04-07 23:45:27,362] {logging_mixin.py:109} INFO - [2022-04-07 23:45:27,362] {dag.py:2935} INFO - Setting next_dagrun for example_external_task_marker_parent to None
[2022-04-07 23:45:27,378] {processor.py:171} INFO - Processing /home/airflow/.local/lib/python3.7/site-packages/airflow/example_dags/example_external_task_marker_dag.py took 0.108 seconds
[2022-04-07 23:45:57,649] {processor.py:163} INFO - Started process (PID=438) to work on /home/airflow/.local/lib/python3.7/site-packages/airflow/example_dags/example_external_task_marker_dag.py
[2022-04-07 23:45:57,651] {processor.py:642} INFO - Processing file /home/airflow/.local/lib/python3.7/site-packages/airflow/example_dags/example_external_task_marker_dag.py for tasks to queue
[2022-04-07 23:45:57,652] {logging_mixin.py:109} INFO - [2022-04-07 23:45:57,652] {dagbag.py:500} INFO - Filling up the DagBag from /home/airflow/.local/lib/python3.7/site-packages/airflow/example_dags/example_external_task_marker_dag.py
[2022-04-07 23:45:57,686] {processor.py:654} INFO - DAG(s) dict_keys(['example_external_task_marker_parent', 'example_external_task_marker_child']) retrieved from /home/airflow/.local/lib/python3.7/site-packages/airflow/example_dags/example_external_task_marker_dag.py
[2022-04-07 23:45:57,699] {logging_mixin.py:109} INFO - [2022-04-07 23:45:57,699] {dag.py:2396} INFO - Sync 2 DAGs
[2022-04-07 23:45:57,715] {logging_mixin.py:109} INFO - [2022-04-07 23:45:57,715] {dag.py:2935} INFO - Setting next_dagrun for example_external_task_marker_child to None
[2022-04-07 23:45:57,715] {logging_mixin.py:109} INFO - [2022-04-07 23:45:57,715] {dag.py:2935} INFO - Setting next_dagrun for example_external_task_marker_parent to None
[2022-04-07 23:45:57,723] {processor.py:171} INFO - Processing /home/airflow/.local/lib/python3.7/site-packages/airflow/example_dags/example_external_task_marker_dag.py took 0.078 seconds
[2022-04-07 23:46:27,837] {processor.py:163} INFO - Started process (PID=499) to work on /home/airflow/.local/lib/python3.7/site-packages/airflow/example_dags/example_external_task_marker_dag.py
[2022-04-07 23:46:27,839] {processor.py:642} INFO - Processing file /home/airflow/.local/lib/python3.7/site-packages/airflow/example_dags/example_external_task_marker_dag.py for tasks to queue
[2022-04-07 23:46:27,839] {logging_mixin.py:109} INFO - [2022-04-07 23:46:27,839] {dagbag.py:500} INFO - Filling up the DagBag from /home/airflow/.local/lib/python3.7/site-packages/airflow/example_dags/example_external_task_marker_dag.py
[2022-04-07 23:46:27,870] {processor.py:654} INFO - DAG(s) dict_keys(['example_external_task_marker_parent', 'example_external_task_marker_child']) retrieved from /home/airflow/.local/lib/python3.7/site-packages/airflow/example_dags/example_external_task_marker_dag.py
[2022-04-07 23:46:27,884] {logging_mixin.py:109} INFO - [2022-04-07 23:46:27,884] {dag.py:2396} INFO - Sync 2 DAGs
[2022-04-07 23:46:27,900] {logging_mixin.py:109} INFO - [2022-04-07 23:46:27,900] {dag.py:2935} INFO - Setting next_dagrun for example_external_task_marker_child to None
[2022-04-07 23:46:27,900] {logging_mixin.py:109} INFO - [2022-04-07 23:46:27,900] {dag.py:2935} INFO - Setting next_dagrun for example_external_task_marker_parent to None
[2022-04-07 23:46:27,909] {processor.py:171} INFO - Processing /home/airflow/.local/lib/python3.7/site-packages/airflow/example_dags/example_external_task_marker_dag.py took 0.076 seconds
[2022-04-07 23:46:57,941] {processor.py:163} INFO - Started process (PID=551) to work on /home/airflow/.local/lib/python3.7/site-packages/airflow/example_dags/example_external_task_marker_dag.py
[2022-04-07 23:46:57,943] {processor.py:642} INFO - Processing file /home/airflow/.local/lib/python3.7/site-packages/airflow/example_dags/example_external_task_marker_dag.py for tasks to queue
[2022-04-07 23:46:57,944] {logging_mixin.py:109} INFO - [2022-04-07 23:46:57,944] {dagbag.py:500} INFO - Filling up the DagBag from /home/airflow/.local/lib/python3.7/site-packages/airflow/example_dags/example_external_task_marker_dag.py
[2022-04-07 23:46:57,986] {processor.py:654} INFO - DAG(s) dict_keys(['example_external_task_marker_parent', 'example_external_task_marker_child']) retrieved from /home/airflow/.local/lib/python3.7/site-packages/airflow/example_dags/example_external_task_marker_dag.py
[2022-04-07 23:46:58,003] {logging_mixin.py:109} INFO - [2022-04-07 23:46:58,003] {dag.py:2396} INFO - Sync 2 DAGs
[2022-04-07 23:46:58,028] {logging_mixin.py:109} INFO - [2022-04-07 23:46:58,028] {dag.py:2935} INFO - Setting next_dagrun for example_external_task_marker_child to None
[2022-04-07 23:46:58,029] {logging_mixin.py:109} INFO - [2022-04-07 23:46:58,028] {dag.py:2935} INFO - Setting next_dagrun for example_external_task_marker_parent to None
[2022-04-07 23:46:58,044] {processor.py:171} INFO - Processing /home/airflow/.local/lib/python3.7/site-packages/airflow/example_dags/example_external_task_marker_dag.py took 0.109 seconds
[2022-04-07 23:47:28,373] {processor.py:163} INFO - Started process (PID=614) to work on /home/airflow/.local/lib/python3.7/site-packages/airflow/example_dags/example_external_task_marker_dag.py
[2022-04-07 23:47:28,374] {processor.py:642} INFO - Processing file /home/airflow/.local/lib/python3.7/site-packages/airflow/example_dags/example_external_task_marker_dag.py for tasks to queue
[2022-04-07 23:47:28,375] {logging_mixin.py:109} INFO - [2022-04-07 23:47:28,375] {dagbag.py:500} INFO - Filling up the DagBag from /home/airflow/.local/lib/python3.7/site-packages/airflow/example_dags/example_external_task_marker_dag.py
[2022-04-07 23:47:28,406] {processor.py:654} INFO - DAG(s) dict_keys(['example_external_task_marker_parent', 'example_external_task_marker_child']) retrieved from /home/airflow/.local/lib/python3.7/site-packages/airflow/example_dags/example_external_task_marker_dag.py
[2022-04-07 23:47:28,421] {logging_mixin.py:109} INFO - [2022-04-07 23:47:28,421] {dag.py:2396} INFO - Sync 2 DAGs
[2022-04-07 23:47:28,444] {logging_mixin.py:109} INFO - [2022-04-07 23:47:28,444] {dag.py:2935} INFO - Setting next_dagrun for example_external_task_marker_child to None
[2022-04-07 23:47:28,445] {logging_mixin.py:109} INFO - [2022-04-07 23:47:28,445] {dag.py:2935} INFO - Setting next_dagrun for example_external_task_marker_parent to None
[2022-04-07 23:47:28,453] {processor.py:171} INFO - Processing /home/airflow/.local/lib/python3.7/site-packages/airflow/example_dags/example_external_task_marker_dag.py took 0.085 seconds
[2022-04-07 23:47:58,660] {processor.py:163} INFO - Started process (PID=664) to work on /home/airflow/.local/lib/python3.7/site-packages/airflow/example_dags/example_external_task_marker_dag.py
[2022-04-07 23:47:58,662] {processor.py:642} INFO - Processing file /home/airflow/.local/lib/python3.7/site-packages/airflow/example_dags/example_external_task_marker_dag.py for tasks to queue
[2022-04-07 23:47:58,663] {logging_mixin.py:109} INFO - [2022-04-07 23:47:58,663] {dagbag.py:500} INFO - Filling up the DagBag from /home/airflow/.local/lib/python3.7/site-packages/airflow/example_dags/example_external_task_marker_dag.py
[2022-04-07 23:47:58,697] {processor.py:654} INFO - DAG(s) dict_keys(['example_external_task_marker_parent', 'example_external_task_marker_child']) retrieved from /home/airflow/.local/lib/python3.7/site-packages/airflow/example_dags/example_external_task_marker_dag.py
[2022-04-07 23:47:58,710] {logging_mixin.py:109} INFO - [2022-04-07 23:47:58,710] {dag.py:2396} INFO - Sync 2 DAGs
[2022-04-07 23:47:58,726] {logging_mixin.py:109} INFO - [2022-04-07 23:47:58,726] {dag.py:2935} INFO - Setting next_dagrun for example_external_task_marker_child to None
[2022-04-07 23:47:58,726] {logging_mixin.py:109} INFO - [2022-04-07 23:47:58,726] {dag.py:2935} INFO - Setting next_dagrun for example_external_task_marker_parent to None
[2022-04-07 23:47:58,737] {processor.py:171} INFO - Processing /home/airflow/.local/lib/python3.7/site-packages/airflow/example_dags/example_external_task_marker_dag.py took 0.081 seconds
[2022-04-07 23:48:28,961] {processor.py:163} INFO - Started process (PID=726) to work on /home/airflow/.local/lib/python3.7/site-packages/airflow/example_dags/example_external_task_marker_dag.py
[2022-04-07 23:48:28,962] {processor.py:642} INFO - Processing file /home/airflow/.local/lib/python3.7/site-packages/airflow/example_dags/example_external_task_marker_dag.py for tasks to queue
[2022-04-07 23:48:28,963] {logging_mixin.py:109} INFO - [2022-04-07 23:48:28,963] {dagbag.py:500} INFO - Filling up the DagBag from /home/airflow/.local/lib/python3.7/site-packages/airflow/example_dags/example_external_task_marker_dag.py
[2022-04-07 23:48:28,996] {processor.py:654} INFO - DAG(s) dict_keys(['example_external_task_marker_parent', 'example_external_task_marker_child']) retrieved from /home/airflow/.local/lib/python3.7/site-packages/airflow/example_dags/example_external_task_marker_dag.py
[2022-04-07 23:48:29,012] {logging_mixin.py:109} INFO - [2022-04-07 23:48:29,012] {dag.py:2396} INFO - Sync 2 DAGs
[2022-04-07 23:48:29,036] {logging_mixin.py:109} INFO - [2022-04-07 23:48:29,036] {dag.py:2935} INFO - Setting next_dagrun for example_external_task_marker_child to None
[2022-04-07 23:48:29,036] {logging_mixin.py:109} INFO - [2022-04-07 23:48:29,036] {dag.py:2935} INFO - Setting next_dagrun for example_external_task_marker_parent to None
[2022-04-07 23:48:29,048] {processor.py:171} INFO - Processing /home/airflow/.local/lib/python3.7/site-packages/airflow/example_dags/example_external_task_marker_dag.py took 0.092 seconds
[2022-04-07 23:48:59,167] {processor.py:163} INFO - Started process (PID=783) to work on /home/airflow/.local/lib/python3.7/site-packages/airflow/example_dags/example_external_task_marker_dag.py
[2022-04-07 23:48:59,168] {processor.py:642} INFO - Processing file /home/airflow/.local/lib/python3.7/site-packages/airflow/example_dags/example_external_task_marker_dag.py for tasks to queue
[2022-04-07 23:48:59,169] {logging_mixin.py:109} INFO - [2022-04-07 23:48:59,169] {dagbag.py:500} INFO - Filling up the DagBag from /home/airflow/.local/lib/python3.7/site-packages/airflow/example_dags/example_external_task_marker_dag.py
[2022-04-07 23:48:59,202] {processor.py:654} INFO - DAG(s) dict_keys(['example_external_task_marker_parent', 'example_external_task_marker_child']) retrieved from /home/airflow/.local/lib/python3.7/site-packages/airflow/example_dags/example_external_task_marker_dag.py
[2022-04-07 23:48:59,216] {logging_mixin.py:109} INFO - [2022-04-07 23:48:59,216] {dag.py:2396} INFO - Sync 2 DAGs
[2022-04-07 23:48:59,233] {logging_mixin.py:109} INFO - [2022-04-07 23:48:59,233] {dag.py:2935} INFO - Setting next_dagrun for example_external_task_marker_child to None
[2022-04-07 23:48:59,233] {logging_mixin.py:109} INFO - [2022-04-07 23:48:59,233] {dag.py:2935} INFO - Setting next_dagrun for example_external_task_marker_parent to None
[2022-04-07 23:48:59,242] {processor.py:171} INFO - Processing /home/airflow/.local/lib/python3.7/site-packages/airflow/example_dags/example_external_task_marker_dag.py took 0.079 seconds
[2022-04-07 23:49:29,531] {processor.py:163} INFO - Started process (PID=843) to work on /home/airflow/.local/lib/python3.7/site-packages/airflow/example_dags/example_external_task_marker_dag.py
[2022-04-07 23:49:29,533] {processor.py:642} INFO - Processing file /home/airflow/.local/lib/python3.7/site-packages/airflow/example_dags/example_external_task_marker_dag.py for tasks to queue
[2022-04-07 23:49:29,534] {logging_mixin.py:109} INFO - [2022-04-07 23:49:29,534] {dagbag.py:500} INFO - Filling up the DagBag from /home/airflow/.local/lib/python3.7/site-packages/airflow/example_dags/example_external_task_marker_dag.py
[2022-04-07 23:49:29,567] {processor.py:654} INFO - DAG(s) dict_keys(['example_external_task_marker_parent', 'example_external_task_marker_child']) retrieved from /home/airflow/.local/lib/python3.7/site-packages/airflow/example_dags/example_external_task_marker_dag.py
[2022-04-07 23:49:29,580] {logging_mixin.py:109} INFO - [2022-04-07 23:49:29,580] {dag.py:2396} INFO - Sync 2 DAGs
[2022-04-07 23:49:29,597] {logging_mixin.py:109} INFO - [2022-04-07 23:49:29,596] {dag.py:2935} INFO - Setting next_dagrun for example_external_task_marker_child to None
[2022-04-07 23:49:29,597] {logging_mixin.py:109} INFO - [2022-04-07 23:49:29,597] {dag.py:2935} INFO - Setting next_dagrun for example_external_task_marker_parent to None
[2022-04-07 23:49:29,606] {processor.py:171} INFO - Processing /home/airflow/.local/lib/python3.7/site-packages/airflow/example_dags/example_external_task_marker_dag.py took 0.081 seconds
[2022-04-07 23:49:59,647] {processor.py:163} INFO - Started process (PID=895) to work on /home/airflow/.local/lib/python3.7/site-packages/airflow/example_dags/example_external_task_marker_dag.py
[2022-04-07 23:49:59,649] {processor.py:642} INFO - Processing file /home/airflow/.local/lib/python3.7/site-packages/airflow/example_dags/example_external_task_marker_dag.py for tasks to queue
[2022-04-07 23:49:59,650] {logging_mixin.py:109} INFO - [2022-04-07 23:49:59,649] {dagbag.py:500} INFO - Filling up the DagBag from /home/airflow/.local/lib/python3.7/site-packages/airflow/example_dags/example_external_task_marker_dag.py
[2022-04-07 23:49:59,685] {processor.py:654} INFO - DAG(s) dict_keys(['example_external_task_marker_parent', 'example_external_task_marker_child']) retrieved from /home/airflow/.local/lib/python3.7/site-packages/airflow/example_dags/example_external_task_marker_dag.py
[2022-04-07 23:49:59,700] {logging_mixin.py:109} INFO - [2022-04-07 23:49:59,700] {dag.py:2396} INFO - Sync 2 DAGs
[2022-04-07 23:49:59,716] {logging_mixin.py:109} INFO - [2022-04-07 23:49:59,716] {dag.py:2935} INFO - Setting next_dagrun for example_external_task_marker_child to None
[2022-04-07 23:49:59,716] {logging_mixin.py:109} INFO - [2022-04-07 23:49:59,716] {dag.py:2935} INFO - Setting next_dagrun for example_external_task_marker_parent to None
[2022-04-07 23:49:59,726] {processor.py:171} INFO - Processing /home/airflow/.local/lib/python3.7/site-packages/airflow/example_dags/example_external_task_marker_dag.py took 0.084 seconds
[2022-04-07 23:50:30,291] {processor.py:163} INFO - Started process (PID=956) to work on /home/airflow/.local/lib/python3.7/site-packages/airflow/example_dags/example_external_task_marker_dag.py
[2022-04-07 23:50:30,292] {processor.py:642} INFO - Processing file /home/airflow/.local/lib/python3.7/site-packages/airflow/example_dags/example_external_task_marker_dag.py for tasks to queue
[2022-04-07 23:50:30,293] {logging_mixin.py:109} INFO - [2022-04-07 23:50:30,293] {dagbag.py:500} INFO - Filling up the DagBag from /home/airflow/.local/lib/python3.7/site-packages/airflow/example_dags/example_external_task_marker_dag.py
[2022-04-07 23:50:30,323] {processor.py:654} INFO - DAG(s) dict_keys(['example_external_task_marker_parent', 'example_external_task_marker_child']) retrieved from /home/airflow/.local/lib/python3.7/site-packages/airflow/example_dags/example_external_task_marker_dag.py
[2022-04-07 23:50:30,335] {logging_mixin.py:109} INFO - [2022-04-07 23:50:30,335] {dag.py:2396} INFO - Sync 2 DAGs
[2022-04-07 23:50:30,351] {logging_mixin.py:109} INFO - [2022-04-07 23:50:30,351] {dag.py:2935} INFO - Setting next_dagrun for example_external_task_marker_child to None
[2022-04-07 23:50:30,352] {logging_mixin.py:109} INFO - [2022-04-07 23:50:30,351] {dag.py:2935} INFO - Setting next_dagrun for example_external_task_marker_parent to None
[2022-04-07 23:50:30,360] {processor.py:171} INFO - Processing /home/airflow/.local/lib/python3.7/site-packages/airflow/example_dags/example_external_task_marker_dag.py took 0.074 seconds
[2022-04-07 23:51:00,734] {processor.py:163} INFO - Started process (PID=1007) to work on /home/airflow/.local/lib/python3.7/site-packages/airflow/example_dags/example_external_task_marker_dag.py
[2022-04-07 23:51:00,736] {processor.py:642} INFO - Processing file /home/airflow/.local/lib/python3.7/site-packages/airflow/example_dags/example_external_task_marker_dag.py for tasks to queue
[2022-04-07 23:51:00,737] {logging_mixin.py:109} INFO - [2022-04-07 23:51:00,737] {dagbag.py:500} INFO - Filling up the DagBag from /home/airflow/.local/lib/python3.7/site-packages/airflow/example_dags/example_external_task_marker_dag.py
[2022-04-07 23:51:00,774] {processor.py:654} INFO - DAG(s) dict_keys(['example_external_task_marker_parent', 'example_external_task_marker_child']) retrieved from /home/airflow/.local/lib/python3.7/site-packages/airflow/example_dags/example_external_task_marker_dag.py
[2022-04-07 23:51:00,791] {logging_mixin.py:109} INFO - [2022-04-07 23:51:00,791] {dag.py:2396} INFO - Sync 2 DAGs
[2022-04-07 23:51:00,830] {logging_mixin.py:109} INFO - [2022-04-07 23:51:00,830] {dag.py:2935} INFO - Setting next_dagrun for example_external_task_marker_child to None
[2022-04-07 23:51:00,831] {logging_mixin.py:109} INFO - [2022-04-07 23:51:00,831] {dag.py:2935} INFO - Setting next_dagrun for example_external_task_marker_parent to None
[2022-04-07 23:51:00,844] {processor.py:171} INFO - Processing /home/airflow/.local/lib/python3.7/site-packages/airflow/example_dags/example_external_task_marker_dag.py took 0.115 seconds
[2022-04-07 23:51:31,291] {processor.py:163} INFO - Started process (PID=1069) to work on /home/airflow/.local/lib/python3.7/site-packages/airflow/example_dags/example_external_task_marker_dag.py
[2022-04-07 23:51:31,293] {processor.py:642} INFO - Processing file /home/airflow/.local/lib/python3.7/site-packages/airflow/example_dags/example_external_task_marker_dag.py for tasks to queue
[2022-04-07 23:51:31,294] {logging_mixin.py:109} INFO - [2022-04-07 23:51:31,294] {dagbag.py:500} INFO - Filling up the DagBag from /home/airflow/.local/lib/python3.7/site-packages/airflow/example_dags/example_external_task_marker_dag.py
[2022-04-07 23:51:31,336] {processor.py:654} INFO - DAG(s) dict_keys(['example_external_task_marker_parent', 'example_external_task_marker_child']) retrieved from /home/airflow/.local/lib/python3.7/site-packages/airflow/example_dags/example_external_task_marker_dag.py
[2022-04-07 23:51:31,350] {logging_mixin.py:109} INFO - [2022-04-07 23:51:31,350] {dag.py:2396} INFO - Sync 2 DAGs
[2022-04-07 23:51:31,367] {logging_mixin.py:109} INFO - [2022-04-07 23:51:31,367] {dag.py:2935} INFO - Setting next_dagrun for example_external_task_marker_child to None
[2022-04-07 23:51:31,367] {logging_mixin.py:109} INFO - [2022-04-07 23:51:31,367] {dag.py:2935} INFO - Setting next_dagrun for example_external_task_marker_parent to None
[2022-04-07 23:51:31,376] {processor.py:171} INFO - Processing /home/airflow/.local/lib/python3.7/site-packages/airflow/example_dags/example_external_task_marker_dag.py took 0.090 seconds
[2022-04-07 23:52:01,670] {processor.py:163} INFO - Started process (PID=1122) to work on /home/airflow/.local/lib/python3.7/site-packages/airflow/example_dags/example_external_task_marker_dag.py
[2022-04-07 23:52:01,672] {processor.py:642} INFO - Processing file /home/airflow/.local/lib/python3.7/site-packages/airflow/example_dags/example_external_task_marker_dag.py for tasks to queue
[2022-04-07 23:52:01,672] {logging_mixin.py:109} INFO - [2022-04-07 23:52:01,672] {dagbag.py:500} INFO - Filling up the DagBag from /home/airflow/.local/lib/python3.7/site-packages/airflow/example_dags/example_external_task_marker_dag.py
[2022-04-07 23:52:01,703] {processor.py:654} INFO - DAG(s) dict_keys(['example_external_task_marker_parent', 'example_external_task_marker_child']) retrieved from /home/airflow/.local/lib/python3.7/site-packages/airflow/example_dags/example_external_task_marker_dag.py
[2022-04-07 23:52:01,716] {logging_mixin.py:109} INFO - [2022-04-07 23:52:01,716] {dag.py:2396} INFO - Sync 2 DAGs
[2022-04-07 23:52:01,733] {logging_mixin.py:109} INFO - [2022-04-07 23:52:01,733] {dag.py:2935} INFO - Setting next_dagrun for example_external_task_marker_child to None
[2022-04-07 23:52:01,733] {logging_mixin.py:109} INFO - [2022-04-07 23:52:01,733] {dag.py:2935} INFO - Setting next_dagrun for example_external_task_marker_parent to None
[2022-04-07 23:52:01,742] {processor.py:171} INFO - Processing /home/airflow/.local/lib/python3.7/site-packages/airflow/example_dags/example_external_task_marker_dag.py took 0.080 seconds
[2022-04-07 23:52:31,829] {processor.py:163} INFO - Started process (PID=1182) to work on /home/airflow/.local/lib/python3.7/site-packages/airflow/example_dags/example_external_task_marker_dag.py
[2022-04-07 23:52:31,830] {processor.py:642} INFO - Processing file /home/airflow/.local/lib/python3.7/site-packages/airflow/example_dags/example_external_task_marker_dag.py for tasks to queue
[2022-04-07 23:52:31,831] {logging_mixin.py:109} INFO - [2022-04-07 23:52:31,831] {dagbag.py:500} INFO - Filling up the DagBag from /home/airflow/.local/lib/python3.7/site-packages/airflow/example_dags/example_external_task_marker_dag.py
[2022-04-07 23:52:31,869] {processor.py:654} INFO - DAG(s) dict_keys(['example_external_task_marker_parent', 'example_external_task_marker_child']) retrieved from /home/airflow/.local/lib/python3.7/site-packages/airflow/example_dags/example_external_task_marker_dag.py
[2022-04-07 23:52:31,885] {logging_mixin.py:109} INFO - [2022-04-07 23:52:31,884] {dag.py:2396} INFO - Sync 2 DAGs
[2022-04-07 23:52:31,906] {logging_mixin.py:109} INFO - [2022-04-07 23:52:31,906] {dag.py:2935} INFO - Setting next_dagrun for example_external_task_marker_child to None
[2022-04-07 23:52:31,907] {logging_mixin.py:109} INFO - [2022-04-07 23:52:31,907] {dag.py:2935} INFO - Setting next_dagrun for example_external_task_marker_parent to None
[2022-04-07 23:52:31,918] {processor.py:171} INFO - Processing /home/airflow/.local/lib/python3.7/site-packages/airflow/example_dags/example_external_task_marker_dag.py took 0.095 seconds
[2022-04-07 23:53:02,291] {processor.py:163} INFO - Started process (PID=1233) to work on /home/airflow/.local/lib/python3.7/site-packages/airflow/example_dags/example_external_task_marker_dag.py
[2022-04-07 23:53:02,293] {processor.py:642} INFO - Processing file /home/airflow/.local/lib/python3.7/site-packages/airflow/example_dags/example_external_task_marker_dag.py for tasks to queue
[2022-04-07 23:53:02,294] {logging_mixin.py:109} INFO - [2022-04-07 23:53:02,294] {dagbag.py:500} INFO - Filling up the DagBag from /home/airflow/.local/lib/python3.7/site-packages/airflow/example_dags/example_external_task_marker_dag.py
[2022-04-07 23:53:02,326] {processor.py:654} INFO - DAG(s) dict_keys(['example_external_task_marker_parent', 'example_external_task_marker_child']) retrieved from /home/airflow/.local/lib/python3.7/site-packages/airflow/example_dags/example_external_task_marker_dag.py
[2022-04-07 23:53:02,339] {logging_mixin.py:109} INFO - [2022-04-07 23:53:02,339] {dag.py:2396} INFO - Sync 2 DAGs
[2022-04-07 23:53:02,357] {logging_mixin.py:109} INFO - [2022-04-07 23:53:02,356] {dag.py:2935} INFO - Setting next_dagrun for example_external_task_marker_child to None
[2022-04-07 23:53:02,357] {logging_mixin.py:109} INFO - [2022-04-07 23:53:02,357] {dag.py:2935} INFO - Setting next_dagrun for example_external_task_marker_parent to None
[2022-04-07 23:53:02,366] {processor.py:171} INFO - Processing /home/airflow/.local/lib/python3.7/site-packages/airflow/example_dags/example_external_task_marker_dag.py took 0.081 seconds
[2022-04-07 23:53:32,532] {processor.py:163} INFO - Started process (PID=1291) to work on /home/airflow/.local/lib/python3.7/site-packages/airflow/example_dags/example_external_task_marker_dag.py
[2022-04-07 23:53:32,535] {processor.py:642} INFO - Processing file /home/airflow/.local/lib/python3.7/site-packages/airflow/example_dags/example_external_task_marker_dag.py for tasks to queue
[2022-04-07 23:53:32,536] {logging_mixin.py:109} INFO - [2022-04-07 23:53:32,536] {dagbag.py:500} INFO - Filling up the DagBag from /home/airflow/.local/lib/python3.7/site-packages/airflow/example_dags/example_external_task_marker_dag.py
[2022-04-07 23:53:32,588] {processor.py:654} INFO - DAG(s) dict_keys(['example_external_task_marker_parent', 'example_external_task_marker_child']) retrieved from /home/airflow/.local/lib/python3.7/site-packages/airflow/example_dags/example_external_task_marker_dag.py
[2022-04-07 23:53:32,606] {logging_mixin.py:109} INFO - [2022-04-07 23:53:32,606] {dag.py:2396} INFO - Sync 2 DAGs
[2022-04-07 23:53:32,630] {logging_mixin.py:109} INFO - [2022-04-07 23:53:32,629] {dag.py:2935} INFO - Setting next_dagrun for example_external_task_marker_child to None
[2022-04-07 23:53:32,630] {logging_mixin.py:109} INFO - [2022-04-07 23:53:32,630] {dag.py:2935} INFO - Setting next_dagrun for example_external_task_marker_parent to None
[2022-04-07 23:53:32,647] {processor.py:171} INFO - Processing /home/airflow/.local/lib/python3.7/site-packages/airflow/example_dags/example_external_task_marker_dag.py took 0.121 seconds
[2022-04-07 23:54:02,991] {processor.py:163} INFO - Started process (PID=1344) to work on /home/airflow/.local/lib/python3.7/site-packages/airflow/example_dags/example_external_task_marker_dag.py
[2022-04-07 23:54:02,993] {processor.py:642} INFO - Processing file /home/airflow/.local/lib/python3.7/site-packages/airflow/example_dags/example_external_task_marker_dag.py for tasks to queue
[2022-04-07 23:54:02,994] {logging_mixin.py:109} INFO - [2022-04-07 23:54:02,994] {dagbag.py:500} INFO - Filling up the DagBag from /home/airflow/.local/lib/python3.7/site-packages/airflow/example_dags/example_external_task_marker_dag.py
[2022-04-07 23:54:03,033] {processor.py:654} INFO - DAG(s) dict_keys(['example_external_task_marker_parent', 'example_external_task_marker_child']) retrieved from /home/airflow/.local/lib/python3.7/site-packages/airflow/example_dags/example_external_task_marker_dag.py
[2022-04-07 23:54:03,046] {logging_mixin.py:109} INFO - [2022-04-07 23:54:03,046] {dag.py:2396} INFO - Sync 2 DAGs
[2022-04-07 23:54:03,062] {logging_mixin.py:109} INFO - [2022-04-07 23:54:03,062] {dag.py:2935} INFO - Setting next_dagrun for example_external_task_marker_child to None
[2022-04-07 23:54:03,062] {logging_mixin.py:109} INFO - [2022-04-07 23:54:03,062] {dag.py:2935} INFO - Setting next_dagrun for example_external_task_marker_parent to None
[2022-04-07 23:54:03,072] {processor.py:171} INFO - Processing /home/airflow/.local/lib/python3.7/site-packages/airflow/example_dags/example_external_task_marker_dag.py took 0.086 seconds
[2022-04-07 23:54:33,889] {processor.py:163} INFO - Started process (PID=1406) to work on /home/airflow/.local/lib/python3.7/site-packages/airflow/example_dags/example_external_task_marker_dag.py
[2022-04-07 23:54:33,890] {processor.py:642} INFO - Processing file /home/airflow/.local/lib/python3.7/site-packages/airflow/example_dags/example_external_task_marker_dag.py for tasks to queue
[2022-04-07 23:54:33,891] {logging_mixin.py:109} INFO - [2022-04-07 23:54:33,891] {dagbag.py:500} INFO - Filling up the DagBag from /home/airflow/.local/lib/python3.7/site-packages/airflow/example_dags/example_external_task_marker_dag.py
[2022-04-07 23:54:33,923] {processor.py:654} INFO - DAG(s) dict_keys(['example_external_task_marker_parent', 'example_external_task_marker_child']) retrieved from /home/airflow/.local/lib/python3.7/site-packages/airflow/example_dags/example_external_task_marker_dag.py
[2022-04-07 23:54:33,937] {logging_mixin.py:109} INFO - [2022-04-07 23:54:33,936] {dag.py:2396} INFO - Sync 2 DAGs
[2022-04-07 23:54:33,952] {logging_mixin.py:109} INFO - [2022-04-07 23:54:33,952] {dag.py:2935} INFO - Setting next_dagrun for example_external_task_marker_child to None
[2022-04-07 23:54:33,953] {logging_mixin.py:109} INFO - [2022-04-07 23:54:33,953] {dag.py:2935} INFO - Setting next_dagrun for example_external_task_marker_parent to None
[2022-04-07 23:54:33,961] {processor.py:171} INFO - Processing /home/airflow/.local/lib/python3.7/site-packages/airflow/example_dags/example_external_task_marker_dag.py took 0.078 seconds
[2022-04-07 23:55:04,475] {processor.py:163} INFO - Started process (PID=1458) to work on /home/airflow/.local/lib/python3.7/site-packages/airflow/example_dags/example_external_task_marker_dag.py
[2022-04-07 23:55:04,477] {processor.py:642} INFO - Processing file /home/airflow/.local/lib/python3.7/site-packages/airflow/example_dags/example_external_task_marker_dag.py for tasks to queue
[2022-04-07 23:55:04,478] {logging_mixin.py:109} INFO - [2022-04-07 23:55:04,478] {dagbag.py:500} INFO - Filling up the DagBag from /home/airflow/.local/lib/python3.7/site-packages/airflow/example_dags/example_external_task_marker_dag.py
[2022-04-07 23:55:04,518] {processor.py:654} INFO - DAG(s) dict_keys(['example_external_task_marker_parent', 'example_external_task_marker_child']) retrieved from /home/airflow/.local/lib/python3.7/site-packages/airflow/example_dags/example_external_task_marker_dag.py
[2022-04-07 23:55:04,531] {logging_mixin.py:109} INFO - [2022-04-07 23:55:04,531] {dag.py:2396} INFO - Sync 2 DAGs
[2022-04-07 23:55:04,547] {logging_mixin.py:109} INFO - [2022-04-07 23:55:04,547] {dag.py:2935} INFO - Setting next_dagrun for example_external_task_marker_child to None
[2022-04-07 23:55:04,548] {logging_mixin.py:109} INFO - [2022-04-07 23:55:04,548] {dag.py:2935} INFO - Setting next_dagrun for example_external_task_marker_parent to None
[2022-04-07 23:55:04,556] {processor.py:171} INFO - Processing /home/airflow/.local/lib/python3.7/site-packages/airflow/example_dags/example_external_task_marker_dag.py took 0.087 seconds
[2022-04-07 23:55:34,820] {processor.py:163} INFO - Started process (PID=1511) to work on /home/airflow/.local/lib/python3.7/site-packages/airflow/example_dags/example_external_task_marker_dag.py
[2022-04-07 23:55:34,822] {processor.py:642} INFO - Processing file /home/airflow/.local/lib/python3.7/site-packages/airflow/example_dags/example_external_task_marker_dag.py for tasks to queue
[2022-04-07 23:55:34,822] {logging_mixin.py:109} INFO - [2022-04-07 23:55:34,822] {dagbag.py:500} INFO - Filling up the DagBag from /home/airflow/.local/lib/python3.7/site-packages/airflow/example_dags/example_external_task_marker_dag.py
[2022-04-07 23:55:34,860] {processor.py:654} INFO - DAG(s) dict_keys(['example_external_task_marker_parent', 'example_external_task_marker_child']) retrieved from /home/airflow/.local/lib/python3.7/site-packages/airflow/example_dags/example_external_task_marker_dag.py
[2022-04-07 23:55:34,878] {logging_mixin.py:109} INFO - [2022-04-07 23:55:34,878] {dag.py:2396} INFO - Sync 2 DAGs
[2022-04-07 23:55:34,896] {logging_mixin.py:109} INFO - [2022-04-07 23:55:34,896] {dag.py:2935} INFO - Setting next_dagrun for example_external_task_marker_child to None
[2022-04-07 23:55:34,897] {logging_mixin.py:109} INFO - [2022-04-07 23:55:34,897] {dag.py:2935} INFO - Setting next_dagrun for example_external_task_marker_parent to None
[2022-04-07 23:55:34,905] {processor.py:171} INFO - Processing /home/airflow/.local/lib/python3.7/site-packages/airflow/example_dags/example_external_task_marker_dag.py took 0.089 seconds
[2022-04-07 23:56:05,413] {processor.py:163} INFO - Started process (PID=1571) to work on /home/airflow/.local/lib/python3.7/site-packages/airflow/example_dags/example_external_task_marker_dag.py
[2022-04-07 23:56:05,414] {processor.py:642} INFO - Processing file /home/airflow/.local/lib/python3.7/site-packages/airflow/example_dags/example_external_task_marker_dag.py for tasks to queue
[2022-04-07 23:56:05,415] {logging_mixin.py:109} INFO - [2022-04-07 23:56:05,415] {dagbag.py:500} INFO - Filling up the DagBag from /home/airflow/.local/lib/python3.7/site-packages/airflow/example_dags/example_external_task_marker_dag.py
[2022-04-07 23:56:05,446] {processor.py:654} INFO - DAG(s) dict_keys(['example_external_task_marker_parent', 'example_external_task_marker_child']) retrieved from /home/airflow/.local/lib/python3.7/site-packages/airflow/example_dags/example_external_task_marker_dag.py
[2022-04-07 23:56:05,464] {logging_mixin.py:109} INFO - [2022-04-07 23:56:05,464] {dag.py:2396} INFO - Sync 2 DAGs
[2022-04-07 23:56:05,487] {logging_mixin.py:109} INFO - [2022-04-07 23:56:05,487] {dag.py:2935} INFO - Setting next_dagrun for example_external_task_marker_child to None
[2022-04-07 23:56:05,487] {logging_mixin.py:109} INFO - [2022-04-07 23:56:05,487] {dag.py:2935} INFO - Setting next_dagrun for example_external_task_marker_parent to None
[2022-04-07 23:56:05,498] {processor.py:171} INFO - Processing /home/airflow/.local/lib/python3.7/site-packages/airflow/example_dags/example_external_task_marker_dag.py took 0.091 seconds
[2022-04-07 23:56:36,180] {processor.py:163} INFO - Started process (PID=1633) to work on /home/airflow/.local/lib/python3.7/site-packages/airflow/example_dags/example_external_task_marker_dag.py
[2022-04-07 23:56:36,183] {processor.py:642} INFO - Processing file /home/airflow/.local/lib/python3.7/site-packages/airflow/example_dags/example_external_task_marker_dag.py for tasks to queue
[2022-04-07 23:56:36,184] {logging_mixin.py:109} INFO - [2022-04-07 23:56:36,184] {dagbag.py:500} INFO - Filling up the DagBag from /home/airflow/.local/lib/python3.7/site-packages/airflow/example_dags/example_external_task_marker_dag.py
[2022-04-07 23:56:36,219] {processor.py:654} INFO - DAG(s) dict_keys(['example_external_task_marker_parent', 'example_external_task_marker_child']) retrieved from /home/airflow/.local/lib/python3.7/site-packages/airflow/example_dags/example_external_task_marker_dag.py
[2022-04-07 23:56:36,236] {logging_mixin.py:109} INFO - [2022-04-07 23:56:36,236] {dag.py:2396} INFO - Sync 2 DAGs
[2022-04-07 23:56:36,259] {logging_mixin.py:109} INFO - [2022-04-07 23:56:36,259] {dag.py:2935} INFO - Setting next_dagrun for example_external_task_marker_child to None
[2022-04-07 23:56:36,259] {logging_mixin.py:109} INFO - [2022-04-07 23:56:36,259] {dag.py:2935} INFO - Setting next_dagrun for example_external_task_marker_parent to None
[2022-04-07 23:56:36,268] {processor.py:171} INFO - Processing /home/airflow/.local/lib/python3.7/site-packages/airflow/example_dags/example_external_task_marker_dag.py took 0.094 seconds
[2022-04-07 23:57:07,207] {processor.py:163} INFO - Started process (PID=1686) to work on /home/airflow/.local/lib/python3.7/site-packages/airflow/example_dags/example_external_task_marker_dag.py
[2022-04-07 23:57:07,209] {processor.py:642} INFO - Processing file /home/airflow/.local/lib/python3.7/site-packages/airflow/example_dags/example_external_task_marker_dag.py for tasks to queue
[2022-04-07 23:57:07,210] {logging_mixin.py:109} INFO - [2022-04-07 23:57:07,210] {dagbag.py:500} INFO - Filling up the DagBag from /home/airflow/.local/lib/python3.7/site-packages/airflow/example_dags/example_external_task_marker_dag.py
[2022-04-07 23:57:07,242] {processor.py:654} INFO - DAG(s) dict_keys(['example_external_task_marker_parent', 'example_external_task_marker_child']) retrieved from /home/airflow/.local/lib/python3.7/site-packages/airflow/example_dags/example_external_task_marker_dag.py
[2022-04-07 23:57:07,259] {logging_mixin.py:109} INFO - [2022-04-07 23:57:07,259] {dag.py:2396} INFO - Sync 2 DAGs
[2022-04-07 23:57:07,275] {logging_mixin.py:109} INFO - [2022-04-07 23:57:07,275] {dag.py:2935} INFO - Setting next_dagrun for example_external_task_marker_child to None
[2022-04-07 23:57:07,276] {logging_mixin.py:109} INFO - [2022-04-07 23:57:07,276] {dag.py:2935} INFO - Setting next_dagrun for example_external_task_marker_parent to None
[2022-04-07 23:57:07,284] {processor.py:171} INFO - Processing /home/airflow/.local/lib/python3.7/site-packages/airflow/example_dags/example_external_task_marker_dag.py took 0.082 seconds
[2022-04-07 23:57:37,614] {processor.py:163} INFO - Started process (PID=1748) to work on /home/airflow/.local/lib/python3.7/site-packages/airflow/example_dags/example_external_task_marker_dag.py
[2022-04-07 23:57:37,615] {processor.py:642} INFO - Processing file /home/airflow/.local/lib/python3.7/site-packages/airflow/example_dags/example_external_task_marker_dag.py for tasks to queue
[2022-04-07 23:57:37,616] {logging_mixin.py:109} INFO - [2022-04-07 23:57:37,616] {dagbag.py:500} INFO - Filling up the DagBag from /home/airflow/.local/lib/python3.7/site-packages/airflow/example_dags/example_external_task_marker_dag.py
[2022-04-07 23:57:37,658] {processor.py:654} INFO - DAG(s) dict_keys(['example_external_task_marker_parent', 'example_external_task_marker_child']) retrieved from /home/airflow/.local/lib/python3.7/site-packages/airflow/example_dags/example_external_task_marker_dag.py
[2022-04-07 23:57:37,678] {logging_mixin.py:109} INFO - [2022-04-07 23:57:37,678] {dag.py:2396} INFO - Sync 2 DAGs
[2022-04-07 23:57:37,702] {logging_mixin.py:109} INFO - [2022-04-07 23:57:37,702] {dag.py:2935} INFO - Setting next_dagrun for example_external_task_marker_child to None
[2022-04-07 23:57:37,702] {logging_mixin.py:109} INFO - [2022-04-07 23:57:37,702] {dag.py:2935} INFO - Setting next_dagrun for example_external_task_marker_parent to None
[2022-04-07 23:57:37,714] {processor.py:171} INFO - Processing /home/airflow/.local/lib/python3.7/site-packages/airflow/example_dags/example_external_task_marker_dag.py took 0.110 seconds
[2022-04-07 23:58:08,444] {processor.py:163} INFO - Started process (PID=1800) to work on /home/airflow/.local/lib/python3.7/site-packages/airflow/example_dags/example_external_task_marker_dag.py
[2022-04-07 23:58:08,446] {processor.py:642} INFO - Processing file /home/airflow/.local/lib/python3.7/site-packages/airflow/example_dags/example_external_task_marker_dag.py for tasks to queue
[2022-04-07 23:58:08,447] {logging_mixin.py:109} INFO - [2022-04-07 23:58:08,447] {dagbag.py:500} INFO - Filling up the DagBag from /home/airflow/.local/lib/python3.7/site-packages/airflow/example_dags/example_external_task_marker_dag.py
[2022-04-07 23:58:08,488] {processor.py:654} INFO - DAG(s) dict_keys(['example_external_task_marker_parent', 'example_external_task_marker_child']) retrieved from /home/airflow/.local/lib/python3.7/site-packages/airflow/example_dags/example_external_task_marker_dag.py
[2022-04-07 23:58:08,502] {logging_mixin.py:109} INFO - [2022-04-07 23:58:08,502] {dag.py:2396} INFO - Sync 2 DAGs
[2022-04-07 23:58:08,518] {logging_mixin.py:109} INFO - [2022-04-07 23:58:08,518] {dag.py:2935} INFO - Setting next_dagrun for example_external_task_marker_child to None
[2022-04-07 23:58:08,519] {logging_mixin.py:109} INFO - [2022-04-07 23:58:08,519] {dag.py:2935} INFO - Setting next_dagrun for example_external_task_marker_parent to None
[2022-04-07 23:58:08,528] {processor.py:171} INFO - Processing /home/airflow/.local/lib/python3.7/site-packages/airflow/example_dags/example_external_task_marker_dag.py took 0.090 seconds
[2022-04-07 23:58:39,233] {processor.py:163} INFO - Started process (PID=1864) to work on /home/airflow/.local/lib/python3.7/site-packages/airflow/example_dags/example_external_task_marker_dag.py
[2022-04-07 23:58:39,235] {processor.py:642} INFO - Processing file /home/airflow/.local/lib/python3.7/site-packages/airflow/example_dags/example_external_task_marker_dag.py for tasks to queue
[2022-04-07 23:58:39,236] {logging_mixin.py:109} INFO - [2022-04-07 23:58:39,236] {dagbag.py:500} INFO - Filling up the DagBag from /home/airflow/.local/lib/python3.7/site-packages/airflow/example_dags/example_external_task_marker_dag.py
[2022-04-07 23:58:39,268] {processor.py:654} INFO - DAG(s) dict_keys(['example_external_task_marker_parent', 'example_external_task_marker_child']) retrieved from /home/airflow/.local/lib/python3.7/site-packages/airflow/example_dags/example_external_task_marker_dag.py
[2022-04-07 23:58:39,281] {logging_mixin.py:109} INFO - [2022-04-07 23:58:39,281] {dag.py:2396} INFO - Sync 2 DAGs
[2022-04-07 23:58:39,297] {logging_mixin.py:109} INFO - [2022-04-07 23:58:39,297] {dag.py:2935} INFO - Setting next_dagrun for example_external_task_marker_child to None
[2022-04-07 23:58:39,298] {logging_mixin.py:109} INFO - [2022-04-07 23:58:39,298] {dag.py:2935} INFO - Setting next_dagrun for example_external_task_marker_parent to None
[2022-04-07 23:58:39,307] {processor.py:171} INFO - Processing /home/airflow/.local/lib/python3.7/site-packages/airflow/example_dags/example_external_task_marker_dag.py took 0.077 seconds
[2022-04-07 23:59:09,798] {processor.py:163} INFO - Started process (PID=1917) to work on /home/airflow/.local/lib/python3.7/site-packages/airflow/example_dags/example_external_task_marker_dag.py
[2022-04-07 23:59:09,800] {processor.py:642} INFO - Processing file /home/airflow/.local/lib/python3.7/site-packages/airflow/example_dags/example_external_task_marker_dag.py for tasks to queue
[2022-04-07 23:59:09,801] {logging_mixin.py:109} INFO - [2022-04-07 23:59:09,801] {dagbag.py:500} INFO - Filling up the DagBag from /home/airflow/.local/lib/python3.7/site-packages/airflow/example_dags/example_external_task_marker_dag.py
[2022-04-07 23:59:09,835] {processor.py:654} INFO - DAG(s) dict_keys(['example_external_task_marker_parent', 'example_external_task_marker_child']) retrieved from /home/airflow/.local/lib/python3.7/site-packages/airflow/example_dags/example_external_task_marker_dag.py
[2022-04-07 23:59:09,853] {logging_mixin.py:109} INFO - [2022-04-07 23:59:09,852] {dag.py:2396} INFO - Sync 2 DAGs
[2022-04-07 23:59:09,877] {logging_mixin.py:109} INFO - [2022-04-07 23:59:09,876] {dag.py:2935} INFO - Setting next_dagrun for example_external_task_marker_child to None
[2022-04-07 23:59:09,877] {logging_mixin.py:109} INFO - [2022-04-07 23:59:09,877] {dag.py:2935} INFO - Setting next_dagrun for example_external_task_marker_parent to None
[2022-04-07 23:59:09,888] {processor.py:171} INFO - Processing /home/airflow/.local/lib/python3.7/site-packages/airflow/example_dags/example_external_task_marker_dag.py took 0.095 seconds
[2022-04-07 23:59:39,983] {processor.py:163} INFO - Started process (PID=1976) to work on /home/airflow/.local/lib/python3.7/site-packages/airflow/example_dags/example_external_task_marker_dag.py
[2022-04-07 23:59:39,985] {processor.py:642} INFO - Processing file /home/airflow/.local/lib/python3.7/site-packages/airflow/example_dags/example_external_task_marker_dag.py for tasks to queue
[2022-04-07 23:59:39,986] {logging_mixin.py:109} INFO - [2022-04-07 23:59:39,986] {dagbag.py:500} INFO - Filling up the DagBag from /home/airflow/.local/lib/python3.7/site-packages/airflow/example_dags/example_external_task_marker_dag.py
[2022-04-07 23:59:40,026] {processor.py:654} INFO - DAG(s) dict_keys(['example_external_task_marker_parent', 'example_external_task_marker_child']) retrieved from /home/airflow/.local/lib/python3.7/site-packages/airflow/example_dags/example_external_task_marker_dag.py
[2022-04-07 23:59:40,039] {logging_mixin.py:109} INFO - [2022-04-07 23:59:40,039] {dag.py:2396} INFO - Sync 2 DAGs
[2022-04-07 23:59:40,056] {logging_mixin.py:109} INFO - [2022-04-07 23:59:40,056] {dag.py:2935} INFO - Setting next_dagrun for example_external_task_marker_child to None
[2022-04-07 23:59:40,056] {logging_mixin.py:109} INFO - [2022-04-07 23:59:40,056] {dag.py:2935} INFO - Setting next_dagrun for example_external_task_marker_parent to None
[2022-04-07 23:59:40,065] {processor.py:171} INFO - Processing /home/airflow/.local/lib/python3.7/site-packages/airflow/example_dags/example_external_task_marker_dag.py took 0.088 seconds
