[2022-04-07 23:43:53,965] {processor.py:163} INFO - Started process (PID=204) to work on /home/airflow/.local/lib/python3.7/site-packages/airflow/example_dags/example_time_delta_sensor_async.py
[2022-04-07 23:43:53,967] {processor.py:642} INFO - Processing file /home/airflow/.local/lib/python3.7/site-packages/airflow/example_dags/example_time_delta_sensor_async.py for tasks to queue
[2022-04-07 23:43:53,968] {logging_mixin.py:109} INFO - [2022-04-07 23:43:53,968] {dagbag.py:500} INFO - Filling up the DagBag from /home/airflow/.local/lib/python3.7/site-packages/airflow/example_dags/example_time_delta_sensor_async.py
[2022-04-07 23:43:54,010] {processor.py:654} INFO - DAG(s) dict_keys(['example_time_delta_sensor_async']) retrieved from /home/airflow/.local/lib/python3.7/site-packages/airflow/example_dags/example_time_delta_sensor_async.py
[2022-04-07 23:43:55,964] {logging_mixin.py:109} INFO - [2022-04-07 23:43:55,964] {manager.py:496} INFO - Created Permission View: can read on DAG:example_time_delta_sensor_async
[2022-04-07 23:43:55,972] {logging_mixin.py:109} INFO - [2022-04-07 23:43:55,972] {manager.py:496} INFO - Created Permission View: can edit on DAG:example_time_delta_sensor_async
[2022-04-07 23:43:55,972] {logging_mixin.py:109} INFO - [2022-04-07 23:43:55,972] {dag.py:2396} INFO - Sync 1 DAGs
[2022-04-07 23:43:55,978] {logging_mixin.py:109} INFO - [2022-04-07 23:43:55,978] {dag.py:2415} INFO - Creating ORM DAG for example_time_delta_sensor_async
[2022-04-07 23:43:55,985] {logging_mixin.py:109} INFO - [2022-04-07 23:43:55,985] {dag.py:2935} INFO - Setting next_dagrun for example_time_delta_sensor_async to None
[2022-04-07 23:43:55,995] {processor.py:171} INFO - Processing /home/airflow/.local/lib/python3.7/site-packages/airflow/example_dags/example_time_delta_sensor_async.py took 2.036 seconds
[2022-04-07 23:44:26,594] {processor.py:163} INFO - Started process (PID=276) to work on /home/airflow/.local/lib/python3.7/site-packages/airflow/example_dags/example_time_delta_sensor_async.py
[2022-04-07 23:44:26,595] {processor.py:642} INFO - Processing file /home/airflow/.local/lib/python3.7/site-packages/airflow/example_dags/example_time_delta_sensor_async.py for tasks to queue
[2022-04-07 23:44:26,596] {logging_mixin.py:109} INFO - [2022-04-07 23:44:26,596] {dagbag.py:500} INFO - Filling up the DagBag from /home/airflow/.local/lib/python3.7/site-packages/airflow/example_dags/example_time_delta_sensor_async.py
[2022-04-07 23:44:26,626] {processor.py:654} INFO - DAG(s) dict_keys(['example_time_delta_sensor_async']) retrieved from /home/airflow/.local/lib/python3.7/site-packages/airflow/example_dags/example_time_delta_sensor_async.py
[2022-04-07 23:44:26,635] {logging_mixin.py:109} INFO - [2022-04-07 23:44:26,635] {dag.py:2396} INFO - Sync 1 DAGs
[2022-04-07 23:44:26,651] {logging_mixin.py:109} INFO - [2022-04-07 23:44:26,651] {dag.py:2935} INFO - Setting next_dagrun for example_time_delta_sensor_async to None
[2022-04-07 23:44:26,659] {processor.py:171} INFO - Processing /home/airflow/.local/lib/python3.7/site-packages/airflow/example_dags/example_time_delta_sensor_async.py took 0.070 seconds
[2022-04-07 23:44:56,827] {processor.py:163} INFO - Started process (PID=327) to work on /home/airflow/.local/lib/python3.7/site-packages/airflow/example_dags/example_time_delta_sensor_async.py
[2022-04-07 23:44:56,829] {processor.py:642} INFO - Processing file /home/airflow/.local/lib/python3.7/site-packages/airflow/example_dags/example_time_delta_sensor_async.py for tasks to queue
[2022-04-07 23:44:56,830] {logging_mixin.py:109} INFO - [2022-04-07 23:44:56,830] {dagbag.py:500} INFO - Filling up the DagBag from /home/airflow/.local/lib/python3.7/site-packages/airflow/example_dags/example_time_delta_sensor_async.py
[2022-04-07 23:44:56,859] {processor.py:654} INFO - DAG(s) dict_keys(['example_time_delta_sensor_async']) retrieved from /home/airflow/.local/lib/python3.7/site-packages/airflow/example_dags/example_time_delta_sensor_async.py
[2022-04-07 23:44:56,868] {logging_mixin.py:109} INFO - [2022-04-07 23:44:56,868] {dag.py:2396} INFO - Sync 1 DAGs
[2022-04-07 23:44:56,884] {logging_mixin.py:109} INFO - [2022-04-07 23:44:56,884] {dag.py:2935} INFO - Setting next_dagrun for example_time_delta_sensor_async to None
[2022-04-07 23:44:56,893] {processor.py:171} INFO - Processing /home/airflow/.local/lib/python3.7/site-packages/airflow/example_dags/example_time_delta_sensor_async.py took 0.070 seconds
[2022-04-07 23:45:27,413] {processor.py:163} INFO - Started process (PID=389) to work on /home/airflow/.local/lib/python3.7/site-packages/airflow/example_dags/example_time_delta_sensor_async.py
[2022-04-07 23:45:27,415] {processor.py:642} INFO - Processing file /home/airflow/.local/lib/python3.7/site-packages/airflow/example_dags/example_time_delta_sensor_async.py for tasks to queue
[2022-04-07 23:45:27,416] {logging_mixin.py:109} INFO - [2022-04-07 23:45:27,416] {dagbag.py:500} INFO - Filling up the DagBag from /home/airflow/.local/lib/python3.7/site-packages/airflow/example_dags/example_time_delta_sensor_async.py
[2022-04-07 23:45:27,456] {processor.py:654} INFO - DAG(s) dict_keys(['example_time_delta_sensor_async']) retrieved from /home/airflow/.local/lib/python3.7/site-packages/airflow/example_dags/example_time_delta_sensor_async.py
[2022-04-07 23:45:27,470] {logging_mixin.py:109} INFO - [2022-04-07 23:45:27,470] {dag.py:2396} INFO - Sync 1 DAGs
[2022-04-07 23:45:27,492] {logging_mixin.py:109} INFO - [2022-04-07 23:45:27,492] {dag.py:2935} INFO - Setting next_dagrun for example_time_delta_sensor_async to None
[2022-04-07 23:45:27,503] {processor.py:171} INFO - Processing /home/airflow/.local/lib/python3.7/site-packages/airflow/example_dags/example_time_delta_sensor_async.py took 0.096 seconds
[2022-04-07 23:45:57,860] {processor.py:163} INFO - Started process (PID=441) to work on /home/airflow/.local/lib/python3.7/site-packages/airflow/example_dags/example_time_delta_sensor_async.py
[2022-04-07 23:45:57,862] {processor.py:642} INFO - Processing file /home/airflow/.local/lib/python3.7/site-packages/airflow/example_dags/example_time_delta_sensor_async.py for tasks to queue
[2022-04-07 23:45:57,863] {logging_mixin.py:109} INFO - [2022-04-07 23:45:57,863] {dagbag.py:500} INFO - Filling up the DagBag from /home/airflow/.local/lib/python3.7/site-packages/airflow/example_dags/example_time_delta_sensor_async.py
[2022-04-07 23:45:57,893] {processor.py:654} INFO - DAG(s) dict_keys(['example_time_delta_sensor_async']) retrieved from /home/airflow/.local/lib/python3.7/site-packages/airflow/example_dags/example_time_delta_sensor_async.py
[2022-04-07 23:45:57,902] {logging_mixin.py:109} INFO - [2022-04-07 23:45:57,902] {dag.py:2396} INFO - Sync 1 DAGs
[2022-04-07 23:45:57,918] {logging_mixin.py:109} INFO - [2022-04-07 23:45:57,918] {dag.py:2935} INFO - Setting next_dagrun for example_time_delta_sensor_async to None
[2022-04-07 23:45:57,926] {processor.py:171} INFO - Processing /home/airflow/.local/lib/python3.7/site-packages/airflow/example_dags/example_time_delta_sensor_async.py took 0.070 seconds
[2022-04-07 23:46:28,034] {processor.py:163} INFO - Started process (PID=502) to work on /home/airflow/.local/lib/python3.7/site-packages/airflow/example_dags/example_time_delta_sensor_async.py
[2022-04-07 23:46:28,035] {processor.py:642} INFO - Processing file /home/airflow/.local/lib/python3.7/site-packages/airflow/example_dags/example_time_delta_sensor_async.py for tasks to queue
[2022-04-07 23:46:28,036] {logging_mixin.py:109} INFO - [2022-04-07 23:46:28,036] {dagbag.py:500} INFO - Filling up the DagBag from /home/airflow/.local/lib/python3.7/site-packages/airflow/example_dags/example_time_delta_sensor_async.py
[2022-04-07 23:46:28,066] {processor.py:654} INFO - DAG(s) dict_keys(['example_time_delta_sensor_async']) retrieved from /home/airflow/.local/lib/python3.7/site-packages/airflow/example_dags/example_time_delta_sensor_async.py
[2022-04-07 23:46:28,075] {logging_mixin.py:109} INFO - [2022-04-07 23:46:28,075] {dag.py:2396} INFO - Sync 1 DAGs
[2022-04-07 23:46:28,092] {logging_mixin.py:109} INFO - [2022-04-07 23:46:28,091] {dag.py:2935} INFO - Setting next_dagrun for example_time_delta_sensor_async to None
[2022-04-07 23:46:28,100] {processor.py:171} INFO - Processing /home/airflow/.local/lib/python3.7/site-packages/airflow/example_dags/example_time_delta_sensor_async.py took 0.070 seconds
[2022-04-07 23:46:58,252] {processor.py:163} INFO - Started process (PID=554) to work on /home/airflow/.local/lib/python3.7/site-packages/airflow/example_dags/example_time_delta_sensor_async.py
[2022-04-07 23:46:58,255] {processor.py:642} INFO - Processing file /home/airflow/.local/lib/python3.7/site-packages/airflow/example_dags/example_time_delta_sensor_async.py for tasks to queue
[2022-04-07 23:46:58,256] {logging_mixin.py:109} INFO - [2022-04-07 23:46:58,256] {dagbag.py:500} INFO - Filling up the DagBag from /home/airflow/.local/lib/python3.7/site-packages/airflow/example_dags/example_time_delta_sensor_async.py
[2022-04-07 23:46:58,297] {processor.py:654} INFO - DAG(s) dict_keys(['example_time_delta_sensor_async']) retrieved from /home/airflow/.local/lib/python3.7/site-packages/airflow/example_dags/example_time_delta_sensor_async.py
[2022-04-07 23:46:58,309] {logging_mixin.py:109} INFO - [2022-04-07 23:46:58,309] {dag.py:2396} INFO - Sync 1 DAGs
[2022-04-07 23:46:58,332] {logging_mixin.py:109} INFO - [2022-04-07 23:46:58,332] {dag.py:2935} INFO - Setting next_dagrun for example_time_delta_sensor_async to None
[2022-04-07 23:46:58,350] {processor.py:171} INFO - Processing /home/airflow/.local/lib/python3.7/site-packages/airflow/example_dags/example_time_delta_sensor_async.py took 0.104 seconds
[2022-04-07 23:47:28,591] {processor.py:163} INFO - Started process (PID=618) to work on /home/airflow/.local/lib/python3.7/site-packages/airflow/example_dags/example_time_delta_sensor_async.py
[2022-04-07 23:47:28,592] {processor.py:642} INFO - Processing file /home/airflow/.local/lib/python3.7/site-packages/airflow/example_dags/example_time_delta_sensor_async.py for tasks to queue
[2022-04-07 23:47:28,593] {logging_mixin.py:109} INFO - [2022-04-07 23:47:28,593] {dagbag.py:500} INFO - Filling up the DagBag from /home/airflow/.local/lib/python3.7/site-packages/airflow/example_dags/example_time_delta_sensor_async.py
[2022-04-07 23:47:28,627] {processor.py:654} INFO - DAG(s) dict_keys(['example_time_delta_sensor_async']) retrieved from /home/airflow/.local/lib/python3.7/site-packages/airflow/example_dags/example_time_delta_sensor_async.py
[2022-04-07 23:47:28,640] {logging_mixin.py:109} INFO - [2022-04-07 23:47:28,640] {dag.py:2396} INFO - Sync 1 DAGs
[2022-04-07 23:47:28,664] {logging_mixin.py:109} INFO - [2022-04-07 23:47:28,664] {dag.py:2935} INFO - Setting next_dagrun for example_time_delta_sensor_async to None
[2022-04-07 23:47:28,674] {processor.py:171} INFO - Processing /home/airflow/.local/lib/python3.7/site-packages/airflow/example_dags/example_time_delta_sensor_async.py took 0.088 seconds
[2022-04-07 23:47:58,888] {processor.py:163} INFO - Started process (PID=668) to work on /home/airflow/.local/lib/python3.7/site-packages/airflow/example_dags/example_time_delta_sensor_async.py
[2022-04-07 23:47:58,890] {processor.py:642} INFO - Processing file /home/airflow/.local/lib/python3.7/site-packages/airflow/example_dags/example_time_delta_sensor_async.py for tasks to queue
[2022-04-07 23:47:58,891] {logging_mixin.py:109} INFO - [2022-04-07 23:47:58,891] {dagbag.py:500} INFO - Filling up the DagBag from /home/airflow/.local/lib/python3.7/site-packages/airflow/example_dags/example_time_delta_sensor_async.py
[2022-04-07 23:47:58,930] {processor.py:654} INFO - DAG(s) dict_keys(['example_time_delta_sensor_async']) retrieved from /home/airflow/.local/lib/python3.7/site-packages/airflow/example_dags/example_time_delta_sensor_async.py
[2022-04-07 23:47:58,944] {logging_mixin.py:109} INFO - [2022-04-07 23:47:58,943] {dag.py:2396} INFO - Sync 1 DAGs
[2022-04-07 23:47:58,966] {logging_mixin.py:109} INFO - [2022-04-07 23:47:58,966] {dag.py:2935} INFO - Setting next_dagrun for example_time_delta_sensor_async to None
[2022-04-07 23:47:58,976] {processor.py:171} INFO - Processing /home/airflow/.local/lib/python3.7/site-packages/airflow/example_dags/example_time_delta_sensor_async.py took 0.094 seconds
[2022-04-07 23:48:29,172] {processor.py:163} INFO - Started process (PID=730) to work on /home/airflow/.local/lib/python3.7/site-packages/airflow/example_dags/example_time_delta_sensor_async.py
[2022-04-07 23:48:29,173] {processor.py:642} INFO - Processing file /home/airflow/.local/lib/python3.7/site-packages/airflow/example_dags/example_time_delta_sensor_async.py for tasks to queue
[2022-04-07 23:48:29,174] {logging_mixin.py:109} INFO - [2022-04-07 23:48:29,174] {dagbag.py:500} INFO - Filling up the DagBag from /home/airflow/.local/lib/python3.7/site-packages/airflow/example_dags/example_time_delta_sensor_async.py
[2022-04-07 23:48:29,205] {processor.py:654} INFO - DAG(s) dict_keys(['example_time_delta_sensor_async']) retrieved from /home/airflow/.local/lib/python3.7/site-packages/airflow/example_dags/example_time_delta_sensor_async.py
[2022-04-07 23:48:29,215] {logging_mixin.py:109} INFO - [2022-04-07 23:48:29,215] {dag.py:2396} INFO - Sync 1 DAGs
[2022-04-07 23:48:29,231] {logging_mixin.py:109} INFO - [2022-04-07 23:48:29,231] {dag.py:2935} INFO - Setting next_dagrun for example_time_delta_sensor_async to None
[2022-04-07 23:48:29,241] {processor.py:171} INFO - Processing /home/airflow/.local/lib/python3.7/site-packages/airflow/example_dags/example_time_delta_sensor_async.py took 0.075 seconds
[2022-04-07 23:48:59,380] {processor.py:163} INFO - Started process (PID=787) to work on /home/airflow/.local/lib/python3.7/site-packages/airflow/example_dags/example_time_delta_sensor_async.py
[2022-04-07 23:48:59,381] {processor.py:642} INFO - Processing file /home/airflow/.local/lib/python3.7/site-packages/airflow/example_dags/example_time_delta_sensor_async.py for tasks to queue
[2022-04-07 23:48:59,382] {logging_mixin.py:109} INFO - [2022-04-07 23:48:59,382] {dagbag.py:500} INFO - Filling up the DagBag from /home/airflow/.local/lib/python3.7/site-packages/airflow/example_dags/example_time_delta_sensor_async.py
[2022-04-07 23:48:59,422] {processor.py:654} INFO - DAG(s) dict_keys(['example_time_delta_sensor_async']) retrieved from /home/airflow/.local/lib/python3.7/site-packages/airflow/example_dags/example_time_delta_sensor_async.py
[2022-04-07 23:48:59,435] {logging_mixin.py:109} INFO - [2022-04-07 23:48:59,435] {dag.py:2396} INFO - Sync 1 DAGs
[2022-04-07 23:48:59,456] {logging_mixin.py:109} INFO - [2022-04-07 23:48:59,456] {dag.py:2935} INFO - Setting next_dagrun for example_time_delta_sensor_async to None
[2022-04-07 23:48:59,467] {processor.py:171} INFO - Processing /home/airflow/.local/lib/python3.7/site-packages/airflow/example_dags/example_time_delta_sensor_async.py took 0.093 seconds
[2022-04-07 23:49:29,751] {processor.py:163} INFO - Started process (PID=847) to work on /home/airflow/.local/lib/python3.7/site-packages/airflow/example_dags/example_time_delta_sensor_async.py
[2022-04-07 23:49:29,753] {processor.py:642} INFO - Processing file /home/airflow/.local/lib/python3.7/site-packages/airflow/example_dags/example_time_delta_sensor_async.py for tasks to queue
[2022-04-07 23:49:29,754] {logging_mixin.py:109} INFO - [2022-04-07 23:49:29,754] {dagbag.py:500} INFO - Filling up the DagBag from /home/airflow/.local/lib/python3.7/site-packages/airflow/example_dags/example_time_delta_sensor_async.py
[2022-04-07 23:49:29,796] {processor.py:654} INFO - DAG(s) dict_keys(['example_time_delta_sensor_async']) retrieved from /home/airflow/.local/lib/python3.7/site-packages/airflow/example_dags/example_time_delta_sensor_async.py
[2022-04-07 23:49:29,809] {logging_mixin.py:109} INFO - [2022-04-07 23:49:29,808] {dag.py:2396} INFO - Sync 1 DAGs
[2022-04-07 23:49:29,830] {logging_mixin.py:109} INFO - [2022-04-07 23:49:29,829] {dag.py:2935} INFO - Setting next_dagrun for example_time_delta_sensor_async to None
[2022-04-07 23:49:29,841] {processor.py:171} INFO - Processing /home/airflow/.local/lib/python3.7/site-packages/airflow/example_dags/example_time_delta_sensor_async.py took 0.094 seconds
[2022-04-07 23:49:59,875] {processor.py:163} INFO - Started process (PID=899) to work on /home/airflow/.local/lib/python3.7/site-packages/airflow/example_dags/example_time_delta_sensor_async.py
[2022-04-07 23:49:59,877] {processor.py:642} INFO - Processing file /home/airflow/.local/lib/python3.7/site-packages/airflow/example_dags/example_time_delta_sensor_async.py for tasks to queue
[2022-04-07 23:49:59,877] {logging_mixin.py:109} INFO - [2022-04-07 23:49:59,877] {dagbag.py:500} INFO - Filling up the DagBag from /home/airflow/.local/lib/python3.7/site-packages/airflow/example_dags/example_time_delta_sensor_async.py
[2022-04-07 23:49:59,907] {processor.py:654} INFO - DAG(s) dict_keys(['example_time_delta_sensor_async']) retrieved from /home/airflow/.local/lib/python3.7/site-packages/airflow/example_dags/example_time_delta_sensor_async.py
[2022-04-07 23:49:59,916] {logging_mixin.py:109} INFO - [2022-04-07 23:49:59,916] {dag.py:2396} INFO - Sync 1 DAGs
[2022-04-07 23:49:59,932] {logging_mixin.py:109} INFO - [2022-04-07 23:49:59,932] {dag.py:2935} INFO - Setting next_dagrun for example_time_delta_sensor_async to None
[2022-04-07 23:49:59,942] {processor.py:171} INFO - Processing /home/airflow/.local/lib/python3.7/site-packages/airflow/example_dags/example_time_delta_sensor_async.py took 0.071 seconds
[2022-04-07 23:50:30,512] {processor.py:163} INFO - Started process (PID=960) to work on /home/airflow/.local/lib/python3.7/site-packages/airflow/example_dags/example_time_delta_sensor_async.py
[2022-04-07 23:50:30,514] {processor.py:642} INFO - Processing file /home/airflow/.local/lib/python3.7/site-packages/airflow/example_dags/example_time_delta_sensor_async.py for tasks to queue
[2022-04-07 23:50:30,515] {logging_mixin.py:109} INFO - [2022-04-07 23:50:30,515] {dagbag.py:500} INFO - Filling up the DagBag from /home/airflow/.local/lib/python3.7/site-packages/airflow/example_dags/example_time_delta_sensor_async.py
[2022-04-07 23:50:30,543] {processor.py:654} INFO - DAG(s) dict_keys(['example_time_delta_sensor_async']) retrieved from /home/airflow/.local/lib/python3.7/site-packages/airflow/example_dags/example_time_delta_sensor_async.py
[2022-04-07 23:50:30,552] {logging_mixin.py:109} INFO - [2022-04-07 23:50:30,552] {dag.py:2396} INFO - Sync 1 DAGs
[2022-04-07 23:50:30,571] {logging_mixin.py:109} INFO - [2022-04-07 23:50:30,571] {dag.py:2935} INFO - Setting next_dagrun for example_time_delta_sensor_async to None
[2022-04-07 23:50:30,582] {processor.py:171} INFO - Processing /home/airflow/.local/lib/python3.7/site-packages/airflow/example_dags/example_time_delta_sensor_async.py took 0.074 seconds
[2022-04-07 23:51:00,984] {processor.py:163} INFO - Started process (PID=1011) to work on /home/airflow/.local/lib/python3.7/site-packages/airflow/example_dags/example_time_delta_sensor_async.py
[2022-04-07 23:51:00,986] {processor.py:642} INFO - Processing file /home/airflow/.local/lib/python3.7/site-packages/airflow/example_dags/example_time_delta_sensor_async.py for tasks to queue
[2022-04-07 23:51:00,987] {logging_mixin.py:109} INFO - [2022-04-07 23:51:00,987] {dagbag.py:500} INFO - Filling up the DagBag from /home/airflow/.local/lib/python3.7/site-packages/airflow/example_dags/example_time_delta_sensor_async.py
[2022-04-07 23:51:01,027] {processor.py:654} INFO - DAG(s) dict_keys(['example_time_delta_sensor_async']) retrieved from /home/airflow/.local/lib/python3.7/site-packages/airflow/example_dags/example_time_delta_sensor_async.py
[2022-04-07 23:51:01,040] {logging_mixin.py:109} INFO - [2022-04-07 23:51:01,040] {dag.py:2396} INFO - Sync 1 DAGs
[2022-04-07 23:51:01,063] {logging_mixin.py:109} INFO - [2022-04-07 23:51:01,063] {dag.py:2935} INFO - Setting next_dagrun for example_time_delta_sensor_async to None
[2022-04-07 23:51:01,074] {processor.py:171} INFO - Processing /home/airflow/.local/lib/python3.7/site-packages/airflow/example_dags/example_time_delta_sensor_async.py took 0.096 seconds
[2022-04-07 23:51:31,523] {processor.py:163} INFO - Started process (PID=1073) to work on /home/airflow/.local/lib/python3.7/site-packages/airflow/example_dags/example_time_delta_sensor_async.py
[2022-04-07 23:51:31,525] {processor.py:642} INFO - Processing file /home/airflow/.local/lib/python3.7/site-packages/airflow/example_dags/example_time_delta_sensor_async.py for tasks to queue
[2022-04-07 23:51:31,526] {logging_mixin.py:109} INFO - [2022-04-07 23:51:31,526] {dagbag.py:500} INFO - Filling up the DagBag from /home/airflow/.local/lib/python3.7/site-packages/airflow/example_dags/example_time_delta_sensor_async.py
[2022-04-07 23:51:31,567] {processor.py:654} INFO - DAG(s) dict_keys(['example_time_delta_sensor_async']) retrieved from /home/airflow/.local/lib/python3.7/site-packages/airflow/example_dags/example_time_delta_sensor_async.py
[2022-04-07 23:51:31,580] {logging_mixin.py:109} INFO - [2022-04-07 23:51:31,580] {dag.py:2396} INFO - Sync 1 DAGs
[2022-04-07 23:51:31,604] {logging_mixin.py:109} INFO - [2022-04-07 23:51:31,604] {dag.py:2935} INFO - Setting next_dagrun for example_time_delta_sensor_async to None
[2022-04-07 23:51:31,615] {processor.py:171} INFO - Processing /home/airflow/.local/lib/python3.7/site-packages/airflow/example_dags/example_time_delta_sensor_async.py took 0.098 seconds
[2022-04-07 23:52:01,858] {processor.py:163} INFO - Started process (PID=1126) to work on /home/airflow/.local/lib/python3.7/site-packages/airflow/example_dags/example_time_delta_sensor_async.py
[2022-04-07 23:52:01,859] {processor.py:642} INFO - Processing file /home/airflow/.local/lib/python3.7/site-packages/airflow/example_dags/example_time_delta_sensor_async.py for tasks to queue
[2022-04-07 23:52:01,860] {logging_mixin.py:109} INFO - [2022-04-07 23:52:01,860] {dagbag.py:500} INFO - Filling up the DagBag from /home/airflow/.local/lib/python3.7/site-packages/airflow/example_dags/example_time_delta_sensor_async.py
[2022-04-07 23:52:01,890] {processor.py:654} INFO - DAG(s) dict_keys(['example_time_delta_sensor_async']) retrieved from /home/airflow/.local/lib/python3.7/site-packages/airflow/example_dags/example_time_delta_sensor_async.py
[2022-04-07 23:52:01,900] {logging_mixin.py:109} INFO - [2022-04-07 23:52:01,900] {dag.py:2396} INFO - Sync 1 DAGs
[2022-04-07 23:52:01,916] {logging_mixin.py:109} INFO - [2022-04-07 23:52:01,916] {dag.py:2935} INFO - Setting next_dagrun for example_time_delta_sensor_async to None
[2022-04-07 23:52:01,925] {processor.py:171} INFO - Processing /home/airflow/.local/lib/python3.7/site-packages/airflow/example_dags/example_time_delta_sensor_async.py took 0.072 seconds
[2022-04-07 23:52:32,194] {processor.py:163} INFO - Started process (PID=1186) to work on /home/airflow/.local/lib/python3.7/site-packages/airflow/example_dags/example_time_delta_sensor_async.py
[2022-04-07 23:52:32,196] {processor.py:642} INFO - Processing file /home/airflow/.local/lib/python3.7/site-packages/airflow/example_dags/example_time_delta_sensor_async.py for tasks to queue
[2022-04-07 23:52:32,197] {logging_mixin.py:109} INFO - [2022-04-07 23:52:32,197] {dagbag.py:500} INFO - Filling up the DagBag from /home/airflow/.local/lib/python3.7/site-packages/airflow/example_dags/example_time_delta_sensor_async.py
[2022-04-07 23:52:32,235] {processor.py:654} INFO - DAG(s) dict_keys(['example_time_delta_sensor_async']) retrieved from /home/airflow/.local/lib/python3.7/site-packages/airflow/example_dags/example_time_delta_sensor_async.py
[2022-04-07 23:52:32,248] {logging_mixin.py:109} INFO - [2022-04-07 23:52:32,248] {dag.py:2396} INFO - Sync 1 DAGs
[2022-04-07 23:52:32,271] {logging_mixin.py:109} INFO - [2022-04-07 23:52:32,271] {dag.py:2935} INFO - Setting next_dagrun for example_time_delta_sensor_async to None
[2022-04-07 23:52:32,282] {processor.py:171} INFO - Processing /home/airflow/.local/lib/python3.7/site-packages/airflow/example_dags/example_time_delta_sensor_async.py took 0.094 seconds
[2022-04-07 23:53:02,493] {processor.py:163} INFO - Started process (PID=1237) to work on /home/airflow/.local/lib/python3.7/site-packages/airflow/example_dags/example_time_delta_sensor_async.py
[2022-04-07 23:53:02,494] {processor.py:642} INFO - Processing file /home/airflow/.local/lib/python3.7/site-packages/airflow/example_dags/example_time_delta_sensor_async.py for tasks to queue
[2022-04-07 23:53:02,494] {logging_mixin.py:109} INFO - [2022-04-07 23:53:02,494] {dagbag.py:500} INFO - Filling up the DagBag from /home/airflow/.local/lib/python3.7/site-packages/airflow/example_dags/example_time_delta_sensor_async.py
[2022-04-07 23:53:02,526] {processor.py:654} INFO - DAG(s) dict_keys(['example_time_delta_sensor_async']) retrieved from /home/airflow/.local/lib/python3.7/site-packages/airflow/example_dags/example_time_delta_sensor_async.py
[2022-04-07 23:53:02,535] {logging_mixin.py:109} INFO - [2022-04-07 23:53:02,535] {dag.py:2396} INFO - Sync 1 DAGs
[2022-04-07 23:53:02,554] {logging_mixin.py:109} INFO - [2022-04-07 23:53:02,554] {dag.py:2935} INFO - Setting next_dagrun for example_time_delta_sensor_async to None
[2022-04-07 23:53:02,563] {processor.py:171} INFO - Processing /home/airflow/.local/lib/python3.7/site-packages/airflow/example_dags/example_time_delta_sensor_async.py took 0.075 seconds
[2022-04-07 23:53:32,771] {processor.py:163} INFO - Started process (PID=1298) to work on /home/airflow/.local/lib/python3.7/site-packages/airflow/example_dags/example_time_delta_sensor_async.py
[2022-04-07 23:53:32,773] {processor.py:642} INFO - Processing file /home/airflow/.local/lib/python3.7/site-packages/airflow/example_dags/example_time_delta_sensor_async.py for tasks to queue
[2022-04-07 23:53:32,773] {logging_mixin.py:109} INFO - [2022-04-07 23:53:32,773] {dagbag.py:500} INFO - Filling up the DagBag from /home/airflow/.local/lib/python3.7/site-packages/airflow/example_dags/example_time_delta_sensor_async.py
[2022-04-07 23:53:32,803] {processor.py:654} INFO - DAG(s) dict_keys(['example_time_delta_sensor_async']) retrieved from /home/airflow/.local/lib/python3.7/site-packages/airflow/example_dags/example_time_delta_sensor_async.py
[2022-04-07 23:53:32,814] {logging_mixin.py:109} INFO - [2022-04-07 23:53:32,814] {dag.py:2396} INFO - Sync 1 DAGs
[2022-04-07 23:53:32,831] {logging_mixin.py:109} INFO - [2022-04-07 23:53:32,830] {dag.py:2935} INFO - Setting next_dagrun for example_time_delta_sensor_async to None
[2022-04-07 23:53:32,839] {processor.py:171} INFO - Processing /home/airflow/.local/lib/python3.7/site-packages/airflow/example_dags/example_time_delta_sensor_async.py took 0.072 seconds
[2022-04-07 23:54:03,600] {processor.py:163} INFO - Started process (PID=1349) to work on /home/airflow/.local/lib/python3.7/site-packages/airflow/example_dags/example_time_delta_sensor_async.py
[2022-04-07 23:54:03,602] {processor.py:642} INFO - Processing file /home/airflow/.local/lib/python3.7/site-packages/airflow/example_dags/example_time_delta_sensor_async.py for tasks to queue
[2022-04-07 23:54:03,602] {logging_mixin.py:109} INFO - [2022-04-07 23:54:03,602] {dagbag.py:500} INFO - Filling up the DagBag from /home/airflow/.local/lib/python3.7/site-packages/airflow/example_dags/example_time_delta_sensor_async.py
[2022-04-07 23:54:03,641] {processor.py:654} INFO - DAG(s) dict_keys(['example_time_delta_sensor_async']) retrieved from /home/airflow/.local/lib/python3.7/site-packages/airflow/example_dags/example_time_delta_sensor_async.py
[2022-04-07 23:54:03,653] {logging_mixin.py:109} INFO - [2022-04-07 23:54:03,653] {dag.py:2396} INFO - Sync 1 DAGs
[2022-04-07 23:54:03,671] {logging_mixin.py:109} INFO - [2022-04-07 23:54:03,671] {dag.py:2935} INFO - Setting next_dagrun for example_time_delta_sensor_async to None
[2022-04-07 23:54:03,679] {processor.py:171} INFO - Processing /home/airflow/.local/lib/python3.7/site-packages/airflow/example_dags/example_time_delta_sensor_async.py took 0.084 seconds
[2022-04-07 23:54:34,190] {processor.py:163} INFO - Started process (PID=1411) to work on /home/airflow/.local/lib/python3.7/site-packages/airflow/example_dags/example_time_delta_sensor_async.py
[2022-04-07 23:54:34,193] {processor.py:642} INFO - Processing file /home/airflow/.local/lib/python3.7/site-packages/airflow/example_dags/example_time_delta_sensor_async.py for tasks to queue
[2022-04-07 23:54:34,194] {logging_mixin.py:109} INFO - [2022-04-07 23:54:34,194] {dagbag.py:500} INFO - Filling up the DagBag from /home/airflow/.local/lib/python3.7/site-packages/airflow/example_dags/example_time_delta_sensor_async.py
[2022-04-07 23:54:34,227] {processor.py:654} INFO - DAG(s) dict_keys(['example_time_delta_sensor_async']) retrieved from /home/airflow/.local/lib/python3.7/site-packages/airflow/example_dags/example_time_delta_sensor_async.py
[2022-04-07 23:54:34,237] {logging_mixin.py:109} INFO - [2022-04-07 23:54:34,236] {dag.py:2396} INFO - Sync 1 DAGs
[2022-04-07 23:54:34,252] {logging_mixin.py:109} INFO - [2022-04-07 23:54:34,252] {dag.py:2935} INFO - Setting next_dagrun for example_time_delta_sensor_async to None
[2022-04-07 23:54:34,261] {processor.py:171} INFO - Processing /home/airflow/.local/lib/python3.7/site-packages/airflow/example_dags/example_time_delta_sensor_async.py took 0.077 seconds
[2022-04-07 23:55:04,684] {processor.py:163} INFO - Started process (PID=1462) to work on /home/airflow/.local/lib/python3.7/site-packages/airflow/example_dags/example_time_delta_sensor_async.py
[2022-04-07 23:55:04,687] {processor.py:642} INFO - Processing file /home/airflow/.local/lib/python3.7/site-packages/airflow/example_dags/example_time_delta_sensor_async.py for tasks to queue
[2022-04-07 23:55:04,688] {logging_mixin.py:109} INFO - [2022-04-07 23:55:04,688] {dagbag.py:500} INFO - Filling up the DagBag from /home/airflow/.local/lib/python3.7/site-packages/airflow/example_dags/example_time_delta_sensor_async.py
[2022-04-07 23:55:04,733] {processor.py:654} INFO - DAG(s) dict_keys(['example_time_delta_sensor_async']) retrieved from /home/airflow/.local/lib/python3.7/site-packages/airflow/example_dags/example_time_delta_sensor_async.py
[2022-04-07 23:55:04,747] {logging_mixin.py:109} INFO - [2022-04-07 23:55:04,747] {dag.py:2396} INFO - Sync 1 DAGs
[2022-04-07 23:55:04,766] {logging_mixin.py:109} INFO - [2022-04-07 23:55:04,766] {dag.py:2935} INFO - Setting next_dagrun for example_time_delta_sensor_async to None
[2022-04-07 23:55:04,779] {processor.py:171} INFO - Processing /home/airflow/.local/lib/python3.7/site-packages/airflow/example_dags/example_time_delta_sensor_async.py took 0.101 seconds
[2022-04-07 23:55:35,024] {processor.py:163} INFO - Started process (PID=1523) to work on /home/airflow/.local/lib/python3.7/site-packages/airflow/example_dags/example_time_delta_sensor_async.py
[2022-04-07 23:55:35,025] {processor.py:642} INFO - Processing file /home/airflow/.local/lib/python3.7/site-packages/airflow/example_dags/example_time_delta_sensor_async.py for tasks to queue
[2022-04-07 23:55:35,026] {logging_mixin.py:109} INFO - [2022-04-07 23:55:35,026] {dagbag.py:500} INFO - Filling up the DagBag from /home/airflow/.local/lib/python3.7/site-packages/airflow/example_dags/example_time_delta_sensor_async.py
[2022-04-07 23:55:35,056] {processor.py:654} INFO - DAG(s) dict_keys(['example_time_delta_sensor_async']) retrieved from /home/airflow/.local/lib/python3.7/site-packages/airflow/example_dags/example_time_delta_sensor_async.py
[2022-04-07 23:55:35,066] {logging_mixin.py:109} INFO - [2022-04-07 23:55:35,066] {dag.py:2396} INFO - Sync 1 DAGs
[2022-04-07 23:55:35,084] {logging_mixin.py:109} INFO - [2022-04-07 23:55:35,084] {dag.py:2935} INFO - Setting next_dagrun for example_time_delta_sensor_async to None
[2022-04-07 23:55:35,093] {processor.py:171} INFO - Processing /home/airflow/.local/lib/python3.7/site-packages/airflow/example_dags/example_time_delta_sensor_async.py took 0.075 seconds
[2022-04-07 23:56:05,613] {processor.py:163} INFO - Started process (PID=1575) to work on /home/airflow/.local/lib/python3.7/site-packages/airflow/example_dags/example_time_delta_sensor_async.py
[2022-04-07 23:56:05,615] {processor.py:642} INFO - Processing file /home/airflow/.local/lib/python3.7/site-packages/airflow/example_dags/example_time_delta_sensor_async.py for tasks to queue
[2022-04-07 23:56:05,615] {logging_mixin.py:109} INFO - [2022-04-07 23:56:05,615] {dagbag.py:500} INFO - Filling up the DagBag from /home/airflow/.local/lib/python3.7/site-packages/airflow/example_dags/example_time_delta_sensor_async.py
[2022-04-07 23:56:05,645] {processor.py:654} INFO - DAG(s) dict_keys(['example_time_delta_sensor_async']) retrieved from /home/airflow/.local/lib/python3.7/site-packages/airflow/example_dags/example_time_delta_sensor_async.py
[2022-04-07 23:56:05,654] {logging_mixin.py:109} INFO - [2022-04-07 23:56:05,654] {dag.py:2396} INFO - Sync 1 DAGs
[2022-04-07 23:56:05,670] {logging_mixin.py:109} INFO - [2022-04-07 23:56:05,669] {dag.py:2935} INFO - Setting next_dagrun for example_time_delta_sensor_async to None
[2022-04-07 23:56:05,678] {processor.py:171} INFO - Processing /home/airflow/.local/lib/python3.7/site-packages/airflow/example_dags/example_time_delta_sensor_async.py took 0.069 seconds
[2022-04-07 23:56:36,405] {processor.py:163} INFO - Started process (PID=1637) to work on /home/airflow/.local/lib/python3.7/site-packages/airflow/example_dags/example_time_delta_sensor_async.py
[2022-04-07 23:56:36,407] {processor.py:642} INFO - Processing file /home/airflow/.local/lib/python3.7/site-packages/airflow/example_dags/example_time_delta_sensor_async.py for tasks to queue
[2022-04-07 23:56:36,408] {logging_mixin.py:109} INFO - [2022-04-07 23:56:36,408] {dagbag.py:500} INFO - Filling up the DagBag from /home/airflow/.local/lib/python3.7/site-packages/airflow/example_dags/example_time_delta_sensor_async.py
[2022-04-07 23:56:36,447] {processor.py:654} INFO - DAG(s) dict_keys(['example_time_delta_sensor_async']) retrieved from /home/airflow/.local/lib/python3.7/site-packages/airflow/example_dags/example_time_delta_sensor_async.py
[2022-04-07 23:56:36,459] {logging_mixin.py:109} INFO - [2022-04-07 23:56:36,459] {dag.py:2396} INFO - Sync 1 DAGs
[2022-04-07 23:56:36,481] {logging_mixin.py:109} INFO - [2022-04-07 23:56:36,481] {dag.py:2935} INFO - Setting next_dagrun for example_time_delta_sensor_async to None
[2022-04-07 23:56:36,489] {processor.py:171} INFO - Processing /home/airflow/.local/lib/python3.7/site-packages/airflow/example_dags/example_time_delta_sensor_async.py took 0.090 seconds
[2022-04-07 23:57:07,400] {processor.py:163} INFO - Started process (PID=1690) to work on /home/airflow/.local/lib/python3.7/site-packages/airflow/example_dags/example_time_delta_sensor_async.py
[2022-04-07 23:57:07,402] {processor.py:642} INFO - Processing file /home/airflow/.local/lib/python3.7/site-packages/airflow/example_dags/example_time_delta_sensor_async.py for tasks to queue
[2022-04-07 23:57:07,403] {logging_mixin.py:109} INFO - [2022-04-07 23:57:07,403] {dagbag.py:500} INFO - Filling up the DagBag from /home/airflow/.local/lib/python3.7/site-packages/airflow/example_dags/example_time_delta_sensor_async.py
[2022-04-07 23:57:07,435] {processor.py:654} INFO - DAG(s) dict_keys(['example_time_delta_sensor_async']) retrieved from /home/airflow/.local/lib/python3.7/site-packages/airflow/example_dags/example_time_delta_sensor_async.py
[2022-04-07 23:57:07,446] {logging_mixin.py:109} INFO - [2022-04-07 23:57:07,446] {dag.py:2396} INFO - Sync 1 DAGs
[2022-04-07 23:57:07,463] {logging_mixin.py:109} INFO - [2022-04-07 23:57:07,462] {dag.py:2935} INFO - Setting next_dagrun for example_time_delta_sensor_async to None
[2022-04-07 23:57:07,471] {processor.py:171} INFO - Processing /home/airflow/.local/lib/python3.7/site-packages/airflow/example_dags/example_time_delta_sensor_async.py took 0.076 seconds
[2022-04-07 23:57:37,895] {processor.py:163} INFO - Started process (PID=1753) to work on /home/airflow/.local/lib/python3.7/site-packages/airflow/example_dags/example_time_delta_sensor_async.py
[2022-04-07 23:57:37,897] {processor.py:642} INFO - Processing file /home/airflow/.local/lib/python3.7/site-packages/airflow/example_dags/example_time_delta_sensor_async.py for tasks to queue
[2022-04-07 23:57:37,898] {logging_mixin.py:109} INFO - [2022-04-07 23:57:37,897] {dagbag.py:500} INFO - Filling up the DagBag from /home/airflow/.local/lib/python3.7/site-packages/airflow/example_dags/example_time_delta_sensor_async.py
[2022-04-07 23:57:37,938] {processor.py:654} INFO - DAG(s) dict_keys(['example_time_delta_sensor_async']) retrieved from /home/airflow/.local/lib/python3.7/site-packages/airflow/example_dags/example_time_delta_sensor_async.py
[2022-04-07 23:57:37,952] {logging_mixin.py:109} INFO - [2022-04-07 23:57:37,952] {dag.py:2396} INFO - Sync 1 DAGs
[2022-04-07 23:57:37,975] {logging_mixin.py:109} INFO - [2022-04-07 23:57:37,975] {dag.py:2935} INFO - Setting next_dagrun for example_time_delta_sensor_async to None
[2022-04-07 23:57:37,986] {processor.py:171} INFO - Processing /home/airflow/.local/lib/python3.7/site-packages/airflow/example_dags/example_time_delta_sensor_async.py took 0.097 seconds
[2022-04-07 23:58:08,657] {processor.py:163} INFO - Started process (PID=1804) to work on /home/airflow/.local/lib/python3.7/site-packages/airflow/example_dags/example_time_delta_sensor_async.py
[2022-04-07 23:58:08,659] {processor.py:642} INFO - Processing file /home/airflow/.local/lib/python3.7/site-packages/airflow/example_dags/example_time_delta_sensor_async.py for tasks to queue
[2022-04-07 23:58:08,660] {logging_mixin.py:109} INFO - [2022-04-07 23:58:08,659] {dagbag.py:500} INFO - Filling up the DagBag from /home/airflow/.local/lib/python3.7/site-packages/airflow/example_dags/example_time_delta_sensor_async.py
[2022-04-07 23:58:08,697] {processor.py:654} INFO - DAG(s) dict_keys(['example_time_delta_sensor_async']) retrieved from /home/airflow/.local/lib/python3.7/site-packages/airflow/example_dags/example_time_delta_sensor_async.py
[2022-04-07 23:58:08,708] {logging_mixin.py:109} INFO - [2022-04-07 23:58:08,708] {dag.py:2396} INFO - Sync 1 DAGs
[2022-04-07 23:58:08,724] {logging_mixin.py:109} INFO - [2022-04-07 23:58:08,724] {dag.py:2935} INFO - Setting next_dagrun for example_time_delta_sensor_async to None
[2022-04-07 23:58:08,732] {processor.py:171} INFO - Processing /home/airflow/.local/lib/python3.7/site-packages/airflow/example_dags/example_time_delta_sensor_async.py took 0.080 seconds
[2022-04-07 23:58:39,458] {processor.py:163} INFO - Started process (PID=1868) to work on /home/airflow/.local/lib/python3.7/site-packages/airflow/example_dags/example_time_delta_sensor_async.py
[2022-04-07 23:58:39,459] {processor.py:642} INFO - Processing file /home/airflow/.local/lib/python3.7/site-packages/airflow/example_dags/example_time_delta_sensor_async.py for tasks to queue
[2022-04-07 23:58:39,460] {logging_mixin.py:109} INFO - [2022-04-07 23:58:39,460] {dagbag.py:500} INFO - Filling up the DagBag from /home/airflow/.local/lib/python3.7/site-packages/airflow/example_dags/example_time_delta_sensor_async.py
[2022-04-07 23:58:39,495] {processor.py:654} INFO - DAG(s) dict_keys(['example_time_delta_sensor_async']) retrieved from /home/airflow/.local/lib/python3.7/site-packages/airflow/example_dags/example_time_delta_sensor_async.py
[2022-04-07 23:58:39,507] {logging_mixin.py:109} INFO - [2022-04-07 23:58:39,507] {dag.py:2396} INFO - Sync 1 DAGs
[2022-04-07 23:58:39,530] {logging_mixin.py:109} INFO - [2022-04-07 23:58:39,530] {dag.py:2935} INFO - Setting next_dagrun for example_time_delta_sensor_async to None
[2022-04-07 23:58:39,539] {processor.py:171} INFO - Processing /home/airflow/.local/lib/python3.7/site-packages/airflow/example_dags/example_time_delta_sensor_async.py took 0.086 seconds
[2022-04-07 23:59:10,042] {processor.py:163} INFO - Started process (PID=1921) to work on /home/airflow/.local/lib/python3.7/site-packages/airflow/example_dags/example_time_delta_sensor_async.py
[2022-04-07 23:59:10,044] {processor.py:642} INFO - Processing file /home/airflow/.local/lib/python3.7/site-packages/airflow/example_dags/example_time_delta_sensor_async.py for tasks to queue
[2022-04-07 23:59:10,045] {logging_mixin.py:109} INFO - [2022-04-07 23:59:10,045] {dagbag.py:500} INFO - Filling up the DagBag from /home/airflow/.local/lib/python3.7/site-packages/airflow/example_dags/example_time_delta_sensor_async.py
[2022-04-07 23:59:10,077] {processor.py:654} INFO - DAG(s) dict_keys(['example_time_delta_sensor_async']) retrieved from /home/airflow/.local/lib/python3.7/site-packages/airflow/example_dags/example_time_delta_sensor_async.py
[2022-04-07 23:59:10,086] {logging_mixin.py:109} INFO - [2022-04-07 23:59:10,086] {dag.py:2396} INFO - Sync 1 DAGs
[2022-04-07 23:59:10,104] {logging_mixin.py:109} INFO - [2022-04-07 23:59:10,104] {dag.py:2935} INFO - Setting next_dagrun for example_time_delta_sensor_async to None
[2022-04-07 23:59:10,113] {processor.py:171} INFO - Processing /home/airflow/.local/lib/python3.7/site-packages/airflow/example_dags/example_time_delta_sensor_async.py took 0.075 seconds
[2022-04-07 23:59:40,187] {processor.py:163} INFO - Started process (PID=1982) to work on /home/airflow/.local/lib/python3.7/site-packages/airflow/example_dags/example_time_delta_sensor_async.py
[2022-04-07 23:59:40,189] {processor.py:642} INFO - Processing file /home/airflow/.local/lib/python3.7/site-packages/airflow/example_dags/example_time_delta_sensor_async.py for tasks to queue
[2022-04-07 23:59:40,190] {logging_mixin.py:109} INFO - [2022-04-07 23:59:40,190] {dagbag.py:500} INFO - Filling up the DagBag from /home/airflow/.local/lib/python3.7/site-packages/airflow/example_dags/example_time_delta_sensor_async.py
[2022-04-07 23:59:40,224] {processor.py:654} INFO - DAG(s) dict_keys(['example_time_delta_sensor_async']) retrieved from /home/airflow/.local/lib/python3.7/site-packages/airflow/example_dags/example_time_delta_sensor_async.py
[2022-04-07 23:59:40,237] {logging_mixin.py:109} INFO - [2022-04-07 23:59:40,237] {dag.py:2396} INFO - Sync 1 DAGs
[2022-04-07 23:59:40,260] {logging_mixin.py:109} INFO - [2022-04-07 23:59:40,260] {dag.py:2935} INFO - Setting next_dagrun for example_time_delta_sensor_async to None
[2022-04-07 23:59:40,274] {processor.py:171} INFO - Processing /home/airflow/.local/lib/python3.7/site-packages/airflow/example_dags/example_time_delta_sensor_async.py took 0.092 seconds
