[2022-04-07 23:43:35,984] {processor.py:163} INFO - Started process (PID=116) to work on /home/airflow/.local/lib/python3.7/site-packages/airflow/example_dags/example_nested_branch_dag.py
[2022-04-07 23:43:35,986] {processor.py:642} INFO - Processing file /home/airflow/.local/lib/python3.7/site-packages/airflow/example_dags/example_nested_branch_dag.py for tasks to queue
[2022-04-07 23:43:35,986] {logging_mixin.py:109} INFO - [2022-04-07 23:43:35,986] {dagbag.py:500} INFO - Filling up the DagBag from /home/airflow/.local/lib/python3.7/site-packages/airflow/example_dags/example_nested_branch_dag.py
[2022-04-07 23:43:36,021] {processor.py:654} INFO - DAG(s) dict_keys(['example_nested_branch_dag']) retrieved from /home/airflow/.local/lib/python3.7/site-packages/airflow/example_dags/example_nested_branch_dag.py
[2022-04-07 23:43:37,848] {logging_mixin.py:109} INFO - [2022-04-07 23:43:37,848] {manager.py:496} INFO - Created Permission View: can read on DAG:example_nested_branch_dag
[2022-04-07 23:43:37,856] {logging_mixin.py:109} INFO - [2022-04-07 23:43:37,856] {manager.py:496} INFO - Created Permission View: can edit on DAG:example_nested_branch_dag
[2022-04-07 23:43:37,856] {logging_mixin.py:109} INFO - [2022-04-07 23:43:37,856] {dag.py:2396} INFO - Sync 1 DAGs
[2022-04-07 23:43:37,863] {logging_mixin.py:109} INFO - [2022-04-07 23:43:37,863] {dag.py:2415} INFO - Creating ORM DAG for example_nested_branch_dag
[2022-04-07 23:43:37,875] {logging_mixin.py:109} INFO - [2022-04-07 23:43:37,875] {dag.py:2935} INFO - Setting next_dagrun for example_nested_branch_dag to 2022-04-06 00:00:00+00:00
[2022-04-07 23:43:37,889] {processor.py:171} INFO - Processing /home/airflow/.local/lib/python3.7/site-packages/airflow/example_dags/example_nested_branch_dag.py took 1.909 seconds
[2022-04-07 23:44:08,250] {processor.py:163} INFO - Started process (PID=238) to work on /home/airflow/.local/lib/python3.7/site-packages/airflow/example_dags/example_nested_branch_dag.py
[2022-04-07 23:44:08,252] {processor.py:642} INFO - Processing file /home/airflow/.local/lib/python3.7/site-packages/airflow/example_dags/example_nested_branch_dag.py for tasks to queue
[2022-04-07 23:44:08,253] {logging_mixin.py:109} INFO - [2022-04-07 23:44:08,252] {dagbag.py:500} INFO - Filling up the DagBag from /home/airflow/.local/lib/python3.7/site-packages/airflow/example_dags/example_nested_branch_dag.py
[2022-04-07 23:44:08,295] {processor.py:654} INFO - DAG(s) dict_keys(['example_nested_branch_dag']) retrieved from /home/airflow/.local/lib/python3.7/site-packages/airflow/example_dags/example_nested_branch_dag.py
[2022-04-07 23:44:08,306] {logging_mixin.py:109} INFO - [2022-04-07 23:44:08,306] {dag.py:2396} INFO - Sync 1 DAGs
[2022-04-07 23:44:08,323] {logging_mixin.py:109} INFO - [2022-04-07 23:44:08,323] {dag.py:2935} INFO - Setting next_dagrun for example_nested_branch_dag to 2022-04-06 00:00:00+00:00
[2022-04-07 23:44:08,331] {processor.py:171} INFO - Processing /home/airflow/.local/lib/python3.7/site-packages/airflow/example_dags/example_nested_branch_dag.py took 0.087 seconds
[2022-04-07 23:44:38,448] {processor.py:163} INFO - Started process (PID=298) to work on /home/airflow/.local/lib/python3.7/site-packages/airflow/example_dags/example_nested_branch_dag.py
[2022-04-07 23:44:38,450] {processor.py:642} INFO - Processing file /home/airflow/.local/lib/python3.7/site-packages/airflow/example_dags/example_nested_branch_dag.py for tasks to queue
[2022-04-07 23:44:38,451] {logging_mixin.py:109} INFO - [2022-04-07 23:44:38,450] {dagbag.py:500} INFO - Filling up the DagBag from /home/airflow/.local/lib/python3.7/site-packages/airflow/example_dags/example_nested_branch_dag.py
[2022-04-07 23:44:38,483] {processor.py:654} INFO - DAG(s) dict_keys(['example_nested_branch_dag']) retrieved from /home/airflow/.local/lib/python3.7/site-packages/airflow/example_dags/example_nested_branch_dag.py
[2022-04-07 23:44:38,494] {logging_mixin.py:109} INFO - [2022-04-07 23:44:38,494] {dag.py:2396} INFO - Sync 1 DAGs
[2022-04-07 23:44:38,512] {logging_mixin.py:109} INFO - [2022-04-07 23:44:38,512] {dag.py:2935} INFO - Setting next_dagrun for example_nested_branch_dag to 2022-04-06 00:00:00+00:00
[2022-04-07 23:44:38,520] {processor.py:171} INFO - Processing /home/airflow/.local/lib/python3.7/site-packages/airflow/example_dags/example_nested_branch_dag.py took 0.076 seconds
[2022-04-07 23:45:08,663] {processor.py:163} INFO - Started process (PID=349) to work on /home/airflow/.local/lib/python3.7/site-packages/airflow/example_dags/example_nested_branch_dag.py
[2022-04-07 23:45:08,665] {processor.py:642} INFO - Processing file /home/airflow/.local/lib/python3.7/site-packages/airflow/example_dags/example_nested_branch_dag.py for tasks to queue
[2022-04-07 23:45:08,666] {logging_mixin.py:109} INFO - [2022-04-07 23:45:08,666] {dagbag.py:500} INFO - Filling up the DagBag from /home/airflow/.local/lib/python3.7/site-packages/airflow/example_dags/example_nested_branch_dag.py
[2022-04-07 23:45:08,699] {processor.py:654} INFO - DAG(s) dict_keys(['example_nested_branch_dag']) retrieved from /home/airflow/.local/lib/python3.7/site-packages/airflow/example_dags/example_nested_branch_dag.py
[2022-04-07 23:45:08,709] {logging_mixin.py:109} INFO - [2022-04-07 23:45:08,709] {dag.py:2396} INFO - Sync 1 DAGs
[2022-04-07 23:45:08,727] {logging_mixin.py:109} INFO - [2022-04-07 23:45:08,727] {dag.py:2935} INFO - Setting next_dagrun for example_nested_branch_dag to 2022-04-06 00:00:00+00:00
[2022-04-07 23:45:08,735] {processor.py:171} INFO - Processing /home/airflow/.local/lib/python3.7/site-packages/airflow/example_dags/example_nested_branch_dag.py took 0.076 seconds
[2022-04-07 23:45:38,928] {processor.py:163} INFO - Started process (PID=410) to work on /home/airflow/.local/lib/python3.7/site-packages/airflow/example_dags/example_nested_branch_dag.py
[2022-04-07 23:45:38,929] {processor.py:642} INFO - Processing file /home/airflow/.local/lib/python3.7/site-packages/airflow/example_dags/example_nested_branch_dag.py for tasks to queue
[2022-04-07 23:45:38,930] {logging_mixin.py:109} INFO - [2022-04-07 23:45:38,930] {dagbag.py:500} INFO - Filling up the DagBag from /home/airflow/.local/lib/python3.7/site-packages/airflow/example_dags/example_nested_branch_dag.py
[2022-04-07 23:45:38,964] {processor.py:654} INFO - DAG(s) dict_keys(['example_nested_branch_dag']) retrieved from /home/airflow/.local/lib/python3.7/site-packages/airflow/example_dags/example_nested_branch_dag.py
[2022-04-07 23:45:38,975] {logging_mixin.py:109} INFO - [2022-04-07 23:45:38,975] {dag.py:2396} INFO - Sync 1 DAGs
[2022-04-07 23:45:38,993] {logging_mixin.py:109} INFO - [2022-04-07 23:45:38,993] {dag.py:2935} INFO - Setting next_dagrun for example_nested_branch_dag to 2022-04-06 00:00:00+00:00
[2022-04-07 23:45:39,001] {processor.py:171} INFO - Processing /home/airflow/.local/lib/python3.7/site-packages/airflow/example_dags/example_nested_branch_dag.py took 0.078 seconds
[2022-04-07 23:46:09,352] {processor.py:163} INFO - Started process (PID=461) to work on /home/airflow/.local/lib/python3.7/site-packages/airflow/example_dags/example_nested_branch_dag.py
[2022-04-07 23:46:09,354] {processor.py:642} INFO - Processing file /home/airflow/.local/lib/python3.7/site-packages/airflow/example_dags/example_nested_branch_dag.py for tasks to queue
[2022-04-07 23:46:09,355] {logging_mixin.py:109} INFO - [2022-04-07 23:46:09,354] {dagbag.py:500} INFO - Filling up the DagBag from /home/airflow/.local/lib/python3.7/site-packages/airflow/example_dags/example_nested_branch_dag.py
[2022-04-07 23:46:09,389] {processor.py:654} INFO - DAG(s) dict_keys(['example_nested_branch_dag']) retrieved from /home/airflow/.local/lib/python3.7/site-packages/airflow/example_dags/example_nested_branch_dag.py
[2022-04-07 23:46:09,400] {logging_mixin.py:109} INFO - [2022-04-07 23:46:09,400] {dag.py:2396} INFO - Sync 1 DAGs
[2022-04-07 23:46:09,418] {logging_mixin.py:109} INFO - [2022-04-07 23:46:09,418] {dag.py:2935} INFO - Setting next_dagrun for example_nested_branch_dag to 2022-04-06 00:00:00+00:00
[2022-04-07 23:46:09,427] {processor.py:171} INFO - Processing /home/airflow/.local/lib/python3.7/site-packages/airflow/example_dags/example_nested_branch_dag.py took 0.079 seconds
[2022-04-07 23:46:39,556] {processor.py:163} INFO - Started process (PID=524) to work on /home/airflow/.local/lib/python3.7/site-packages/airflow/example_dags/example_nested_branch_dag.py
[2022-04-07 23:46:39,557] {processor.py:642} INFO - Processing file /home/airflow/.local/lib/python3.7/site-packages/airflow/example_dags/example_nested_branch_dag.py for tasks to queue
[2022-04-07 23:46:39,558] {logging_mixin.py:109} INFO - [2022-04-07 23:46:39,558] {dagbag.py:500} INFO - Filling up the DagBag from /home/airflow/.local/lib/python3.7/site-packages/airflow/example_dags/example_nested_branch_dag.py
[2022-04-07 23:46:39,591] {processor.py:654} INFO - DAG(s) dict_keys(['example_nested_branch_dag']) retrieved from /home/airflow/.local/lib/python3.7/site-packages/airflow/example_dags/example_nested_branch_dag.py
[2022-04-07 23:46:39,602] {logging_mixin.py:109} INFO - [2022-04-07 23:46:39,602] {dag.py:2396} INFO - Sync 1 DAGs
[2022-04-07 23:46:39,619] {logging_mixin.py:109} INFO - [2022-04-07 23:46:39,619] {dag.py:2935} INFO - Setting next_dagrun for example_nested_branch_dag to 2022-04-06 00:00:00+00:00
[2022-04-07 23:46:39,627] {processor.py:171} INFO - Processing /home/airflow/.local/lib/python3.7/site-packages/airflow/example_dags/example_nested_branch_dag.py took 0.075 seconds
[2022-04-07 23:47:09,856] {processor.py:163} INFO - Started process (PID=576) to work on /home/airflow/.local/lib/python3.7/site-packages/airflow/example_dags/example_nested_branch_dag.py
[2022-04-07 23:47:09,858] {processor.py:642} INFO - Processing file /home/airflow/.local/lib/python3.7/site-packages/airflow/example_dags/example_nested_branch_dag.py for tasks to queue
[2022-04-07 23:47:09,859] {logging_mixin.py:109} INFO - [2022-04-07 23:47:09,859] {dagbag.py:500} INFO - Filling up the DagBag from /home/airflow/.local/lib/python3.7/site-packages/airflow/example_dags/example_nested_branch_dag.py
[2022-04-07 23:47:09,903] {processor.py:654} INFO - DAG(s) dict_keys(['example_nested_branch_dag']) retrieved from /home/airflow/.local/lib/python3.7/site-packages/airflow/example_dags/example_nested_branch_dag.py
[2022-04-07 23:47:09,917] {logging_mixin.py:109} INFO - [2022-04-07 23:47:09,917] {dag.py:2396} INFO - Sync 1 DAGs
[2022-04-07 23:47:09,942] {logging_mixin.py:109} INFO - [2022-04-07 23:47:09,942] {dag.py:2935} INFO - Setting next_dagrun for example_nested_branch_dag to 2022-04-06 00:00:00+00:00
[2022-04-07 23:47:09,954] {processor.py:171} INFO - Processing /home/airflow/.local/lib/python3.7/site-packages/airflow/example_dags/example_nested_branch_dag.py took 0.103 seconds
[2022-04-07 23:47:40,035] {processor.py:163} INFO - Started process (PID=637) to work on /home/airflow/.local/lib/python3.7/site-packages/airflow/example_dags/example_nested_branch_dag.py
[2022-04-07 23:47:40,036] {processor.py:642} INFO - Processing file /home/airflow/.local/lib/python3.7/site-packages/airflow/example_dags/example_nested_branch_dag.py for tasks to queue
[2022-04-07 23:47:40,037] {logging_mixin.py:109} INFO - [2022-04-07 23:47:40,037] {dagbag.py:500} INFO - Filling up the DagBag from /home/airflow/.local/lib/python3.7/site-packages/airflow/example_dags/example_nested_branch_dag.py
[2022-04-07 23:47:40,071] {processor.py:654} INFO - DAG(s) dict_keys(['example_nested_branch_dag']) retrieved from /home/airflow/.local/lib/python3.7/site-packages/airflow/example_dags/example_nested_branch_dag.py
[2022-04-07 23:47:40,082] {logging_mixin.py:109} INFO - [2022-04-07 23:47:40,082] {dag.py:2396} INFO - Sync 1 DAGs
[2022-04-07 23:47:40,100] {logging_mixin.py:109} INFO - [2022-04-07 23:47:40,099] {dag.py:2935} INFO - Setting next_dagrun for example_nested_branch_dag to 2022-04-06 00:00:00+00:00
[2022-04-07 23:47:40,109] {processor.py:171} INFO - Processing /home/airflow/.local/lib/python3.7/site-packages/airflow/example_dags/example_nested_branch_dag.py took 0.078 seconds
[2022-04-07 23:48:10,309] {processor.py:163} INFO - Started process (PID=688) to work on /home/airflow/.local/lib/python3.7/site-packages/airflow/example_dags/example_nested_branch_dag.py
[2022-04-07 23:48:10,311] {processor.py:642} INFO - Processing file /home/airflow/.local/lib/python3.7/site-packages/airflow/example_dags/example_nested_branch_dag.py for tasks to queue
[2022-04-07 23:48:10,312] {logging_mixin.py:109} INFO - [2022-04-07 23:48:10,312] {dagbag.py:500} INFO - Filling up the DagBag from /home/airflow/.local/lib/python3.7/site-packages/airflow/example_dags/example_nested_branch_dag.py
[2022-04-07 23:48:10,357] {processor.py:654} INFO - DAG(s) dict_keys(['example_nested_branch_dag']) retrieved from /home/airflow/.local/lib/python3.7/site-packages/airflow/example_dags/example_nested_branch_dag.py
[2022-04-07 23:48:10,375] {logging_mixin.py:109} INFO - [2022-04-07 23:48:10,375] {dag.py:2396} INFO - Sync 1 DAGs
[2022-04-07 23:48:10,401] {logging_mixin.py:109} INFO - [2022-04-07 23:48:10,401] {dag.py:2935} INFO - Setting next_dagrun for example_nested_branch_dag to 2022-04-06 00:00:00+00:00
[2022-04-07 23:48:10,413] {processor.py:171} INFO - Processing /home/airflow/.local/lib/python3.7/site-packages/airflow/example_dags/example_nested_branch_dag.py took 0.109 seconds
[2022-04-07 23:48:40,688] {processor.py:163} INFO - Started process (PID=753) to work on /home/airflow/.local/lib/python3.7/site-packages/airflow/example_dags/example_nested_branch_dag.py
[2022-04-07 23:48:40,691] {processor.py:642} INFO - Processing file /home/airflow/.local/lib/python3.7/site-packages/airflow/example_dags/example_nested_branch_dag.py for tasks to queue
[2022-04-07 23:48:40,693] {logging_mixin.py:109} INFO - [2022-04-07 23:48:40,692] {dagbag.py:500} INFO - Filling up the DagBag from /home/airflow/.local/lib/python3.7/site-packages/airflow/example_dags/example_nested_branch_dag.py
[2022-04-07 23:48:40,761] {processor.py:654} INFO - DAG(s) dict_keys(['example_nested_branch_dag']) retrieved from /home/airflow/.local/lib/python3.7/site-packages/airflow/example_dags/example_nested_branch_dag.py
[2022-04-07 23:48:40,792] {logging_mixin.py:109} INFO - [2022-04-07 23:48:40,792] {dag.py:2396} INFO - Sync 1 DAGs
[2022-04-07 23:48:40,836] {logging_mixin.py:109} INFO - [2022-04-07 23:48:40,835] {dag.py:2935} INFO - Setting next_dagrun for example_nested_branch_dag to 2022-04-06 00:00:00+00:00
[2022-04-07 23:48:40,853] {processor.py:171} INFO - Processing /home/airflow/.local/lib/python3.7/site-packages/airflow/example_dags/example_nested_branch_dag.py took 0.171 seconds
[2022-04-07 23:49:10,885] {processor.py:163} INFO - Started process (PID=805) to work on /home/airflow/.local/lib/python3.7/site-packages/airflow/example_dags/example_nested_branch_dag.py
[2022-04-07 23:49:10,887] {processor.py:642} INFO - Processing file /home/airflow/.local/lib/python3.7/site-packages/airflow/example_dags/example_nested_branch_dag.py for tasks to queue
[2022-04-07 23:49:10,887] {logging_mixin.py:109} INFO - [2022-04-07 23:49:10,887] {dagbag.py:500} INFO - Filling up the DagBag from /home/airflow/.local/lib/python3.7/site-packages/airflow/example_dags/example_nested_branch_dag.py
[2022-04-07 23:49:10,922] {processor.py:654} INFO - DAG(s) dict_keys(['example_nested_branch_dag']) retrieved from /home/airflow/.local/lib/python3.7/site-packages/airflow/example_dags/example_nested_branch_dag.py
[2022-04-07 23:49:10,934] {logging_mixin.py:109} INFO - [2022-04-07 23:49:10,933] {dag.py:2396} INFO - Sync 1 DAGs
[2022-04-07 23:49:10,952] {logging_mixin.py:109} INFO - [2022-04-07 23:49:10,951] {dag.py:2935} INFO - Setting next_dagrun for example_nested_branch_dag to 2022-04-06 00:00:00+00:00
[2022-04-07 23:49:10,960] {processor.py:171} INFO - Processing /home/airflow/.local/lib/python3.7/site-packages/airflow/example_dags/example_nested_branch_dag.py took 0.080 seconds
[2022-04-07 23:49:41,197] {processor.py:163} INFO - Started process (PID=866) to work on /home/airflow/.local/lib/python3.7/site-packages/airflow/example_dags/example_nested_branch_dag.py
[2022-04-07 23:49:41,199] {processor.py:642} INFO - Processing file /home/airflow/.local/lib/python3.7/site-packages/airflow/example_dags/example_nested_branch_dag.py for tasks to queue
[2022-04-07 23:49:41,199] {logging_mixin.py:109} INFO - [2022-04-07 23:49:41,199] {dagbag.py:500} INFO - Filling up the DagBag from /home/airflow/.local/lib/python3.7/site-packages/airflow/example_dags/example_nested_branch_dag.py
[2022-04-07 23:49:41,234] {processor.py:654} INFO - DAG(s) dict_keys(['example_nested_branch_dag']) retrieved from /home/airflow/.local/lib/python3.7/site-packages/airflow/example_dags/example_nested_branch_dag.py
[2022-04-07 23:49:41,245] {logging_mixin.py:109} INFO - [2022-04-07 23:49:41,245] {dag.py:2396} INFO - Sync 1 DAGs
[2022-04-07 23:49:41,262] {logging_mixin.py:109} INFO - [2022-04-07 23:49:41,262] {dag.py:2935} INFO - Setting next_dagrun for example_nested_branch_dag to 2022-04-06 00:00:00+00:00
[2022-04-07 23:49:41,271] {processor.py:171} INFO - Processing /home/airflow/.local/lib/python3.7/site-packages/airflow/example_dags/example_nested_branch_dag.py took 0.078 seconds
[2022-04-07 23:50:11,403] {processor.py:163} INFO - Started process (PID=917) to work on /home/airflow/.local/lib/python3.7/site-packages/airflow/example_dags/example_nested_branch_dag.py
[2022-04-07 23:50:11,405] {processor.py:642} INFO - Processing file /home/airflow/.local/lib/python3.7/site-packages/airflow/example_dags/example_nested_branch_dag.py for tasks to queue
[2022-04-07 23:50:11,405] {logging_mixin.py:109} INFO - [2022-04-07 23:50:11,405] {dagbag.py:500} INFO - Filling up the DagBag from /home/airflow/.local/lib/python3.7/site-packages/airflow/example_dags/example_nested_branch_dag.py
[2022-04-07 23:50:11,440] {processor.py:654} INFO - DAG(s) dict_keys(['example_nested_branch_dag']) retrieved from /home/airflow/.local/lib/python3.7/site-packages/airflow/example_dags/example_nested_branch_dag.py
[2022-04-07 23:50:11,450] {logging_mixin.py:109} INFO - [2022-04-07 23:50:11,450] {dag.py:2396} INFO - Sync 1 DAGs
[2022-04-07 23:50:11,468] {logging_mixin.py:109} INFO - [2022-04-07 23:50:11,468] {dag.py:2935} INFO - Setting next_dagrun for example_nested_branch_dag to 2022-04-06 00:00:00+00:00
[2022-04-07 23:50:11,476] {processor.py:171} INFO - Processing /home/airflow/.local/lib/python3.7/site-packages/airflow/example_dags/example_nested_branch_dag.py took 0.078 seconds
[2022-04-07 23:50:41,918] {processor.py:163} INFO - Started process (PID=978) to work on /home/airflow/.local/lib/python3.7/site-packages/airflow/example_dags/example_nested_branch_dag.py
[2022-04-07 23:50:41,919] {processor.py:642} INFO - Processing file /home/airflow/.local/lib/python3.7/site-packages/airflow/example_dags/example_nested_branch_dag.py for tasks to queue
[2022-04-07 23:50:41,920] {logging_mixin.py:109} INFO - [2022-04-07 23:50:41,920] {dagbag.py:500} INFO - Filling up the DagBag from /home/airflow/.local/lib/python3.7/site-packages/airflow/example_dags/example_nested_branch_dag.py
[2022-04-07 23:50:41,953] {processor.py:654} INFO - DAG(s) dict_keys(['example_nested_branch_dag']) retrieved from /home/airflow/.local/lib/python3.7/site-packages/airflow/example_dags/example_nested_branch_dag.py
[2022-04-07 23:50:41,964] {logging_mixin.py:109} INFO - [2022-04-07 23:50:41,963] {dag.py:2396} INFO - Sync 1 DAGs
[2022-04-07 23:50:41,982] {logging_mixin.py:109} INFO - [2022-04-07 23:50:41,982] {dag.py:2935} INFO - Setting next_dagrun for example_nested_branch_dag to 2022-04-06 00:00:00+00:00
[2022-04-07 23:50:41,990] {processor.py:171} INFO - Processing /home/airflow/.local/lib/python3.7/site-packages/airflow/example_dags/example_nested_branch_dag.py took 0.076 seconds
[2022-04-07 23:51:12,424] {processor.py:163} INFO - Started process (PID=1030) to work on /home/airflow/.local/lib/python3.7/site-packages/airflow/example_dags/example_nested_branch_dag.py
[2022-04-07 23:51:12,426] {processor.py:642} INFO - Processing file /home/airflow/.local/lib/python3.7/site-packages/airflow/example_dags/example_nested_branch_dag.py for tasks to queue
[2022-04-07 23:51:12,427] {logging_mixin.py:109} INFO - [2022-04-07 23:51:12,427] {dagbag.py:500} INFO - Filling up the DagBag from /home/airflow/.local/lib/python3.7/site-packages/airflow/example_dags/example_nested_branch_dag.py
[2022-04-07 23:51:12,461] {processor.py:654} INFO - DAG(s) dict_keys(['example_nested_branch_dag']) retrieved from /home/airflow/.local/lib/python3.7/site-packages/airflow/example_dags/example_nested_branch_dag.py
[2022-04-07 23:51:12,471] {logging_mixin.py:109} INFO - [2022-04-07 23:51:12,471] {dag.py:2396} INFO - Sync 1 DAGs
[2022-04-07 23:51:12,489] {logging_mixin.py:109} INFO - [2022-04-07 23:51:12,489] {dag.py:2935} INFO - Setting next_dagrun for example_nested_branch_dag to 2022-04-06 00:00:00+00:00
[2022-04-07 23:51:12,498] {processor.py:171} INFO - Processing /home/airflow/.local/lib/python3.7/site-packages/airflow/example_dags/example_nested_branch_dag.py took 0.079 seconds
[2022-04-07 23:51:42,945] {processor.py:163} INFO - Started process (PID=1092) to work on /home/airflow/.local/lib/python3.7/site-packages/airflow/example_dags/example_nested_branch_dag.py
[2022-04-07 23:51:42,947] {processor.py:642} INFO - Processing file /home/airflow/.local/lib/python3.7/site-packages/airflow/example_dags/example_nested_branch_dag.py for tasks to queue
[2022-04-07 23:51:42,947] {logging_mixin.py:109} INFO - [2022-04-07 23:51:42,947] {dagbag.py:500} INFO - Filling up the DagBag from /home/airflow/.local/lib/python3.7/site-packages/airflow/example_dags/example_nested_branch_dag.py
[2022-04-07 23:51:42,986] {processor.py:654} INFO - DAG(s) dict_keys(['example_nested_branch_dag']) retrieved from /home/airflow/.local/lib/python3.7/site-packages/airflow/example_dags/example_nested_branch_dag.py
[2022-04-07 23:51:42,998] {logging_mixin.py:109} INFO - [2022-04-07 23:51:42,998] {dag.py:2396} INFO - Sync 1 DAGs
[2022-04-07 23:51:43,016] {logging_mixin.py:109} INFO - [2022-04-07 23:51:43,016] {dag.py:2935} INFO - Setting next_dagrun for example_nested_branch_dag to 2022-04-06 00:00:00+00:00
[2022-04-07 23:51:43,026] {processor.py:171} INFO - Processing /home/airflow/.local/lib/python3.7/site-packages/airflow/example_dags/example_nested_branch_dag.py took 0.085 seconds
[2022-04-07 23:52:13,246] {processor.py:163} INFO - Started process (PID=1144) to work on /home/airflow/.local/lib/python3.7/site-packages/airflow/example_dags/example_nested_branch_dag.py
[2022-04-07 23:52:13,248] {processor.py:642} INFO - Processing file /home/airflow/.local/lib/python3.7/site-packages/airflow/example_dags/example_nested_branch_dag.py for tasks to queue
[2022-04-07 23:52:13,249] {logging_mixin.py:109} INFO - [2022-04-07 23:52:13,249] {dagbag.py:500} INFO - Filling up the DagBag from /home/airflow/.local/lib/python3.7/site-packages/airflow/example_dags/example_nested_branch_dag.py
[2022-04-07 23:52:13,287] {processor.py:654} INFO - DAG(s) dict_keys(['example_nested_branch_dag']) retrieved from /home/airflow/.local/lib/python3.7/site-packages/airflow/example_dags/example_nested_branch_dag.py
[2022-04-07 23:52:13,298] {logging_mixin.py:109} INFO - [2022-04-07 23:52:13,298] {dag.py:2396} INFO - Sync 1 DAGs
[2022-04-07 23:52:13,316] {logging_mixin.py:109} INFO - [2022-04-07 23:52:13,316] {dag.py:2935} INFO - Setting next_dagrun for example_nested_branch_dag to 2022-04-06 00:00:00+00:00
[2022-04-07 23:52:13,325] {processor.py:171} INFO - Processing /home/airflow/.local/lib/python3.7/site-packages/airflow/example_dags/example_nested_branch_dag.py took 0.083 seconds
[2022-04-07 23:52:43,636] {processor.py:163} INFO - Started process (PID=1205) to work on /home/airflow/.local/lib/python3.7/site-packages/airflow/example_dags/example_nested_branch_dag.py
[2022-04-07 23:52:43,638] {processor.py:642} INFO - Processing file /home/airflow/.local/lib/python3.7/site-packages/airflow/example_dags/example_nested_branch_dag.py for tasks to queue
[2022-04-07 23:52:43,638] {logging_mixin.py:109} INFO - [2022-04-07 23:52:43,638] {dagbag.py:500} INFO - Filling up the DagBag from /home/airflow/.local/lib/python3.7/site-packages/airflow/example_dags/example_nested_branch_dag.py
[2022-04-07 23:52:43,671] {processor.py:654} INFO - DAG(s) dict_keys(['example_nested_branch_dag']) retrieved from /home/airflow/.local/lib/python3.7/site-packages/airflow/example_dags/example_nested_branch_dag.py
[2022-04-07 23:52:43,682] {logging_mixin.py:109} INFO - [2022-04-07 23:52:43,682] {dag.py:2396} INFO - Sync 1 DAGs
[2022-04-07 23:52:43,699] {logging_mixin.py:109} INFO - [2022-04-07 23:52:43,699] {dag.py:2935} INFO - Setting next_dagrun for example_nested_branch_dag to 2022-04-06 00:00:00+00:00
[2022-04-07 23:52:43,708] {processor.py:171} INFO - Processing /home/airflow/.local/lib/python3.7/site-packages/airflow/example_dags/example_nested_branch_dag.py took 0.076 seconds
[2022-04-07 23:53:13,894] {processor.py:163} INFO - Started process (PID=1255) to work on /home/airflow/.local/lib/python3.7/site-packages/airflow/example_dags/example_nested_branch_dag.py
[2022-04-07 23:53:13,896] {processor.py:642} INFO - Processing file /home/airflow/.local/lib/python3.7/site-packages/airflow/example_dags/example_nested_branch_dag.py for tasks to queue
[2022-04-07 23:53:13,896] {logging_mixin.py:109} INFO - [2022-04-07 23:53:13,896] {dagbag.py:500} INFO - Filling up the DagBag from /home/airflow/.local/lib/python3.7/site-packages/airflow/example_dags/example_nested_branch_dag.py
[2022-04-07 23:53:13,931] {processor.py:654} INFO - DAG(s) dict_keys(['example_nested_branch_dag']) retrieved from /home/airflow/.local/lib/python3.7/site-packages/airflow/example_dags/example_nested_branch_dag.py
[2022-04-07 23:53:13,941] {logging_mixin.py:109} INFO - [2022-04-07 23:53:13,941] {dag.py:2396} INFO - Sync 1 DAGs
[2022-04-07 23:53:13,959] {logging_mixin.py:109} INFO - [2022-04-07 23:53:13,959] {dag.py:2935} INFO - Setting next_dagrun for example_nested_branch_dag to 2022-04-06 00:00:00+00:00
[2022-04-07 23:53:13,967] {processor.py:171} INFO - Processing /home/airflow/.local/lib/python3.7/site-packages/airflow/example_dags/example_nested_branch_dag.py took 0.078 seconds
[2022-04-07 23:53:44,182] {processor.py:163} INFO - Started process (PID=1306) to work on /home/airflow/.local/lib/python3.7/site-packages/airflow/example_dags/example_nested_branch_dag.py
[2022-04-07 23:53:44,183] {processor.py:642} INFO - Processing file /home/airflow/.local/lib/python3.7/site-packages/airflow/example_dags/example_nested_branch_dag.py for tasks to queue
[2022-04-07 23:53:44,184] {logging_mixin.py:109} INFO - [2022-04-07 23:53:44,184] {dagbag.py:500} INFO - Filling up the DagBag from /home/airflow/.local/lib/python3.7/site-packages/airflow/example_dags/example_nested_branch_dag.py
[2022-04-07 23:53:44,218] {processor.py:654} INFO - DAG(s) dict_keys(['example_nested_branch_dag']) retrieved from /home/airflow/.local/lib/python3.7/site-packages/airflow/example_dags/example_nested_branch_dag.py
[2022-04-07 23:53:44,229] {logging_mixin.py:109} INFO - [2022-04-07 23:53:44,229] {dag.py:2396} INFO - Sync 1 DAGs
[2022-04-07 23:53:44,246] {logging_mixin.py:109} INFO - [2022-04-07 23:53:44,246] {dag.py:2935} INFO - Setting next_dagrun for example_nested_branch_dag to 2022-04-06 00:00:00+00:00
[2022-04-07 23:53:44,255] {processor.py:171} INFO - Processing /home/airflow/.local/lib/python3.7/site-packages/airflow/example_dags/example_nested_branch_dag.py took 0.077 seconds
[2022-04-07 23:54:14,987] {processor.py:163} INFO - Started process (PID=1367) to work on /home/airflow/.local/lib/python3.7/site-packages/airflow/example_dags/example_nested_branch_dag.py
[2022-04-07 23:54:14,989] {processor.py:642} INFO - Processing file /home/airflow/.local/lib/python3.7/site-packages/airflow/example_dags/example_nested_branch_dag.py for tasks to queue
[2022-04-07 23:54:14,990] {logging_mixin.py:109} INFO - [2022-04-07 23:54:14,990] {dagbag.py:500} INFO - Filling up the DagBag from /home/airflow/.local/lib/python3.7/site-packages/airflow/example_dags/example_nested_branch_dag.py
[2022-04-07 23:54:15,028] {processor.py:654} INFO - DAG(s) dict_keys(['example_nested_branch_dag']) retrieved from /home/airflow/.local/lib/python3.7/site-packages/airflow/example_dags/example_nested_branch_dag.py
[2022-04-07 23:54:15,043] {logging_mixin.py:109} INFO - [2022-04-07 23:54:15,043] {dag.py:2396} INFO - Sync 1 DAGs
[2022-04-07 23:54:15,069] {logging_mixin.py:109} INFO - [2022-04-07 23:54:15,068] {dag.py:2935} INFO - Setting next_dagrun for example_nested_branch_dag to 2022-04-06 00:00:00+00:00
[2022-04-07 23:54:15,078] {processor.py:171} INFO - Processing /home/airflow/.local/lib/python3.7/site-packages/airflow/example_dags/example_nested_branch_dag.py took 0.095 seconds
[2022-04-07 23:54:45,633] {processor.py:163} INFO - Started process (PID=1419) to work on /home/airflow/.local/lib/python3.7/site-packages/airflow/example_dags/example_nested_branch_dag.py
[2022-04-07 23:54:45,634] {processor.py:642} INFO - Processing file /home/airflow/.local/lib/python3.7/site-packages/airflow/example_dags/example_nested_branch_dag.py for tasks to queue
[2022-04-07 23:54:45,635] {logging_mixin.py:109} INFO - [2022-04-07 23:54:45,635] {dagbag.py:500} INFO - Filling up the DagBag from /home/airflow/.local/lib/python3.7/site-packages/airflow/example_dags/example_nested_branch_dag.py
[2022-04-07 23:54:45,669] {processor.py:654} INFO - DAG(s) dict_keys(['example_nested_branch_dag']) retrieved from /home/airflow/.local/lib/python3.7/site-packages/airflow/example_dags/example_nested_branch_dag.py
[2022-04-07 23:54:45,679] {logging_mixin.py:109} INFO - [2022-04-07 23:54:45,679] {dag.py:2396} INFO - Sync 1 DAGs
[2022-04-07 23:54:45,696] {logging_mixin.py:109} INFO - [2022-04-07 23:54:45,696] {dag.py:2935} INFO - Setting next_dagrun for example_nested_branch_dag to 2022-04-06 00:00:00+00:00
[2022-04-07 23:54:45,705] {processor.py:171} INFO - Processing /home/airflow/.local/lib/python3.7/site-packages/airflow/example_dags/example_nested_branch_dag.py took 0.076 seconds
[2022-04-07 23:55:16,566] {processor.py:163} INFO - Started process (PID=1482) to work on /home/airflow/.local/lib/python3.7/site-packages/airflow/example_dags/example_nested_branch_dag.py
[2022-04-07 23:55:16,568] {processor.py:642} INFO - Processing file /home/airflow/.local/lib/python3.7/site-packages/airflow/example_dags/example_nested_branch_dag.py for tasks to queue
[2022-04-07 23:55:16,569] {logging_mixin.py:109} INFO - [2022-04-07 23:55:16,569] {dagbag.py:500} INFO - Filling up the DagBag from /home/airflow/.local/lib/python3.7/site-packages/airflow/example_dags/example_nested_branch_dag.py
[2022-04-07 23:55:16,610] {processor.py:654} INFO - DAG(s) dict_keys(['example_nested_branch_dag']) retrieved from /home/airflow/.local/lib/python3.7/site-packages/airflow/example_dags/example_nested_branch_dag.py
[2022-04-07 23:55:16,625] {logging_mixin.py:109} INFO - [2022-04-07 23:55:16,625] {dag.py:2396} INFO - Sync 1 DAGs
[2022-04-07 23:55:16,651] {logging_mixin.py:109} INFO - [2022-04-07 23:55:16,651] {dag.py:2935} INFO - Setting next_dagrun for example_nested_branch_dag to 2022-04-06 00:00:00+00:00
[2022-04-07 23:55:16,663] {processor.py:171} INFO - Processing /home/airflow/.local/lib/python3.7/site-packages/airflow/example_dags/example_nested_branch_dag.py took 0.102 seconds
[2022-04-07 23:55:46,767] {processor.py:163} INFO - Started process (PID=1534) to work on /home/airflow/.local/lib/python3.7/site-packages/airflow/example_dags/example_nested_branch_dag.py
[2022-04-07 23:55:46,768] {processor.py:642} INFO - Processing file /home/airflow/.local/lib/python3.7/site-packages/airflow/example_dags/example_nested_branch_dag.py for tasks to queue
[2022-04-07 23:55:46,769] {logging_mixin.py:109} INFO - [2022-04-07 23:55:46,769] {dagbag.py:500} INFO - Filling up the DagBag from /home/airflow/.local/lib/python3.7/site-packages/airflow/example_dags/example_nested_branch_dag.py
[2022-04-07 23:55:46,802] {processor.py:654} INFO - DAG(s) dict_keys(['example_nested_branch_dag']) retrieved from /home/airflow/.local/lib/python3.7/site-packages/airflow/example_dags/example_nested_branch_dag.py
[2022-04-07 23:55:46,813] {logging_mixin.py:109} INFO - [2022-04-07 23:55:46,813] {dag.py:2396} INFO - Sync 1 DAGs
[2022-04-07 23:55:46,830] {logging_mixin.py:109} INFO - [2022-04-07 23:55:46,830] {dag.py:2935} INFO - Setting next_dagrun for example_nested_branch_dag to 2022-04-06 00:00:00+00:00
[2022-04-07 23:55:46,838] {processor.py:171} INFO - Processing /home/airflow/.local/lib/python3.7/site-packages/airflow/example_dags/example_nested_branch_dag.py took 0.076 seconds
[2022-04-07 23:56:17,033] {processor.py:163} INFO - Started process (PID=1593) to work on /home/airflow/.local/lib/python3.7/site-packages/airflow/example_dags/example_nested_branch_dag.py
[2022-04-07 23:56:17,035] {processor.py:642} INFO - Processing file /home/airflow/.local/lib/python3.7/site-packages/airflow/example_dags/example_nested_branch_dag.py for tasks to queue
[2022-04-07 23:56:17,035] {logging_mixin.py:109} INFO - [2022-04-07 23:56:17,035] {dagbag.py:500} INFO - Filling up the DagBag from /home/airflow/.local/lib/python3.7/site-packages/airflow/example_dags/example_nested_branch_dag.py
[2022-04-07 23:56:17,068] {processor.py:654} INFO - DAG(s) dict_keys(['example_nested_branch_dag']) retrieved from /home/airflow/.local/lib/python3.7/site-packages/airflow/example_dags/example_nested_branch_dag.py
[2022-04-07 23:56:17,078] {logging_mixin.py:109} INFO - [2022-04-07 23:56:17,078] {dag.py:2396} INFO - Sync 1 DAGs
[2022-04-07 23:56:17,095] {logging_mixin.py:109} INFO - [2022-04-07 23:56:17,095] {dag.py:2935} INFO - Setting next_dagrun for example_nested_branch_dag to 2022-04-06 00:00:00+00:00
[2022-04-07 23:56:17,104] {processor.py:171} INFO - Processing /home/airflow/.local/lib/python3.7/site-packages/airflow/example_dags/example_nested_branch_dag.py took 0.075 seconds
[2022-04-07 23:56:47,265] {processor.py:163} INFO - Started process (PID=1646) to work on /home/airflow/.local/lib/python3.7/site-packages/airflow/example_dags/example_nested_branch_dag.py
[2022-04-07 23:56:47,266] {processor.py:642} INFO - Processing file /home/airflow/.local/lib/python3.7/site-packages/airflow/example_dags/example_nested_branch_dag.py for tasks to queue
[2022-04-07 23:56:47,267] {logging_mixin.py:109} INFO - [2022-04-07 23:56:47,267] {dagbag.py:500} INFO - Filling up the DagBag from /home/airflow/.local/lib/python3.7/site-packages/airflow/example_dags/example_nested_branch_dag.py
[2022-04-07 23:56:47,299] {processor.py:654} INFO - DAG(s) dict_keys(['example_nested_branch_dag']) retrieved from /home/airflow/.local/lib/python3.7/site-packages/airflow/example_dags/example_nested_branch_dag.py
[2022-04-07 23:56:47,310] {logging_mixin.py:109} INFO - [2022-04-07 23:56:47,310] {dag.py:2396} INFO - Sync 1 DAGs
[2022-04-07 23:56:47,327] {logging_mixin.py:109} INFO - [2022-04-07 23:56:47,327] {dag.py:2935} INFO - Setting next_dagrun for example_nested_branch_dag to 2022-04-06 00:00:00+00:00
[2022-04-07 23:56:47,336] {processor.py:171} INFO - Processing /home/airflow/.local/lib/python3.7/site-packages/airflow/example_dags/example_nested_branch_dag.py took 0.075 seconds
[2022-04-07 23:57:17,789] {processor.py:163} INFO - Started process (PID=1709) to work on /home/airflow/.local/lib/python3.7/site-packages/airflow/example_dags/example_nested_branch_dag.py
[2022-04-07 23:57:17,791] {processor.py:642} INFO - Processing file /home/airflow/.local/lib/python3.7/site-packages/airflow/example_dags/example_nested_branch_dag.py for tasks to queue
[2022-04-07 23:57:17,792] {logging_mixin.py:109} INFO - [2022-04-07 23:57:17,792] {dagbag.py:500} INFO - Filling up the DagBag from /home/airflow/.local/lib/python3.7/site-packages/airflow/example_dags/example_nested_branch_dag.py
[2022-04-07 23:57:17,826] {processor.py:654} INFO - DAG(s) dict_keys(['example_nested_branch_dag']) retrieved from /home/airflow/.local/lib/python3.7/site-packages/airflow/example_dags/example_nested_branch_dag.py
[2022-04-07 23:57:17,839] {logging_mixin.py:109} INFO - [2022-04-07 23:57:17,839] {dag.py:2396} INFO - Sync 1 DAGs
[2022-04-07 23:57:17,865] {logging_mixin.py:109} INFO - [2022-04-07 23:57:17,864] {dag.py:2935} INFO - Setting next_dagrun for example_nested_branch_dag to 2022-04-06 00:00:00+00:00
[2022-04-07 23:57:17,874] {processor.py:171} INFO - Processing /home/airflow/.local/lib/python3.7/site-packages/airflow/example_dags/example_nested_branch_dag.py took 0.089 seconds
[2022-04-07 23:57:48,153] {processor.py:163} INFO - Started process (PID=1761) to work on /home/airflow/.local/lib/python3.7/site-packages/airflow/example_dags/example_nested_branch_dag.py
[2022-04-07 23:57:48,155] {processor.py:642} INFO - Processing file /home/airflow/.local/lib/python3.7/site-packages/airflow/example_dags/example_nested_branch_dag.py for tasks to queue
[2022-04-07 23:57:48,155] {logging_mixin.py:109} INFO - [2022-04-07 23:57:48,155] {dagbag.py:500} INFO - Filling up the DagBag from /home/airflow/.local/lib/python3.7/site-packages/airflow/example_dags/example_nested_branch_dag.py
[2022-04-07 23:57:48,189] {processor.py:654} INFO - DAG(s) dict_keys(['example_nested_branch_dag']) retrieved from /home/airflow/.local/lib/python3.7/site-packages/airflow/example_dags/example_nested_branch_dag.py
[2022-04-07 23:57:48,199] {logging_mixin.py:109} INFO - [2022-04-07 23:57:48,199] {dag.py:2396} INFO - Sync 1 DAGs
[2022-04-07 23:57:48,216] {logging_mixin.py:109} INFO - [2022-04-07 23:57:48,216] {dag.py:2935} INFO - Setting next_dagrun for example_nested_branch_dag to 2022-04-06 00:00:00+00:00
[2022-04-07 23:57:48,224] {processor.py:171} INFO - Processing /home/airflow/.local/lib/python3.7/site-packages/airflow/example_dags/example_nested_branch_dag.py took 0.076 seconds
[2022-04-07 23:58:18,378] {processor.py:163} INFO - Started process (PID=1825) to work on /home/airflow/.local/lib/python3.7/site-packages/airflow/example_dags/example_nested_branch_dag.py
[2022-04-07 23:58:18,380] {processor.py:642} INFO - Processing file /home/airflow/.local/lib/python3.7/site-packages/airflow/example_dags/example_nested_branch_dag.py for tasks to queue
[2022-04-07 23:58:18,381] {logging_mixin.py:109} INFO - [2022-04-07 23:58:18,381] {dagbag.py:500} INFO - Filling up the DagBag from /home/airflow/.local/lib/python3.7/site-packages/airflow/example_dags/example_nested_branch_dag.py
[2022-04-07 23:58:18,416] {processor.py:654} INFO - DAG(s) dict_keys(['example_nested_branch_dag']) retrieved from /home/airflow/.local/lib/python3.7/site-packages/airflow/example_dags/example_nested_branch_dag.py
[2022-04-07 23:58:18,428] {logging_mixin.py:109} INFO - [2022-04-07 23:58:18,428] {dag.py:2396} INFO - Sync 1 DAGs
[2022-04-07 23:58:18,446] {logging_mixin.py:109} INFO - [2022-04-07 23:58:18,446] {dag.py:2935} INFO - Setting next_dagrun for example_nested_branch_dag to 2022-04-06 00:00:00+00:00
[2022-04-07 23:58:18,454] {processor.py:171} INFO - Processing /home/airflow/.local/lib/python3.7/site-packages/airflow/example_dags/example_nested_branch_dag.py took 0.081 seconds
[2022-04-07 23:58:48,880] {processor.py:163} INFO - Started process (PID=1877) to work on /home/airflow/.local/lib/python3.7/site-packages/airflow/example_dags/example_nested_branch_dag.py
[2022-04-07 23:58:48,882] {processor.py:642} INFO - Processing file /home/airflow/.local/lib/python3.7/site-packages/airflow/example_dags/example_nested_branch_dag.py for tasks to queue
[2022-04-07 23:58:48,882] {logging_mixin.py:109} INFO - [2022-04-07 23:58:48,882] {dagbag.py:500} INFO - Filling up the DagBag from /home/airflow/.local/lib/python3.7/site-packages/airflow/example_dags/example_nested_branch_dag.py
[2022-04-07 23:58:48,916] {processor.py:654} INFO - DAG(s) dict_keys(['example_nested_branch_dag']) retrieved from /home/airflow/.local/lib/python3.7/site-packages/airflow/example_dags/example_nested_branch_dag.py
[2022-04-07 23:58:48,926] {logging_mixin.py:109} INFO - [2022-04-07 23:58:48,926] {dag.py:2396} INFO - Sync 1 DAGs
[2022-04-07 23:58:48,943] {logging_mixin.py:109} INFO - [2022-04-07 23:58:48,943] {dag.py:2935} INFO - Setting next_dagrun for example_nested_branch_dag to 2022-04-06 00:00:00+00:00
[2022-04-07 23:58:48,951] {processor.py:171} INFO - Processing /home/airflow/.local/lib/python3.7/site-packages/airflow/example_dags/example_nested_branch_dag.py took 0.076 seconds
[2022-04-07 23:59:19,358] {processor.py:163} INFO - Started process (PID=1939) to work on /home/airflow/.local/lib/python3.7/site-packages/airflow/example_dags/example_nested_branch_dag.py
[2022-04-07 23:59:19,360] {processor.py:642} INFO - Processing file /home/airflow/.local/lib/python3.7/site-packages/airflow/example_dags/example_nested_branch_dag.py for tasks to queue
[2022-04-07 23:59:19,361] {logging_mixin.py:109} INFO - [2022-04-07 23:59:19,361] {dagbag.py:500} INFO - Filling up the DagBag from /home/airflow/.local/lib/python3.7/site-packages/airflow/example_dags/example_nested_branch_dag.py
[2022-04-07 23:59:19,395] {processor.py:654} INFO - DAG(s) dict_keys(['example_nested_branch_dag']) retrieved from /home/airflow/.local/lib/python3.7/site-packages/airflow/example_dags/example_nested_branch_dag.py
[2022-04-07 23:59:19,405] {logging_mixin.py:109} INFO - [2022-04-07 23:59:19,405] {dag.py:2396} INFO - Sync 1 DAGs
[2022-04-07 23:59:19,422] {logging_mixin.py:109} INFO - [2022-04-07 23:59:19,422] {dag.py:2935} INFO - Setting next_dagrun for example_nested_branch_dag to 2022-04-06 00:00:00+00:00
[2022-04-07 23:59:19,431] {processor.py:171} INFO - Processing /home/airflow/.local/lib/python3.7/site-packages/airflow/example_dags/example_nested_branch_dag.py took 0.077 seconds
[2022-04-07 23:59:49,651] {processor.py:163} INFO - Started process (PID=1991) to work on /home/airflow/.local/lib/python3.7/site-packages/airflow/example_dags/example_nested_branch_dag.py
[2022-04-07 23:59:49,652] {processor.py:642} INFO - Processing file /home/airflow/.local/lib/python3.7/site-packages/airflow/example_dags/example_nested_branch_dag.py for tasks to queue
[2022-04-07 23:59:49,653] {logging_mixin.py:109} INFO - [2022-04-07 23:59:49,653] {dagbag.py:500} INFO - Filling up the DagBag from /home/airflow/.local/lib/python3.7/site-packages/airflow/example_dags/example_nested_branch_dag.py
[2022-04-07 23:59:49,686] {processor.py:654} INFO - DAG(s) dict_keys(['example_nested_branch_dag']) retrieved from /home/airflow/.local/lib/python3.7/site-packages/airflow/example_dags/example_nested_branch_dag.py
[2022-04-07 23:59:49,696] {logging_mixin.py:109} INFO - [2022-04-07 23:59:49,696] {dag.py:2396} INFO - Sync 1 DAGs
[2022-04-07 23:59:49,713] {logging_mixin.py:109} INFO - [2022-04-07 23:59:49,713] {dag.py:2935} INFO - Setting next_dagrun for example_nested_branch_dag to 2022-04-06 00:00:00+00:00
[2022-04-07 23:59:49,721] {processor.py:171} INFO - Processing /home/airflow/.local/lib/python3.7/site-packages/airflow/example_dags/example_nested_branch_dag.py took 0.074 seconds
