[2022-04-07 23:43:45,195] {processor.py:163} INFO - Started process (PID=164) to work on /home/airflow/.local/lib/python3.7/site-packages/airflow/example_dags/example_complex.py
[2022-04-07 23:43:45,197] {processor.py:642} INFO - Processing file /home/airflow/.local/lib/python3.7/site-packages/airflow/example_dags/example_complex.py for tasks to queue
[2022-04-07 23:43:45,198] {logging_mixin.py:109} INFO - [2022-04-07 23:43:45,198] {dagbag.py:500} INFO - Filling up the DagBag from /home/airflow/.local/lib/python3.7/site-packages/airflow/example_dags/example_complex.py
[2022-04-07 23:43:45,260] {processor.py:654} INFO - DAG(s) dict_keys(['example_complex']) retrieved from /home/airflow/.local/lib/python3.7/site-packages/airflow/example_dags/example_complex.py
[2022-04-07 23:43:47,465] {logging_mixin.py:109} INFO - [2022-04-07 23:43:47,465] {manager.py:496} INFO - Created Permission View: can read on DAG:example_complex
[2022-04-07 23:43:47,473] {logging_mixin.py:109} INFO - [2022-04-07 23:43:47,473] {manager.py:496} INFO - Created Permission View: can edit on DAG:example_complex
[2022-04-07 23:43:47,474] {logging_mixin.py:109} INFO - [2022-04-07 23:43:47,473] {dag.py:2396} INFO - Sync 1 DAGs
[2022-04-07 23:43:47,483] {logging_mixin.py:109} INFO - [2022-04-07 23:43:47,482] {dag.py:2415} INFO - Creating ORM DAG for example_complex
[2022-04-07 23:43:47,497] {logging_mixin.py:109} INFO - [2022-04-07 23:43:47,497] {dag.py:2935} INFO - Setting next_dagrun for example_complex to None
[2022-04-07 23:43:47,512] {processor.py:171} INFO - Processing /home/airflow/.local/lib/python3.7/site-packages/airflow/example_dags/example_complex.py took 2.323 seconds
[2022-04-07 23:44:18,016] {processor.py:163} INFO - Started process (PID=255) to work on /home/airflow/.local/lib/python3.7/site-packages/airflow/example_dags/example_complex.py
[2022-04-07 23:44:18,018] {processor.py:642} INFO - Processing file /home/airflow/.local/lib/python3.7/site-packages/airflow/example_dags/example_complex.py for tasks to queue
[2022-04-07 23:44:18,019] {logging_mixin.py:109} INFO - [2022-04-07 23:44:18,019] {dagbag.py:500} INFO - Filling up the DagBag from /home/airflow/.local/lib/python3.7/site-packages/airflow/example_dags/example_complex.py
[2022-04-07 23:44:18,070] {processor.py:654} INFO - DAG(s) dict_keys(['example_complex']) retrieved from /home/airflow/.local/lib/python3.7/site-packages/airflow/example_dags/example_complex.py
[2022-04-07 23:44:18,093] {logging_mixin.py:109} INFO - [2022-04-07 23:44:18,093] {dag.py:2396} INFO - Sync 1 DAGs
[2022-04-07 23:44:18,115] {logging_mixin.py:109} INFO - [2022-04-07 23:44:18,115] {dag.py:2935} INFO - Setting next_dagrun for example_complex to None
[2022-04-07 23:44:18,125] {processor.py:171} INFO - Processing /home/airflow/.local/lib/python3.7/site-packages/airflow/example_dags/example_complex.py took 0.114 seconds
[2022-04-07 23:44:48,238] {processor.py:163} INFO - Started process (PID=316) to work on /home/airflow/.local/lib/python3.7/site-packages/airflow/example_dags/example_complex.py
[2022-04-07 23:44:48,241] {processor.py:642} INFO - Processing file /home/airflow/.local/lib/python3.7/site-packages/airflow/example_dags/example_complex.py for tasks to queue
[2022-04-07 23:44:48,242] {logging_mixin.py:109} INFO - [2022-04-07 23:44:48,242] {dagbag.py:500} INFO - Filling up the DagBag from /home/airflow/.local/lib/python3.7/site-packages/airflow/example_dags/example_complex.py
[2022-04-07 23:44:48,302] {processor.py:654} INFO - DAG(s) dict_keys(['example_complex']) retrieved from /home/airflow/.local/lib/python3.7/site-packages/airflow/example_dags/example_complex.py
[2022-04-07 23:44:48,325] {logging_mixin.py:109} INFO - [2022-04-07 23:44:48,325] {dag.py:2396} INFO - Sync 1 DAGs
[2022-04-07 23:44:48,348] {logging_mixin.py:109} INFO - [2022-04-07 23:44:48,348] {dag.py:2935} INFO - Setting next_dagrun for example_complex to None
[2022-04-07 23:44:48,359] {processor.py:171} INFO - Processing /home/airflow/.local/lib/python3.7/site-packages/airflow/example_dags/example_complex.py took 0.126 seconds
[2022-04-07 23:45:18,721] {processor.py:163} INFO - Started process (PID=366) to work on /home/airflow/.local/lib/python3.7/site-packages/airflow/example_dags/example_complex.py
[2022-04-07 23:45:18,722] {processor.py:642} INFO - Processing file /home/airflow/.local/lib/python3.7/site-packages/airflow/example_dags/example_complex.py for tasks to queue
[2022-04-07 23:45:18,723] {logging_mixin.py:109} INFO - [2022-04-07 23:45:18,723] {dagbag.py:500} INFO - Filling up the DagBag from /home/airflow/.local/lib/python3.7/site-packages/airflow/example_dags/example_complex.py
[2022-04-07 23:45:18,761] {processor.py:654} INFO - DAG(s) dict_keys(['example_complex']) retrieved from /home/airflow/.local/lib/python3.7/site-packages/airflow/example_dags/example_complex.py
[2022-04-07 23:45:18,776] {logging_mixin.py:109} INFO - [2022-04-07 23:45:18,776] {dag.py:2396} INFO - Sync 1 DAGs
[2022-04-07 23:45:18,792] {logging_mixin.py:109} INFO - [2022-04-07 23:45:18,792] {dag.py:2935} INFO - Setting next_dagrun for example_complex to None
[2022-04-07 23:45:18,800] {processor.py:171} INFO - Processing /home/airflow/.local/lib/python3.7/site-packages/airflow/example_dags/example_complex.py took 0.084 seconds
[2022-04-07 23:45:48,903] {processor.py:163} INFO - Started process (PID=428) to work on /home/airflow/.local/lib/python3.7/site-packages/airflow/example_dags/example_complex.py
[2022-04-07 23:45:48,905] {processor.py:642} INFO - Processing file /home/airflow/.local/lib/python3.7/site-packages/airflow/example_dags/example_complex.py for tasks to queue
[2022-04-07 23:45:48,906] {logging_mixin.py:109} INFO - [2022-04-07 23:45:48,906] {dagbag.py:500} INFO - Filling up the DagBag from /home/airflow/.local/lib/python3.7/site-packages/airflow/example_dags/example_complex.py
[2022-04-07 23:45:48,976] {processor.py:654} INFO - DAG(s) dict_keys(['example_complex']) retrieved from /home/airflow/.local/lib/python3.7/site-packages/airflow/example_dags/example_complex.py
[2022-04-07 23:45:49,001] {logging_mixin.py:109} INFO - [2022-04-07 23:45:49,001] {dag.py:2396} INFO - Sync 1 DAGs
[2022-04-07 23:45:49,027] {logging_mixin.py:109} INFO - [2022-04-07 23:45:49,027] {dag.py:2935} INFO - Setting next_dagrun for example_complex to None
[2022-04-07 23:45:49,039] {processor.py:171} INFO - Processing /home/airflow/.local/lib/python3.7/site-packages/airflow/example_dags/example_complex.py took 0.141 seconds
[2022-04-07 23:46:19,083] {processor.py:163} INFO - Started process (PID=477) to work on /home/airflow/.local/lib/python3.7/site-packages/airflow/example_dags/example_complex.py
[2022-04-07 23:46:19,084] {processor.py:642} INFO - Processing file /home/airflow/.local/lib/python3.7/site-packages/airflow/example_dags/example_complex.py for tasks to queue
[2022-04-07 23:46:19,085] {logging_mixin.py:109} INFO - [2022-04-07 23:46:19,085] {dagbag.py:500} INFO - Filling up the DagBag from /home/airflow/.local/lib/python3.7/site-packages/airflow/example_dags/example_complex.py
[2022-04-07 23:46:19,138] {processor.py:654} INFO - DAG(s) dict_keys(['example_complex']) retrieved from /home/airflow/.local/lib/python3.7/site-packages/airflow/example_dags/example_complex.py
[2022-04-07 23:46:19,164] {logging_mixin.py:109} INFO - [2022-04-07 23:46:19,164] {dag.py:2396} INFO - Sync 1 DAGs
[2022-04-07 23:46:19,193] {logging_mixin.py:109} INFO - [2022-04-07 23:46:19,193] {dag.py:2935} INFO - Setting next_dagrun for example_complex to None
[2022-04-07 23:46:19,207] {processor.py:171} INFO - Processing /home/airflow/.local/lib/python3.7/site-packages/airflow/example_dags/example_complex.py took 0.130 seconds
[2022-04-07 23:46:49,381] {processor.py:163} INFO - Started process (PID=540) to work on /home/airflow/.local/lib/python3.7/site-packages/airflow/example_dags/example_complex.py
[2022-04-07 23:46:49,384] {processor.py:642} INFO - Processing file /home/airflow/.local/lib/python3.7/site-packages/airflow/example_dags/example_complex.py for tasks to queue
[2022-04-07 23:46:49,385] {logging_mixin.py:109} INFO - [2022-04-07 23:46:49,385] {dagbag.py:500} INFO - Filling up the DagBag from /home/airflow/.local/lib/python3.7/site-packages/airflow/example_dags/example_complex.py
[2022-04-07 23:46:49,434] {processor.py:654} INFO - DAG(s) dict_keys(['example_complex']) retrieved from /home/airflow/.local/lib/python3.7/site-packages/airflow/example_dags/example_complex.py
[2022-04-07 23:46:49,449] {logging_mixin.py:109} INFO - [2022-04-07 23:46:49,449] {dag.py:2396} INFO - Sync 1 DAGs
[2022-04-07 23:46:49,464] {logging_mixin.py:109} INFO - [2022-04-07 23:46:49,464] {dag.py:2935} INFO - Setting next_dagrun for example_complex to None
[2022-04-07 23:46:49,472] {processor.py:171} INFO - Processing /home/airflow/.local/lib/python3.7/site-packages/airflow/example_dags/example_complex.py took 0.096 seconds
[2022-04-07 23:47:19,804] {processor.py:163} INFO - Started process (PID=592) to work on /home/airflow/.local/lib/python3.7/site-packages/airflow/example_dags/example_complex.py
[2022-04-07 23:47:19,805] {processor.py:642} INFO - Processing file /home/airflow/.local/lib/python3.7/site-packages/airflow/example_dags/example_complex.py for tasks to queue
[2022-04-07 23:47:19,806] {logging_mixin.py:109} INFO - [2022-04-07 23:47:19,805] {dagbag.py:500} INFO - Filling up the DagBag from /home/airflow/.local/lib/python3.7/site-packages/airflow/example_dags/example_complex.py
[2022-04-07 23:47:19,843] {processor.py:654} INFO - DAG(s) dict_keys(['example_complex']) retrieved from /home/airflow/.local/lib/python3.7/site-packages/airflow/example_dags/example_complex.py
[2022-04-07 23:47:19,859] {logging_mixin.py:109} INFO - [2022-04-07 23:47:19,858] {dag.py:2396} INFO - Sync 1 DAGs
[2022-04-07 23:47:19,874] {logging_mixin.py:109} INFO - [2022-04-07 23:47:19,874] {dag.py:2935} INFO - Setting next_dagrun for example_complex to None
[2022-04-07 23:47:19,884] {processor.py:171} INFO - Processing /home/airflow/.local/lib/python3.7/site-packages/airflow/example_dags/example_complex.py took 0.086 seconds
[2022-04-07 23:47:50,003] {processor.py:163} INFO - Started process (PID=653) to work on /home/airflow/.local/lib/python3.7/site-packages/airflow/example_dags/example_complex.py
[2022-04-07 23:47:50,005] {processor.py:642} INFO - Processing file /home/airflow/.local/lib/python3.7/site-packages/airflow/example_dags/example_complex.py for tasks to queue
[2022-04-07 23:47:50,006] {logging_mixin.py:109} INFO - [2022-04-07 23:47:50,006] {dagbag.py:500} INFO - Filling up the DagBag from /home/airflow/.local/lib/python3.7/site-packages/airflow/example_dags/example_complex.py
[2022-04-07 23:47:50,062] {processor.py:654} INFO - DAG(s) dict_keys(['example_complex']) retrieved from /home/airflow/.local/lib/python3.7/site-packages/airflow/example_dags/example_complex.py
[2022-04-07 23:47:50,085] {logging_mixin.py:109} INFO - [2022-04-07 23:47:50,085] {dag.py:2396} INFO - Sync 1 DAGs
[2022-04-07 23:47:50,112] {logging_mixin.py:109} INFO - [2022-04-07 23:47:50,111] {dag.py:2935} INFO - Setting next_dagrun for example_complex to None
[2022-04-07 23:47:50,123] {processor.py:171} INFO - Processing /home/airflow/.local/lib/python3.7/site-packages/airflow/example_dags/example_complex.py took 0.125 seconds
[2022-04-07 23:48:20,364] {processor.py:163} INFO - Started process (PID=705) to work on /home/airflow/.local/lib/python3.7/site-packages/airflow/example_dags/example_complex.py
[2022-04-07 23:48:20,365] {processor.py:642} INFO - Processing file /home/airflow/.local/lib/python3.7/site-packages/airflow/example_dags/example_complex.py for tasks to queue
[2022-04-07 23:48:20,366] {logging_mixin.py:109} INFO - [2022-04-07 23:48:20,366] {dagbag.py:500} INFO - Filling up the DagBag from /home/airflow/.local/lib/python3.7/site-packages/airflow/example_dags/example_complex.py
[2022-04-07 23:48:20,404] {processor.py:654} INFO - DAG(s) dict_keys(['example_complex']) retrieved from /home/airflow/.local/lib/python3.7/site-packages/airflow/example_dags/example_complex.py
[2022-04-07 23:48:20,425] {logging_mixin.py:109} INFO - [2022-04-07 23:48:20,425] {dag.py:2396} INFO - Sync 1 DAGs
[2022-04-07 23:48:20,447] {logging_mixin.py:109} INFO - [2022-04-07 23:48:20,447] {dag.py:2935} INFO - Setting next_dagrun for example_complex to None
[2022-04-07 23:48:20,458] {processor.py:171} INFO - Processing /home/airflow/.local/lib/python3.7/site-packages/airflow/example_dags/example_complex.py took 0.099 seconds
[2022-04-07 23:48:50,558] {processor.py:163} INFO - Started process (PID=761) to work on /home/airflow/.local/lib/python3.7/site-packages/airflow/example_dags/example_complex.py
[2022-04-07 23:48:50,560] {processor.py:642} INFO - Processing file /home/airflow/.local/lib/python3.7/site-packages/airflow/example_dags/example_complex.py for tasks to queue
[2022-04-07 23:48:50,561] {logging_mixin.py:109} INFO - [2022-04-07 23:48:50,561] {dagbag.py:500} INFO - Filling up the DagBag from /home/airflow/.local/lib/python3.7/site-packages/airflow/example_dags/example_complex.py
[2022-04-07 23:48:50,609] {processor.py:654} INFO - DAG(s) dict_keys(['example_complex']) retrieved from /home/airflow/.local/lib/python3.7/site-packages/airflow/example_dags/example_complex.py
[2022-04-07 23:48:50,650] {logging_mixin.py:109} INFO - [2022-04-07 23:48:50,650] {dag.py:2396} INFO - Sync 1 DAGs
[2022-04-07 23:48:50,674] {logging_mixin.py:109} INFO - [2022-04-07 23:48:50,673] {dag.py:2935} INFO - Setting next_dagrun for example_complex to None
[2022-04-07 23:48:50,682] {processor.py:171} INFO - Processing /home/airflow/.local/lib/python3.7/site-packages/airflow/example_dags/example_complex.py took 0.128 seconds
[2022-04-07 23:49:20,853] {processor.py:163} INFO - Started process (PID=823) to work on /home/airflow/.local/lib/python3.7/site-packages/airflow/example_dags/example_complex.py
[2022-04-07 23:49:20,854] {processor.py:642} INFO - Processing file /home/airflow/.local/lib/python3.7/site-packages/airflow/example_dags/example_complex.py for tasks to queue
[2022-04-07 23:49:20,855] {logging_mixin.py:109} INFO - [2022-04-07 23:49:20,855] {dagbag.py:500} INFO - Filling up the DagBag from /home/airflow/.local/lib/python3.7/site-packages/airflow/example_dags/example_complex.py
[2022-04-07 23:49:20,893] {processor.py:654} INFO - DAG(s) dict_keys(['example_complex']) retrieved from /home/airflow/.local/lib/python3.7/site-packages/airflow/example_dags/example_complex.py
[2022-04-07 23:49:20,907] {logging_mixin.py:109} INFO - [2022-04-07 23:49:20,907] {dag.py:2396} INFO - Sync 1 DAGs
[2022-04-07 23:49:20,923] {logging_mixin.py:109} INFO - [2022-04-07 23:49:20,923] {dag.py:2935} INFO - Setting next_dagrun for example_complex to None
[2022-04-07 23:49:20,934] {processor.py:171} INFO - Processing /home/airflow/.local/lib/python3.7/site-packages/airflow/example_dags/example_complex.py took 0.086 seconds
[2022-04-07 23:49:51,120] {processor.py:163} INFO - Started process (PID=874) to work on /home/airflow/.local/lib/python3.7/site-packages/airflow/example_dags/example_complex.py
[2022-04-07 23:49:51,122] {processor.py:642} INFO - Processing file /home/airflow/.local/lib/python3.7/site-packages/airflow/example_dags/example_complex.py for tasks to queue
[2022-04-07 23:49:51,123] {logging_mixin.py:109} INFO - [2022-04-07 23:49:51,123] {dagbag.py:500} INFO - Filling up the DagBag from /home/airflow/.local/lib/python3.7/site-packages/airflow/example_dags/example_complex.py
[2022-04-07 23:49:51,162] {processor.py:654} INFO - DAG(s) dict_keys(['example_complex']) retrieved from /home/airflow/.local/lib/python3.7/site-packages/airflow/example_dags/example_complex.py
[2022-04-07 23:49:51,178] {logging_mixin.py:109} INFO - [2022-04-07 23:49:51,178] {dag.py:2396} INFO - Sync 1 DAGs
[2022-04-07 23:49:51,194] {logging_mixin.py:109} INFO - [2022-04-07 23:49:51,194] {dag.py:2935} INFO - Setting next_dagrun for example_complex to None
[2022-04-07 23:49:51,203] {processor.py:171} INFO - Processing /home/airflow/.local/lib/python3.7/site-packages/airflow/example_dags/example_complex.py took 0.087 seconds
[2022-04-07 23:50:21,556] {processor.py:163} INFO - Started process (PID=935) to work on /home/airflow/.local/lib/python3.7/site-packages/airflow/example_dags/example_complex.py
[2022-04-07 23:50:21,557] {processor.py:642} INFO - Processing file /home/airflow/.local/lib/python3.7/site-packages/airflow/example_dags/example_complex.py for tasks to queue
[2022-04-07 23:50:21,558] {logging_mixin.py:109} INFO - [2022-04-07 23:50:21,558] {dagbag.py:500} INFO - Filling up the DagBag from /home/airflow/.local/lib/python3.7/site-packages/airflow/example_dags/example_complex.py
[2022-04-07 23:50:21,613] {processor.py:654} INFO - DAG(s) dict_keys(['example_complex']) retrieved from /home/airflow/.local/lib/python3.7/site-packages/airflow/example_dags/example_complex.py
[2022-04-07 23:50:21,637] {logging_mixin.py:109} INFO - [2022-04-07 23:50:21,636] {dag.py:2396} INFO - Sync 1 DAGs
[2022-04-07 23:50:21,660] {logging_mixin.py:109} INFO - [2022-04-07 23:50:21,660] {dag.py:2935} INFO - Setting next_dagrun for example_complex to None
[2022-04-07 23:50:21,672] {processor.py:171} INFO - Processing /home/airflow/.local/lib/python3.7/site-packages/airflow/example_dags/example_complex.py took 0.122 seconds
[2022-04-07 23:50:51,947] {processor.py:163} INFO - Started process (PID=985) to work on /home/airflow/.local/lib/python3.7/site-packages/airflow/example_dags/example_complex.py
[2022-04-07 23:50:51,949] {processor.py:642} INFO - Processing file /home/airflow/.local/lib/python3.7/site-packages/airflow/example_dags/example_complex.py for tasks to queue
[2022-04-07 23:50:51,949] {logging_mixin.py:109} INFO - [2022-04-07 23:50:51,949] {dagbag.py:500} INFO - Filling up the DagBag from /home/airflow/.local/lib/python3.7/site-packages/airflow/example_dags/example_complex.py
[2022-04-07 23:50:51,995] {processor.py:654} INFO - DAG(s) dict_keys(['example_complex']) retrieved from /home/airflow/.local/lib/python3.7/site-packages/airflow/example_dags/example_complex.py
[2022-04-07 23:50:52,019] {logging_mixin.py:109} INFO - [2022-04-07 23:50:52,019] {dag.py:2396} INFO - Sync 1 DAGs
[2022-04-07 23:50:52,043] {logging_mixin.py:109} INFO - [2022-04-07 23:50:52,043] {dag.py:2935} INFO - Setting next_dagrun for example_complex to None
[2022-04-07 23:50:52,054] {processor.py:171} INFO - Processing /home/airflow/.local/lib/python3.7/site-packages/airflow/example_dags/example_complex.py took 0.111 seconds
[2022-04-07 23:51:22,489] {processor.py:163} INFO - Started process (PID=1047) to work on /home/airflow/.local/lib/python3.7/site-packages/airflow/example_dags/example_complex.py
[2022-04-07 23:51:22,490] {processor.py:642} INFO - Processing file /home/airflow/.local/lib/python3.7/site-packages/airflow/example_dags/example_complex.py for tasks to queue
[2022-04-07 23:51:22,491] {logging_mixin.py:109} INFO - [2022-04-07 23:51:22,491] {dagbag.py:500} INFO - Filling up the DagBag from /home/airflow/.local/lib/python3.7/site-packages/airflow/example_dags/example_complex.py
[2022-04-07 23:51:22,529] {processor.py:654} INFO - DAG(s) dict_keys(['example_complex']) retrieved from /home/airflow/.local/lib/python3.7/site-packages/airflow/example_dags/example_complex.py
[2022-04-07 23:51:22,545] {logging_mixin.py:109} INFO - [2022-04-07 23:51:22,545] {dag.py:2396} INFO - Sync 1 DAGs
[2022-04-07 23:51:22,561] {logging_mixin.py:109} INFO - [2022-04-07 23:51:22,561] {dag.py:2935} INFO - Setting next_dagrun for example_complex to None
[2022-04-07 23:51:22,570] {processor.py:171} INFO - Processing /home/airflow/.local/lib/python3.7/site-packages/airflow/example_dags/example_complex.py took 0.085 seconds
[2022-04-07 23:51:53,828] {processor.py:163} INFO - Started process (PID=1100) to work on /home/airflow/.local/lib/python3.7/site-packages/airflow/example_dags/example_complex.py
[2022-04-07 23:51:53,831] {processor.py:642} INFO - Processing file /home/airflow/.local/lib/python3.7/site-packages/airflow/example_dags/example_complex.py for tasks to queue
[2022-04-07 23:51:53,832] {logging_mixin.py:109} INFO - [2022-04-07 23:51:53,832] {dagbag.py:500} INFO - Filling up the DagBag from /home/airflow/.local/lib/python3.7/site-packages/airflow/example_dags/example_complex.py
[2022-04-07 23:51:53,885] {processor.py:654} INFO - DAG(s) dict_keys(['example_complex']) retrieved from /home/airflow/.local/lib/python3.7/site-packages/airflow/example_dags/example_complex.py
[2022-04-07 23:51:53,910] {logging_mixin.py:109} INFO - [2022-04-07 23:51:53,910] {dag.py:2396} INFO - Sync 1 DAGs
[2022-04-07 23:51:53,934] {logging_mixin.py:109} INFO - [2022-04-07 23:51:53,934] {dag.py:2935} INFO - Setting next_dagrun for example_complex to None
[2022-04-07 23:51:53,946] {processor.py:171} INFO - Processing /home/airflow/.local/lib/python3.7/site-packages/airflow/example_dags/example_complex.py took 0.121 seconds
[2022-04-07 23:52:24,864] {processor.py:163} INFO - Started process (PID=1162) to work on /home/airflow/.local/lib/python3.7/site-packages/airflow/example_dags/example_complex.py
[2022-04-07 23:52:24,866] {processor.py:642} INFO - Processing file /home/airflow/.local/lib/python3.7/site-packages/airflow/example_dags/example_complex.py for tasks to queue
[2022-04-07 23:52:24,867] {logging_mixin.py:109} INFO - [2022-04-07 23:52:24,867] {dagbag.py:500} INFO - Filling up the DagBag from /home/airflow/.local/lib/python3.7/site-packages/airflow/example_dags/example_complex.py
[2022-04-07 23:52:24,910] {processor.py:654} INFO - DAG(s) dict_keys(['example_complex']) retrieved from /home/airflow/.local/lib/python3.7/site-packages/airflow/example_dags/example_complex.py
[2022-04-07 23:52:24,925] {logging_mixin.py:109} INFO - [2022-04-07 23:52:24,925] {dag.py:2396} INFO - Sync 1 DAGs
[2022-04-07 23:52:24,940] {logging_mixin.py:109} INFO - [2022-04-07 23:52:24,940] {dag.py:2935} INFO - Setting next_dagrun for example_complex to None
[2022-04-07 23:52:24,949] {processor.py:171} INFO - Processing /home/airflow/.local/lib/python3.7/site-packages/airflow/example_dags/example_complex.py took 0.091 seconds
[2022-04-07 23:52:55,392] {processor.py:163} INFO - Started process (PID=1213) to work on /home/airflow/.local/lib/python3.7/site-packages/airflow/example_dags/example_complex.py
[2022-04-07 23:52:55,396] {processor.py:642} INFO - Processing file /home/airflow/.local/lib/python3.7/site-packages/airflow/example_dags/example_complex.py for tasks to queue
[2022-04-07 23:52:55,397] {logging_mixin.py:109} INFO - [2022-04-07 23:52:55,397] {dagbag.py:500} INFO - Filling up the DagBag from /home/airflow/.local/lib/python3.7/site-packages/airflow/example_dags/example_complex.py
[2022-04-07 23:52:55,451] {processor.py:654} INFO - DAG(s) dict_keys(['example_complex']) retrieved from /home/airflow/.local/lib/python3.7/site-packages/airflow/example_dags/example_complex.py
[2022-04-07 23:52:55,475] {logging_mixin.py:109} INFO - [2022-04-07 23:52:55,475] {dag.py:2396} INFO - Sync 1 DAGs
[2022-04-07 23:52:55,498] {logging_mixin.py:109} INFO - [2022-04-07 23:52:55,498] {dag.py:2935} INFO - Setting next_dagrun for example_complex to None
[2022-04-07 23:52:55,510] {processor.py:171} INFO - Processing /home/airflow/.local/lib/python3.7/site-packages/airflow/example_dags/example_complex.py took 0.123 seconds
[2022-04-07 23:53:26,602] {processor.py:163} INFO - Started process (PID=1273) to work on /home/airflow/.local/lib/python3.7/site-packages/airflow/example_dags/example_complex.py
[2022-04-07 23:53:26,604] {processor.py:642} INFO - Processing file /home/airflow/.local/lib/python3.7/site-packages/airflow/example_dags/example_complex.py for tasks to queue
[2022-04-07 23:53:26,605] {logging_mixin.py:109} INFO - [2022-04-07 23:53:26,604] {dagbag.py:500} INFO - Filling up the DagBag from /home/airflow/.local/lib/python3.7/site-packages/airflow/example_dags/example_complex.py
[2022-04-07 23:53:26,642] {processor.py:654} INFO - DAG(s) dict_keys(['example_complex']) retrieved from /home/airflow/.local/lib/python3.7/site-packages/airflow/example_dags/example_complex.py
[2022-04-07 23:53:26,657] {logging_mixin.py:109} INFO - [2022-04-07 23:53:26,656] {dag.py:2396} INFO - Sync 1 DAGs
[2022-04-07 23:53:26,676] {logging_mixin.py:109} INFO - [2022-04-07 23:53:26,676] {dag.py:2935} INFO - Setting next_dagrun for example_complex to None
[2022-04-07 23:53:26,686] {processor.py:171} INFO - Processing /home/airflow/.local/lib/python3.7/site-packages/airflow/example_dags/example_complex.py took 0.088 seconds
[2022-04-07 23:53:57,438] {processor.py:163} INFO - Started process (PID=1334) to work on /home/airflow/.local/lib/python3.7/site-packages/airflow/example_dags/example_complex.py
[2022-04-07 23:53:57,442] {processor.py:642} INFO - Processing file /home/airflow/.local/lib/python3.7/site-packages/airflow/example_dags/example_complex.py for tasks to queue
[2022-04-07 23:53:57,443] {logging_mixin.py:109} INFO - [2022-04-07 23:53:57,442] {dagbag.py:500} INFO - Filling up the DagBag from /home/airflow/.local/lib/python3.7/site-packages/airflow/example_dags/example_complex.py
[2022-04-07 23:53:57,489] {processor.py:654} INFO - DAG(s) dict_keys(['example_complex']) retrieved from /home/airflow/.local/lib/python3.7/site-packages/airflow/example_dags/example_complex.py
[2022-04-07 23:53:57,512] {logging_mixin.py:109} INFO - [2022-04-07 23:53:57,512] {dag.py:2396} INFO - Sync 1 DAGs
[2022-04-07 23:53:57,535] {logging_mixin.py:109} INFO - [2022-04-07 23:53:57,534] {dag.py:2935} INFO - Setting next_dagrun for example_complex to None
[2022-04-07 23:53:57,546] {processor.py:171} INFO - Processing /home/airflow/.local/lib/python3.7/site-packages/airflow/example_dags/example_complex.py took 0.113 seconds
[2022-04-07 23:54:28,346] {processor.py:163} INFO - Started process (PID=1386) to work on /home/airflow/.local/lib/python3.7/site-packages/airflow/example_dags/example_complex.py
[2022-04-07 23:54:28,348] {processor.py:642} INFO - Processing file /home/airflow/.local/lib/python3.7/site-packages/airflow/example_dags/example_complex.py for tasks to queue
[2022-04-07 23:54:28,349] {logging_mixin.py:109} INFO - [2022-04-07 23:54:28,349] {dagbag.py:500} INFO - Filling up the DagBag from /home/airflow/.local/lib/python3.7/site-packages/airflow/example_dags/example_complex.py
[2022-04-07 23:54:28,389] {processor.py:654} INFO - DAG(s) dict_keys(['example_complex']) retrieved from /home/airflow/.local/lib/python3.7/site-packages/airflow/example_dags/example_complex.py
[2022-04-07 23:54:28,420] {logging_mixin.py:109} INFO - [2022-04-07 23:54:28,419] {dag.py:2396} INFO - Sync 1 DAGs
[2022-04-07 23:54:28,439] {logging_mixin.py:109} INFO - [2022-04-07 23:54:28,439] {dag.py:2935} INFO - Setting next_dagrun for example_complex to None
[2022-04-07 23:54:28,450] {processor.py:171} INFO - Processing /home/airflow/.local/lib/python3.7/site-packages/airflow/example_dags/example_complex.py took 0.109 seconds
[2022-04-07 23:54:58,889] {processor.py:163} INFO - Started process (PID=1448) to work on /home/airflow/.local/lib/python3.7/site-packages/airflow/example_dags/example_complex.py
[2022-04-07 23:54:58,891] {processor.py:642} INFO - Processing file /home/airflow/.local/lib/python3.7/site-packages/airflow/example_dags/example_complex.py for tasks to queue
[2022-04-07 23:54:58,892] {logging_mixin.py:109} INFO - [2022-04-07 23:54:58,892] {dagbag.py:500} INFO - Filling up the DagBag from /home/airflow/.local/lib/python3.7/site-packages/airflow/example_dags/example_complex.py
[2022-04-07 23:54:58,947] {processor.py:654} INFO - DAG(s) dict_keys(['example_complex']) retrieved from /home/airflow/.local/lib/python3.7/site-packages/airflow/example_dags/example_complex.py
[2022-04-07 23:54:58,961] {logging_mixin.py:109} INFO - [2022-04-07 23:54:58,961] {dag.py:2396} INFO - Sync 1 DAGs
[2022-04-07 23:54:58,981] {logging_mixin.py:109} INFO - [2022-04-07 23:54:58,981] {dag.py:2935} INFO - Setting next_dagrun for example_complex to None
[2022-04-07 23:54:58,992] {processor.py:171} INFO - Processing /home/airflow/.local/lib/python3.7/site-packages/airflow/example_dags/example_complex.py took 0.108 seconds
[2022-04-07 23:55:30,163] {processor.py:163} INFO - Started process (PID=1501) to work on /home/airflow/.local/lib/python3.7/site-packages/airflow/example_dags/example_complex.py
[2022-04-07 23:55:30,165] {processor.py:642} INFO - Processing file /home/airflow/.local/lib/python3.7/site-packages/airflow/example_dags/example_complex.py for tasks to queue
[2022-04-07 23:55:30,167] {logging_mixin.py:109} INFO - [2022-04-07 23:55:30,166] {dagbag.py:500} INFO - Filling up the DagBag from /home/airflow/.local/lib/python3.7/site-packages/airflow/example_dags/example_complex.py
[2022-04-07 23:55:30,219] {processor.py:654} INFO - DAG(s) dict_keys(['example_complex']) retrieved from /home/airflow/.local/lib/python3.7/site-packages/airflow/example_dags/example_complex.py
[2022-04-07 23:55:30,243] {logging_mixin.py:109} INFO - [2022-04-07 23:55:30,243] {dag.py:2396} INFO - Sync 1 DAGs
[2022-04-07 23:55:30,266] {logging_mixin.py:109} INFO - [2022-04-07 23:55:30,266] {dag.py:2935} INFO - Setting next_dagrun for example_complex to None
[2022-04-07 23:55:30,277] {processor.py:171} INFO - Processing /home/airflow/.local/lib/python3.7/site-packages/airflow/example_dags/example_complex.py took 0.119 seconds
[2022-04-07 23:56:00,844] {processor.py:163} INFO - Started process (PID=1561) to work on /home/airflow/.local/lib/python3.7/site-packages/airflow/example_dags/example_complex.py
[2022-04-07 23:56:00,846] {processor.py:642} INFO - Processing file /home/airflow/.local/lib/python3.7/site-packages/airflow/example_dags/example_complex.py for tasks to queue
[2022-04-07 23:56:00,847] {logging_mixin.py:109} INFO - [2022-04-07 23:56:00,847] {dagbag.py:500} INFO - Filling up the DagBag from /home/airflow/.local/lib/python3.7/site-packages/airflow/example_dags/example_complex.py
[2022-04-07 23:56:00,884] {processor.py:654} INFO - DAG(s) dict_keys(['example_complex']) retrieved from /home/airflow/.local/lib/python3.7/site-packages/airflow/example_dags/example_complex.py
[2022-04-07 23:56:00,900] {logging_mixin.py:109} INFO - [2022-04-07 23:56:00,900] {dag.py:2396} INFO - Sync 1 DAGs
[2022-04-07 23:56:00,916] {logging_mixin.py:109} INFO - [2022-04-07 23:56:00,915] {dag.py:2935} INFO - Setting next_dagrun for example_complex to None
[2022-04-07 23:56:00,926] {processor.py:171} INFO - Processing /home/airflow/.local/lib/python3.7/site-packages/airflow/example_dags/example_complex.py took 0.086 seconds
[2022-04-07 23:56:31,588] {processor.py:163} INFO - Started process (PID=1613) to work on /home/airflow/.local/lib/python3.7/site-packages/airflow/example_dags/example_complex.py
[2022-04-07 23:56:31,590] {processor.py:642} INFO - Processing file /home/airflow/.local/lib/python3.7/site-packages/airflow/example_dags/example_complex.py for tasks to queue
[2022-04-07 23:56:31,591] {logging_mixin.py:109} INFO - [2022-04-07 23:56:31,590] {dagbag.py:500} INFO - Filling up the DagBag from /home/airflow/.local/lib/python3.7/site-packages/airflow/example_dags/example_complex.py
[2022-04-07 23:56:31,631] {processor.py:654} INFO - DAG(s) dict_keys(['example_complex']) retrieved from /home/airflow/.local/lib/python3.7/site-packages/airflow/example_dags/example_complex.py
[2022-04-07 23:56:31,654] {logging_mixin.py:109} INFO - [2022-04-07 23:56:31,654] {dag.py:2396} INFO - Sync 1 DAGs
[2022-04-07 23:56:31,674] {logging_mixin.py:109} INFO - [2022-04-07 23:56:31,674] {dag.py:2935} INFO - Setting next_dagrun for example_complex to None
[2022-04-07 23:56:31,683] {processor.py:171} INFO - Processing /home/airflow/.local/lib/python3.7/site-packages/airflow/example_dags/example_complex.py took 0.099 seconds
[2022-04-07 23:57:02,479] {processor.py:163} INFO - Started process (PID=1676) to work on /home/airflow/.local/lib/python3.7/site-packages/airflow/example_dags/example_complex.py
[2022-04-07 23:57:02,480] {processor.py:642} INFO - Processing file /home/airflow/.local/lib/python3.7/site-packages/airflow/example_dags/example_complex.py for tasks to queue
[2022-04-07 23:57:02,481] {logging_mixin.py:109} INFO - [2022-04-07 23:57:02,481] {dagbag.py:500} INFO - Filling up the DagBag from /home/airflow/.local/lib/python3.7/site-packages/airflow/example_dags/example_complex.py
[2022-04-07 23:57:02,551] {processor.py:654} INFO - DAG(s) dict_keys(['example_complex']) retrieved from /home/airflow/.local/lib/python3.7/site-packages/airflow/example_dags/example_complex.py
[2022-04-07 23:57:02,566] {logging_mixin.py:109} INFO - [2022-04-07 23:57:02,566] {dag.py:2396} INFO - Sync 1 DAGs
[2022-04-07 23:57:02,589] {logging_mixin.py:109} INFO - [2022-04-07 23:57:02,589] {dag.py:2935} INFO - Setting next_dagrun for example_complex to None
[2022-04-07 23:57:02,601] {processor.py:171} INFO - Processing /home/airflow/.local/lib/python3.7/site-packages/airflow/example_dags/example_complex.py took 0.128 seconds
[2022-04-07 23:57:33,894] {processor.py:163} INFO - Started process (PID=1729) to work on /home/airflow/.local/lib/python3.7/site-packages/airflow/example_dags/example_complex.py
[2022-04-07 23:57:33,897] {processor.py:642} INFO - Processing file /home/airflow/.local/lib/python3.7/site-packages/airflow/example_dags/example_complex.py for tasks to queue
[2022-04-07 23:57:33,898] {logging_mixin.py:109} INFO - [2022-04-07 23:57:33,898] {dagbag.py:500} INFO - Filling up the DagBag from /home/airflow/.local/lib/python3.7/site-packages/airflow/example_dags/example_complex.py
[2022-04-07 23:57:33,952] {processor.py:654} INFO - DAG(s) dict_keys(['example_complex']) retrieved from /home/airflow/.local/lib/python3.7/site-packages/airflow/example_dags/example_complex.py
[2022-04-07 23:57:33,975] {logging_mixin.py:109} INFO - [2022-04-07 23:57:33,975] {dag.py:2396} INFO - Sync 1 DAGs
[2022-04-07 23:57:33,998] {logging_mixin.py:109} INFO - [2022-04-07 23:57:33,998] {dag.py:2935} INFO - Setting next_dagrun for example_complex to None
[2022-04-07 23:57:34,009] {processor.py:171} INFO - Processing /home/airflow/.local/lib/python3.7/site-packages/airflow/example_dags/example_complex.py took 0.122 seconds
[2022-04-07 23:58:04,845] {processor.py:163} INFO - Started process (PID=1790) to work on /home/airflow/.local/lib/python3.7/site-packages/airflow/example_dags/example_complex.py
[2022-04-07 23:58:04,847] {processor.py:642} INFO - Processing file /home/airflow/.local/lib/python3.7/site-packages/airflow/example_dags/example_complex.py for tasks to queue
[2022-04-07 23:58:04,848] {logging_mixin.py:109} INFO - [2022-04-07 23:58:04,847] {dagbag.py:500} INFO - Filling up the DagBag from /home/airflow/.local/lib/python3.7/site-packages/airflow/example_dags/example_complex.py
[2022-04-07 23:58:04,885] {processor.py:654} INFO - DAG(s) dict_keys(['example_complex']) retrieved from /home/airflow/.local/lib/python3.7/site-packages/airflow/example_dags/example_complex.py
[2022-04-07 23:58:04,899] {logging_mixin.py:109} INFO - [2022-04-07 23:58:04,899] {dag.py:2396} INFO - Sync 1 DAGs
[2022-04-07 23:58:04,915] {logging_mixin.py:109} INFO - [2022-04-07 23:58:04,915] {dag.py:2935} INFO - Setting next_dagrun for example_complex to None
[2022-04-07 23:58:04,923] {processor.py:171} INFO - Processing /home/airflow/.local/lib/python3.7/site-packages/airflow/example_dags/example_complex.py took 0.083 seconds
[2022-04-07 23:58:35,529] {processor.py:163} INFO - Started process (PID=1845) to work on /home/airflow/.local/lib/python3.7/site-packages/airflow/example_dags/example_complex.py
[2022-04-07 23:58:35,531] {processor.py:642} INFO - Processing file /home/airflow/.local/lib/python3.7/site-packages/airflow/example_dags/example_complex.py for tasks to queue
[2022-04-07 23:58:35,532] {logging_mixin.py:109} INFO - [2022-04-07 23:58:35,532] {dagbag.py:500} INFO - Filling up the DagBag from /home/airflow/.local/lib/python3.7/site-packages/airflow/example_dags/example_complex.py
[2022-04-07 23:58:35,585] {processor.py:654} INFO - DAG(s) dict_keys(['example_complex']) retrieved from /home/airflow/.local/lib/python3.7/site-packages/airflow/example_dags/example_complex.py
[2022-04-07 23:58:35,610] {logging_mixin.py:109} INFO - [2022-04-07 23:58:35,610] {dag.py:2396} INFO - Sync 1 DAGs
[2022-04-07 23:58:35,634] {logging_mixin.py:109} INFO - [2022-04-07 23:58:35,633] {dag.py:2935} INFO - Setting next_dagrun for example_complex to None
[2022-04-07 23:58:35,642] {processor.py:171} INFO - Processing /home/airflow/.local/lib/python3.7/site-packages/airflow/example_dags/example_complex.py took 0.118 seconds
[2022-04-07 23:59:06,136] {processor.py:163} INFO - Started process (PID=1907) to work on /home/airflow/.local/lib/python3.7/site-packages/airflow/example_dags/example_complex.py
[2022-04-07 23:59:06,138] {processor.py:642} INFO - Processing file /home/airflow/.local/lib/python3.7/site-packages/airflow/example_dags/example_complex.py for tasks to queue
[2022-04-07 23:59:06,139] {logging_mixin.py:109} INFO - [2022-04-07 23:59:06,139] {dagbag.py:500} INFO - Filling up the DagBag from /home/airflow/.local/lib/python3.7/site-packages/airflow/example_dags/example_complex.py
[2022-04-07 23:59:06,190] {processor.py:654} INFO - DAG(s) dict_keys(['example_complex']) retrieved from /home/airflow/.local/lib/python3.7/site-packages/airflow/example_dags/example_complex.py
[2022-04-07 23:59:06,214] {logging_mixin.py:109} INFO - [2022-04-07 23:59:06,214] {dag.py:2396} INFO - Sync 1 DAGs
[2022-04-07 23:59:06,237] {logging_mixin.py:109} INFO - [2022-04-07 23:59:06,236] {dag.py:2935} INFO - Setting next_dagrun for example_complex to None
[2022-04-07 23:59:06,248] {processor.py:171} INFO - Processing /home/airflow/.local/lib/python3.7/site-packages/airflow/example_dags/example_complex.py took 0.118 seconds
[2022-04-07 23:59:37,438] {processor.py:163} INFO - Started process (PID=1957) to work on /home/airflow/.local/lib/python3.7/site-packages/airflow/example_dags/example_complex.py
[2022-04-07 23:59:37,440] {processor.py:642} INFO - Processing file /home/airflow/.local/lib/python3.7/site-packages/airflow/example_dags/example_complex.py for tasks to queue
[2022-04-07 23:59:37,440] {logging_mixin.py:109} INFO - [2022-04-07 23:59:37,440] {dagbag.py:500} INFO - Filling up the DagBag from /home/airflow/.local/lib/python3.7/site-packages/airflow/example_dags/example_complex.py
[2022-04-07 23:59:37,478] {processor.py:654} INFO - DAG(s) dict_keys(['example_complex']) retrieved from /home/airflow/.local/lib/python3.7/site-packages/airflow/example_dags/example_complex.py
[2022-04-07 23:59:37,496] {logging_mixin.py:109} INFO - [2022-04-07 23:59:37,496] {dag.py:2396} INFO - Sync 1 DAGs
[2022-04-07 23:59:37,520] {logging_mixin.py:109} INFO - [2022-04-07 23:59:37,520] {dag.py:2935} INFO - Setting next_dagrun for example_complex to None
[2022-04-07 23:59:37,531] {processor.py:171} INFO - Processing /home/airflow/.local/lib/python3.7/site-packages/airflow/example_dags/example_complex.py took 0.098 seconds
