[2022-04-07 23:43:47,621] {processor.py:163} INFO - Started process (PID=175) to work on /home/airflow/.local/lib/python3.7/site-packages/airflow/example_dags/tutorial_etl_dag.py
[2022-04-07 23:43:47,623] {processor.py:642} INFO - Processing file /home/airflow/.local/lib/python3.7/site-packages/airflow/example_dags/tutorial_etl_dag.py for tasks to queue
[2022-04-07 23:43:47,623] {logging_mixin.py:109} INFO - [2022-04-07 23:43:47,623] {dagbag.py:500} INFO - Filling up the DagBag from /home/airflow/.local/lib/python3.7/site-packages/airflow/example_dags/tutorial_etl_dag.py
[2022-04-07 23:43:47,655] {processor.py:654} INFO - DAG(s) dict_keys(['tutorial_etl_dag']) retrieved from /home/airflow/.local/lib/python3.7/site-packages/airflow/example_dags/tutorial_etl_dag.py
[2022-04-07 23:43:49,454] {logging_mixin.py:109} INFO - [2022-04-07 23:43:49,454] {manager.py:496} INFO - Created Permission View: can read on DAG:tutorial_etl_dag
[2022-04-07 23:43:49,462] {logging_mixin.py:109} INFO - [2022-04-07 23:43:49,462] {manager.py:496} INFO - Created Permission View: can edit on DAG:tutorial_etl_dag
[2022-04-07 23:43:49,463] {logging_mixin.py:109} INFO - [2022-04-07 23:43:49,462] {dag.py:2396} INFO - Sync 1 DAGs
[2022-04-07 23:43:49,472] {logging_mixin.py:109} INFO - [2022-04-07 23:43:49,471] {dag.py:2415} INFO - Creating ORM DAG for tutorial_etl_dag
[2022-04-07 23:43:49,481] {logging_mixin.py:109} INFO - [2022-04-07 23:43:49,481] {dag.py:2935} INFO - Setting next_dagrun for tutorial_etl_dag to None
[2022-04-07 23:43:49,494] {processor.py:171} INFO - Processing /home/airflow/.local/lib/python3.7/site-packages/airflow/example_dags/tutorial_etl_dag.py took 1.877 seconds
[2022-04-07 23:44:20,154] {processor.py:163} INFO - Started process (PID=258) to work on /home/airflow/.local/lib/python3.7/site-packages/airflow/example_dags/tutorial_etl_dag.py
[2022-04-07 23:44:20,155] {processor.py:642} INFO - Processing file /home/airflow/.local/lib/python3.7/site-packages/airflow/example_dags/tutorial_etl_dag.py for tasks to queue
[2022-04-07 23:44:20,156] {logging_mixin.py:109} INFO - [2022-04-07 23:44:20,156] {dagbag.py:500} INFO - Filling up the DagBag from /home/airflow/.local/lib/python3.7/site-packages/airflow/example_dags/tutorial_etl_dag.py
[2022-04-07 23:44:20,187] {processor.py:654} INFO - DAG(s) dict_keys(['tutorial_etl_dag']) retrieved from /home/airflow/.local/lib/python3.7/site-packages/airflow/example_dags/tutorial_etl_dag.py
[2022-04-07 23:44:20,197] {logging_mixin.py:109} INFO - [2022-04-07 23:44:20,197] {dag.py:2396} INFO - Sync 1 DAGs
[2022-04-07 23:44:20,213] {logging_mixin.py:109} INFO - [2022-04-07 23:44:20,213] {dag.py:2935} INFO - Setting next_dagrun for tutorial_etl_dag to None
[2022-04-07 23:44:20,221] {processor.py:171} INFO - Processing /home/airflow/.local/lib/python3.7/site-packages/airflow/example_dags/tutorial_etl_dag.py took 0.072 seconds
[2022-04-07 23:44:50,395] {processor.py:163} INFO - Started process (PID=319) to work on /home/airflow/.local/lib/python3.7/site-packages/airflow/example_dags/tutorial_etl_dag.py
[2022-04-07 23:44:50,397] {processor.py:642} INFO - Processing file /home/airflow/.local/lib/python3.7/site-packages/airflow/example_dags/tutorial_etl_dag.py for tasks to queue
[2022-04-07 23:44:50,398] {logging_mixin.py:109} INFO - [2022-04-07 23:44:50,397] {dagbag.py:500} INFO - Filling up the DagBag from /home/airflow/.local/lib/python3.7/site-packages/airflow/example_dags/tutorial_etl_dag.py
[2022-04-07 23:44:50,437] {processor.py:654} INFO - DAG(s) dict_keys(['tutorial_etl_dag']) retrieved from /home/airflow/.local/lib/python3.7/site-packages/airflow/example_dags/tutorial_etl_dag.py
[2022-04-07 23:44:50,450] {logging_mixin.py:109} INFO - [2022-04-07 23:44:50,449] {dag.py:2396} INFO - Sync 1 DAGs
[2022-04-07 23:44:50,471] {logging_mixin.py:109} INFO - [2022-04-07 23:44:50,471] {dag.py:2935} INFO - Setting next_dagrun for tutorial_etl_dag to None
[2022-04-07 23:44:50,481] {processor.py:171} INFO - Processing /home/airflow/.local/lib/python3.7/site-packages/airflow/example_dags/tutorial_etl_dag.py took 0.092 seconds
[2022-04-07 23:45:20,834] {processor.py:163} INFO - Started process (PID=369) to work on /home/airflow/.local/lib/python3.7/site-packages/airflow/example_dags/tutorial_etl_dag.py
[2022-04-07 23:45:20,836] {processor.py:642} INFO - Processing file /home/airflow/.local/lib/python3.7/site-packages/airflow/example_dags/tutorial_etl_dag.py for tasks to queue
[2022-04-07 23:45:20,837] {logging_mixin.py:109} INFO - [2022-04-07 23:45:20,836] {dagbag.py:500} INFO - Filling up the DagBag from /home/airflow/.local/lib/python3.7/site-packages/airflow/example_dags/tutorial_etl_dag.py
[2022-04-07 23:45:20,869] {processor.py:654} INFO - DAG(s) dict_keys(['tutorial_etl_dag']) retrieved from /home/airflow/.local/lib/python3.7/site-packages/airflow/example_dags/tutorial_etl_dag.py
[2022-04-07 23:45:20,879] {logging_mixin.py:109} INFO - [2022-04-07 23:45:20,879] {dag.py:2396} INFO - Sync 1 DAGs
[2022-04-07 23:45:20,895] {logging_mixin.py:109} INFO - [2022-04-07 23:45:20,895] {dag.py:2935} INFO - Setting next_dagrun for tutorial_etl_dag to None
[2022-04-07 23:45:20,904] {processor.py:171} INFO - Processing /home/airflow/.local/lib/python3.7/site-packages/airflow/example_dags/tutorial_etl_dag.py took 0.074 seconds
[2022-04-07 23:45:51,237] {processor.py:163} INFO - Started process (PID=431) to work on /home/airflow/.local/lib/python3.7/site-packages/airflow/example_dags/tutorial_etl_dag.py
[2022-04-07 23:45:51,239] {processor.py:642} INFO - Processing file /home/airflow/.local/lib/python3.7/site-packages/airflow/example_dags/tutorial_etl_dag.py for tasks to queue
[2022-04-07 23:45:51,239] {logging_mixin.py:109} INFO - [2022-04-07 23:45:51,239] {dagbag.py:500} INFO - Filling up the DagBag from /home/airflow/.local/lib/python3.7/site-packages/airflow/example_dags/tutorial_etl_dag.py
[2022-04-07 23:45:51,272] {processor.py:654} INFO - DAG(s) dict_keys(['tutorial_etl_dag']) retrieved from /home/airflow/.local/lib/python3.7/site-packages/airflow/example_dags/tutorial_etl_dag.py
[2022-04-07 23:45:51,283] {logging_mixin.py:109} INFO - [2022-04-07 23:45:51,282] {dag.py:2396} INFO - Sync 1 DAGs
[2022-04-07 23:45:51,299] {logging_mixin.py:109} INFO - [2022-04-07 23:45:51,299] {dag.py:2935} INFO - Setting next_dagrun for tutorial_etl_dag to None
[2022-04-07 23:45:51,308] {processor.py:171} INFO - Processing /home/airflow/.local/lib/python3.7/site-packages/airflow/example_dags/tutorial_etl_dag.py took 0.075 seconds
[2022-04-07 23:46:21,365] {processor.py:163} INFO - Started process (PID=481) to work on /home/airflow/.local/lib/python3.7/site-packages/airflow/example_dags/tutorial_etl_dag.py
[2022-04-07 23:46:21,367] {processor.py:642} INFO - Processing file /home/airflow/.local/lib/python3.7/site-packages/airflow/example_dags/tutorial_etl_dag.py for tasks to queue
[2022-04-07 23:46:21,368] {logging_mixin.py:109} INFO - [2022-04-07 23:46:21,368] {dagbag.py:500} INFO - Filling up the DagBag from /home/airflow/.local/lib/python3.7/site-packages/airflow/example_dags/tutorial_etl_dag.py
[2022-04-07 23:46:21,401] {processor.py:654} INFO - DAG(s) dict_keys(['tutorial_etl_dag']) retrieved from /home/airflow/.local/lib/python3.7/site-packages/airflow/example_dags/tutorial_etl_dag.py
[2022-04-07 23:46:21,411] {logging_mixin.py:109} INFO - [2022-04-07 23:46:21,411] {dag.py:2396} INFO - Sync 1 DAGs
[2022-04-07 23:46:21,427] {logging_mixin.py:109} INFO - [2022-04-07 23:46:21,427] {dag.py:2935} INFO - Setting next_dagrun for tutorial_etl_dag to None
[2022-04-07 23:46:21,435] {processor.py:171} INFO - Processing /home/airflow/.local/lib/python3.7/site-packages/airflow/example_dags/tutorial_etl_dag.py took 0.074 seconds
[2022-04-07 23:46:51,521] {processor.py:163} INFO - Started process (PID=544) to work on /home/airflow/.local/lib/python3.7/site-packages/airflow/example_dags/tutorial_etl_dag.py
[2022-04-07 23:46:51,522] {processor.py:642} INFO - Processing file /home/airflow/.local/lib/python3.7/site-packages/airflow/example_dags/tutorial_etl_dag.py for tasks to queue
[2022-04-07 23:46:51,523] {logging_mixin.py:109} INFO - [2022-04-07 23:46:51,523] {dagbag.py:500} INFO - Filling up the DagBag from /home/airflow/.local/lib/python3.7/site-packages/airflow/example_dags/tutorial_etl_dag.py
[2022-04-07 23:46:51,554] {processor.py:654} INFO - DAG(s) dict_keys(['tutorial_etl_dag']) retrieved from /home/airflow/.local/lib/python3.7/site-packages/airflow/example_dags/tutorial_etl_dag.py
[2022-04-07 23:46:51,564] {logging_mixin.py:109} INFO - [2022-04-07 23:46:51,563] {dag.py:2396} INFO - Sync 1 DAGs
[2022-04-07 23:46:51,579] {logging_mixin.py:109} INFO - [2022-04-07 23:46:51,579] {dag.py:2935} INFO - Setting next_dagrun for tutorial_etl_dag to None
[2022-04-07 23:46:51,587] {processor.py:171} INFO - Processing /home/airflow/.local/lib/python3.7/site-packages/airflow/example_dags/tutorial_etl_dag.py took 0.071 seconds
[2022-04-07 23:47:21,931] {processor.py:163} INFO - Started process (PID=596) to work on /home/airflow/.local/lib/python3.7/site-packages/airflow/example_dags/tutorial_etl_dag.py
[2022-04-07 23:47:21,934] {processor.py:642} INFO - Processing file /home/airflow/.local/lib/python3.7/site-packages/airflow/example_dags/tutorial_etl_dag.py for tasks to queue
[2022-04-07 23:47:21,935] {logging_mixin.py:109} INFO - [2022-04-07 23:47:21,934] {dagbag.py:500} INFO - Filling up the DagBag from /home/airflow/.local/lib/python3.7/site-packages/airflow/example_dags/tutorial_etl_dag.py
[2022-04-07 23:47:21,994] {processor.py:654} INFO - DAG(s) dict_keys(['tutorial_etl_dag']) retrieved from /home/airflow/.local/lib/python3.7/site-packages/airflow/example_dags/tutorial_etl_dag.py
[2022-04-07 23:47:22,007] {logging_mixin.py:109} INFO - [2022-04-07 23:47:22,007] {dag.py:2396} INFO - Sync 1 DAGs
[2022-04-07 23:47:22,028] {logging_mixin.py:109} INFO - [2022-04-07 23:47:22,028] {dag.py:2935} INFO - Setting next_dagrun for tutorial_etl_dag to None
[2022-04-07 23:47:22,037] {processor.py:171} INFO - Processing /home/airflow/.local/lib/python3.7/site-packages/airflow/example_dags/tutorial_etl_dag.py took 0.111 seconds
[2022-04-07 23:47:52,235] {processor.py:163} INFO - Started process (PID=657) to work on /home/airflow/.local/lib/python3.7/site-packages/airflow/example_dags/tutorial_etl_dag.py
[2022-04-07 23:47:52,236] {processor.py:642} INFO - Processing file /home/airflow/.local/lib/python3.7/site-packages/airflow/example_dags/tutorial_etl_dag.py for tasks to queue
[2022-04-07 23:47:52,237] {logging_mixin.py:109} INFO - [2022-04-07 23:47:52,237] {dagbag.py:500} INFO - Filling up the DagBag from /home/airflow/.local/lib/python3.7/site-packages/airflow/example_dags/tutorial_etl_dag.py
[2022-04-07 23:47:52,267] {processor.py:654} INFO - DAG(s) dict_keys(['tutorial_etl_dag']) retrieved from /home/airflow/.local/lib/python3.7/site-packages/airflow/example_dags/tutorial_etl_dag.py
[2022-04-07 23:47:52,276] {logging_mixin.py:109} INFO - [2022-04-07 23:47:52,276] {dag.py:2396} INFO - Sync 1 DAGs
[2022-04-07 23:47:52,292] {logging_mixin.py:109} INFO - [2022-04-07 23:47:52,292] {dag.py:2935} INFO - Setting next_dagrun for tutorial_etl_dag to None
[2022-04-07 23:47:52,300] {processor.py:171} INFO - Processing /home/airflow/.local/lib/python3.7/site-packages/airflow/example_dags/tutorial_etl_dag.py took 0.070 seconds
[2022-04-07 23:48:22,490] {processor.py:163} INFO - Started process (PID=708) to work on /home/airflow/.local/lib/python3.7/site-packages/airflow/example_dags/tutorial_etl_dag.py
[2022-04-07 23:48:22,492] {processor.py:642} INFO - Processing file /home/airflow/.local/lib/python3.7/site-packages/airflow/example_dags/tutorial_etl_dag.py for tasks to queue
[2022-04-07 23:48:22,493] {logging_mixin.py:109} INFO - [2022-04-07 23:48:22,493] {dagbag.py:500} INFO - Filling up the DagBag from /home/airflow/.local/lib/python3.7/site-packages/airflow/example_dags/tutorial_etl_dag.py
[2022-04-07 23:48:22,534] {processor.py:654} INFO - DAG(s) dict_keys(['tutorial_etl_dag']) retrieved from /home/airflow/.local/lib/python3.7/site-packages/airflow/example_dags/tutorial_etl_dag.py
[2022-04-07 23:48:22,547] {logging_mixin.py:109} INFO - [2022-04-07 23:48:22,546] {dag.py:2396} INFO - Sync 1 DAGs
[2022-04-07 23:48:22,570] {logging_mixin.py:109} INFO - [2022-04-07 23:48:22,569] {dag.py:2935} INFO - Setting next_dagrun for tutorial_etl_dag to None
[2022-04-07 23:48:22,581] {processor.py:171} INFO - Processing /home/airflow/.local/lib/python3.7/site-packages/airflow/example_dags/tutorial_etl_dag.py took 0.096 seconds
[2022-04-07 23:48:52,700] {processor.py:163} INFO - Started process (PID=775) to work on /home/airflow/.local/lib/python3.7/site-packages/airflow/example_dags/tutorial_etl_dag.py
[2022-04-07 23:48:52,701] {processor.py:642} INFO - Processing file /home/airflow/.local/lib/python3.7/site-packages/airflow/example_dags/tutorial_etl_dag.py for tasks to queue
[2022-04-07 23:48:52,702] {logging_mixin.py:109} INFO - [2022-04-07 23:48:52,702] {dagbag.py:500} INFO - Filling up the DagBag from /home/airflow/.local/lib/python3.7/site-packages/airflow/example_dags/tutorial_etl_dag.py
[2022-04-07 23:48:52,773] {processor.py:654} INFO - DAG(s) dict_keys(['tutorial_etl_dag']) retrieved from /home/airflow/.local/lib/python3.7/site-packages/airflow/example_dags/tutorial_etl_dag.py
[2022-04-07 23:48:52,787] {logging_mixin.py:109} INFO - [2022-04-07 23:48:52,787] {dag.py:2396} INFO - Sync 1 DAGs
[2022-04-07 23:48:52,809] {logging_mixin.py:109} INFO - [2022-04-07 23:48:52,809] {dag.py:2935} INFO - Setting next_dagrun for tutorial_etl_dag to None
[2022-04-07 23:48:52,820] {processor.py:171} INFO - Processing /home/airflow/.local/lib/python3.7/site-packages/airflow/example_dags/tutorial_etl_dag.py took 0.128 seconds
[2022-04-07 23:49:22,962] {processor.py:163} INFO - Started process (PID=826) to work on /home/airflow/.local/lib/python3.7/site-packages/airflow/example_dags/tutorial_etl_dag.py
[2022-04-07 23:49:22,964] {processor.py:642} INFO - Processing file /home/airflow/.local/lib/python3.7/site-packages/airflow/example_dags/tutorial_etl_dag.py for tasks to queue
[2022-04-07 23:49:22,965] {logging_mixin.py:109} INFO - [2022-04-07 23:49:22,965] {dagbag.py:500} INFO - Filling up the DagBag from /home/airflow/.local/lib/python3.7/site-packages/airflow/example_dags/tutorial_etl_dag.py
[2022-04-07 23:49:22,999] {processor.py:654} INFO - DAG(s) dict_keys(['tutorial_etl_dag']) retrieved from /home/airflow/.local/lib/python3.7/site-packages/airflow/example_dags/tutorial_etl_dag.py
[2022-04-07 23:49:23,012] {logging_mixin.py:109} INFO - [2022-04-07 23:49:23,012] {dag.py:2396} INFO - Sync 1 DAGs
[2022-04-07 23:49:23,034] {logging_mixin.py:109} INFO - [2022-04-07 23:49:23,034] {dag.py:2935} INFO - Setting next_dagrun for tutorial_etl_dag to None
[2022-04-07 23:49:23,042] {processor.py:171} INFO - Processing /home/airflow/.local/lib/python3.7/site-packages/airflow/example_dags/tutorial_etl_dag.py took 0.084 seconds
[2022-04-07 23:49:53,230] {processor.py:163} INFO - Started process (PID=887) to work on /home/airflow/.local/lib/python3.7/site-packages/airflow/example_dags/tutorial_etl_dag.py
[2022-04-07 23:49:53,232] {processor.py:642} INFO - Processing file /home/airflow/.local/lib/python3.7/site-packages/airflow/example_dags/tutorial_etl_dag.py for tasks to queue
[2022-04-07 23:49:53,233] {logging_mixin.py:109} INFO - [2022-04-07 23:49:53,232] {dagbag.py:500} INFO - Filling up the DagBag from /home/airflow/.local/lib/python3.7/site-packages/airflow/example_dags/tutorial_etl_dag.py
[2022-04-07 23:49:53,274] {processor.py:654} INFO - DAG(s) dict_keys(['tutorial_etl_dag']) retrieved from /home/airflow/.local/lib/python3.7/site-packages/airflow/example_dags/tutorial_etl_dag.py
[2022-04-07 23:49:53,287] {logging_mixin.py:109} INFO - [2022-04-07 23:49:53,287] {dag.py:2396} INFO - Sync 1 DAGs
[2022-04-07 23:49:53,308] {logging_mixin.py:109} INFO - [2022-04-07 23:49:53,308] {dag.py:2935} INFO - Setting next_dagrun for tutorial_etl_dag to None
[2022-04-07 23:49:53,319] {processor.py:171} INFO - Processing /home/airflow/.local/lib/python3.7/site-packages/airflow/example_dags/tutorial_etl_dag.py took 0.094 seconds
[2022-04-07 23:50:23,826] {processor.py:163} INFO - Started process (PID=938) to work on /home/airflow/.local/lib/python3.7/site-packages/airflow/example_dags/tutorial_etl_dag.py
[2022-04-07 23:50:23,827] {processor.py:642} INFO - Processing file /home/airflow/.local/lib/python3.7/site-packages/airflow/example_dags/tutorial_etl_dag.py for tasks to queue
[2022-04-07 23:50:23,828] {logging_mixin.py:109} INFO - [2022-04-07 23:50:23,828] {dagbag.py:500} INFO - Filling up the DagBag from /home/airflow/.local/lib/python3.7/site-packages/airflow/example_dags/tutorial_etl_dag.py
[2022-04-07 23:50:23,862] {processor.py:654} INFO - DAG(s) dict_keys(['tutorial_etl_dag']) retrieved from /home/airflow/.local/lib/python3.7/site-packages/airflow/example_dags/tutorial_etl_dag.py
[2022-04-07 23:50:23,871] {logging_mixin.py:109} INFO - [2022-04-07 23:50:23,871] {dag.py:2396} INFO - Sync 1 DAGs
[2022-04-07 23:50:23,887] {logging_mixin.py:109} INFO - [2022-04-07 23:50:23,887] {dag.py:2935} INFO - Setting next_dagrun for tutorial_etl_dag to None
[2022-04-07 23:50:23,898] {processor.py:171} INFO - Processing /home/airflow/.local/lib/python3.7/site-packages/airflow/example_dags/tutorial_etl_dag.py took 0.076 seconds
[2022-04-07 23:50:54,297] {processor.py:163} INFO - Started process (PID=999) to work on /home/airflow/.local/lib/python3.7/site-packages/airflow/example_dags/tutorial_etl_dag.py
[2022-04-07 23:50:54,299] {processor.py:642} INFO - Processing file /home/airflow/.local/lib/python3.7/site-packages/airflow/example_dags/tutorial_etl_dag.py for tasks to queue
[2022-04-07 23:50:54,300] {logging_mixin.py:109} INFO - [2022-04-07 23:50:54,299] {dagbag.py:500} INFO - Filling up the DagBag from /home/airflow/.local/lib/python3.7/site-packages/airflow/example_dags/tutorial_etl_dag.py
[2022-04-07 23:50:54,340] {processor.py:654} INFO - DAG(s) dict_keys(['tutorial_etl_dag']) retrieved from /home/airflow/.local/lib/python3.7/site-packages/airflow/example_dags/tutorial_etl_dag.py
[2022-04-07 23:50:54,353] {logging_mixin.py:109} INFO - [2022-04-07 23:50:54,353] {dag.py:2396} INFO - Sync 1 DAGs
[2022-04-07 23:50:54,374] {logging_mixin.py:109} INFO - [2022-04-07 23:50:54,374] {dag.py:2935} INFO - Setting next_dagrun for tutorial_etl_dag to None
[2022-04-07 23:50:54,383] {processor.py:171} INFO - Processing /home/airflow/.local/lib/python3.7/site-packages/airflow/example_dags/tutorial_etl_dag.py took 0.092 seconds
[2022-04-07 23:51:24,774] {processor.py:163} INFO - Started process (PID=1051) to work on /home/airflow/.local/lib/python3.7/site-packages/airflow/example_dags/tutorial_etl_dag.py
[2022-04-07 23:51:24,775] {processor.py:642} INFO - Processing file /home/airflow/.local/lib/python3.7/site-packages/airflow/example_dags/tutorial_etl_dag.py for tasks to queue
[2022-04-07 23:51:24,776] {logging_mixin.py:109} INFO - [2022-04-07 23:51:24,776] {dagbag.py:500} INFO - Filling up the DagBag from /home/airflow/.local/lib/python3.7/site-packages/airflow/example_dags/tutorial_etl_dag.py
[2022-04-07 23:51:24,811] {processor.py:654} INFO - DAG(s) dict_keys(['tutorial_etl_dag']) retrieved from /home/airflow/.local/lib/python3.7/site-packages/airflow/example_dags/tutorial_etl_dag.py
[2022-04-07 23:51:24,822] {logging_mixin.py:109} INFO - [2022-04-07 23:51:24,822] {dag.py:2396} INFO - Sync 1 DAGs
[2022-04-07 23:51:24,845] {logging_mixin.py:109} INFO - [2022-04-07 23:51:24,845] {dag.py:2935} INFO - Setting next_dagrun for tutorial_etl_dag to None
[2022-04-07 23:51:24,854] {processor.py:171} INFO - Processing /home/airflow/.local/lib/python3.7/site-packages/airflow/example_dags/tutorial_etl_dag.py took 0.085 seconds
[2022-04-07 23:51:55,092] {processor.py:163} INFO - Started process (PID=1114) to work on /home/airflow/.local/lib/python3.7/site-packages/airflow/example_dags/tutorial_etl_dag.py
[2022-04-07 23:51:55,094] {processor.py:642} INFO - Processing file /home/airflow/.local/lib/python3.7/site-packages/airflow/example_dags/tutorial_etl_dag.py for tasks to queue
[2022-04-07 23:51:55,095] {logging_mixin.py:109} INFO - [2022-04-07 23:51:55,095] {dagbag.py:500} INFO - Filling up the DagBag from /home/airflow/.local/lib/python3.7/site-packages/airflow/example_dags/tutorial_etl_dag.py
[2022-04-07 23:51:55,139] {processor.py:654} INFO - DAG(s) dict_keys(['tutorial_etl_dag']) retrieved from /home/airflow/.local/lib/python3.7/site-packages/airflow/example_dags/tutorial_etl_dag.py
[2022-04-07 23:51:55,152] {logging_mixin.py:109} INFO - [2022-04-07 23:51:55,152] {dag.py:2396} INFO - Sync 1 DAGs
[2022-04-07 23:51:55,178] {logging_mixin.py:109} INFO - [2022-04-07 23:51:55,177] {dag.py:2935} INFO - Setting next_dagrun for tutorial_etl_dag to None
[2022-04-07 23:51:55,193] {processor.py:171} INFO - Processing /home/airflow/.local/lib/python3.7/site-packages/airflow/example_dags/tutorial_etl_dag.py took 0.108 seconds
[2022-04-07 23:52:25,271] {processor.py:163} INFO - Started process (PID=1165) to work on /home/airflow/.local/lib/python3.7/site-packages/airflow/example_dags/tutorial_etl_dag.py
[2022-04-07 23:52:25,272] {processor.py:642} INFO - Processing file /home/airflow/.local/lib/python3.7/site-packages/airflow/example_dags/tutorial_etl_dag.py for tasks to queue
[2022-04-07 23:52:25,273] {logging_mixin.py:109} INFO - [2022-04-07 23:52:25,273] {dagbag.py:500} INFO - Filling up the DagBag from /home/airflow/.local/lib/python3.7/site-packages/airflow/example_dags/tutorial_etl_dag.py
[2022-04-07 23:52:25,303] {processor.py:654} INFO - DAG(s) dict_keys(['tutorial_etl_dag']) retrieved from /home/airflow/.local/lib/python3.7/site-packages/airflow/example_dags/tutorial_etl_dag.py
[2022-04-07 23:52:25,312] {logging_mixin.py:109} INFO - [2022-04-07 23:52:25,312] {dag.py:2396} INFO - Sync 1 DAGs
[2022-04-07 23:52:25,328] {logging_mixin.py:109} INFO - [2022-04-07 23:52:25,328] {dag.py:2935} INFO - Setting next_dagrun for tutorial_etl_dag to None
[2022-04-07 23:52:25,337] {processor.py:171} INFO - Processing /home/airflow/.local/lib/python3.7/site-packages/airflow/example_dags/tutorial_etl_dag.py took 0.071 seconds
[2022-04-07 23:52:55,814] {processor.py:163} INFO - Started process (PID=1225) to work on /home/airflow/.local/lib/python3.7/site-packages/airflow/example_dags/tutorial_etl_dag.py
[2022-04-07 23:52:55,816] {processor.py:642} INFO - Processing file /home/airflow/.local/lib/python3.7/site-packages/airflow/example_dags/tutorial_etl_dag.py for tasks to queue
[2022-04-07 23:52:55,817] {logging_mixin.py:109} INFO - [2022-04-07 23:52:55,817] {dagbag.py:500} INFO - Filling up the DagBag from /home/airflow/.local/lib/python3.7/site-packages/airflow/example_dags/tutorial_etl_dag.py
[2022-04-07 23:52:55,858] {processor.py:654} INFO - DAG(s) dict_keys(['tutorial_etl_dag']) retrieved from /home/airflow/.local/lib/python3.7/site-packages/airflow/example_dags/tutorial_etl_dag.py
[2022-04-07 23:52:55,871] {logging_mixin.py:109} INFO - [2022-04-07 23:52:55,871] {dag.py:2396} INFO - Sync 1 DAGs
[2022-04-07 23:52:55,894] {logging_mixin.py:109} INFO - [2022-04-07 23:52:55,894] {dag.py:2935} INFO - Setting next_dagrun for tutorial_etl_dag to None
[2022-04-07 23:52:55,904] {processor.py:171} INFO - Processing /home/airflow/.local/lib/python3.7/site-packages/airflow/example_dags/tutorial_etl_dag.py took 0.096 seconds
[2022-04-07 23:53:26,798] {processor.py:163} INFO - Started process (PID=1276) to work on /home/airflow/.local/lib/python3.7/site-packages/airflow/example_dags/tutorial_etl_dag.py
[2022-04-07 23:53:26,800] {processor.py:642} INFO - Processing file /home/airflow/.local/lib/python3.7/site-packages/airflow/example_dags/tutorial_etl_dag.py for tasks to queue
[2022-04-07 23:53:26,801] {logging_mixin.py:109} INFO - [2022-04-07 23:53:26,801] {dagbag.py:500} INFO - Filling up the DagBag from /home/airflow/.local/lib/python3.7/site-packages/airflow/example_dags/tutorial_etl_dag.py
[2022-04-07 23:53:26,839] {processor.py:654} INFO - DAG(s) dict_keys(['tutorial_etl_dag']) retrieved from /home/airflow/.local/lib/python3.7/site-packages/airflow/example_dags/tutorial_etl_dag.py
[2022-04-07 23:53:26,849] {logging_mixin.py:109} INFO - [2022-04-07 23:53:26,849] {dag.py:2396} INFO - Sync 1 DAGs
[2022-04-07 23:53:26,867] {logging_mixin.py:109} INFO - [2022-04-07 23:53:26,867] {dag.py:2935} INFO - Setting next_dagrun for tutorial_etl_dag to None
[2022-04-07 23:53:26,878] {processor.py:171} INFO - Processing /home/airflow/.local/lib/python3.7/site-packages/airflow/example_dags/tutorial_etl_dag.py took 0.083 seconds
[2022-04-07 23:53:57,585] {processor.py:163} INFO - Started process (PID=1337) to work on /home/airflow/.local/lib/python3.7/site-packages/airflow/example_dags/tutorial_etl_dag.py
[2022-04-07 23:53:57,586] {processor.py:642} INFO - Processing file /home/airflow/.local/lib/python3.7/site-packages/airflow/example_dags/tutorial_etl_dag.py for tasks to queue
[2022-04-07 23:53:57,587] {logging_mixin.py:109} INFO - [2022-04-07 23:53:57,587] {dagbag.py:500} INFO - Filling up the DagBag from /home/airflow/.local/lib/python3.7/site-packages/airflow/example_dags/tutorial_etl_dag.py
[2022-04-07 23:53:57,626] {processor.py:654} INFO - DAG(s) dict_keys(['tutorial_etl_dag']) retrieved from /home/airflow/.local/lib/python3.7/site-packages/airflow/example_dags/tutorial_etl_dag.py
[2022-04-07 23:53:57,639] {logging_mixin.py:109} INFO - [2022-04-07 23:53:57,638] {dag.py:2396} INFO - Sync 1 DAGs
[2022-04-07 23:53:57,660] {logging_mixin.py:109} INFO - [2022-04-07 23:53:57,660] {dag.py:2935} INFO - Setting next_dagrun for tutorial_etl_dag to None
[2022-04-07 23:53:57,671] {processor.py:171} INFO - Processing /home/airflow/.local/lib/python3.7/site-packages/airflow/example_dags/tutorial_etl_dag.py took 0.091 seconds
[2022-04-07 23:54:28,561] {processor.py:163} INFO - Started process (PID=1389) to work on /home/airflow/.local/lib/python3.7/site-packages/airflow/example_dags/tutorial_etl_dag.py
[2022-04-07 23:54:28,562] {processor.py:642} INFO - Processing file /home/airflow/.local/lib/python3.7/site-packages/airflow/example_dags/tutorial_etl_dag.py for tasks to queue
[2022-04-07 23:54:28,563] {logging_mixin.py:109} INFO - [2022-04-07 23:54:28,563] {dagbag.py:500} INFO - Filling up the DagBag from /home/airflow/.local/lib/python3.7/site-packages/airflow/example_dags/tutorial_etl_dag.py
[2022-04-07 23:54:28,594] {processor.py:654} INFO - DAG(s) dict_keys(['tutorial_etl_dag']) retrieved from /home/airflow/.local/lib/python3.7/site-packages/airflow/example_dags/tutorial_etl_dag.py
[2022-04-07 23:54:28,604] {logging_mixin.py:109} INFO - [2022-04-07 23:54:28,604] {dag.py:2396} INFO - Sync 1 DAGs
[2022-04-07 23:54:28,619] {logging_mixin.py:109} INFO - [2022-04-07 23:54:28,619] {dag.py:2935} INFO - Setting next_dagrun for tutorial_etl_dag to None
[2022-04-07 23:54:28,628] {processor.py:171} INFO - Processing /home/airflow/.local/lib/python3.7/site-packages/airflow/example_dags/tutorial_etl_dag.py took 0.072 seconds
[2022-04-07 23:54:59,042] {processor.py:163} INFO - Started process (PID=1451) to work on /home/airflow/.local/lib/python3.7/site-packages/airflow/example_dags/tutorial_etl_dag.py
[2022-04-07 23:54:59,044] {processor.py:642} INFO - Processing file /home/airflow/.local/lib/python3.7/site-packages/airflow/example_dags/tutorial_etl_dag.py for tasks to queue
[2022-04-07 23:54:59,045] {logging_mixin.py:109} INFO - [2022-04-07 23:54:59,045] {dagbag.py:500} INFO - Filling up the DagBag from /home/airflow/.local/lib/python3.7/site-packages/airflow/example_dags/tutorial_etl_dag.py
[2022-04-07 23:54:59,087] {processor.py:654} INFO - DAG(s) dict_keys(['tutorial_etl_dag']) retrieved from /home/airflow/.local/lib/python3.7/site-packages/airflow/example_dags/tutorial_etl_dag.py
[2022-04-07 23:54:59,100] {logging_mixin.py:109} INFO - [2022-04-07 23:54:59,100] {dag.py:2396} INFO - Sync 1 DAGs
[2022-04-07 23:54:59,122] {logging_mixin.py:109} INFO - [2022-04-07 23:54:59,121] {dag.py:2935} INFO - Setting next_dagrun for tutorial_etl_dag to None
[2022-04-07 23:54:59,130] {processor.py:171} INFO - Processing /home/airflow/.local/lib/python3.7/site-packages/airflow/example_dags/tutorial_etl_dag.py took 0.093 seconds
[2022-04-07 23:55:30,350] {processor.py:163} INFO - Started process (PID=1504) to work on /home/airflow/.local/lib/python3.7/site-packages/airflow/example_dags/tutorial_etl_dag.py
[2022-04-07 23:55:30,352] {processor.py:642} INFO - Processing file /home/airflow/.local/lib/python3.7/site-packages/airflow/example_dags/tutorial_etl_dag.py for tasks to queue
[2022-04-07 23:55:30,353] {logging_mixin.py:109} INFO - [2022-04-07 23:55:30,353] {dagbag.py:500} INFO - Filling up the DagBag from /home/airflow/.local/lib/python3.7/site-packages/airflow/example_dags/tutorial_etl_dag.py
[2022-04-07 23:55:30,428] {processor.py:654} INFO - DAG(s) dict_keys(['tutorial_etl_dag']) retrieved from /home/airflow/.local/lib/python3.7/site-packages/airflow/example_dags/tutorial_etl_dag.py
[2022-04-07 23:55:30,453] {logging_mixin.py:109} INFO - [2022-04-07 23:55:30,453] {dag.py:2396} INFO - Sync 1 DAGs
[2022-04-07 23:55:30,477] {logging_mixin.py:109} INFO - [2022-04-07 23:55:30,476] {dag.py:2935} INFO - Setting next_dagrun for tutorial_etl_dag to None
[2022-04-07 23:55:30,494] {processor.py:171} INFO - Processing /home/airflow/.local/lib/python3.7/site-packages/airflow/example_dags/tutorial_etl_dag.py took 0.151 seconds
[2022-04-07 23:56:01,070] {processor.py:163} INFO - Started process (PID=1564) to work on /home/airflow/.local/lib/python3.7/site-packages/airflow/example_dags/tutorial_etl_dag.py
[2022-04-07 23:56:01,073] {processor.py:642} INFO - Processing file /home/airflow/.local/lib/python3.7/site-packages/airflow/example_dags/tutorial_etl_dag.py for tasks to queue
[2022-04-07 23:56:01,074] {logging_mixin.py:109} INFO - [2022-04-07 23:56:01,074] {dagbag.py:500} INFO - Filling up the DagBag from /home/airflow/.local/lib/python3.7/site-packages/airflow/example_dags/tutorial_etl_dag.py
[2022-04-07 23:56:01,116] {processor.py:654} INFO - DAG(s) dict_keys(['tutorial_etl_dag']) retrieved from /home/airflow/.local/lib/python3.7/site-packages/airflow/example_dags/tutorial_etl_dag.py
[2022-04-07 23:56:01,131] {logging_mixin.py:109} INFO - [2022-04-07 23:56:01,130] {dag.py:2396} INFO - Sync 1 DAGs
[2022-04-07 23:56:01,154] {logging_mixin.py:109} INFO - [2022-04-07 23:56:01,154] {dag.py:2935} INFO - Setting next_dagrun for tutorial_etl_dag to None
[2022-04-07 23:56:01,166] {processor.py:171} INFO - Processing /home/airflow/.local/lib/python3.7/site-packages/airflow/example_dags/tutorial_etl_dag.py took 0.102 seconds
[2022-04-07 23:56:31,826] {processor.py:163} INFO - Started process (PID=1616) to work on /home/airflow/.local/lib/python3.7/site-packages/airflow/example_dags/tutorial_etl_dag.py
[2022-04-07 23:56:31,827] {processor.py:642} INFO - Processing file /home/airflow/.local/lib/python3.7/site-packages/airflow/example_dags/tutorial_etl_dag.py for tasks to queue
[2022-04-07 23:56:31,828] {logging_mixin.py:109} INFO - [2022-04-07 23:56:31,828] {dagbag.py:500} INFO - Filling up the DagBag from /home/airflow/.local/lib/python3.7/site-packages/airflow/example_dags/tutorial_etl_dag.py
[2022-04-07 23:56:31,870] {processor.py:654} INFO - DAG(s) dict_keys(['tutorial_etl_dag']) retrieved from /home/airflow/.local/lib/python3.7/site-packages/airflow/example_dags/tutorial_etl_dag.py
[2022-04-07 23:56:31,883] {logging_mixin.py:109} INFO - [2022-04-07 23:56:31,883] {dag.py:2396} INFO - Sync 1 DAGs
[2022-04-07 23:56:31,905] {logging_mixin.py:109} INFO - [2022-04-07 23:56:31,905] {dag.py:2935} INFO - Setting next_dagrun for tutorial_etl_dag to None
[2022-04-07 23:56:31,914] {processor.py:171} INFO - Processing /home/airflow/.local/lib/python3.7/site-packages/airflow/example_dags/tutorial_etl_dag.py took 0.094 seconds
[2022-04-07 23:57:02,817] {processor.py:163} INFO - Started process (PID=1679) to work on /home/airflow/.local/lib/python3.7/site-packages/airflow/example_dags/tutorial_etl_dag.py
[2022-04-07 23:57:02,819] {processor.py:642} INFO - Processing file /home/airflow/.local/lib/python3.7/site-packages/airflow/example_dags/tutorial_etl_dag.py for tasks to queue
[2022-04-07 23:57:02,819] {logging_mixin.py:109} INFO - [2022-04-07 23:57:02,819] {dagbag.py:500} INFO - Filling up the DagBag from /home/airflow/.local/lib/python3.7/site-packages/airflow/example_dags/tutorial_etl_dag.py
[2022-04-07 23:57:02,849] {processor.py:654} INFO - DAG(s) dict_keys(['tutorial_etl_dag']) retrieved from /home/airflow/.local/lib/python3.7/site-packages/airflow/example_dags/tutorial_etl_dag.py
[2022-04-07 23:57:02,859] {logging_mixin.py:109} INFO - [2022-04-07 23:57:02,858] {dag.py:2396} INFO - Sync 1 DAGs
[2022-04-07 23:57:02,874] {logging_mixin.py:109} INFO - [2022-04-07 23:57:02,874] {dag.py:2935} INFO - Setting next_dagrun for tutorial_etl_dag to None
[2022-04-07 23:57:02,883] {processor.py:171} INFO - Processing /home/airflow/.local/lib/python3.7/site-packages/airflow/example_dags/tutorial_etl_dag.py took 0.070 seconds
[2022-04-07 23:57:34,229] {processor.py:163} INFO - Started process (PID=1732) to work on /home/airflow/.local/lib/python3.7/site-packages/airflow/example_dags/tutorial_etl_dag.py
[2022-04-07 23:57:34,230] {processor.py:642} INFO - Processing file /home/airflow/.local/lib/python3.7/site-packages/airflow/example_dags/tutorial_etl_dag.py for tasks to queue
[2022-04-07 23:57:34,231] {logging_mixin.py:109} INFO - [2022-04-07 23:57:34,231] {dagbag.py:500} INFO - Filling up the DagBag from /home/airflow/.local/lib/python3.7/site-packages/airflow/example_dags/tutorial_etl_dag.py
[2022-04-07 23:57:34,265] {processor.py:654} INFO - DAG(s) dict_keys(['tutorial_etl_dag']) retrieved from /home/airflow/.local/lib/python3.7/site-packages/airflow/example_dags/tutorial_etl_dag.py
[2022-04-07 23:57:34,279] {logging_mixin.py:109} INFO - [2022-04-07 23:57:34,279] {dag.py:2396} INFO - Sync 1 DAGs
[2022-04-07 23:57:34,301] {logging_mixin.py:109} INFO - [2022-04-07 23:57:34,300] {dag.py:2935} INFO - Setting next_dagrun for tutorial_etl_dag to None
[2022-04-07 23:57:34,311] {processor.py:171} INFO - Processing /home/airflow/.local/lib/python3.7/site-packages/airflow/example_dags/tutorial_etl_dag.py took 0.087 seconds
[2022-04-07 23:58:05,036] {processor.py:163} INFO - Started process (PID=1793) to work on /home/airflow/.local/lib/python3.7/site-packages/airflow/example_dags/tutorial_etl_dag.py
[2022-04-07 23:58:05,038] {processor.py:642} INFO - Processing file /home/airflow/.local/lib/python3.7/site-packages/airflow/example_dags/tutorial_etl_dag.py for tasks to queue
[2022-04-07 23:58:05,039] {logging_mixin.py:109} INFO - [2022-04-07 23:58:05,039] {dagbag.py:500} INFO - Filling up the DagBag from /home/airflow/.local/lib/python3.7/site-packages/airflow/example_dags/tutorial_etl_dag.py
[2022-04-07 23:58:05,070] {processor.py:654} INFO - DAG(s) dict_keys(['tutorial_etl_dag']) retrieved from /home/airflow/.local/lib/python3.7/site-packages/airflow/example_dags/tutorial_etl_dag.py
[2022-04-07 23:58:05,080] {logging_mixin.py:109} INFO - [2022-04-07 23:58:05,080] {dag.py:2396} INFO - Sync 1 DAGs
[2022-04-07 23:58:05,096] {logging_mixin.py:109} INFO - [2022-04-07 23:58:05,096] {dag.py:2935} INFO - Setting next_dagrun for tutorial_etl_dag to None
[2022-04-07 23:58:05,104] {processor.py:171} INFO - Processing /home/airflow/.local/lib/python3.7/site-packages/airflow/example_dags/tutorial_etl_dag.py took 0.073 seconds
[2022-04-07 23:58:35,850] {processor.py:163} INFO - Started process (PID=1848) to work on /home/airflow/.local/lib/python3.7/site-packages/airflow/example_dags/tutorial_etl_dag.py
[2022-04-07 23:58:35,851] {processor.py:642} INFO - Processing file /home/airflow/.local/lib/python3.7/site-packages/airflow/example_dags/tutorial_etl_dag.py for tasks to queue
[2022-04-07 23:58:35,852] {logging_mixin.py:109} INFO - [2022-04-07 23:58:35,852] {dagbag.py:500} INFO - Filling up the DagBag from /home/airflow/.local/lib/python3.7/site-packages/airflow/example_dags/tutorial_etl_dag.py
[2022-04-07 23:58:35,884] {processor.py:654} INFO - DAG(s) dict_keys(['tutorial_etl_dag']) retrieved from /home/airflow/.local/lib/python3.7/site-packages/airflow/example_dags/tutorial_etl_dag.py
[2022-04-07 23:58:35,893] {logging_mixin.py:109} INFO - [2022-04-07 23:58:35,893] {dag.py:2396} INFO - Sync 1 DAGs
[2022-04-07 23:58:35,909] {logging_mixin.py:109} INFO - [2022-04-07 23:58:35,909] {dag.py:2935} INFO - Setting next_dagrun for tutorial_etl_dag to None
[2022-04-07 23:58:35,918] {processor.py:171} INFO - Processing /home/airflow/.local/lib/python3.7/site-packages/airflow/example_dags/tutorial_etl_dag.py took 0.073 seconds
[2022-04-07 23:59:06,482] {processor.py:163} INFO - Started process (PID=1910) to work on /home/airflow/.local/lib/python3.7/site-packages/airflow/example_dags/tutorial_etl_dag.py
[2022-04-07 23:59:06,484] {processor.py:642} INFO - Processing file /home/airflow/.local/lib/python3.7/site-packages/airflow/example_dags/tutorial_etl_dag.py for tasks to queue
[2022-04-07 23:59:06,485] {logging_mixin.py:109} INFO - [2022-04-07 23:59:06,485] {dagbag.py:500} INFO - Filling up the DagBag from /home/airflow/.local/lib/python3.7/site-packages/airflow/example_dags/tutorial_etl_dag.py
[2022-04-07 23:59:06,514] {processor.py:654} INFO - DAG(s) dict_keys(['tutorial_etl_dag']) retrieved from /home/airflow/.local/lib/python3.7/site-packages/airflow/example_dags/tutorial_etl_dag.py
[2022-04-07 23:59:06,524] {logging_mixin.py:109} INFO - [2022-04-07 23:59:06,524] {dag.py:2396} INFO - Sync 1 DAGs
[2022-04-07 23:59:06,544] {logging_mixin.py:109} INFO - [2022-04-07 23:59:06,544] {dag.py:2935} INFO - Setting next_dagrun for tutorial_etl_dag to None
[2022-04-07 23:59:06,552] {processor.py:171} INFO - Processing /home/airflow/.local/lib/python3.7/site-packages/airflow/example_dags/tutorial_etl_dag.py took 0.074 seconds
[2022-04-07 23:59:37,619] {processor.py:163} INFO - Started process (PID=1960) to work on /home/airflow/.local/lib/python3.7/site-packages/airflow/example_dags/tutorial_etl_dag.py
[2022-04-07 23:59:37,621] {processor.py:642} INFO - Processing file /home/airflow/.local/lib/python3.7/site-packages/airflow/example_dags/tutorial_etl_dag.py for tasks to queue
[2022-04-07 23:59:37,622] {logging_mixin.py:109} INFO - [2022-04-07 23:59:37,622] {dagbag.py:500} INFO - Filling up the DagBag from /home/airflow/.local/lib/python3.7/site-packages/airflow/example_dags/tutorial_etl_dag.py
[2022-04-07 23:59:37,656] {processor.py:654} INFO - DAG(s) dict_keys(['tutorial_etl_dag']) retrieved from /home/airflow/.local/lib/python3.7/site-packages/airflow/example_dags/tutorial_etl_dag.py
[2022-04-07 23:59:37,668] {logging_mixin.py:109} INFO - [2022-04-07 23:59:37,667] {dag.py:2396} INFO - Sync 1 DAGs
[2022-04-07 23:59:37,690] {logging_mixin.py:109} INFO - [2022-04-07 23:59:37,690] {dag.py:2935} INFO - Setting next_dagrun for tutorial_etl_dag to None
[2022-04-07 23:59:37,702] {processor.py:171} INFO - Processing /home/airflow/.local/lib/python3.7/site-packages/airflow/example_dags/tutorial_etl_dag.py took 0.087 seconds
