[2022-04-07 23:43:42,602] {processor.py:163} INFO - Started process (PID=146) to work on /home/airflow/.local/lib/python3.7/site-packages/airflow/example_dags/tutorial_taskflow_api_etl_virtualenv.py
[2022-04-07 23:43:42,604] {processor.py:642} INFO - Processing file /home/airflow/.local/lib/python3.7/site-packages/airflow/example_dags/tutorial_taskflow_api_etl_virtualenv.py for tasks to queue
[2022-04-07 23:43:42,605] {logging_mixin.py:109} INFO - [2022-04-07 23:43:42,605] {dagbag.py:500} INFO - Filling up the DagBag from /home/airflow/.local/lib/python3.7/site-packages/airflow/example_dags/tutorial_taskflow_api_etl_virtualenv.py
[2022-04-07 23:43:42,652] {processor.py:654} INFO - DAG(s) dict_keys(['tutorial_taskflow_api_etl_virtualenv']) retrieved from /home/airflow/.local/lib/python3.7/site-packages/airflow/example_dags/tutorial_taskflow_api_etl_virtualenv.py
[2022-04-07 23:43:45,313] {logging_mixin.py:109} INFO - [2022-04-07 23:43:45,313] {manager.py:496} INFO - Created Permission View: can read on DAG:tutorial_taskflow_api_etl_virtualenv
[2022-04-07 23:43:45,323] {logging_mixin.py:109} INFO - [2022-04-07 23:43:45,323] {manager.py:496} INFO - Created Permission View: can edit on DAG:tutorial_taskflow_api_etl_virtualenv
[2022-04-07 23:43:45,324] {logging_mixin.py:109} INFO - [2022-04-07 23:43:45,323] {dag.py:2396} INFO - Sync 1 DAGs
[2022-04-07 23:43:45,333] {logging_mixin.py:109} INFO - [2022-04-07 23:43:45,333] {dag.py:2415} INFO - Creating ORM DAG for tutorial_taskflow_api_etl_virtualenv
[2022-04-07 23:43:45,344] {logging_mixin.py:109} INFO - [2022-04-07 23:43:45,343] {dag.py:2935} INFO - Setting next_dagrun for tutorial_taskflow_api_etl_virtualenv to None
[2022-04-07 23:43:45,357] {processor.py:171} INFO - Processing /home/airflow/.local/lib/python3.7/site-packages/airflow/example_dags/tutorial_taskflow_api_etl_virtualenv.py took 2.761 seconds
[2022-04-07 23:44:15,902] {processor.py:163} INFO - Started process (PID=254) to work on /home/airflow/.local/lib/python3.7/site-packages/airflow/example_dags/tutorial_taskflow_api_etl_virtualenv.py
[2022-04-07 23:44:15,903] {processor.py:642} INFO - Processing file /home/airflow/.local/lib/python3.7/site-packages/airflow/example_dags/tutorial_taskflow_api_etl_virtualenv.py for tasks to queue
[2022-04-07 23:44:15,904] {logging_mixin.py:109} INFO - [2022-04-07 23:44:15,904] {dagbag.py:500} INFO - Filling up the DagBag from /home/airflow/.local/lib/python3.7/site-packages/airflow/example_dags/tutorial_taskflow_api_etl_virtualenv.py
[2022-04-07 23:44:15,943] {processor.py:654} INFO - DAG(s) dict_keys(['tutorial_taskflow_api_etl_virtualenv']) retrieved from /home/airflow/.local/lib/python3.7/site-packages/airflow/example_dags/tutorial_taskflow_api_etl_virtualenv.py
[2022-04-07 23:44:16,256] {logging_mixin.py:109} INFO - [2022-04-07 23:44:16,256] {dag.py:2396} INFO - Sync 1 DAGs
[2022-04-07 23:44:16,269] {logging_mixin.py:109} INFO - [2022-04-07 23:44:16,269] {dag.py:2935} INFO - Setting next_dagrun for tutorial_taskflow_api_etl_virtualenv to None
[2022-04-07 23:44:16,278] {processor.py:171} INFO - Processing /home/airflow/.local/lib/python3.7/site-packages/airflow/example_dags/tutorial_taskflow_api_etl_virtualenv.py took 0.381 seconds
[2022-04-07 23:44:47,137] {processor.py:163} INFO - Started process (PID=315) to work on /home/airflow/.local/lib/python3.7/site-packages/airflow/example_dags/tutorial_taskflow_api_etl_virtualenv.py
[2022-04-07 23:44:47,139] {processor.py:642} INFO - Processing file /home/airflow/.local/lib/python3.7/site-packages/airflow/example_dags/tutorial_taskflow_api_etl_virtualenv.py for tasks to queue
[2022-04-07 23:44:47,139] {logging_mixin.py:109} INFO - [2022-04-07 23:44:47,139] {dagbag.py:500} INFO - Filling up the DagBag from /home/airflow/.local/lib/python3.7/site-packages/airflow/example_dags/tutorial_taskflow_api_etl_virtualenv.py
[2022-04-07 23:44:47,174] {processor.py:654} INFO - DAG(s) dict_keys(['tutorial_taskflow_api_etl_virtualenv']) retrieved from /home/airflow/.local/lib/python3.7/site-packages/airflow/example_dags/tutorial_taskflow_api_etl_virtualenv.py
[2022-04-07 23:44:47,469] {logging_mixin.py:109} INFO - [2022-04-07 23:44:47,469] {dag.py:2396} INFO - Sync 1 DAGs
[2022-04-07 23:44:47,481] {logging_mixin.py:109} INFO - [2022-04-07 23:44:47,481] {dag.py:2935} INFO - Setting next_dagrun for tutorial_taskflow_api_etl_virtualenv to None
[2022-04-07 23:44:47,491] {processor.py:171} INFO - Processing /home/airflow/.local/lib/python3.7/site-packages/airflow/example_dags/tutorial_taskflow_api_etl_virtualenv.py took 0.358 seconds
[2022-04-07 23:45:17,616] {processor.py:163} INFO - Started process (PID=365) to work on /home/airflow/.local/lib/python3.7/site-packages/airflow/example_dags/tutorial_taskflow_api_etl_virtualenv.py
[2022-04-07 23:45:17,618] {processor.py:642} INFO - Processing file /home/airflow/.local/lib/python3.7/site-packages/airflow/example_dags/tutorial_taskflow_api_etl_virtualenv.py for tasks to queue
[2022-04-07 23:45:17,619] {logging_mixin.py:109} INFO - [2022-04-07 23:45:17,619] {dagbag.py:500} INFO - Filling up the DagBag from /home/airflow/.local/lib/python3.7/site-packages/airflow/example_dags/tutorial_taskflow_api_etl_virtualenv.py
[2022-04-07 23:45:17,663] {processor.py:654} INFO - DAG(s) dict_keys(['tutorial_taskflow_api_etl_virtualenv']) retrieved from /home/airflow/.local/lib/python3.7/site-packages/airflow/example_dags/tutorial_taskflow_api_etl_virtualenv.py
[2022-04-07 23:45:17,963] {logging_mixin.py:109} INFO - [2022-04-07 23:45:17,963] {dag.py:2396} INFO - Sync 1 DAGs
[2022-04-07 23:45:17,983] {logging_mixin.py:109} INFO - [2022-04-07 23:45:17,983] {dag.py:2935} INFO - Setting next_dagrun for tutorial_taskflow_api_etl_virtualenv to None
[2022-04-07 23:45:17,993] {processor.py:171} INFO - Processing /home/airflow/.local/lib/python3.7/site-packages/airflow/example_dags/tutorial_taskflow_api_etl_virtualenv.py took 0.382 seconds
[2022-04-07 23:45:48,891] {processor.py:163} INFO - Started process (PID=427) to work on /home/airflow/.local/lib/python3.7/site-packages/airflow/example_dags/tutorial_taskflow_api_etl_virtualenv.py
[2022-04-07 23:45:48,894] {processor.py:642} INFO - Processing file /home/airflow/.local/lib/python3.7/site-packages/airflow/example_dags/tutorial_taskflow_api_etl_virtualenv.py for tasks to queue
[2022-04-07 23:45:48,895] {logging_mixin.py:109} INFO - [2022-04-07 23:45:48,894] {dagbag.py:500} INFO - Filling up the DagBag from /home/airflow/.local/lib/python3.7/site-packages/airflow/example_dags/tutorial_taskflow_api_etl_virtualenv.py
[2022-04-07 23:45:48,955] {processor.py:654} INFO - DAG(s) dict_keys(['tutorial_taskflow_api_etl_virtualenv']) retrieved from /home/airflow/.local/lib/python3.7/site-packages/airflow/example_dags/tutorial_taskflow_api_etl_virtualenv.py
[2022-04-07 23:45:49,300] {logging_mixin.py:109} INFO - [2022-04-07 23:45:49,300] {dag.py:2396} INFO - Sync 1 DAGs
[2022-04-07 23:45:49,314] {logging_mixin.py:109} INFO - [2022-04-07 23:45:49,314] {dag.py:2935} INFO - Setting next_dagrun for tutorial_taskflow_api_etl_virtualenv to None
[2022-04-07 23:45:49,324] {processor.py:171} INFO - Processing /home/airflow/.local/lib/python3.7/site-packages/airflow/example_dags/tutorial_taskflow_api_etl_virtualenv.py took 0.439 seconds
[2022-04-07 23:46:19,353] {processor.py:163} INFO - Started process (PID=479) to work on /home/airflow/.local/lib/python3.7/site-packages/airflow/example_dags/tutorial_taskflow_api_etl_virtualenv.py
[2022-04-07 23:46:19,355] {processor.py:642} INFO - Processing file /home/airflow/.local/lib/python3.7/site-packages/airflow/example_dags/tutorial_taskflow_api_etl_virtualenv.py for tasks to queue
[2022-04-07 23:46:19,356] {logging_mixin.py:109} INFO - [2022-04-07 23:46:19,356] {dagbag.py:500} INFO - Filling up the DagBag from /home/airflow/.local/lib/python3.7/site-packages/airflow/example_dags/tutorial_taskflow_api_etl_virtualenv.py
[2022-04-07 23:46:19,403] {processor.py:654} INFO - DAG(s) dict_keys(['tutorial_taskflow_api_etl_virtualenv']) retrieved from /home/airflow/.local/lib/python3.7/site-packages/airflow/example_dags/tutorial_taskflow_api_etl_virtualenv.py
[2022-04-07 23:46:19,843] {logging_mixin.py:109} INFO - [2022-04-07 23:46:19,842] {dag.py:2396} INFO - Sync 1 DAGs
[2022-04-07 23:46:19,862] {logging_mixin.py:109} INFO - [2022-04-07 23:46:19,862] {dag.py:2935} INFO - Setting next_dagrun for tutorial_taskflow_api_etl_virtualenv to None
[2022-04-07 23:46:19,874] {processor.py:171} INFO - Processing /home/airflow/.local/lib/python3.7/site-packages/airflow/example_dags/tutorial_taskflow_api_etl_virtualenv.py took 0.527 seconds
[2022-04-07 23:46:50,497] {processor.py:163} INFO - Started process (PID=542) to work on /home/airflow/.local/lib/python3.7/site-packages/airflow/example_dags/tutorial_taskflow_api_etl_virtualenv.py
[2022-04-07 23:46:50,499] {processor.py:642} INFO - Processing file /home/airflow/.local/lib/python3.7/site-packages/airflow/example_dags/tutorial_taskflow_api_etl_virtualenv.py for tasks to queue
[2022-04-07 23:46:50,500] {logging_mixin.py:109} INFO - [2022-04-07 23:46:50,500] {dagbag.py:500} INFO - Filling up the DagBag from /home/airflow/.local/lib/python3.7/site-packages/airflow/example_dags/tutorial_taskflow_api_etl_virtualenv.py
[2022-04-07 23:46:50,535] {processor.py:654} INFO - DAG(s) dict_keys(['tutorial_taskflow_api_etl_virtualenv']) retrieved from /home/airflow/.local/lib/python3.7/site-packages/airflow/example_dags/tutorial_taskflow_api_etl_virtualenv.py
[2022-04-07 23:46:50,835] {logging_mixin.py:109} INFO - [2022-04-07 23:46:50,835] {dag.py:2396} INFO - Sync 1 DAGs
[2022-04-07 23:46:50,848] {logging_mixin.py:109} INFO - [2022-04-07 23:46:50,848] {dag.py:2935} INFO - Setting next_dagrun for tutorial_taskflow_api_etl_virtualenv to None
[2022-04-07 23:46:50,857] {processor.py:171} INFO - Processing /home/airflow/.local/lib/python3.7/site-packages/airflow/example_dags/tutorial_taskflow_api_etl_virtualenv.py took 0.364 seconds
[2022-04-07 23:47:20,902] {processor.py:163} INFO - Started process (PID=594) to work on /home/airflow/.local/lib/python3.7/site-packages/airflow/example_dags/tutorial_taskflow_api_etl_virtualenv.py
[2022-04-07 23:47:20,904] {processor.py:642} INFO - Processing file /home/airflow/.local/lib/python3.7/site-packages/airflow/example_dags/tutorial_taskflow_api_etl_virtualenv.py for tasks to queue
[2022-04-07 23:47:20,904] {logging_mixin.py:109} INFO - [2022-04-07 23:47:20,904] {dagbag.py:500} INFO - Filling up the DagBag from /home/airflow/.local/lib/python3.7/site-packages/airflow/example_dags/tutorial_taskflow_api_etl_virtualenv.py
[2022-04-07 23:47:20,939] {processor.py:654} INFO - DAG(s) dict_keys(['tutorial_taskflow_api_etl_virtualenv']) retrieved from /home/airflow/.local/lib/python3.7/site-packages/airflow/example_dags/tutorial_taskflow_api_etl_virtualenv.py
[2022-04-07 23:47:21,262] {logging_mixin.py:109} INFO - [2022-04-07 23:47:21,262] {dag.py:2396} INFO - Sync 1 DAGs
[2022-04-07 23:47:21,275] {logging_mixin.py:109} INFO - [2022-04-07 23:47:21,275] {dag.py:2935} INFO - Setting next_dagrun for tutorial_taskflow_api_etl_virtualenv to None
[2022-04-07 23:47:21,286] {processor.py:171} INFO - Processing /home/airflow/.local/lib/python3.7/site-packages/airflow/example_dags/tutorial_taskflow_api_etl_virtualenv.py took 0.388 seconds
[2022-04-07 23:47:52,136] {processor.py:163} INFO - Started process (PID=655) to work on /home/airflow/.local/lib/python3.7/site-packages/airflow/example_dags/tutorial_taskflow_api_etl_virtualenv.py
[2022-04-07 23:47:52,138] {processor.py:642} INFO - Processing file /home/airflow/.local/lib/python3.7/site-packages/airflow/example_dags/tutorial_taskflow_api_etl_virtualenv.py for tasks to queue
[2022-04-07 23:47:52,138] {logging_mixin.py:109} INFO - [2022-04-07 23:47:52,138] {dagbag.py:500} INFO - Filling up the DagBag from /home/airflow/.local/lib/python3.7/site-packages/airflow/example_dags/tutorial_taskflow_api_etl_virtualenv.py
[2022-04-07 23:47:52,176] {processor.py:654} INFO - DAG(s) dict_keys(['tutorial_taskflow_api_etl_virtualenv']) retrieved from /home/airflow/.local/lib/python3.7/site-packages/airflow/example_dags/tutorial_taskflow_api_etl_virtualenv.py
[2022-04-07 23:47:52,484] {logging_mixin.py:109} INFO - [2022-04-07 23:47:52,484] {dag.py:2396} INFO - Sync 1 DAGs
[2022-04-07 23:47:52,496] {logging_mixin.py:109} INFO - [2022-04-07 23:47:52,496] {dag.py:2935} INFO - Setting next_dagrun for tutorial_taskflow_api_etl_virtualenv to None
[2022-04-07 23:47:52,506] {processor.py:171} INFO - Processing /home/airflow/.local/lib/python3.7/site-packages/airflow/example_dags/tutorial_taskflow_api_etl_virtualenv.py took 0.374 seconds
[2022-04-07 23:48:22,575] {processor.py:163} INFO - Started process (PID=709) to work on /home/airflow/.local/lib/python3.7/site-packages/airflow/example_dags/tutorial_taskflow_api_etl_virtualenv.py
[2022-04-07 23:48:22,577] {processor.py:642} INFO - Processing file /home/airflow/.local/lib/python3.7/site-packages/airflow/example_dags/tutorial_taskflow_api_etl_virtualenv.py for tasks to queue
[2022-04-07 23:48:22,578] {logging_mixin.py:109} INFO - [2022-04-07 23:48:22,578] {dagbag.py:500} INFO - Filling up the DagBag from /home/airflow/.local/lib/python3.7/site-packages/airflow/example_dags/tutorial_taskflow_api_etl_virtualenv.py
[2022-04-07 23:48:22,616] {processor.py:654} INFO - DAG(s) dict_keys(['tutorial_taskflow_api_etl_virtualenv']) retrieved from /home/airflow/.local/lib/python3.7/site-packages/airflow/example_dags/tutorial_taskflow_api_etl_virtualenv.py
[2022-04-07 23:48:22,917] {logging_mixin.py:109} INFO - [2022-04-07 23:48:22,917] {dag.py:2396} INFO - Sync 1 DAGs
[2022-04-07 23:48:22,929] {logging_mixin.py:109} INFO - [2022-04-07 23:48:22,929] {dag.py:2935} INFO - Setting next_dagrun for tutorial_taskflow_api_etl_virtualenv to None
[2022-04-07 23:48:22,939] {processor.py:171} INFO - Processing /home/airflow/.local/lib/python3.7/site-packages/airflow/example_dags/tutorial_taskflow_api_etl_virtualenv.py took 0.369 seconds
[2022-04-07 23:48:53,814] {processor.py:163} INFO - Started process (PID=776) to work on /home/airflow/.local/lib/python3.7/site-packages/airflow/example_dags/tutorial_taskflow_api_etl_virtualenv.py
[2022-04-07 23:48:53,816] {processor.py:642} INFO - Processing file /home/airflow/.local/lib/python3.7/site-packages/airflow/example_dags/tutorial_taskflow_api_etl_virtualenv.py for tasks to queue
[2022-04-07 23:48:53,817] {logging_mixin.py:109} INFO - [2022-04-07 23:48:53,816] {dagbag.py:500} INFO - Filling up the DagBag from /home/airflow/.local/lib/python3.7/site-packages/airflow/example_dags/tutorial_taskflow_api_etl_virtualenv.py
[2022-04-07 23:48:53,852] {processor.py:654} INFO - DAG(s) dict_keys(['tutorial_taskflow_api_etl_virtualenv']) retrieved from /home/airflow/.local/lib/python3.7/site-packages/airflow/example_dags/tutorial_taskflow_api_etl_virtualenv.py
[2022-04-07 23:48:54,182] {logging_mixin.py:109} INFO - [2022-04-07 23:48:54,182] {dag.py:2396} INFO - Sync 1 DAGs
[2022-04-07 23:48:54,197] {logging_mixin.py:109} INFO - [2022-04-07 23:48:54,197] {dag.py:2935} INFO - Setting next_dagrun for tutorial_taskflow_api_etl_virtualenv to None
[2022-04-07 23:48:54,206] {processor.py:171} INFO - Processing /home/airflow/.local/lib/python3.7/site-packages/airflow/example_dags/tutorial_taskflow_api_etl_virtualenv.py took 0.396 seconds
[2022-04-07 23:49:25,067] {processor.py:163} INFO - Started process (PID=827) to work on /home/airflow/.local/lib/python3.7/site-packages/airflow/example_dags/tutorial_taskflow_api_etl_virtualenv.py
[2022-04-07 23:49:25,070] {processor.py:642} INFO - Processing file /home/airflow/.local/lib/python3.7/site-packages/airflow/example_dags/tutorial_taskflow_api_etl_virtualenv.py for tasks to queue
[2022-04-07 23:49:25,071] {logging_mixin.py:109} INFO - [2022-04-07 23:49:25,071] {dagbag.py:500} INFO - Filling up the DagBag from /home/airflow/.local/lib/python3.7/site-packages/airflow/example_dags/tutorial_taskflow_api_etl_virtualenv.py
[2022-04-07 23:49:25,115] {processor.py:654} INFO - DAG(s) dict_keys(['tutorial_taskflow_api_etl_virtualenv']) retrieved from /home/airflow/.local/lib/python3.7/site-packages/airflow/example_dags/tutorial_taskflow_api_etl_virtualenv.py
[2022-04-07 23:49:25,428] {logging_mixin.py:109} INFO - [2022-04-07 23:49:25,428] {dag.py:2396} INFO - Sync 1 DAGs
[2022-04-07 23:49:25,440] {logging_mixin.py:109} INFO - [2022-04-07 23:49:25,440] {dag.py:2935} INFO - Setting next_dagrun for tutorial_taskflow_api_etl_virtualenv to None
[2022-04-07 23:49:25,451] {processor.py:171} INFO - Processing /home/airflow/.local/lib/python3.7/site-packages/airflow/example_dags/tutorial_taskflow_api_etl_virtualenv.py took 0.389 seconds
[2022-04-07 23:49:56,434] {processor.py:163} INFO - Started process (PID=890) to work on /home/airflow/.local/lib/python3.7/site-packages/airflow/example_dags/tutorial_taskflow_api_etl_virtualenv.py
[2022-04-07 23:49:56,435] {processor.py:642} INFO - Processing file /home/airflow/.local/lib/python3.7/site-packages/airflow/example_dags/tutorial_taskflow_api_etl_virtualenv.py for tasks to queue
[2022-04-07 23:49:56,436] {logging_mixin.py:109} INFO - [2022-04-07 23:49:56,436] {dagbag.py:500} INFO - Filling up the DagBag from /home/airflow/.local/lib/python3.7/site-packages/airflow/example_dags/tutorial_taskflow_api_etl_virtualenv.py
[2022-04-07 23:49:56,471] {processor.py:654} INFO - DAG(s) dict_keys(['tutorial_taskflow_api_etl_virtualenv']) retrieved from /home/airflow/.local/lib/python3.7/site-packages/airflow/example_dags/tutorial_taskflow_api_etl_virtualenv.py
[2022-04-07 23:49:56,770] {logging_mixin.py:109} INFO - [2022-04-07 23:49:56,770] {dag.py:2396} INFO - Sync 1 DAGs
[2022-04-07 23:49:56,782] {logging_mixin.py:109} INFO - [2022-04-07 23:49:56,782] {dag.py:2935} INFO - Setting next_dagrun for tutorial_taskflow_api_etl_virtualenv to None
[2022-04-07 23:49:56,792] {processor.py:171} INFO - Processing /home/airflow/.local/lib/python3.7/site-packages/airflow/example_dags/tutorial_taskflow_api_etl_virtualenv.py took 0.362 seconds
[2022-04-07 23:50:27,032] {processor.py:163} INFO - Started process (PID=941) to work on /home/airflow/.local/lib/python3.7/site-packages/airflow/example_dags/tutorial_taskflow_api_etl_virtualenv.py
[2022-04-07 23:50:27,034] {processor.py:642} INFO - Processing file /home/airflow/.local/lib/python3.7/site-packages/airflow/example_dags/tutorial_taskflow_api_etl_virtualenv.py for tasks to queue
[2022-04-07 23:50:27,035] {logging_mixin.py:109} INFO - [2022-04-07 23:50:27,035] {dagbag.py:500} INFO - Filling up the DagBag from /home/airflow/.local/lib/python3.7/site-packages/airflow/example_dags/tutorial_taskflow_api_etl_virtualenv.py
[2022-04-07 23:50:27,070] {processor.py:654} INFO - DAG(s) dict_keys(['tutorial_taskflow_api_etl_virtualenv']) retrieved from /home/airflow/.local/lib/python3.7/site-packages/airflow/example_dags/tutorial_taskflow_api_etl_virtualenv.py
[2022-04-07 23:50:27,366] {logging_mixin.py:109} INFO - [2022-04-07 23:50:27,366] {dag.py:2396} INFO - Sync 1 DAGs
[2022-04-07 23:50:27,379] {logging_mixin.py:109} INFO - [2022-04-07 23:50:27,379] {dag.py:2935} INFO - Setting next_dagrun for tutorial_taskflow_api_etl_virtualenv to None
[2022-04-07 23:50:27,389] {processor.py:171} INFO - Processing /home/airflow/.local/lib/python3.7/site-packages/airflow/example_dags/tutorial_taskflow_api_etl_virtualenv.py took 0.362 seconds
[2022-04-07 23:50:57,500] {processor.py:163} INFO - Started process (PID=1002) to work on /home/airflow/.local/lib/python3.7/site-packages/airflow/example_dags/tutorial_taskflow_api_etl_virtualenv.py
[2022-04-07 23:50:57,502] {processor.py:642} INFO - Processing file /home/airflow/.local/lib/python3.7/site-packages/airflow/example_dags/tutorial_taskflow_api_etl_virtualenv.py for tasks to queue
[2022-04-07 23:50:57,502] {logging_mixin.py:109} INFO - [2022-04-07 23:50:57,502] {dagbag.py:500} INFO - Filling up the DagBag from /home/airflow/.local/lib/python3.7/site-packages/airflow/example_dags/tutorial_taskflow_api_etl_virtualenv.py
[2022-04-07 23:50:57,537] {processor.py:654} INFO - DAG(s) dict_keys(['tutorial_taskflow_api_etl_virtualenv']) retrieved from /home/airflow/.local/lib/python3.7/site-packages/airflow/example_dags/tutorial_taskflow_api_etl_virtualenv.py
[2022-04-07 23:50:57,839] {logging_mixin.py:109} INFO - [2022-04-07 23:50:57,839] {dag.py:2396} INFO - Sync 1 DAGs
[2022-04-07 23:50:57,852] {logging_mixin.py:109} INFO - [2022-04-07 23:50:57,852] {dag.py:2935} INFO - Setting next_dagrun for tutorial_taskflow_api_etl_virtualenv to None
[2022-04-07 23:50:57,861] {processor.py:171} INFO - Processing /home/airflow/.local/lib/python3.7/site-packages/airflow/example_dags/tutorial_taskflow_api_etl_virtualenv.py took 0.365 seconds
[2022-04-07 23:51:28,032] {processor.py:163} INFO - Started process (PID=1054) to work on /home/airflow/.local/lib/python3.7/site-packages/airflow/example_dags/tutorial_taskflow_api_etl_virtualenv.py
[2022-04-07 23:51:28,034] {processor.py:642} INFO - Processing file /home/airflow/.local/lib/python3.7/site-packages/airflow/example_dags/tutorial_taskflow_api_etl_virtualenv.py for tasks to queue
[2022-04-07 23:51:28,034] {logging_mixin.py:109} INFO - [2022-04-07 23:51:28,034] {dagbag.py:500} INFO - Filling up the DagBag from /home/airflow/.local/lib/python3.7/site-packages/airflow/example_dags/tutorial_taskflow_api_etl_virtualenv.py
[2022-04-07 23:51:28,070] {processor.py:654} INFO - DAG(s) dict_keys(['tutorial_taskflow_api_etl_virtualenv']) retrieved from /home/airflow/.local/lib/python3.7/site-packages/airflow/example_dags/tutorial_taskflow_api_etl_virtualenv.py
[2022-04-07 23:51:28,376] {logging_mixin.py:109} INFO - [2022-04-07 23:51:28,376] {dag.py:2396} INFO - Sync 1 DAGs
[2022-04-07 23:51:28,389] {logging_mixin.py:109} INFO - [2022-04-07 23:51:28,388] {dag.py:2935} INFO - Setting next_dagrun for tutorial_taskflow_api_etl_virtualenv to None
[2022-04-07 23:51:28,398] {processor.py:171} INFO - Processing /home/airflow/.local/lib/python3.7/site-packages/airflow/example_dags/tutorial_taskflow_api_etl_virtualenv.py took 0.370 seconds
[2022-04-07 23:51:59,309] {processor.py:163} INFO - Started process (PID=1117) to work on /home/airflow/.local/lib/python3.7/site-packages/airflow/example_dags/tutorial_taskflow_api_etl_virtualenv.py
[2022-04-07 23:51:59,312] {processor.py:642} INFO - Processing file /home/airflow/.local/lib/python3.7/site-packages/airflow/example_dags/tutorial_taskflow_api_etl_virtualenv.py for tasks to queue
[2022-04-07 23:51:59,313] {logging_mixin.py:109} INFO - [2022-04-07 23:51:59,313] {dagbag.py:500} INFO - Filling up the DagBag from /home/airflow/.local/lib/python3.7/site-packages/airflow/example_dags/tutorial_taskflow_api_etl_virtualenv.py
[2022-04-07 23:51:59,361] {processor.py:654} INFO - DAG(s) dict_keys(['tutorial_taskflow_api_etl_virtualenv']) retrieved from /home/airflow/.local/lib/python3.7/site-packages/airflow/example_dags/tutorial_taskflow_api_etl_virtualenv.py
[2022-04-07 23:51:59,689] {logging_mixin.py:109} INFO - [2022-04-07 23:51:59,689] {dag.py:2396} INFO - Sync 1 DAGs
[2022-04-07 23:51:59,702] {logging_mixin.py:109} INFO - [2022-04-07 23:51:59,702] {dag.py:2935} INFO - Setting next_dagrun for tutorial_taskflow_api_etl_virtualenv to None
[2022-04-07 23:51:59,711] {processor.py:171} INFO - Processing /home/airflow/.local/lib/python3.7/site-packages/airflow/example_dags/tutorial_taskflow_api_etl_virtualenv.py took 0.406 seconds
[2022-04-07 23:52:30,597] {processor.py:163} INFO - Started process (PID=1170) to work on /home/airflow/.local/lib/python3.7/site-packages/airflow/example_dags/tutorial_taskflow_api_etl_virtualenv.py
[2022-04-07 23:52:30,599] {processor.py:642} INFO - Processing file /home/airflow/.local/lib/python3.7/site-packages/airflow/example_dags/tutorial_taskflow_api_etl_virtualenv.py for tasks to queue
[2022-04-07 23:52:30,599] {logging_mixin.py:109} INFO - [2022-04-07 23:52:30,599] {dagbag.py:500} INFO - Filling up the DagBag from /home/airflow/.local/lib/python3.7/site-packages/airflow/example_dags/tutorial_taskflow_api_etl_virtualenv.py
[2022-04-07 23:52:30,643] {processor.py:654} INFO - DAG(s) dict_keys(['tutorial_taskflow_api_etl_virtualenv']) retrieved from /home/airflow/.local/lib/python3.7/site-packages/airflow/example_dags/tutorial_taskflow_api_etl_virtualenv.py
[2022-04-07 23:52:31,090] {logging_mixin.py:109} INFO - [2022-04-07 23:52:31,090] {dag.py:2396} INFO - Sync 1 DAGs
[2022-04-07 23:52:31,109] {logging_mixin.py:109} INFO - [2022-04-07 23:52:31,109] {dag.py:2935} INFO - Setting next_dagrun for tutorial_taskflow_api_etl_virtualenv to None
[2022-04-07 23:52:31,124] {processor.py:171} INFO - Processing /home/airflow/.local/lib/python3.7/site-packages/airflow/example_dags/tutorial_taskflow_api_etl_virtualenv.py took 0.532 seconds
[2022-04-07 23:53:01,158] {processor.py:163} INFO - Started process (PID=1230) to work on /home/airflow/.local/lib/python3.7/site-packages/airflow/example_dags/tutorial_taskflow_api_etl_virtualenv.py
[2022-04-07 23:53:01,159] {processor.py:642} INFO - Processing file /home/airflow/.local/lib/python3.7/site-packages/airflow/example_dags/tutorial_taskflow_api_etl_virtualenv.py for tasks to queue
[2022-04-07 23:53:01,160] {logging_mixin.py:109} INFO - [2022-04-07 23:53:01,160] {dagbag.py:500} INFO - Filling up the DagBag from /home/airflow/.local/lib/python3.7/site-packages/airflow/example_dags/tutorial_taskflow_api_etl_virtualenv.py
[2022-04-07 23:53:01,199] {processor.py:654} INFO - DAG(s) dict_keys(['tutorial_taskflow_api_etl_virtualenv']) retrieved from /home/airflow/.local/lib/python3.7/site-packages/airflow/example_dags/tutorial_taskflow_api_etl_virtualenv.py
[2022-04-07 23:53:01,503] {logging_mixin.py:109} INFO - [2022-04-07 23:53:01,503] {dag.py:2396} INFO - Sync 1 DAGs
[2022-04-07 23:53:01,516] {logging_mixin.py:109} INFO - [2022-04-07 23:53:01,516] {dag.py:2935} INFO - Setting next_dagrun for tutorial_taskflow_api_etl_virtualenv to None
[2022-04-07 23:53:01,527] {processor.py:171} INFO - Processing /home/airflow/.local/lib/python3.7/site-packages/airflow/example_dags/tutorial_taskflow_api_etl_virtualenv.py took 0.374 seconds
[2022-04-07 23:53:32,026] {processor.py:163} INFO - Started process (PID=1281) to work on /home/airflow/.local/lib/python3.7/site-packages/airflow/example_dags/tutorial_taskflow_api_etl_virtualenv.py
[2022-04-07 23:53:32,028] {processor.py:642} INFO - Processing file /home/airflow/.local/lib/python3.7/site-packages/airflow/example_dags/tutorial_taskflow_api_etl_virtualenv.py for tasks to queue
[2022-04-07 23:53:32,029] {logging_mixin.py:109} INFO - [2022-04-07 23:53:32,028] {dagbag.py:500} INFO - Filling up the DagBag from /home/airflow/.local/lib/python3.7/site-packages/airflow/example_dags/tutorial_taskflow_api_etl_virtualenv.py
[2022-04-07 23:53:32,063] {processor.py:654} INFO - DAG(s) dict_keys(['tutorial_taskflow_api_etl_virtualenv']) retrieved from /home/airflow/.local/lib/python3.7/site-packages/airflow/example_dags/tutorial_taskflow_api_etl_virtualenv.py
[2022-04-07 23:53:32,362] {logging_mixin.py:109} INFO - [2022-04-07 23:53:32,362] {dag.py:2396} INFO - Sync 1 DAGs
[2022-04-07 23:53:32,376] {logging_mixin.py:109} INFO - [2022-04-07 23:53:32,376] {dag.py:2935} INFO - Setting next_dagrun for tutorial_taskflow_api_etl_virtualenv to None
[2022-04-07 23:53:32,385] {processor.py:171} INFO - Processing /home/airflow/.local/lib/python3.7/site-packages/airflow/example_dags/tutorial_taskflow_api_etl_virtualenv.py took 0.364 seconds
[2022-04-07 23:54:03,194] {processor.py:163} INFO - Started process (PID=1348) to work on /home/airflow/.local/lib/python3.7/site-packages/airflow/example_dags/tutorial_taskflow_api_etl_virtualenv.py
[2022-04-07 23:54:03,196] {processor.py:642} INFO - Processing file /home/airflow/.local/lib/python3.7/site-packages/airflow/example_dags/tutorial_taskflow_api_etl_virtualenv.py for tasks to queue
[2022-04-07 23:54:03,197] {logging_mixin.py:109} INFO - [2022-04-07 23:54:03,197] {dagbag.py:500} INFO - Filling up the DagBag from /home/airflow/.local/lib/python3.7/site-packages/airflow/example_dags/tutorial_taskflow_api_etl_virtualenv.py
[2022-04-07 23:54:03,233] {processor.py:654} INFO - DAG(s) dict_keys(['tutorial_taskflow_api_etl_virtualenv']) retrieved from /home/airflow/.local/lib/python3.7/site-packages/airflow/example_dags/tutorial_taskflow_api_etl_virtualenv.py
[2022-04-07 23:54:03,555] {logging_mixin.py:109} INFO - [2022-04-07 23:54:03,555] {dag.py:2396} INFO - Sync 1 DAGs
[2022-04-07 23:54:03,568] {logging_mixin.py:109} INFO - [2022-04-07 23:54:03,568] {dag.py:2935} INFO - Setting next_dagrun for tutorial_taskflow_api_etl_virtualenv to None
[2022-04-07 23:54:03,578] {processor.py:171} INFO - Processing /home/airflow/.local/lib/python3.7/site-packages/airflow/example_dags/tutorial_taskflow_api_etl_virtualenv.py took 0.388 seconds
[2022-04-07 23:54:34,155] {processor.py:163} INFO - Started process (PID=1410) to work on /home/airflow/.local/lib/python3.7/site-packages/airflow/example_dags/tutorial_taskflow_api_etl_virtualenv.py
[2022-04-07 23:54:34,157] {processor.py:642} INFO - Processing file /home/airflow/.local/lib/python3.7/site-packages/airflow/example_dags/tutorial_taskflow_api_etl_virtualenv.py for tasks to queue
[2022-04-07 23:54:34,158] {logging_mixin.py:109} INFO - [2022-04-07 23:54:34,158] {dagbag.py:500} INFO - Filling up the DagBag from /home/airflow/.local/lib/python3.7/site-packages/airflow/example_dags/tutorial_taskflow_api_etl_virtualenv.py
[2022-04-07 23:54:34,207] {processor.py:654} INFO - DAG(s) dict_keys(['tutorial_taskflow_api_etl_virtualenv']) retrieved from /home/airflow/.local/lib/python3.7/site-packages/airflow/example_dags/tutorial_taskflow_api_etl_virtualenv.py
[2022-04-07 23:54:34,556] {logging_mixin.py:109} INFO - [2022-04-07 23:54:34,556] {dag.py:2396} INFO - Sync 1 DAGs
[2022-04-07 23:54:34,578] {logging_mixin.py:109} INFO - [2022-04-07 23:54:34,577] {dag.py:2935} INFO - Setting next_dagrun for tutorial_taskflow_api_etl_virtualenv to None
[2022-04-07 23:54:34,590] {processor.py:171} INFO - Processing /home/airflow/.local/lib/python3.7/site-packages/airflow/example_dags/tutorial_taskflow_api_etl_virtualenv.py took 0.441 seconds
[2022-04-07 23:55:04,812] {processor.py:163} INFO - Started process (PID=1464) to work on /home/airflow/.local/lib/python3.7/site-packages/airflow/example_dags/tutorial_taskflow_api_etl_virtualenv.py
[2022-04-07 23:55:04,814] {processor.py:642} INFO - Processing file /home/airflow/.local/lib/python3.7/site-packages/airflow/example_dags/tutorial_taskflow_api_etl_virtualenv.py for tasks to queue
[2022-04-07 23:55:04,815] {logging_mixin.py:109} INFO - [2022-04-07 23:55:04,815] {dagbag.py:500} INFO - Filling up the DagBag from /home/airflow/.local/lib/python3.7/site-packages/airflow/example_dags/tutorial_taskflow_api_etl_virtualenv.py
[2022-04-07 23:55:04,850] {processor.py:654} INFO - DAG(s) dict_keys(['tutorial_taskflow_api_etl_virtualenv']) retrieved from /home/airflow/.local/lib/python3.7/site-packages/airflow/example_dags/tutorial_taskflow_api_etl_virtualenv.py
[2022-04-07 23:55:05,217] {logging_mixin.py:109} INFO - [2022-04-07 23:55:05,217] {dag.py:2396} INFO - Sync 1 DAGs
[2022-04-07 23:55:05,232] {logging_mixin.py:109} INFO - [2022-04-07 23:55:05,232] {dag.py:2935} INFO - Setting next_dagrun for tutorial_taskflow_api_etl_virtualenv to None
[2022-04-07 23:55:05,243] {processor.py:171} INFO - Processing /home/airflow/.local/lib/python3.7/site-packages/airflow/example_dags/tutorial_taskflow_api_etl_virtualenv.py took 0.438 seconds
[2022-04-07 23:55:36,118] {processor.py:163} INFO - Started process (PID=1527) to work on /home/airflow/.local/lib/python3.7/site-packages/airflow/example_dags/tutorial_taskflow_api_etl_virtualenv.py
[2022-04-07 23:55:36,120] {processor.py:642} INFO - Processing file /home/airflow/.local/lib/python3.7/site-packages/airflow/example_dags/tutorial_taskflow_api_etl_virtualenv.py for tasks to queue
[2022-04-07 23:55:36,120] {logging_mixin.py:109} INFO - [2022-04-07 23:55:36,120] {dagbag.py:500} INFO - Filling up the DagBag from /home/airflow/.local/lib/python3.7/site-packages/airflow/example_dags/tutorial_taskflow_api_etl_virtualenv.py
[2022-04-07 23:55:36,162] {processor.py:654} INFO - DAG(s) dict_keys(['tutorial_taskflow_api_etl_virtualenv']) retrieved from /home/airflow/.local/lib/python3.7/site-packages/airflow/example_dags/tutorial_taskflow_api_etl_virtualenv.py
[2022-04-07 23:55:36,462] {logging_mixin.py:109} INFO - [2022-04-07 23:55:36,461] {dag.py:2396} INFO - Sync 1 DAGs
[2022-04-07 23:55:36,474] {logging_mixin.py:109} INFO - [2022-04-07 23:55:36,474] {dag.py:2935} INFO - Setting next_dagrun for tutorial_taskflow_api_etl_virtualenv to None
[2022-04-07 23:55:36,483] {processor.py:171} INFO - Processing /home/airflow/.local/lib/python3.7/site-packages/airflow/example_dags/tutorial_taskflow_api_etl_virtualenv.py took 0.370 seconds
[2022-04-07 23:56:06,706] {processor.py:163} INFO - Started process (PID=1577) to work on /home/airflow/.local/lib/python3.7/site-packages/airflow/example_dags/tutorial_taskflow_api_etl_virtualenv.py
[2022-04-07 23:56:06,709] {processor.py:642} INFO - Processing file /home/airflow/.local/lib/python3.7/site-packages/airflow/example_dags/tutorial_taskflow_api_etl_virtualenv.py for tasks to queue
[2022-04-07 23:56:06,710] {logging_mixin.py:109} INFO - [2022-04-07 23:56:06,710] {dagbag.py:500} INFO - Filling up the DagBag from /home/airflow/.local/lib/python3.7/site-packages/airflow/example_dags/tutorial_taskflow_api_etl_virtualenv.py
[2022-04-07 23:56:06,753] {processor.py:654} INFO - DAG(s) dict_keys(['tutorial_taskflow_api_etl_virtualenv']) retrieved from /home/airflow/.local/lib/python3.7/site-packages/airflow/example_dags/tutorial_taskflow_api_etl_virtualenv.py
[2022-04-07 23:56:07,085] {logging_mixin.py:109} INFO - [2022-04-07 23:56:07,085] {dag.py:2396} INFO - Sync 1 DAGs
[2022-04-07 23:56:07,097] {logging_mixin.py:109} INFO - [2022-04-07 23:56:07,097] {dag.py:2935} INFO - Setting next_dagrun for tutorial_taskflow_api_etl_virtualenv to None
[2022-04-07 23:56:07,107] {processor.py:171} INFO - Processing /home/airflow/.local/lib/python3.7/site-packages/airflow/example_dags/tutorial_taskflow_api_etl_virtualenv.py took 0.407 seconds
[2022-04-07 23:56:37,517] {processor.py:163} INFO - Started process (PID=1639) to work on /home/airflow/.local/lib/python3.7/site-packages/airflow/example_dags/tutorial_taskflow_api_etl_virtualenv.py
[2022-04-07 23:56:37,519] {processor.py:642} INFO - Processing file /home/airflow/.local/lib/python3.7/site-packages/airflow/example_dags/tutorial_taskflow_api_etl_virtualenv.py for tasks to queue
[2022-04-07 23:56:37,520] {logging_mixin.py:109} INFO - [2022-04-07 23:56:37,520] {dagbag.py:500} INFO - Filling up the DagBag from /home/airflow/.local/lib/python3.7/site-packages/airflow/example_dags/tutorial_taskflow_api_etl_virtualenv.py
[2022-04-07 23:56:37,554] {processor.py:654} INFO - DAG(s) dict_keys(['tutorial_taskflow_api_etl_virtualenv']) retrieved from /home/airflow/.local/lib/python3.7/site-packages/airflow/example_dags/tutorial_taskflow_api_etl_virtualenv.py
[2022-04-07 23:56:37,845] {logging_mixin.py:109} INFO - [2022-04-07 23:56:37,845] {dag.py:2396} INFO - Sync 1 DAGs
[2022-04-07 23:56:37,857] {logging_mixin.py:109} INFO - [2022-04-07 23:56:37,857] {dag.py:2935} INFO - Setting next_dagrun for tutorial_taskflow_api_etl_virtualenv to None
[2022-04-07 23:56:37,867] {processor.py:171} INFO - Processing /home/airflow/.local/lib/python3.7/site-packages/airflow/example_dags/tutorial_taskflow_api_etl_virtualenv.py took 0.356 seconds
[2022-04-07 23:57:08,466] {processor.py:163} INFO - Started process (PID=1692) to work on /home/airflow/.local/lib/python3.7/site-packages/airflow/example_dags/tutorial_taskflow_api_etl_virtualenv.py
[2022-04-07 23:57:08,468] {processor.py:642} INFO - Processing file /home/airflow/.local/lib/python3.7/site-packages/airflow/example_dags/tutorial_taskflow_api_etl_virtualenv.py for tasks to queue
[2022-04-07 23:57:08,469] {logging_mixin.py:109} INFO - [2022-04-07 23:57:08,469] {dagbag.py:500} INFO - Filling up the DagBag from /home/airflow/.local/lib/python3.7/site-packages/airflow/example_dags/tutorial_taskflow_api_etl_virtualenv.py
[2022-04-07 23:57:08,510] {processor.py:654} INFO - DAG(s) dict_keys(['tutorial_taskflow_api_etl_virtualenv']) retrieved from /home/airflow/.local/lib/python3.7/site-packages/airflow/example_dags/tutorial_taskflow_api_etl_virtualenv.py
[2022-04-07 23:57:08,853] {logging_mixin.py:109} INFO - [2022-04-07 23:57:08,853] {dag.py:2396} INFO - Sync 1 DAGs
[2022-04-07 23:57:08,865] {logging_mixin.py:109} INFO - [2022-04-07 23:57:08,865] {dag.py:2935} INFO - Setting next_dagrun for tutorial_taskflow_api_etl_virtualenv to None
[2022-04-07 23:57:08,876] {processor.py:171} INFO - Processing /home/airflow/.local/lib/python3.7/site-packages/airflow/example_dags/tutorial_taskflow_api_etl_virtualenv.py took 0.414 seconds
[2022-04-07 23:57:38,937] {processor.py:163} INFO - Started process (PID=1754) to work on /home/airflow/.local/lib/python3.7/site-packages/airflow/example_dags/tutorial_taskflow_api_etl_virtualenv.py
[2022-04-07 23:57:38,939] {processor.py:642} INFO - Processing file /home/airflow/.local/lib/python3.7/site-packages/airflow/example_dags/tutorial_taskflow_api_etl_virtualenv.py for tasks to queue
[2022-04-07 23:57:38,940] {logging_mixin.py:109} INFO - [2022-04-07 23:57:38,940] {dagbag.py:500} INFO - Filling up the DagBag from /home/airflow/.local/lib/python3.7/site-packages/airflow/example_dags/tutorial_taskflow_api_etl_virtualenv.py
[2022-04-07 23:57:38,980] {processor.py:654} INFO - DAG(s) dict_keys(['tutorial_taskflow_api_etl_virtualenv']) retrieved from /home/airflow/.local/lib/python3.7/site-packages/airflow/example_dags/tutorial_taskflow_api_etl_virtualenv.py
[2022-04-07 23:57:39,275] {logging_mixin.py:109} INFO - [2022-04-07 23:57:39,275] {dag.py:2396} INFO - Sync 1 DAGs
[2022-04-07 23:57:39,288] {logging_mixin.py:109} INFO - [2022-04-07 23:57:39,288] {dag.py:2935} INFO - Setting next_dagrun for tutorial_taskflow_api_etl_virtualenv to None
[2022-04-07 23:57:39,302] {processor.py:171} INFO - Processing /home/airflow/.local/lib/python3.7/site-packages/airflow/example_dags/tutorial_taskflow_api_etl_virtualenv.py took 0.370 seconds
[2022-04-07 23:58:09,730] {processor.py:163} INFO - Started process (PID=1806) to work on /home/airflow/.local/lib/python3.7/site-packages/airflow/example_dags/tutorial_taskflow_api_etl_virtualenv.py
[2022-04-07 23:58:09,732] {processor.py:642} INFO - Processing file /home/airflow/.local/lib/python3.7/site-packages/airflow/example_dags/tutorial_taskflow_api_etl_virtualenv.py for tasks to queue
[2022-04-07 23:58:09,732] {logging_mixin.py:109} INFO - [2022-04-07 23:58:09,732] {dagbag.py:500} INFO - Filling up the DagBag from /home/airflow/.local/lib/python3.7/site-packages/airflow/example_dags/tutorial_taskflow_api_etl_virtualenv.py
[2022-04-07 23:58:09,771] {processor.py:654} INFO - DAG(s) dict_keys(['tutorial_taskflow_api_etl_virtualenv']) retrieved from /home/airflow/.local/lib/python3.7/site-packages/airflow/example_dags/tutorial_taskflow_api_etl_virtualenv.py
[2022-04-07 23:58:10,065] {logging_mixin.py:109} INFO - [2022-04-07 23:58:10,065] {dag.py:2396} INFO - Sync 1 DAGs
[2022-04-07 23:58:10,078] {logging_mixin.py:109} INFO - [2022-04-07 23:58:10,078] {dag.py:2935} INFO - Setting next_dagrun for tutorial_taskflow_api_etl_virtualenv to None
[2022-04-07 23:58:10,088] {processor.py:171} INFO - Processing /home/airflow/.local/lib/python3.7/site-packages/airflow/example_dags/tutorial_taskflow_api_etl_virtualenv.py took 0.362 seconds
[2022-04-07 23:58:40,572] {processor.py:163} INFO - Started process (PID=1870) to work on /home/airflow/.local/lib/python3.7/site-packages/airflow/example_dags/tutorial_taskflow_api_etl_virtualenv.py
[2022-04-07 23:58:40,574] {processor.py:642} INFO - Processing file /home/airflow/.local/lib/python3.7/site-packages/airflow/example_dags/tutorial_taskflow_api_etl_virtualenv.py for tasks to queue
[2022-04-07 23:58:40,575] {logging_mixin.py:109} INFO - [2022-04-07 23:58:40,575] {dagbag.py:500} INFO - Filling up the DagBag from /home/airflow/.local/lib/python3.7/site-packages/airflow/example_dags/tutorial_taskflow_api_etl_virtualenv.py
[2022-04-07 23:58:40,623] {processor.py:654} INFO - DAG(s) dict_keys(['tutorial_taskflow_api_etl_virtualenv']) retrieved from /home/airflow/.local/lib/python3.7/site-packages/airflow/example_dags/tutorial_taskflow_api_etl_virtualenv.py
[2022-04-07 23:58:41,037] {logging_mixin.py:109} INFO - [2022-04-07 23:58:41,036] {dag.py:2396} INFO - Sync 1 DAGs
[2022-04-07 23:58:41,055] {logging_mixin.py:109} INFO - [2022-04-07 23:58:41,055] {dag.py:2935} INFO - Setting next_dagrun for tutorial_taskflow_api_etl_virtualenv to None
[2022-04-07 23:58:41,068] {processor.py:171} INFO - Processing /home/airflow/.local/lib/python3.7/site-packages/airflow/example_dags/tutorial_taskflow_api_etl_virtualenv.py took 0.502 seconds
[2022-04-07 23:59:11,145] {processor.py:163} INFO - Started process (PID=1923) to work on /home/airflow/.local/lib/python3.7/site-packages/airflow/example_dags/tutorial_taskflow_api_etl_virtualenv.py
[2022-04-07 23:59:11,147] {processor.py:642} INFO - Processing file /home/airflow/.local/lib/python3.7/site-packages/airflow/example_dags/tutorial_taskflow_api_etl_virtualenv.py for tasks to queue
[2022-04-07 23:59:11,148] {logging_mixin.py:109} INFO - [2022-04-07 23:59:11,148] {dagbag.py:500} INFO - Filling up the DagBag from /home/airflow/.local/lib/python3.7/site-packages/airflow/example_dags/tutorial_taskflow_api_etl_virtualenv.py
[2022-04-07 23:59:11,189] {processor.py:654} INFO - DAG(s) dict_keys(['tutorial_taskflow_api_etl_virtualenv']) retrieved from /home/airflow/.local/lib/python3.7/site-packages/airflow/example_dags/tutorial_taskflow_api_etl_virtualenv.py
[2022-04-07 23:59:11,484] {logging_mixin.py:109} INFO - [2022-04-07 23:59:11,484] {dag.py:2396} INFO - Sync 1 DAGs
[2022-04-07 23:59:11,497] {logging_mixin.py:109} INFO - [2022-04-07 23:59:11,497] {dag.py:2935} INFO - Setting next_dagrun for tutorial_taskflow_api_etl_virtualenv to None
[2022-04-07 23:59:11,507] {processor.py:171} INFO - Processing /home/airflow/.local/lib/python3.7/site-packages/airflow/example_dags/tutorial_taskflow_api_etl_virtualenv.py took 0.368 seconds
[2022-04-07 23:59:42,317] {processor.py:163} INFO - Started process (PID=1985) to work on /home/airflow/.local/lib/python3.7/site-packages/airflow/example_dags/tutorial_taskflow_api_etl_virtualenv.py
[2022-04-07 23:59:42,319] {processor.py:642} INFO - Processing file /home/airflow/.local/lib/python3.7/site-packages/airflow/example_dags/tutorial_taskflow_api_etl_virtualenv.py for tasks to queue
[2022-04-07 23:59:42,320] {logging_mixin.py:109} INFO - [2022-04-07 23:59:42,319] {dagbag.py:500} INFO - Filling up the DagBag from /home/airflow/.local/lib/python3.7/site-packages/airflow/example_dags/tutorial_taskflow_api_etl_virtualenv.py
[2022-04-07 23:59:42,356] {processor.py:654} INFO - DAG(s) dict_keys(['tutorial_taskflow_api_etl_virtualenv']) retrieved from /home/airflow/.local/lib/python3.7/site-packages/airflow/example_dags/tutorial_taskflow_api_etl_virtualenv.py
[2022-04-07 23:59:42,662] {logging_mixin.py:109} INFO - [2022-04-07 23:59:42,662] {dag.py:2396} INFO - Sync 1 DAGs
[2022-04-07 23:59:42,677] {logging_mixin.py:109} INFO - [2022-04-07 23:59:42,677] {dag.py:2935} INFO - Setting next_dagrun for tutorial_taskflow_api_etl_virtualenv to None
[2022-04-07 23:59:42,687] {processor.py:171} INFO - Processing /home/airflow/.local/lib/python3.7/site-packages/airflow/example_dags/tutorial_taskflow_api_etl_virtualenv.py took 0.374 seconds
