[2022-04-07 23:43:22,388] {processor.py:163} INFO - Started process (PID=67) to work on /home/airflow/.local/lib/python3.7/site-packages/airflow/example_dags/tutorial.py
[2022-04-07 23:43:22,390] {processor.py:642} INFO - Processing file /home/airflow/.local/lib/python3.7/site-packages/airflow/example_dags/tutorial.py for tasks to queue
[2022-04-07 23:43:22,391] {logging_mixin.py:109} INFO - [2022-04-07 23:43:22,391] {dagbag.py:500} INFO - Filling up the DagBag from /home/airflow/.local/lib/python3.7/site-packages/airflow/example_dags/tutorial.py
[2022-04-07 23:43:22,454] {processor.py:654} INFO - DAG(s) dict_keys(['tutorial']) retrieved from /home/airflow/.local/lib/python3.7/site-packages/airflow/example_dags/tutorial.py
[2022-04-07 23:43:25,894] {logging_mixin.py:109} INFO - [2022-04-07 23:43:25,894] {manager.py:496} INFO - Created Permission View: can read on DAG:tutorial
[2022-04-07 23:43:25,908] {logging_mixin.py:109} INFO - [2022-04-07 23:43:25,908] {manager.py:496} INFO - Created Permission View: can edit on DAG:tutorial
[2022-04-07 23:43:25,909] {logging_mixin.py:109} INFO - [2022-04-07 23:43:25,909] {dag.py:2396} INFO - Sync 1 DAGs
[2022-04-07 23:43:25,921] {logging_mixin.py:109} INFO - [2022-04-07 23:43:25,921] {dag.py:2415} INFO - Creating ORM DAG for tutorial
[2022-04-07 23:43:25,938] {logging_mixin.py:109} INFO - [2022-04-07 23:43:25,938] {dag.py:2935} INFO - Setting next_dagrun for tutorial to 2022-04-06T23:43:25.938197+00:00
[2022-04-07 23:43:25,961] {processor.py:171} INFO - Processing /home/airflow/.local/lib/python3.7/site-packages/airflow/example_dags/tutorial.py took 3.586 seconds
[2022-04-07 23:43:56,510] {processor.py:163} INFO - Started process (PID=221) to work on /home/airflow/.local/lib/python3.7/site-packages/airflow/example_dags/tutorial.py
[2022-04-07 23:43:56,511] {processor.py:642} INFO - Processing file /home/airflow/.local/lib/python3.7/site-packages/airflow/example_dags/tutorial.py for tasks to queue
[2022-04-07 23:43:56,512] {logging_mixin.py:109} INFO - [2022-04-07 23:43:56,512] {dagbag.py:500} INFO - Filling up the DagBag from /home/airflow/.local/lib/python3.7/site-packages/airflow/example_dags/tutorial.py
[2022-04-07 23:43:56,546] {processor.py:654} INFO - DAG(s) dict_keys(['tutorial']) retrieved from /home/airflow/.local/lib/python3.7/site-packages/airflow/example_dags/tutorial.py
[2022-04-07 23:43:56,556] {logging_mixin.py:109} INFO - [2022-04-07 23:43:56,556] {dag.py:2396} INFO - Sync 1 DAGs
[2022-04-07 23:43:56,573] {logging_mixin.py:109} INFO - [2022-04-07 23:43:56,573] {dag.py:2935} INFO - Setting next_dagrun for tutorial to 2022-04-06T23:43:56.572727+00:00
[2022-04-07 23:43:56,582] {processor.py:171} INFO - Processing /home/airflow/.local/lib/python3.7/site-packages/airflow/example_dags/tutorial.py took 0.077 seconds
[2022-04-07 23:44:26,987] {processor.py:163} INFO - Started process (PID=282) to work on /home/airflow/.local/lib/python3.7/site-packages/airflow/example_dags/tutorial.py
[2022-04-07 23:44:26,989] {processor.py:642} INFO - Processing file /home/airflow/.local/lib/python3.7/site-packages/airflow/example_dags/tutorial.py for tasks to queue
[2022-04-07 23:44:26,990] {logging_mixin.py:109} INFO - [2022-04-07 23:44:26,989] {dagbag.py:500} INFO - Filling up the DagBag from /home/airflow/.local/lib/python3.7/site-packages/airflow/example_dags/tutorial.py
[2022-04-07 23:44:27,023] {processor.py:654} INFO - DAG(s) dict_keys(['tutorial']) retrieved from /home/airflow/.local/lib/python3.7/site-packages/airflow/example_dags/tutorial.py
[2022-04-07 23:44:27,033] {logging_mixin.py:109} INFO - [2022-04-07 23:44:27,033] {dag.py:2396} INFO - Sync 1 DAGs
[2022-04-07 23:44:27,049] {logging_mixin.py:109} INFO - [2022-04-07 23:44:27,049] {dag.py:2935} INFO - Setting next_dagrun for tutorial to 2022-04-06T23:44:27.049544+00:00
[2022-04-07 23:44:27,058] {processor.py:171} INFO - Processing /home/airflow/.local/lib/python3.7/site-packages/airflow/example_dags/tutorial.py took 0.075 seconds
[2022-04-07 23:44:57,140] {processor.py:163} INFO - Started process (PID=332) to work on /home/airflow/.local/lib/python3.7/site-packages/airflow/example_dags/tutorial.py
[2022-04-07 23:44:57,142] {processor.py:642} INFO - Processing file /home/airflow/.local/lib/python3.7/site-packages/airflow/example_dags/tutorial.py for tasks to queue
[2022-04-07 23:44:57,143] {logging_mixin.py:109} INFO - [2022-04-07 23:44:57,143] {dagbag.py:500} INFO - Filling up the DagBag from /home/airflow/.local/lib/python3.7/site-packages/airflow/example_dags/tutorial.py
[2022-04-07 23:44:57,179] {processor.py:654} INFO - DAG(s) dict_keys(['tutorial']) retrieved from /home/airflow/.local/lib/python3.7/site-packages/airflow/example_dags/tutorial.py
[2022-04-07 23:44:57,188] {logging_mixin.py:109} INFO - [2022-04-07 23:44:57,188] {dag.py:2396} INFO - Sync 1 DAGs
[2022-04-07 23:44:57,203] {logging_mixin.py:109} INFO - [2022-04-07 23:44:57,203] {dag.py:2935} INFO - Setting next_dagrun for tutorial to 2022-04-06T23:44:57.203116+00:00
[2022-04-07 23:44:57,212] {processor.py:171} INFO - Processing /home/airflow/.local/lib/python3.7/site-packages/airflow/example_dags/tutorial.py took 0.076 seconds
[2022-04-07 23:45:27,561] {processor.py:163} INFO - Started process (PID=392) to work on /home/airflow/.local/lib/python3.7/site-packages/airflow/example_dags/tutorial.py
[2022-04-07 23:45:27,563] {processor.py:642} INFO - Processing file /home/airflow/.local/lib/python3.7/site-packages/airflow/example_dags/tutorial.py for tasks to queue
[2022-04-07 23:45:27,564] {logging_mixin.py:109} INFO - [2022-04-07 23:45:27,564] {dagbag.py:500} INFO - Filling up the DagBag from /home/airflow/.local/lib/python3.7/site-packages/airflow/example_dags/tutorial.py
[2022-04-07 23:45:27,605] {processor.py:654} INFO - DAG(s) dict_keys(['tutorial']) retrieved from /home/airflow/.local/lib/python3.7/site-packages/airflow/example_dags/tutorial.py
[2022-04-07 23:45:27,620] {logging_mixin.py:109} INFO - [2022-04-07 23:45:27,619] {dag.py:2396} INFO - Sync 1 DAGs
[2022-04-07 23:45:27,642] {logging_mixin.py:109} INFO - [2022-04-07 23:45:27,641] {dag.py:2935} INFO - Setting next_dagrun for tutorial to 2022-04-06T23:45:27.641434+00:00
[2022-04-07 23:45:27,653] {processor.py:171} INFO - Processing /home/airflow/.local/lib/python3.7/site-packages/airflow/example_dags/tutorial.py took 0.098 seconds
[2022-04-07 23:45:57,946] {processor.py:163} INFO - Started process (PID=442) to work on /home/airflow/.local/lib/python3.7/site-packages/airflow/example_dags/tutorial.py
[2022-04-07 23:45:57,948] {processor.py:642} INFO - Processing file /home/airflow/.local/lib/python3.7/site-packages/airflow/example_dags/tutorial.py for tasks to queue
[2022-04-07 23:45:57,949] {logging_mixin.py:109} INFO - [2022-04-07 23:45:57,949] {dagbag.py:500} INFO - Filling up the DagBag from /home/airflow/.local/lib/python3.7/site-packages/airflow/example_dags/tutorial.py
[2022-04-07 23:45:57,990] {processor.py:654} INFO - DAG(s) dict_keys(['tutorial']) retrieved from /home/airflow/.local/lib/python3.7/site-packages/airflow/example_dags/tutorial.py
[2022-04-07 23:45:58,001] {logging_mixin.py:109} INFO - [2022-04-07 23:45:58,000] {dag.py:2396} INFO - Sync 1 DAGs
[2022-04-07 23:45:58,016] {logging_mixin.py:109} INFO - [2022-04-07 23:45:58,016] {dag.py:2935} INFO - Setting next_dagrun for tutorial to 2022-04-06T23:45:58.016231+00:00
[2022-04-07 23:45:58,025] {processor.py:171} INFO - Processing /home/airflow/.local/lib/python3.7/site-packages/airflow/example_dags/tutorial.py took 0.084 seconds
[2022-04-07 23:46:28,164] {processor.py:163} INFO - Started process (PID=504) to work on /home/airflow/.local/lib/python3.7/site-packages/airflow/example_dags/tutorial.py
[2022-04-07 23:46:28,165] {processor.py:642} INFO - Processing file /home/airflow/.local/lib/python3.7/site-packages/airflow/example_dags/tutorial.py for tasks to queue
[2022-04-07 23:46:28,166] {logging_mixin.py:109} INFO - [2022-04-07 23:46:28,166] {dagbag.py:500} INFO - Filling up the DagBag from /home/airflow/.local/lib/python3.7/site-packages/airflow/example_dags/tutorial.py
[2022-04-07 23:46:28,204] {processor.py:654} INFO - DAG(s) dict_keys(['tutorial']) retrieved from /home/airflow/.local/lib/python3.7/site-packages/airflow/example_dags/tutorial.py
[2022-04-07 23:46:28,215] {logging_mixin.py:109} INFO - [2022-04-07 23:46:28,215] {dag.py:2396} INFO - Sync 1 DAGs
[2022-04-07 23:46:28,231] {logging_mixin.py:109} INFO - [2022-04-07 23:46:28,231] {dag.py:2935} INFO - Setting next_dagrun for tutorial to 2022-04-06T23:46:28.230933+00:00
[2022-04-07 23:46:28,240] {processor.py:171} INFO - Processing /home/airflow/.local/lib/python3.7/site-packages/airflow/example_dags/tutorial.py took 0.080 seconds
[2022-04-07 23:46:58,383] {processor.py:163} INFO - Started process (PID=557) to work on /home/airflow/.local/lib/python3.7/site-packages/airflow/example_dags/tutorial.py
[2022-04-07 23:46:58,385] {processor.py:642} INFO - Processing file /home/airflow/.local/lib/python3.7/site-packages/airflow/example_dags/tutorial.py for tasks to queue
[2022-04-07 23:46:58,386] {logging_mixin.py:109} INFO - [2022-04-07 23:46:58,386] {dagbag.py:500} INFO - Filling up the DagBag from /home/airflow/.local/lib/python3.7/site-packages/airflow/example_dags/tutorial.py
[2022-04-07 23:46:58,422] {processor.py:654} INFO - DAG(s) dict_keys(['tutorial']) retrieved from /home/airflow/.local/lib/python3.7/site-packages/airflow/example_dags/tutorial.py
[2022-04-07 23:46:58,431] {logging_mixin.py:109} INFO - [2022-04-07 23:46:58,431] {dag.py:2396} INFO - Sync 1 DAGs
[2022-04-07 23:46:58,446] {logging_mixin.py:109} INFO - [2022-04-07 23:46:58,446] {dag.py:2935} INFO - Setting next_dagrun for tutorial to 2022-04-06T23:46:58.446234+00:00
[2022-04-07 23:46:58,454] {processor.py:171} INFO - Processing /home/airflow/.local/lib/python3.7/site-packages/airflow/example_dags/tutorial.py took 0.077 seconds
[2022-04-07 23:47:28,489] {processor.py:163} INFO - Started process (PID=617) to work on /home/airflow/.local/lib/python3.7/site-packages/airflow/example_dags/tutorial.py
[2022-04-07 23:47:28,491] {processor.py:642} INFO - Processing file /home/airflow/.local/lib/python3.7/site-packages/airflow/example_dags/tutorial.py for tasks to queue
[2022-04-07 23:47:28,492] {logging_mixin.py:109} INFO - [2022-04-07 23:47:28,492] {dagbag.py:500} INFO - Filling up the DagBag from /home/airflow/.local/lib/python3.7/site-packages/airflow/example_dags/tutorial.py
[2022-04-07 23:47:28,524] {processor.py:654} INFO - DAG(s) dict_keys(['tutorial']) retrieved from /home/airflow/.local/lib/python3.7/site-packages/airflow/example_dags/tutorial.py
[2022-04-07 23:47:28,537] {logging_mixin.py:109} INFO - [2022-04-07 23:47:28,537] {dag.py:2396} INFO - Sync 1 DAGs
[2022-04-07 23:47:28,560] {logging_mixin.py:109} INFO - [2022-04-07 23:47:28,560] {dag.py:2935} INFO - Setting next_dagrun for tutorial to 2022-04-06T23:47:28.559725+00:00
[2022-04-07 23:47:28,569] {processor.py:171} INFO - Processing /home/airflow/.local/lib/python3.7/site-packages/airflow/example_dags/tutorial.py took 0.084 seconds
[2022-04-07 23:47:58,816] {processor.py:163} INFO - Started process (PID=667) to work on /home/airflow/.local/lib/python3.7/site-packages/airflow/example_dags/tutorial.py
[2022-04-07 23:47:58,819] {processor.py:642} INFO - Processing file /home/airflow/.local/lib/python3.7/site-packages/airflow/example_dags/tutorial.py for tasks to queue
[2022-04-07 23:47:58,820] {logging_mixin.py:109} INFO - [2022-04-07 23:47:58,819] {dagbag.py:500} INFO - Filling up the DagBag from /home/airflow/.local/lib/python3.7/site-packages/airflow/example_dags/tutorial.py
[2022-04-07 23:47:58,865] {processor.py:654} INFO - DAG(s) dict_keys(['tutorial']) retrieved from /home/airflow/.local/lib/python3.7/site-packages/airflow/example_dags/tutorial.py
[2022-04-07 23:47:58,876] {logging_mixin.py:109} INFO - [2022-04-07 23:47:58,876] {dag.py:2396} INFO - Sync 1 DAGs
[2022-04-07 23:47:58,899] {logging_mixin.py:109} INFO - [2022-04-07 23:47:58,899] {dag.py:2935} INFO - Setting next_dagrun for tutorial to 2022-04-06T23:47:58.899225+00:00
[2022-04-07 23:47:58,911] {processor.py:171} INFO - Processing /home/airflow/.local/lib/python3.7/site-packages/airflow/example_dags/tutorial.py took 0.101 seconds
[2022-04-07 23:48:29,087] {processor.py:163} INFO - Started process (PID=729) to work on /home/airflow/.local/lib/python3.7/site-packages/airflow/example_dags/tutorial.py
[2022-04-07 23:48:29,088] {processor.py:642} INFO - Processing file /home/airflow/.local/lib/python3.7/site-packages/airflow/example_dags/tutorial.py for tasks to queue
[2022-04-07 23:48:29,089] {logging_mixin.py:109} INFO - [2022-04-07 23:48:29,088] {dagbag.py:500} INFO - Filling up the DagBag from /home/airflow/.local/lib/python3.7/site-packages/airflow/example_dags/tutorial.py
[2022-04-07 23:48:29,127] {processor.py:654} INFO - DAG(s) dict_keys(['tutorial']) retrieved from /home/airflow/.local/lib/python3.7/site-packages/airflow/example_dags/tutorial.py
[2022-04-07 23:48:29,136] {logging_mixin.py:109} INFO - [2022-04-07 23:48:29,136] {dag.py:2396} INFO - Sync 1 DAGs
[2022-04-07 23:48:29,153] {logging_mixin.py:109} INFO - [2022-04-07 23:48:29,153] {dag.py:2935} INFO - Setting next_dagrun for tutorial to 2022-04-06T23:48:29.153275+00:00
[2022-04-07 23:48:29,162] {processor.py:171} INFO - Processing /home/airflow/.local/lib/python3.7/site-packages/airflow/example_dags/tutorial.py took 0.080 seconds
[2022-04-07 23:48:59,332] {processor.py:163} INFO - Started process (PID=786) to work on /home/airflow/.local/lib/python3.7/site-packages/airflow/example_dags/tutorial.py
[2022-04-07 23:48:59,333] {processor.py:642} INFO - Processing file /home/airflow/.local/lib/python3.7/site-packages/airflow/example_dags/tutorial.py for tasks to queue
[2022-04-07 23:48:59,334] {logging_mixin.py:109} INFO - [2022-04-07 23:48:59,334] {dagbag.py:500} INFO - Filling up the DagBag from /home/airflow/.local/lib/python3.7/site-packages/airflow/example_dags/tutorial.py
[2022-04-07 23:48:59,382] {processor.py:654} INFO - DAG(s) dict_keys(['tutorial']) retrieved from /home/airflow/.local/lib/python3.7/site-packages/airflow/example_dags/tutorial.py
[2022-04-07 23:48:59,395] {logging_mixin.py:109} INFO - [2022-04-07 23:48:59,395] {dag.py:2396} INFO - Sync 1 DAGs
[2022-04-07 23:48:59,414] {logging_mixin.py:109} INFO - [2022-04-07 23:48:59,414] {dag.py:2935} INFO - Setting next_dagrun for tutorial to 2022-04-06T23:48:59.414529+00:00
[2022-04-07 23:48:59,426] {processor.py:171} INFO - Processing /home/airflow/.local/lib/python3.7/site-packages/airflow/example_dags/tutorial.py took 0.100 seconds
[2022-04-07 23:49:29,659] {processor.py:163} INFO - Started process (PID=846) to work on /home/airflow/.local/lib/python3.7/site-packages/airflow/example_dags/tutorial.py
[2022-04-07 23:49:29,661] {processor.py:642} INFO - Processing file /home/airflow/.local/lib/python3.7/site-packages/airflow/example_dags/tutorial.py for tasks to queue
[2022-04-07 23:49:29,662] {logging_mixin.py:109} INFO - [2022-04-07 23:49:29,662] {dagbag.py:500} INFO - Filling up the DagBag from /home/airflow/.local/lib/python3.7/site-packages/airflow/example_dags/tutorial.py
[2022-04-07 23:49:29,695] {processor.py:654} INFO - DAG(s) dict_keys(['tutorial']) retrieved from /home/airflow/.local/lib/python3.7/site-packages/airflow/example_dags/tutorial.py
[2022-04-07 23:49:29,707] {logging_mixin.py:109} INFO - [2022-04-07 23:49:29,707] {dag.py:2396} INFO - Sync 1 DAGs
[2022-04-07 23:49:29,729] {logging_mixin.py:109} INFO - [2022-04-07 23:49:29,729] {dag.py:2935} INFO - Setting next_dagrun for tutorial to 2022-04-06T23:49:29.728805+00:00
[2022-04-07 23:49:29,738] {processor.py:171} INFO - Processing /home/airflow/.local/lib/python3.7/site-packages/airflow/example_dags/tutorial.py took 0.083 seconds
[2022-04-07 23:49:59,767] {processor.py:163} INFO - Started process (PID=898) to work on /home/airflow/.local/lib/python3.7/site-packages/airflow/example_dags/tutorial.py
[2022-04-07 23:49:59,768] {processor.py:642} INFO - Processing file /home/airflow/.local/lib/python3.7/site-packages/airflow/example_dags/tutorial.py for tasks to queue
[2022-04-07 23:49:59,769] {logging_mixin.py:109} INFO - [2022-04-07 23:49:59,769] {dagbag.py:500} INFO - Filling up the DagBag from /home/airflow/.local/lib/python3.7/site-packages/airflow/example_dags/tutorial.py
[2022-04-07 23:49:59,805] {processor.py:654} INFO - DAG(s) dict_keys(['tutorial']) retrieved from /home/airflow/.local/lib/python3.7/site-packages/airflow/example_dags/tutorial.py
[2022-04-07 23:49:59,818] {logging_mixin.py:109} INFO - [2022-04-07 23:49:59,818] {dag.py:2396} INFO - Sync 1 DAGs
[2022-04-07 23:49:59,840] {logging_mixin.py:109} INFO - [2022-04-07 23:49:59,840] {dag.py:2935} INFO - Setting next_dagrun for tutorial to 2022-04-06T23:49:59.840177+00:00
[2022-04-07 23:49:59,851] {processor.py:171} INFO - Processing /home/airflow/.local/lib/python3.7/site-packages/airflow/example_dags/tutorial.py took 0.089 seconds
[2022-04-07 23:50:30,476] {processor.py:163} INFO - Started process (PID=959) to work on /home/airflow/.local/lib/python3.7/site-packages/airflow/example_dags/tutorial.py
[2022-04-07 23:50:30,479] {processor.py:642} INFO - Processing file /home/airflow/.local/lib/python3.7/site-packages/airflow/example_dags/tutorial.py for tasks to queue
[2022-04-07 23:50:30,480] {logging_mixin.py:109} INFO - [2022-04-07 23:50:30,479] {dagbag.py:500} INFO - Filling up the DagBag from /home/airflow/.local/lib/python3.7/site-packages/airflow/example_dags/tutorial.py
[2022-04-07 23:50:30,524] {processor.py:654} INFO - DAG(s) dict_keys(['tutorial']) retrieved from /home/airflow/.local/lib/python3.7/site-packages/airflow/example_dags/tutorial.py
[2022-04-07 23:50:30,537] {logging_mixin.py:109} INFO - [2022-04-07 23:50:30,537] {dag.py:2396} INFO - Sync 1 DAGs
[2022-04-07 23:50:30,559] {logging_mixin.py:109} INFO - [2022-04-07 23:50:30,559] {dag.py:2935} INFO - Setting next_dagrun for tutorial to 2022-04-06T23:50:30.558896+00:00
[2022-04-07 23:50:30,568] {processor.py:171} INFO - Processing /home/airflow/.local/lib/python3.7/site-packages/airflow/example_dags/tutorial.py took 0.097 seconds
[2022-04-07 23:51:00,975] {processor.py:163} INFO - Started process (PID=1010) to work on /home/airflow/.local/lib/python3.7/site-packages/airflow/example_dags/tutorial.py
[2022-04-07 23:51:00,977] {processor.py:642} INFO - Processing file /home/airflow/.local/lib/python3.7/site-packages/airflow/example_dags/tutorial.py for tasks to queue
[2022-04-07 23:51:00,978] {logging_mixin.py:109} INFO - [2022-04-07 23:51:00,978] {dagbag.py:500} INFO - Filling up the DagBag from /home/airflow/.local/lib/python3.7/site-packages/airflow/example_dags/tutorial.py
[2022-04-07 23:51:01,025] {processor.py:654} INFO - DAG(s) dict_keys(['tutorial']) retrieved from /home/airflow/.local/lib/python3.7/site-packages/airflow/example_dags/tutorial.py
[2022-04-07 23:51:01,039] {logging_mixin.py:109} INFO - [2022-04-07 23:51:01,039] {dag.py:2396} INFO - Sync 1 DAGs
[2022-04-07 23:51:01,062] {logging_mixin.py:109} INFO - [2022-04-07 23:51:01,062] {dag.py:2935} INFO - Setting next_dagrun for tutorial to 2022-04-06T23:51:01.062011+00:00
[2022-04-07 23:51:01,074] {processor.py:171} INFO - Processing /home/airflow/.local/lib/python3.7/site-packages/airflow/example_dags/tutorial.py took 0.105 seconds
[2022-04-07 23:51:31,432] {processor.py:163} INFO - Started process (PID=1072) to work on /home/airflow/.local/lib/python3.7/site-packages/airflow/example_dags/tutorial.py
[2022-04-07 23:51:31,434] {processor.py:642} INFO - Processing file /home/airflow/.local/lib/python3.7/site-packages/airflow/example_dags/tutorial.py for tasks to queue
[2022-04-07 23:51:31,435] {logging_mixin.py:109} INFO - [2022-04-07 23:51:31,435] {dagbag.py:500} INFO - Filling up the DagBag from /home/airflow/.local/lib/python3.7/site-packages/airflow/example_dags/tutorial.py
[2022-04-07 23:51:31,481] {processor.py:654} INFO - DAG(s) dict_keys(['tutorial']) retrieved from /home/airflow/.local/lib/python3.7/site-packages/airflow/example_dags/tutorial.py
[2022-04-07 23:51:31,494] {logging_mixin.py:109} INFO - [2022-04-07 23:51:31,494] {dag.py:2396} INFO - Sync 1 DAGs
[2022-04-07 23:51:31,516] {logging_mixin.py:109} INFO - [2022-04-07 23:51:31,516] {dag.py:2935} INFO - Setting next_dagrun for tutorial to 2022-04-06T23:51:31.515678+00:00
[2022-04-07 23:51:31,524] {processor.py:171} INFO - Processing /home/airflow/.local/lib/python3.7/site-packages/airflow/example_dags/tutorial.py took 0.098 seconds
[2022-04-07 23:52:01,773] {processor.py:163} INFO - Started process (PID=1125) to work on /home/airflow/.local/lib/python3.7/site-packages/airflow/example_dags/tutorial.py
[2022-04-07 23:52:01,774] {processor.py:642} INFO - Processing file /home/airflow/.local/lib/python3.7/site-packages/airflow/example_dags/tutorial.py for tasks to queue
[2022-04-07 23:52:01,775] {logging_mixin.py:109} INFO - [2022-04-07 23:52:01,775] {dagbag.py:500} INFO - Filling up the DagBag from /home/airflow/.local/lib/python3.7/site-packages/airflow/example_dags/tutorial.py
[2022-04-07 23:52:01,807] {processor.py:654} INFO - DAG(s) dict_keys(['tutorial']) retrieved from /home/airflow/.local/lib/python3.7/site-packages/airflow/example_dags/tutorial.py
[2022-04-07 23:52:01,817] {logging_mixin.py:109} INFO - [2022-04-07 23:52:01,817] {dag.py:2396} INFO - Sync 1 DAGs
[2022-04-07 23:52:01,833] {logging_mixin.py:109} INFO - [2022-04-07 23:52:01,833] {dag.py:2935} INFO - Setting next_dagrun for tutorial to 2022-04-06T23:52:01.833562+00:00
[2022-04-07 23:52:01,843] {processor.py:171} INFO - Processing /home/airflow/.local/lib/python3.7/site-packages/airflow/example_dags/tutorial.py took 0.075 seconds
[2022-04-07 23:52:32,076] {processor.py:163} INFO - Started process (PID=1185) to work on /home/airflow/.local/lib/python3.7/site-packages/airflow/example_dags/tutorial.py
[2022-04-07 23:52:32,078] {processor.py:642} INFO - Processing file /home/airflow/.local/lib/python3.7/site-packages/airflow/example_dags/tutorial.py for tasks to queue
[2022-04-07 23:52:32,079] {logging_mixin.py:109} INFO - [2022-04-07 23:52:32,079] {dagbag.py:500} INFO - Filling up the DagBag from /home/airflow/.local/lib/python3.7/site-packages/airflow/example_dags/tutorial.py
[2022-04-07 23:52:32,125] {processor.py:654} INFO - DAG(s) dict_keys(['tutorial']) retrieved from /home/airflow/.local/lib/python3.7/site-packages/airflow/example_dags/tutorial.py
[2022-04-07 23:52:32,139] {logging_mixin.py:109} INFO - [2022-04-07 23:52:32,138] {dag.py:2396} INFO - Sync 1 DAGs
[2022-04-07 23:52:32,161] {logging_mixin.py:109} INFO - [2022-04-07 23:52:32,161] {dag.py:2935} INFO - Setting next_dagrun for tutorial to 2022-04-06T23:52:32.161287+00:00
[2022-04-07 23:52:32,174] {processor.py:171} INFO - Processing /home/airflow/.local/lib/python3.7/site-packages/airflow/example_dags/tutorial.py took 0.104 seconds
[2022-04-07 23:53:02,403] {processor.py:163} INFO - Started process (PID=1236) to work on /home/airflow/.local/lib/python3.7/site-packages/airflow/example_dags/tutorial.py
[2022-04-07 23:53:02,405] {processor.py:642} INFO - Processing file /home/airflow/.local/lib/python3.7/site-packages/airflow/example_dags/tutorial.py for tasks to queue
[2022-04-07 23:53:02,405] {logging_mixin.py:109} INFO - [2022-04-07 23:53:02,405] {dagbag.py:500} INFO - Filling up the DagBag from /home/airflow/.local/lib/python3.7/site-packages/airflow/example_dags/tutorial.py
[2022-04-07 23:53:02,443] {processor.py:654} INFO - DAG(s) dict_keys(['tutorial']) retrieved from /home/airflow/.local/lib/python3.7/site-packages/airflow/example_dags/tutorial.py
[2022-04-07 23:53:02,456] {logging_mixin.py:109} INFO - [2022-04-07 23:53:02,456] {dag.py:2396} INFO - Sync 1 DAGs
[2022-04-07 23:53:02,474] {logging_mixin.py:109} INFO - [2022-04-07 23:53:02,474] {dag.py:2935} INFO - Setting next_dagrun for tutorial to 2022-04-06T23:53:02.474450+00:00
[2022-04-07 23:53:02,483] {processor.py:171} INFO - Processing /home/airflow/.local/lib/python3.7/site-packages/airflow/example_dags/tutorial.py took 0.084 seconds
[2022-04-07 23:53:32,705] {processor.py:163} INFO - Started process (PID=1295) to work on /home/airflow/.local/lib/python3.7/site-packages/airflow/example_dags/tutorial.py
[2022-04-07 23:53:32,707] {processor.py:642} INFO - Processing file /home/airflow/.local/lib/python3.7/site-packages/airflow/example_dags/tutorial.py for tasks to queue
[2022-04-07 23:53:32,709] {logging_mixin.py:109} INFO - [2022-04-07 23:53:32,708] {dagbag.py:500} INFO - Filling up the DagBag from /home/airflow/.local/lib/python3.7/site-packages/airflow/example_dags/tutorial.py
[2022-04-07 23:53:32,753] {processor.py:654} INFO - DAG(s) dict_keys(['tutorial']) retrieved from /home/airflow/.local/lib/python3.7/site-packages/airflow/example_dags/tutorial.py
[2022-04-07 23:53:32,766] {logging_mixin.py:109} INFO - [2022-04-07 23:53:32,766] {dag.py:2396} INFO - Sync 1 DAGs
[2022-04-07 23:53:32,789] {logging_mixin.py:109} INFO - [2022-04-07 23:53:32,788] {dag.py:2935} INFO - Setting next_dagrun for tutorial to 2022-04-06T23:53:32.788470+00:00
[2022-04-07 23:53:32,800] {processor.py:171} INFO - Processing /home/airflow/.local/lib/python3.7/site-packages/airflow/example_dags/tutorial.py took 0.101 seconds
[2022-04-07 23:54:03,101] {processor.py:163} INFO - Started process (PID=1347) to work on /home/airflow/.local/lib/python3.7/site-packages/airflow/example_dags/tutorial.py
[2022-04-07 23:54:03,104] {processor.py:642} INFO - Processing file /home/airflow/.local/lib/python3.7/site-packages/airflow/example_dags/tutorial.py for tasks to queue
[2022-04-07 23:54:03,105] {logging_mixin.py:109} INFO - [2022-04-07 23:54:03,104] {dagbag.py:500} INFO - Filling up the DagBag from /home/airflow/.local/lib/python3.7/site-packages/airflow/example_dags/tutorial.py
[2022-04-07 23:54:03,144] {processor.py:654} INFO - DAG(s) dict_keys(['tutorial']) retrieved from /home/airflow/.local/lib/python3.7/site-packages/airflow/example_dags/tutorial.py
[2022-04-07 23:54:03,153] {logging_mixin.py:109} INFO - [2022-04-07 23:54:03,153] {dag.py:2396} INFO - Sync 1 DAGs
[2022-04-07 23:54:03,169] {logging_mixin.py:109} INFO - [2022-04-07 23:54:03,169] {dag.py:2935} INFO - Setting next_dagrun for tutorial to 2022-04-06T23:54:03.168957+00:00
[2022-04-07 23:54:03,177] {processor.py:171} INFO - Processing /home/airflow/.local/lib/python3.7/site-packages/airflow/example_dags/tutorial.py took 0.082 seconds
[2022-04-07 23:54:34,047] {processor.py:163} INFO - Started process (PID=1409) to work on /home/airflow/.local/lib/python3.7/site-packages/airflow/example_dags/tutorial.py
[2022-04-07 23:54:34,049] {processor.py:642} INFO - Processing file /home/airflow/.local/lib/python3.7/site-packages/airflow/example_dags/tutorial.py for tasks to queue
[2022-04-07 23:54:34,050] {logging_mixin.py:109} INFO - [2022-04-07 23:54:34,050] {dagbag.py:500} INFO - Filling up the DagBag from /home/airflow/.local/lib/python3.7/site-packages/airflow/example_dags/tutorial.py
[2022-04-07 23:54:34,121] {processor.py:654} INFO - DAG(s) dict_keys(['tutorial']) retrieved from /home/airflow/.local/lib/python3.7/site-packages/airflow/example_dags/tutorial.py
[2022-04-07 23:54:34,131] {logging_mixin.py:109} INFO - [2022-04-07 23:54:34,131] {dag.py:2396} INFO - Sync 1 DAGs
[2022-04-07 23:54:34,148] {logging_mixin.py:109} INFO - [2022-04-07 23:54:34,148] {dag.py:2935} INFO - Setting next_dagrun for tutorial to 2022-04-06T23:54:34.147793+00:00
[2022-04-07 23:54:34,159] {processor.py:171} INFO - Processing /home/airflow/.local/lib/python3.7/site-packages/airflow/example_dags/tutorial.py took 0.118 seconds
[2022-04-07 23:55:04,613] {processor.py:163} INFO - Started process (PID=1461) to work on /home/airflow/.local/lib/python3.7/site-packages/airflow/example_dags/tutorial.py
[2022-04-07 23:55:04,615] {processor.py:642} INFO - Processing file /home/airflow/.local/lib/python3.7/site-packages/airflow/example_dags/tutorial.py for tasks to queue
[2022-04-07 23:55:04,616] {logging_mixin.py:109} INFO - [2022-04-07 23:55:04,616] {dagbag.py:500} INFO - Filling up the DagBag from /home/airflow/.local/lib/python3.7/site-packages/airflow/example_dags/tutorial.py
[2022-04-07 23:55:04,661] {processor.py:654} INFO - DAG(s) dict_keys(['tutorial']) retrieved from /home/airflow/.local/lib/python3.7/site-packages/airflow/example_dags/tutorial.py
[2022-04-07 23:55:04,672] {logging_mixin.py:109} INFO - [2022-04-07 23:55:04,671] {dag.py:2396} INFO - Sync 1 DAGs
[2022-04-07 23:55:04,689] {logging_mixin.py:109} INFO - [2022-04-07 23:55:04,689] {dag.py:2935} INFO - Setting next_dagrun for tutorial to 2022-04-06T23:55:04.688653+00:00
[2022-04-07 23:55:04,702] {processor.py:171} INFO - Processing /home/airflow/.local/lib/python3.7/site-packages/airflow/example_dags/tutorial.py took 0.096 seconds
[2022-04-07 23:55:34,977] {processor.py:163} INFO - Started process (PID=1522) to work on /home/airflow/.local/lib/python3.7/site-packages/airflow/example_dags/tutorial.py
[2022-04-07 23:55:34,978] {processor.py:642} INFO - Processing file /home/airflow/.local/lib/python3.7/site-packages/airflow/example_dags/tutorial.py for tasks to queue
[2022-04-07 23:55:34,979] {logging_mixin.py:109} INFO - [2022-04-07 23:55:34,979] {dagbag.py:500} INFO - Filling up the DagBag from /home/airflow/.local/lib/python3.7/site-packages/airflow/example_dags/tutorial.py
[2022-04-07 23:55:35,024] {processor.py:654} INFO - DAG(s) dict_keys(['tutorial']) retrieved from /home/airflow/.local/lib/python3.7/site-packages/airflow/example_dags/tutorial.py
[2022-04-07 23:55:35,038] {logging_mixin.py:109} INFO - [2022-04-07 23:55:35,038] {dag.py:2396} INFO - Sync 1 DAGs
[2022-04-07 23:55:35,061] {logging_mixin.py:109} INFO - [2022-04-07 23:55:35,061] {dag.py:2935} INFO - Setting next_dagrun for tutorial to 2022-04-06T23:55:35.061032+00:00
[2022-04-07 23:55:35,073] {processor.py:171} INFO - Processing /home/airflow/.local/lib/python3.7/site-packages/airflow/example_dags/tutorial.py took 0.102 seconds
[2022-04-07 23:56:05,531] {processor.py:163} INFO - Started process (PID=1574) to work on /home/airflow/.local/lib/python3.7/site-packages/airflow/example_dags/tutorial.py
[2022-04-07 23:56:05,532] {processor.py:642} INFO - Processing file /home/airflow/.local/lib/python3.7/site-packages/airflow/example_dags/tutorial.py for tasks to queue
[2022-04-07 23:56:05,533] {logging_mixin.py:109} INFO - [2022-04-07 23:56:05,533] {dagbag.py:500} INFO - Filling up the DagBag from /home/airflow/.local/lib/python3.7/site-packages/airflow/example_dags/tutorial.py
[2022-04-07 23:56:05,565] {processor.py:654} INFO - DAG(s) dict_keys(['tutorial']) retrieved from /home/airflow/.local/lib/python3.7/site-packages/airflow/example_dags/tutorial.py
[2022-04-07 23:56:05,575] {logging_mixin.py:109} INFO - [2022-04-07 23:56:05,574] {dag.py:2396} INFO - Sync 1 DAGs
[2022-04-07 23:56:05,589] {logging_mixin.py:109} INFO - [2022-04-07 23:56:05,589] {dag.py:2935} INFO - Setting next_dagrun for tutorial to 2022-04-06T23:56:05.589367+00:00
[2022-04-07 23:56:05,598] {processor.py:171} INFO - Processing /home/airflow/.local/lib/python3.7/site-packages/airflow/example_dags/tutorial.py took 0.071 seconds
[2022-04-07 23:56:36,347] {processor.py:163} INFO - Started process (PID=1636) to work on /home/airflow/.local/lib/python3.7/site-packages/airflow/example_dags/tutorial.py
[2022-04-07 23:56:36,349] {processor.py:642} INFO - Processing file /home/airflow/.local/lib/python3.7/site-packages/airflow/example_dags/tutorial.py for tasks to queue
[2022-04-07 23:56:36,350] {logging_mixin.py:109} INFO - [2022-04-07 23:56:36,350] {dagbag.py:500} INFO - Filling up the DagBag from /home/airflow/.local/lib/python3.7/site-packages/airflow/example_dags/tutorial.py
[2022-04-07 23:56:36,394] {processor.py:654} INFO - DAG(s) dict_keys(['tutorial']) retrieved from /home/airflow/.local/lib/python3.7/site-packages/airflow/example_dags/tutorial.py
[2022-04-07 23:56:36,407] {logging_mixin.py:109} INFO - [2022-04-07 23:56:36,407] {dag.py:2396} INFO - Sync 1 DAGs
[2022-04-07 23:56:36,425] {logging_mixin.py:109} INFO - [2022-04-07 23:56:36,425] {dag.py:2935} INFO - Setting next_dagrun for tutorial to 2022-04-06T23:56:36.425051+00:00
[2022-04-07 23:56:36,434] {processor.py:171} INFO - Processing /home/airflow/.local/lib/python3.7/site-packages/airflow/example_dags/tutorial.py took 0.093 seconds
[2022-04-07 23:57:07,322] {processor.py:163} INFO - Started process (PID=1689) to work on /home/airflow/.local/lib/python3.7/site-packages/airflow/example_dags/tutorial.py
[2022-04-07 23:57:07,323] {processor.py:642} INFO - Processing file /home/airflow/.local/lib/python3.7/site-packages/airflow/example_dags/tutorial.py for tasks to queue
[2022-04-07 23:57:07,324] {logging_mixin.py:109} INFO - [2022-04-07 23:57:07,324] {dagbag.py:500} INFO - Filling up the DagBag from /home/airflow/.local/lib/python3.7/site-packages/airflow/example_dags/tutorial.py
[2022-04-07 23:57:07,356] {processor.py:654} INFO - DAG(s) dict_keys(['tutorial']) retrieved from /home/airflow/.local/lib/python3.7/site-packages/airflow/example_dags/tutorial.py
[2022-04-07 23:57:07,366] {logging_mixin.py:109} INFO - [2022-04-07 23:57:07,365] {dag.py:2396} INFO - Sync 1 DAGs
[2022-04-07 23:57:07,381] {logging_mixin.py:109} INFO - [2022-04-07 23:57:07,381] {dag.py:2935} INFO - Setting next_dagrun for tutorial to 2022-04-06T23:57:07.380776+00:00
[2022-04-07 23:57:07,390] {processor.py:171} INFO - Processing /home/airflow/.local/lib/python3.7/site-packages/airflow/example_dags/tutorial.py took 0.073 seconds
[2022-04-07 23:57:37,768] {processor.py:163} INFO - Started process (PID=1751) to work on /home/airflow/.local/lib/python3.7/site-packages/airflow/example_dags/tutorial.py
[2022-04-07 23:57:37,769] {processor.py:642} INFO - Processing file /home/airflow/.local/lib/python3.7/site-packages/airflow/example_dags/tutorial.py for tasks to queue
[2022-04-07 23:57:37,770] {logging_mixin.py:109} INFO - [2022-04-07 23:57:37,770] {dagbag.py:500} INFO - Filling up the DagBag from /home/airflow/.local/lib/python3.7/site-packages/airflow/example_dags/tutorial.py
[2022-04-07 23:57:37,818] {processor.py:654} INFO - DAG(s) dict_keys(['tutorial']) retrieved from /home/airflow/.local/lib/python3.7/site-packages/airflow/example_dags/tutorial.py
[2022-04-07 23:57:37,831] {logging_mixin.py:109} INFO - [2022-04-07 23:57:37,831] {dag.py:2396} INFO - Sync 1 DAGs
[2022-04-07 23:57:37,854] {logging_mixin.py:109} INFO - [2022-04-07 23:57:37,854] {dag.py:2935} INFO - Setting next_dagrun for tutorial to 2022-04-06T23:57:37.854431+00:00
[2022-04-07 23:57:37,866] {processor.py:171} INFO - Processing /home/airflow/.local/lib/python3.7/site-packages/airflow/example_dags/tutorial.py took 0.104 seconds
[2022-04-07 23:58:08,563] {processor.py:163} INFO - Started process (PID=1803) to work on /home/airflow/.local/lib/python3.7/site-packages/airflow/example_dags/tutorial.py
[2022-04-07 23:58:08,565] {processor.py:642} INFO - Processing file /home/airflow/.local/lib/python3.7/site-packages/airflow/example_dags/tutorial.py for tasks to queue
[2022-04-07 23:58:08,566] {logging_mixin.py:109} INFO - [2022-04-07 23:58:08,565] {dagbag.py:500} INFO - Filling up the DagBag from /home/airflow/.local/lib/python3.7/site-packages/airflow/example_dags/tutorial.py
[2022-04-07 23:58:08,602] {processor.py:654} INFO - DAG(s) dict_keys(['tutorial']) retrieved from /home/airflow/.local/lib/python3.7/site-packages/airflow/example_dags/tutorial.py
[2022-04-07 23:58:08,616] {logging_mixin.py:109} INFO - [2022-04-07 23:58:08,615] {dag.py:2396} INFO - Sync 1 DAGs
[2022-04-07 23:58:08,637] {logging_mixin.py:109} INFO - [2022-04-07 23:58:08,637] {dag.py:2935} INFO - Setting next_dagrun for tutorial to 2022-04-06T23:58:08.636837+00:00
[2022-04-07 23:58:08,648] {processor.py:171} INFO - Processing /home/airflow/.local/lib/python3.7/site-packages/airflow/example_dags/tutorial.py took 0.089 seconds
[2022-04-07 23:58:39,444] {processor.py:163} INFO - Started process (PID=1867) to work on /home/airflow/.local/lib/python3.7/site-packages/airflow/example_dags/tutorial.py
[2022-04-07 23:58:39,446] {processor.py:642} INFO - Processing file /home/airflow/.local/lib/python3.7/site-packages/airflow/example_dags/tutorial.py for tasks to queue
[2022-04-07 23:58:39,447] {logging_mixin.py:109} INFO - [2022-04-07 23:58:39,447] {dagbag.py:500} INFO - Filling up the DagBag from /home/airflow/.local/lib/python3.7/site-packages/airflow/example_dags/tutorial.py
[2022-04-07 23:58:39,490] {processor.py:654} INFO - DAG(s) dict_keys(['tutorial']) retrieved from /home/airflow/.local/lib/python3.7/site-packages/airflow/example_dags/tutorial.py
[2022-04-07 23:58:39,503] {logging_mixin.py:109} INFO - [2022-04-07 23:58:39,503] {dag.py:2396} INFO - Sync 1 DAGs
[2022-04-07 23:58:39,525] {logging_mixin.py:109} INFO - [2022-04-07 23:58:39,525] {dag.py:2935} INFO - Setting next_dagrun for tutorial to 2022-04-06T23:58:39.525131+00:00
[2022-04-07 23:58:39,537] {processor.py:171} INFO - Processing /home/airflow/.local/lib/python3.7/site-packages/airflow/example_dags/tutorial.py took 0.099 seconds
[2022-04-07 23:59:09,925] {processor.py:163} INFO - Started process (PID=1920) to work on /home/airflow/.local/lib/python3.7/site-packages/airflow/example_dags/tutorial.py
[2022-04-07 23:59:09,927] {processor.py:642} INFO - Processing file /home/airflow/.local/lib/python3.7/site-packages/airflow/example_dags/tutorial.py for tasks to queue
[2022-04-07 23:59:09,928] {logging_mixin.py:109} INFO - [2022-04-07 23:59:09,928] {dagbag.py:500} INFO - Filling up the DagBag from /home/airflow/.local/lib/python3.7/site-packages/airflow/example_dags/tutorial.py
[2022-04-07 23:59:09,982] {processor.py:654} INFO - DAG(s) dict_keys(['tutorial']) retrieved from /home/airflow/.local/lib/python3.7/site-packages/airflow/example_dags/tutorial.py
[2022-04-07 23:59:09,995] {logging_mixin.py:109} INFO - [2022-04-07 23:59:09,994] {dag.py:2396} INFO - Sync 1 DAGs
[2022-04-07 23:59:10,011] {logging_mixin.py:109} INFO - [2022-04-07 23:59:10,011] {dag.py:2935} INFO - Setting next_dagrun for tutorial to 2022-04-06T23:59:10.010814+00:00
[2022-04-07 23:59:10,022] {processor.py:171} INFO - Processing /home/airflow/.local/lib/python3.7/site-packages/airflow/example_dags/tutorial.py took 0.104 seconds
[2022-04-07 23:59:40,116] {processor.py:163} INFO - Started process (PID=1981) to work on /home/airflow/.local/lib/python3.7/site-packages/airflow/example_dags/tutorial.py
[2022-04-07 23:59:40,118] {processor.py:642} INFO - Processing file /home/airflow/.local/lib/python3.7/site-packages/airflow/example_dags/tutorial.py for tasks to queue
[2022-04-07 23:59:40,119] {logging_mixin.py:109} INFO - [2022-04-07 23:59:40,119] {dagbag.py:500} INFO - Filling up the DagBag from /home/airflow/.local/lib/python3.7/site-packages/airflow/example_dags/tutorial.py
[2022-04-07 23:59:40,164] {processor.py:654} INFO - DAG(s) dict_keys(['tutorial']) retrieved from /home/airflow/.local/lib/python3.7/site-packages/airflow/example_dags/tutorial.py
[2022-04-07 23:59:40,179] {logging_mixin.py:109} INFO - [2022-04-07 23:59:40,179] {dag.py:2396} INFO - Sync 1 DAGs
[2022-04-07 23:59:40,206] {logging_mixin.py:109} INFO - [2022-04-07 23:59:40,206] {dag.py:2935} INFO - Setting next_dagrun for tutorial to 2022-04-06T23:59:40.205842+00:00
[2022-04-07 23:59:40,219] {processor.py:171} INFO - Processing /home/airflow/.local/lib/python3.7/site-packages/airflow/example_dags/tutorial.py took 0.109 seconds
