[2022-04-07 23:43:25,827] {processor.py:163} INFO - Started process (PID=76) to work on /home/airflow/.local/lib/python3.7/site-packages/airflow/example_dags/tutorial_taskflow_api_etl.py
[2022-04-07 23:43:25,829] {processor.py:642} INFO - Processing file /home/airflow/.local/lib/python3.7/site-packages/airflow/example_dags/tutorial_taskflow_api_etl.py for tasks to queue
[2022-04-07 23:43:25,830] {logging_mixin.py:109} INFO - [2022-04-07 23:43:25,830] {dagbag.py:500} INFO - Filling up the DagBag from /home/airflow/.local/lib/python3.7/site-packages/airflow/example_dags/tutorial_taskflow_api_etl.py
[2022-04-07 23:43:25,910] {processor.py:654} INFO - DAG(s) dict_keys(['tutorial_taskflow_api_etl']) retrieved from /home/airflow/.local/lib/python3.7/site-packages/airflow/example_dags/tutorial_taskflow_api_etl.py
[2022-04-07 23:43:31,578] {logging_mixin.py:109} INFO - [2022-04-07 23:43:31,577] {manager.py:496} INFO - Created Permission View: can read on DAG:tutorial_taskflow_api_etl
[2022-04-07 23:43:31,588] {logging_mixin.py:109} INFO - [2022-04-07 23:43:31,588] {manager.py:496} INFO - Created Permission View: can edit on DAG:tutorial_taskflow_api_etl
[2022-04-07 23:43:31,589] {logging_mixin.py:109} INFO - [2022-04-07 23:43:31,588] {dag.py:2396} INFO - Sync 1 DAGs
[2022-04-07 23:43:31,598] {logging_mixin.py:109} INFO - [2022-04-07 23:43:31,597] {dag.py:2415} INFO - Creating ORM DAG for tutorial_taskflow_api_etl
[2022-04-07 23:43:31,608] {logging_mixin.py:109} INFO - [2022-04-07 23:43:31,608] {dag.py:2935} INFO - Setting next_dagrun for tutorial_taskflow_api_etl to None
[2022-04-07 23:43:31,621] {processor.py:171} INFO - Processing /home/airflow/.local/lib/python3.7/site-packages/airflow/example_dags/tutorial_taskflow_api_etl.py took 5.811 seconds
[2022-04-07 23:44:02,619] {processor.py:163} INFO - Started process (PID=232) to work on /home/airflow/.local/lib/python3.7/site-packages/airflow/example_dags/tutorial_taskflow_api_etl.py
[2022-04-07 23:44:02,621] {processor.py:642} INFO - Processing file /home/airflow/.local/lib/python3.7/site-packages/airflow/example_dags/tutorial_taskflow_api_etl.py for tasks to queue
[2022-04-07 23:44:02,621] {logging_mixin.py:109} INFO - [2022-04-07 23:44:02,621] {dagbag.py:500} INFO - Filling up the DagBag from /home/airflow/.local/lib/python3.7/site-packages/airflow/example_dags/tutorial_taskflow_api_etl.py
[2022-04-07 23:44:02,656] {processor.py:654} INFO - DAG(s) dict_keys(['tutorial_taskflow_api_etl']) retrieved from /home/airflow/.local/lib/python3.7/site-packages/airflow/example_dags/tutorial_taskflow_api_etl.py
[2022-04-07 23:44:02,950] {logging_mixin.py:109} INFO - [2022-04-07 23:44:02,950] {dag.py:2396} INFO - Sync 1 DAGs
[2022-04-07 23:44:02,963] {logging_mixin.py:109} INFO - [2022-04-07 23:44:02,963] {dag.py:2935} INFO - Setting next_dagrun for tutorial_taskflow_api_etl to None
[2022-04-07 23:44:02,972] {processor.py:171} INFO - Processing /home/airflow/.local/lib/python3.7/site-packages/airflow/example_dags/tutorial_taskflow_api_etl.py took 0.357 seconds
[2022-04-07 23:44:33,114] {processor.py:163} INFO - Started process (PID=284) to work on /home/airflow/.local/lib/python3.7/site-packages/airflow/example_dags/tutorial_taskflow_api_etl.py
[2022-04-07 23:44:33,115] {processor.py:642} INFO - Processing file /home/airflow/.local/lib/python3.7/site-packages/airflow/example_dags/tutorial_taskflow_api_etl.py for tasks to queue
[2022-04-07 23:44:33,116] {logging_mixin.py:109} INFO - [2022-04-07 23:44:33,116] {dagbag.py:500} INFO - Filling up the DagBag from /home/airflow/.local/lib/python3.7/site-packages/airflow/example_dags/tutorial_taskflow_api_etl.py
[2022-04-07 23:44:33,150] {processor.py:654} INFO - DAG(s) dict_keys(['tutorial_taskflow_api_etl']) retrieved from /home/airflow/.local/lib/python3.7/site-packages/airflow/example_dags/tutorial_taskflow_api_etl.py
[2022-04-07 23:44:33,448] {logging_mixin.py:109} INFO - [2022-04-07 23:44:33,448] {dag.py:2396} INFO - Sync 1 DAGs
[2022-04-07 23:44:33,461] {logging_mixin.py:109} INFO - [2022-04-07 23:44:33,461] {dag.py:2935} INFO - Setting next_dagrun for tutorial_taskflow_api_etl to None
[2022-04-07 23:44:33,470] {processor.py:171} INFO - Processing /home/airflow/.local/lib/python3.7/site-packages/airflow/example_dags/tutorial_taskflow_api_etl.py took 0.361 seconds
[2022-04-07 23:45:04,262] {processor.py:163} INFO - Started process (PID=344) to work on /home/airflow/.local/lib/python3.7/site-packages/airflow/example_dags/tutorial_taskflow_api_etl.py
[2022-04-07 23:45:04,264] {processor.py:642} INFO - Processing file /home/airflow/.local/lib/python3.7/site-packages/airflow/example_dags/tutorial_taskflow_api_etl.py for tasks to queue
[2022-04-07 23:45:04,265] {logging_mixin.py:109} INFO - [2022-04-07 23:45:04,265] {dagbag.py:500} INFO - Filling up the DagBag from /home/airflow/.local/lib/python3.7/site-packages/airflow/example_dags/tutorial_taskflow_api_etl.py
[2022-04-07 23:45:04,300] {processor.py:654} INFO - DAG(s) dict_keys(['tutorial_taskflow_api_etl']) retrieved from /home/airflow/.local/lib/python3.7/site-packages/airflow/example_dags/tutorial_taskflow_api_etl.py
[2022-04-07 23:45:04,607] {logging_mixin.py:109} INFO - [2022-04-07 23:45:04,607] {dag.py:2396} INFO - Sync 1 DAGs
[2022-04-07 23:45:04,620] {logging_mixin.py:109} INFO - [2022-04-07 23:45:04,620] {dag.py:2935} INFO - Setting next_dagrun for tutorial_taskflow_api_etl to None
[2022-04-07 23:45:04,630] {processor.py:171} INFO - Processing /home/airflow/.local/lib/python3.7/site-packages/airflow/example_dags/tutorial_taskflow_api_etl.py took 0.372 seconds
[2022-04-07 23:45:34,701] {processor.py:163} INFO - Started process (PID=395) to work on /home/airflow/.local/lib/python3.7/site-packages/airflow/example_dags/tutorial_taskflow_api_etl.py
[2022-04-07 23:45:34,703] {processor.py:642} INFO - Processing file /home/airflow/.local/lib/python3.7/site-packages/airflow/example_dags/tutorial_taskflow_api_etl.py for tasks to queue
[2022-04-07 23:45:34,703] {logging_mixin.py:109} INFO - [2022-04-07 23:45:34,703] {dagbag.py:500} INFO - Filling up the DagBag from /home/airflow/.local/lib/python3.7/site-packages/airflow/example_dags/tutorial_taskflow_api_etl.py
[2022-04-07 23:45:34,739] {processor.py:654} INFO - DAG(s) dict_keys(['tutorial_taskflow_api_etl']) retrieved from /home/airflow/.local/lib/python3.7/site-packages/airflow/example_dags/tutorial_taskflow_api_etl.py
[2022-04-07 23:45:35,065] {logging_mixin.py:109} INFO - [2022-04-07 23:45:35,065] {dag.py:2396} INFO - Sync 1 DAGs
[2022-04-07 23:45:35,077] {logging_mixin.py:109} INFO - [2022-04-07 23:45:35,077] {dag.py:2935} INFO - Setting next_dagrun for tutorial_taskflow_api_etl to None
[2022-04-07 23:45:35,086] {processor.py:171} INFO - Processing /home/airflow/.local/lib/python3.7/site-packages/airflow/example_dags/tutorial_taskflow_api_etl.py took 0.389 seconds
[2022-04-07 23:46:05,202] {processor.py:163} INFO - Started process (PID=458) to work on /home/airflow/.local/lib/python3.7/site-packages/airflow/example_dags/tutorial_taskflow_api_etl.py
[2022-04-07 23:46:05,204] {processor.py:642} INFO - Processing file /home/airflow/.local/lib/python3.7/site-packages/airflow/example_dags/tutorial_taskflow_api_etl.py for tasks to queue
[2022-04-07 23:46:05,205] {logging_mixin.py:109} INFO - [2022-04-07 23:46:05,205] {dagbag.py:500} INFO - Filling up the DagBag from /home/airflow/.local/lib/python3.7/site-packages/airflow/example_dags/tutorial_taskflow_api_etl.py
[2022-04-07 23:46:05,246] {processor.py:654} INFO - DAG(s) dict_keys(['tutorial_taskflow_api_etl']) retrieved from /home/airflow/.local/lib/python3.7/site-packages/airflow/example_dags/tutorial_taskflow_api_etl.py
[2022-04-07 23:46:05,539] {logging_mixin.py:109} INFO - [2022-04-07 23:46:05,539] {dag.py:2396} INFO - Sync 1 DAGs
[2022-04-07 23:46:05,552] {logging_mixin.py:109} INFO - [2022-04-07 23:46:05,552] {dag.py:2935} INFO - Setting next_dagrun for tutorial_taskflow_api_etl to None
[2022-04-07 23:46:05,565] {processor.py:171} INFO - Processing /home/airflow/.local/lib/python3.7/site-packages/airflow/example_dags/tutorial_taskflow_api_etl.py took 0.367 seconds
[2022-04-07 23:46:36,402] {processor.py:163} INFO - Started process (PID=510) to work on /home/airflow/.local/lib/python3.7/site-packages/airflow/example_dags/tutorial_taskflow_api_etl.py
[2022-04-07 23:46:36,404] {processor.py:642} INFO - Processing file /home/airflow/.local/lib/python3.7/site-packages/airflow/example_dags/tutorial_taskflow_api_etl.py for tasks to queue
[2022-04-07 23:46:36,404] {logging_mixin.py:109} INFO - [2022-04-07 23:46:36,404] {dagbag.py:500} INFO - Filling up the DagBag from /home/airflow/.local/lib/python3.7/site-packages/airflow/example_dags/tutorial_taskflow_api_etl.py
[2022-04-07 23:46:36,439] {processor.py:654} INFO - DAG(s) dict_keys(['tutorial_taskflow_api_etl']) retrieved from /home/airflow/.local/lib/python3.7/site-packages/airflow/example_dags/tutorial_taskflow_api_etl.py
[2022-04-07 23:46:36,749] {logging_mixin.py:109} INFO - [2022-04-07 23:46:36,749] {dag.py:2396} INFO - Sync 1 DAGs
[2022-04-07 23:46:36,762] {logging_mixin.py:109} INFO - [2022-04-07 23:46:36,762] {dag.py:2935} INFO - Setting next_dagrun for tutorial_taskflow_api_etl to None
[2022-04-07 23:46:36,772] {processor.py:171} INFO - Processing /home/airflow/.local/lib/python3.7/site-packages/airflow/example_dags/tutorial_taskflow_api_etl.py took 0.375 seconds
[2022-04-07 23:47:07,620] {processor.py:163} INFO - Started process (PID=573) to work on /home/airflow/.local/lib/python3.7/site-packages/airflow/example_dags/tutorial_taskflow_api_etl.py
[2022-04-07 23:47:07,622] {processor.py:642} INFO - Processing file /home/airflow/.local/lib/python3.7/site-packages/airflow/example_dags/tutorial_taskflow_api_etl.py for tasks to queue
[2022-04-07 23:47:07,623] {logging_mixin.py:109} INFO - [2022-04-07 23:47:07,623] {dagbag.py:500} INFO - Filling up the DagBag from /home/airflow/.local/lib/python3.7/site-packages/airflow/example_dags/tutorial_taskflow_api_etl.py
[2022-04-07 23:47:07,667] {processor.py:654} INFO - DAG(s) dict_keys(['tutorial_taskflow_api_etl']) retrieved from /home/airflow/.local/lib/python3.7/site-packages/airflow/example_dags/tutorial_taskflow_api_etl.py
[2022-04-07 23:47:07,982] {logging_mixin.py:109} INFO - [2022-04-07 23:47:07,982] {dag.py:2396} INFO - Sync 1 DAGs
[2022-04-07 23:47:07,994] {logging_mixin.py:109} INFO - [2022-04-07 23:47:07,994] {dag.py:2935} INFO - Setting next_dagrun for tutorial_taskflow_api_etl to None
[2022-04-07 23:47:08,004] {processor.py:171} INFO - Processing /home/airflow/.local/lib/python3.7/site-packages/airflow/example_dags/tutorial_taskflow_api_etl.py took 0.389 seconds
[2022-04-07 23:47:39,024] {processor.py:163} INFO - Started process (PID=636) to work on /home/airflow/.local/lib/python3.7/site-packages/airflow/example_dags/tutorial_taskflow_api_etl.py
[2022-04-07 23:47:39,026] {processor.py:642} INFO - Processing file /home/airflow/.local/lib/python3.7/site-packages/airflow/example_dags/tutorial_taskflow_api_etl.py for tasks to queue
[2022-04-07 23:47:39,026] {logging_mixin.py:109} INFO - [2022-04-07 23:47:39,026] {dagbag.py:500} INFO - Filling up the DagBag from /home/airflow/.local/lib/python3.7/site-packages/airflow/example_dags/tutorial_taskflow_api_etl.py
[2022-04-07 23:47:39,061] {processor.py:654} INFO - DAG(s) dict_keys(['tutorial_taskflow_api_etl']) retrieved from /home/airflow/.local/lib/python3.7/site-packages/airflow/example_dags/tutorial_taskflow_api_etl.py
[2022-04-07 23:47:39,452] {logging_mixin.py:109} INFO - [2022-04-07 23:47:39,451] {dag.py:2396} INFO - Sync 1 DAGs
[2022-04-07 23:47:39,465] {logging_mixin.py:109} INFO - [2022-04-07 23:47:39,465] {dag.py:2935} INFO - Setting next_dagrun for tutorial_taskflow_api_etl to None
[2022-04-07 23:47:39,475] {processor.py:171} INFO - Processing /home/airflow/.local/lib/python3.7/site-packages/airflow/example_dags/tutorial_taskflow_api_etl.py took 0.455 seconds
[2022-04-07 23:48:10,304] {processor.py:163} INFO - Started process (PID=687) to work on /home/airflow/.local/lib/python3.7/site-packages/airflow/example_dags/tutorial_taskflow_api_etl.py
[2022-04-07 23:48:10,305] {processor.py:642} INFO - Processing file /home/airflow/.local/lib/python3.7/site-packages/airflow/example_dags/tutorial_taskflow_api_etl.py for tasks to queue
[2022-04-07 23:48:10,306] {logging_mixin.py:109} INFO - [2022-04-07 23:48:10,306] {dagbag.py:500} INFO - Filling up the DagBag from /home/airflow/.local/lib/python3.7/site-packages/airflow/example_dags/tutorial_taskflow_api_etl.py
[2022-04-07 23:48:10,341] {processor.py:654} INFO - DAG(s) dict_keys(['tutorial_taskflow_api_etl']) retrieved from /home/airflow/.local/lib/python3.7/site-packages/airflow/example_dags/tutorial_taskflow_api_etl.py
[2022-04-07 23:48:10,652] {logging_mixin.py:109} INFO - [2022-04-07 23:48:10,652] {dag.py:2396} INFO - Sync 1 DAGs
[2022-04-07 23:48:10,665] {logging_mixin.py:109} INFO - [2022-04-07 23:48:10,665] {dag.py:2935} INFO - Setting next_dagrun for tutorial_taskflow_api_etl to None
[2022-04-07 23:48:10,676] {processor.py:171} INFO - Processing /home/airflow/.local/lib/python3.7/site-packages/airflow/example_dags/tutorial_taskflow_api_etl.py took 0.379 seconds
[2022-04-07 23:48:40,731] {processor.py:163} INFO - Started process (PID=754) to work on /home/airflow/.local/lib/python3.7/site-packages/airflow/example_dags/tutorial_taskflow_api_etl.py
[2022-04-07 23:48:40,735] {processor.py:642} INFO - Processing file /home/airflow/.local/lib/python3.7/site-packages/airflow/example_dags/tutorial_taskflow_api_etl.py for tasks to queue
[2022-04-07 23:48:40,743] {logging_mixin.py:109} INFO - [2022-04-07 23:48:40,737] {dagbag.py:500} INFO - Filling up the DagBag from /home/airflow/.local/lib/python3.7/site-packages/airflow/example_dags/tutorial_taskflow_api_etl.py
[2022-04-07 23:48:40,824] {processor.py:654} INFO - DAG(s) dict_keys(['tutorial_taskflow_api_etl']) retrieved from /home/airflow/.local/lib/python3.7/site-packages/airflow/example_dags/tutorial_taskflow_api_etl.py
[2022-04-07 23:48:41,349] {logging_mixin.py:109} INFO - [2022-04-07 23:48:41,349] {dag.py:2396} INFO - Sync 1 DAGs
[2022-04-07 23:48:41,468] {logging_mixin.py:109} INFO - [2022-04-07 23:48:41,468] {dag.py:2935} INFO - Setting next_dagrun for tutorial_taskflow_api_etl to None
[2022-04-07 23:48:41,521] {processor.py:171} INFO - Processing /home/airflow/.local/lib/python3.7/site-packages/airflow/example_dags/tutorial_taskflow_api_etl.py took 0.796 seconds
[2022-04-07 23:49:11,892] {processor.py:163} INFO - Started process (PID=806) to work on /home/airflow/.local/lib/python3.7/site-packages/airflow/example_dags/tutorial_taskflow_api_etl.py
[2022-04-07 23:49:11,894] {processor.py:642} INFO - Processing file /home/airflow/.local/lib/python3.7/site-packages/airflow/example_dags/tutorial_taskflow_api_etl.py for tasks to queue
[2022-04-07 23:49:11,894] {logging_mixin.py:109} INFO - [2022-04-07 23:49:11,894] {dagbag.py:500} INFO - Filling up the DagBag from /home/airflow/.local/lib/python3.7/site-packages/airflow/example_dags/tutorial_taskflow_api_etl.py
[2022-04-07 23:49:11,929] {processor.py:654} INFO - DAG(s) dict_keys(['tutorial_taskflow_api_etl']) retrieved from /home/airflow/.local/lib/python3.7/site-packages/airflow/example_dags/tutorial_taskflow_api_etl.py
[2022-04-07 23:49:12,225] {logging_mixin.py:109} INFO - [2022-04-07 23:49:12,224] {dag.py:2396} INFO - Sync 1 DAGs
[2022-04-07 23:49:12,237] {logging_mixin.py:109} INFO - [2022-04-07 23:49:12,237] {dag.py:2935} INFO - Setting next_dagrun for tutorial_taskflow_api_etl to None
[2022-04-07 23:49:12,246] {processor.py:171} INFO - Processing /home/airflow/.local/lib/python3.7/site-packages/airflow/example_dags/tutorial_taskflow_api_etl.py took 0.358 seconds
[2022-04-07 23:49:42,296] {processor.py:163} INFO - Started process (PID=867) to work on /home/airflow/.local/lib/python3.7/site-packages/airflow/example_dags/tutorial_taskflow_api_etl.py
[2022-04-07 23:49:42,298] {processor.py:642} INFO - Processing file /home/airflow/.local/lib/python3.7/site-packages/airflow/example_dags/tutorial_taskflow_api_etl.py for tasks to queue
[2022-04-07 23:49:42,299] {logging_mixin.py:109} INFO - [2022-04-07 23:49:42,299] {dagbag.py:500} INFO - Filling up the DagBag from /home/airflow/.local/lib/python3.7/site-packages/airflow/example_dags/tutorial_taskflow_api_etl.py
[2022-04-07 23:49:42,334] {processor.py:654} INFO - DAG(s) dict_keys(['tutorial_taskflow_api_etl']) retrieved from /home/airflow/.local/lib/python3.7/site-packages/airflow/example_dags/tutorial_taskflow_api_etl.py
[2022-04-07 23:49:42,620] {logging_mixin.py:109} INFO - [2022-04-07 23:49:42,620] {dag.py:2396} INFO - Sync 1 DAGs
[2022-04-07 23:49:42,634] {logging_mixin.py:109} INFO - [2022-04-07 23:49:42,634] {dag.py:2935} INFO - Setting next_dagrun for tutorial_taskflow_api_etl to None
[2022-04-07 23:49:42,643] {processor.py:171} INFO - Processing /home/airflow/.local/lib/python3.7/site-packages/airflow/example_dags/tutorial_taskflow_api_etl.py took 0.351 seconds
[2022-04-07 23:50:13,434] {processor.py:163} INFO - Started process (PID=918) to work on /home/airflow/.local/lib/python3.7/site-packages/airflow/example_dags/tutorial_taskflow_api_etl.py
[2022-04-07 23:50:13,436] {processor.py:642} INFO - Processing file /home/airflow/.local/lib/python3.7/site-packages/airflow/example_dags/tutorial_taskflow_api_etl.py for tasks to queue
[2022-04-07 23:50:13,437] {logging_mixin.py:109} INFO - [2022-04-07 23:50:13,437] {dagbag.py:500} INFO - Filling up the DagBag from /home/airflow/.local/lib/python3.7/site-packages/airflow/example_dags/tutorial_taskflow_api_etl.py
[2022-04-07 23:50:13,483] {processor.py:654} INFO - DAG(s) dict_keys(['tutorial_taskflow_api_etl']) retrieved from /home/airflow/.local/lib/python3.7/site-packages/airflow/example_dags/tutorial_taskflow_api_etl.py
[2022-04-07 23:50:13,796] {logging_mixin.py:109} INFO - [2022-04-07 23:50:13,796] {dag.py:2396} INFO - Sync 1 DAGs
[2022-04-07 23:50:13,808] {logging_mixin.py:109} INFO - [2022-04-07 23:50:13,808] {dag.py:2935} INFO - Setting next_dagrun for tutorial_taskflow_api_etl to None
[2022-04-07 23:50:13,817] {processor.py:171} INFO - Processing /home/airflow/.local/lib/python3.7/site-packages/airflow/example_dags/tutorial_taskflow_api_etl.py took 0.389 seconds
[2022-04-07 23:50:43,939] {processor.py:163} INFO - Started process (PID=979) to work on /home/airflow/.local/lib/python3.7/site-packages/airflow/example_dags/tutorial_taskflow_api_etl.py
[2022-04-07 23:50:43,941] {processor.py:642} INFO - Processing file /home/airflow/.local/lib/python3.7/site-packages/airflow/example_dags/tutorial_taskflow_api_etl.py for tasks to queue
[2022-04-07 23:50:43,942] {logging_mixin.py:109} INFO - [2022-04-07 23:50:43,941] {dagbag.py:500} INFO - Filling up the DagBag from /home/airflow/.local/lib/python3.7/site-packages/airflow/example_dags/tutorial_taskflow_api_etl.py
[2022-04-07 23:50:43,976] {processor.py:654} INFO - DAG(s) dict_keys(['tutorial_taskflow_api_etl']) retrieved from /home/airflow/.local/lib/python3.7/site-packages/airflow/example_dags/tutorial_taskflow_api_etl.py
[2022-04-07 23:50:44,278] {logging_mixin.py:109} INFO - [2022-04-07 23:50:44,278] {dag.py:2396} INFO - Sync 1 DAGs
[2022-04-07 23:50:44,291] {logging_mixin.py:109} INFO - [2022-04-07 23:50:44,291] {dag.py:2935} INFO - Setting next_dagrun for tutorial_taskflow_api_etl to None
[2022-04-07 23:50:44,300] {processor.py:171} INFO - Processing /home/airflow/.local/lib/python3.7/site-packages/airflow/example_dags/tutorial_taskflow_api_etl.py took 0.365 seconds
[2022-04-07 23:51:14,444] {processor.py:163} INFO - Started process (PID=1031) to work on /home/airflow/.local/lib/python3.7/site-packages/airflow/example_dags/tutorial_taskflow_api_etl.py
[2022-04-07 23:51:14,446] {processor.py:642} INFO - Processing file /home/airflow/.local/lib/python3.7/site-packages/airflow/example_dags/tutorial_taskflow_api_etl.py for tasks to queue
[2022-04-07 23:51:14,447] {logging_mixin.py:109} INFO - [2022-04-07 23:51:14,447] {dagbag.py:500} INFO - Filling up the DagBag from /home/airflow/.local/lib/python3.7/site-packages/airflow/example_dags/tutorial_taskflow_api_etl.py
[2022-04-07 23:51:14,497] {processor.py:654} INFO - DAG(s) dict_keys(['tutorial_taskflow_api_etl']) retrieved from /home/airflow/.local/lib/python3.7/site-packages/airflow/example_dags/tutorial_taskflow_api_etl.py
[2022-04-07 23:51:14,915] {logging_mixin.py:109} INFO - [2022-04-07 23:51:14,915] {dag.py:2396} INFO - Sync 1 DAGs
[2022-04-07 23:51:14,934] {logging_mixin.py:109} INFO - [2022-04-07 23:51:14,934] {dag.py:2935} INFO - Setting next_dagrun for tutorial_taskflow_api_etl to None
[2022-04-07 23:51:14,947] {processor.py:171} INFO - Processing /home/airflow/.local/lib/python3.7/site-packages/airflow/example_dags/tutorial_taskflow_api_etl.py took 0.508 seconds
[2022-04-07 23:51:44,989] {processor.py:163} INFO - Started process (PID=1093) to work on /home/airflow/.local/lib/python3.7/site-packages/airflow/example_dags/tutorial_taskflow_api_etl.py
[2022-04-07 23:51:44,991] {processor.py:642} INFO - Processing file /home/airflow/.local/lib/python3.7/site-packages/airflow/example_dags/tutorial_taskflow_api_etl.py for tasks to queue
[2022-04-07 23:51:44,992] {logging_mixin.py:109} INFO - [2022-04-07 23:51:44,992] {dagbag.py:500} INFO - Filling up the DagBag from /home/airflow/.local/lib/python3.7/site-packages/airflow/example_dags/tutorial_taskflow_api_etl.py
[2022-04-07 23:51:45,029] {processor.py:654} INFO - DAG(s) dict_keys(['tutorial_taskflow_api_etl']) retrieved from /home/airflow/.local/lib/python3.7/site-packages/airflow/example_dags/tutorial_taskflow_api_etl.py
[2022-04-07 23:51:45,332] {logging_mixin.py:109} INFO - [2022-04-07 23:51:45,332] {dag.py:2396} INFO - Sync 1 DAGs
[2022-04-07 23:51:45,344] {logging_mixin.py:109} INFO - [2022-04-07 23:51:45,344] {dag.py:2935} INFO - Setting next_dagrun for tutorial_taskflow_api_etl to None
[2022-04-07 23:51:45,354] {processor.py:171} INFO - Processing /home/airflow/.local/lib/python3.7/site-packages/airflow/example_dags/tutorial_taskflow_api_etl.py took 0.369 seconds
[2022-04-07 23:52:15,392] {processor.py:163} INFO - Started process (PID=1146) to work on /home/airflow/.local/lib/python3.7/site-packages/airflow/example_dags/tutorial_taskflow_api_etl.py
[2022-04-07 23:52:15,394] {processor.py:642} INFO - Processing file /home/airflow/.local/lib/python3.7/site-packages/airflow/example_dags/tutorial_taskflow_api_etl.py for tasks to queue
[2022-04-07 23:52:15,394] {logging_mixin.py:109} INFO - [2022-04-07 23:52:15,394] {dagbag.py:500} INFO - Filling up the DagBag from /home/airflow/.local/lib/python3.7/site-packages/airflow/example_dags/tutorial_taskflow_api_etl.py
[2022-04-07 23:52:15,429] {processor.py:654} INFO - DAG(s) dict_keys(['tutorial_taskflow_api_etl']) retrieved from /home/airflow/.local/lib/python3.7/site-packages/airflow/example_dags/tutorial_taskflow_api_etl.py
[2022-04-07 23:52:15,765] {logging_mixin.py:109} INFO - [2022-04-07 23:52:15,765] {dag.py:2396} INFO - Sync 1 DAGs
[2022-04-07 23:52:15,779] {logging_mixin.py:109} INFO - [2022-04-07 23:52:15,779] {dag.py:2935} INFO - Setting next_dagrun for tutorial_taskflow_api_etl to None
[2022-04-07 23:52:15,788] {processor.py:171} INFO - Processing /home/airflow/.local/lib/python3.7/site-packages/airflow/example_dags/tutorial_taskflow_api_etl.py took 0.400 seconds
[2022-04-07 23:52:46,734] {processor.py:163} INFO - Started process (PID=1207) to work on /home/airflow/.local/lib/python3.7/site-packages/airflow/example_dags/tutorial_taskflow_api_etl.py
[2022-04-07 23:52:46,736] {processor.py:642} INFO - Processing file /home/airflow/.local/lib/python3.7/site-packages/airflow/example_dags/tutorial_taskflow_api_etl.py for tasks to queue
[2022-04-07 23:52:46,737] {logging_mixin.py:109} INFO - [2022-04-07 23:52:46,737] {dagbag.py:500} INFO - Filling up the DagBag from /home/airflow/.local/lib/python3.7/site-packages/airflow/example_dags/tutorial_taskflow_api_etl.py
[2022-04-07 23:52:46,771] {processor.py:654} INFO - DAG(s) dict_keys(['tutorial_taskflow_api_etl']) retrieved from /home/airflow/.local/lib/python3.7/site-packages/airflow/example_dags/tutorial_taskflow_api_etl.py
[2022-04-07 23:52:47,078] {logging_mixin.py:109} INFO - [2022-04-07 23:52:47,077] {dag.py:2396} INFO - Sync 1 DAGs
[2022-04-07 23:52:47,091] {logging_mixin.py:109} INFO - [2022-04-07 23:52:47,091] {dag.py:2935} INFO - Setting next_dagrun for tutorial_taskflow_api_etl to None
[2022-04-07 23:52:47,102] {processor.py:171} INFO - Processing /home/airflow/.local/lib/python3.7/site-packages/airflow/example_dags/tutorial_taskflow_api_etl.py took 0.372 seconds
[2022-04-07 23:53:17,997] {processor.py:163} INFO - Started process (PID=1257) to work on /home/airflow/.local/lib/python3.7/site-packages/airflow/example_dags/tutorial_taskflow_api_etl.py
[2022-04-07 23:53:17,999] {processor.py:642} INFO - Processing file /home/airflow/.local/lib/python3.7/site-packages/airflow/example_dags/tutorial_taskflow_api_etl.py for tasks to queue
[2022-04-07 23:53:17,999] {logging_mixin.py:109} INFO - [2022-04-07 23:53:17,999] {dagbag.py:500} INFO - Filling up the DagBag from /home/airflow/.local/lib/python3.7/site-packages/airflow/example_dags/tutorial_taskflow_api_etl.py
[2022-04-07 23:53:18,034] {processor.py:654} INFO - DAG(s) dict_keys(['tutorial_taskflow_api_etl']) retrieved from /home/airflow/.local/lib/python3.7/site-packages/airflow/example_dags/tutorial_taskflow_api_etl.py
[2022-04-07 23:53:18,345] {logging_mixin.py:109} INFO - [2022-04-07 23:53:18,345] {dag.py:2396} INFO - Sync 1 DAGs
[2022-04-07 23:53:18,358] {logging_mixin.py:109} INFO - [2022-04-07 23:53:18,358] {dag.py:2935} INFO - Setting next_dagrun for tutorial_taskflow_api_etl to None
[2022-04-07 23:53:18,367] {processor.py:171} INFO - Processing /home/airflow/.local/lib/python3.7/site-packages/airflow/example_dags/tutorial_taskflow_api_etl.py took 0.375 seconds
[2022-04-07 23:53:48,398] {processor.py:163} INFO - Started process (PID=1319) to work on /home/airflow/.local/lib/python3.7/site-packages/airflow/example_dags/tutorial_taskflow_api_etl.py
[2022-04-07 23:53:48,400] {processor.py:642} INFO - Processing file /home/airflow/.local/lib/python3.7/site-packages/airflow/example_dags/tutorial_taskflow_api_etl.py for tasks to queue
[2022-04-07 23:53:48,401] {logging_mixin.py:109} INFO - [2022-04-07 23:53:48,401] {dagbag.py:500} INFO - Filling up the DagBag from /home/airflow/.local/lib/python3.7/site-packages/airflow/example_dags/tutorial_taskflow_api_etl.py
[2022-04-07 23:53:48,463] {processor.py:654} INFO - DAG(s) dict_keys(['tutorial_taskflow_api_etl']) retrieved from /home/airflow/.local/lib/python3.7/site-packages/airflow/example_dags/tutorial_taskflow_api_etl.py
[2022-04-07 23:53:48,781] {logging_mixin.py:109} INFO - [2022-04-07 23:53:48,780] {dag.py:2396} INFO - Sync 1 DAGs
[2022-04-07 23:53:48,794] {logging_mixin.py:109} INFO - [2022-04-07 23:53:48,794] {dag.py:2935} INFO - Setting next_dagrun for tutorial_taskflow_api_etl to None
[2022-04-07 23:53:48,804] {processor.py:171} INFO - Processing /home/airflow/.local/lib/python3.7/site-packages/airflow/example_dags/tutorial_taskflow_api_etl.py took 0.412 seconds
[2022-04-07 23:54:19,414] {processor.py:163} INFO - Started process (PID=1370) to work on /home/airflow/.local/lib/python3.7/site-packages/airflow/example_dags/tutorial_taskflow_api_etl.py
[2022-04-07 23:54:19,416] {processor.py:642} INFO - Processing file /home/airflow/.local/lib/python3.7/site-packages/airflow/example_dags/tutorial_taskflow_api_etl.py for tasks to queue
[2022-04-07 23:54:19,417] {logging_mixin.py:109} INFO - [2022-04-07 23:54:19,417] {dagbag.py:500} INFO - Filling up the DagBag from /home/airflow/.local/lib/python3.7/site-packages/airflow/example_dags/tutorial_taskflow_api_etl.py
[2022-04-07 23:54:19,453] {processor.py:654} INFO - DAG(s) dict_keys(['tutorial_taskflow_api_etl']) retrieved from /home/airflow/.local/lib/python3.7/site-packages/airflow/example_dags/tutorial_taskflow_api_etl.py
[2022-04-07 23:54:19,747] {logging_mixin.py:109} INFO - [2022-04-07 23:54:19,747] {dag.py:2396} INFO - Sync 1 DAGs
[2022-04-07 23:54:19,761] {logging_mixin.py:109} INFO - [2022-04-07 23:54:19,761] {dag.py:2935} INFO - Setting next_dagrun for tutorial_taskflow_api_etl to None
[2022-04-07 23:54:19,770] {processor.py:171} INFO - Processing /home/airflow/.local/lib/python3.7/site-packages/airflow/example_dags/tutorial_taskflow_api_etl.py took 0.360 seconds
[2022-04-07 23:54:49,837] {processor.py:163} INFO - Started process (PID=1432) to work on /home/airflow/.local/lib/python3.7/site-packages/airflow/example_dags/tutorial_taskflow_api_etl.py
[2022-04-07 23:54:49,838] {processor.py:642} INFO - Processing file /home/airflow/.local/lib/python3.7/site-packages/airflow/example_dags/tutorial_taskflow_api_etl.py for tasks to queue
[2022-04-07 23:54:49,839] {logging_mixin.py:109} INFO - [2022-04-07 23:54:49,839] {dagbag.py:500} INFO - Filling up the DagBag from /home/airflow/.local/lib/python3.7/site-packages/airflow/example_dags/tutorial_taskflow_api_etl.py
[2022-04-07 23:54:49,874] {processor.py:654} INFO - DAG(s) dict_keys(['tutorial_taskflow_api_etl']) retrieved from /home/airflow/.local/lib/python3.7/site-packages/airflow/example_dags/tutorial_taskflow_api_etl.py
[2022-04-07 23:54:50,190] {logging_mixin.py:109} INFO - [2022-04-07 23:54:50,190] {dag.py:2396} INFO - Sync 1 DAGs
[2022-04-07 23:54:50,204] {logging_mixin.py:109} INFO - [2022-04-07 23:54:50,204] {dag.py:2935} INFO - Setting next_dagrun for tutorial_taskflow_api_etl to None
[2022-04-07 23:54:50,214] {processor.py:171} INFO - Processing /home/airflow/.local/lib/python3.7/site-packages/airflow/example_dags/tutorial_taskflow_api_etl.py took 0.381 seconds
[2022-04-07 23:55:21,024] {processor.py:163} INFO - Started process (PID=1485) to work on /home/airflow/.local/lib/python3.7/site-packages/airflow/example_dags/tutorial_taskflow_api_etl.py
[2022-04-07 23:55:21,026] {processor.py:642} INFO - Processing file /home/airflow/.local/lib/python3.7/site-packages/airflow/example_dags/tutorial_taskflow_api_etl.py for tasks to queue
[2022-04-07 23:55:21,027] {logging_mixin.py:109} INFO - [2022-04-07 23:55:21,027] {dagbag.py:500} INFO - Filling up the DagBag from /home/airflow/.local/lib/python3.7/site-packages/airflow/example_dags/tutorial_taskflow_api_etl.py
[2022-04-07 23:55:21,063] {processor.py:654} INFO - DAG(s) dict_keys(['tutorial_taskflow_api_etl']) retrieved from /home/airflow/.local/lib/python3.7/site-packages/airflow/example_dags/tutorial_taskflow_api_etl.py
[2022-04-07 23:55:21,368] {logging_mixin.py:109} INFO - [2022-04-07 23:55:21,368] {dag.py:2396} INFO - Sync 1 DAGs
[2022-04-07 23:55:21,382] {logging_mixin.py:109} INFO - [2022-04-07 23:55:21,382] {dag.py:2935} INFO - Setting next_dagrun for tutorial_taskflow_api_etl to None
[2022-04-07 23:55:21,392] {processor.py:171} INFO - Processing /home/airflow/.local/lib/python3.7/site-packages/airflow/example_dags/tutorial_taskflow_api_etl.py took 0.373 seconds
[2022-04-07 23:55:51,899] {processor.py:163} INFO - Started process (PID=1546) to work on /home/airflow/.local/lib/python3.7/site-packages/airflow/example_dags/tutorial_taskflow_api_etl.py
[2022-04-07 23:55:51,901] {processor.py:642} INFO - Processing file /home/airflow/.local/lib/python3.7/site-packages/airflow/example_dags/tutorial_taskflow_api_etl.py for tasks to queue
[2022-04-07 23:55:51,901] {logging_mixin.py:109} INFO - [2022-04-07 23:55:51,901] {dagbag.py:500} INFO - Filling up the DagBag from /home/airflow/.local/lib/python3.7/site-packages/airflow/example_dags/tutorial_taskflow_api_etl.py
[2022-04-07 23:55:51,937] {processor.py:654} INFO - DAG(s) dict_keys(['tutorial_taskflow_api_etl']) retrieved from /home/airflow/.local/lib/python3.7/site-packages/airflow/example_dags/tutorial_taskflow_api_etl.py
[2022-04-07 23:55:52,247] {logging_mixin.py:109} INFO - [2022-04-07 23:55:52,247] {dag.py:2396} INFO - Sync 1 DAGs
[2022-04-07 23:55:52,259] {logging_mixin.py:109} INFO - [2022-04-07 23:55:52,259] {dag.py:2935} INFO - Setting next_dagrun for tutorial_taskflow_api_etl to None
[2022-04-07 23:55:52,269] {processor.py:171} INFO - Processing /home/airflow/.local/lib/python3.7/site-packages/airflow/example_dags/tutorial_taskflow_api_etl.py took 0.374 seconds
[2022-04-07 23:56:22,564] {processor.py:163} INFO - Started process (PID=1596) to work on /home/airflow/.local/lib/python3.7/site-packages/airflow/example_dags/tutorial_taskflow_api_etl.py
[2022-04-07 23:56:22,566] {processor.py:642} INFO - Processing file /home/airflow/.local/lib/python3.7/site-packages/airflow/example_dags/tutorial_taskflow_api_etl.py for tasks to queue
[2022-04-07 23:56:22,567] {logging_mixin.py:109} INFO - [2022-04-07 23:56:22,567] {dagbag.py:500} INFO - Filling up the DagBag from /home/airflow/.local/lib/python3.7/site-packages/airflow/example_dags/tutorial_taskflow_api_etl.py
[2022-04-07 23:56:22,602] {processor.py:654} INFO - DAG(s) dict_keys(['tutorial_taskflow_api_etl']) retrieved from /home/airflow/.local/lib/python3.7/site-packages/airflow/example_dags/tutorial_taskflow_api_etl.py
[2022-04-07 23:56:22,891] {logging_mixin.py:109} INFO - [2022-04-07 23:56:22,891] {dag.py:2396} INFO - Sync 1 DAGs
[2022-04-07 23:56:22,904] {logging_mixin.py:109} INFO - [2022-04-07 23:56:22,904] {dag.py:2935} INFO - Setting next_dagrun for tutorial_taskflow_api_etl to None
[2022-04-07 23:56:22,914] {processor.py:171} INFO - Processing /home/airflow/.local/lib/python3.7/site-packages/airflow/example_dags/tutorial_taskflow_api_etl.py took 0.354 seconds
[2022-04-07 23:56:53,400] {processor.py:163} INFO - Started process (PID=1660) to work on /home/airflow/.local/lib/python3.7/site-packages/airflow/example_dags/tutorial_taskflow_api_etl.py
[2022-04-07 23:56:53,401] {processor.py:642} INFO - Processing file /home/airflow/.local/lib/python3.7/site-packages/airflow/example_dags/tutorial_taskflow_api_etl.py for tasks to queue
[2022-04-07 23:56:53,402] {logging_mixin.py:109} INFO - [2022-04-07 23:56:53,402] {dagbag.py:500} INFO - Filling up the DagBag from /home/airflow/.local/lib/python3.7/site-packages/airflow/example_dags/tutorial_taskflow_api_etl.py
[2022-04-07 23:56:53,437] {processor.py:654} INFO - DAG(s) dict_keys(['tutorial_taskflow_api_etl']) retrieved from /home/airflow/.local/lib/python3.7/site-packages/airflow/example_dags/tutorial_taskflow_api_etl.py
[2022-04-07 23:56:53,721] {logging_mixin.py:109} INFO - [2022-04-07 23:56:53,721] {dag.py:2396} INFO - Sync 1 DAGs
[2022-04-07 23:56:53,733] {logging_mixin.py:109} INFO - [2022-04-07 23:56:53,733] {dag.py:2935} INFO - Setting next_dagrun for tutorial_taskflow_api_etl to None
[2022-04-07 23:56:53,742] {processor.py:171} INFO - Processing /home/airflow/.local/lib/python3.7/site-packages/airflow/example_dags/tutorial_taskflow_api_etl.py took 0.347 seconds
[2022-04-07 23:57:23,919] {processor.py:163} INFO - Started process (PID=1712) to work on /home/airflow/.local/lib/python3.7/site-packages/airflow/example_dags/tutorial_taskflow_api_etl.py
[2022-04-07 23:57:23,921] {processor.py:642} INFO - Processing file /home/airflow/.local/lib/python3.7/site-packages/airflow/example_dags/tutorial_taskflow_api_etl.py for tasks to queue
[2022-04-07 23:57:23,922] {logging_mixin.py:109} INFO - [2022-04-07 23:57:23,922] {dagbag.py:500} INFO - Filling up the DagBag from /home/airflow/.local/lib/python3.7/site-packages/airflow/example_dags/tutorial_taskflow_api_etl.py
[2022-04-07 23:57:23,957] {processor.py:654} INFO - DAG(s) dict_keys(['tutorial_taskflow_api_etl']) retrieved from /home/airflow/.local/lib/python3.7/site-packages/airflow/example_dags/tutorial_taskflow_api_etl.py
[2022-04-07 23:57:24,254] {logging_mixin.py:109} INFO - [2022-04-07 23:57:24,254] {dag.py:2396} INFO - Sync 1 DAGs
[2022-04-07 23:57:24,267] {logging_mixin.py:109} INFO - [2022-04-07 23:57:24,267] {dag.py:2935} INFO - Setting next_dagrun for tutorial_taskflow_api_etl to None
[2022-04-07 23:57:24,277] {processor.py:171} INFO - Processing /home/airflow/.local/lib/python3.7/site-packages/airflow/example_dags/tutorial_taskflow_api_etl.py took 0.363 seconds
[2022-04-07 23:57:54,682] {processor.py:163} INFO - Started process (PID=1775) to work on /home/airflow/.local/lib/python3.7/site-packages/airflow/example_dags/tutorial_taskflow_api_etl.py
[2022-04-07 23:57:54,684] {processor.py:642} INFO - Processing file /home/airflow/.local/lib/python3.7/site-packages/airflow/example_dags/tutorial_taskflow_api_etl.py for tasks to queue
[2022-04-07 23:57:54,684] {logging_mixin.py:109} INFO - [2022-04-07 23:57:54,684] {dagbag.py:500} INFO - Filling up the DagBag from /home/airflow/.local/lib/python3.7/site-packages/airflow/example_dags/tutorial_taskflow_api_etl.py
[2022-04-07 23:57:54,718] {processor.py:654} INFO - DAG(s) dict_keys(['tutorial_taskflow_api_etl']) retrieved from /home/airflow/.local/lib/python3.7/site-packages/airflow/example_dags/tutorial_taskflow_api_etl.py
[2022-04-07 23:57:55,008] {logging_mixin.py:109} INFO - [2022-04-07 23:57:55,007] {dag.py:2396} INFO - Sync 1 DAGs
[2022-04-07 23:57:55,020] {logging_mixin.py:109} INFO - [2022-04-07 23:57:55,020] {dag.py:2935} INFO - Setting next_dagrun for tutorial_taskflow_api_etl to None
[2022-04-07 23:57:55,030] {processor.py:171} INFO - Processing /home/airflow/.local/lib/python3.7/site-packages/airflow/example_dags/tutorial_taskflow_api_etl.py took 0.352 seconds
[2022-04-07 23:58:25,536] {processor.py:163} INFO - Started process (PID=1828) to work on /home/airflow/.local/lib/python3.7/site-packages/airflow/example_dags/tutorial_taskflow_api_etl.py
[2022-04-07 23:58:25,538] {processor.py:642} INFO - Processing file /home/airflow/.local/lib/python3.7/site-packages/airflow/example_dags/tutorial_taskflow_api_etl.py for tasks to queue
[2022-04-07 23:58:25,539] {logging_mixin.py:109} INFO - [2022-04-07 23:58:25,539] {dagbag.py:500} INFO - Filling up the DagBag from /home/airflow/.local/lib/python3.7/site-packages/airflow/example_dags/tutorial_taskflow_api_etl.py
[2022-04-07 23:58:25,574] {processor.py:654} INFO - DAG(s) dict_keys(['tutorial_taskflow_api_etl']) retrieved from /home/airflow/.local/lib/python3.7/site-packages/airflow/example_dags/tutorial_taskflow_api_etl.py
[2022-04-07 23:58:25,873] {logging_mixin.py:109} INFO - [2022-04-07 23:58:25,873] {dag.py:2396} INFO - Sync 1 DAGs
[2022-04-07 23:58:25,886] {logging_mixin.py:109} INFO - [2022-04-07 23:58:25,885] {dag.py:2935} INFO - Setting next_dagrun for tutorial_taskflow_api_etl to None
[2022-04-07 23:58:25,895] {processor.py:171} INFO - Processing /home/airflow/.local/lib/python3.7/site-packages/airflow/example_dags/tutorial_taskflow_api_etl.py took 0.364 seconds
[2022-04-07 23:58:56,014] {processor.py:163} INFO - Started process (PID=1891) to work on /home/airflow/.local/lib/python3.7/site-packages/airflow/example_dags/tutorial_taskflow_api_etl.py
[2022-04-07 23:58:56,016] {processor.py:642} INFO - Processing file /home/airflow/.local/lib/python3.7/site-packages/airflow/example_dags/tutorial_taskflow_api_etl.py for tasks to queue
[2022-04-07 23:58:56,017] {logging_mixin.py:109} INFO - [2022-04-07 23:58:56,016] {dagbag.py:500} INFO - Filling up the DagBag from /home/airflow/.local/lib/python3.7/site-packages/airflow/example_dags/tutorial_taskflow_api_etl.py
[2022-04-07 23:58:56,051] {processor.py:654} INFO - DAG(s) dict_keys(['tutorial_taskflow_api_etl']) retrieved from /home/airflow/.local/lib/python3.7/site-packages/airflow/example_dags/tutorial_taskflow_api_etl.py
[2022-04-07 23:58:56,342] {logging_mixin.py:109} INFO - [2022-04-07 23:58:56,342] {dag.py:2396} INFO - Sync 1 DAGs
[2022-04-07 23:58:56,354] {logging_mixin.py:109} INFO - [2022-04-07 23:58:56,354] {dag.py:2935} INFO - Setting next_dagrun for tutorial_taskflow_api_etl to None
[2022-04-07 23:58:56,364] {processor.py:171} INFO - Processing /home/airflow/.local/lib/python3.7/site-packages/airflow/example_dags/tutorial_taskflow_api_etl.py took 0.354 seconds
[2022-04-07 23:59:26,491] {processor.py:163} INFO - Started process (PID=1942) to work on /home/airflow/.local/lib/python3.7/site-packages/airflow/example_dags/tutorial_taskflow_api_etl.py
[2022-04-07 23:59:26,493] {processor.py:642} INFO - Processing file /home/airflow/.local/lib/python3.7/site-packages/airflow/example_dags/tutorial_taskflow_api_etl.py for tasks to queue
[2022-04-07 23:59:26,493] {logging_mixin.py:109} INFO - [2022-04-07 23:59:26,493] {dagbag.py:500} INFO - Filling up the DagBag from /home/airflow/.local/lib/python3.7/site-packages/airflow/example_dags/tutorial_taskflow_api_etl.py
[2022-04-07 23:59:26,527] {processor.py:654} INFO - DAG(s) dict_keys(['tutorial_taskflow_api_etl']) retrieved from /home/airflow/.local/lib/python3.7/site-packages/airflow/example_dags/tutorial_taskflow_api_etl.py
[2022-04-07 23:59:26,817] {logging_mixin.py:109} INFO - [2022-04-07 23:59:26,817] {dag.py:2396} INFO - Sync 1 DAGs
[2022-04-07 23:59:26,829] {logging_mixin.py:109} INFO - [2022-04-07 23:59:26,829] {dag.py:2935} INFO - Setting next_dagrun for tutorial_taskflow_api_etl to None
[2022-04-07 23:59:26,838] {processor.py:171} INFO - Processing /home/airflow/.local/lib/python3.7/site-packages/airflow/example_dags/tutorial_taskflow_api_etl.py took 0.352 seconds
[2022-04-07 23:59:57,146] {processor.py:163} INFO - Started process (PID=2003) to work on /home/airflow/.local/lib/python3.7/site-packages/airflow/example_dags/tutorial_taskflow_api_etl.py
[2022-04-07 23:59:57,148] {processor.py:642} INFO - Processing file /home/airflow/.local/lib/python3.7/site-packages/airflow/example_dags/tutorial_taskflow_api_etl.py for tasks to queue
[2022-04-07 23:59:57,149] {logging_mixin.py:109} INFO - [2022-04-07 23:59:57,149] {dagbag.py:500} INFO - Filling up the DagBag from /home/airflow/.local/lib/python3.7/site-packages/airflow/example_dags/tutorial_taskflow_api_etl.py
[2022-04-07 23:59:57,191] {processor.py:654} INFO - DAG(s) dict_keys(['tutorial_taskflow_api_etl']) retrieved from /home/airflow/.local/lib/python3.7/site-packages/airflow/example_dags/tutorial_taskflow_api_etl.py
[2022-04-07 23:59:57,624] {logging_mixin.py:109} INFO - [2022-04-07 23:59:57,624] {dag.py:2396} INFO - Sync 1 DAGs
[2022-04-07 23:59:57,639] {logging_mixin.py:109} INFO - [2022-04-07 23:59:57,639] {dag.py:2935} INFO - Setting next_dagrun for tutorial_taskflow_api_etl to None
[2022-04-07 23:59:57,649] {processor.py:171} INFO - Processing /home/airflow/.local/lib/python3.7/site-packages/airflow/example_dags/tutorial_taskflow_api_etl.py took 0.509 seconds
