[2022-04-11 20:01:19,946] {taskinstance.py:1032} INFO - Dependencies all met for <TaskInstance: roster_data.download_data_task scheduled__2012-01-01T00:00:00+00:00 [queued]>
[2022-04-11 20:01:19,962] {taskinstance.py:1032} INFO - Dependencies all met for <TaskInstance: roster_data.download_data_task scheduled__2012-01-01T00:00:00+00:00 [queued]>
[2022-04-11 20:01:19,962] {taskinstance.py:1238} INFO - 
--------------------------------------------------------------------------------
[2022-04-11 20:01:19,962] {taskinstance.py:1239} INFO - Starting attempt 1 of 1
[2022-04-11 20:01:19,962] {taskinstance.py:1240} INFO - 
--------------------------------------------------------------------------------
[2022-04-11 20:01:19,982] {taskinstance.py:1259} INFO - Executing <Task(PythonOperator): download_data_task> on 2012-01-01 00:00:00+00:00
[2022-04-11 20:01:19,996] {standard_task_runner.py:52} INFO - Started process 357357 to run task
[2022-04-11 20:01:20,019] {standard_task_runner.py:76} INFO - Running: ['***', 'tasks', 'run', 'roster_data', 'download_data_task', 'scheduled__2012-01-01T00:00:00+00:00', '--job-id', '1816', '--raw', '--subdir', 'DAGS_FOLDER/nfl_to_gcs.py', '--cfg-path', '/tmp/tmpcofcmqo3', '--error-file', '/tmp/tmpogkocqh6']
[2022-04-11 20:01:20,020] {standard_task_runner.py:77} INFO - Job 1816: Subtask download_data_task
[2022-04-11 20:01:20,214] {logging_mixin.py:109} INFO - Running <TaskInstance: roster_data.download_data_task scheduled__2012-01-01T00:00:00+00:00 [running]> on host 4ed3eda454fd
[2022-04-11 20:01:20,367] {taskinstance.py:1426} INFO - Exporting the following env vars:
AIRFLOW_CTX_DAG_OWNER=***
AIRFLOW_CTX_DAG_ID=roster_data
AIRFLOW_CTX_TASK_ID=download_data_task
AIRFLOW_CTX_EXECUTION_DATE=2012-01-01T00:00:00+00:00
AIRFLOW_CTX_DAG_RUN_ID=scheduled__2012-01-01T00:00:00+00:00
[2022-04-11 20:01:20,384] {logging_mixin.py:109} WARNING - /home/***/.local/lib/python3.7/site-packages/***/utils/context.py:152 AirflowContextDeprecationWarning: Accessing 'execution_date' from the template is deprecated and will be removed in a future version. Please use 'data_interval_start' or 'logical_date' instead.
[2022-04-11 20:01:20,398] {logging_mixin.py:109} WARNING - /home/***/.local/lib/python3.7/site-packages/***/utils/context.py:152 AirflowContextDeprecationWarning: Accessing 'next_ds' from the template is deprecated and will be removed in a future version. Please use '{{ data_interval_end | ds }}' instead.
[2022-04-11 20:01:20,399] {logging_mixin.py:109} WARNING - /home/***/.local/lib/python3.7/site-packages/***/utils/context.py:152 AirflowContextDeprecationWarning: Accessing 'next_ds_nodash' from the template is deprecated and will be removed in a future version. Please use '{{ data_interval_end | ds_nodash }}' instead.
[2022-04-11 20:01:20,401] {logging_mixin.py:109} WARNING - /home/***/.local/lib/python3.7/site-packages/***/utils/context.py:152 AirflowContextDeprecationWarning: Accessing 'next_execution_date' from the template is deprecated and will be removed in a future version. Please use 'data_interval_end' instead.
[2022-04-11 20:01:20,402] {logging_mixin.py:109} WARNING - /home/***/.local/lib/python3.7/site-packages/***/utils/context.py:152 AirflowContextDeprecationWarning: Accessing 'prev_ds' from the template is deprecated and will be removed in a future version.
[2022-04-11 20:01:20,403] {logging_mixin.py:109} WARNING - /home/***/.local/lib/python3.7/site-packages/***/utils/context.py:152 AirflowContextDeprecationWarning: Accessing 'prev_ds_nodash' from the template is deprecated and will be removed in a future version.
[2022-04-11 20:01:20,413] {logging_mixin.py:109} WARNING - /home/***/.local/lib/python3.7/site-packages/***/utils/context.py:152 AirflowContextDeprecationWarning: Accessing 'prev_execution_date' from the template is deprecated and will be removed in a future version.
[2022-04-11 20:01:20,414] {logging_mixin.py:109} WARNING - /home/***/.local/lib/python3.7/site-packages/***/utils/context.py:152 AirflowContextDeprecationWarning: Accessing 'prev_execution_date_success' from the template is deprecated and will be removed in a future version. Please use 'prev_data_interval_start_success' instead.
[2022-04-11 20:01:20,416] {logging_mixin.py:109} WARNING - /home/***/.local/lib/python3.7/site-packages/***/utils/context.py:152 AirflowContextDeprecationWarning: Accessing 'tomorrow_ds' from the template is deprecated and will be removed in a future version.
[2022-04-11 20:01:20,417] {logging_mixin.py:109} WARNING - /home/***/.local/lib/python3.7/site-packages/***/utils/context.py:152 AirflowContextDeprecationWarning: Accessing 'tomorrow_ds_nodash' from the template is deprecated and will be removed in a future version.
[2022-04-11 20:01:20,418] {logging_mixin.py:109} WARNING - /home/***/.local/lib/python3.7/site-packages/***/utils/context.py:152 AirflowContextDeprecationWarning: Accessing 'yesterday_ds' from the template is deprecated and will be removed in a future version.
[2022-04-11 20:01:20,420] {logging_mixin.py:109} WARNING - /home/***/.local/lib/python3.7/site-packages/***/utils/context.py:152 AirflowContextDeprecationWarning: Accessing 'yesterday_ds_nodash' from the template is deprecated and will be removed in a future version.
[2022-04-11 20:01:20,690] {python.py:175} INFO - Done. Returned value was: None
[2022-04-11 20:01:20,715] {taskinstance.py:1277} INFO - Marking task as SUCCESS. dag_id=roster_data, task_id=download_data_task, execution_date=20120101T000000, start_date=20220411T200119, end_date=20220411T200120
[2022-04-11 20:01:20,764] {local_task_job.py:154} INFO - Task exited with return code 0
[2022-04-11 20:01:20,838] {local_task_job.py:264} INFO - 1 downstream tasks scheduled from follow-on schedule check
[2022-04-23 16:31:55,601] {taskinstance.py:1032} INFO - Dependencies all met for <TaskInstance: roster_data.download_data_task scheduled__2012-01-01T00:00:00+00:00 [queued]>
[2022-04-23 16:31:55,646] {taskinstance.py:1032} INFO - Dependencies all met for <TaskInstance: roster_data.download_data_task scheduled__2012-01-01T00:00:00+00:00 [queued]>
[2022-04-23 16:31:55,646] {taskinstance.py:1238} INFO - 
--------------------------------------------------------------------------------
[2022-04-23 16:31:55,653] {taskinstance.py:1239} INFO - Starting attempt 1 of 1
[2022-04-23 16:31:55,657] {taskinstance.py:1240} INFO - 
--------------------------------------------------------------------------------
[2022-04-23 16:31:55,726] {taskinstance.py:1259} INFO - Executing <Task(PythonOperator): download_data_task> on 2012-01-01 00:00:00+00:00
[2022-04-23 16:31:55,748] {standard_task_runner.py:52} INFO - Started process 2828 to run task
[2022-04-23 16:31:55,769] {standard_task_runner.py:76} INFO - Running: ['***', 'tasks', 'run', 'roster_data', 'download_data_task', 'scheduled__2012-01-01T00:00:00+00:00', '--job-id', '2102', '--raw', '--subdir', 'DAGS_FOLDER/nfl_to_gcs.py', '--cfg-path', '/tmp/tmpjtqyct8u', '--error-file', '/tmp/tmpm5jljcyu']
[2022-04-23 16:31:55,771] {standard_task_runner.py:77} INFO - Job 2102: Subtask download_data_task
[2022-04-23 16:31:55,940] {logging_mixin.py:109} INFO - Running <TaskInstance: roster_data.download_data_task scheduled__2012-01-01T00:00:00+00:00 [running]> on host 04f3a8edbeca
[2022-04-23 16:31:56,058] {taskinstance.py:1426} INFO - Exporting the following env vars:
AIRFLOW_CTX_DAG_OWNER=***
AIRFLOW_CTX_DAG_ID=roster_data
AIRFLOW_CTX_TASK_ID=download_data_task
AIRFLOW_CTX_EXECUTION_DATE=2012-01-01T00:00:00+00:00
AIRFLOW_CTX_DAG_RUN_ID=scheduled__2012-01-01T00:00:00+00:00
[2022-04-23 16:31:56,068] {logging_mixin.py:109} WARNING - /home/***/.local/lib/python3.7/site-packages/***/utils/context.py:152 AirflowContextDeprecationWarning: Accessing 'execution_date' from the template is deprecated and will be removed in a future version. Please use 'data_interval_start' or 'logical_date' instead.
[2022-04-23 16:31:56,079] {logging_mixin.py:109} WARNING - /home/***/.local/lib/python3.7/site-packages/***/utils/context.py:152 AirflowContextDeprecationWarning: Accessing 'next_ds' from the template is deprecated and will be removed in a future version. Please use '{{ data_interval_end | ds }}' instead.
[2022-04-23 16:31:56,080] {logging_mixin.py:109} WARNING - /home/***/.local/lib/python3.7/site-packages/***/utils/context.py:152 AirflowContextDeprecationWarning: Accessing 'next_ds_nodash' from the template is deprecated and will be removed in a future version. Please use '{{ data_interval_end | ds_nodash }}' instead.
[2022-04-23 16:31:56,082] {logging_mixin.py:109} WARNING - /home/***/.local/lib/python3.7/site-packages/***/utils/context.py:152 AirflowContextDeprecationWarning: Accessing 'next_execution_date' from the template is deprecated and will be removed in a future version. Please use 'data_interval_end' instead.
[2022-04-23 16:31:56,083] {logging_mixin.py:109} WARNING - /home/***/.local/lib/python3.7/site-packages/***/utils/context.py:152 AirflowContextDeprecationWarning: Accessing 'prev_ds' from the template is deprecated and will be removed in a future version.
[2022-04-23 16:31:56,084] {logging_mixin.py:109} WARNING - /home/***/.local/lib/python3.7/site-packages/***/utils/context.py:152 AirflowContextDeprecationWarning: Accessing 'prev_ds_nodash' from the template is deprecated and will be removed in a future version.
[2022-04-23 16:31:56,085] {logging_mixin.py:109} WARNING - /home/***/.local/lib/python3.7/site-packages/***/utils/context.py:152 AirflowContextDeprecationWarning: Accessing 'prev_execution_date' from the template is deprecated and will be removed in a future version.
[2022-04-23 16:31:56,087] {logging_mixin.py:109} WARNING - /home/***/.local/lib/python3.7/site-packages/***/utils/context.py:152 AirflowContextDeprecationWarning: Accessing 'prev_execution_date_success' from the template is deprecated and will be removed in a future version. Please use 'prev_data_interval_start_success' instead.
[2022-04-23 16:31:56,088] {logging_mixin.py:109} WARNING - /home/***/.local/lib/python3.7/site-packages/***/utils/context.py:152 AirflowContextDeprecationWarning: Accessing 'tomorrow_ds' from the template is deprecated and will be removed in a future version.
[2022-04-23 16:31:56,089] {logging_mixin.py:109} WARNING - /home/***/.local/lib/python3.7/site-packages/***/utils/context.py:152 AirflowContextDeprecationWarning: Accessing 'tomorrow_ds_nodash' from the template is deprecated and will be removed in a future version.
[2022-04-23 16:31:56,094] {logging_mixin.py:109} WARNING - /home/***/.local/lib/python3.7/site-packages/***/utils/context.py:152 AirflowContextDeprecationWarning: Accessing 'yesterday_ds' from the template is deprecated and will be removed in a future version.
[2022-04-23 16:31:56,095] {logging_mixin.py:109} WARNING - /home/***/.local/lib/python3.7/site-packages/***/utils/context.py:152 AirflowContextDeprecationWarning: Accessing 'yesterday_ds_nodash' from the template is deprecated and will be removed in a future version.
[2022-04-23 16:31:56,388] {python.py:175} INFO - Done. Returned value was: None
[2022-04-23 16:31:56,411] {taskinstance.py:1277} INFO - Marking task as SUCCESS. dag_id=roster_data, task_id=download_data_task, execution_date=20120101T000000, start_date=20220423T163155, end_date=20220423T163156
[2022-04-23 16:31:56,468] {local_task_job.py:154} INFO - Task exited with return code 0
[2022-04-23 16:31:56,566] {local_task_job.py:264} INFO - 1 downstream tasks scheduled from follow-on schedule check
