[2022-04-11 20:00:22,929] {taskinstance.py:1032} INFO - Dependencies all met for <TaskInstance: injury_data.rm_task scheduled__2013-01-01T00:00:00+00:00 [queued]>
[2022-04-11 20:00:22,945] {taskinstance.py:1032} INFO - Dependencies all met for <TaskInstance: injury_data.rm_task scheduled__2013-01-01T00:00:00+00:00 [queued]>
[2022-04-11 20:00:22,945] {taskinstance.py:1238} INFO - 
--------------------------------------------------------------------------------
[2022-04-11 20:00:22,945] {taskinstance.py:1239} INFO - Starting attempt 1 of 1
[2022-04-11 20:00:22,946] {taskinstance.py:1240} INFO - 
--------------------------------------------------------------------------------
[2022-04-11 20:00:22,965] {taskinstance.py:1259} INFO - Executing <Task(BashOperator): rm_task> on 2013-01-01 00:00:00+00:00
[2022-04-11 20:00:22,975] {standard_task_runner.py:52} INFO - Started process 356980 to run task
[2022-04-11 20:00:22,986] {standard_task_runner.py:76} INFO - Running: ['***', 'tasks', 'run', 'injury_data', 'rm_task', 'scheduled__2013-01-01T00:00:00+00:00', '--job-id', '1775', '--raw', '--subdir', 'DAGS_FOLDER/nfl_to_gcs.py', '--cfg-path', '/tmp/tmp5mwduv79', '--error-file', '/tmp/tmp2on3hsqz']
[2022-04-11 20:00:22,989] {standard_task_runner.py:77} INFO - Job 1775: Subtask rm_task
[2022-04-11 20:00:23,087] {logging_mixin.py:109} INFO - Running <TaskInstance: injury_data.rm_task scheduled__2013-01-01T00:00:00+00:00 [running]> on host 4ed3eda454fd
[2022-04-11 20:00:23,211] {taskinstance.py:1426} INFO - Exporting the following env vars:
AIRFLOW_CTX_DAG_OWNER=***
AIRFLOW_CTX_DAG_ID=injury_data
AIRFLOW_CTX_TASK_ID=rm_task
AIRFLOW_CTX_EXECUTION_DATE=2013-01-01T00:00:00+00:00
AIRFLOW_CTX_DAG_RUN_ID=scheduled__2013-01-01T00:00:00+00:00
[2022-04-11 20:00:23,213] {subprocess.py:62} INFO - Tmp dir root location: 
 /tmp
[2022-04-11 20:00:23,216] {subprocess.py:74} INFO - Running command: ['bash', '-c', 'rm "/opt/***/injury_data_2013.parquet"']
[2022-04-11 20:00:23,243] {subprocess.py:85} INFO - Output:
[2022-04-11 20:00:23,250] {subprocess.py:93} INFO - Command exited with return code 0
[2022-04-11 20:00:23,291] {taskinstance.py:1277} INFO - Marking task as SUCCESS. dag_id=injury_data, task_id=rm_task, execution_date=20130101T000000, start_date=20220411T200022, end_date=20220411T200023
[2022-04-11 20:00:23,364] {local_task_job.py:154} INFO - Task exited with return code 0
[2022-04-11 20:00:23,476] {local_task_job.py:264} INFO - 0 downstream tasks scheduled from follow-on schedule check
[2022-04-11 20:03:58,341] {taskinstance.py:1032} INFO - Dependencies all met for <TaskInstance: injury_data.rm_task scheduled__2013-01-01T00:00:00+00:00 [queued]>
[2022-04-11 20:03:58,358] {taskinstance.py:1032} INFO - Dependencies all met for <TaskInstance: injury_data.rm_task scheduled__2013-01-01T00:00:00+00:00 [queued]>
[2022-04-11 20:03:58,359] {taskinstance.py:1238} INFO - 
--------------------------------------------------------------------------------
[2022-04-11 20:03:58,359] {taskinstance.py:1239} INFO - Starting attempt 1 of 1
[2022-04-11 20:03:58,359] {taskinstance.py:1240} INFO - 
--------------------------------------------------------------------------------
[2022-04-11 20:03:58,376] {taskinstance.py:1259} INFO - Executing <Task(BashOperator): rm_task> on 2013-01-01 00:00:00+00:00
[2022-04-11 20:03:58,392] {standard_task_runner.py:52} INFO - Started process 357983 to run task
[2022-04-11 20:03:58,401] {standard_task_runner.py:76} INFO - Running: ['***', 'tasks', 'run', 'injury_data', 'rm_task', 'scheduled__2013-01-01T00:00:00+00:00', '--job-id', '1870', '--raw', '--subdir', 'DAGS_FOLDER/nfl_to_gcs.py', '--cfg-path', '/tmp/tmpi20mrkgz', '--error-file', '/tmp/tmpa8p7h4_g']
[2022-04-11 20:03:58,403] {standard_task_runner.py:77} INFO - Job 1870: Subtask rm_task
[2022-04-11 20:03:58,498] {logging_mixin.py:109} INFO - Running <TaskInstance: injury_data.rm_task scheduled__2013-01-01T00:00:00+00:00 [running]> on host 4ed3eda454fd
[2022-04-11 20:03:58,588] {taskinstance.py:1426} INFO - Exporting the following env vars:
AIRFLOW_CTX_DAG_OWNER=***
AIRFLOW_CTX_DAG_ID=injury_data
AIRFLOW_CTX_TASK_ID=rm_task
AIRFLOW_CTX_EXECUTION_DATE=2013-01-01T00:00:00+00:00
AIRFLOW_CTX_DAG_RUN_ID=scheduled__2013-01-01T00:00:00+00:00
[2022-04-11 20:03:58,589] {subprocess.py:62} INFO - Tmp dir root location: 
 /tmp
[2022-04-11 20:03:58,590] {subprocess.py:74} INFO - Running command: ['bash', '-c', 'rm "/opt/***/injury_data_2013.parquet"']
[2022-04-11 20:03:58,606] {subprocess.py:85} INFO - Output:
[2022-04-11 20:03:58,610] {subprocess.py:93} INFO - Command exited with return code 0
[2022-04-11 20:03:58,640] {taskinstance.py:1277} INFO - Marking task as SUCCESS. dag_id=injury_data, task_id=rm_task, execution_date=20130101T000000, start_date=20220411T200358, end_date=20220411T200358
[2022-04-11 20:03:58,692] {local_task_job.py:154} INFO - Task exited with return code 0
[2022-04-11 20:03:58,728] {local_task_job.py:264} INFO - 0 downstream tasks scheduled from follow-on schedule check
[2022-04-23 16:31:28,055] {taskinstance.py:1032} INFO - Dependencies all met for <TaskInstance: injury_data.rm_task scheduled__2013-01-01T00:00:00+00:00 [queued]>
[2022-04-23 16:31:28,086] {taskinstance.py:1032} INFO - Dependencies all met for <TaskInstance: injury_data.rm_task scheduled__2013-01-01T00:00:00+00:00 [queued]>
[2022-04-23 16:31:28,086] {taskinstance.py:1238} INFO - 
--------------------------------------------------------------------------------
[2022-04-23 16:31:28,086] {taskinstance.py:1239} INFO - Starting attempt 1 of 1
[2022-04-23 16:31:28,086] {taskinstance.py:1240} INFO - 
--------------------------------------------------------------------------------
[2022-04-23 16:31:28,120] {taskinstance.py:1259} INFO - Executing <Task(BashOperator): rm_task> on 2013-01-01 00:00:00+00:00
[2022-04-23 16:31:28,145] {standard_task_runner.py:52} INFO - Started process 2619 to run task
[2022-04-23 16:31:28,165] {standard_task_runner.py:76} INFO - Running: ['***', 'tasks', 'run', 'injury_data', 'rm_task', 'scheduled__2013-01-01T00:00:00+00:00', '--job-id', '2078', '--raw', '--subdir', 'DAGS_FOLDER/nfl_to_gcs.py', '--cfg-path', '/tmp/tmpgqc7i2t9', '--error-file', '/tmp/tmps_15ozai']
[2022-04-23 16:31:28,182] {standard_task_runner.py:77} INFO - Job 2078: Subtask rm_task
[2022-04-23 16:31:28,348] {logging_mixin.py:109} INFO - Running <TaskInstance: injury_data.rm_task scheduled__2013-01-01T00:00:00+00:00 [running]> on host 04f3a8edbeca
[2022-04-23 16:31:28,575] {taskinstance.py:1426} INFO - Exporting the following env vars:
AIRFLOW_CTX_DAG_OWNER=***
AIRFLOW_CTX_DAG_ID=injury_data
AIRFLOW_CTX_TASK_ID=rm_task
AIRFLOW_CTX_EXECUTION_DATE=2013-01-01T00:00:00+00:00
AIRFLOW_CTX_DAG_RUN_ID=scheduled__2013-01-01T00:00:00+00:00
[2022-04-23 16:31:28,579] {subprocess.py:62} INFO - Tmp dir root location: 
 /tmp
[2022-04-23 16:31:28,581] {subprocess.py:74} INFO - Running command: ['bash', '-c', 'rm "/opt/***/injury_data_2013.parquet"']
[2022-04-23 16:31:28,604] {subprocess.py:85} INFO - Output:
[2022-04-23 16:31:28,624] {subprocess.py:93} INFO - Command exited with return code 0
[2022-04-23 16:31:28,729] {taskinstance.py:1277} INFO - Marking task as SUCCESS. dag_id=injury_data, task_id=rm_task, execution_date=20130101T000000, start_date=20220423T163128, end_date=20220423T163128
[2022-04-23 16:31:28,781] {local_task_job.py:154} INFO - Task exited with return code 0
[2022-04-23 16:31:28,865] {local_task_job.py:264} INFO - 0 downstream tasks scheduled from follow-on schedule check
