[2022-04-11 20:06:50,653] {taskinstance.py:1032} INFO - Dependencies all met for <TaskInstance: pbp_data.local_to_gcs_task scheduled__2013-01-01T00:00:00+00:00 [queued]>
[2022-04-11 20:06:50,685] {taskinstance.py:1032} INFO - Dependencies all met for <TaskInstance: pbp_data.local_to_gcs_task scheduled__2013-01-01T00:00:00+00:00 [queued]>
[2022-04-11 20:06:50,686] {taskinstance.py:1238} INFO - 
--------------------------------------------------------------------------------
[2022-04-11 20:06:50,686] {taskinstance.py:1239} INFO - Starting attempt 1 of 1
[2022-04-11 20:06:50,686] {taskinstance.py:1240} INFO - 
--------------------------------------------------------------------------------
[2022-04-11 20:06:50,721] {taskinstance.py:1259} INFO - Executing <Task(PythonOperator): local_to_gcs_task> on 2013-01-01 00:00:00+00:00
[2022-04-11 20:06:50,732] {standard_task_runner.py:52} INFO - Started process 359048 to run task
[2022-04-11 20:06:50,756] {standard_task_runner.py:76} INFO - Running: ['***', 'tasks', 'run', 'pbp_data', 'local_to_gcs_task', 'scheduled__2013-01-01T00:00:00+00:00', '--job-id', '1986', '--raw', '--subdir', 'DAGS_FOLDER/nfl_to_gcs.py', '--cfg-path', '/tmp/tmp4du6qa94', '--error-file', '/tmp/tmp_94hnh5y']
[2022-04-11 20:06:50,757] {standard_task_runner.py:77} INFO - Job 1986: Subtask local_to_gcs_task
[2022-04-11 20:06:50,947] {logging_mixin.py:109} INFO - Running <TaskInstance: pbp_data.local_to_gcs_task scheduled__2013-01-01T00:00:00+00:00 [running]> on host 4ed3eda454fd
[2022-04-11 20:06:51,084] {logging_mixin.py:109} WARNING - /home/***/.local/lib/python3.7/site-packages/***/utils/context.py:152 AirflowContextDeprecationWarning: Accessing 'execution_date' from the template is deprecated and will be removed in a future version. Please use 'data_interval_start' or 'logical_date' instead.
[2022-04-11 20:06:51,128] {taskinstance.py:1426} INFO - Exporting the following env vars:
AIRFLOW_CTX_DAG_OWNER=***
AIRFLOW_CTX_DAG_ID=pbp_data
AIRFLOW_CTX_TASK_ID=local_to_gcs_task
AIRFLOW_CTX_EXECUTION_DATE=2013-01-01T00:00:00+00:00
AIRFLOW_CTX_DAG_RUN_ID=scheduled__2013-01-01T00:00:00+00:00
[2022-04-11 20:06:51,131] {logging_mixin.py:109} WARNING - /home/***/.local/lib/python3.7/site-packages/***/utils/context.py:152 AirflowContextDeprecationWarning: Accessing 'next_ds' from the template is deprecated and will be removed in a future version. Please use '{{ data_interval_end | ds }}' instead.
[2022-04-11 20:06:51,133] {logging_mixin.py:109} WARNING - /home/***/.local/lib/python3.7/site-packages/***/utils/context.py:152 AirflowContextDeprecationWarning: Accessing 'next_ds_nodash' from the template is deprecated and will be removed in a future version. Please use '{{ data_interval_end | ds_nodash }}' instead.
[2022-04-11 20:06:51,138] {logging_mixin.py:109} WARNING - /home/***/.local/lib/python3.7/site-packages/***/utils/context.py:152 AirflowContextDeprecationWarning: Accessing 'next_execution_date' from the template is deprecated and will be removed in a future version. Please use 'data_interval_end' instead.
[2022-04-11 20:06:51,145] {logging_mixin.py:109} WARNING - /home/***/.local/lib/python3.7/site-packages/***/utils/context.py:152 AirflowContextDeprecationWarning: Accessing 'prev_ds' from the template is deprecated and will be removed in a future version.
[2022-04-11 20:06:51,146] {logging_mixin.py:109} WARNING - /home/***/.local/lib/python3.7/site-packages/***/utils/context.py:152 AirflowContextDeprecationWarning: Accessing 'prev_ds_nodash' from the template is deprecated and will be removed in a future version.
[2022-04-11 20:06:51,147] {logging_mixin.py:109} WARNING - /home/***/.local/lib/python3.7/site-packages/***/utils/context.py:152 AirflowContextDeprecationWarning: Accessing 'prev_execution_date' from the template is deprecated and will be removed in a future version.
[2022-04-11 20:06:51,149] {logging_mixin.py:109} WARNING - /home/***/.local/lib/python3.7/site-packages/***/utils/context.py:152 AirflowContextDeprecationWarning: Accessing 'prev_execution_date_success' from the template is deprecated and will be removed in a future version. Please use 'prev_data_interval_start_success' instead.
[2022-04-11 20:06:51,150] {logging_mixin.py:109} WARNING - /home/***/.local/lib/python3.7/site-packages/***/utils/context.py:152 AirflowContextDeprecationWarning: Accessing 'tomorrow_ds' from the template is deprecated and will be removed in a future version.
[2022-04-11 20:06:51,151] {logging_mixin.py:109} WARNING - /home/***/.local/lib/python3.7/site-packages/***/utils/context.py:152 AirflowContextDeprecationWarning: Accessing 'tomorrow_ds_nodash' from the template is deprecated and will be removed in a future version.
[2022-04-11 20:06:51,153] {logging_mixin.py:109} WARNING - /home/***/.local/lib/python3.7/site-packages/***/utils/context.py:152 AirflowContextDeprecationWarning: Accessing 'yesterday_ds' from the template is deprecated and will be removed in a future version.
[2022-04-11 20:06:51,185] {logging_mixin.py:109} WARNING - /home/***/.local/lib/python3.7/site-packages/***/utils/context.py:152 AirflowContextDeprecationWarning: Accessing 'yesterday_ds_nodash' from the template is deprecated and will be removed in a future version.
[2022-04-11 20:06:52,982] {python.py:175} INFO - Done. Returned value was: None
[2022-04-11 20:06:53,153] {taskinstance.py:1277} INFO - Marking task as SUCCESS. dag_id=pbp_data, task_id=local_to_gcs_task, execution_date=20130101T000000, start_date=20220411T200650, end_date=20220411T200653
[2022-04-11 20:06:53,232] {local_task_job.py:154} INFO - Task exited with return code 0
[2022-04-11 20:06:53,288] {local_task_job.py:264} INFO - 1 downstream tasks scheduled from follow-on schedule check
