[2022-04-11 20:04:15,062] {taskinstance.py:1032} INFO - Dependencies all met for <TaskInstance: schedule_data.rm_task scheduled__2001-01-01T00:00:00+00:00 [queued]>
[2022-04-11 20:04:15,097] {taskinstance.py:1032} INFO - Dependencies all met for <TaskInstance: schedule_data.rm_task scheduled__2001-01-01T00:00:00+00:00 [queued]>
[2022-04-11 20:04:15,097] {taskinstance.py:1238} INFO - 
--------------------------------------------------------------------------------
[2022-04-11 20:04:15,098] {taskinstance.py:1239} INFO - Starting attempt 1 of 1
[2022-04-11 20:04:15,098] {taskinstance.py:1240} INFO - 
--------------------------------------------------------------------------------
[2022-04-11 20:04:15,129] {taskinstance.py:1259} INFO - Executing <Task(BashOperator): rm_task> on 2001-01-01 00:00:00+00:00
[2022-04-11 20:04:15,150] {standard_task_runner.py:52} INFO - Started process 358076 to run task
[2022-04-11 20:04:15,190] {standard_task_runner.py:76} INFO - Running: ['***', 'tasks', 'run', 'schedule_data', 'rm_task', 'scheduled__2001-01-01T00:00:00+00:00', '--job-id', '1880', '--raw', '--subdir', 'DAGS_FOLDER/nfl_to_gcs.py', '--cfg-path', '/tmp/tmpv0v_0193', '--error-file', '/tmp/tmpdy3dp3ac']
[2022-04-11 20:04:15,192] {standard_task_runner.py:77} INFO - Job 1880: Subtask rm_task
[2022-04-11 20:04:15,414] {logging_mixin.py:109} INFO - Running <TaskInstance: schedule_data.rm_task scheduled__2001-01-01T00:00:00+00:00 [running]> on host 4ed3eda454fd
[2022-04-11 20:04:15,750] {taskinstance.py:1426} INFO - Exporting the following env vars:
AIRFLOW_CTX_DAG_OWNER=***
AIRFLOW_CTX_DAG_ID=schedule_data
AIRFLOW_CTX_TASK_ID=rm_task
AIRFLOW_CTX_EXECUTION_DATE=2001-01-01T00:00:00+00:00
AIRFLOW_CTX_DAG_RUN_ID=scheduled__2001-01-01T00:00:00+00:00
[2022-04-11 20:04:15,753] {subprocess.py:62} INFO - Tmp dir root location: 
 /tmp
[2022-04-11 20:04:15,754] {subprocess.py:74} INFO - Running command: ['bash', '-c', 'rm "/opt/***/schedule_data_2001.parquet"']
[2022-04-11 20:04:15,789] {subprocess.py:85} INFO - Output:
[2022-04-11 20:04:15,832] {subprocess.py:93} INFO - Command exited with return code 0
[2022-04-11 20:04:15,915] {taskinstance.py:1277} INFO - Marking task as SUCCESS. dag_id=schedule_data, task_id=rm_task, execution_date=20010101T000000, start_date=20220411T200415, end_date=20220411T200415
[2022-04-11 20:04:15,976] {local_task_job.py:154} INFO - Task exited with return code 0
[2022-04-11 20:04:16,047] {local_task_job.py:264} INFO - 0 downstream tasks scheduled from follow-on schedule check
