[2022-04-11 20:00:33,582] {taskinstance.py:1032} INFO - Dependencies all met for <TaskInstance: injury_data.download_data_task scheduled__2015-01-01T00:00:00+00:00 [queued]>
[2022-04-11 20:00:33,597] {taskinstance.py:1032} INFO - Dependencies all met for <TaskInstance: injury_data.download_data_task scheduled__2015-01-01T00:00:00+00:00 [queued]>
[2022-04-11 20:00:33,597] {taskinstance.py:1238} INFO - 
--------------------------------------------------------------------------------
[2022-04-11 20:00:33,597] {taskinstance.py:1239} INFO - Starting attempt 1 of 1
[2022-04-11 20:00:33,597] {taskinstance.py:1240} INFO - 
--------------------------------------------------------------------------------
[2022-04-11 20:00:33,616] {taskinstance.py:1259} INFO - Executing <Task(PythonOperator): download_data_task> on 2015-01-01 00:00:00+00:00
[2022-04-11 20:00:33,625] {standard_task_runner.py:52} INFO - Started process 357034 to run task
[2022-04-11 20:00:33,645] {standard_task_runner.py:76} INFO - Running: ['***', 'tasks', 'run', 'injury_data', 'download_data_task', 'scheduled__2015-01-01T00:00:00+00:00', '--job-id', '1779', '--raw', '--subdir', 'DAGS_FOLDER/nfl_to_gcs.py', '--cfg-path', '/tmp/tmpixkmjyoz', '--error-file', '/tmp/tmplf8p72qn']
[2022-04-11 20:00:33,647] {standard_task_runner.py:77} INFO - Job 1779: Subtask download_data_task
[2022-04-11 20:00:33,802] {logging_mixin.py:109} INFO - Running <TaskInstance: injury_data.download_data_task scheduled__2015-01-01T00:00:00+00:00 [running]> on host 4ed3eda454fd
[2022-04-11 20:00:33,962] {taskinstance.py:1426} INFO - Exporting the following env vars:
AIRFLOW_CTX_DAG_OWNER=***
AIRFLOW_CTX_DAG_ID=injury_data
AIRFLOW_CTX_TASK_ID=download_data_task
AIRFLOW_CTX_EXECUTION_DATE=2015-01-01T00:00:00+00:00
AIRFLOW_CTX_DAG_RUN_ID=scheduled__2015-01-01T00:00:00+00:00
[2022-04-11 20:00:33,980] {logging_mixin.py:109} WARNING - /home/***/.local/lib/python3.7/site-packages/***/utils/context.py:152 AirflowContextDeprecationWarning: Accessing 'execution_date' from the template is deprecated and will be removed in a future version. Please use 'data_interval_start' or 'logical_date' instead.
[2022-04-11 20:00:33,982] {logging_mixin.py:109} WARNING - /home/***/.local/lib/python3.7/site-packages/***/utils/context.py:152 AirflowContextDeprecationWarning: Accessing 'next_ds' from the template is deprecated and will be removed in a future version. Please use '{{ data_interval_end | ds }}' instead.
[2022-04-11 20:00:33,984] {logging_mixin.py:109} WARNING - /home/***/.local/lib/python3.7/site-packages/***/utils/context.py:152 AirflowContextDeprecationWarning: Accessing 'next_ds_nodash' from the template is deprecated and will be removed in a future version. Please use '{{ data_interval_end | ds_nodash }}' instead.
[2022-04-11 20:00:33,985] {logging_mixin.py:109} WARNING - /home/***/.local/lib/python3.7/site-packages/***/utils/context.py:152 AirflowContextDeprecationWarning: Accessing 'next_execution_date' from the template is deprecated and will be removed in a future version. Please use 'data_interval_end' instead.
[2022-04-11 20:00:33,987] {logging_mixin.py:109} WARNING - /home/***/.local/lib/python3.7/site-packages/***/utils/context.py:152 AirflowContextDeprecationWarning: Accessing 'prev_ds' from the template is deprecated and will be removed in a future version.
[2022-04-11 20:00:33,988] {logging_mixin.py:109} WARNING - /home/***/.local/lib/python3.7/site-packages/***/utils/context.py:152 AirflowContextDeprecationWarning: Accessing 'prev_ds_nodash' from the template is deprecated and will be removed in a future version.
[2022-04-11 20:00:33,989] {logging_mixin.py:109} WARNING - /home/***/.local/lib/python3.7/site-packages/***/utils/context.py:152 AirflowContextDeprecationWarning: Accessing 'prev_execution_date' from the template is deprecated and will be removed in a future version.
[2022-04-11 20:00:33,991] {logging_mixin.py:109} WARNING - /home/***/.local/lib/python3.7/site-packages/***/utils/context.py:152 AirflowContextDeprecationWarning: Accessing 'prev_execution_date_success' from the template is deprecated and will be removed in a future version. Please use 'prev_data_interval_start_success' instead.
[2022-04-11 20:00:33,993] {logging_mixin.py:109} WARNING - /home/***/.local/lib/python3.7/site-packages/***/utils/context.py:152 AirflowContextDeprecationWarning: Accessing 'tomorrow_ds' from the template is deprecated and will be removed in a future version.
[2022-04-11 20:00:33,994] {logging_mixin.py:109} WARNING - /home/***/.local/lib/python3.7/site-packages/***/utils/context.py:152 AirflowContextDeprecationWarning: Accessing 'tomorrow_ds_nodash' from the template is deprecated and will be removed in a future version.
[2022-04-11 20:00:33,995] {logging_mixin.py:109} WARNING - /home/***/.local/lib/python3.7/site-packages/***/utils/context.py:152 AirflowContextDeprecationWarning: Accessing 'yesterday_ds' from the template is deprecated and will be removed in a future version.
[2022-04-11 20:00:33,997] {logging_mixin.py:109} WARNING - /home/***/.local/lib/python3.7/site-packages/***/utils/context.py:152 AirflowContextDeprecationWarning: Accessing 'yesterday_ds_nodash' from the template is deprecated and will be removed in a future version.
[2022-04-11 20:00:34,418] {python.py:175} INFO - Done. Returned value was: None
[2022-04-11 20:00:34,442] {taskinstance.py:1277} INFO - Marking task as SUCCESS. dag_id=injury_data, task_id=download_data_task, execution_date=20150101T000000, start_date=20220411T200033, end_date=20220411T200034
[2022-04-11 20:00:34,474] {local_task_job.py:154} INFO - Task exited with return code 0
[2022-04-11 20:00:34,533] {local_task_job.py:264} INFO - 1 downstream tasks scheduled from follow-on schedule check
[2022-04-11 20:04:24,975] {taskinstance.py:1032} INFO - Dependencies all met for <TaskInstance: injury_data.download_data_task scheduled__2015-01-01T00:00:00+00:00 [queued]>
[2022-04-11 20:04:25,045] {taskinstance.py:1032} INFO - Dependencies all met for <TaskInstance: injury_data.download_data_task scheduled__2015-01-01T00:00:00+00:00 [queued]>
[2022-04-11 20:04:25,045] {taskinstance.py:1238} INFO - 
--------------------------------------------------------------------------------
[2022-04-11 20:04:25,045] {taskinstance.py:1239} INFO - Starting attempt 1 of 1
[2022-04-11 20:04:25,045] {taskinstance.py:1240} INFO - 
--------------------------------------------------------------------------------
[2022-04-11 20:04:25,108] {taskinstance.py:1259} INFO - Executing <Task(PythonOperator): download_data_task> on 2015-01-01 00:00:00+00:00
[2022-04-11 20:04:25,162] {standard_task_runner.py:76} INFO - Running: ['***', 'tasks', 'run', 'injury_data', 'download_data_task', 'scheduled__2015-01-01T00:00:00+00:00', '--job-id', '1883', '--raw', '--subdir', 'DAGS_FOLDER/nfl_to_gcs.py', '--cfg-path', '/tmp/tmpd0m7nqjo', '--error-file', '/tmp/tmpfsk0szjz']
[2022-04-11 20:04:25,163] {standard_task_runner.py:77} INFO - Job 1883: Subtask download_data_task
[2022-04-11 20:04:25,141] {standard_task_runner.py:52} INFO - Started process 358158 to run task
[2022-04-11 20:04:25,420] {logging_mixin.py:109} INFO - Running <TaskInstance: injury_data.download_data_task scheduled__2015-01-01T00:00:00+00:00 [running]> on host 4ed3eda454fd
[2022-04-11 20:04:25,720] {taskinstance.py:1426} INFO - Exporting the following env vars:
AIRFLOW_CTX_DAG_OWNER=***
AIRFLOW_CTX_DAG_ID=injury_data
AIRFLOW_CTX_TASK_ID=download_data_task
AIRFLOW_CTX_EXECUTION_DATE=2015-01-01T00:00:00+00:00
AIRFLOW_CTX_DAG_RUN_ID=scheduled__2015-01-01T00:00:00+00:00
[2022-04-11 20:04:25,743] {logging_mixin.py:109} WARNING - /home/***/.local/lib/python3.7/site-packages/***/utils/context.py:152 AirflowContextDeprecationWarning: Accessing 'execution_date' from the template is deprecated and will be removed in a future version. Please use 'data_interval_start' or 'logical_date' instead.
[2022-04-11 20:04:25,761] {logging_mixin.py:109} WARNING - /home/***/.local/lib/python3.7/site-packages/***/utils/context.py:152 AirflowContextDeprecationWarning: Accessing 'next_ds' from the template is deprecated and will be removed in a future version. Please use '{{ data_interval_end | ds }}' instead.
[2022-04-11 20:04:25,762] {logging_mixin.py:109} WARNING - /home/***/.local/lib/python3.7/site-packages/***/utils/context.py:152 AirflowContextDeprecationWarning: Accessing 'next_ds_nodash' from the template is deprecated and will be removed in a future version. Please use '{{ data_interval_end | ds_nodash }}' instead.
[2022-04-11 20:04:25,784] {logging_mixin.py:109} WARNING - /home/***/.local/lib/python3.7/site-packages/***/utils/context.py:152 AirflowContextDeprecationWarning: Accessing 'next_execution_date' from the template is deprecated and will be removed in a future version. Please use 'data_interval_end' instead.
[2022-04-11 20:04:25,785] {logging_mixin.py:109} WARNING - /home/***/.local/lib/python3.7/site-packages/***/utils/context.py:152 AirflowContextDeprecationWarning: Accessing 'prev_ds' from the template is deprecated and will be removed in a future version.
[2022-04-11 20:04:25,786] {logging_mixin.py:109} WARNING - /home/***/.local/lib/python3.7/site-packages/***/utils/context.py:152 AirflowContextDeprecationWarning: Accessing 'prev_ds_nodash' from the template is deprecated and will be removed in a future version.
[2022-04-11 20:04:25,804] {logging_mixin.py:109} WARNING - /home/***/.local/lib/python3.7/site-packages/***/utils/context.py:152 AirflowContextDeprecationWarning: Accessing 'prev_execution_date' from the template is deprecated and will be removed in a future version.
[2022-04-11 20:04:25,805] {logging_mixin.py:109} WARNING - /home/***/.local/lib/python3.7/site-packages/***/utils/context.py:152 AirflowContextDeprecationWarning: Accessing 'prev_execution_date_success' from the template is deprecated and will be removed in a future version. Please use 'prev_data_interval_start_success' instead.
[2022-04-11 20:04:25,807] {logging_mixin.py:109} WARNING - /home/***/.local/lib/python3.7/site-packages/***/utils/context.py:152 AirflowContextDeprecationWarning: Accessing 'tomorrow_ds' from the template is deprecated and will be removed in a future version.
[2022-04-11 20:04:25,824] {logging_mixin.py:109} WARNING - /home/***/.local/lib/python3.7/site-packages/***/utils/context.py:152 AirflowContextDeprecationWarning: Accessing 'tomorrow_ds_nodash' from the template is deprecated and will be removed in a future version.
[2022-04-11 20:04:25,826] {logging_mixin.py:109} WARNING - /home/***/.local/lib/python3.7/site-packages/***/utils/context.py:152 AirflowContextDeprecationWarning: Accessing 'yesterday_ds' from the template is deprecated and will be removed in a future version.
[2022-04-11 20:04:25,827] {logging_mixin.py:109} WARNING - /home/***/.local/lib/python3.7/site-packages/***/utils/context.py:152 AirflowContextDeprecationWarning: Accessing 'yesterday_ds_nodash' from the template is deprecated and will be removed in a future version.
[2022-04-11 20:04:26,444] {python.py:175} INFO - Done. Returned value was: None
[2022-04-11 20:04:27,150] {taskinstance.py:1277} INFO - Marking task as SUCCESS. dag_id=injury_data, task_id=download_data_task, execution_date=20150101T000000, start_date=20220411T200424, end_date=20220411T200427
[2022-04-11 20:04:27,290] {local_task_job.py:154} INFO - Task exited with return code 0
[2022-04-11 20:04:27,470] {local_task_job.py:264} INFO - 1 downstream tasks scheduled from follow-on schedule check
[2022-04-23 16:31:33,871] {taskinstance.py:1032} INFO - Dependencies all met for <TaskInstance: injury_data.download_data_task scheduled__2015-01-01T00:00:00+00:00 [queued]>
[2022-04-23 16:31:33,920] {taskinstance.py:1032} INFO - Dependencies all met for <TaskInstance: injury_data.download_data_task scheduled__2015-01-01T00:00:00+00:00 [queued]>
[2022-04-23 16:31:33,921] {taskinstance.py:1238} INFO - 
--------------------------------------------------------------------------------
[2022-04-23 16:31:33,921] {taskinstance.py:1239} INFO - Starting attempt 1 of 1
[2022-04-23 16:31:33,921] {taskinstance.py:1240} INFO - 
--------------------------------------------------------------------------------
[2022-04-23 16:31:33,951] {taskinstance.py:1259} INFO - Executing <Task(PythonOperator): download_data_task> on 2015-01-01 00:00:00+00:00
[2022-04-23 16:31:33,958] {standard_task_runner.py:52} INFO - Started process 2663 to run task
[2022-04-23 16:31:33,972] {standard_task_runner.py:76} INFO - Running: ['***', 'tasks', 'run', 'injury_data', 'download_data_task', 'scheduled__2015-01-01T00:00:00+00:00', '--job-id', '2085', '--raw', '--subdir', 'DAGS_FOLDER/nfl_to_gcs.py', '--cfg-path', '/tmp/tmpkhku86tz', '--error-file', '/tmp/tmpdxovwdu6']
[2022-04-23 16:31:33,973] {standard_task_runner.py:77} INFO - Job 2085: Subtask download_data_task
[2022-04-23 16:31:34,183] {logging_mixin.py:109} INFO - Running <TaskInstance: injury_data.download_data_task scheduled__2015-01-01T00:00:00+00:00 [running]> on host 04f3a8edbeca
[2022-04-23 16:31:34,373] {taskinstance.py:1426} INFO - Exporting the following env vars:
AIRFLOW_CTX_DAG_OWNER=***
AIRFLOW_CTX_DAG_ID=injury_data
AIRFLOW_CTX_TASK_ID=download_data_task
AIRFLOW_CTX_EXECUTION_DATE=2015-01-01T00:00:00+00:00
AIRFLOW_CTX_DAG_RUN_ID=scheduled__2015-01-01T00:00:00+00:00
[2022-04-23 16:31:34,395] {logging_mixin.py:109} WARNING - /home/***/.local/lib/python3.7/site-packages/***/utils/context.py:152 AirflowContextDeprecationWarning: Accessing 'execution_date' from the template is deprecated and will be removed in a future version. Please use 'data_interval_start' or 'logical_date' instead.
[2022-04-23 16:31:34,411] {logging_mixin.py:109} WARNING - /home/***/.local/lib/python3.7/site-packages/***/utils/context.py:152 AirflowContextDeprecationWarning: Accessing 'next_ds' from the template is deprecated and will be removed in a future version. Please use '{{ data_interval_end | ds }}' instead.
[2022-04-23 16:31:34,413] {logging_mixin.py:109} WARNING - /home/***/.local/lib/python3.7/site-packages/***/utils/context.py:152 AirflowContextDeprecationWarning: Accessing 'next_ds_nodash' from the template is deprecated and will be removed in a future version. Please use '{{ data_interval_end | ds_nodash }}' instead.
[2022-04-23 16:31:34,414] {logging_mixin.py:109} WARNING - /home/***/.local/lib/python3.7/site-packages/***/utils/context.py:152 AirflowContextDeprecationWarning: Accessing 'next_execution_date' from the template is deprecated and will be removed in a future version. Please use 'data_interval_end' instead.
[2022-04-23 16:31:34,415] {logging_mixin.py:109} WARNING - /home/***/.local/lib/python3.7/site-packages/***/utils/context.py:152 AirflowContextDeprecationWarning: Accessing 'prev_ds' from the template is deprecated and will be removed in a future version.
[2022-04-23 16:31:34,422] {logging_mixin.py:109} WARNING - /home/***/.local/lib/python3.7/site-packages/***/utils/context.py:152 AirflowContextDeprecationWarning: Accessing 'prev_ds_nodash' from the template is deprecated and will be removed in a future version.
[2022-04-23 16:31:34,429] {logging_mixin.py:109} WARNING - /home/***/.local/lib/python3.7/site-packages/***/utils/context.py:152 AirflowContextDeprecationWarning: Accessing 'prev_execution_date' from the template is deprecated and will be removed in a future version.
[2022-04-23 16:31:34,439] {logging_mixin.py:109} WARNING - /home/***/.local/lib/python3.7/site-packages/***/utils/context.py:152 AirflowContextDeprecationWarning: Accessing 'prev_execution_date_success' from the template is deprecated and will be removed in a future version. Please use 'prev_data_interval_start_success' instead.
[2022-04-23 16:31:34,447] {logging_mixin.py:109} WARNING - /home/***/.local/lib/python3.7/site-packages/***/utils/context.py:152 AirflowContextDeprecationWarning: Accessing 'tomorrow_ds' from the template is deprecated and will be removed in a future version.
[2022-04-23 16:31:34,448] {logging_mixin.py:109} WARNING - /home/***/.local/lib/python3.7/site-packages/***/utils/context.py:152 AirflowContextDeprecationWarning: Accessing 'tomorrow_ds_nodash' from the template is deprecated and will be removed in a future version.
[2022-04-23 16:31:34,450] {logging_mixin.py:109} WARNING - /home/***/.local/lib/python3.7/site-packages/***/utils/context.py:152 AirflowContextDeprecationWarning: Accessing 'yesterday_ds' from the template is deprecated and will be removed in a future version.
[2022-04-23 16:31:34,461] {logging_mixin.py:109} WARNING - /home/***/.local/lib/python3.7/site-packages/***/utils/context.py:152 AirflowContextDeprecationWarning: Accessing 'yesterday_ds_nodash' from the template is deprecated and will be removed in a future version.
[2022-04-23 16:31:35,102] {python.py:175} INFO - Done. Returned value was: None
[2022-04-23 16:31:35,146] {taskinstance.py:1277} INFO - Marking task as SUCCESS. dag_id=injury_data, task_id=download_data_task, execution_date=20150101T000000, start_date=20220423T163133, end_date=20220423T163135
[2022-04-23 16:31:35,231] {local_task_job.py:154} INFO - Task exited with return code 0
[2022-04-23 16:31:35,316] {local_task_job.py:264} INFO - 1 downstream tasks scheduled from follow-on schedule check
