[2022-04-24 14:47:32,786] {taskinstance.py:1032} INFO - Dependencies all met for <TaskInstance: pbp_data_bq_dag.bq_ext_2_part_task scheduled__2018-01-01T00:00:00+00:00 [queued]>
[2022-04-24 14:47:32,801] {taskinstance.py:1032} INFO - Dependencies all met for <TaskInstance: pbp_data_bq_dag.bq_ext_2_part_task scheduled__2018-01-01T00:00:00+00:00 [queued]>
[2022-04-24 14:47:32,801] {taskinstance.py:1238} INFO - 
--------------------------------------------------------------------------------
[2022-04-24 14:47:32,802] {taskinstance.py:1239} INFO - Starting attempt 1 of 1
[2022-04-24 14:47:32,802] {taskinstance.py:1240} INFO - 
--------------------------------------------------------------------------------
[2022-04-24 14:47:32,819] {taskinstance.py:1259} INFO - Executing <Task(BigQueryInsertJobOperator): bq_ext_2_part_task> on 2018-01-01 00:00:00+00:00
[2022-04-24 14:47:32,827] {standard_task_runner.py:52} INFO - Started process 3176 to run task
[2022-04-24 14:47:32,833] {standard_task_runner.py:76} INFO - Running: ['***', 'tasks', 'run', 'pbp_data_bq_dag', 'bq_ext_2_part_task', 'scheduled__2018-01-01T00:00:00+00:00', '--job-id', '2209', '--raw', '--subdir', 'DAGS_FOLDER/nfl_gcs_to_bq.py', '--cfg-path', '/tmp/tmp5_zcc9q6', '--error-file', '/tmp/tmpt4aiwst7']
[2022-04-24 14:47:32,835] {standard_task_runner.py:77} INFO - Job 2209: Subtask bq_ext_2_part_task
[2022-04-24 14:47:32,935] {logging_mixin.py:109} INFO - Running <TaskInstance: pbp_data_bq_dag.bq_ext_2_part_task scheduled__2018-01-01T00:00:00+00:00 [running]> on host 28475d5c3e7a
[2022-04-24 14:47:33,047] {taskinstance.py:1426} INFO - Exporting the following env vars:
AIRFLOW_CTX_DAG_OWNER=***
AIRFLOW_CTX_DAG_ID=pbp_data_bq_dag
AIRFLOW_CTX_TASK_ID=bq_ext_2_part_task
AIRFLOW_CTX_EXECUTION_DATE=2018-01-01T00:00:00+00:00
AIRFLOW_CTX_DAG_RUN_ID=scheduled__2018-01-01T00:00:00+00:00
[2022-04-24 14:47:33,049] {crypto.py:82} WARNING - empty cryptography key - values will not be stored encrypted.
[2022-04-24 14:47:33,059] {logging_mixin.py:109} WARNING - /home/***/.local/lib/python3.7/site-packages/***/utils/context.py:152 AirflowContextDeprecationWarning: Accessing 'execution_date' from the template is deprecated and will be removed in a future version. Please use 'data_interval_start' or 'logical_date' instead.
[2022-04-24 14:47:33,071] {bigquery.py:1637} INFO - Inserting job ***_pbp_data_bq_dag_bq_ext_2_part_task_2018_01_01T00_00_00_00_00_7f9b7fbeaa4d34dade1fc2585c38da91
[2022-04-24 14:47:36,737] {taskinstance.py:1277} INFO - Marking task as SUCCESS. dag_id=pbp_data_bq_dag, task_id=bq_ext_2_part_task, execution_date=20180101T000000, start_date=20220424T144732, end_date=20220424T144736
[2022-04-24 14:47:36,783] {local_task_job.py:154} INFO - Task exited with return code 0
[2022-04-24 14:47:36,816] {local_task_job.py:264} INFO - 0 downstream tasks scheduled from follow-on schedule check
[2022-04-25 12:36:54,299] {taskinstance.py:1032} INFO - Dependencies all met for <TaskInstance: pbp_data_bq_dag.bq_ext_2_part_task scheduled__2018-01-01T00:00:00+00:00 [queued]>
[2022-04-25 12:36:54,314] {taskinstance.py:1032} INFO - Dependencies all met for <TaskInstance: pbp_data_bq_dag.bq_ext_2_part_task scheduled__2018-01-01T00:00:00+00:00 [queued]>
[2022-04-25 12:36:54,314] {taskinstance.py:1238} INFO - 
--------------------------------------------------------------------------------
[2022-04-25 12:36:54,315] {taskinstance.py:1239} INFO - Starting attempt 1 of 1
[2022-04-25 12:36:54,315] {taskinstance.py:1240} INFO - 
--------------------------------------------------------------------------------
[2022-04-25 12:36:54,326] {taskinstance.py:1259} INFO - Executing <Task(BigQueryInsertJobOperator): bq_ext_2_part_task> on 2018-01-01 00:00:00+00:00
[2022-04-25 12:36:54,333] {standard_task_runner.py:52} INFO - Started process 883 to run task
[2022-04-25 12:36:54,346] {standard_task_runner.py:76} INFO - Running: ['***', 'tasks', 'run', 'pbp_data_bq_dag', 'bq_ext_2_part_task', 'scheduled__2018-01-01T00:00:00+00:00', '--job-id', '2362', '--raw', '--subdir', 'DAGS_FOLDER/nfl_gcs_to_bq.py', '--cfg-path', '/tmp/tmpnl56dut5', '--error-file', '/tmp/tmp_o1irp6y']
[2022-04-25 12:36:54,347] {standard_task_runner.py:77} INFO - Job 2362: Subtask bq_ext_2_part_task
[2022-04-25 12:36:54,448] {logging_mixin.py:109} INFO - Running <TaskInstance: pbp_data_bq_dag.bq_ext_2_part_task scheduled__2018-01-01T00:00:00+00:00 [running]> on host de169a1be7ed
[2022-04-25 12:36:54,549] {taskinstance.py:1426} INFO - Exporting the following env vars:
AIRFLOW_CTX_DAG_OWNER=***
AIRFLOW_CTX_DAG_ID=pbp_data_bq_dag
AIRFLOW_CTX_TASK_ID=bq_ext_2_part_task
AIRFLOW_CTX_EXECUTION_DATE=2018-01-01T00:00:00+00:00
AIRFLOW_CTX_DAG_RUN_ID=scheduled__2018-01-01T00:00:00+00:00
[2022-04-25 12:36:54,551] {crypto.py:82} WARNING - empty cryptography key - values will not be stored encrypted.
[2022-04-25 12:36:54,560] {logging_mixin.py:109} WARNING - /home/***/.local/lib/python3.7/site-packages/***/utils/context.py:152 AirflowContextDeprecationWarning: Accessing 'execution_date' from the template is deprecated and will be removed in a future version. Please use 'data_interval_start' or 'logical_date' instead.
[2022-04-25 12:36:54,571] {bigquery.py:1637} INFO - Inserting job ***_pbp_data_bq_dag_bq_ext_2_part_task_2018_01_01T00_00_00_00_00_da82390ff0e410bc86c44afa45ddd29b
[2022-04-25 12:36:58,251] {taskinstance.py:1277} INFO - Marking task as SUCCESS. dag_id=pbp_data_bq_dag, task_id=bq_ext_2_part_task, execution_date=20180101T000000, start_date=20220425T123654, end_date=20220425T123658
[2022-04-25 12:36:58,293] {local_task_job.py:154} INFO - Task exited with return code 0
[2022-04-25 12:36:58,322] {local_task_job.py:264} INFO - 0 downstream tasks scheduled from follow-on schedule check
