[2022-04-11 20:04:09,362] {taskinstance.py:1032} INFO - Dependencies all met for <TaskInstance: schedule_data.local_to_gcs_task scheduled__1999-01-01T00:00:00+00:00 [queued]>
[2022-04-11 20:04:09,378] {taskinstance.py:1032} INFO - Dependencies all met for <TaskInstance: schedule_data.local_to_gcs_task scheduled__1999-01-01T00:00:00+00:00 [queued]>
[2022-04-11 20:04:09,378] {taskinstance.py:1238} INFO - 
--------------------------------------------------------------------------------
[2022-04-11 20:04:09,378] {taskinstance.py:1239} INFO - Starting attempt 1 of 1
[2022-04-11 20:04:09,379] {taskinstance.py:1240} INFO - 
--------------------------------------------------------------------------------
[2022-04-11 20:04:09,398] {taskinstance.py:1259} INFO - Executing <Task(PythonOperator): local_to_gcs_task> on 1999-01-01 00:00:00+00:00
[2022-04-11 20:04:09,408] {standard_task_runner.py:52} INFO - Started process 358057 to run task
[2022-04-11 20:04:09,420] {standard_task_runner.py:76} INFO - Running: ['***', 'tasks', 'run', 'schedule_data', 'local_to_gcs_task', 'scheduled__1999-01-01T00:00:00+00:00', '--job-id', '1877', '--raw', '--subdir', 'DAGS_FOLDER/nfl_to_gcs.py', '--cfg-path', '/tmp/tmprlus7d8h', '--error-file', '/tmp/tmpqxhp2iwt']
[2022-04-11 20:04:09,423] {standard_task_runner.py:77} INFO - Job 1877: Subtask local_to_gcs_task
[2022-04-11 20:04:09,541] {logging_mixin.py:109} INFO - Running <TaskInstance: schedule_data.local_to_gcs_task scheduled__1999-01-01T00:00:00+00:00 [running]> on host 4ed3eda454fd
[2022-04-11 20:04:09,653] {logging_mixin.py:109} WARNING - /home/***/.local/lib/python3.7/site-packages/***/utils/context.py:152 AirflowContextDeprecationWarning: Accessing 'execution_date' from the template is deprecated and will be removed in a future version. Please use 'data_interval_start' or 'logical_date' instead.
[2022-04-11 20:04:09,708] {taskinstance.py:1426} INFO - Exporting the following env vars:
AIRFLOW_CTX_DAG_OWNER=***
AIRFLOW_CTX_DAG_ID=schedule_data
AIRFLOW_CTX_TASK_ID=local_to_gcs_task
AIRFLOW_CTX_EXECUTION_DATE=1999-01-01T00:00:00+00:00
AIRFLOW_CTX_DAG_RUN_ID=scheduled__1999-01-01T00:00:00+00:00
[2022-04-11 20:04:09,711] {logging_mixin.py:109} WARNING - /home/***/.local/lib/python3.7/site-packages/***/utils/context.py:152 AirflowContextDeprecationWarning: Accessing 'next_ds' from the template is deprecated and will be removed in a future version. Please use '{{ data_interval_end | ds }}' instead.
[2022-04-11 20:04:09,712] {logging_mixin.py:109} WARNING - /home/***/.local/lib/python3.7/site-packages/***/utils/context.py:152 AirflowContextDeprecationWarning: Accessing 'next_ds_nodash' from the template is deprecated and will be removed in a future version. Please use '{{ data_interval_end | ds_nodash }}' instead.
[2022-04-11 20:04:09,714] {logging_mixin.py:109} WARNING - /home/***/.local/lib/python3.7/site-packages/***/utils/context.py:152 AirflowContextDeprecationWarning: Accessing 'next_execution_date' from the template is deprecated and will be removed in a future version. Please use 'data_interval_end' instead.
[2022-04-11 20:04:09,715] {logging_mixin.py:109} WARNING - /home/***/.local/lib/python3.7/site-packages/***/utils/context.py:152 AirflowContextDeprecationWarning: Accessing 'prev_ds' from the template is deprecated and will be removed in a future version.
[2022-04-11 20:04:09,721] {logging_mixin.py:109} WARNING - /home/***/.local/lib/python3.7/site-packages/***/utils/context.py:152 AirflowContextDeprecationWarning: Accessing 'prev_ds_nodash' from the template is deprecated and will be removed in a future version.
[2022-04-11 20:04:09,722] {logging_mixin.py:109} WARNING - /home/***/.local/lib/python3.7/site-packages/***/utils/context.py:152 AirflowContextDeprecationWarning: Accessing 'prev_execution_date' from the template is deprecated and will be removed in a future version.
[2022-04-11 20:04:09,723] {logging_mixin.py:109} WARNING - /home/***/.local/lib/python3.7/site-packages/***/utils/context.py:152 AirflowContextDeprecationWarning: Accessing 'prev_execution_date_success' from the template is deprecated and will be removed in a future version. Please use 'prev_data_interval_start_success' instead.
[2022-04-11 20:04:09,737] {logging_mixin.py:109} WARNING - /home/***/.local/lib/python3.7/site-packages/***/utils/context.py:152 AirflowContextDeprecationWarning: Accessing 'tomorrow_ds' from the template is deprecated and will be removed in a future version.
[2022-04-11 20:04:09,749] {logging_mixin.py:109} WARNING - /home/***/.local/lib/python3.7/site-packages/***/utils/context.py:152 AirflowContextDeprecationWarning: Accessing 'tomorrow_ds_nodash' from the template is deprecated and will be removed in a future version.
[2022-04-11 20:04:09,750] {logging_mixin.py:109} WARNING - /home/***/.local/lib/python3.7/site-packages/***/utils/context.py:152 AirflowContextDeprecationWarning: Accessing 'yesterday_ds' from the template is deprecated and will be removed in a future version.
[2022-04-11 20:04:09,755] {logging_mixin.py:109} WARNING - /home/***/.local/lib/python3.7/site-packages/***/utils/context.py:152 AirflowContextDeprecationWarning: Accessing 'yesterday_ds_nodash' from the template is deprecated and will be removed in a future version.
[2022-04-11 20:04:10,141] {python.py:175} INFO - Done. Returned value was: None
[2022-04-11 20:04:10,161] {taskinstance.py:1277} INFO - Marking task as SUCCESS. dag_id=schedule_data, task_id=local_to_gcs_task, execution_date=19990101T000000, start_date=20220411T200409, end_date=20220411T200410
[2022-04-11 20:04:10,249] {local_task_job.py:154} INFO - Task exited with return code 0
[2022-04-11 20:04:10,311] {local_task_job.py:264} INFO - 1 downstream tasks scheduled from follow-on schedule check
