[2022-04-11 20:02:30,700] {taskinstance.py:1032} INFO - Dependencies all met for <TaskInstance: roster_data.rm_task scheduled__2021-01-01T00:00:00+00:00 [queued]>
[2022-04-11 20:02:30,711] {taskinstance.py:1032} INFO - Dependencies all met for <TaskInstance: roster_data.rm_task scheduled__2021-01-01T00:00:00+00:00 [queued]>
[2022-04-11 20:02:30,711] {taskinstance.py:1238} INFO - 
--------------------------------------------------------------------------------
[2022-04-11 20:02:30,711] {taskinstance.py:1239} INFO - Starting attempt 1 of 1
[2022-04-11 20:02:30,711] {taskinstance.py:1240} INFO - 
--------------------------------------------------------------------------------
[2022-04-11 20:02:30,722] {taskinstance.py:1259} INFO - Executing <Task(BashOperator): rm_task> on 2021-01-01 00:00:00+00:00
[2022-04-11 20:02:30,731] {standard_task_runner.py:52} INFO - Started process 357729 to run task
[2022-04-11 20:02:30,736] {standard_task_runner.py:76} INFO - Running: ['***', 'tasks', 'run', 'roster_data', 'rm_task', 'scheduled__2021-01-01T00:00:00+00:00', '--job-id', '1852', '--raw', '--subdir', 'DAGS_FOLDER/nfl_to_gcs.py', '--cfg-path', '/tmp/tmpesox6z0l', '--error-file', '/tmp/tmppavk18tl']
[2022-04-11 20:02:30,738] {standard_task_runner.py:77} INFO - Job 1852: Subtask rm_task
[2022-04-11 20:02:30,809] {logging_mixin.py:109} INFO - Running <TaskInstance: roster_data.rm_task scheduled__2021-01-01T00:00:00+00:00 [running]> on host 4ed3eda454fd
[2022-04-11 20:02:30,890] {taskinstance.py:1426} INFO - Exporting the following env vars:
AIRFLOW_CTX_DAG_OWNER=***
AIRFLOW_CTX_DAG_ID=roster_data
AIRFLOW_CTX_TASK_ID=rm_task
AIRFLOW_CTX_EXECUTION_DATE=2021-01-01T00:00:00+00:00
AIRFLOW_CTX_DAG_RUN_ID=scheduled__2021-01-01T00:00:00+00:00
[2022-04-11 20:02:30,892] {subprocess.py:62} INFO - Tmp dir root location: 
 /tmp
[2022-04-11 20:02:30,893] {subprocess.py:74} INFO - Running command: ['bash', '-c', 'rm "/opt/***/roster_data_2021.parquet"']
[2022-04-11 20:02:30,909] {subprocess.py:85} INFO - Output:
[2022-04-11 20:02:30,914] {subprocess.py:93} INFO - Command exited with return code 0
[2022-04-11 20:02:30,945] {taskinstance.py:1277} INFO - Marking task as SUCCESS. dag_id=roster_data, task_id=rm_task, execution_date=20210101T000000, start_date=20220411T200230, end_date=20220411T200230
[2022-04-11 20:02:30,988] {local_task_job.py:154} INFO - Task exited with return code 0
[2022-04-11 20:02:31,024] {local_task_job.py:264} INFO - 0 downstream tasks scheduled from follow-on schedule check
[2022-04-23 16:32:50,624] {taskinstance.py:1032} INFO - Dependencies all met for <TaskInstance: roster_data.rm_task scheduled__2021-01-01T00:00:00+00:00 [queued]>
[2022-04-23 16:32:50,639] {taskinstance.py:1032} INFO - Dependencies all met for <TaskInstance: roster_data.rm_task scheduled__2021-01-01T00:00:00+00:00 [queued]>
[2022-04-23 16:32:50,639] {taskinstance.py:1238} INFO - 
--------------------------------------------------------------------------------
[2022-04-23 16:32:50,639] {taskinstance.py:1239} INFO - Starting attempt 1 of 1
[2022-04-23 16:32:50,639] {taskinstance.py:1240} INFO - 
--------------------------------------------------------------------------------
[2022-04-23 16:32:50,653] {taskinstance.py:1259} INFO - Executing <Task(BashOperator): rm_task> on 2021-01-01 00:00:00+00:00
[2022-04-23 16:32:50,658] {standard_task_runner.py:52} INFO - Started process 3220 to run task
[2022-04-23 16:32:50,665] {standard_task_runner.py:76} INFO - Running: ['***', 'tasks', 'run', 'roster_data', 'rm_task', 'scheduled__2021-01-01T00:00:00+00:00', '--job-id', '2145', '--raw', '--subdir', 'DAGS_FOLDER/nfl_to_gcs.py', '--cfg-path', '/tmp/tmpgumsqtks', '--error-file', '/tmp/tmpay5e5_fn']
[2022-04-23 16:32:50,666] {standard_task_runner.py:77} INFO - Job 2145: Subtask rm_task
[2022-04-23 16:32:50,735] {logging_mixin.py:109} INFO - Running <TaskInstance: roster_data.rm_task scheduled__2021-01-01T00:00:00+00:00 [running]> on host 04f3a8edbeca
[2022-04-23 16:32:50,819] {taskinstance.py:1426} INFO - Exporting the following env vars:
AIRFLOW_CTX_DAG_OWNER=***
AIRFLOW_CTX_DAG_ID=roster_data
AIRFLOW_CTX_TASK_ID=rm_task
AIRFLOW_CTX_EXECUTION_DATE=2021-01-01T00:00:00+00:00
AIRFLOW_CTX_DAG_RUN_ID=scheduled__2021-01-01T00:00:00+00:00
[2022-04-23 16:32:50,820] {subprocess.py:62} INFO - Tmp dir root location: 
 /tmp
[2022-04-23 16:32:50,821] {subprocess.py:74} INFO - Running command: ['bash', '-c', 'rm "/opt/***/roster_data_2021.parquet"']
[2022-04-23 16:32:50,834] {subprocess.py:85} INFO - Output:
[2022-04-23 16:32:50,839] {subprocess.py:93} INFO - Command exited with return code 0
[2022-04-23 16:32:50,869] {taskinstance.py:1277} INFO - Marking task as SUCCESS. dag_id=roster_data, task_id=rm_task, execution_date=20210101T000000, start_date=20220423T163250, end_date=20220423T163250
[2022-04-23 16:32:50,918] {local_task_job.py:154} INFO - Task exited with return code 0
[2022-04-23 16:32:50,956] {local_task_job.py:264} INFO - 0 downstream tasks scheduled from follow-on schedule check
