[2022-04-11 20:01:41,038] {taskinstance.py:1032} INFO - Dependencies all met for <TaskInstance: roster_data.rm_task scheduled__2014-01-01T00:00:00+00:00 [queued]>
[2022-04-11 20:01:41,054] {taskinstance.py:1032} INFO - Dependencies all met for <TaskInstance: roster_data.rm_task scheduled__2014-01-01T00:00:00+00:00 [queued]>
[2022-04-11 20:01:41,055] {taskinstance.py:1238} INFO - 
--------------------------------------------------------------------------------
[2022-04-11 20:01:41,055] {taskinstance.py:1239} INFO - Starting attempt 1 of 1
[2022-04-11 20:01:41,055] {taskinstance.py:1240} INFO - 
--------------------------------------------------------------------------------
[2022-04-11 20:01:41,076] {taskinstance.py:1259} INFO - Executing <Task(BashOperator): rm_task> on 2014-01-01 00:00:00+00:00
[2022-04-11 20:01:41,086] {standard_task_runner.py:52} INFO - Started process 357536 to run task
[2022-04-11 20:01:41,092] {standard_task_runner.py:76} INFO - Running: ['***', 'tasks', 'run', 'roster_data', 'rm_task', 'scheduled__2014-01-01T00:00:00+00:00', '--job-id', '1835', '--raw', '--subdir', 'DAGS_FOLDER/nfl_to_gcs.py', '--cfg-path', '/tmp/tmpcc24nw9m', '--error-file', '/tmp/tmp7pkzi0wf']
[2022-04-11 20:01:41,094] {standard_task_runner.py:77} INFO - Job 1835: Subtask rm_task
[2022-04-11 20:01:41,214] {logging_mixin.py:109} INFO - Running <TaskInstance: roster_data.rm_task scheduled__2014-01-01T00:00:00+00:00 [running]> on host 4ed3eda454fd
[2022-04-11 20:01:41,349] {taskinstance.py:1426} INFO - Exporting the following env vars:
AIRFLOW_CTX_DAG_OWNER=***
AIRFLOW_CTX_DAG_ID=roster_data
AIRFLOW_CTX_TASK_ID=rm_task
AIRFLOW_CTX_EXECUTION_DATE=2014-01-01T00:00:00+00:00
AIRFLOW_CTX_DAG_RUN_ID=scheduled__2014-01-01T00:00:00+00:00
[2022-04-11 20:01:41,353] {subprocess.py:62} INFO - Tmp dir root location: 
 /tmp
[2022-04-11 20:01:41,354] {subprocess.py:74} INFO - Running command: ['bash', '-c', 'rm "/opt/***/roster_data_2014.parquet"']
[2022-04-11 20:01:41,375] {subprocess.py:85} INFO - Output:
[2022-04-11 20:01:41,381] {subprocess.py:93} INFO - Command exited with return code 0
[2022-04-11 20:01:41,418] {taskinstance.py:1277} INFO - Marking task as SUCCESS. dag_id=roster_data, task_id=rm_task, execution_date=20140101T000000, start_date=20220411T200141, end_date=20220411T200141
[2022-04-11 20:01:41,451] {local_task_job.py:154} INFO - Task exited with return code 0
[2022-04-11 20:01:41,493] {local_task_job.py:264} INFO - 0 downstream tasks scheduled from follow-on schedule check
[2022-04-23 16:32:26,804] {taskinstance.py:1032} INFO - Dependencies all met for <TaskInstance: roster_data.rm_task scheduled__2014-01-01T00:00:00+00:00 [queued]>
[2022-04-23 16:32:26,829] {taskinstance.py:1032} INFO - Dependencies all met for <TaskInstance: roster_data.rm_task scheduled__2014-01-01T00:00:00+00:00 [queued]>
[2022-04-23 16:32:26,829] {taskinstance.py:1238} INFO - 
--------------------------------------------------------------------------------
[2022-04-23 16:32:26,830] {taskinstance.py:1239} INFO - Starting attempt 1 of 1
[2022-04-23 16:32:26,830] {taskinstance.py:1240} INFO - 
--------------------------------------------------------------------------------
[2022-04-23 16:32:26,863] {taskinstance.py:1259} INFO - Executing <Task(BashOperator): rm_task> on 2014-01-01 00:00:00+00:00
[2022-04-23 16:32:26,880] {standard_task_runner.py:52} INFO - Started process 3077 to run task
[2022-04-23 16:32:26,896] {standard_task_runner.py:76} INFO - Running: ['***', 'tasks', 'run', 'roster_data', 'rm_task', 'scheduled__2014-01-01T00:00:00+00:00', '--job-id', '2130', '--raw', '--subdir', 'DAGS_FOLDER/nfl_to_gcs.py', '--cfg-path', '/tmp/tmpe1498o73', '--error-file', '/tmp/tmpxtja03sa']
[2022-04-23 16:32:26,909] {standard_task_runner.py:77} INFO - Job 2130: Subtask rm_task
[2022-04-23 16:32:27,118] {logging_mixin.py:109} INFO - Running <TaskInstance: roster_data.rm_task scheduled__2014-01-01T00:00:00+00:00 [running]> on host 04f3a8edbeca
[2022-04-23 16:32:27,346] {taskinstance.py:1426} INFO - Exporting the following env vars:
AIRFLOW_CTX_DAG_OWNER=***
AIRFLOW_CTX_DAG_ID=roster_data
AIRFLOW_CTX_TASK_ID=rm_task
AIRFLOW_CTX_EXECUTION_DATE=2014-01-01T00:00:00+00:00
AIRFLOW_CTX_DAG_RUN_ID=scheduled__2014-01-01T00:00:00+00:00
[2022-04-23 16:32:27,347] {subprocess.py:62} INFO - Tmp dir root location: 
 /tmp
[2022-04-23 16:32:27,348] {subprocess.py:74} INFO - Running command: ['bash', '-c', 'rm "/opt/***/roster_data_2014.parquet"']
[2022-04-23 16:32:27,385] {subprocess.py:85} INFO - Output:
[2022-04-23 16:32:27,413] {subprocess.py:93} INFO - Command exited with return code 0
[2022-04-23 16:32:27,540] {taskinstance.py:1277} INFO - Marking task as SUCCESS. dag_id=roster_data, task_id=rm_task, execution_date=20140101T000000, start_date=20220423T163226, end_date=20220423T163227
[2022-04-23 16:32:27,606] {local_task_job.py:154} INFO - Task exited with return code 0
[2022-04-23 16:32:27,712] {local_task_job.py:264} INFO - 0 downstream tasks scheduled from follow-on schedule check
