[2022-04-11 20:02:10,713] {taskinstance.py:1032} INFO - Dependencies all met for <TaskInstance: roster_data.rm_task scheduled__2017-01-01T00:00:00+00:00 [queued]>
[2022-04-11 20:02:10,729] {taskinstance.py:1032} INFO - Dependencies all met for <TaskInstance: roster_data.rm_task scheduled__2017-01-01T00:00:00+00:00 [queued]>
[2022-04-11 20:02:10,729] {taskinstance.py:1238} INFO - 
--------------------------------------------------------------------------------
[2022-04-11 20:02:10,729] {taskinstance.py:1239} INFO - Starting attempt 1 of 1
[2022-04-11 20:02:10,730] {taskinstance.py:1240} INFO - 
--------------------------------------------------------------------------------
[2022-04-11 20:02:10,745] {taskinstance.py:1259} INFO - Executing <Task(BashOperator): rm_task> on 2017-01-01 00:00:00+00:00
[2022-04-11 20:02:10,757] {standard_task_runner.py:52} INFO - Started process 357632 to run task
[2022-04-11 20:02:10,770] {standard_task_runner.py:76} INFO - Running: ['***', 'tasks', 'run', 'roster_data', 'rm_task', 'scheduled__2017-01-01T00:00:00+00:00', '--job-id', '1844', '--raw', '--subdir', 'DAGS_FOLDER/nfl_to_gcs.py', '--cfg-path', '/tmp/tmpbimc1ikz', '--error-file', '/tmp/tmpbn0qw5yt']
[2022-04-11 20:02:10,771] {standard_task_runner.py:77} INFO - Job 1844: Subtask rm_task
[2022-04-11 20:02:10,885] {logging_mixin.py:109} INFO - Running <TaskInstance: roster_data.rm_task scheduled__2017-01-01T00:00:00+00:00 [running]> on host 4ed3eda454fd
[2022-04-11 20:02:10,988] {taskinstance.py:1426} INFO - Exporting the following env vars:
AIRFLOW_CTX_DAG_OWNER=***
AIRFLOW_CTX_DAG_ID=roster_data
AIRFLOW_CTX_TASK_ID=rm_task
AIRFLOW_CTX_EXECUTION_DATE=2017-01-01T00:00:00+00:00
AIRFLOW_CTX_DAG_RUN_ID=scheduled__2017-01-01T00:00:00+00:00
[2022-04-11 20:02:10,990] {subprocess.py:62} INFO - Tmp dir root location: 
 /tmp
[2022-04-11 20:02:10,991] {subprocess.py:74} INFO - Running command: ['bash', '-c', 'rm "/opt/***/roster_data_2017.parquet"']
[2022-04-11 20:02:11,008] {subprocess.py:85} INFO - Output:
[2022-04-11 20:02:11,014] {subprocess.py:93} INFO - Command exited with return code 0
[2022-04-11 20:02:11,042] {taskinstance.py:1277} INFO - Marking task as SUCCESS. dag_id=roster_data, task_id=rm_task, execution_date=20170101T000000, start_date=20220411T200210, end_date=20220411T200211
[2022-04-11 20:02:11,096] {local_task_job.py:154} INFO - Task exited with return code 0
[2022-04-11 20:02:11,137] {local_task_job.py:264} INFO - 0 downstream tasks scheduled from follow-on schedule check
[2022-04-23 16:32:38,419] {taskinstance.py:1032} INFO - Dependencies all met for <TaskInstance: roster_data.rm_task scheduled__2017-01-01T00:00:00+00:00 [queued]>
[2022-04-23 16:32:38,437] {taskinstance.py:1032} INFO - Dependencies all met for <TaskInstance: roster_data.rm_task scheduled__2017-01-01T00:00:00+00:00 [queued]>
[2022-04-23 16:32:38,437] {taskinstance.py:1238} INFO - 
--------------------------------------------------------------------------------
[2022-04-23 16:32:38,437] {taskinstance.py:1239} INFO - Starting attempt 1 of 1
[2022-04-23 16:32:38,438] {taskinstance.py:1240} INFO - 
--------------------------------------------------------------------------------
[2022-04-23 16:32:38,455] {taskinstance.py:1259} INFO - Executing <Task(BashOperator): rm_task> on 2017-01-01 00:00:00+00:00
[2022-04-23 16:32:38,463] {standard_task_runner.py:52} INFO - Started process 3152 to run task
[2022-04-23 16:32:38,469] {standard_task_runner.py:76} INFO - Running: ['***', 'tasks', 'run', 'roster_data', 'rm_task', 'scheduled__2017-01-01T00:00:00+00:00', '--job-id', '2138', '--raw', '--subdir', 'DAGS_FOLDER/nfl_to_gcs.py', '--cfg-path', '/tmp/tmpo4x0kt2s', '--error-file', '/tmp/tmph4iir2rd']
[2022-04-23 16:32:38,470] {standard_task_runner.py:77} INFO - Job 2138: Subtask rm_task
[2022-04-23 16:32:38,570] {logging_mixin.py:109} INFO - Running <TaskInstance: roster_data.rm_task scheduled__2017-01-01T00:00:00+00:00 [running]> on host 04f3a8edbeca
[2022-04-23 16:32:38,677] {taskinstance.py:1426} INFO - Exporting the following env vars:
AIRFLOW_CTX_DAG_OWNER=***
AIRFLOW_CTX_DAG_ID=roster_data
AIRFLOW_CTX_TASK_ID=rm_task
AIRFLOW_CTX_EXECUTION_DATE=2017-01-01T00:00:00+00:00
AIRFLOW_CTX_DAG_RUN_ID=scheduled__2017-01-01T00:00:00+00:00
[2022-04-23 16:32:38,679] {subprocess.py:62} INFO - Tmp dir root location: 
 /tmp
[2022-04-23 16:32:38,680] {subprocess.py:74} INFO - Running command: ['bash', '-c', 'rm "/opt/***/roster_data_2017.parquet"']
[2022-04-23 16:32:38,705] {subprocess.py:85} INFO - Output:
[2022-04-23 16:32:38,712] {subprocess.py:93} INFO - Command exited with return code 0
[2022-04-23 16:32:38,782] {taskinstance.py:1277} INFO - Marking task as SUCCESS. dag_id=roster_data, task_id=rm_task, execution_date=20170101T000000, start_date=20220423T163238, end_date=20220423T163238
[2022-04-23 16:32:38,844] {local_task_job.py:154} INFO - Task exited with return code 0
[2022-04-23 16:32:38,891] {local_task_job.py:264} INFO - 0 downstream tasks scheduled from follow-on schedule check
