[2022-04-11 19:59:58,453] {taskinstance.py:1032} INFO - Dependencies all met for <TaskInstance: roster_data.rm_task scheduled__1999-01-01T00:00:00+00:00 [queued]>
[2022-04-11 19:59:58,478] {taskinstance.py:1032} INFO - Dependencies all met for <TaskInstance: roster_data.rm_task scheduled__1999-01-01T00:00:00+00:00 [queued]>
[2022-04-11 19:59:58,478] {taskinstance.py:1238} INFO - 
--------------------------------------------------------------------------------
[2022-04-11 19:59:58,479] {taskinstance.py:1239} INFO - Starting attempt 1 of 1
[2022-04-11 19:59:58,479] {taskinstance.py:1240} INFO - 
--------------------------------------------------------------------------------
[2022-04-11 19:59:58,497] {taskinstance.py:1259} INFO - Executing <Task(BashOperator): rm_task> on 1999-01-01 00:00:00+00:00
[2022-04-11 19:59:58,510] {standard_task_runner.py:52} INFO - Started process 356767 to run task
[2022-04-11 19:59:58,525] {standard_task_runner.py:76} INFO - Running: ['***', 'tasks', 'run', 'roster_data', 'rm_task', 'scheduled__1999-01-01T00:00:00+00:00', '--job-id', '1748', '--raw', '--subdir', 'DAGS_FOLDER/nfl_to_gcs.py', '--cfg-path', '/tmp/tmpfvggwtzz', '--error-file', '/tmp/tmp2_ed8d6j']
[2022-04-11 19:59:58,526] {standard_task_runner.py:77} INFO - Job 1748: Subtask rm_task
[2022-04-11 19:59:58,698] {logging_mixin.py:109} INFO - Running <TaskInstance: roster_data.rm_task scheduled__1999-01-01T00:00:00+00:00 [running]> on host 4ed3eda454fd
[2022-04-11 19:59:58,910] {taskinstance.py:1426} INFO - Exporting the following env vars:
AIRFLOW_CTX_DAG_OWNER=***
AIRFLOW_CTX_DAG_ID=roster_data
AIRFLOW_CTX_TASK_ID=rm_task
AIRFLOW_CTX_EXECUTION_DATE=1999-01-01T00:00:00+00:00
AIRFLOW_CTX_DAG_RUN_ID=scheduled__1999-01-01T00:00:00+00:00
[2022-04-11 19:59:58,912] {subprocess.py:62} INFO - Tmp dir root location: 
 /tmp
[2022-04-11 19:59:58,913] {subprocess.py:74} INFO - Running command: ['bash', '-c', 'rm "/opt/***/roster_data_1999.parquet"']
[2022-04-11 19:59:58,986] {subprocess.py:85} INFO - Output:
[2022-04-11 19:59:59,016] {subprocess.py:93} INFO - Command exited with return code 0
[2022-04-11 19:59:59,071] {taskinstance.py:1277} INFO - Marking task as SUCCESS. dag_id=roster_data, task_id=rm_task, execution_date=19990101T000000, start_date=20220411T195958, end_date=20220411T195959
[2022-04-11 19:59:59,184] {local_task_job.py:154} INFO - Task exited with return code 0
[2022-04-11 19:59:59,463] {local_task_job.py:264} INFO - 0 downstream tasks scheduled from follow-on schedule check
[2022-04-23 16:30:10,765] {taskinstance.py:1032} INFO - Dependencies all met for <TaskInstance: roster_data.rm_task scheduled__1999-01-01T00:00:00+00:00 [queued]>
[2022-04-23 16:30:10,793] {taskinstance.py:1032} INFO - Dependencies all met for <TaskInstance: roster_data.rm_task scheduled__1999-01-01T00:00:00+00:00 [queued]>
[2022-04-23 16:30:10,794] {taskinstance.py:1238} INFO - 
--------------------------------------------------------------------------------
[2022-04-23 16:30:10,794] {taskinstance.py:1239} INFO - Starting attempt 1 of 1
[2022-04-23 16:30:10,794] {taskinstance.py:1240} INFO - 
--------------------------------------------------------------------------------
[2022-04-23 16:30:10,814] {taskinstance.py:1259} INFO - Executing <Task(BashOperator): rm_task> on 1999-01-01 00:00:00+00:00
[2022-04-23 16:30:10,825] {standard_task_runner.py:52} INFO - Started process 2233 to run task
[2022-04-23 16:30:10,835] {standard_task_runner.py:76} INFO - Running: ['***', 'tasks', 'run', 'roster_data', 'rm_task', 'scheduled__1999-01-01T00:00:00+00:00', '--job-id', '2046', '--raw', '--subdir', 'DAGS_FOLDER/nfl_to_gcs.py', '--cfg-path', '/tmp/tmpt_ge87n0', '--error-file', '/tmp/tmpl1m7f44u']
[2022-04-23 16:30:10,837] {standard_task_runner.py:77} INFO - Job 2046: Subtask rm_task
[2022-04-23 16:30:10,943] {logging_mixin.py:109} INFO - Running <TaskInstance: roster_data.rm_task scheduled__1999-01-01T00:00:00+00:00 [running]> on host 04f3a8edbeca
[2022-04-23 16:30:11,040] {taskinstance.py:1426} INFO - Exporting the following env vars:
AIRFLOW_CTX_DAG_OWNER=***
AIRFLOW_CTX_DAG_ID=roster_data
AIRFLOW_CTX_TASK_ID=rm_task
AIRFLOW_CTX_EXECUTION_DATE=1999-01-01T00:00:00+00:00
AIRFLOW_CTX_DAG_RUN_ID=scheduled__1999-01-01T00:00:00+00:00
[2022-04-23 16:30:11,042] {subprocess.py:62} INFO - Tmp dir root location: 
 /tmp
[2022-04-23 16:30:11,042] {subprocess.py:74} INFO - Running command: ['bash', '-c', 'rm "/opt/***/roster_data_1999.parquet"']
[2022-04-23 16:30:11,055] {subprocess.py:85} INFO - Output:
[2022-04-23 16:30:11,059] {subprocess.py:93} INFO - Command exited with return code 0
[2022-04-23 16:30:11,097] {taskinstance.py:1277} INFO - Marking task as SUCCESS. dag_id=roster_data, task_id=rm_task, execution_date=19990101T000000, start_date=20220423T163010, end_date=20220423T163011
[2022-04-23 16:30:11,140] {local_task_job.py:154} INFO - Task exited with return code 0
[2022-04-23 16:30:11,182] {local_task_job.py:264} INFO - 0 downstream tasks scheduled from follow-on schedule check
