[2022-04-24 14:50:48,466] {taskinstance.py:1032} INFO - Dependencies all met for <TaskInstance: roster_data_bq_dag.gcs_2_bq_ext_task scheduled__2021-01-01T00:00:00+00:00 [queued]>
[2022-04-24 14:50:48,481] {taskinstance.py:1032} INFO - Dependencies all met for <TaskInstance: roster_data_bq_dag.gcs_2_bq_ext_task scheduled__2021-01-01T00:00:00+00:00 [queued]>
[2022-04-24 14:50:48,481] {taskinstance.py:1238} INFO - 
--------------------------------------------------------------------------------
[2022-04-24 14:50:48,482] {taskinstance.py:1239} INFO - Starting attempt 1 of 1
[2022-04-24 14:50:48,482] {taskinstance.py:1240} INFO - 
--------------------------------------------------------------------------------
[2022-04-24 14:50:48,498] {taskinstance.py:1259} INFO - Executing <Task(BigQueryCreateExternalTableOperator): gcs_2_bq_ext_task> on 2021-01-01 00:00:00+00:00
[2022-04-24 14:50:48,509] {standard_task_runner.py:52} INFO - Started process 3794 to run task
[2022-04-24 14:50:48,522] {standard_task_runner.py:76} INFO - Running: ['***', 'tasks', 'run', 'roster_data_bq_dag', 'gcs_2_bq_ext_task', 'scheduled__2021-01-01T00:00:00+00:00', '--job-id', '2257', '--raw', '--subdir', 'DAGS_FOLDER/nfl_gcs_to_bq.py', '--cfg-path', '/tmp/tmpmf8nuwbv', '--error-file', '/tmp/tmpan7kwe62']
[2022-04-24 14:50:48,523] {standard_task_runner.py:77} INFO - Job 2257: Subtask gcs_2_bq_ext_task
[2022-04-24 14:50:48,676] {logging_mixin.py:109} INFO - Running <TaskInstance: roster_data_bq_dag.gcs_2_bq_ext_task scheduled__2021-01-01T00:00:00+00:00 [running]> on host 28475d5c3e7a
[2022-04-24 14:50:48,807] {taskinstance.py:1426} INFO - Exporting the following env vars:
AIRFLOW_CTX_DAG_OWNER=***
AIRFLOW_CTX_DAG_ID=roster_data_bq_dag
AIRFLOW_CTX_TASK_ID=gcs_2_bq_ext_task
AIRFLOW_CTX_EXECUTION_DATE=2021-01-01T00:00:00+00:00
AIRFLOW_CTX_DAG_RUN_ID=scheduled__2021-01-01T00:00:00+00:00
[2022-04-24 14:50:48,809] {crypto.py:82} WARNING - empty cryptography key - values will not be stored encrypted.
[2022-04-24 14:50:49,474] {taskinstance.py:1277} INFO - Marking task as SUCCESS. dag_id=roster_data_bq_dag, task_id=gcs_2_bq_ext_task, execution_date=20210101T000000, start_date=20220424T145048, end_date=20220424T145049
[2022-04-24 14:50:49,501] {local_task_job.py:154} INFO - Task exited with return code 0
[2022-04-24 14:50:49,539] {local_task_job.py:264} INFO - 0 downstream tasks scheduled from follow-on schedule check
[2022-04-24 14:56:43,137] {taskinstance.py:1032} INFO - Dependencies all met for <TaskInstance: roster_data_bq_dag.gcs_2_bq_ext_task scheduled__2021-01-01T00:00:00+00:00 [queued]>
[2022-04-24 14:56:43,154] {taskinstance.py:1032} INFO - Dependencies all met for <TaskInstance: roster_data_bq_dag.gcs_2_bq_ext_task scheduled__2021-01-01T00:00:00+00:00 [queued]>
[2022-04-24 14:56:43,154] {taskinstance.py:1238} INFO - 
--------------------------------------------------------------------------------
[2022-04-24 14:56:43,155] {taskinstance.py:1239} INFO - Starting attempt 1 of 1
[2022-04-24 14:56:43,155] {taskinstance.py:1240} INFO - 
--------------------------------------------------------------------------------
[2022-04-24 14:56:43,166] {taskinstance.py:1259} INFO - Executing <Task(BigQueryCreateExternalTableOperator): gcs_2_bq_ext_task> on 2021-01-01 00:00:00+00:00
[2022-04-24 14:56:43,175] {standard_task_runner.py:52} INFO - Started process 4663 to run task
[2022-04-24 14:56:43,184] {standard_task_runner.py:76} INFO - Running: ['***', 'tasks', 'run', 'roster_data_bq_dag', 'gcs_2_bq_ext_task', 'scheduled__2021-01-01T00:00:00+00:00', '--job-id', '2307', '--raw', '--subdir', 'DAGS_FOLDER/nfl_gcs_to_bq.py', '--cfg-path', '/tmp/tmpb_nq8f1m', '--error-file', '/tmp/tmpn4r5whep']
[2022-04-24 14:56:43,185] {standard_task_runner.py:77} INFO - Job 2307: Subtask gcs_2_bq_ext_task
[2022-04-24 14:56:43,252] {logging_mixin.py:109} INFO - Running <TaskInstance: roster_data_bq_dag.gcs_2_bq_ext_task scheduled__2021-01-01T00:00:00+00:00 [running]> on host 28475d5c3e7a
[2022-04-24 14:56:43,320] {taskinstance.py:1426} INFO - Exporting the following env vars:
AIRFLOW_CTX_DAG_OWNER=***
AIRFLOW_CTX_DAG_ID=roster_data_bq_dag
AIRFLOW_CTX_TASK_ID=gcs_2_bq_ext_task
AIRFLOW_CTX_EXECUTION_DATE=2021-01-01T00:00:00+00:00
AIRFLOW_CTX_DAG_RUN_ID=scheduled__2021-01-01T00:00:00+00:00
[2022-04-24 14:56:43,322] {crypto.py:82} WARNING - empty cryptography key - values will not be stored encrypted.
[2022-04-24 14:56:43,896] {taskinstance.py:1277} INFO - Marking task as SUCCESS. dag_id=roster_data_bq_dag, task_id=gcs_2_bq_ext_task, execution_date=20210101T000000, start_date=20220424T145643, end_date=20220424T145643
[2022-04-24 14:56:43,955] {local_task_job.py:154} INFO - Task exited with return code 0
[2022-04-24 14:56:43,993] {local_task_job.py:264} INFO - 0 downstream tasks scheduled from follow-on schedule check
