[2022-04-11 20:00:43,777] {taskinstance.py:1032} INFO - Dependencies all met for <TaskInstance: roster_data.rm_task scheduled__2007-01-01T00:00:00+00:00 [queued]>
[2022-04-11 20:00:43,799] {taskinstance.py:1032} INFO - Dependencies all met for <TaskInstance: roster_data.rm_task scheduled__2007-01-01T00:00:00+00:00 [queued]>
[2022-04-11 20:00:43,800] {taskinstance.py:1238} INFO - 
--------------------------------------------------------------------------------
[2022-04-11 20:00:43,801] {taskinstance.py:1239} INFO - Starting attempt 1 of 1
[2022-04-11 20:00:43,801] {taskinstance.py:1240} INFO - 
--------------------------------------------------------------------------------
[2022-04-11 20:00:43,829] {taskinstance.py:1259} INFO - Executing <Task(BashOperator): rm_task> on 2007-01-01 00:00:00+00:00
[2022-04-11 20:00:43,843] {standard_task_runner.py:52} INFO - Started process 357143 to run task
[2022-04-11 20:00:43,857] {standard_task_runner.py:76} INFO - Running: ['***', 'tasks', 'run', 'roster_data', 'rm_task', 'scheduled__2007-01-01T00:00:00+00:00', '--job-id', '1795', '--raw', '--subdir', 'DAGS_FOLDER/nfl_to_gcs.py', '--cfg-path', '/tmp/tmp6twsfh7r', '--error-file', '/tmp/tmpzdw4qisq']
[2022-04-11 20:00:43,858] {standard_task_runner.py:77} INFO - Job 1795: Subtask rm_task
[2022-04-11 20:00:43,986] {logging_mixin.py:109} INFO - Running <TaskInstance: roster_data.rm_task scheduled__2007-01-01T00:00:00+00:00 [running]> on host 4ed3eda454fd
[2022-04-11 20:00:44,139] {taskinstance.py:1426} INFO - Exporting the following env vars:
AIRFLOW_CTX_DAG_OWNER=***
AIRFLOW_CTX_DAG_ID=roster_data
AIRFLOW_CTX_TASK_ID=rm_task
AIRFLOW_CTX_EXECUTION_DATE=2007-01-01T00:00:00+00:00
AIRFLOW_CTX_DAG_RUN_ID=scheduled__2007-01-01T00:00:00+00:00
[2022-04-11 20:00:44,140] {subprocess.py:62} INFO - Tmp dir root location: 
 /tmp
[2022-04-11 20:00:44,141] {subprocess.py:74} INFO - Running command: ['bash', '-c', 'rm "/opt/***/roster_data_2007.parquet"']
[2022-04-11 20:00:44,156] {subprocess.py:85} INFO - Output:
[2022-04-11 20:00:44,161] {subprocess.py:93} INFO - Command exited with return code 0
[2022-04-11 20:00:44,195] {taskinstance.py:1277} INFO - Marking task as SUCCESS. dag_id=roster_data, task_id=rm_task, execution_date=20070101T000000, start_date=20220411T200043, end_date=20220411T200044
[2022-04-11 20:00:44,231] {local_task_job.py:154} INFO - Task exited with return code 0
[2022-04-11 20:00:44,269] {local_task_job.py:264} INFO - 0 downstream tasks scheduled from follow-on schedule check
[2022-04-23 16:31:28,479] {taskinstance.py:1032} INFO - Dependencies all met for <TaskInstance: roster_data.rm_task scheduled__2007-01-01T00:00:00+00:00 [queued]>
[2022-04-23 16:31:28,518] {taskinstance.py:1032} INFO - Dependencies all met for <TaskInstance: roster_data.rm_task scheduled__2007-01-01T00:00:00+00:00 [queued]>
[2022-04-23 16:31:28,519] {taskinstance.py:1238} INFO - 
--------------------------------------------------------------------------------
[2022-04-23 16:31:28,519] {taskinstance.py:1239} INFO - Starting attempt 1 of 1
[2022-04-23 16:31:28,519] {taskinstance.py:1240} INFO - 
--------------------------------------------------------------------------------
[2022-04-23 16:31:28,544] {taskinstance.py:1259} INFO - Executing <Task(BashOperator): rm_task> on 2007-01-01 00:00:00+00:00
[2022-04-23 16:31:28,553] {standard_task_runner.py:52} INFO - Started process 2624 to run task
[2022-04-23 16:31:28,567] {standard_task_runner.py:76} INFO - Running: ['***', 'tasks', 'run', 'roster_data', 'rm_task', 'scheduled__2007-01-01T00:00:00+00:00', '--job-id', '2081', '--raw', '--subdir', 'DAGS_FOLDER/nfl_to_gcs.py', '--cfg-path', '/tmp/tmp4jc2p8dy', '--error-file', '/tmp/tmpo3my95nr']
[2022-04-23 16:31:28,570] {standard_task_runner.py:77} INFO - Job 2081: Subtask rm_task
[2022-04-23 16:31:28,730] {logging_mixin.py:109} INFO - Running <TaskInstance: roster_data.rm_task scheduled__2007-01-01T00:00:00+00:00 [running]> on host 04f3a8edbeca
[2022-04-23 16:31:28,888] {taskinstance.py:1426} INFO - Exporting the following env vars:
AIRFLOW_CTX_DAG_OWNER=***
AIRFLOW_CTX_DAG_ID=roster_data
AIRFLOW_CTX_TASK_ID=rm_task
AIRFLOW_CTX_EXECUTION_DATE=2007-01-01T00:00:00+00:00
AIRFLOW_CTX_DAG_RUN_ID=scheduled__2007-01-01T00:00:00+00:00
[2022-04-23 16:31:28,890] {subprocess.py:62} INFO - Tmp dir root location: 
 /tmp
[2022-04-23 16:31:28,891] {subprocess.py:74} INFO - Running command: ['bash', '-c', 'rm "/opt/***/roster_data_2007.parquet"']
[2022-04-23 16:31:28,921] {subprocess.py:85} INFO - Output:
[2022-04-23 16:31:28,927] {subprocess.py:93} INFO - Command exited with return code 0
[2022-04-23 16:31:28,991] {taskinstance.py:1277} INFO - Marking task as SUCCESS. dag_id=roster_data, task_id=rm_task, execution_date=20070101T000000, start_date=20220423T163128, end_date=20220423T163128
[2022-04-23 16:31:29,066] {local_task_job.py:154} INFO - Task exited with return code 0
[2022-04-23 16:31:29,258] {local_task_job.py:264} INFO - 0 downstream tasks scheduled from follow-on schedule check
