[2022-04-24 14:51:18,486] {taskinstance.py:1032} INFO - Dependencies all met for <TaskInstance: schedule_data_bq_dag.gcs_2_bq_ext_task scheduled__2020-01-01T00:00:00+00:00 [queued]>
[2022-04-24 14:51:18,496] {taskinstance.py:1032} INFO - Dependencies all met for <TaskInstance: schedule_data_bq_dag.gcs_2_bq_ext_task scheduled__2020-01-01T00:00:00+00:00 [queued]>
[2022-04-24 14:51:18,497] {taskinstance.py:1238} INFO - 
--------------------------------------------------------------------------------
[2022-04-24 14:51:18,497] {taskinstance.py:1239} INFO - Starting attempt 1 of 1
[2022-04-24 14:51:18,497] {taskinstance.py:1240} INFO - 
--------------------------------------------------------------------------------
[2022-04-24 14:51:18,509] {taskinstance.py:1259} INFO - Executing <Task(BigQueryCreateExternalTableOperator): gcs_2_bq_ext_task> on 2020-01-01 00:00:00+00:00
[2022-04-24 14:51:18,515] {standard_task_runner.py:52} INFO - Started process 3854 to run task
[2022-04-24 14:51:18,522] {standard_task_runner.py:76} INFO - Running: ['***', 'tasks', 'run', 'schedule_data_bq_dag', 'gcs_2_bq_ext_task', 'scheduled__2020-01-01T00:00:00+00:00', '--job-id', '2260', '--raw', '--subdir', 'DAGS_FOLDER/nfl_gcs_to_bq.py', '--cfg-path', '/tmp/tmp3k01uw0g', '--error-file', '/tmp/tmpon4m8i_b']
[2022-04-24 14:51:18,523] {standard_task_runner.py:77} INFO - Job 2260: Subtask gcs_2_bq_ext_task
[2022-04-24 14:51:18,588] {logging_mixin.py:109} INFO - Running <TaskInstance: schedule_data_bq_dag.gcs_2_bq_ext_task scheduled__2020-01-01T00:00:00+00:00 [running]> on host 28475d5c3e7a
[2022-04-24 14:51:18,654] {taskinstance.py:1426} INFO - Exporting the following env vars:
AIRFLOW_CTX_DAG_OWNER=***
AIRFLOW_CTX_DAG_ID=schedule_data_bq_dag
AIRFLOW_CTX_TASK_ID=gcs_2_bq_ext_task
AIRFLOW_CTX_EXECUTION_DATE=2020-01-01T00:00:00+00:00
AIRFLOW_CTX_DAG_RUN_ID=scheduled__2020-01-01T00:00:00+00:00
[2022-04-24 14:51:18,656] {crypto.py:82} WARNING - empty cryptography key - values will not be stored encrypted.
[2022-04-24 14:51:19,266] {taskinstance.py:1277} INFO - Marking task as SUCCESS. dag_id=schedule_data_bq_dag, task_id=gcs_2_bq_ext_task, execution_date=20200101T000000, start_date=20220424T145118, end_date=20220424T145119
[2022-04-24 14:51:19,297] {local_task_job.py:154} INFO - Task exited with return code 0
[2022-04-24 14:51:19,332] {local_task_job.py:264} INFO - 0 downstream tasks scheduled from follow-on schedule check
[2022-04-24 14:54:59,426] {taskinstance.py:1032} INFO - Dependencies all met for <TaskInstance: schedule_data_bq_dag.gcs_2_bq_ext_task scheduled__2020-01-01T00:00:00+00:00 [queued]>
[2022-04-24 14:54:59,441] {taskinstance.py:1032} INFO - Dependencies all met for <TaskInstance: schedule_data_bq_dag.gcs_2_bq_ext_task scheduled__2020-01-01T00:00:00+00:00 [queued]>
[2022-04-24 14:54:59,442] {taskinstance.py:1238} INFO - 
--------------------------------------------------------------------------------
[2022-04-24 14:54:59,442] {taskinstance.py:1239} INFO - Starting attempt 1 of 1
[2022-04-24 14:54:59,442] {taskinstance.py:1240} INFO - 
--------------------------------------------------------------------------------
[2022-04-24 14:54:59,462] {taskinstance.py:1259} INFO - Executing <Task(BigQueryCreateExternalTableOperator): gcs_2_bq_ext_task> on 2020-01-01 00:00:00+00:00
[2022-04-24 14:54:59,474] {standard_task_runner.py:52} INFO - Started process 4406 to run task
[2022-04-24 14:54:59,501] {standard_task_runner.py:76} INFO - Running: ['***', 'tasks', 'run', 'schedule_data_bq_dag', 'gcs_2_bq_ext_task', 'scheduled__2020-01-01T00:00:00+00:00', '--job-id', '2290', '--raw', '--subdir', 'DAGS_FOLDER/nfl_gcs_to_bq.py', '--cfg-path', '/tmp/tmp4myt_518', '--error-file', '/tmp/tmpo__zm1t3']
[2022-04-24 14:54:59,503] {standard_task_runner.py:77} INFO - Job 2290: Subtask gcs_2_bq_ext_task
[2022-04-24 14:54:59,616] {logging_mixin.py:109} INFO - Running <TaskInstance: schedule_data_bq_dag.gcs_2_bq_ext_task scheduled__2020-01-01T00:00:00+00:00 [running]> on host 28475d5c3e7a
[2022-04-24 14:54:59,743] {taskinstance.py:1426} INFO - Exporting the following env vars:
AIRFLOW_CTX_DAG_OWNER=***
AIRFLOW_CTX_DAG_ID=schedule_data_bq_dag
AIRFLOW_CTX_TASK_ID=gcs_2_bq_ext_task
AIRFLOW_CTX_EXECUTION_DATE=2020-01-01T00:00:00+00:00
AIRFLOW_CTX_DAG_RUN_ID=scheduled__2020-01-01T00:00:00+00:00
[2022-04-24 14:54:59,745] {crypto.py:82} WARNING - empty cryptography key - values will not be stored encrypted.
[2022-04-24 14:55:00,372] {taskinstance.py:1277} INFO - Marking task as SUCCESS. dag_id=schedule_data_bq_dag, task_id=gcs_2_bq_ext_task, execution_date=20200101T000000, start_date=20220424T145459, end_date=20220424T145500
[2022-04-24 14:55:00,402] {local_task_job.py:154} INFO - Task exited with return code 0
[2022-04-24 14:55:00,436] {local_task_job.py:264} INFO - 0 downstream tasks scheduled from follow-on schedule check
