[2022-04-11 20:01:28,092] {taskinstance.py:1032} INFO - Dependencies all met for <TaskInstance: roster_data.rm_task scheduled__2013-01-01T00:00:00+00:00 [queued]>
[2022-04-11 20:01:28,122] {taskinstance.py:1032} INFO - Dependencies all met for <TaskInstance: roster_data.rm_task scheduled__2013-01-01T00:00:00+00:00 [queued]>
[2022-04-11 20:01:28,123] {taskinstance.py:1238} INFO - 
--------------------------------------------------------------------------------
[2022-04-11 20:01:28,123] {taskinstance.py:1239} INFO - Starting attempt 1 of 1
[2022-04-11 20:01:28,123] {taskinstance.py:1240} INFO - 
--------------------------------------------------------------------------------
[2022-04-11 20:01:28,159] {taskinstance.py:1259} INFO - Executing <Task(BashOperator): rm_task> on 2013-01-01 00:00:00+00:00
[2022-04-11 20:01:28,169] {standard_task_runner.py:52} INFO - Started process 357446 to run task
[2022-04-11 20:01:28,179] {standard_task_runner.py:76} INFO - Running: ['***', 'tasks', 'run', 'roster_data', 'rm_task', 'scheduled__2013-01-01T00:00:00+00:00', '--job-id', '1825', '--raw', '--subdir', 'DAGS_FOLDER/nfl_to_gcs.py', '--cfg-path', '/tmp/tmp4iv9yt72', '--error-file', '/tmp/tmpu1no9awx']
[2022-04-11 20:01:28,188] {standard_task_runner.py:77} INFO - Job 1825: Subtask rm_task
[2022-04-11 20:01:28,313] {logging_mixin.py:109} INFO - Running <TaskInstance: roster_data.rm_task scheduled__2013-01-01T00:00:00+00:00 [running]> on host 4ed3eda454fd
[2022-04-11 20:01:28,522] {taskinstance.py:1426} INFO - Exporting the following env vars:
AIRFLOW_CTX_DAG_OWNER=***
AIRFLOW_CTX_DAG_ID=roster_data
AIRFLOW_CTX_TASK_ID=rm_task
AIRFLOW_CTX_EXECUTION_DATE=2013-01-01T00:00:00+00:00
AIRFLOW_CTX_DAG_RUN_ID=scheduled__2013-01-01T00:00:00+00:00
[2022-04-11 20:01:28,523] {subprocess.py:62} INFO - Tmp dir root location: 
 /tmp
[2022-04-11 20:01:28,527] {subprocess.py:74} INFO - Running command: ['bash', '-c', 'rm "/opt/***/roster_data_2013.parquet"']
[2022-04-11 20:01:28,554] {subprocess.py:85} INFO - Output:
[2022-04-11 20:01:28,561] {subprocess.py:93} INFO - Command exited with return code 0
[2022-04-11 20:01:28,624] {taskinstance.py:1277} INFO - Marking task as SUCCESS. dag_id=roster_data, task_id=rm_task, execution_date=20130101T000000, start_date=20220411T200128, end_date=20220411T200128
[2022-04-11 20:01:28,708] {local_task_job.py:154} INFO - Task exited with return code 0
[2022-04-11 20:01:28,768] {local_task_job.py:264} INFO - 0 downstream tasks scheduled from follow-on schedule check
[2022-04-23 16:32:08,417] {taskinstance.py:1032} INFO - Dependencies all met for <TaskInstance: roster_data.rm_task scheduled__2013-01-01T00:00:00+00:00 [queued]>
[2022-04-23 16:32:08,434] {taskinstance.py:1032} INFO - Dependencies all met for <TaskInstance: roster_data.rm_task scheduled__2013-01-01T00:00:00+00:00 [queued]>
[2022-04-23 16:32:08,435] {taskinstance.py:1238} INFO - 
--------------------------------------------------------------------------------
[2022-04-23 16:32:08,435] {taskinstance.py:1239} INFO - Starting attempt 1 of 1
[2022-04-23 16:32:08,435] {taskinstance.py:1240} INFO - 
--------------------------------------------------------------------------------
[2022-04-23 16:32:08,455] {taskinstance.py:1259} INFO - Executing <Task(BashOperator): rm_task> on 2013-01-01 00:00:00+00:00
[2022-04-23 16:32:08,467] {standard_task_runner.py:52} INFO - Started process 2949 to run task
[2022-04-23 16:32:08,479] {standard_task_runner.py:76} INFO - Running: ['***', 'tasks', 'run', 'roster_data', 'rm_task', 'scheduled__2013-01-01T00:00:00+00:00', '--job-id', '2119', '--raw', '--subdir', 'DAGS_FOLDER/nfl_to_gcs.py', '--cfg-path', '/tmp/tmp4km582xr', '--error-file', '/tmp/tmp7tr8glkz']
[2022-04-23 16:32:08,481] {standard_task_runner.py:77} INFO - Job 2119: Subtask rm_task
[2022-04-23 16:32:08,580] {logging_mixin.py:109} INFO - Running <TaskInstance: roster_data.rm_task scheduled__2013-01-01T00:00:00+00:00 [running]> on host 04f3a8edbeca
[2022-04-23 16:32:08,689] {taskinstance.py:1426} INFO - Exporting the following env vars:
AIRFLOW_CTX_DAG_OWNER=***
AIRFLOW_CTX_DAG_ID=roster_data
AIRFLOW_CTX_TASK_ID=rm_task
AIRFLOW_CTX_EXECUTION_DATE=2013-01-01T00:00:00+00:00
AIRFLOW_CTX_DAG_RUN_ID=scheduled__2013-01-01T00:00:00+00:00
[2022-04-23 16:32:08,691] {subprocess.py:62} INFO - Tmp dir root location: 
 /tmp
[2022-04-23 16:32:08,691] {subprocess.py:74} INFO - Running command: ['bash', '-c', 'rm "/opt/***/roster_data_2013.parquet"']
[2022-04-23 16:32:08,707] {subprocess.py:85} INFO - Output:
[2022-04-23 16:32:08,713] {subprocess.py:93} INFO - Command exited with return code 0
[2022-04-23 16:32:08,747] {taskinstance.py:1277} INFO - Marking task as SUCCESS. dag_id=roster_data, task_id=rm_task, execution_date=20130101T000000, start_date=20220423T163208, end_date=20220423T163208
[2022-04-23 16:32:08,809] {local_task_job.py:154} INFO - Task exited with return code 0
[2022-04-23 16:32:08,841] {local_task_job.py:264} INFO - 0 downstream tasks scheduled from follow-on schedule check
