[2022-04-24 14:46:22,416] {taskinstance.py:1032} INFO - Dependencies all met for <TaskInstance: injury_data_bq_dag.gcs_2_bq_ext_task scheduled__2021-01-01T00:00:00+00:00 [queued]>
[2022-04-24 14:46:22,427] {taskinstance.py:1032} INFO - Dependencies all met for <TaskInstance: injury_data_bq_dag.gcs_2_bq_ext_task scheduled__2021-01-01T00:00:00+00:00 [queued]>
[2022-04-24 14:46:22,427] {taskinstance.py:1238} INFO - 
--------------------------------------------------------------------------------
[2022-04-24 14:46:22,427] {taskinstance.py:1239} INFO - Starting attempt 1 of 1
[2022-04-24 14:46:22,427] {taskinstance.py:1240} INFO - 
--------------------------------------------------------------------------------
[2022-04-24 14:46:22,438] {taskinstance.py:1259} INFO - Executing <Task(BigQueryCreateExternalTableOperator): gcs_2_bq_ext_task> on 2021-01-01 00:00:00+00:00
[2022-04-24 14:46:22,444] {standard_task_runner.py:52} INFO - Started process 2931 to run task
[2022-04-24 14:46:22,451] {standard_task_runner.py:76} INFO - Running: ['***', 'tasks', 'run', 'injury_data_bq_dag', 'gcs_2_bq_ext_task', 'scheduled__2021-01-01T00:00:00+00:00', '--job-id', '2186', '--raw', '--subdir', 'DAGS_FOLDER/nfl_gcs_to_bq.py', '--cfg-path', '/tmp/tmpwkebl1kk', '--error-file', '/tmp/tmpmc35uqmb']
[2022-04-24 14:46:22,452] {standard_task_runner.py:77} INFO - Job 2186: Subtask gcs_2_bq_ext_task
[2022-04-24 14:46:22,521] {logging_mixin.py:109} INFO - Running <TaskInstance: injury_data_bq_dag.gcs_2_bq_ext_task scheduled__2021-01-01T00:00:00+00:00 [running]> on host 28475d5c3e7a
[2022-04-24 14:46:22,601] {taskinstance.py:1426} INFO - Exporting the following env vars:
AIRFLOW_CTX_DAG_OWNER=***
AIRFLOW_CTX_DAG_ID=injury_data_bq_dag
AIRFLOW_CTX_TASK_ID=gcs_2_bq_ext_task
AIRFLOW_CTX_EXECUTION_DATE=2021-01-01T00:00:00+00:00
AIRFLOW_CTX_DAG_RUN_ID=scheduled__2021-01-01T00:00:00+00:00
[2022-04-24 14:46:22,603] {crypto.py:82} WARNING - empty cryptography key - values will not be stored encrypted.
[2022-04-24 14:46:23,248] {taskinstance.py:1277} INFO - Marking task as SUCCESS. dag_id=injury_data_bq_dag, task_id=gcs_2_bq_ext_task, execution_date=20210101T000000, start_date=20220424T144622, end_date=20220424T144623
[2022-04-24 14:46:23,276] {local_task_job.py:154} INFO - Task exited with return code 0
[2022-04-24 14:46:23,324] {local_task_job.py:264} INFO - 0 downstream tasks scheduled from follow-on schedule check
[2022-04-25 12:35:10,575] {taskinstance.py:1032} INFO - Dependencies all met for <TaskInstance: injury_data_bq_dag.gcs_2_bq_ext_task scheduled__2021-01-01T00:00:00+00:00 [queued]>
[2022-04-25 12:35:10,588] {taskinstance.py:1032} INFO - Dependencies all met for <TaskInstance: injury_data_bq_dag.gcs_2_bq_ext_task scheduled__2021-01-01T00:00:00+00:00 [queued]>
[2022-04-25 12:35:10,588] {taskinstance.py:1238} INFO - 
--------------------------------------------------------------------------------
[2022-04-25 12:35:10,588] {taskinstance.py:1239} INFO - Starting attempt 1 of 1
[2022-04-25 12:35:10,588] {taskinstance.py:1240} INFO - 
--------------------------------------------------------------------------------
[2022-04-25 12:35:10,603] {taskinstance.py:1259} INFO - Executing <Task(BigQueryCreateExternalTableOperator): gcs_2_bq_ext_task> on 2021-01-01 00:00:00+00:00
[2022-04-25 12:35:10,610] {standard_task_runner.py:52} INFO - Started process 464 to run task
[2022-04-25 12:35:10,623] {standard_task_runner.py:76} INFO - Running: ['***', 'tasks', 'run', 'injury_data_bq_dag', 'gcs_2_bq_ext_task', 'scheduled__2021-01-01T00:00:00+00:00', '--job-id', '2321', '--raw', '--subdir', 'DAGS_FOLDER/nfl_gcs_to_bq.py', '--cfg-path', '/tmp/tmppmnwumcd', '--error-file', '/tmp/tmp9sdvh4c7']
[2022-04-25 12:35:10,625] {standard_task_runner.py:77} INFO - Job 2321: Subtask gcs_2_bq_ext_task
[2022-04-25 12:35:10,710] {logging_mixin.py:109} INFO - Running <TaskInstance: injury_data_bq_dag.gcs_2_bq_ext_task scheduled__2021-01-01T00:00:00+00:00 [running]> on host de169a1be7ed
[2022-04-25 12:35:10,814] {taskinstance.py:1426} INFO - Exporting the following env vars:
AIRFLOW_CTX_DAG_OWNER=***
AIRFLOW_CTX_DAG_ID=injury_data_bq_dag
AIRFLOW_CTX_TASK_ID=gcs_2_bq_ext_task
AIRFLOW_CTX_EXECUTION_DATE=2021-01-01T00:00:00+00:00
AIRFLOW_CTX_DAG_RUN_ID=scheduled__2021-01-01T00:00:00+00:00
[2022-04-25 12:35:10,816] {crypto.py:82} WARNING - empty cryptography key - values will not be stored encrypted.
[2022-04-25 12:35:11,481] {taskinstance.py:1277} INFO - Marking task as SUCCESS. dag_id=injury_data_bq_dag, task_id=gcs_2_bq_ext_task, execution_date=20210101T000000, start_date=20220425T123510, end_date=20220425T123511
[2022-04-25 12:35:11,549] {local_task_job.py:154} INFO - Task exited with return code 0
[2022-04-25 12:35:11,603] {local_task_job.py:264} INFO - 0 downstream tasks scheduled from follow-on schedule check
[2022-04-25 13:19:43,964] {taskinstance.py:1032} INFO - Dependencies all met for <TaskInstance: injury_data_bq_dag.gcs_2_bq_ext_task scheduled__2021-01-01T00:00:00+00:00 [queued]>
[2022-04-25 13:19:44,040] {taskinstance.py:1032} INFO - Dependencies all met for <TaskInstance: injury_data_bq_dag.gcs_2_bq_ext_task scheduled__2021-01-01T00:00:00+00:00 [queued]>
[2022-04-25 13:19:44,040] {taskinstance.py:1238} INFO - 
--------------------------------------------------------------------------------
[2022-04-25 13:19:44,040] {taskinstance.py:1239} INFO - Starting attempt 1 of 1
[2022-04-25 13:19:44,040] {taskinstance.py:1240} INFO - 
--------------------------------------------------------------------------------
[2022-04-25 13:19:44,100] {taskinstance.py:1259} INFO - Executing <Task(BigQueryCreateExternalTableOperator): gcs_2_bq_ext_task> on 2021-01-01 00:00:00+00:00
[2022-04-25 13:19:44,128] {standard_task_runner.py:76} INFO - Running: ['***', 'tasks', 'run', 'injury_data_bq_dag', 'gcs_2_bq_ext_task', 'scheduled__2021-01-01T00:00:00+00:00', '--job-id', '2488', '--raw', '--subdir', 'DAGS_FOLDER/nfl_gcs_to_bq.py', '--cfg-path', '/tmp/tmpjqowgxbm', '--error-file', '/tmp/tmpfjdfwrpb']
[2022-04-25 13:19:44,150] {standard_task_runner.py:77} INFO - Job 2488: Subtask gcs_2_bq_ext_task
[2022-04-25 13:19:44,115] {standard_task_runner.py:52} INFO - Started process 5918 to run task
[2022-04-25 13:19:44,416] {logging_mixin.py:109} INFO - Running <TaskInstance: injury_data_bq_dag.gcs_2_bq_ext_task scheduled__2021-01-01T00:00:00+00:00 [running]> on host de169a1be7ed
[2022-04-25 13:19:44,604] {taskinstance.py:1426} INFO - Exporting the following env vars:
AIRFLOW_CTX_DAG_OWNER=***
AIRFLOW_CTX_DAG_ID=injury_data_bq_dag
AIRFLOW_CTX_TASK_ID=gcs_2_bq_ext_task
AIRFLOW_CTX_EXECUTION_DATE=2021-01-01T00:00:00+00:00
AIRFLOW_CTX_DAG_RUN_ID=scheduled__2021-01-01T00:00:00+00:00
[2022-04-25 13:19:44,606] {crypto.py:82} WARNING - empty cryptography key - values will not be stored encrypted.
[2022-04-25 13:19:45,227] {taskinstance.py:1277} INFO - Marking task as SUCCESS. dag_id=injury_data_bq_dag, task_id=gcs_2_bq_ext_task, execution_date=20210101T000000, start_date=20220425T131943, end_date=20220425T131945
[2022-04-25 13:19:45,305] {local_task_job.py:154} INFO - Task exited with return code 0
[2022-04-25 13:19:45,439] {local_task_job.py:264} INFO - 0 downstream tasks scheduled from follow-on schedule check
