[2022-04-11 20:01:06,097] {taskinstance.py:1032} INFO - Dependencies all met for <TaskInstance: roster_data.download_data_task scheduled__2010-01-01T00:00:00+00:00 [queued]>
[2022-04-11 20:01:06,114] {taskinstance.py:1032} INFO - Dependencies all met for <TaskInstance: roster_data.download_data_task scheduled__2010-01-01T00:00:00+00:00 [queued]>
[2022-04-11 20:01:06,115] {taskinstance.py:1238} INFO - 
--------------------------------------------------------------------------------
[2022-04-11 20:01:06,115] {taskinstance.py:1239} INFO - Starting attempt 1 of 1
[2022-04-11 20:01:06,115] {taskinstance.py:1240} INFO - 
--------------------------------------------------------------------------------
[2022-04-11 20:01:06,135] {taskinstance.py:1259} INFO - Executing <Task(PythonOperator): download_data_task> on 2010-01-01 00:00:00+00:00
[2022-04-11 20:01:06,145] {standard_task_runner.py:52} INFO - Started process 357235 to run task
[2022-04-11 20:01:06,157] {standard_task_runner.py:76} INFO - Running: ['***', 'tasks', 'run', 'roster_data', 'download_data_task', 'scheduled__2010-01-01T00:00:00+00:00', '--job-id', '1801', '--raw', '--subdir', 'DAGS_FOLDER/nfl_to_gcs.py', '--cfg-path', '/tmp/tmpfqodsddt', '--error-file', '/tmp/tmp2vxu7tfy']
[2022-04-11 20:01:06,159] {standard_task_runner.py:77} INFO - Job 1801: Subtask download_data_task
[2022-04-11 20:01:06,272] {logging_mixin.py:109} INFO - Running <TaskInstance: roster_data.download_data_task scheduled__2010-01-01T00:00:00+00:00 [running]> on host 4ed3eda454fd
[2022-04-11 20:01:06,375] {taskinstance.py:1426} INFO - Exporting the following env vars:
AIRFLOW_CTX_DAG_OWNER=***
AIRFLOW_CTX_DAG_ID=roster_data
AIRFLOW_CTX_TASK_ID=download_data_task
AIRFLOW_CTX_EXECUTION_DATE=2010-01-01T00:00:00+00:00
AIRFLOW_CTX_DAG_RUN_ID=scheduled__2010-01-01T00:00:00+00:00
[2022-04-11 20:01:06,385] {logging_mixin.py:109} WARNING - /home/***/.local/lib/python3.7/site-packages/***/utils/context.py:152 AirflowContextDeprecationWarning: Accessing 'execution_date' from the template is deprecated and will be removed in a future version. Please use 'data_interval_start' or 'logical_date' instead.
[2022-04-11 20:01:06,386] {logging_mixin.py:109} WARNING - /home/***/.local/lib/python3.7/site-packages/***/utils/context.py:152 AirflowContextDeprecationWarning: Accessing 'next_ds' from the template is deprecated and will be removed in a future version. Please use '{{ data_interval_end | ds }}' instead.
[2022-04-11 20:01:06,387] {logging_mixin.py:109} WARNING - /home/***/.local/lib/python3.7/site-packages/***/utils/context.py:152 AirflowContextDeprecationWarning: Accessing 'next_ds_nodash' from the template is deprecated and will be removed in a future version. Please use '{{ data_interval_end | ds_nodash }}' instead.
[2022-04-11 20:01:06,388] {logging_mixin.py:109} WARNING - /home/***/.local/lib/python3.7/site-packages/***/utils/context.py:152 AirflowContextDeprecationWarning: Accessing 'next_execution_date' from the template is deprecated and will be removed in a future version. Please use 'data_interval_end' instead.
[2022-04-11 20:01:06,389] {logging_mixin.py:109} WARNING - /home/***/.local/lib/python3.7/site-packages/***/utils/context.py:152 AirflowContextDeprecationWarning: Accessing 'prev_ds' from the template is deprecated and will be removed in a future version.
[2022-04-11 20:01:06,390] {logging_mixin.py:109} WARNING - /home/***/.local/lib/python3.7/site-packages/***/utils/context.py:152 AirflowContextDeprecationWarning: Accessing 'prev_ds_nodash' from the template is deprecated and will be removed in a future version.
[2022-04-11 20:01:06,391] {logging_mixin.py:109} WARNING - /home/***/.local/lib/python3.7/site-packages/***/utils/context.py:152 AirflowContextDeprecationWarning: Accessing 'prev_execution_date' from the template is deprecated and will be removed in a future version.
[2022-04-11 20:01:06,393] {logging_mixin.py:109} WARNING - /home/***/.local/lib/python3.7/site-packages/***/utils/context.py:152 AirflowContextDeprecationWarning: Accessing 'prev_execution_date_success' from the template is deprecated and will be removed in a future version. Please use 'prev_data_interval_start_success' instead.
[2022-04-11 20:01:06,394] {logging_mixin.py:109} WARNING - /home/***/.local/lib/python3.7/site-packages/***/utils/context.py:152 AirflowContextDeprecationWarning: Accessing 'tomorrow_ds' from the template is deprecated and will be removed in a future version.
[2022-04-11 20:01:06,395] {logging_mixin.py:109} WARNING - /home/***/.local/lib/python3.7/site-packages/***/utils/context.py:152 AirflowContextDeprecationWarning: Accessing 'tomorrow_ds_nodash' from the template is deprecated and will be removed in a future version.
[2022-04-11 20:01:06,396] {logging_mixin.py:109} WARNING - /home/***/.local/lib/python3.7/site-packages/***/utils/context.py:152 AirflowContextDeprecationWarning: Accessing 'yesterday_ds' from the template is deprecated and will be removed in a future version.
[2022-04-11 20:01:06,397] {logging_mixin.py:109} WARNING - /home/***/.local/lib/python3.7/site-packages/***/utils/context.py:152 AirflowContextDeprecationWarning: Accessing 'yesterday_ds_nodash' from the template is deprecated and will be removed in a future version.
[2022-04-11 20:01:06,605] {python.py:175} INFO - Done. Returned value was: None
[2022-04-11 20:01:06,618] {taskinstance.py:1277} INFO - Marking task as SUCCESS. dag_id=roster_data, task_id=download_data_task, execution_date=20100101T000000, start_date=20220411T200106, end_date=20220411T200106
[2022-04-11 20:01:06,647] {local_task_job.py:154} INFO - Task exited with return code 0
[2022-04-11 20:01:06,698] {local_task_job.py:264} INFO - 1 downstream tasks scheduled from follow-on schedule check
[2022-04-23 16:31:35,409] {taskinstance.py:1032} INFO - Dependencies all met for <TaskInstance: roster_data.download_data_task scheduled__2010-01-01T00:00:00+00:00 [queued]>
[2022-04-23 16:31:35,426] {taskinstance.py:1032} INFO - Dependencies all met for <TaskInstance: roster_data.download_data_task scheduled__2010-01-01T00:00:00+00:00 [queued]>
[2022-04-23 16:31:35,427] {taskinstance.py:1238} INFO - 
--------------------------------------------------------------------------------
[2022-04-23 16:31:35,427] {taskinstance.py:1239} INFO - Starting attempt 1 of 1
[2022-04-23 16:31:35,427] {taskinstance.py:1240} INFO - 
--------------------------------------------------------------------------------
[2022-04-23 16:31:35,452] {taskinstance.py:1259} INFO - Executing <Task(PythonOperator): download_data_task> on 2010-01-01 00:00:00+00:00
[2022-04-23 16:31:35,460] {standard_task_runner.py:52} INFO - Started process 2675 to run task
[2022-04-23 16:31:35,481] {standard_task_runner.py:76} INFO - Running: ['***', 'tasks', 'run', 'roster_data', 'download_data_task', 'scheduled__2010-01-01T00:00:00+00:00', '--job-id', '2089', '--raw', '--subdir', 'DAGS_FOLDER/nfl_to_gcs.py', '--cfg-path', '/tmp/tmpea_wlt7a', '--error-file', '/tmp/tmp24806toe']
[2022-04-23 16:31:35,483] {standard_task_runner.py:77} INFO - Job 2089: Subtask download_data_task
[2022-04-23 16:31:35,618] {logging_mixin.py:109} INFO - Running <TaskInstance: roster_data.download_data_task scheduled__2010-01-01T00:00:00+00:00 [running]> on host 04f3a8edbeca
[2022-04-23 16:31:35,772] {taskinstance.py:1426} INFO - Exporting the following env vars:
AIRFLOW_CTX_DAG_OWNER=***
AIRFLOW_CTX_DAG_ID=roster_data
AIRFLOW_CTX_TASK_ID=download_data_task
AIRFLOW_CTX_EXECUTION_DATE=2010-01-01T00:00:00+00:00
AIRFLOW_CTX_DAG_RUN_ID=scheduled__2010-01-01T00:00:00+00:00
[2022-04-23 16:31:35,784] {logging_mixin.py:109} WARNING - /home/***/.local/lib/python3.7/site-packages/***/utils/context.py:152 AirflowContextDeprecationWarning: Accessing 'execution_date' from the template is deprecated and will be removed in a future version. Please use 'data_interval_start' or 'logical_date' instead.
[2022-04-23 16:31:35,786] {logging_mixin.py:109} WARNING - /home/***/.local/lib/python3.7/site-packages/***/utils/context.py:152 AirflowContextDeprecationWarning: Accessing 'next_ds' from the template is deprecated and will be removed in a future version. Please use '{{ data_interval_end | ds }}' instead.
[2022-04-23 16:31:35,787] {logging_mixin.py:109} WARNING - /home/***/.local/lib/python3.7/site-packages/***/utils/context.py:152 AirflowContextDeprecationWarning: Accessing 'next_ds_nodash' from the template is deprecated and will be removed in a future version. Please use '{{ data_interval_end | ds_nodash }}' instead.
[2022-04-23 16:31:35,789] {logging_mixin.py:109} WARNING - /home/***/.local/lib/python3.7/site-packages/***/utils/context.py:152 AirflowContextDeprecationWarning: Accessing 'next_execution_date' from the template is deprecated and will be removed in a future version. Please use 'data_interval_end' instead.
[2022-04-23 16:31:35,790] {logging_mixin.py:109} WARNING - /home/***/.local/lib/python3.7/site-packages/***/utils/context.py:152 AirflowContextDeprecationWarning: Accessing 'prev_ds' from the template is deprecated and will be removed in a future version.
[2022-04-23 16:31:35,791] {logging_mixin.py:109} WARNING - /home/***/.local/lib/python3.7/site-packages/***/utils/context.py:152 AirflowContextDeprecationWarning: Accessing 'prev_ds_nodash' from the template is deprecated and will be removed in a future version.
[2022-04-23 16:31:35,793] {logging_mixin.py:109} WARNING - /home/***/.local/lib/python3.7/site-packages/***/utils/context.py:152 AirflowContextDeprecationWarning: Accessing 'prev_execution_date' from the template is deprecated and will be removed in a future version.
[2022-04-23 16:31:35,794] {logging_mixin.py:109} WARNING - /home/***/.local/lib/python3.7/site-packages/***/utils/context.py:152 AirflowContextDeprecationWarning: Accessing 'prev_execution_date_success' from the template is deprecated and will be removed in a future version. Please use 'prev_data_interval_start_success' instead.
[2022-04-23 16:31:35,795] {logging_mixin.py:109} WARNING - /home/***/.local/lib/python3.7/site-packages/***/utils/context.py:152 AirflowContextDeprecationWarning: Accessing 'tomorrow_ds' from the template is deprecated and will be removed in a future version.
[2022-04-23 16:31:35,797] {logging_mixin.py:109} WARNING - /home/***/.local/lib/python3.7/site-packages/***/utils/context.py:152 AirflowContextDeprecationWarning: Accessing 'tomorrow_ds_nodash' from the template is deprecated and will be removed in a future version.
[2022-04-23 16:31:35,798] {logging_mixin.py:109} WARNING - /home/***/.local/lib/python3.7/site-packages/***/utils/context.py:152 AirflowContextDeprecationWarning: Accessing 'yesterday_ds' from the template is deprecated and will be removed in a future version.
[2022-04-23 16:31:35,799] {logging_mixin.py:109} WARNING - /home/***/.local/lib/python3.7/site-packages/***/utils/context.py:152 AirflowContextDeprecationWarning: Accessing 'yesterday_ds_nodash' from the template is deprecated and will be removed in a future version.
[2022-04-23 16:31:36,094] {python.py:175} INFO - Done. Returned value was: None
[2022-04-23 16:31:36,201] {taskinstance.py:1277} INFO - Marking task as SUCCESS. dag_id=roster_data, task_id=download_data_task, execution_date=20100101T000000, start_date=20220423T163135, end_date=20220423T163136
[2022-04-23 16:31:36,273] {local_task_job.py:154} INFO - Task exited with return code 0
[2022-04-23 16:31:36,410] {local_task_job.py:264} INFO - 1 downstream tasks scheduled from follow-on schedule check
