[2022-04-11 20:04:15,644] {taskinstance.py:1032} INFO - Dependencies all met for <TaskInstance: schedule_data.rm_task scheduled__2000-01-01T00:00:00+00:00 [queued]>
[2022-04-11 20:04:15,704] {taskinstance.py:1032} INFO - Dependencies all met for <TaskInstance: schedule_data.rm_task scheduled__2000-01-01T00:00:00+00:00 [queued]>
[2022-04-11 20:04:15,706] {taskinstance.py:1238} INFO - 
--------------------------------------------------------------------------------
[2022-04-11 20:04:15,706] {taskinstance.py:1239} INFO - Starting attempt 1 of 1
[2022-04-11 20:04:15,711] {taskinstance.py:1240} INFO - 
--------------------------------------------------------------------------------
[2022-04-11 20:04:15,750] {taskinstance.py:1259} INFO - Executing <Task(BashOperator): rm_task> on 2000-01-01 00:00:00+00:00
[2022-04-11 20:04:15,789] {standard_task_runner.py:52} INFO - Started process 358079 to run task
[2022-04-11 20:04:15,841] {standard_task_runner.py:76} INFO - Running: ['***', 'tasks', 'run', 'schedule_data', 'rm_task', 'scheduled__2000-01-01T00:00:00+00:00', '--job-id', '1882', '--raw', '--subdir', 'DAGS_FOLDER/nfl_to_gcs.py', '--cfg-path', '/tmp/tmp9zbrq9y1', '--error-file', '/tmp/tmp28fpf4gu']
[2022-04-11 20:04:15,851] {standard_task_runner.py:77} INFO - Job 1882: Subtask rm_task
[2022-04-11 20:04:16,062] {logging_mixin.py:109} INFO - Running <TaskInstance: schedule_data.rm_task scheduled__2000-01-01T00:00:00+00:00 [running]> on host 4ed3eda454fd
[2022-04-11 20:04:16,292] {taskinstance.py:1426} INFO - Exporting the following env vars:
AIRFLOW_CTX_DAG_OWNER=***
AIRFLOW_CTX_DAG_ID=schedule_data
AIRFLOW_CTX_TASK_ID=rm_task
AIRFLOW_CTX_EXECUTION_DATE=2000-01-01T00:00:00+00:00
AIRFLOW_CTX_DAG_RUN_ID=scheduled__2000-01-01T00:00:00+00:00
[2022-04-11 20:04:16,294] {subprocess.py:62} INFO - Tmp dir root location: 
 /tmp
[2022-04-11 20:04:16,295] {subprocess.py:74} INFO - Running command: ['bash', '-c', 'rm "/opt/***/schedule_data_2000.parquet"']
[2022-04-11 20:04:16,366] {subprocess.py:85} INFO - Output:
[2022-04-11 20:04:16,373] {subprocess.py:93} INFO - Command exited with return code 0
[2022-04-11 20:04:16,442] {taskinstance.py:1277} INFO - Marking task as SUCCESS. dag_id=schedule_data, task_id=rm_task, execution_date=20000101T000000, start_date=20220411T200415, end_date=20220411T200416
[2022-04-11 20:04:16,536] {local_task_job.py:154} INFO - Task exited with return code 0
[2022-04-11 20:04:16,594] {local_task_job.py:264} INFO - 0 downstream tasks scheduled from follow-on schedule check
