[2022-04-11 20:05:46,882] {taskinstance.py:1032} INFO - Dependencies all met for <TaskInstance: pbp_data.download_data_task scheduled__2009-01-01T00:00:00+00:00 [queued]>
[2022-04-11 20:05:46,898] {taskinstance.py:1032} INFO - Dependencies all met for <TaskInstance: pbp_data.download_data_task scheduled__2009-01-01T00:00:00+00:00 [queued]>
[2022-04-11 20:05:46,898] {taskinstance.py:1238} INFO - 
--------------------------------------------------------------------------------
[2022-04-11 20:05:46,898] {taskinstance.py:1239} INFO - Starting attempt 1 of 1
[2022-04-11 20:05:46,898] {taskinstance.py:1240} INFO - 
--------------------------------------------------------------------------------
[2022-04-11 20:05:46,916] {taskinstance.py:1259} INFO - Executing <Task(PythonOperator): download_data_task> on 2009-01-01 00:00:00+00:00
[2022-04-11 20:05:46,926] {standard_task_runner.py:52} INFO - Started process 358737 to run task
[2022-04-11 20:05:46,938] {standard_task_runner.py:76} INFO - Running: ['***', 'tasks', 'run', 'pbp_data', 'download_data_task', 'scheduled__2009-01-01T00:00:00+00:00', '--job-id', '1956', '--raw', '--subdir', 'DAGS_FOLDER/nfl_to_gcs.py', '--cfg-path', '/tmp/tmp63riiv3x', '--error-file', '/tmp/tmp7_8e8km3']
[2022-04-11 20:05:46,939] {standard_task_runner.py:77} INFO - Job 1956: Subtask download_data_task
[2022-04-11 20:05:47,034] {logging_mixin.py:109} INFO - Running <TaskInstance: pbp_data.download_data_task scheduled__2009-01-01T00:00:00+00:00 [running]> on host 4ed3eda454fd
[2022-04-11 20:05:47,126] {taskinstance.py:1426} INFO - Exporting the following env vars:
AIRFLOW_CTX_DAG_OWNER=***
AIRFLOW_CTX_DAG_ID=pbp_data
AIRFLOW_CTX_TASK_ID=download_data_task
AIRFLOW_CTX_EXECUTION_DATE=2009-01-01T00:00:00+00:00
AIRFLOW_CTX_DAG_RUN_ID=scheduled__2009-01-01T00:00:00+00:00
[2022-04-11 20:05:47,135] {logging_mixin.py:109} WARNING - /home/***/.local/lib/python3.7/site-packages/***/utils/context.py:152 AirflowContextDeprecationWarning: Accessing 'execution_date' from the template is deprecated and will be removed in a future version. Please use 'data_interval_start' or 'logical_date' instead.
[2022-04-11 20:05:47,136] {logging_mixin.py:109} WARNING - /home/***/.local/lib/python3.7/site-packages/***/utils/context.py:152 AirflowContextDeprecationWarning: Accessing 'next_ds' from the template is deprecated and will be removed in a future version. Please use '{{ data_interval_end | ds }}' instead.
[2022-04-11 20:05:47,138] {logging_mixin.py:109} WARNING - /home/***/.local/lib/python3.7/site-packages/***/utils/context.py:152 AirflowContextDeprecationWarning: Accessing 'next_ds_nodash' from the template is deprecated and will be removed in a future version. Please use '{{ data_interval_end | ds_nodash }}' instead.
[2022-04-11 20:05:47,139] {logging_mixin.py:109} WARNING - /home/***/.local/lib/python3.7/site-packages/***/utils/context.py:152 AirflowContextDeprecationWarning: Accessing 'next_execution_date' from the template is deprecated and will be removed in a future version. Please use 'data_interval_end' instead.
[2022-04-11 20:05:47,140] {logging_mixin.py:109} WARNING - /home/***/.local/lib/python3.7/site-packages/***/utils/context.py:152 AirflowContextDeprecationWarning: Accessing 'prev_ds' from the template is deprecated and will be removed in a future version.
[2022-04-11 20:05:47,141] {logging_mixin.py:109} WARNING - /home/***/.local/lib/python3.7/site-packages/***/utils/context.py:152 AirflowContextDeprecationWarning: Accessing 'prev_ds_nodash' from the template is deprecated and will be removed in a future version.
[2022-04-11 20:05:47,142] {logging_mixin.py:109} WARNING - /home/***/.local/lib/python3.7/site-packages/***/utils/context.py:152 AirflowContextDeprecationWarning: Accessing 'prev_execution_date' from the template is deprecated and will be removed in a future version.
[2022-04-11 20:05:47,143] {logging_mixin.py:109} WARNING - /home/***/.local/lib/python3.7/site-packages/***/utils/context.py:152 AirflowContextDeprecationWarning: Accessing 'prev_execution_date_success' from the template is deprecated and will be removed in a future version. Please use 'prev_data_interval_start_success' instead.
[2022-04-11 20:05:47,145] {logging_mixin.py:109} WARNING - /home/***/.local/lib/python3.7/site-packages/***/utils/context.py:152 AirflowContextDeprecationWarning: Accessing 'tomorrow_ds' from the template is deprecated and will be removed in a future version.
[2022-04-11 20:05:47,146] {logging_mixin.py:109} WARNING - /home/***/.local/lib/python3.7/site-packages/***/utils/context.py:152 AirflowContextDeprecationWarning: Accessing 'tomorrow_ds_nodash' from the template is deprecated and will be removed in a future version.
[2022-04-11 20:05:47,147] {logging_mixin.py:109} WARNING - /home/***/.local/lib/python3.7/site-packages/***/utils/context.py:152 AirflowContextDeprecationWarning: Accessing 'yesterday_ds' from the template is deprecated and will be removed in a future version.
[2022-04-11 20:05:47,148] {logging_mixin.py:109} WARNING - /home/***/.local/lib/python3.7/site-packages/***/utils/context.py:152 AirflowContextDeprecationWarning: Accessing 'yesterday_ds_nodash' from the template is deprecated and will be removed in a future version.
[2022-04-11 20:05:55,485] {python.py:175} INFO - Done. Returned value was: None
[2022-04-11 20:05:55,502] {taskinstance.py:1277} INFO - Marking task as SUCCESS. dag_id=pbp_data, task_id=download_data_task, execution_date=20090101T000000, start_date=20220411T200546, end_date=20220411T200555
[2022-04-11 20:05:55,564] {local_task_job.py:154} INFO - Task exited with return code 0
[2022-04-11 20:05:55,612] {local_task_job.py:264} INFO - 1 downstream tasks scheduled from follow-on schedule check
