[2022-04-23 16:33:40,188] {taskinstance.py:1032} INFO - Dependencies all met for <TaskInstance: pbp_data_bq_dag.gcs_2_bq_ext_task scheduled__1999-01-01T00:00:00+00:00 [queued]>
[2022-04-23 16:33:40,199] {taskinstance.py:1032} INFO - Dependencies all met for <TaskInstance: pbp_data_bq_dag.gcs_2_bq_ext_task scheduled__1999-01-01T00:00:00+00:00 [queued]>
[2022-04-23 16:33:40,199] {taskinstance.py:1238} INFO - 
--------------------------------------------------------------------------------
[2022-04-23 16:33:40,199] {taskinstance.py:1239} INFO - Starting attempt 1 of 1
[2022-04-23 16:33:40,199] {taskinstance.py:1240} INFO - 
--------------------------------------------------------------------------------
[2022-04-23 16:33:40,211] {taskinstance.py:1259} INFO - Executing <Task(BigQueryCreateExternalTableOperator): gcs_2_bq_ext_task> on 1999-01-01 00:00:00+00:00
[2022-04-23 16:33:40,217] {standard_task_runner.py:52} INFO - Started process 3322 to run task
[2022-04-23 16:33:40,222] {standard_task_runner.py:76} INFO - Running: ['***', 'tasks', 'run', 'pbp_data_bq_dag', 'gcs_2_bq_ext_task', 'scheduled__1999-01-01T00:00:00+00:00', '--job-id', '2147', '--raw', '--subdir', 'DAGS_FOLDER/nfl_gcs_to_bq.py', '--cfg-path', '/tmp/tmplkjs0bda', '--error-file', '/tmp/tmppodc8ek6']
[2022-04-23 16:33:40,223] {standard_task_runner.py:77} INFO - Job 2147: Subtask gcs_2_bq_ext_task
[2022-04-23 16:33:40,281] {logging_mixin.py:109} INFO - Running <TaskInstance: pbp_data_bq_dag.gcs_2_bq_ext_task scheduled__1999-01-01T00:00:00+00:00 [running]> on host 04f3a8edbeca
[2022-04-23 16:33:40,344] {taskinstance.py:1426} INFO - Exporting the following env vars:
AIRFLOW_CTX_DAG_OWNER=***
AIRFLOW_CTX_DAG_ID=pbp_data_bq_dag
AIRFLOW_CTX_TASK_ID=gcs_2_bq_ext_task
AIRFLOW_CTX_EXECUTION_DATE=1999-01-01T00:00:00+00:00
AIRFLOW_CTX_DAG_RUN_ID=scheduled__1999-01-01T00:00:00+00:00
[2022-04-23 16:33:40,346] {crypto.py:82} WARNING - empty cryptography key - values will not be stored encrypted.
[2022-04-23 16:33:41,038] {taskinstance.py:1277} INFO - Marking task as SUCCESS. dag_id=pbp_data_bq_dag, task_id=gcs_2_bq_ext_task, execution_date=19990101T000000, start_date=20220423T163340, end_date=20220423T163341
[2022-04-23 16:33:41,076] {local_task_job.py:154} INFO - Task exited with return code 0
[2022-04-23 16:33:41,125] {local_task_job.py:264} INFO - 0 downstream tasks scheduled from follow-on schedule check
[2022-04-23 16:41:38,433] {taskinstance.py:1032} INFO - Dependencies all met for <TaskInstance: pbp_data_bq_dag.gcs_2_bq_ext_task scheduled__1999-01-01T00:00:00+00:00 [queued]>
[2022-04-23 16:41:38,451] {taskinstance.py:1032} INFO - Dependencies all met for <TaskInstance: pbp_data_bq_dag.gcs_2_bq_ext_task scheduled__1999-01-01T00:00:00+00:00 [queued]>
[2022-04-23 16:41:38,451] {taskinstance.py:1238} INFO - 
--------------------------------------------------------------------------------
[2022-04-23 16:41:38,451] {taskinstance.py:1239} INFO - Starting attempt 1 of 1
[2022-04-23 16:41:38,451] {taskinstance.py:1240} INFO - 
--------------------------------------------------------------------------------
[2022-04-23 16:41:38,470] {taskinstance.py:1259} INFO - Executing <Task(BigQueryCreateExternalTableOperator): gcs_2_bq_ext_task> on 1999-01-01 00:00:00+00:00
[2022-04-23 16:41:38,476] {standard_task_runner.py:52} INFO - Started process 4134 to run task
[2022-04-23 16:41:38,483] {standard_task_runner.py:76} INFO - Running: ['***', 'tasks', 'run', 'pbp_data_bq_dag', 'gcs_2_bq_ext_task', 'scheduled__1999-01-01T00:00:00+00:00', '--job-id', '2149', '--raw', '--subdir', 'DAGS_FOLDER/nfl_gcs_to_bq.py', '--cfg-path', '/tmp/tmpbihsrvj7', '--error-file', '/tmp/tmpl0zn7p_l']
[2022-04-23 16:41:38,484] {standard_task_runner.py:77} INFO - Job 2149: Subtask gcs_2_bq_ext_task
[2022-04-23 16:41:38,549] {logging_mixin.py:109} INFO - Running <TaskInstance: pbp_data_bq_dag.gcs_2_bq_ext_task scheduled__1999-01-01T00:00:00+00:00 [running]> on host 04f3a8edbeca
[2022-04-23 16:41:38,613] {taskinstance.py:1426} INFO - Exporting the following env vars:
AIRFLOW_CTX_DAG_OWNER=***
AIRFLOW_CTX_DAG_ID=pbp_data_bq_dag
AIRFLOW_CTX_TASK_ID=gcs_2_bq_ext_task
AIRFLOW_CTX_EXECUTION_DATE=1999-01-01T00:00:00+00:00
AIRFLOW_CTX_DAG_RUN_ID=scheduled__1999-01-01T00:00:00+00:00
[2022-04-23 16:41:38,615] {crypto.py:82} WARNING - empty cryptography key - values will not be stored encrypted.
[2022-04-23 16:41:39,449] {taskinstance.py:1277} INFO - Marking task as SUCCESS. dag_id=pbp_data_bq_dag, task_id=gcs_2_bq_ext_task, execution_date=19990101T000000, start_date=20220423T164138, end_date=20220423T164139
[2022-04-23 16:41:39,501] {local_task_job.py:154} INFO - Task exited with return code 0
[2022-04-23 16:41:39,542] {local_task_job.py:264} INFO - 1 downstream tasks scheduled from follow-on schedule check
