[2022-04-11 20:00:19,718] {taskinstance.py:1032} INFO - Dependencies all met for <TaskInstance: injury_data.local_to_gcs_task scheduled__2013-01-01T00:00:00+00:00 [queued]>
[2022-04-11 20:00:19,732] {taskinstance.py:1032} INFO - Dependencies all met for <TaskInstance: injury_data.local_to_gcs_task scheduled__2013-01-01T00:00:00+00:00 [queued]>
[2022-04-11 20:00:19,733] {taskinstance.py:1238} INFO - 
--------------------------------------------------------------------------------
[2022-04-11 20:00:19,733] {taskinstance.py:1239} INFO - Starting attempt 1 of 1
[2022-04-11 20:00:19,733] {taskinstance.py:1240} INFO - 
--------------------------------------------------------------------------------
[2022-04-11 20:00:19,746] {taskinstance.py:1259} INFO - Executing <Task(PythonOperator): local_to_gcs_task> on 2013-01-01 00:00:00+00:00
[2022-04-11 20:00:19,755] {standard_task_runner.py:52} INFO - Started process 356952 to run task
[2022-04-11 20:00:19,762] {standard_task_runner.py:76} INFO - Running: ['***', 'tasks', 'run', 'injury_data', 'local_to_gcs_task', 'scheduled__2013-01-01T00:00:00+00:00', '--job-id', '1772', '--raw', '--subdir', 'DAGS_FOLDER/nfl_to_gcs.py', '--cfg-path', '/tmp/tmpxsfsab_3', '--error-file', '/tmp/tmpxcgm3x2m']
[2022-04-11 20:00:19,763] {standard_task_runner.py:77} INFO - Job 1772: Subtask local_to_gcs_task
[2022-04-11 20:00:19,836] {logging_mixin.py:109} INFO - Running <TaskInstance: injury_data.local_to_gcs_task scheduled__2013-01-01T00:00:00+00:00 [running]> on host 4ed3eda454fd
[2022-04-11 20:00:19,898] {logging_mixin.py:109} WARNING - /home/***/.local/lib/python3.7/site-packages/***/utils/context.py:152 AirflowContextDeprecationWarning: Accessing 'execution_date' from the template is deprecated and will be removed in a future version. Please use 'data_interval_start' or 'logical_date' instead.
[2022-04-11 20:00:19,928] {taskinstance.py:1426} INFO - Exporting the following env vars:
AIRFLOW_CTX_DAG_OWNER=***
AIRFLOW_CTX_DAG_ID=injury_data
AIRFLOW_CTX_TASK_ID=local_to_gcs_task
AIRFLOW_CTX_EXECUTION_DATE=2013-01-01T00:00:00+00:00
AIRFLOW_CTX_DAG_RUN_ID=scheduled__2013-01-01T00:00:00+00:00
[2022-04-11 20:00:19,931] {logging_mixin.py:109} WARNING - /home/***/.local/lib/python3.7/site-packages/***/utils/context.py:152 AirflowContextDeprecationWarning: Accessing 'next_ds' from the template is deprecated and will be removed in a future version. Please use '{{ data_interval_end | ds }}' instead.
[2022-04-11 20:00:19,933] {logging_mixin.py:109} WARNING - /home/***/.local/lib/python3.7/site-packages/***/utils/context.py:152 AirflowContextDeprecationWarning: Accessing 'next_ds_nodash' from the template is deprecated and will be removed in a future version. Please use '{{ data_interval_end | ds_nodash }}' instead.
[2022-04-11 20:00:19,934] {logging_mixin.py:109} WARNING - /home/***/.local/lib/python3.7/site-packages/***/utils/context.py:152 AirflowContextDeprecationWarning: Accessing 'next_execution_date' from the template is deprecated and will be removed in a future version. Please use 'data_interval_end' instead.
[2022-04-11 20:00:19,935] {logging_mixin.py:109} WARNING - /home/***/.local/lib/python3.7/site-packages/***/utils/context.py:152 AirflowContextDeprecationWarning: Accessing 'prev_ds' from the template is deprecated and will be removed in a future version.
[2022-04-11 20:00:19,937] {logging_mixin.py:109} WARNING - /home/***/.local/lib/python3.7/site-packages/***/utils/context.py:152 AirflowContextDeprecationWarning: Accessing 'prev_ds_nodash' from the template is deprecated and will be removed in a future version.
[2022-04-11 20:00:19,938] {logging_mixin.py:109} WARNING - /home/***/.local/lib/python3.7/site-packages/***/utils/context.py:152 AirflowContextDeprecationWarning: Accessing 'prev_execution_date' from the template is deprecated and will be removed in a future version.
[2022-04-11 20:00:19,939] {logging_mixin.py:109} WARNING - /home/***/.local/lib/python3.7/site-packages/***/utils/context.py:152 AirflowContextDeprecationWarning: Accessing 'prev_execution_date_success' from the template is deprecated and will be removed in a future version. Please use 'prev_data_interval_start_success' instead.
[2022-04-11 20:00:19,940] {logging_mixin.py:109} WARNING - /home/***/.local/lib/python3.7/site-packages/***/utils/context.py:152 AirflowContextDeprecationWarning: Accessing 'tomorrow_ds' from the template is deprecated and will be removed in a future version.
[2022-04-11 20:00:19,941] {logging_mixin.py:109} WARNING - /home/***/.local/lib/python3.7/site-packages/***/utils/context.py:152 AirflowContextDeprecationWarning: Accessing 'tomorrow_ds_nodash' from the template is deprecated and will be removed in a future version.
[2022-04-11 20:00:19,942] {logging_mixin.py:109} WARNING - /home/***/.local/lib/python3.7/site-packages/***/utils/context.py:152 AirflowContextDeprecationWarning: Accessing 'yesterday_ds' from the template is deprecated and will be removed in a future version.
[2022-04-11 20:00:19,944] {logging_mixin.py:109} WARNING - /home/***/.local/lib/python3.7/site-packages/***/utils/context.py:152 AirflowContextDeprecationWarning: Accessing 'yesterday_ds_nodash' from the template is deprecated and will be removed in a future version.
[2022-04-11 20:00:20,562] {python.py:175} INFO - Done. Returned value was: None
[2022-04-11 20:00:20,575] {taskinstance.py:1277} INFO - Marking task as SUCCESS. dag_id=injury_data, task_id=local_to_gcs_task, execution_date=20130101T000000, start_date=20220411T200019, end_date=20220411T200020
[2022-04-11 20:00:20,621] {local_task_job.py:154} INFO - Task exited with return code 0
[2022-04-11 20:00:20,661] {local_task_job.py:264} INFO - 1 downstream tasks scheduled from follow-on schedule check
[2022-04-11 20:03:54,686] {taskinstance.py:1032} INFO - Dependencies all met for <TaskInstance: injury_data.local_to_gcs_task scheduled__2013-01-01T00:00:00+00:00 [queued]>
[2022-04-11 20:03:54,702] {taskinstance.py:1032} INFO - Dependencies all met for <TaskInstance: injury_data.local_to_gcs_task scheduled__2013-01-01T00:00:00+00:00 [queued]>
[2022-04-11 20:03:54,702] {taskinstance.py:1238} INFO - 
--------------------------------------------------------------------------------
[2022-04-11 20:03:54,702] {taskinstance.py:1239} INFO - Starting attempt 1 of 1
[2022-04-11 20:03:54,703] {taskinstance.py:1240} INFO - 
--------------------------------------------------------------------------------
[2022-04-11 20:03:54,722] {taskinstance.py:1259} INFO - Executing <Task(PythonOperator): local_to_gcs_task> on 2013-01-01 00:00:00+00:00
[2022-04-11 20:03:54,731] {standard_task_runner.py:52} INFO - Started process 357962 to run task
[2022-04-11 20:03:54,747] {standard_task_runner.py:76} INFO - Running: ['***', 'tasks', 'run', 'injury_data', 'local_to_gcs_task', 'scheduled__2013-01-01T00:00:00+00:00', '--job-id', '1865', '--raw', '--subdir', 'DAGS_FOLDER/nfl_to_gcs.py', '--cfg-path', '/tmp/tmpn6tcdzlq', '--error-file', '/tmp/tmpdao1d160']
[2022-04-11 20:03:54,749] {standard_task_runner.py:77} INFO - Job 1865: Subtask local_to_gcs_task
[2022-04-11 20:03:54,845] {logging_mixin.py:109} INFO - Running <TaskInstance: injury_data.local_to_gcs_task scheduled__2013-01-01T00:00:00+00:00 [running]> on host 4ed3eda454fd
[2022-04-11 20:03:54,934] {logging_mixin.py:109} WARNING - /home/***/.local/lib/python3.7/site-packages/***/utils/context.py:152 AirflowContextDeprecationWarning: Accessing 'execution_date' from the template is deprecated and will be removed in a future version. Please use 'data_interval_start' or 'logical_date' instead.
[2022-04-11 20:03:54,970] {taskinstance.py:1426} INFO - Exporting the following env vars:
AIRFLOW_CTX_DAG_OWNER=***
AIRFLOW_CTX_DAG_ID=injury_data
AIRFLOW_CTX_TASK_ID=local_to_gcs_task
AIRFLOW_CTX_EXECUTION_DATE=2013-01-01T00:00:00+00:00
AIRFLOW_CTX_DAG_RUN_ID=scheduled__2013-01-01T00:00:00+00:00
[2022-04-11 20:03:54,973] {logging_mixin.py:109} WARNING - /home/***/.local/lib/python3.7/site-packages/***/utils/context.py:152 AirflowContextDeprecationWarning: Accessing 'next_ds' from the template is deprecated and will be removed in a future version. Please use '{{ data_interval_end | ds }}' instead.
[2022-04-11 20:03:54,975] {logging_mixin.py:109} WARNING - /home/***/.local/lib/python3.7/site-packages/***/utils/context.py:152 AirflowContextDeprecationWarning: Accessing 'next_ds_nodash' from the template is deprecated and will be removed in a future version. Please use '{{ data_interval_end | ds_nodash }}' instead.
[2022-04-11 20:03:54,976] {logging_mixin.py:109} WARNING - /home/***/.local/lib/python3.7/site-packages/***/utils/context.py:152 AirflowContextDeprecationWarning: Accessing 'next_execution_date' from the template is deprecated and will be removed in a future version. Please use 'data_interval_end' instead.
[2022-04-11 20:03:54,978] {logging_mixin.py:109} WARNING - /home/***/.local/lib/python3.7/site-packages/***/utils/context.py:152 AirflowContextDeprecationWarning: Accessing 'prev_ds' from the template is deprecated and will be removed in a future version.
[2022-04-11 20:03:54,979] {logging_mixin.py:109} WARNING - /home/***/.local/lib/python3.7/site-packages/***/utils/context.py:152 AirflowContextDeprecationWarning: Accessing 'prev_ds_nodash' from the template is deprecated and will be removed in a future version.
[2022-04-11 20:03:54,981] {logging_mixin.py:109} WARNING - /home/***/.local/lib/python3.7/site-packages/***/utils/context.py:152 AirflowContextDeprecationWarning: Accessing 'prev_execution_date' from the template is deprecated and will be removed in a future version.
[2022-04-11 20:03:54,982] {logging_mixin.py:109} WARNING - /home/***/.local/lib/python3.7/site-packages/***/utils/context.py:152 AirflowContextDeprecationWarning: Accessing 'prev_execution_date_success' from the template is deprecated and will be removed in a future version. Please use 'prev_data_interval_start_success' instead.
[2022-04-11 20:03:54,984] {logging_mixin.py:109} WARNING - /home/***/.local/lib/python3.7/site-packages/***/utils/context.py:152 AirflowContextDeprecationWarning: Accessing 'tomorrow_ds' from the template is deprecated and will be removed in a future version.
[2022-04-11 20:03:54,985] {logging_mixin.py:109} WARNING - /home/***/.local/lib/python3.7/site-packages/***/utils/context.py:152 AirflowContextDeprecationWarning: Accessing 'tomorrow_ds_nodash' from the template is deprecated and will be removed in a future version.
[2022-04-11 20:03:54,986] {logging_mixin.py:109} WARNING - /home/***/.local/lib/python3.7/site-packages/***/utils/context.py:152 AirflowContextDeprecationWarning: Accessing 'yesterday_ds' from the template is deprecated and will be removed in a future version.
[2022-04-11 20:03:54,988] {logging_mixin.py:109} WARNING - /home/***/.local/lib/python3.7/site-packages/***/utils/context.py:152 AirflowContextDeprecationWarning: Accessing 'yesterday_ds_nodash' from the template is deprecated and will be removed in a future version.
[2022-04-11 20:03:56,182] {python.py:175} INFO - Done. Returned value was: None
[2022-04-11 20:03:56,196] {taskinstance.py:1277} INFO - Marking task as SUCCESS. dag_id=injury_data, task_id=local_to_gcs_task, execution_date=20130101T000000, start_date=20220411T200354, end_date=20220411T200356
[2022-04-11 20:03:56,248] {local_task_job.py:154} INFO - Task exited with return code 0
[2022-04-11 20:03:56,290] {local_task_job.py:264} INFO - 1 downstream tasks scheduled from follow-on schedule check
[2022-04-23 16:31:21,345] {taskinstance.py:1032} INFO - Dependencies all met for <TaskInstance: injury_data.local_to_gcs_task scheduled__2013-01-01T00:00:00+00:00 [queued]>
[2022-04-23 16:31:21,388] {taskinstance.py:1032} INFO - Dependencies all met for <TaskInstance: injury_data.local_to_gcs_task scheduled__2013-01-01T00:00:00+00:00 [queued]>
[2022-04-23 16:31:21,389] {taskinstance.py:1238} INFO - 
--------------------------------------------------------------------------------
[2022-04-23 16:31:21,392] {taskinstance.py:1239} INFO - Starting attempt 1 of 1
[2022-04-23 16:31:21,393] {taskinstance.py:1240} INFO - 
--------------------------------------------------------------------------------
[2022-04-23 16:31:21,440] {taskinstance.py:1259} INFO - Executing <Task(PythonOperator): local_to_gcs_task> on 2013-01-01 00:00:00+00:00
[2022-04-23 16:31:21,448] {standard_task_runner.py:52} INFO - Started process 2569 to run task
[2022-04-23 16:31:21,471] {standard_task_runner.py:76} INFO - Running: ['***', 'tasks', 'run', 'injury_data', 'local_to_gcs_task', 'scheduled__2013-01-01T00:00:00+00:00', '--job-id', '2075', '--raw', '--subdir', 'DAGS_FOLDER/nfl_to_gcs.py', '--cfg-path', '/tmp/tmps4f1t0z_', '--error-file', '/tmp/tmprj8qpvnq']
[2022-04-23 16:31:21,472] {standard_task_runner.py:77} INFO - Job 2075: Subtask local_to_gcs_task
[2022-04-23 16:31:21,611] {logging_mixin.py:109} INFO - Running <TaskInstance: injury_data.local_to_gcs_task scheduled__2013-01-01T00:00:00+00:00 [running]> on host 04f3a8edbeca
[2022-04-23 16:31:21,765] {logging_mixin.py:109} WARNING - /home/***/.local/lib/python3.7/site-packages/***/utils/context.py:152 AirflowContextDeprecationWarning: Accessing 'execution_date' from the template is deprecated and will be removed in a future version. Please use 'data_interval_start' or 'logical_date' instead.
[2022-04-23 16:31:21,813] {taskinstance.py:1426} INFO - Exporting the following env vars:
AIRFLOW_CTX_DAG_OWNER=***
AIRFLOW_CTX_DAG_ID=injury_data
AIRFLOW_CTX_TASK_ID=local_to_gcs_task
AIRFLOW_CTX_EXECUTION_DATE=2013-01-01T00:00:00+00:00
AIRFLOW_CTX_DAG_RUN_ID=scheduled__2013-01-01T00:00:00+00:00
[2022-04-23 16:31:21,825] {logging_mixin.py:109} WARNING - /home/***/.local/lib/python3.7/site-packages/***/utils/context.py:152 AirflowContextDeprecationWarning: Accessing 'next_ds' from the template is deprecated and will be removed in a future version. Please use '{{ data_interval_end | ds }}' instead.
[2022-04-23 16:31:21,827] {logging_mixin.py:109} WARNING - /home/***/.local/lib/python3.7/site-packages/***/utils/context.py:152 AirflowContextDeprecationWarning: Accessing 'next_ds_nodash' from the template is deprecated and will be removed in a future version. Please use '{{ data_interval_end | ds_nodash }}' instead.
[2022-04-23 16:31:21,828] {logging_mixin.py:109} WARNING - /home/***/.local/lib/python3.7/site-packages/***/utils/context.py:152 AirflowContextDeprecationWarning: Accessing 'next_execution_date' from the template is deprecated and will be removed in a future version. Please use 'data_interval_end' instead.
[2022-04-23 16:31:21,830] {logging_mixin.py:109} WARNING - /home/***/.local/lib/python3.7/site-packages/***/utils/context.py:152 AirflowContextDeprecationWarning: Accessing 'prev_ds' from the template is deprecated and will be removed in a future version.
[2022-04-23 16:31:21,831] {logging_mixin.py:109} WARNING - /home/***/.local/lib/python3.7/site-packages/***/utils/context.py:152 AirflowContextDeprecationWarning: Accessing 'prev_ds_nodash' from the template is deprecated and will be removed in a future version.
[2022-04-23 16:31:21,832] {logging_mixin.py:109} WARNING - /home/***/.local/lib/python3.7/site-packages/***/utils/context.py:152 AirflowContextDeprecationWarning: Accessing 'prev_execution_date' from the template is deprecated and will be removed in a future version.
[2022-04-23 16:31:21,834] {logging_mixin.py:109} WARNING - /home/***/.local/lib/python3.7/site-packages/***/utils/context.py:152 AirflowContextDeprecationWarning: Accessing 'prev_execution_date_success' from the template is deprecated and will be removed in a future version. Please use 'prev_data_interval_start_success' instead.
[2022-04-23 16:31:21,835] {logging_mixin.py:109} WARNING - /home/***/.local/lib/python3.7/site-packages/***/utils/context.py:152 AirflowContextDeprecationWarning: Accessing 'tomorrow_ds' from the template is deprecated and will be removed in a future version.
[2022-04-23 16:31:21,836] {logging_mixin.py:109} WARNING - /home/***/.local/lib/python3.7/site-packages/***/utils/context.py:152 AirflowContextDeprecationWarning: Accessing 'tomorrow_ds_nodash' from the template is deprecated and will be removed in a future version.
[2022-04-23 16:31:21,843] {logging_mixin.py:109} WARNING - /home/***/.local/lib/python3.7/site-packages/***/utils/context.py:152 AirflowContextDeprecationWarning: Accessing 'yesterday_ds' from the template is deprecated and will be removed in a future version.
[2022-04-23 16:31:21,846] {logging_mixin.py:109} WARNING - /home/***/.local/lib/python3.7/site-packages/***/utils/context.py:152 AirflowContextDeprecationWarning: Accessing 'yesterday_ds_nodash' from the template is deprecated and will be removed in a future version.
[2022-04-23 16:31:22,495] {python.py:175} INFO - Done. Returned value was: None
[2022-04-23 16:31:22,514] {taskinstance.py:1277} INFO - Marking task as SUCCESS. dag_id=injury_data, task_id=local_to_gcs_task, execution_date=20130101T000000, start_date=20220423T163121, end_date=20220423T163122
[2022-04-23 16:31:22,581] {local_task_job.py:154} INFO - Task exited with return code 0
[2022-04-23 16:31:22,637] {local_task_job.py:264} INFO - 1 downstream tasks scheduled from follow-on schedule check
