[2022-04-24 14:50:34,685] {taskinstance.py:1032} INFO - Dependencies all met for <TaskInstance: roster_data_bq_dag.gcs_2_bq_ext_task scheduled__2019-01-01T00:00:00+00:00 [queued]>
[2022-04-24 14:50:34,699] {taskinstance.py:1032} INFO - Dependencies all met for <TaskInstance: roster_data_bq_dag.gcs_2_bq_ext_task scheduled__2019-01-01T00:00:00+00:00 [queued]>
[2022-04-24 14:50:34,700] {taskinstance.py:1238} INFO - 
--------------------------------------------------------------------------------
[2022-04-24 14:50:34,700] {taskinstance.py:1239} INFO - Starting attempt 1 of 1
[2022-04-24 14:50:34,700] {taskinstance.py:1240} INFO - 
--------------------------------------------------------------------------------
[2022-04-24 14:50:34,715] {taskinstance.py:1259} INFO - Executing <Task(BigQueryCreateExternalTableOperator): gcs_2_bq_ext_task> on 2019-01-01 00:00:00+00:00
[2022-04-24 14:50:34,721] {standard_task_runner.py:52} INFO - Started process 3746 to run task
[2022-04-24 14:50:34,728] {standard_task_runner.py:76} INFO - Running: ['***', 'tasks', 'run', 'roster_data_bq_dag', 'gcs_2_bq_ext_task', 'scheduled__2019-01-01T00:00:00+00:00', '--job-id', '2253', '--raw', '--subdir', 'DAGS_FOLDER/nfl_gcs_to_bq.py', '--cfg-path', '/tmp/tmpvoq4gw3s', '--error-file', '/tmp/tmpovh7_wtu']
[2022-04-24 14:50:34,729] {standard_task_runner.py:77} INFO - Job 2253: Subtask gcs_2_bq_ext_task
[2022-04-24 14:50:34,819] {logging_mixin.py:109} INFO - Running <TaskInstance: roster_data_bq_dag.gcs_2_bq_ext_task scheduled__2019-01-01T00:00:00+00:00 [running]> on host 28475d5c3e7a
[2022-04-24 14:50:34,914] {taskinstance.py:1426} INFO - Exporting the following env vars:
AIRFLOW_CTX_DAG_OWNER=***
AIRFLOW_CTX_DAG_ID=roster_data_bq_dag
AIRFLOW_CTX_TASK_ID=gcs_2_bq_ext_task
AIRFLOW_CTX_EXECUTION_DATE=2019-01-01T00:00:00+00:00
AIRFLOW_CTX_DAG_RUN_ID=scheduled__2019-01-01T00:00:00+00:00
[2022-04-24 14:50:34,916] {crypto.py:82} WARNING - empty cryptography key - values will not be stored encrypted.
[2022-04-24 14:50:35,487] {taskinstance.py:1277} INFO - Marking task as SUCCESS. dag_id=roster_data_bq_dag, task_id=gcs_2_bq_ext_task, execution_date=20190101T000000, start_date=20220424T145034, end_date=20220424T145035
[2022-04-24 14:50:35,545] {local_task_job.py:154} INFO - Task exited with return code 0
[2022-04-24 14:50:35,592] {local_task_job.py:264} INFO - 0 downstream tasks scheduled from follow-on schedule check
[2022-04-24 14:56:39,527] {taskinstance.py:1032} INFO - Dependencies all met for <TaskInstance: roster_data_bq_dag.gcs_2_bq_ext_task scheduled__2019-01-01T00:00:00+00:00 [queued]>
[2022-04-24 14:56:39,538] {taskinstance.py:1032} INFO - Dependencies all met for <TaskInstance: roster_data_bq_dag.gcs_2_bq_ext_task scheduled__2019-01-01T00:00:00+00:00 [queued]>
[2022-04-24 14:56:39,538] {taskinstance.py:1238} INFO - 
--------------------------------------------------------------------------------
[2022-04-24 14:56:39,538] {taskinstance.py:1239} INFO - Starting attempt 1 of 1
[2022-04-24 14:56:39,538] {taskinstance.py:1240} INFO - 
--------------------------------------------------------------------------------
[2022-04-24 14:56:39,552] {taskinstance.py:1259} INFO - Executing <Task(BigQueryCreateExternalTableOperator): gcs_2_bq_ext_task> on 2019-01-01 00:00:00+00:00
[2022-04-24 14:56:39,558] {standard_task_runner.py:52} INFO - Started process 4642 to run task
[2022-04-24 14:56:39,562] {standard_task_runner.py:76} INFO - Running: ['***', 'tasks', 'run', 'roster_data_bq_dag', 'gcs_2_bq_ext_task', 'scheduled__2019-01-01T00:00:00+00:00', '--job-id', '2305', '--raw', '--subdir', 'DAGS_FOLDER/nfl_gcs_to_bq.py', '--cfg-path', '/tmp/tmpfue5iguu', '--error-file', '/tmp/tmp8rrq8pb3']
[2022-04-24 14:56:39,563] {standard_task_runner.py:77} INFO - Job 2305: Subtask gcs_2_bq_ext_task
[2022-04-24 14:56:39,628] {logging_mixin.py:109} INFO - Running <TaskInstance: roster_data_bq_dag.gcs_2_bq_ext_task scheduled__2019-01-01T00:00:00+00:00 [running]> on host 28475d5c3e7a
[2022-04-24 14:56:39,693] {taskinstance.py:1426} INFO - Exporting the following env vars:
AIRFLOW_CTX_DAG_OWNER=***
AIRFLOW_CTX_DAG_ID=roster_data_bq_dag
AIRFLOW_CTX_TASK_ID=gcs_2_bq_ext_task
AIRFLOW_CTX_EXECUTION_DATE=2019-01-01T00:00:00+00:00
AIRFLOW_CTX_DAG_RUN_ID=scheduled__2019-01-01T00:00:00+00:00
[2022-04-24 14:56:39,694] {crypto.py:82} WARNING - empty cryptography key - values will not be stored encrypted.
[2022-04-24 14:56:40,265] {taskinstance.py:1277} INFO - Marking task as SUCCESS. dag_id=roster_data_bq_dag, task_id=gcs_2_bq_ext_task, execution_date=20190101T000000, start_date=20220424T145639, end_date=20220424T145640
[2022-04-24 14:56:40,298] {local_task_job.py:154} INFO - Task exited with return code 0
[2022-04-24 14:56:40,329] {local_task_job.py:264} INFO - 0 downstream tasks scheduled from follow-on schedule check
