[2022-04-11 19:59:29,387] {taskinstance.py:1032} INFO - Dependencies all met for <TaskInstance: schedule_data.download_data_task scheduled__2021-01-01T00:00:00+00:00 [queued]>
[2022-04-11 19:59:29,406] {taskinstance.py:1032} INFO - Dependencies all met for <TaskInstance: schedule_data.download_data_task scheduled__2021-01-01T00:00:00+00:00 [queued]>
[2022-04-11 19:59:29,406] {taskinstance.py:1238} INFO - 
--------------------------------------------------------------------------------
[2022-04-11 19:59:29,406] {taskinstance.py:1239} INFO - Starting attempt 1 of 1
[2022-04-11 19:59:29,406] {taskinstance.py:1240} INFO - 
--------------------------------------------------------------------------------
[2022-04-11 19:59:29,423] {taskinstance.py:1259} INFO - Executing <Task(PythonOperator): download_data_task> on 2021-01-01 00:00:00+00:00
[2022-04-11 19:59:29,434] {standard_task_runner.py:52} INFO - Started process 356578 to run task
[2022-04-11 19:59:29,449] {standard_task_runner.py:76} INFO - Running: ['***', 'tasks', 'run', 'schedule_data', 'download_data_task', 'scheduled__2021-01-01T00:00:00+00:00', '--job-id', '1725', '--raw', '--subdir', 'DAGS_FOLDER/nfl_to_gcs.py', '--cfg-path', '/tmp/tmp9g1gm46x', '--error-file', '/tmp/tmp400wdms6']
[2022-04-11 19:59:29,451] {standard_task_runner.py:77} INFO - Job 1725: Subtask download_data_task
[2022-04-11 19:59:29,550] {logging_mixin.py:109} INFO - Running <TaskInstance: schedule_data.download_data_task scheduled__2021-01-01T00:00:00+00:00 [running]> on host 4ed3eda454fd
[2022-04-11 19:59:29,635] {taskinstance.py:1426} INFO - Exporting the following env vars:
AIRFLOW_CTX_DAG_OWNER=***
AIRFLOW_CTX_DAG_ID=schedule_data
AIRFLOW_CTX_TASK_ID=download_data_task
AIRFLOW_CTX_EXECUTION_DATE=2021-01-01T00:00:00+00:00
AIRFLOW_CTX_DAG_RUN_ID=scheduled__2021-01-01T00:00:00+00:00
[2022-04-11 19:59:29,644] {logging_mixin.py:109} WARNING - /home/***/.local/lib/python3.7/site-packages/***/utils/context.py:152 AirflowContextDeprecationWarning: Accessing 'execution_date' from the template is deprecated and will be removed in a future version. Please use 'data_interval_start' or 'logical_date' instead.
[2022-04-11 19:59:29,645] {logging_mixin.py:109} WARNING - /home/***/.local/lib/python3.7/site-packages/***/utils/context.py:152 AirflowContextDeprecationWarning: Accessing 'next_ds' from the template is deprecated and will be removed in a future version. Please use '{{ data_interval_end | ds }}' instead.
[2022-04-11 19:59:29,646] {logging_mixin.py:109} WARNING - /home/***/.local/lib/python3.7/site-packages/***/utils/context.py:152 AirflowContextDeprecationWarning: Accessing 'next_ds_nodash' from the template is deprecated and will be removed in a future version. Please use '{{ data_interval_end | ds_nodash }}' instead.
[2022-04-11 19:59:29,647] {logging_mixin.py:109} WARNING - /home/***/.local/lib/python3.7/site-packages/***/utils/context.py:152 AirflowContextDeprecationWarning: Accessing 'next_execution_date' from the template is deprecated and will be removed in a future version. Please use 'data_interval_end' instead.
[2022-04-11 19:59:29,648] {logging_mixin.py:109} WARNING - /home/***/.local/lib/python3.7/site-packages/***/utils/context.py:152 AirflowContextDeprecationWarning: Accessing 'prev_ds' from the template is deprecated and will be removed in a future version.
[2022-04-11 19:59:29,649] {logging_mixin.py:109} WARNING - /home/***/.local/lib/python3.7/site-packages/***/utils/context.py:152 AirflowContextDeprecationWarning: Accessing 'prev_ds_nodash' from the template is deprecated and will be removed in a future version.
[2022-04-11 19:59:29,651] {logging_mixin.py:109} WARNING - /home/***/.local/lib/python3.7/site-packages/***/utils/context.py:152 AirflowContextDeprecationWarning: Accessing 'prev_execution_date' from the template is deprecated and will be removed in a future version.
[2022-04-11 19:59:29,652] {logging_mixin.py:109} WARNING - /home/***/.local/lib/python3.7/site-packages/***/utils/context.py:152 AirflowContextDeprecationWarning: Accessing 'prev_execution_date_success' from the template is deprecated and will be removed in a future version. Please use 'prev_data_interval_start_success' instead.
[2022-04-11 19:59:29,654] {logging_mixin.py:109} WARNING - /home/***/.local/lib/python3.7/site-packages/***/utils/context.py:152 AirflowContextDeprecationWarning: Accessing 'tomorrow_ds' from the template is deprecated and will be removed in a future version.
[2022-04-11 19:59:29,654] {logging_mixin.py:109} WARNING - /home/***/.local/lib/python3.7/site-packages/***/utils/context.py:152 AirflowContextDeprecationWarning: Accessing 'tomorrow_ds_nodash' from the template is deprecated and will be removed in a future version.
[2022-04-11 19:59:29,656] {logging_mixin.py:109} WARNING - /home/***/.local/lib/python3.7/site-packages/***/utils/context.py:152 AirflowContextDeprecationWarning: Accessing 'yesterday_ds' from the template is deprecated and will be removed in a future version.
[2022-04-11 19:59:29,657] {logging_mixin.py:109} WARNING - /home/***/.local/lib/python3.7/site-packages/***/utils/context.py:152 AirflowContextDeprecationWarning: Accessing 'yesterday_ds_nodash' from the template is deprecated and will be removed in a future version.
[2022-04-11 19:59:30,003] {python.py:175} INFO - Done. Returned value was: None
[2022-04-11 19:59:30,024] {taskinstance.py:1277} INFO - Marking task as SUCCESS. dag_id=schedule_data, task_id=download_data_task, execution_date=20210101T000000, start_date=20220411T195929, end_date=20220411T195930
[2022-04-11 19:59:30,096] {local_task_job.py:154} INFO - Task exited with return code 0
[2022-04-11 19:59:30,268] {local_task_job.py:264} INFO - 1 downstream tasks scheduled from follow-on schedule check
[2022-04-11 20:07:12,754] {taskinstance.py:1032} INFO - Dependencies all met for <TaskInstance: schedule_data.download_data_task scheduled__2021-01-01T00:00:00+00:00 [queued]>
[2022-04-11 20:07:12,773] {taskinstance.py:1032} INFO - Dependencies all met for <TaskInstance: schedule_data.download_data_task scheduled__2021-01-01T00:00:00+00:00 [queued]>
[2022-04-11 20:07:12,773] {taskinstance.py:1238} INFO - 
--------------------------------------------------------------------------------
[2022-04-11 20:07:12,773] {taskinstance.py:1239} INFO - Starting attempt 1 of 1
[2022-04-11 20:07:12,773] {taskinstance.py:1240} INFO - 
--------------------------------------------------------------------------------
[2022-04-11 20:07:12,794] {taskinstance.py:1259} INFO - Executing <Task(PythonOperator): download_data_task> on 2021-01-01 00:00:00+00:00
[2022-04-11 20:07:12,802] {standard_task_runner.py:52} INFO - Started process 359193 to run task
[2022-04-11 20:07:12,812] {standard_task_runner.py:76} INFO - Running: ['***', 'tasks', 'run', 'schedule_data', 'download_data_task', 'scheduled__2021-01-01T00:00:00+00:00', '--job-id', '2006', '--raw', '--subdir', 'DAGS_FOLDER/nfl_to_gcs.py', '--cfg-path', '/tmp/tmpxn1br5iu', '--error-file', '/tmp/tmpwdvuymvw']
[2022-04-11 20:07:12,814] {standard_task_runner.py:77} INFO - Job 2006: Subtask download_data_task
[2022-04-11 20:07:12,923] {logging_mixin.py:109} INFO - Running <TaskInstance: schedule_data.download_data_task scheduled__2021-01-01T00:00:00+00:00 [running]> on host 4ed3eda454fd
[2022-04-11 20:07:13,087] {taskinstance.py:1426} INFO - Exporting the following env vars:
AIRFLOW_CTX_DAG_OWNER=***
AIRFLOW_CTX_DAG_ID=schedule_data
AIRFLOW_CTX_TASK_ID=download_data_task
AIRFLOW_CTX_EXECUTION_DATE=2021-01-01T00:00:00+00:00
AIRFLOW_CTX_DAG_RUN_ID=scheduled__2021-01-01T00:00:00+00:00
[2022-04-11 20:07:13,097] {logging_mixin.py:109} WARNING - /home/***/.local/lib/python3.7/site-packages/***/utils/context.py:152 AirflowContextDeprecationWarning: Accessing 'execution_date' from the template is deprecated and will be removed in a future version. Please use 'data_interval_start' or 'logical_date' instead.
[2022-04-11 20:07:13,099] {logging_mixin.py:109} WARNING - /home/***/.local/lib/python3.7/site-packages/***/utils/context.py:152 AirflowContextDeprecationWarning: Accessing 'next_ds' from the template is deprecated and will be removed in a future version. Please use '{{ data_interval_end | ds }}' instead.
[2022-04-11 20:07:13,101] {logging_mixin.py:109} WARNING - /home/***/.local/lib/python3.7/site-packages/***/utils/context.py:152 AirflowContextDeprecationWarning: Accessing 'next_ds_nodash' from the template is deprecated and will be removed in a future version. Please use '{{ data_interval_end | ds_nodash }}' instead.
[2022-04-11 20:07:13,102] {logging_mixin.py:109} WARNING - /home/***/.local/lib/python3.7/site-packages/***/utils/context.py:152 AirflowContextDeprecationWarning: Accessing 'next_execution_date' from the template is deprecated and will be removed in a future version. Please use 'data_interval_end' instead.
[2022-04-11 20:07:13,104] {logging_mixin.py:109} WARNING - /home/***/.local/lib/python3.7/site-packages/***/utils/context.py:152 AirflowContextDeprecationWarning: Accessing 'prev_ds' from the template is deprecated and will be removed in a future version.
[2022-04-11 20:07:13,105] {logging_mixin.py:109} WARNING - /home/***/.local/lib/python3.7/site-packages/***/utils/context.py:152 AirflowContextDeprecationWarning: Accessing 'prev_ds_nodash' from the template is deprecated and will be removed in a future version.
[2022-04-11 20:07:13,106] {logging_mixin.py:109} WARNING - /home/***/.local/lib/python3.7/site-packages/***/utils/context.py:152 AirflowContextDeprecationWarning: Accessing 'prev_execution_date' from the template is deprecated and will be removed in a future version.
[2022-04-11 20:07:13,107] {logging_mixin.py:109} WARNING - /home/***/.local/lib/python3.7/site-packages/***/utils/context.py:152 AirflowContextDeprecationWarning: Accessing 'prev_execution_date_success' from the template is deprecated and will be removed in a future version. Please use 'prev_data_interval_start_success' instead.
[2022-04-11 20:07:13,109] {logging_mixin.py:109} WARNING - /home/***/.local/lib/python3.7/site-packages/***/utils/context.py:152 AirflowContextDeprecationWarning: Accessing 'tomorrow_ds' from the template is deprecated and will be removed in a future version.
[2022-04-11 20:07:13,110] {logging_mixin.py:109} WARNING - /home/***/.local/lib/python3.7/site-packages/***/utils/context.py:152 AirflowContextDeprecationWarning: Accessing 'tomorrow_ds_nodash' from the template is deprecated and will be removed in a future version.
[2022-04-11 20:07:13,111] {logging_mixin.py:109} WARNING - /home/***/.local/lib/python3.7/site-packages/***/utils/context.py:152 AirflowContextDeprecationWarning: Accessing 'yesterday_ds' from the template is deprecated and will be removed in a future version.
[2022-04-11 20:07:13,113] {logging_mixin.py:109} WARNING - /home/***/.local/lib/python3.7/site-packages/***/utils/context.py:152 AirflowContextDeprecationWarning: Accessing 'yesterday_ds_nodash' from the template is deprecated and will be removed in a future version.
[2022-04-11 20:07:13,509] {python.py:175} INFO - Done. Returned value was: None
[2022-04-11 20:07:13,527] {taskinstance.py:1277} INFO - Marking task as SUCCESS. dag_id=schedule_data, task_id=download_data_task, execution_date=20210101T000000, start_date=20220411T200712, end_date=20220411T200713
[2022-04-11 20:07:13,566] {local_task_job.py:154} INFO - Task exited with return code 0
[2022-04-11 20:07:13,624] {local_task_job.py:264} INFO - 1 downstream tasks scheduled from follow-on schedule check
