[2022-04-24 14:50:48,303] {taskinstance.py:1032} INFO - Dependencies all met for <TaskInstance: schedule_data_bq_dag.gcs_2_bq_ext_task scheduled__2017-01-01T00:00:00+00:00 [queued]>
[2022-04-24 14:50:48,318] {taskinstance.py:1032} INFO - Dependencies all met for <TaskInstance: schedule_data_bq_dag.gcs_2_bq_ext_task scheduled__2017-01-01T00:00:00+00:00 [queued]>
[2022-04-24 14:50:48,318] {taskinstance.py:1238} INFO - 
--------------------------------------------------------------------------------
[2022-04-24 14:50:48,319] {taskinstance.py:1239} INFO - Starting attempt 1 of 1
[2022-04-24 14:50:48,319] {taskinstance.py:1240} INFO - 
--------------------------------------------------------------------------------
[2022-04-24 14:50:48,345] {taskinstance.py:1259} INFO - Executing <Task(BigQueryCreateExternalTableOperator): gcs_2_bq_ext_task> on 2017-01-01 00:00:00+00:00
[2022-04-24 14:50:48,359] {standard_task_runner.py:52} INFO - Started process 3792 to run task
[2022-04-24 14:50:48,366] {standard_task_runner.py:76} INFO - Running: ['***', 'tasks', 'run', 'schedule_data_bq_dag', 'gcs_2_bq_ext_task', 'scheduled__2017-01-01T00:00:00+00:00', '--job-id', '2255', '--raw', '--subdir', 'DAGS_FOLDER/nfl_gcs_to_bq.py', '--cfg-path', '/tmp/tmpwt6_91gl', '--error-file', '/tmp/tmpm388z7tm']
[2022-04-24 14:50:48,367] {standard_task_runner.py:77} INFO - Job 2255: Subtask gcs_2_bq_ext_task
[2022-04-24 14:50:48,496] {logging_mixin.py:109} INFO - Running <TaskInstance: schedule_data_bq_dag.gcs_2_bq_ext_task scheduled__2017-01-01T00:00:00+00:00 [running]> on host 28475d5c3e7a
[2022-04-24 14:50:48,688] {taskinstance.py:1426} INFO - Exporting the following env vars:
AIRFLOW_CTX_DAG_OWNER=***
AIRFLOW_CTX_DAG_ID=schedule_data_bq_dag
AIRFLOW_CTX_TASK_ID=gcs_2_bq_ext_task
AIRFLOW_CTX_EXECUTION_DATE=2017-01-01T00:00:00+00:00
AIRFLOW_CTX_DAG_RUN_ID=scheduled__2017-01-01T00:00:00+00:00
[2022-04-24 14:50:48,690] {crypto.py:82} WARNING - empty cryptography key - values will not be stored encrypted.
[2022-04-24 14:50:49,310] {taskinstance.py:1277} INFO - Marking task as SUCCESS. dag_id=schedule_data_bq_dag, task_id=gcs_2_bq_ext_task, execution_date=20170101T000000, start_date=20220424T145048, end_date=20220424T145049
[2022-04-24 14:50:49,359] {local_task_job.py:154} INFO - Task exited with return code 0
[2022-04-24 14:50:49,406] {local_task_job.py:264} INFO - 0 downstream tasks scheduled from follow-on schedule check
[2022-04-24 14:54:28,625] {taskinstance.py:1032} INFO - Dependencies all met for <TaskInstance: schedule_data_bq_dag.gcs_2_bq_ext_task scheduled__2017-01-01T00:00:00+00:00 [queued]>
[2022-04-24 14:54:28,646] {taskinstance.py:1032} INFO - Dependencies all met for <TaskInstance: schedule_data_bq_dag.gcs_2_bq_ext_task scheduled__2017-01-01T00:00:00+00:00 [queued]>
[2022-04-24 14:54:28,648] {taskinstance.py:1238} INFO - 
--------------------------------------------------------------------------------
[2022-04-24 14:54:28,648] {taskinstance.py:1239} INFO - Starting attempt 1 of 1
[2022-04-24 14:54:28,648] {taskinstance.py:1240} INFO - 
--------------------------------------------------------------------------------
[2022-04-24 14:54:28,696] {taskinstance.py:1259} INFO - Executing <Task(BigQueryCreateExternalTableOperator): gcs_2_bq_ext_task> on 2017-01-01 00:00:00+00:00
[2022-04-24 14:54:28,726] {standard_task_runner.py:52} INFO - Started process 4329 to run task
[2022-04-24 14:54:28,737] {standard_task_runner.py:76} INFO - Running: ['***', 'tasks', 'run', 'schedule_data_bq_dag', 'gcs_2_bq_ext_task', 'scheduled__2017-01-01T00:00:00+00:00', '--job-id', '2284', '--raw', '--subdir', 'DAGS_FOLDER/nfl_gcs_to_bq.py', '--cfg-path', '/tmp/tmpgpswk658', '--error-file', '/tmp/tmp5to8lg_2']
[2022-04-24 14:54:28,738] {standard_task_runner.py:77} INFO - Job 2284: Subtask gcs_2_bq_ext_task
[2022-04-24 14:54:28,919] {logging_mixin.py:109} INFO - Running <TaskInstance: schedule_data_bq_dag.gcs_2_bq_ext_task scheduled__2017-01-01T00:00:00+00:00 [running]> on host 28475d5c3e7a
[2022-04-24 14:54:29,128] {taskinstance.py:1426} INFO - Exporting the following env vars:
AIRFLOW_CTX_DAG_OWNER=***
AIRFLOW_CTX_DAG_ID=schedule_data_bq_dag
AIRFLOW_CTX_TASK_ID=gcs_2_bq_ext_task
AIRFLOW_CTX_EXECUTION_DATE=2017-01-01T00:00:00+00:00
AIRFLOW_CTX_DAG_RUN_ID=scheduled__2017-01-01T00:00:00+00:00
[2022-04-24 14:54:29,131] {crypto.py:82} WARNING - empty cryptography key - values will not be stored encrypted.
[2022-04-24 14:54:29,790] {taskinstance.py:1277} INFO - Marking task as SUCCESS. dag_id=schedule_data_bq_dag, task_id=gcs_2_bq_ext_task, execution_date=20170101T000000, start_date=20220424T145428, end_date=20220424T145429
[2022-04-24 14:54:29,849] {local_task_job.py:154} INFO - Task exited with return code 0
[2022-04-24 14:54:29,892] {local_task_job.py:264} INFO - 0 downstream tasks scheduled from follow-on schedule check
[2022-04-25 13:20:35,554] {taskinstance.py:1032} INFO - Dependencies all met for <TaskInstance: schedule_data_bq_dag.gcs_2_bq_ext_task scheduled__2017-01-01T00:00:00+00:00 [queued]>
[2022-04-25 13:20:35,580] {taskinstance.py:1032} INFO - Dependencies all met for <TaskInstance: schedule_data_bq_dag.gcs_2_bq_ext_task scheduled__2017-01-01T00:00:00+00:00 [queued]>
[2022-04-25 13:20:35,581] {taskinstance.py:1238} INFO - 
--------------------------------------------------------------------------------
[2022-04-25 13:20:35,581] {taskinstance.py:1239} INFO - Starting attempt 1 of 1
[2022-04-25 13:20:35,581] {taskinstance.py:1240} INFO - 
--------------------------------------------------------------------------------
[2022-04-25 13:20:35,616] {taskinstance.py:1259} INFO - Executing <Task(BigQueryCreateExternalTableOperator): gcs_2_bq_ext_task> on 2017-01-01 00:00:00+00:00
[2022-04-25 13:20:35,628] {standard_task_runner.py:52} INFO - Started process 6083 to run task
[2022-04-25 13:20:35,645] {standard_task_runner.py:76} INFO - Running: ['***', 'tasks', 'run', 'schedule_data_bq_dag', 'gcs_2_bq_ext_task', 'scheduled__2017-01-01T00:00:00+00:00', '--job-id', '2502', '--raw', '--subdir', 'DAGS_FOLDER/nfl_gcs_to_bq.py', '--cfg-path', '/tmp/tmpak2i5ffh', '--error-file', '/tmp/tmpbybpj41k']
[2022-04-25 13:20:35,649] {standard_task_runner.py:77} INFO - Job 2502: Subtask gcs_2_bq_ext_task
[2022-04-25 13:20:35,825] {logging_mixin.py:109} INFO - Running <TaskInstance: schedule_data_bq_dag.gcs_2_bq_ext_task scheduled__2017-01-01T00:00:00+00:00 [running]> on host de169a1be7ed
[2022-04-25 13:20:35,937] {taskinstance.py:1426} INFO - Exporting the following env vars:
AIRFLOW_CTX_DAG_OWNER=***
AIRFLOW_CTX_DAG_ID=schedule_data_bq_dag
AIRFLOW_CTX_TASK_ID=gcs_2_bq_ext_task
AIRFLOW_CTX_EXECUTION_DATE=2017-01-01T00:00:00+00:00
AIRFLOW_CTX_DAG_RUN_ID=scheduled__2017-01-01T00:00:00+00:00
[2022-04-25 13:20:35,939] {crypto.py:82} WARNING - empty cryptography key - values will not be stored encrypted.
[2022-04-25 13:20:36,566] {taskinstance.py:1277} INFO - Marking task as SUCCESS. dag_id=schedule_data_bq_dag, task_id=gcs_2_bq_ext_task, execution_date=20170101T000000, start_date=20220425T132035, end_date=20220425T132036
[2022-04-25 13:20:36,607] {local_task_job.py:154} INFO - Task exited with return code 0
[2022-04-25 13:20:36,638] {local_task_job.py:264} INFO - 0 downstream tasks scheduled from follow-on schedule check
