[2022-04-24 14:46:19,022] {taskinstance.py:1032} INFO - Dependencies all met for <TaskInstance: pbp_data_bq_dag.bq_ext_2_part_task scheduled__2006-01-01T00:00:00+00:00 [queued]>
[2022-04-24 14:46:19,044] {taskinstance.py:1032} INFO - Dependencies all met for <TaskInstance: pbp_data_bq_dag.bq_ext_2_part_task scheduled__2006-01-01T00:00:00+00:00 [queued]>
[2022-04-24 14:46:19,044] {taskinstance.py:1238} INFO - 
--------------------------------------------------------------------------------
[2022-04-24 14:46:19,044] {taskinstance.py:1239} INFO - Starting attempt 1 of 1
[2022-04-24 14:46:19,044] {taskinstance.py:1240} INFO - 
--------------------------------------------------------------------------------
[2022-04-24 14:46:19,061] {taskinstance.py:1259} INFO - Executing <Task(BigQueryInsertJobOperator): bq_ext_2_part_task> on 2006-01-01 00:00:00+00:00
[2022-04-24 14:46:19,069] {standard_task_runner.py:52} INFO - Started process 2903 to run task
[2022-04-24 14:46:19,082] {standard_task_runner.py:76} INFO - Running: ['***', 'tasks', 'run', 'pbp_data_bq_dag', 'bq_ext_2_part_task', 'scheduled__2006-01-01T00:00:00+00:00', '--job-id', '2182', '--raw', '--subdir', 'DAGS_FOLDER/nfl_gcs_to_bq.py', '--cfg-path', '/tmp/tmp5x3tui5c', '--error-file', '/tmp/tmpjwhedgtr']
[2022-04-24 14:46:19,084] {standard_task_runner.py:77} INFO - Job 2182: Subtask bq_ext_2_part_task
[2022-04-24 14:46:19,228] {logging_mixin.py:109} INFO - Running <TaskInstance: pbp_data_bq_dag.bq_ext_2_part_task scheduled__2006-01-01T00:00:00+00:00 [running]> on host 28475d5c3e7a
[2022-04-24 14:46:19,365] {taskinstance.py:1426} INFO - Exporting the following env vars:
AIRFLOW_CTX_DAG_OWNER=***
AIRFLOW_CTX_DAG_ID=pbp_data_bq_dag
AIRFLOW_CTX_TASK_ID=bq_ext_2_part_task
AIRFLOW_CTX_EXECUTION_DATE=2006-01-01T00:00:00+00:00
AIRFLOW_CTX_DAG_RUN_ID=scheduled__2006-01-01T00:00:00+00:00
[2022-04-24 14:46:19,367] {crypto.py:82} WARNING - empty cryptography key - values will not be stored encrypted.
[2022-04-24 14:46:19,376] {logging_mixin.py:109} WARNING - /home/***/.local/lib/python3.7/site-packages/***/utils/context.py:152 AirflowContextDeprecationWarning: Accessing 'execution_date' from the template is deprecated and will be removed in a future version. Please use 'data_interval_start' or 'logical_date' instead.
[2022-04-24 14:46:19,388] {bigquery.py:1637} INFO - Inserting job ***_pbp_data_bq_dag_bq_ext_2_part_task_2006_01_01T00_00_00_00_00_a74d9fb1186485287aea65b6302730e8
[2022-04-24 14:46:23,457] {taskinstance.py:1277} INFO - Marking task as SUCCESS. dag_id=pbp_data_bq_dag, task_id=bq_ext_2_part_task, execution_date=20060101T000000, start_date=20220424T144619, end_date=20220424T144623
[2022-04-24 14:46:23,498] {local_task_job.py:154} INFO - Task exited with return code 0
[2022-04-24 14:46:23,542] {local_task_job.py:264} INFO - 0 downstream tasks scheduled from follow-on schedule check
[2022-04-25 12:36:00,796] {taskinstance.py:1032} INFO - Dependencies all met for <TaskInstance: pbp_data_bq_dag.bq_ext_2_part_task scheduled__2006-01-01T00:00:00+00:00 [queued]>
[2022-04-25 12:36:00,824] {taskinstance.py:1032} INFO - Dependencies all met for <TaskInstance: pbp_data_bq_dag.bq_ext_2_part_task scheduled__2006-01-01T00:00:00+00:00 [queued]>
[2022-04-25 12:36:00,824] {taskinstance.py:1238} INFO - 
--------------------------------------------------------------------------------
[2022-04-25 12:36:00,824] {taskinstance.py:1239} INFO - Starting attempt 1 of 1
[2022-04-25 12:36:00,824] {taskinstance.py:1240} INFO - 
--------------------------------------------------------------------------------
[2022-04-25 12:36:00,842] {taskinstance.py:1259} INFO - Executing <Task(BigQueryInsertJobOperator): bq_ext_2_part_task> on 2006-01-01 00:00:00+00:00
[2022-04-25 12:36:00,849] {standard_task_runner.py:52} INFO - Started process 649 to run task
[2022-04-25 12:36:00,864] {standard_task_runner.py:76} INFO - Running: ['***', 'tasks', 'run', 'pbp_data_bq_dag', 'bq_ext_2_part_task', 'scheduled__2006-01-01T00:00:00+00:00', '--job-id', '2337', '--raw', '--subdir', 'DAGS_FOLDER/nfl_gcs_to_bq.py', '--cfg-path', '/tmp/tmplifyn6tt', '--error-file', '/tmp/tmpdjjwyob5']
[2022-04-25 12:36:00,866] {standard_task_runner.py:77} INFO - Job 2337: Subtask bq_ext_2_part_task
[2022-04-25 12:36:01,008] {logging_mixin.py:109} INFO - Running <TaskInstance: pbp_data_bq_dag.bq_ext_2_part_task scheduled__2006-01-01T00:00:00+00:00 [running]> on host de169a1be7ed
[2022-04-25 12:36:01,119] {taskinstance.py:1426} INFO - Exporting the following env vars:
AIRFLOW_CTX_DAG_OWNER=***
AIRFLOW_CTX_DAG_ID=pbp_data_bq_dag
AIRFLOW_CTX_TASK_ID=bq_ext_2_part_task
AIRFLOW_CTX_EXECUTION_DATE=2006-01-01T00:00:00+00:00
AIRFLOW_CTX_DAG_RUN_ID=scheduled__2006-01-01T00:00:00+00:00
[2022-04-25 12:36:01,121] {crypto.py:82} WARNING - empty cryptography key - values will not be stored encrypted.
[2022-04-25 12:36:01,134] {logging_mixin.py:109} WARNING - /home/***/.local/lib/python3.7/site-packages/***/utils/context.py:152 AirflowContextDeprecationWarning: Accessing 'execution_date' from the template is deprecated and will be removed in a future version. Please use 'data_interval_start' or 'logical_date' instead.
[2022-04-25 12:36:01,149] {bigquery.py:1637} INFO - Inserting job ***_pbp_data_bq_dag_bq_ext_2_part_task_2006_01_01T00_00_00_00_00_2cd2541d99312e34c7112231a333de3b
[2022-04-25 12:36:05,833] {taskinstance.py:1277} INFO - Marking task as SUCCESS. dag_id=pbp_data_bq_dag, task_id=bq_ext_2_part_task, execution_date=20060101T000000, start_date=20220425T123600, end_date=20220425T123605
[2022-04-25 12:36:05,879] {local_task_job.py:154} INFO - Task exited with return code 0
[2022-04-25 12:36:05,923] {local_task_job.py:264} INFO - 0 downstream tasks scheduled from follow-on schedule check
[2022-04-25 12:42:55,885] {taskinstance.py:1032} INFO - Dependencies all met for <TaskInstance: pbp_data_bq_dag.bq_ext_2_part_task scheduled__2006-01-01T00:00:00+00:00 [queued]>
[2022-04-25 12:42:55,906] {taskinstance.py:1032} INFO - Dependencies all met for <TaskInstance: pbp_data_bq_dag.bq_ext_2_part_task scheduled__2006-01-01T00:00:00+00:00 [queued]>
[2022-04-25 12:42:55,906] {taskinstance.py:1238} INFO - 
--------------------------------------------------------------------------------
[2022-04-25 12:42:55,906] {taskinstance.py:1239} INFO - Starting attempt 1 of 1
[2022-04-25 12:42:55,906] {taskinstance.py:1240} INFO - 
--------------------------------------------------------------------------------
[2022-04-25 12:42:55,924] {taskinstance.py:1259} INFO - Executing <Task(BigQueryInsertJobOperator): bq_ext_2_part_task> on 2006-01-01 00:00:00+00:00
[2022-04-25 12:42:55,932] {standard_task_runner.py:52} INFO - Started process 1620 to run task
[2022-04-25 12:42:55,939] {standard_task_runner.py:76} INFO - Running: ['***', 'tasks', 'run', 'pbp_data_bq_dag', 'bq_ext_2_part_task', 'scheduled__2006-01-01T00:00:00+00:00', '--job-id', '2383', '--raw', '--subdir', 'DAGS_FOLDER/nfl_gcs_to_bq.py', '--cfg-path', '/tmp/tmpgsq2uu7w', '--error-file', '/tmp/tmpr1qhq7op']
[2022-04-25 12:42:55,940] {standard_task_runner.py:77} INFO - Job 2383: Subtask bq_ext_2_part_task
[2022-04-25 12:42:56,034] {logging_mixin.py:109} INFO - Running <TaskInstance: pbp_data_bq_dag.bq_ext_2_part_task scheduled__2006-01-01T00:00:00+00:00 [running]> on host de169a1be7ed
[2022-04-25 12:42:56,128] {taskinstance.py:1426} INFO - Exporting the following env vars:
AIRFLOW_CTX_DAG_OWNER=***
AIRFLOW_CTX_DAG_ID=pbp_data_bq_dag
AIRFLOW_CTX_TASK_ID=bq_ext_2_part_task
AIRFLOW_CTX_EXECUTION_DATE=2006-01-01T00:00:00+00:00
AIRFLOW_CTX_DAG_RUN_ID=scheduled__2006-01-01T00:00:00+00:00
[2022-04-25 12:42:56,130] {crypto.py:82} WARNING - empty cryptography key - values will not be stored encrypted.
[2022-04-25 12:42:56,143] {logging_mixin.py:109} WARNING - /home/***/.local/lib/python3.7/site-packages/***/utils/context.py:152 AirflowContextDeprecationWarning: Accessing 'execution_date' from the template is deprecated and will be removed in a future version. Please use 'data_interval_start' or 'logical_date' instead.
[2022-04-25 12:42:56,157] {bigquery.py:1637} INFO - Inserting job ***_pbp_data_bq_dag_bq_ext_2_part_task_2006_01_01T00_00_00_00_00_db8ae8a12f75257f2538a17bb173c628
[2022-04-25 12:43:00,213] {taskinstance.py:1277} INFO - Marking task as SUCCESS. dag_id=pbp_data_bq_dag, task_id=bq_ext_2_part_task, execution_date=20060101T000000, start_date=20220425T124255, end_date=20220425T124300
[2022-04-25 12:43:00,248] {local_task_job.py:154} INFO - Task exited with return code 0
[2022-04-25 12:43:00,291] {local_task_job.py:264} INFO - 0 downstream tasks scheduled from follow-on schedule check
[2022-04-25 12:44:10,482] {taskinstance.py:1032} INFO - Dependencies all met for <TaskInstance: pbp_data_bq_dag.bq_ext_2_part_task scheduled__2006-01-01T00:00:00+00:00 [queued]>
[2022-04-25 12:44:10,496] {taskinstance.py:1032} INFO - Dependencies all met for <TaskInstance: pbp_data_bq_dag.bq_ext_2_part_task scheduled__2006-01-01T00:00:00+00:00 [queued]>
[2022-04-25 12:44:10,496] {taskinstance.py:1238} INFO - 
--------------------------------------------------------------------------------
[2022-04-25 12:44:10,496] {taskinstance.py:1239} INFO - Starting attempt 1 of 1
[2022-04-25 12:44:10,496] {taskinstance.py:1240} INFO - 
--------------------------------------------------------------------------------
[2022-04-25 12:44:10,514] {taskinstance.py:1259} INFO - Executing <Task(BigQueryInsertJobOperator): bq_ext_2_part_task> on 2006-01-01 00:00:00+00:00
[2022-04-25 12:44:10,523] {standard_task_runner.py:52} INFO - Started process 1859 to run task
[2022-04-25 12:44:10,539] {standard_task_runner.py:76} INFO - Running: ['***', 'tasks', 'run', 'pbp_data_bq_dag', 'bq_ext_2_part_task', 'scheduled__2006-01-01T00:00:00+00:00', '--job-id', '2405', '--raw', '--subdir', 'DAGS_FOLDER/nfl_gcs_to_bq.py', '--cfg-path', '/tmp/tmpeb1_18c8', '--error-file', '/tmp/tmp0gjn64pp']
[2022-04-25 12:44:10,540] {standard_task_runner.py:77} INFO - Job 2405: Subtask bq_ext_2_part_task
[2022-04-25 12:44:10,636] {logging_mixin.py:109} INFO - Running <TaskInstance: pbp_data_bq_dag.bq_ext_2_part_task scheduled__2006-01-01T00:00:00+00:00 [running]> on host de169a1be7ed
[2022-04-25 12:44:10,728] {taskinstance.py:1426} INFO - Exporting the following env vars:
AIRFLOW_CTX_DAG_OWNER=***
AIRFLOW_CTX_DAG_ID=pbp_data_bq_dag
AIRFLOW_CTX_TASK_ID=bq_ext_2_part_task
AIRFLOW_CTX_EXECUTION_DATE=2006-01-01T00:00:00+00:00
AIRFLOW_CTX_DAG_RUN_ID=scheduled__2006-01-01T00:00:00+00:00
[2022-04-25 12:44:10,730] {crypto.py:82} WARNING - empty cryptography key - values will not be stored encrypted.
[2022-04-25 12:44:10,740] {logging_mixin.py:109} WARNING - /home/***/.local/lib/python3.7/site-packages/***/utils/context.py:152 AirflowContextDeprecationWarning: Accessing 'execution_date' from the template is deprecated and will be removed in a future version. Please use 'data_interval_start' or 'logical_date' instead.
[2022-04-25 12:44:10,751] {bigquery.py:1637} INFO - Inserting job ***_pbp_data_bq_dag_bq_ext_2_part_task_2006_01_01T00_00_00_00_00_48527ba008812f55328e3d780cafc734
[2022-04-25 12:44:11,562] {taskinstance.py:1700} ERROR - Task failed with exception
Traceback (most recent call last):
  File "/home/airflow/.local/lib/python3.7/site-packages/airflow/models/taskinstance.py", line 1329, in _run_raw_task
    self._execute_task_with_callbacks(context)
  File "/home/airflow/.local/lib/python3.7/site-packages/airflow/models/taskinstance.py", line 1455, in _execute_task_with_callbacks
    result = self._execute_task(context, self.task)
  File "/home/airflow/.local/lib/python3.7/site-packages/airflow/models/taskinstance.py", line 1511, in _execute_task
    result = execute_callable(context=context)
  File "/home/airflow/.local/lib/python3.7/site-packages/airflow/providers/google/cloud/operators/bigquery.py", line 2287, in execute
    job = self._submit_job(hook, job_id)
  File "/home/airflow/.local/lib/python3.7/site-packages/airflow/providers/google/cloud/operators/bigquery.py", line 2253, in _submit_job
    job_id=job_id,
  File "/home/airflow/.local/lib/python3.7/site-packages/airflow/providers/google/common/hooks/base_google.py", line 430, in inner_wrapper
    return func(self, *args, **kwargs)
  File "/home/airflow/.local/lib/python3.7/site-packages/airflow/providers/google/cloud/hooks/bigquery.py", line 1639, in insert_job
    job.result()
  File "/home/airflow/.local/lib/python3.7/site-packages/google/cloud/bigquery/job/query.py", line 1447, in result
    do_get_result()
  File "/home/airflow/.local/lib/python3.7/site-packages/google/cloud/bigquery/job/query.py", line 1437, in do_get_result
    super(QueryJob, self).result(retry=retry, timeout=timeout)
  File "/home/airflow/.local/lib/python3.7/site-packages/google/cloud/bigquery/job/base.py", line 727, in result
    return super(_AsyncJob, self).result(timeout=timeout, **kwargs)
  File "/home/airflow/.local/lib/python3.7/site-packages/google/api_core/future/polling.py", line 135, in result
    raise self._exception
google.api_core.exceptions.BadRequest: 400 Error while reading table: nfl_project.external_pbp_data, error message: Parquet column 'assist_tackle_4_player_id' has type DOUBLE which does not match the target cpp_type STRING_PIECE.

(job ID: airflow_pbp_data_bq_dag_bq_ext_2_part_task_2006_01_01T00_00_00_00_00_48527ba008812f55328e3d780cafc734)

                                                                                                                -----Query Job SQL Follows-----                                                                                                                

    |    .    |    .    |    .    |    .    |    .    |    .    |    .    |    .    |    .    |    .    |    .    |    .    |    .    |    .    |    .    |    .    |    .    |    .    |    .    |    .    |    .    |    .    |    .    |    .    |    .    |
   1:CREATE OR REPLACE TABLE nfl_project.pbp_data_partitioned                     PARTITION BY DATE(game_timestamp) AS                     SELECT *, PARSE_TIMESTAMP('%F', game_date) AS game_timestamp                     FROM nfl_project.external_pbp_data;
    |    .    |    .    |    .    |    .    |    .    |    .    |    .    |    .    |    .    |    .    |    .    |    .    |    .    |    .    |    .    |    .    |    .    |    .    |    .    |    .    |    .    |    .    |    .    |    .    |    .    |
[2022-04-25 12:44:11,592] {taskinstance.py:1277} INFO - Marking task as FAILED. dag_id=pbp_data_bq_dag, task_id=bq_ext_2_part_task, execution_date=20060101T000000, start_date=20220425T124410, end_date=20220425T124411
[2022-04-25 12:44:11,637] {standard_task_runner.py:92} ERROR - Failed to execute job 2405 for task bq_ext_2_part_task
Traceback (most recent call last):
  File "/home/airflow/.local/lib/python3.7/site-packages/airflow/task/task_runner/standard_task_runner.py", line 85, in _start_by_fork
    args.func(args, dag=self.dag)
  File "/home/airflow/.local/lib/python3.7/site-packages/airflow/cli/cli_parser.py", line 48, in command
    return func(*args, **kwargs)
  File "/home/airflow/.local/lib/python3.7/site-packages/airflow/utils/cli.py", line 92, in wrapper
    return f(*args, **kwargs)
  File "/home/airflow/.local/lib/python3.7/site-packages/airflow/cli/commands/task_command.py", line 298, in task_run
    _run_task_by_selected_method(args, dag, ti)
  File "/home/airflow/.local/lib/python3.7/site-packages/airflow/cli/commands/task_command.py", line 107, in _run_task_by_selected_method
    _run_raw_task(args, ti)
  File "/home/airflow/.local/lib/python3.7/site-packages/airflow/cli/commands/task_command.py", line 184, in _run_raw_task
    error_file=args.error_file,
  File "/home/airflow/.local/lib/python3.7/site-packages/airflow/utils/session.py", line 70, in wrapper
    return func(*args, session=session, **kwargs)
  File "/home/airflow/.local/lib/python3.7/site-packages/airflow/models/taskinstance.py", line 1329, in _run_raw_task
    self._execute_task_with_callbacks(context)
  File "/home/airflow/.local/lib/python3.7/site-packages/airflow/models/taskinstance.py", line 1455, in _execute_task_with_callbacks
    result = self._execute_task(context, self.task)
  File "/home/airflow/.local/lib/python3.7/site-packages/airflow/models/taskinstance.py", line 1511, in _execute_task
    result = execute_callable(context=context)
  File "/home/airflow/.local/lib/python3.7/site-packages/airflow/providers/google/cloud/operators/bigquery.py", line 2287, in execute
    job = self._submit_job(hook, job_id)
  File "/home/airflow/.local/lib/python3.7/site-packages/airflow/providers/google/cloud/operators/bigquery.py", line 2253, in _submit_job
    job_id=job_id,
  File "/home/airflow/.local/lib/python3.7/site-packages/airflow/providers/google/common/hooks/base_google.py", line 430, in inner_wrapper
    return func(self, *args, **kwargs)
  File "/home/airflow/.local/lib/python3.7/site-packages/airflow/providers/google/cloud/hooks/bigquery.py", line 1639, in insert_job
    job.result()
  File "/home/airflow/.local/lib/python3.7/site-packages/google/cloud/bigquery/job/query.py", line 1447, in result
    do_get_result()
  File "/home/airflow/.local/lib/python3.7/site-packages/google/cloud/bigquery/job/query.py", line 1437, in do_get_result
    super(QueryJob, self).result(retry=retry, timeout=timeout)
  File "/home/airflow/.local/lib/python3.7/site-packages/google/cloud/bigquery/job/base.py", line 727, in result
    return super(_AsyncJob, self).result(timeout=timeout, **kwargs)
  File "/home/airflow/.local/lib/python3.7/site-packages/google/api_core/future/polling.py", line 135, in result
    raise self._exception
google.api_core.exceptions.BadRequest: 400 Error while reading table: nfl_project.external_pbp_data, error message: Parquet column 'assist_tackle_4_player_id' has type DOUBLE which does not match the target cpp_type STRING_PIECE.

(job ID: airflow_pbp_data_bq_dag_bq_ext_2_part_task_2006_01_01T00_00_00_00_00_48527ba008812f55328e3d780cafc734)

                                                                                                                -----Query Job SQL Follows-----                                                                                                                

    |    .    |    .    |    .    |    .    |    .    |    .    |    .    |    .    |    .    |    .    |    .    |    .    |    .    |    .    |    .    |    .    |    .    |    .    |    .    |    .    |    .    |    .    |    .    |    .    |    .    |
   1:CREATE OR REPLACE TABLE nfl_project.pbp_data_partitioned                     PARTITION BY DATE(game_timestamp) AS                     SELECT *, PARSE_TIMESTAMP('%F', game_date) AS game_timestamp                     FROM nfl_project.external_pbp_data;
    |    .    |    .    |    .    |    .    |    .    |    .    |    .    |    .    |    .    |    .    |    .    |    .    |    .    |    .    |    .    |    .    |    .    |    .    |    .    |    .    |    .    |    .    |    .    |    .    |    .    |
[2022-04-25 12:44:11,673] {local_task_job.py:154} INFO - Task exited with return code 1
[2022-04-25 12:44:11,732] {local_task_job.py:264} INFO - 0 downstream tasks scheduled from follow-on schedule check
