[2022-04-11 19:20:06,602] {taskinstance.py:1032} INFO - Dependencies all met for <TaskInstance: pbp_data.rm_task scheduled__2019-01-01T00:00:00+00:00 [queued]>
[2022-04-11 19:20:06,612] {taskinstance.py:1032} INFO - Dependencies all met for <TaskInstance: pbp_data.rm_task scheduled__2019-01-01T00:00:00+00:00 [queued]>
[2022-04-11 19:20:06,612] {taskinstance.py:1238} INFO - 
--------------------------------------------------------------------------------
[2022-04-11 19:20:06,612] {taskinstance.py:1239} INFO - Starting attempt 1 of 1
[2022-04-11 19:20:06,612] {taskinstance.py:1240} INFO - 
--------------------------------------------------------------------------------
[2022-04-11 19:20:06,623] {taskinstance.py:1259} INFO - Executing <Task(BashOperator): rm_task> on 2019-01-01 00:00:00+00:00
[2022-04-11 19:20:06,631] {standard_task_runner.py:52} INFO - Started process 353290 to run task
[2022-04-11 19:20:06,638] {standard_task_runner.py:76} INFO - Running: ['***', 'tasks', 'run', 'pbp_data', 'rm_task', 'scheduled__2019-01-01T00:00:00+00:00', '--job-id', '1722', '--raw', '--subdir', 'DAGS_FOLDER/nfl_to_gcs.py', '--cfg-path', '/tmp/tmpzc4816xc', '--error-file', '/tmp/tmpcu3do83e']
[2022-04-11 19:20:06,639] {standard_task_runner.py:77} INFO - Job 1722: Subtask rm_task
[2022-04-11 19:20:06,699] {logging_mixin.py:109} INFO - Running <TaskInstance: pbp_data.rm_task scheduled__2019-01-01T00:00:00+00:00 [running]> on host 4ed3eda454fd
[2022-04-11 19:20:06,771] {taskinstance.py:1426} INFO - Exporting the following env vars:
AIRFLOW_CTX_DAG_OWNER=***
AIRFLOW_CTX_DAG_ID=pbp_data
AIRFLOW_CTX_TASK_ID=rm_task
AIRFLOW_CTX_EXECUTION_DATE=2019-01-01T00:00:00+00:00
AIRFLOW_CTX_DAG_RUN_ID=scheduled__2019-01-01T00:00:00+00:00
[2022-04-11 19:20:06,773] {subprocess.py:62} INFO - Tmp dir root location: 
 /tmp
[2022-04-11 19:20:06,773] {subprocess.py:74} INFO - Running command: ['bash', '-c', 'rm "/opt/***/pbp_data_2019.parquet"']
[2022-04-11 19:20:06,788] {subprocess.py:85} INFO - Output:
[2022-04-11 19:20:06,796] {subprocess.py:93} INFO - Command exited with return code 0
[2022-04-11 19:20:06,827] {taskinstance.py:1277} INFO - Marking task as SUCCESS. dag_id=pbp_data, task_id=rm_task, execution_date=20190101T000000, start_date=20220411T192006, end_date=20220411T192006
[2022-04-11 19:20:06,891] {local_task_job.py:154} INFO - Task exited with return code 0
[2022-04-11 19:20:06,930] {local_task_job.py:264} INFO - 0 downstream tasks scheduled from follow-on schedule check
[2022-04-11 20:07:43,147] {taskinstance.py:1032} INFO - Dependencies all met for <TaskInstance: pbp_data.rm_task scheduled__2019-01-01T00:00:00+00:00 [queued]>
[2022-04-11 20:07:43,165] {taskinstance.py:1032} INFO - Dependencies all met for <TaskInstance: pbp_data.rm_task scheduled__2019-01-01T00:00:00+00:00 [queued]>
[2022-04-11 20:07:43,165] {taskinstance.py:1238} INFO - 
--------------------------------------------------------------------------------
[2022-04-11 20:07:43,165] {taskinstance.py:1239} INFO - Starting attempt 1 of 1
[2022-04-11 20:07:43,165] {taskinstance.py:1240} INFO - 
--------------------------------------------------------------------------------
[2022-04-11 20:07:43,188] {taskinstance.py:1259} INFO - Executing <Task(BashOperator): rm_task> on 2019-01-01 00:00:00+00:00
[2022-04-11 20:07:43,199] {standard_task_runner.py:52} INFO - Started process 359362 to run task
[2022-04-11 20:07:43,214] {standard_task_runner.py:76} INFO - Running: ['***', 'tasks', 'run', 'pbp_data', 'rm_task', 'scheduled__2019-01-01T00:00:00+00:00', '--job-id', '2023', '--raw', '--subdir', 'DAGS_FOLDER/nfl_to_gcs.py', '--cfg-path', '/tmp/tmpaoax32cm', '--error-file', '/tmp/tmpp5rn97k_']
[2022-04-11 20:07:43,219] {standard_task_runner.py:77} INFO - Job 2023: Subtask rm_task
[2022-04-11 20:07:43,346] {logging_mixin.py:109} INFO - Running <TaskInstance: pbp_data.rm_task scheduled__2019-01-01T00:00:00+00:00 [running]> on host 4ed3eda454fd
[2022-04-11 20:07:43,484] {taskinstance.py:1426} INFO - Exporting the following env vars:
AIRFLOW_CTX_DAG_OWNER=***
AIRFLOW_CTX_DAG_ID=pbp_data
AIRFLOW_CTX_TASK_ID=rm_task
AIRFLOW_CTX_EXECUTION_DATE=2019-01-01T00:00:00+00:00
AIRFLOW_CTX_DAG_RUN_ID=scheduled__2019-01-01T00:00:00+00:00
[2022-04-11 20:07:43,486] {subprocess.py:62} INFO - Tmp dir root location: 
 /tmp
[2022-04-11 20:07:43,487] {subprocess.py:74} INFO - Running command: ['bash', '-c', 'rm "/opt/***/pbp_data_2019.parquet"']
[2022-04-11 20:07:43,516] {subprocess.py:85} INFO - Output:
[2022-04-11 20:07:43,529] {subprocess.py:93} INFO - Command exited with return code 0
[2022-04-11 20:07:43,571] {taskinstance.py:1277} INFO - Marking task as SUCCESS. dag_id=pbp_data, task_id=rm_task, execution_date=20190101T000000, start_date=20220411T200743, end_date=20220411T200743
[2022-04-11 20:07:43,626] {local_task_job.py:154} INFO - Task exited with return code 0
[2022-04-11 20:07:43,698] {local_task_job.py:264} INFO - 0 downstream tasks scheduled from follow-on schedule check
