[2022-04-24 14:47:21,147] {taskinstance.py:1032} INFO - Dependencies all met for <TaskInstance: pbp_data_bq_dag.bq_ext_2_part_task scheduled__2015-01-01T00:00:00+00:00 [queued]>
[2022-04-24 14:47:21,163] {taskinstance.py:1032} INFO - Dependencies all met for <TaskInstance: pbp_data_bq_dag.bq_ext_2_part_task scheduled__2015-01-01T00:00:00+00:00 [queued]>
[2022-04-24 14:47:21,164] {taskinstance.py:1238} INFO - 
--------------------------------------------------------------------------------
[2022-04-24 14:47:21,164] {taskinstance.py:1239} INFO - Starting attempt 1 of 1
[2022-04-24 14:47:21,164] {taskinstance.py:1240} INFO - 
--------------------------------------------------------------------------------
[2022-04-24 14:47:21,186] {taskinstance.py:1259} INFO - Executing <Task(BigQueryInsertJobOperator): bq_ext_2_part_task> on 2015-01-01 00:00:00+00:00
[2022-04-24 14:47:21,199] {standard_task_runner.py:52} INFO - Started process 3117 to run task
[2022-04-24 14:47:21,226] {standard_task_runner.py:76} INFO - Running: ['***', 'tasks', 'run', 'pbp_data_bq_dag', 'bq_ext_2_part_task', 'scheduled__2015-01-01T00:00:00+00:00', '--job-id', '2204', '--raw', '--subdir', 'DAGS_FOLDER/nfl_gcs_to_bq.py', '--cfg-path', '/tmp/tmpo2hz384a', '--error-file', '/tmp/tmp2wzyu_7g']
[2022-04-24 14:47:21,229] {standard_task_runner.py:77} INFO - Job 2204: Subtask bq_ext_2_part_task
[2022-04-24 14:47:21,366] {logging_mixin.py:109} INFO - Running <TaskInstance: pbp_data_bq_dag.bq_ext_2_part_task scheduled__2015-01-01T00:00:00+00:00 [running]> on host 28475d5c3e7a
[2022-04-24 14:47:21,497] {taskinstance.py:1426} INFO - Exporting the following env vars:
AIRFLOW_CTX_DAG_OWNER=***
AIRFLOW_CTX_DAG_ID=pbp_data_bq_dag
AIRFLOW_CTX_TASK_ID=bq_ext_2_part_task
AIRFLOW_CTX_EXECUTION_DATE=2015-01-01T00:00:00+00:00
AIRFLOW_CTX_DAG_RUN_ID=scheduled__2015-01-01T00:00:00+00:00
[2022-04-24 14:47:21,501] {crypto.py:82} WARNING - empty cryptography key - values will not be stored encrypted.
[2022-04-24 14:47:21,525] {logging_mixin.py:109} WARNING - /home/***/.local/lib/python3.7/site-packages/***/utils/context.py:152 AirflowContextDeprecationWarning: Accessing 'execution_date' from the template is deprecated and will be removed in a future version. Please use 'data_interval_start' or 'logical_date' instead.
[2022-04-24 14:47:21,537] {bigquery.py:1637} INFO - Inserting job ***_pbp_data_bq_dag_bq_ext_2_part_task_2015_01_01T00_00_00_00_00_8a7a7ee644fa6bb841bca8c225fd1093
[2022-04-24 14:47:25,849] {taskinstance.py:1277} INFO - Marking task as SUCCESS. dag_id=pbp_data_bq_dag, task_id=bq_ext_2_part_task, execution_date=20150101T000000, start_date=20220424T144721, end_date=20220424T144725
[2022-04-24 14:47:25,871] {local_task_job.py:154} INFO - Task exited with return code 0
[2022-04-24 14:47:25,902] {local_task_job.py:264} INFO - 0 downstream tasks scheduled from follow-on schedule check
[2022-04-25 12:36:39,582] {taskinstance.py:1032} INFO - Dependencies all met for <TaskInstance: pbp_data_bq_dag.bq_ext_2_part_task scheduled__2015-01-01T00:00:00+00:00 [queued]>
[2022-04-25 12:36:39,595] {taskinstance.py:1032} INFO - Dependencies all met for <TaskInstance: pbp_data_bq_dag.bq_ext_2_part_task scheduled__2015-01-01T00:00:00+00:00 [queued]>
[2022-04-25 12:36:39,595] {taskinstance.py:1238} INFO - 
--------------------------------------------------------------------------------
[2022-04-25 12:36:39,595] {taskinstance.py:1239} INFO - Starting attempt 1 of 1
[2022-04-25 12:36:39,596] {taskinstance.py:1240} INFO - 
--------------------------------------------------------------------------------
[2022-04-25 12:36:39,614] {taskinstance.py:1259} INFO - Executing <Task(BigQueryInsertJobOperator): bq_ext_2_part_task> on 2015-01-01 00:00:00+00:00
[2022-04-25 12:36:39,622] {standard_task_runner.py:52} INFO - Started process 818 to run task
[2022-04-25 12:36:39,631] {standard_task_runner.py:76} INFO - Running: ['***', 'tasks', 'run', 'pbp_data_bq_dag', 'bq_ext_2_part_task', 'scheduled__2015-01-01T00:00:00+00:00', '--job-id', '2357', '--raw', '--subdir', 'DAGS_FOLDER/nfl_gcs_to_bq.py', '--cfg-path', '/tmp/tmpjwsaxn4b', '--error-file', '/tmp/tmp28z5e7n0']
[2022-04-25 12:36:39,632] {standard_task_runner.py:77} INFO - Job 2357: Subtask bq_ext_2_part_task
[2022-04-25 12:36:39,742] {logging_mixin.py:109} INFO - Running <TaskInstance: pbp_data_bq_dag.bq_ext_2_part_task scheduled__2015-01-01T00:00:00+00:00 [running]> on host de169a1be7ed
[2022-04-25 12:36:39,889] {taskinstance.py:1426} INFO - Exporting the following env vars:
AIRFLOW_CTX_DAG_OWNER=***
AIRFLOW_CTX_DAG_ID=pbp_data_bq_dag
AIRFLOW_CTX_TASK_ID=bq_ext_2_part_task
AIRFLOW_CTX_EXECUTION_DATE=2015-01-01T00:00:00+00:00
AIRFLOW_CTX_DAG_RUN_ID=scheduled__2015-01-01T00:00:00+00:00
[2022-04-25 12:36:39,892] {crypto.py:82} WARNING - empty cryptography key - values will not be stored encrypted.
[2022-04-25 12:36:39,904] {logging_mixin.py:109} WARNING - /home/***/.local/lib/python3.7/site-packages/***/utils/context.py:152 AirflowContextDeprecationWarning: Accessing 'execution_date' from the template is deprecated and will be removed in a future version. Please use 'data_interval_start' or 'logical_date' instead.
[2022-04-25 12:36:39,915] {bigquery.py:1637} INFO - Inserting job ***_pbp_data_bq_dag_bq_ext_2_part_task_2015_01_01T00_00_00_00_00_6c4e3d1f929dfaf72a5eab377ede083a
[2022-04-25 12:36:44,291] {taskinstance.py:1277} INFO - Marking task as SUCCESS. dag_id=pbp_data_bq_dag, task_id=bq_ext_2_part_task, execution_date=20150101T000000, start_date=20220425T123639, end_date=20220425T123644
[2022-04-25 12:36:44,354] {local_task_job.py:154} INFO - Task exited with return code 0
[2022-04-25 12:36:44,392] {local_task_job.py:264} INFO - 0 downstream tasks scheduled from follow-on schedule check
