[2022-04-11 20:05:05,458] {taskinstance.py:1032} INFO - Dependencies all met for <TaskInstance: pbp_data.rm_task scheduled__2003-01-01T00:00:00+00:00 [queued]>
[2022-04-11 20:05:05,486] {taskinstance.py:1032} INFO - Dependencies all met for <TaskInstance: pbp_data.rm_task scheduled__2003-01-01T00:00:00+00:00 [queued]>
[2022-04-11 20:05:05,487] {taskinstance.py:1238} INFO - 
--------------------------------------------------------------------------------
[2022-04-11 20:05:05,487] {taskinstance.py:1239} INFO - Starting attempt 1 of 1
[2022-04-11 20:05:05,487] {taskinstance.py:1240} INFO - 
--------------------------------------------------------------------------------
[2022-04-11 20:05:05,509] {taskinstance.py:1259} INFO - Executing <Task(BashOperator): rm_task> on 2003-01-01 00:00:00+00:00
[2022-04-11 20:05:05,536] {standard_task_runner.py:52} INFO - Started process 358478 to run task
[2022-04-11 20:05:05,557] {standard_task_runner.py:76} INFO - Running: ['***', 'tasks', 'run', 'pbp_data', 'rm_task', 'scheduled__2003-01-01T00:00:00+00:00', '--job-id', '1928', '--raw', '--subdir', 'DAGS_FOLDER/nfl_to_gcs.py', '--cfg-path', '/tmp/tmp1ovta3cq', '--error-file', '/tmp/tmpvqoy67di']
[2022-04-11 20:05:05,571] {standard_task_runner.py:77} INFO - Job 1928: Subtask rm_task
[2022-04-11 20:05:05,711] {logging_mixin.py:109} INFO - Running <TaskInstance: pbp_data.rm_task scheduled__2003-01-01T00:00:00+00:00 [running]> on host 4ed3eda454fd
[2022-04-11 20:05:05,846] {taskinstance.py:1426} INFO - Exporting the following env vars:
AIRFLOW_CTX_DAG_OWNER=***
AIRFLOW_CTX_DAG_ID=pbp_data
AIRFLOW_CTX_TASK_ID=rm_task
AIRFLOW_CTX_EXECUTION_DATE=2003-01-01T00:00:00+00:00
AIRFLOW_CTX_DAG_RUN_ID=scheduled__2003-01-01T00:00:00+00:00
[2022-04-11 20:05:05,851] {subprocess.py:62} INFO - Tmp dir root location: 
 /tmp
[2022-04-11 20:05:05,852] {subprocess.py:74} INFO - Running command: ['bash', '-c', 'rm "/opt/***/pbp_data_2003.parquet"']
[2022-04-11 20:05:05,869] {subprocess.py:85} INFO - Output:
[2022-04-11 20:05:05,876] {subprocess.py:93} INFO - Command exited with return code 0
[2022-04-11 20:05:05,918] {taskinstance.py:1277} INFO - Marking task as SUCCESS. dag_id=pbp_data, task_id=rm_task, execution_date=20030101T000000, start_date=20220411T200505, end_date=20220411T200505
[2022-04-11 20:05:05,970] {local_task_job.py:154} INFO - Task exited with return code 0
[2022-04-11 20:05:06,013] {local_task_job.py:264} INFO - 0 downstream tasks scheduled from follow-on schedule check
