[2022-04-11 19:59:48,998] {taskinstance.py:1032} INFO - Dependencies all met for <TaskInstance: pbp_data.rm_task scheduled__2020-01-01T00:00:00+00:00 [queued]>
[2022-04-11 19:59:49,052] {taskinstance.py:1032} INFO - Dependencies all met for <TaskInstance: pbp_data.rm_task scheduled__2020-01-01T00:00:00+00:00 [queued]>
[2022-04-11 19:59:49,052] {taskinstance.py:1238} INFO - 
--------------------------------------------------------------------------------
[2022-04-11 19:59:49,052] {taskinstance.py:1239} INFO - Starting attempt 1 of 1
[2022-04-11 19:59:49,052] {taskinstance.py:1240} INFO - 
--------------------------------------------------------------------------------
[2022-04-11 19:59:49,077] {taskinstance.py:1259} INFO - Executing <Task(BashOperator): rm_task> on 2020-01-01 00:00:00+00:00
[2022-04-11 19:59:49,101] {standard_task_runner.py:52} INFO - Started process 356683 to run task
[2022-04-11 19:59:49,119] {standard_task_runner.py:76} INFO - Running: ['***', 'tasks', 'run', 'pbp_data', 'rm_task', 'scheduled__2020-01-01T00:00:00+00:00', '--job-id', '1739', '--raw', '--subdir', 'DAGS_FOLDER/nfl_to_gcs.py', '--cfg-path', '/tmp/tmp9sywdp8z', '--error-file', '/tmp/tmpf8326b9f']
[2022-04-11 19:59:49,122] {standard_task_runner.py:77} INFO - Job 1739: Subtask rm_task
[2022-04-11 19:59:49,267] {logging_mixin.py:109} INFO - Running <TaskInstance: pbp_data.rm_task scheduled__2020-01-01T00:00:00+00:00 [running]> on host 4ed3eda454fd
[2022-04-11 19:59:49,386] {taskinstance.py:1426} INFO - Exporting the following env vars:
AIRFLOW_CTX_DAG_OWNER=***
AIRFLOW_CTX_DAG_ID=pbp_data
AIRFLOW_CTX_TASK_ID=rm_task
AIRFLOW_CTX_EXECUTION_DATE=2020-01-01T00:00:00+00:00
AIRFLOW_CTX_DAG_RUN_ID=scheduled__2020-01-01T00:00:00+00:00
[2022-04-11 19:59:49,391] {subprocess.py:62} INFO - Tmp dir root location: 
 /tmp
[2022-04-11 19:59:49,392] {subprocess.py:74} INFO - Running command: ['bash', '-c', 'rm "/opt/***/pbp_data_2020.parquet"']
[2022-04-11 19:59:49,415] {subprocess.py:85} INFO - Output:
[2022-04-11 19:59:49,430] {subprocess.py:93} INFO - Command exited with return code 0
[2022-04-11 19:59:49,483] {taskinstance.py:1277} INFO - Marking task as SUCCESS. dag_id=pbp_data, task_id=rm_task, execution_date=20200101T000000, start_date=20220411T195948, end_date=20220411T195949
[2022-04-11 19:59:49,556] {local_task_job.py:154} INFO - Task exited with return code 0
[2022-04-11 19:59:49,610] {local_task_job.py:264} INFO - 0 downstream tasks scheduled from follow-on schedule check
[2022-04-11 20:08:19,063] {taskinstance.py:1032} INFO - Dependencies all met for <TaskInstance: pbp_data.rm_task scheduled__2020-01-01T00:00:00+00:00 [queued]>
[2022-04-11 20:08:19,080] {taskinstance.py:1032} INFO - Dependencies all met for <TaskInstance: pbp_data.rm_task scheduled__2020-01-01T00:00:00+00:00 [queued]>
[2022-04-11 20:08:19,080] {taskinstance.py:1238} INFO - 
--------------------------------------------------------------------------------
[2022-04-11 20:08:19,080] {taskinstance.py:1239} INFO - Starting attempt 1 of 1
[2022-04-11 20:08:19,080] {taskinstance.py:1240} INFO - 
--------------------------------------------------------------------------------
[2022-04-11 20:08:19,094] {taskinstance.py:1259} INFO - Executing <Task(BashOperator): rm_task> on 2020-01-01 00:00:00+00:00
[2022-04-11 20:08:19,104] {standard_task_runner.py:52} INFO - Started process 359443 to run task
[2022-04-11 20:08:19,112] {standard_task_runner.py:76} INFO - Running: ['***', 'tasks', 'run', 'pbp_data', 'rm_task', 'scheduled__2020-01-01T00:00:00+00:00', '--job-id', '2028', '--raw', '--subdir', 'DAGS_FOLDER/nfl_to_gcs.py', '--cfg-path', '/tmp/tmp4q9ch1y3', '--error-file', '/tmp/tmp59j5qm8t']
[2022-04-11 20:08:19,114] {standard_task_runner.py:77} INFO - Job 2028: Subtask rm_task
[2022-04-11 20:08:19,204] {logging_mixin.py:109} INFO - Running <TaskInstance: pbp_data.rm_task scheduled__2020-01-01T00:00:00+00:00 [running]> on host 4ed3eda454fd
[2022-04-11 20:08:19,304] {taskinstance.py:1426} INFO - Exporting the following env vars:
AIRFLOW_CTX_DAG_OWNER=***
AIRFLOW_CTX_DAG_ID=pbp_data
AIRFLOW_CTX_TASK_ID=rm_task
AIRFLOW_CTX_EXECUTION_DATE=2020-01-01T00:00:00+00:00
AIRFLOW_CTX_DAG_RUN_ID=scheduled__2020-01-01T00:00:00+00:00
[2022-04-11 20:08:19,306] {subprocess.py:62} INFO - Tmp dir root location: 
 /tmp
[2022-04-11 20:08:19,307] {subprocess.py:74} INFO - Running command: ['bash', '-c', 'rm "/opt/***/pbp_data_2020.parquet"']
[2022-04-11 20:08:19,337] {subprocess.py:85} INFO - Output:
[2022-04-11 20:08:19,353] {subprocess.py:93} INFO - Command exited with return code 0
[2022-04-11 20:08:19,396] {taskinstance.py:1277} INFO - Marking task as SUCCESS. dag_id=pbp_data, task_id=rm_task, execution_date=20200101T000000, start_date=20220411T200819, end_date=20220411T200819
[2022-04-11 20:08:19,448] {local_task_job.py:154} INFO - Task exited with return code 0
[2022-04-11 20:08:19,484] {local_task_job.py:264} INFO - 0 downstream tasks scheduled from follow-on schedule check
