[2022-04-11 20:06:05,590] {taskinstance.py:1032} INFO - Dependencies all met for <TaskInstance: pbp_data.rm_task scheduled__2010-01-01T00:00:00+00:00 [queued]>
[2022-04-11 20:06:05,656] {taskinstance.py:1032} INFO - Dependencies all met for <TaskInstance: pbp_data.rm_task scheduled__2010-01-01T00:00:00+00:00 [queued]>
[2022-04-11 20:06:05,658] {taskinstance.py:1238} INFO - 
--------------------------------------------------------------------------------
[2022-04-11 20:06:05,659] {taskinstance.py:1239} INFO - Starting attempt 1 of 1
[2022-04-11 20:06:05,659] {taskinstance.py:1240} INFO - 
--------------------------------------------------------------------------------
[2022-04-11 20:06:05,739] {taskinstance.py:1259} INFO - Executing <Task(BashOperator): rm_task> on 2010-01-01 00:00:00+00:00
[2022-04-11 20:06:05,756] {standard_task_runner.py:52} INFO - Started process 358849 to run task
[2022-04-11 20:06:05,798] {standard_task_runner.py:76} INFO - Running: ['***', 'tasks', 'run', 'pbp_data', 'rm_task', 'scheduled__2010-01-01T00:00:00+00:00', '--job-id', '1966', '--raw', '--subdir', 'DAGS_FOLDER/nfl_to_gcs.py', '--cfg-path', '/tmp/tmpns1atlv3', '--error-file', '/tmp/tmpo2hhzmsh']
[2022-04-11 20:06:05,800] {standard_task_runner.py:77} INFO - Job 1966: Subtask rm_task
[2022-04-11 20:06:06,007] {logging_mixin.py:109} INFO - Running <TaskInstance: pbp_data.rm_task scheduled__2010-01-01T00:00:00+00:00 [running]> on host 4ed3eda454fd
[2022-04-11 20:06:06,235] {taskinstance.py:1426} INFO - Exporting the following env vars:
AIRFLOW_CTX_DAG_OWNER=***
AIRFLOW_CTX_DAG_ID=pbp_data
AIRFLOW_CTX_TASK_ID=rm_task
AIRFLOW_CTX_EXECUTION_DATE=2010-01-01T00:00:00+00:00
AIRFLOW_CTX_DAG_RUN_ID=scheduled__2010-01-01T00:00:00+00:00
[2022-04-11 20:06:06,236] {subprocess.py:62} INFO - Tmp dir root location: 
 /tmp
[2022-04-11 20:06:06,237] {subprocess.py:74} INFO - Running command: ['bash', '-c', 'rm "/opt/***/pbp_data_2010.parquet"']
[2022-04-11 20:06:06,294] {subprocess.py:85} INFO - Output:
[2022-04-11 20:06:06,362] {subprocess.py:93} INFO - Command exited with return code 0
[2022-04-11 20:06:06,440] {taskinstance.py:1277} INFO - Marking task as SUCCESS. dag_id=pbp_data, task_id=rm_task, execution_date=20100101T000000, start_date=20220411T200605, end_date=20220411T200606
[2022-04-11 20:06:06,494] {local_task_job.py:154} INFO - Task exited with return code 0
[2022-04-11 20:06:06,604] {local_task_job.py:264} INFO - 0 downstream tasks scheduled from follow-on schedule check
