[2022-04-24 14:50:48,714] {taskinstance.py:1032} INFO - Dependencies all met for <TaskInstance: schedule_data_bq_dag.gcs_2_bq_ext_task scheduled__2018-01-01T00:00:00+00:00 [queued]>
[2022-04-24 14:50:48,735] {taskinstance.py:1032} INFO - Dependencies all met for <TaskInstance: schedule_data_bq_dag.gcs_2_bq_ext_task scheduled__2018-01-01T00:00:00+00:00 [queued]>
[2022-04-24 14:50:48,736] {taskinstance.py:1238} INFO - 
--------------------------------------------------------------------------------
[2022-04-24 14:50:48,736] {taskinstance.py:1239} INFO - Starting attempt 1 of 1
[2022-04-24 14:50:48,736] {taskinstance.py:1240} INFO - 
--------------------------------------------------------------------------------
[2022-04-24 14:50:48,760] {taskinstance.py:1259} INFO - Executing <Task(BigQueryCreateExternalTableOperator): gcs_2_bq_ext_task> on 2018-01-01 00:00:00+00:00
[2022-04-24 14:50:48,768] {standard_task_runner.py:52} INFO - Started process 3795 to run task
[2022-04-24 14:50:48,785] {standard_task_runner.py:76} INFO - Running: ['***', 'tasks', 'run', 'schedule_data_bq_dag', 'gcs_2_bq_ext_task', 'scheduled__2018-01-01T00:00:00+00:00', '--job-id', '2258', '--raw', '--subdir', 'DAGS_FOLDER/nfl_gcs_to_bq.py', '--cfg-path', '/tmp/tmpy6o50o8c', '--error-file', '/tmp/tmp3xdl64vs']
[2022-04-24 14:50:48,786] {standard_task_runner.py:77} INFO - Job 2258: Subtask gcs_2_bq_ext_task
[2022-04-24 14:50:48,874] {logging_mixin.py:109} INFO - Running <TaskInstance: schedule_data_bq_dag.gcs_2_bq_ext_task scheduled__2018-01-01T00:00:00+00:00 [running]> on host 28475d5c3e7a
[2022-04-24 14:50:48,959] {taskinstance.py:1426} INFO - Exporting the following env vars:
AIRFLOW_CTX_DAG_OWNER=***
AIRFLOW_CTX_DAG_ID=schedule_data_bq_dag
AIRFLOW_CTX_TASK_ID=gcs_2_bq_ext_task
AIRFLOW_CTX_EXECUTION_DATE=2018-01-01T00:00:00+00:00
AIRFLOW_CTX_DAG_RUN_ID=scheduled__2018-01-01T00:00:00+00:00
[2022-04-24 14:50:48,961] {crypto.py:82} WARNING - empty cryptography key - values will not be stored encrypted.
[2022-04-24 14:50:49,547] {taskinstance.py:1277} INFO - Marking task as SUCCESS. dag_id=schedule_data_bq_dag, task_id=gcs_2_bq_ext_task, execution_date=20180101T000000, start_date=20220424T145048, end_date=20220424T145049
[2022-04-24 14:50:49,607] {local_task_job.py:154} INFO - Task exited with return code 0
[2022-04-24 14:50:49,646] {local_task_job.py:264} INFO - 0 downstream tasks scheduled from follow-on schedule check
[2022-04-24 14:54:29,201] {taskinstance.py:1032} INFO - Dependencies all met for <TaskInstance: schedule_data_bq_dag.gcs_2_bq_ext_task scheduled__2018-01-01T00:00:00+00:00 [queued]>
[2022-04-24 14:54:29,241] {taskinstance.py:1032} INFO - Dependencies all met for <TaskInstance: schedule_data_bq_dag.gcs_2_bq_ext_task scheduled__2018-01-01T00:00:00+00:00 [queued]>
[2022-04-24 14:54:29,241] {taskinstance.py:1238} INFO - 
--------------------------------------------------------------------------------
[2022-04-24 14:54:29,241] {taskinstance.py:1239} INFO - Starting attempt 1 of 1
[2022-04-24 14:54:29,241] {taskinstance.py:1240} INFO - 
--------------------------------------------------------------------------------
[2022-04-24 14:54:29,262] {taskinstance.py:1259} INFO - Executing <Task(BigQueryCreateExternalTableOperator): gcs_2_bq_ext_task> on 2018-01-01 00:00:00+00:00
[2022-04-24 14:54:29,280] {standard_task_runner.py:52} INFO - Started process 4331 to run task
[2022-04-24 14:54:29,287] {standard_task_runner.py:76} INFO - Running: ['***', 'tasks', 'run', 'schedule_data_bq_dag', 'gcs_2_bq_ext_task', 'scheduled__2018-01-01T00:00:00+00:00', '--job-id', '2285', '--raw', '--subdir', 'DAGS_FOLDER/nfl_gcs_to_bq.py', '--cfg-path', '/tmp/tmph4iyx_71', '--error-file', '/tmp/tmpwos55omm']
[2022-04-24 14:54:29,288] {standard_task_runner.py:77} INFO - Job 2285: Subtask gcs_2_bq_ext_task
[2022-04-24 14:54:29,394] {logging_mixin.py:109} INFO - Running <TaskInstance: schedule_data_bq_dag.gcs_2_bq_ext_task scheduled__2018-01-01T00:00:00+00:00 [running]> on host 28475d5c3e7a
[2022-04-24 14:54:29,527] {taskinstance.py:1426} INFO - Exporting the following env vars:
AIRFLOW_CTX_DAG_OWNER=***
AIRFLOW_CTX_DAG_ID=schedule_data_bq_dag
AIRFLOW_CTX_TASK_ID=gcs_2_bq_ext_task
AIRFLOW_CTX_EXECUTION_DATE=2018-01-01T00:00:00+00:00
AIRFLOW_CTX_DAG_RUN_ID=scheduled__2018-01-01T00:00:00+00:00
[2022-04-24 14:54:29,529] {crypto.py:82} WARNING - empty cryptography key - values will not be stored encrypted.
[2022-04-24 14:54:30,165] {taskinstance.py:1277} INFO - Marking task as SUCCESS. dag_id=schedule_data_bq_dag, task_id=gcs_2_bq_ext_task, execution_date=20180101T000000, start_date=20220424T145429, end_date=20220424T145430
[2022-04-24 14:54:30,190] {local_task_job.py:154} INFO - Task exited with return code 0
[2022-04-24 14:54:30,240] {local_task_job.py:264} INFO - 0 downstream tasks scheduled from follow-on schedule check
