[2022-04-24 14:47:33,093] {taskinstance.py:1032} INFO - Dependencies all met for <TaskInstance: pbp_data_bq_dag.bq_ext_2_part_task scheduled__2019-01-01T00:00:00+00:00 [queued]>
[2022-04-24 14:47:33,105] {taskinstance.py:1032} INFO - Dependencies all met for <TaskInstance: pbp_data_bq_dag.bq_ext_2_part_task scheduled__2019-01-01T00:00:00+00:00 [queued]>
[2022-04-24 14:47:33,105] {taskinstance.py:1238} INFO - 
--------------------------------------------------------------------------------
[2022-04-24 14:47:33,106] {taskinstance.py:1239} INFO - Starting attempt 1 of 1
[2022-04-24 14:47:33,106] {taskinstance.py:1240} INFO - 
--------------------------------------------------------------------------------
[2022-04-24 14:47:33,117] {taskinstance.py:1259} INFO - Executing <Task(BigQueryInsertJobOperator): bq_ext_2_part_task> on 2019-01-01 00:00:00+00:00
[2022-04-24 14:47:33,124] {standard_task_runner.py:52} INFO - Started process 3177 to run task
[2022-04-24 14:47:33,130] {standard_task_runner.py:76} INFO - Running: ['***', 'tasks', 'run', 'pbp_data_bq_dag', 'bq_ext_2_part_task', 'scheduled__2019-01-01T00:00:00+00:00', '--job-id', '2210', '--raw', '--subdir', 'DAGS_FOLDER/nfl_gcs_to_bq.py', '--cfg-path', '/tmp/tmpz_lkonsv', '--error-file', '/tmp/tmp1kq9qd6l']
[2022-04-24 14:47:33,132] {standard_task_runner.py:77} INFO - Job 2210: Subtask bq_ext_2_part_task
[2022-04-24 14:47:33,197] {logging_mixin.py:109} INFO - Running <TaskInstance: pbp_data_bq_dag.bq_ext_2_part_task scheduled__2019-01-01T00:00:00+00:00 [running]> on host 28475d5c3e7a
[2022-04-24 14:47:33,266] {taskinstance.py:1426} INFO - Exporting the following env vars:
AIRFLOW_CTX_DAG_OWNER=***
AIRFLOW_CTX_DAG_ID=pbp_data_bq_dag
AIRFLOW_CTX_TASK_ID=bq_ext_2_part_task
AIRFLOW_CTX_EXECUTION_DATE=2019-01-01T00:00:00+00:00
AIRFLOW_CTX_DAG_RUN_ID=scheduled__2019-01-01T00:00:00+00:00
[2022-04-24 14:47:33,267] {crypto.py:82} WARNING - empty cryptography key - values will not be stored encrypted.
[2022-04-24 14:47:33,274] {logging_mixin.py:109} WARNING - /home/***/.local/lib/python3.7/site-packages/***/utils/context.py:152 AirflowContextDeprecationWarning: Accessing 'execution_date' from the template is deprecated and will be removed in a future version. Please use 'data_interval_start' or 'logical_date' instead.
[2022-04-24 14:47:33,281] {bigquery.py:1637} INFO - Inserting job ***_pbp_data_bq_dag_bq_ext_2_part_task_2019_01_01T00_00_00_00_00_9e2ffc74ee98a7b18fcbba55e77ac9b7
[2022-04-24 14:47:37,905] {taskinstance.py:1277} INFO - Marking task as SUCCESS. dag_id=pbp_data_bq_dag, task_id=bq_ext_2_part_task, execution_date=20190101T000000, start_date=20220424T144733, end_date=20220424T144737
[2022-04-24 14:47:37,964] {local_task_job.py:154} INFO - Task exited with return code 0
[2022-04-24 14:47:37,996] {local_task_job.py:264} INFO - 0 downstream tasks scheduled from follow-on schedule check
[2022-04-25 12:36:53,917] {taskinstance.py:1032} INFO - Dependencies all met for <TaskInstance: pbp_data_bq_dag.bq_ext_2_part_task scheduled__2019-01-01T00:00:00+00:00 [queued]>
[2022-04-25 12:36:53,927] {taskinstance.py:1032} INFO - Dependencies all met for <TaskInstance: pbp_data_bq_dag.bq_ext_2_part_task scheduled__2019-01-01T00:00:00+00:00 [queued]>
[2022-04-25 12:36:53,928] {taskinstance.py:1238} INFO - 
--------------------------------------------------------------------------------
[2022-04-25 12:36:53,928] {taskinstance.py:1239} INFO - Starting attempt 1 of 1
[2022-04-25 12:36:53,928] {taskinstance.py:1240} INFO - 
--------------------------------------------------------------------------------
[2022-04-25 12:36:53,939] {taskinstance.py:1259} INFO - Executing <Task(BigQueryInsertJobOperator): bq_ext_2_part_task> on 2019-01-01 00:00:00+00:00
[2022-04-25 12:36:53,945] {standard_task_runner.py:52} INFO - Started process 871 to run task
[2022-04-25 12:36:53,951] {standard_task_runner.py:76} INFO - Running: ['***', 'tasks', 'run', 'pbp_data_bq_dag', 'bq_ext_2_part_task', 'scheduled__2019-01-01T00:00:00+00:00', '--job-id', '2361', '--raw', '--subdir', 'DAGS_FOLDER/nfl_gcs_to_bq.py', '--cfg-path', '/tmp/tmpokrufrtp', '--error-file', '/tmp/tmph06_2l8i']
[2022-04-25 12:36:53,952] {standard_task_runner.py:77} INFO - Job 2361: Subtask bq_ext_2_part_task
[2022-04-25 12:36:54,036] {logging_mixin.py:109} INFO - Running <TaskInstance: pbp_data_bq_dag.bq_ext_2_part_task scheduled__2019-01-01T00:00:00+00:00 [running]> on host de169a1be7ed
[2022-04-25 12:36:54,164] {taskinstance.py:1426} INFO - Exporting the following env vars:
AIRFLOW_CTX_DAG_OWNER=***
AIRFLOW_CTX_DAG_ID=pbp_data_bq_dag
AIRFLOW_CTX_TASK_ID=bq_ext_2_part_task
AIRFLOW_CTX_EXECUTION_DATE=2019-01-01T00:00:00+00:00
AIRFLOW_CTX_DAG_RUN_ID=scheduled__2019-01-01T00:00:00+00:00
[2022-04-25 12:36:54,166] {crypto.py:82} WARNING - empty cryptography key - values will not be stored encrypted.
[2022-04-25 12:36:54,175] {logging_mixin.py:109} WARNING - /home/***/.local/lib/python3.7/site-packages/***/utils/context.py:152 AirflowContextDeprecationWarning: Accessing 'execution_date' from the template is deprecated and will be removed in a future version. Please use 'data_interval_start' or 'logical_date' instead.
[2022-04-25 12:36:54,186] {bigquery.py:1637} INFO - Inserting job ***_pbp_data_bq_dag_bq_ext_2_part_task_2019_01_01T00_00_00_00_00_e3778e8fc70b774ab5186753164f313b
[2022-04-25 12:36:57,920] {taskinstance.py:1277} INFO - Marking task as SUCCESS. dag_id=pbp_data_bq_dag, task_id=bq_ext_2_part_task, execution_date=20190101T000000, start_date=20220425T123653, end_date=20220425T123657
[2022-04-25 12:36:57,940] {local_task_job.py:154} INFO - Task exited with return code 0
[2022-04-25 12:36:57,969] {local_task_job.py:264} INFO - 0 downstream tasks scheduled from follow-on schedule check
