[2022-04-11 20:00:23,071] {taskinstance.py:1032} INFO - Dependencies all met for <TaskInstance: injury_data.rm_task scheduled__2012-01-01T00:00:00+00:00 [queued]>
[2022-04-11 20:00:23,087] {taskinstance.py:1032} INFO - Dependencies all met for <TaskInstance: injury_data.rm_task scheduled__2012-01-01T00:00:00+00:00 [queued]>
[2022-04-11 20:00:23,087] {taskinstance.py:1238} INFO - 
--------------------------------------------------------------------------------
[2022-04-11 20:00:23,088] {taskinstance.py:1239} INFO - Starting attempt 1 of 1
[2022-04-11 20:00:23,088] {taskinstance.py:1240} INFO - 
--------------------------------------------------------------------------------
[2022-04-11 20:00:23,107] {taskinstance.py:1259} INFO - Executing <Task(BashOperator): rm_task> on 2012-01-01 00:00:00+00:00
[2022-04-11 20:00:23,118] {standard_task_runner.py:52} INFO - Started process 356981 to run task
[2022-04-11 20:00:23,128] {standard_task_runner.py:76} INFO - Running: ['***', 'tasks', 'run', 'injury_data', 'rm_task', 'scheduled__2012-01-01T00:00:00+00:00', '--job-id', '1776', '--raw', '--subdir', 'DAGS_FOLDER/nfl_to_gcs.py', '--cfg-path', '/tmp/tmphxstqj7g', '--error-file', '/tmp/tmpcsmtj93e']
[2022-04-11 20:00:23,132] {standard_task_runner.py:77} INFO - Job 1776: Subtask rm_task
[2022-04-11 20:00:23,238] {logging_mixin.py:109} INFO - Running <TaskInstance: injury_data.rm_task scheduled__2012-01-01T00:00:00+00:00 [running]> on host 4ed3eda454fd
[2022-04-11 20:00:23,355] {taskinstance.py:1426} INFO - Exporting the following env vars:
AIRFLOW_CTX_DAG_OWNER=***
AIRFLOW_CTX_DAG_ID=injury_data
AIRFLOW_CTX_TASK_ID=rm_task
AIRFLOW_CTX_EXECUTION_DATE=2012-01-01T00:00:00+00:00
AIRFLOW_CTX_DAG_RUN_ID=scheduled__2012-01-01T00:00:00+00:00
[2022-04-11 20:00:23,359] {subprocess.py:62} INFO - Tmp dir root location: 
 /tmp
[2022-04-11 20:00:23,360] {subprocess.py:74} INFO - Running command: ['bash', '-c', 'rm "/opt/***/injury_data_2012.parquet"']
[2022-04-11 20:00:23,383] {subprocess.py:85} INFO - Output:
[2022-04-11 20:00:23,390] {subprocess.py:93} INFO - Command exited with return code 0
[2022-04-11 20:00:23,437] {taskinstance.py:1277} INFO - Marking task as SUCCESS. dag_id=injury_data, task_id=rm_task, execution_date=20120101T000000, start_date=20220411T200023, end_date=20220411T200023
[2022-04-11 20:00:23,470] {local_task_job.py:154} INFO - Task exited with return code 0
[2022-04-11 20:00:23,554] {local_task_job.py:264} INFO - 0 downstream tasks scheduled from follow-on schedule check
[2022-04-11 20:03:58,101] {taskinstance.py:1032} INFO - Dependencies all met for <TaskInstance: injury_data.rm_task scheduled__2012-01-01T00:00:00+00:00 [queued]>
[2022-04-11 20:03:58,117] {taskinstance.py:1032} INFO - Dependencies all met for <TaskInstance: injury_data.rm_task scheduled__2012-01-01T00:00:00+00:00 [queued]>
[2022-04-11 20:03:58,118] {taskinstance.py:1238} INFO - 
--------------------------------------------------------------------------------
[2022-04-11 20:03:58,118] {taskinstance.py:1239} INFO - Starting attempt 1 of 1
[2022-04-11 20:03:58,118] {taskinstance.py:1240} INFO - 
--------------------------------------------------------------------------------
[2022-04-11 20:03:58,137] {taskinstance.py:1259} INFO - Executing <Task(BashOperator): rm_task> on 2012-01-01 00:00:00+00:00
[2022-04-11 20:03:58,146] {standard_task_runner.py:52} INFO - Started process 357980 to run task
[2022-04-11 20:03:58,151] {standard_task_runner.py:76} INFO - Running: ['***', 'tasks', 'run', 'injury_data', 'rm_task', 'scheduled__2012-01-01T00:00:00+00:00', '--job-id', '1868', '--raw', '--subdir', 'DAGS_FOLDER/nfl_to_gcs.py', '--cfg-path', '/tmp/tmpg4fvgkcd', '--error-file', '/tmp/tmpli8nu88f']
[2022-04-11 20:03:58,153] {standard_task_runner.py:77} INFO - Job 1868: Subtask rm_task
[2022-04-11 20:03:58,235] {logging_mixin.py:109} INFO - Running <TaskInstance: injury_data.rm_task scheduled__2012-01-01T00:00:00+00:00 [running]> on host 4ed3eda454fd
[2022-04-11 20:03:58,327] {taskinstance.py:1426} INFO - Exporting the following env vars:
AIRFLOW_CTX_DAG_OWNER=***
AIRFLOW_CTX_DAG_ID=injury_data
AIRFLOW_CTX_TASK_ID=rm_task
AIRFLOW_CTX_EXECUTION_DATE=2012-01-01T00:00:00+00:00
AIRFLOW_CTX_DAG_RUN_ID=scheduled__2012-01-01T00:00:00+00:00
[2022-04-11 20:03:58,331] {subprocess.py:62} INFO - Tmp dir root location: 
 /tmp
[2022-04-11 20:03:58,332] {subprocess.py:74} INFO - Running command: ['bash', '-c', 'rm "/opt/***/injury_data_2012.parquet"']
[2022-04-11 20:03:58,354] {subprocess.py:85} INFO - Output:
[2022-04-11 20:03:58,361] {subprocess.py:93} INFO - Command exited with return code 0
[2022-04-11 20:03:58,401] {taskinstance.py:1277} INFO - Marking task as SUCCESS. dag_id=injury_data, task_id=rm_task, execution_date=20120101T000000, start_date=20220411T200358, end_date=20220411T200358
[2022-04-11 20:03:58,447] {local_task_job.py:154} INFO - Task exited with return code 0
[2022-04-11 20:03:58,488] {local_task_job.py:264} INFO - 0 downstream tasks scheduled from follow-on schedule check
[2022-04-23 16:31:28,185] {taskinstance.py:1032} INFO - Dependencies all met for <TaskInstance: injury_data.rm_task scheduled__2012-01-01T00:00:00+00:00 [queued]>
[2022-04-23 16:31:28,214] {taskinstance.py:1032} INFO - Dependencies all met for <TaskInstance: injury_data.rm_task scheduled__2012-01-01T00:00:00+00:00 [queued]>
[2022-04-23 16:31:28,214] {taskinstance.py:1238} INFO - 
--------------------------------------------------------------------------------
[2022-04-23 16:31:28,214] {taskinstance.py:1239} INFO - Starting attempt 1 of 1
[2022-04-23 16:31:28,214] {taskinstance.py:1240} INFO - 
--------------------------------------------------------------------------------
[2022-04-23 16:31:28,249] {taskinstance.py:1259} INFO - Executing <Task(BashOperator): rm_task> on 2012-01-01 00:00:00+00:00
[2022-04-23 16:31:28,279] {standard_task_runner.py:52} INFO - Started process 2620 to run task
[2022-04-23 16:31:28,300] {standard_task_runner.py:76} INFO - Running: ['***', 'tasks', 'run', 'injury_data', 'rm_task', 'scheduled__2012-01-01T00:00:00+00:00', '--job-id', '2080', '--raw', '--subdir', 'DAGS_FOLDER/nfl_to_gcs.py', '--cfg-path', '/tmp/tmpmdk2xtyi', '--error-file', '/tmp/tmp5n8h4rry']
[2022-04-23 16:31:28,301] {standard_task_runner.py:77} INFO - Job 2080: Subtask rm_task
[2022-04-23 16:31:28,447] {logging_mixin.py:109} INFO - Running <TaskInstance: injury_data.rm_task scheduled__2012-01-01T00:00:00+00:00 [running]> on host 04f3a8edbeca
[2022-04-23 16:31:28,762] {taskinstance.py:1426} INFO - Exporting the following env vars:
AIRFLOW_CTX_DAG_OWNER=***
AIRFLOW_CTX_DAG_ID=injury_data
AIRFLOW_CTX_TASK_ID=rm_task
AIRFLOW_CTX_EXECUTION_DATE=2012-01-01T00:00:00+00:00
AIRFLOW_CTX_DAG_RUN_ID=scheduled__2012-01-01T00:00:00+00:00
[2022-04-23 16:31:28,765] {subprocess.py:62} INFO - Tmp dir root location: 
 /tmp
[2022-04-23 16:31:28,765] {subprocess.py:74} INFO - Running command: ['bash', '-c', 'rm "/opt/***/injury_data_2012.parquet"']
[2022-04-23 16:31:28,806] {subprocess.py:85} INFO - Output:
[2022-04-23 16:31:28,813] {subprocess.py:93} INFO - Command exited with return code 0
[2022-04-23 16:31:28,878] {taskinstance.py:1277} INFO - Marking task as SUCCESS. dag_id=injury_data, task_id=rm_task, execution_date=20120101T000000, start_date=20220423T163128, end_date=20220423T163128
[2022-04-23 16:31:28,945] {local_task_job.py:154} INFO - Task exited with return code 0
[2022-04-23 16:31:28,997] {local_task_job.py:264} INFO - 0 downstream tasks scheduled from follow-on schedule check
