[2022-04-11 20:05:30,807] {taskinstance.py:1032} INFO - Dependencies all met for <TaskInstance: schedule_data.download_data_task scheduled__2009-01-01T00:00:00+00:00 [queued]>
[2022-04-11 20:05:30,873] {taskinstance.py:1032} INFO - Dependencies all met for <TaskInstance: schedule_data.download_data_task scheduled__2009-01-01T00:00:00+00:00 [queued]>
[2022-04-11 20:05:30,874] {taskinstance.py:1238} INFO - 
--------------------------------------------------------------------------------
[2022-04-11 20:05:30,874] {taskinstance.py:1239} INFO - Starting attempt 1 of 1
[2022-04-11 20:05:30,874] {taskinstance.py:1240} INFO - 
--------------------------------------------------------------------------------
[2022-04-11 20:05:30,910] {taskinstance.py:1259} INFO - Executing <Task(PythonOperator): download_data_task> on 2009-01-01 00:00:00+00:00
[2022-04-11 20:05:30,923] {standard_task_runner.py:52} INFO - Started process 358619 to run task
[2022-04-11 20:05:30,958] {standard_task_runner.py:76} INFO - Running: ['***', 'tasks', 'run', 'schedule_data', 'download_data_task', 'scheduled__2009-01-01T00:00:00+00:00', '--job-id', '1942', '--raw', '--subdir', 'DAGS_FOLDER/nfl_to_gcs.py', '--cfg-path', '/tmp/tmpb26tthqd', '--error-file', '/tmp/tmp5h5li6y4']
[2022-04-11 20:05:30,964] {standard_task_runner.py:77} INFO - Job 1942: Subtask download_data_task
[2022-04-11 20:05:31,223] {logging_mixin.py:109} INFO - Running <TaskInstance: schedule_data.download_data_task scheduled__2009-01-01T00:00:00+00:00 [running]> on host 4ed3eda454fd
[2022-04-11 20:05:31,505] {taskinstance.py:1426} INFO - Exporting the following env vars:
AIRFLOW_CTX_DAG_OWNER=***
AIRFLOW_CTX_DAG_ID=schedule_data
AIRFLOW_CTX_TASK_ID=download_data_task
AIRFLOW_CTX_EXECUTION_DATE=2009-01-01T00:00:00+00:00
AIRFLOW_CTX_DAG_RUN_ID=scheduled__2009-01-01T00:00:00+00:00
[2022-04-11 20:05:31,527] {logging_mixin.py:109} WARNING - /home/***/.local/lib/python3.7/site-packages/***/utils/context.py:152 AirflowContextDeprecationWarning: Accessing 'execution_date' from the template is deprecated and will be removed in a future version. Please use 'data_interval_start' or 'logical_date' instead.
[2022-04-11 20:05:31,529] {logging_mixin.py:109} WARNING - /home/***/.local/lib/python3.7/site-packages/***/utils/context.py:152 AirflowContextDeprecationWarning: Accessing 'next_ds' from the template is deprecated and will be removed in a future version. Please use '{{ data_interval_end | ds }}' instead.
[2022-04-11 20:05:31,537] {logging_mixin.py:109} WARNING - /home/***/.local/lib/python3.7/site-packages/***/utils/context.py:152 AirflowContextDeprecationWarning: Accessing 'next_ds_nodash' from the template is deprecated and will be removed in a future version. Please use '{{ data_interval_end | ds_nodash }}' instead.
[2022-04-11 20:05:31,549] {logging_mixin.py:109} WARNING - /home/***/.local/lib/python3.7/site-packages/***/utils/context.py:152 AirflowContextDeprecationWarning: Accessing 'next_execution_date' from the template is deprecated and will be removed in a future version. Please use 'data_interval_end' instead.
[2022-04-11 20:05:31,551] {logging_mixin.py:109} WARNING - /home/***/.local/lib/python3.7/site-packages/***/utils/context.py:152 AirflowContextDeprecationWarning: Accessing 'prev_ds' from the template is deprecated and will be removed in a future version.
[2022-04-11 20:05:31,552] {logging_mixin.py:109} WARNING - /home/***/.local/lib/python3.7/site-packages/***/utils/context.py:152 AirflowContextDeprecationWarning: Accessing 'prev_ds_nodash' from the template is deprecated and will be removed in a future version.
[2022-04-11 20:05:31,553] {logging_mixin.py:109} WARNING - /home/***/.local/lib/python3.7/site-packages/***/utils/context.py:152 AirflowContextDeprecationWarning: Accessing 'prev_execution_date' from the template is deprecated and will be removed in a future version.
[2022-04-11 20:05:31,561] {logging_mixin.py:109} WARNING - /home/***/.local/lib/python3.7/site-packages/***/utils/context.py:152 AirflowContextDeprecationWarning: Accessing 'prev_execution_date_success' from the template is deprecated and will be removed in a future version. Please use 'prev_data_interval_start_success' instead.
[2022-04-11 20:05:31,562] {logging_mixin.py:109} WARNING - /home/***/.local/lib/python3.7/site-packages/***/utils/context.py:152 AirflowContextDeprecationWarning: Accessing 'tomorrow_ds' from the template is deprecated and will be removed in a future version.
[2022-04-11 20:05:31,565] {logging_mixin.py:109} WARNING - /home/***/.local/lib/python3.7/site-packages/***/utils/context.py:152 AirflowContextDeprecationWarning: Accessing 'tomorrow_ds_nodash' from the template is deprecated and will be removed in a future version.
[2022-04-11 20:05:31,573] {logging_mixin.py:109} WARNING - /home/***/.local/lib/python3.7/site-packages/***/utils/context.py:152 AirflowContextDeprecationWarning: Accessing 'yesterday_ds' from the template is deprecated and will be removed in a future version.
[2022-04-11 20:05:31,577] {logging_mixin.py:109} WARNING - /home/***/.local/lib/python3.7/site-packages/***/utils/context.py:152 AirflowContextDeprecationWarning: Accessing 'yesterday_ds_nodash' from the template is deprecated and will be removed in a future version.
[2022-04-11 20:05:32,127] {python.py:175} INFO - Done. Returned value was: None
[2022-04-11 20:05:32,158] {taskinstance.py:1277} INFO - Marking task as SUCCESS. dag_id=schedule_data, task_id=download_data_task, execution_date=20090101T000000, start_date=20220411T200530, end_date=20220411T200532
[2022-04-11 20:05:32,272] {local_task_job.py:154} INFO - Task exited with return code 0
[2022-04-11 20:05:32,412] {local_task_job.py:264} INFO - 1 downstream tasks scheduled from follow-on schedule check
