[2022-04-11 20:01:20,201] {taskinstance.py:1032} INFO - Dependencies all met for <TaskInstance: injury_data.download_data_task scheduled__2021-01-01T00:00:00+00:00 [queued]>
[2022-04-11 20:01:20,219] {taskinstance.py:1032} INFO - Dependencies all met for <TaskInstance: injury_data.download_data_task scheduled__2021-01-01T00:00:00+00:00 [queued]>
[2022-04-11 20:01:20,220] {taskinstance.py:1238} INFO - 
--------------------------------------------------------------------------------
[2022-04-11 20:01:20,220] {taskinstance.py:1239} INFO - Starting attempt 1 of 1
[2022-04-11 20:01:20,220] {taskinstance.py:1240} INFO - 
--------------------------------------------------------------------------------
[2022-04-11 20:01:20,240] {taskinstance.py:1259} INFO - Executing <Task(PythonOperator): download_data_task> on 2021-01-01 00:00:00+00:00
[2022-04-11 20:01:20,256] {standard_task_runner.py:52} INFO - Started process 357359 to run task
[2022-04-11 20:01:20,269] {standard_task_runner.py:76} INFO - Running: ['***', 'tasks', 'run', 'injury_data', 'download_data_task', 'scheduled__2021-01-01T00:00:00+00:00', '--job-id', '1817', '--raw', '--subdir', 'DAGS_FOLDER/nfl_to_gcs.py', '--cfg-path', '/tmp/tmputl6g699', '--error-file', '/tmp/tmpl0olw53c']
[2022-04-11 20:01:20,272] {standard_task_runner.py:77} INFO - Job 1817: Subtask download_data_task
[2022-04-11 20:01:20,391] {logging_mixin.py:109} INFO - Running <TaskInstance: injury_data.download_data_task scheduled__2021-01-01T00:00:00+00:00 [running]> on host 4ed3eda454fd
[2022-04-11 20:01:20,508] {taskinstance.py:1426} INFO - Exporting the following env vars:
AIRFLOW_CTX_DAG_OWNER=***
AIRFLOW_CTX_DAG_ID=injury_data
AIRFLOW_CTX_TASK_ID=download_data_task
AIRFLOW_CTX_EXECUTION_DATE=2021-01-01T00:00:00+00:00
AIRFLOW_CTX_DAG_RUN_ID=scheduled__2021-01-01T00:00:00+00:00
[2022-04-11 20:01:20,526] {logging_mixin.py:109} WARNING - /home/***/.local/lib/python3.7/site-packages/***/utils/context.py:152 AirflowContextDeprecationWarning: Accessing 'execution_date' from the template is deprecated and will be removed in a future version. Please use 'data_interval_start' or 'logical_date' instead.
[2022-04-11 20:01:20,527] {logging_mixin.py:109} WARNING - /home/***/.local/lib/python3.7/site-packages/***/utils/context.py:152 AirflowContextDeprecationWarning: Accessing 'next_ds' from the template is deprecated and will be removed in a future version. Please use '{{ data_interval_end | ds }}' instead.
[2022-04-11 20:01:20,529] {logging_mixin.py:109} WARNING - /home/***/.local/lib/python3.7/site-packages/***/utils/context.py:152 AirflowContextDeprecationWarning: Accessing 'next_ds_nodash' from the template is deprecated and will be removed in a future version. Please use '{{ data_interval_end | ds_nodash }}' instead.
[2022-04-11 20:01:20,530] {logging_mixin.py:109} WARNING - /home/***/.local/lib/python3.7/site-packages/***/utils/context.py:152 AirflowContextDeprecationWarning: Accessing 'next_execution_date' from the template is deprecated and will be removed in a future version. Please use 'data_interval_end' instead.
[2022-04-11 20:01:20,531] {logging_mixin.py:109} WARNING - /home/***/.local/lib/python3.7/site-packages/***/utils/context.py:152 AirflowContextDeprecationWarning: Accessing 'prev_ds' from the template is deprecated and will be removed in a future version.
[2022-04-11 20:01:20,533] {logging_mixin.py:109} WARNING - /home/***/.local/lib/python3.7/site-packages/***/utils/context.py:152 AirflowContextDeprecationWarning: Accessing 'prev_ds_nodash' from the template is deprecated and will be removed in a future version.
[2022-04-11 20:01:20,534] {logging_mixin.py:109} WARNING - /home/***/.local/lib/python3.7/site-packages/***/utils/context.py:152 AirflowContextDeprecationWarning: Accessing 'prev_execution_date' from the template is deprecated and will be removed in a future version.
[2022-04-11 20:01:20,535] {logging_mixin.py:109} WARNING - /home/***/.local/lib/python3.7/site-packages/***/utils/context.py:152 AirflowContextDeprecationWarning: Accessing 'prev_execution_date_success' from the template is deprecated and will be removed in a future version. Please use 'prev_data_interval_start_success' instead.
[2022-04-11 20:01:20,538] {logging_mixin.py:109} WARNING - /home/***/.local/lib/python3.7/site-packages/***/utils/context.py:152 AirflowContextDeprecationWarning: Accessing 'tomorrow_ds' from the template is deprecated and will be removed in a future version.
[2022-04-11 20:01:20,541] {logging_mixin.py:109} WARNING - /home/***/.local/lib/python3.7/site-packages/***/utils/context.py:152 AirflowContextDeprecationWarning: Accessing 'tomorrow_ds_nodash' from the template is deprecated and will be removed in a future version.
[2022-04-11 20:01:20,544] {logging_mixin.py:109} WARNING - /home/***/.local/lib/python3.7/site-packages/***/utils/context.py:152 AirflowContextDeprecationWarning: Accessing 'yesterday_ds' from the template is deprecated and will be removed in a future version.
[2022-04-11 20:01:20,545] {logging_mixin.py:109} WARNING - /home/***/.local/lib/python3.7/site-packages/***/utils/context.py:152 AirflowContextDeprecationWarning: Accessing 'yesterday_ds_nodash' from the template is deprecated and will be removed in a future version.
[2022-04-11 20:01:20,978] {python.py:175} INFO - Done. Returned value was: None
[2022-04-11 20:01:21,001] {taskinstance.py:1277} INFO - Marking task as SUCCESS. dag_id=injury_data, task_id=download_data_task, execution_date=20210101T000000, start_date=20220411T200120, end_date=20220411T200121
[2022-04-11 20:01:21,054] {local_task_job.py:154} INFO - Task exited with return code 0
[2022-04-11 20:01:21,111] {local_task_job.py:264} INFO - 1 downstream tasks scheduled from follow-on schedule check
[2022-04-11 20:05:13,783] {taskinstance.py:1032} INFO - Dependencies all met for <TaskInstance: injury_data.download_data_task scheduled__2021-01-01T00:00:00+00:00 [queued]>
[2022-04-11 20:05:13,798] {taskinstance.py:1032} INFO - Dependencies all met for <TaskInstance: injury_data.download_data_task scheduled__2021-01-01T00:00:00+00:00 [queued]>
[2022-04-11 20:05:13,798] {taskinstance.py:1238} INFO - 
--------------------------------------------------------------------------------
[2022-04-11 20:05:13,798] {taskinstance.py:1239} INFO - Starting attempt 1 of 1
[2022-04-11 20:05:13,798] {taskinstance.py:1240} INFO - 
--------------------------------------------------------------------------------
[2022-04-11 20:05:13,814] {taskinstance.py:1259} INFO - Executing <Task(PythonOperator): download_data_task> on 2021-01-01 00:00:00+00:00
[2022-04-11 20:05:13,823] {standard_task_runner.py:52} INFO - Started process 358517 to run task
[2022-04-11 20:05:13,831] {standard_task_runner.py:76} INFO - Running: ['***', 'tasks', 'run', 'injury_data', 'download_data_task', 'scheduled__2021-01-01T00:00:00+00:00', '--job-id', '1933', '--raw', '--subdir', 'DAGS_FOLDER/nfl_to_gcs.py', '--cfg-path', '/tmp/tmphossi6hp', '--error-file', '/tmp/tmp1_68pgpn']
[2022-04-11 20:05:13,832] {standard_task_runner.py:77} INFO - Job 1933: Subtask download_data_task
[2022-04-11 20:05:13,905] {logging_mixin.py:109} INFO - Running <TaskInstance: injury_data.download_data_task scheduled__2021-01-01T00:00:00+00:00 [running]> on host 4ed3eda454fd
[2022-04-11 20:05:13,973] {taskinstance.py:1426} INFO - Exporting the following env vars:
AIRFLOW_CTX_DAG_OWNER=***
AIRFLOW_CTX_DAG_ID=injury_data
AIRFLOW_CTX_TASK_ID=download_data_task
AIRFLOW_CTX_EXECUTION_DATE=2021-01-01T00:00:00+00:00
AIRFLOW_CTX_DAG_RUN_ID=scheduled__2021-01-01T00:00:00+00:00
[2022-04-11 20:05:13,981] {logging_mixin.py:109} WARNING - /home/***/.local/lib/python3.7/site-packages/***/utils/context.py:152 AirflowContextDeprecationWarning: Accessing 'execution_date' from the template is deprecated and will be removed in a future version. Please use 'data_interval_start' or 'logical_date' instead.
[2022-04-11 20:05:13,982] {logging_mixin.py:109} WARNING - /home/***/.local/lib/python3.7/site-packages/***/utils/context.py:152 AirflowContextDeprecationWarning: Accessing 'next_ds' from the template is deprecated and will be removed in a future version. Please use '{{ data_interval_end | ds }}' instead.
[2022-04-11 20:05:13,983] {logging_mixin.py:109} WARNING - /home/***/.local/lib/python3.7/site-packages/***/utils/context.py:152 AirflowContextDeprecationWarning: Accessing 'next_ds_nodash' from the template is deprecated and will be removed in a future version. Please use '{{ data_interval_end | ds_nodash }}' instead.
[2022-04-11 20:05:13,983] {logging_mixin.py:109} WARNING - /home/***/.local/lib/python3.7/site-packages/***/utils/context.py:152 AirflowContextDeprecationWarning: Accessing 'next_execution_date' from the template is deprecated and will be removed in a future version. Please use 'data_interval_end' instead.
[2022-04-11 20:05:13,984] {logging_mixin.py:109} WARNING - /home/***/.local/lib/python3.7/site-packages/***/utils/context.py:152 AirflowContextDeprecationWarning: Accessing 'prev_ds' from the template is deprecated and will be removed in a future version.
[2022-04-11 20:05:13,985] {logging_mixin.py:109} WARNING - /home/***/.local/lib/python3.7/site-packages/***/utils/context.py:152 AirflowContextDeprecationWarning: Accessing 'prev_ds_nodash' from the template is deprecated and will be removed in a future version.
[2022-04-11 20:05:13,986] {logging_mixin.py:109} WARNING - /home/***/.local/lib/python3.7/site-packages/***/utils/context.py:152 AirflowContextDeprecationWarning: Accessing 'prev_execution_date' from the template is deprecated and will be removed in a future version.
[2022-04-11 20:05:13,986] {logging_mixin.py:109} WARNING - /home/***/.local/lib/python3.7/site-packages/***/utils/context.py:152 AirflowContextDeprecationWarning: Accessing 'prev_execution_date_success' from the template is deprecated and will be removed in a future version. Please use 'prev_data_interval_start_success' instead.
[2022-04-11 20:05:13,987] {logging_mixin.py:109} WARNING - /home/***/.local/lib/python3.7/site-packages/***/utils/context.py:152 AirflowContextDeprecationWarning: Accessing 'tomorrow_ds' from the template is deprecated and will be removed in a future version.
[2022-04-11 20:05:13,988] {logging_mixin.py:109} WARNING - /home/***/.local/lib/python3.7/site-packages/***/utils/context.py:152 AirflowContextDeprecationWarning: Accessing 'tomorrow_ds_nodash' from the template is deprecated and will be removed in a future version.
[2022-04-11 20:05:13,989] {logging_mixin.py:109} WARNING - /home/***/.local/lib/python3.7/site-packages/***/utils/context.py:152 AirflowContextDeprecationWarning: Accessing 'yesterday_ds' from the template is deprecated and will be removed in a future version.
[2022-04-11 20:05:13,989] {logging_mixin.py:109} WARNING - /home/***/.local/lib/python3.7/site-packages/***/utils/context.py:152 AirflowContextDeprecationWarning: Accessing 'yesterday_ds_nodash' from the template is deprecated and will be removed in a future version.
[2022-04-11 20:05:14,250] {python.py:175} INFO - Done. Returned value was: None
[2022-04-11 20:05:14,263] {taskinstance.py:1277} INFO - Marking task as SUCCESS. dag_id=injury_data, task_id=download_data_task, execution_date=20210101T000000, start_date=20220411T200513, end_date=20220411T200514
[2022-04-11 20:05:14,285] {local_task_job.py:154} INFO - Task exited with return code 0
[2022-04-11 20:05:14,332] {local_task_job.py:264} INFO - 1 downstream tasks scheduled from follow-on schedule check
[2022-04-23 16:32:13,347] {taskinstance.py:1032} INFO - Dependencies all met for <TaskInstance: injury_data.download_data_task scheduled__2021-01-01T00:00:00+00:00 [queued]>
[2022-04-23 16:32:13,363] {taskinstance.py:1032} INFO - Dependencies all met for <TaskInstance: injury_data.download_data_task scheduled__2021-01-01T00:00:00+00:00 [queued]>
[2022-04-23 16:32:13,363] {taskinstance.py:1238} INFO - 
--------------------------------------------------------------------------------
[2022-04-23 16:32:13,364] {taskinstance.py:1239} INFO - Starting attempt 1 of 1
[2022-04-23 16:32:13,364] {taskinstance.py:1240} INFO - 
--------------------------------------------------------------------------------
[2022-04-23 16:32:13,376] {taskinstance.py:1259} INFO - Executing <Task(PythonOperator): download_data_task> on 2021-01-01 00:00:00+00:00
[2022-04-23 16:32:13,383] {standard_task_runner.py:52} INFO - Started process 2971 to run task
[2022-04-23 16:32:13,403] {standard_task_runner.py:76} INFO - Running: ['***', 'tasks', 'run', 'injury_data', 'download_data_task', 'scheduled__2021-01-01T00:00:00+00:00', '--job-id', '2120', '--raw', '--subdir', 'DAGS_FOLDER/nfl_to_gcs.py', '--cfg-path', '/tmp/tmplitj_es1', '--error-file', '/tmp/tmprqsf97ne']
[2022-04-23 16:32:13,406] {standard_task_runner.py:77} INFO - Job 2120: Subtask download_data_task
[2022-04-23 16:32:13,527] {logging_mixin.py:109} INFO - Running <TaskInstance: injury_data.download_data_task scheduled__2021-01-01T00:00:00+00:00 [running]> on host 04f3a8edbeca
[2022-04-23 16:32:13,617] {taskinstance.py:1426} INFO - Exporting the following env vars:
AIRFLOW_CTX_DAG_OWNER=***
AIRFLOW_CTX_DAG_ID=injury_data
AIRFLOW_CTX_TASK_ID=download_data_task
AIRFLOW_CTX_EXECUTION_DATE=2021-01-01T00:00:00+00:00
AIRFLOW_CTX_DAG_RUN_ID=scheduled__2021-01-01T00:00:00+00:00
[2022-04-23 16:32:13,628] {logging_mixin.py:109} WARNING - /home/***/.local/lib/python3.7/site-packages/***/utils/context.py:152 AirflowContextDeprecationWarning: Accessing 'execution_date' from the template is deprecated and will be removed in a future version. Please use 'data_interval_start' or 'logical_date' instead.
[2022-04-23 16:32:13,629] {logging_mixin.py:109} WARNING - /home/***/.local/lib/python3.7/site-packages/***/utils/context.py:152 AirflowContextDeprecationWarning: Accessing 'next_ds' from the template is deprecated and will be removed in a future version. Please use '{{ data_interval_end | ds }}' instead.
[2022-04-23 16:32:13,631] {logging_mixin.py:109} WARNING - /home/***/.local/lib/python3.7/site-packages/***/utils/context.py:152 AirflowContextDeprecationWarning: Accessing 'next_ds_nodash' from the template is deprecated and will be removed in a future version. Please use '{{ data_interval_end | ds_nodash }}' instead.
[2022-04-23 16:32:13,632] {logging_mixin.py:109} WARNING - /home/***/.local/lib/python3.7/site-packages/***/utils/context.py:152 AirflowContextDeprecationWarning: Accessing 'next_execution_date' from the template is deprecated and will be removed in a future version. Please use 'data_interval_end' instead.
[2022-04-23 16:32:13,634] {logging_mixin.py:109} WARNING - /home/***/.local/lib/python3.7/site-packages/***/utils/context.py:152 AirflowContextDeprecationWarning: Accessing 'prev_ds' from the template is deprecated and will be removed in a future version.
[2022-04-23 16:32:13,635] {logging_mixin.py:109} WARNING - /home/***/.local/lib/python3.7/site-packages/***/utils/context.py:152 AirflowContextDeprecationWarning: Accessing 'prev_ds_nodash' from the template is deprecated and will be removed in a future version.
[2022-04-23 16:32:13,636] {logging_mixin.py:109} WARNING - /home/***/.local/lib/python3.7/site-packages/***/utils/context.py:152 AirflowContextDeprecationWarning: Accessing 'prev_execution_date' from the template is deprecated and will be removed in a future version.
[2022-04-23 16:32:13,638] {logging_mixin.py:109} WARNING - /home/***/.local/lib/python3.7/site-packages/***/utils/context.py:152 AirflowContextDeprecationWarning: Accessing 'prev_execution_date_success' from the template is deprecated and will be removed in a future version. Please use 'prev_data_interval_start_success' instead.
[2022-04-23 16:32:13,639] {logging_mixin.py:109} WARNING - /home/***/.local/lib/python3.7/site-packages/***/utils/context.py:152 AirflowContextDeprecationWarning: Accessing 'tomorrow_ds' from the template is deprecated and will be removed in a future version.
[2022-04-23 16:32:13,640] {logging_mixin.py:109} WARNING - /home/***/.local/lib/python3.7/site-packages/***/utils/context.py:152 AirflowContextDeprecationWarning: Accessing 'tomorrow_ds_nodash' from the template is deprecated and will be removed in a future version.
[2022-04-23 16:32:13,641] {logging_mixin.py:109} WARNING - /home/***/.local/lib/python3.7/site-packages/***/utils/context.py:152 AirflowContextDeprecationWarning: Accessing 'yesterday_ds' from the template is deprecated and will be removed in a future version.
[2022-04-23 16:32:13,643] {logging_mixin.py:109} WARNING - /home/***/.local/lib/python3.7/site-packages/***/utils/context.py:152 AirflowContextDeprecationWarning: Accessing 'yesterday_ds_nodash' from the template is deprecated and will be removed in a future version.
[2022-04-23 16:32:13,998] {python.py:175} INFO - Done. Returned value was: None
[2022-04-23 16:32:14,016] {taskinstance.py:1277} INFO - Marking task as SUCCESS. dag_id=injury_data, task_id=download_data_task, execution_date=20210101T000000, start_date=20220423T163213, end_date=20220423T163214
[2022-04-23 16:32:14,058] {local_task_job.py:154} INFO - Task exited with return code 0
[2022-04-23 16:32:14,120] {local_task_job.py:264} INFO - 1 downstream tasks scheduled from follow-on schedule check
