[2022-04-24 14:50:23,915] {taskinstance.py:1032} INFO - Dependencies all met for <TaskInstance: roster_data_bq_dag.gcs_2_bq_ext_task scheduled__2009-01-01T00:00:00+00:00 [queued]>
[2022-04-24 14:50:23,925] {taskinstance.py:1032} INFO - Dependencies all met for <TaskInstance: roster_data_bq_dag.gcs_2_bq_ext_task scheduled__2009-01-01T00:00:00+00:00 [queued]>
[2022-04-24 14:50:23,925] {taskinstance.py:1238} INFO - 
--------------------------------------------------------------------------------
[2022-04-24 14:50:23,925] {taskinstance.py:1239} INFO - Starting attempt 2 of 2
[2022-04-24 14:50:23,925] {taskinstance.py:1240} INFO - 
--------------------------------------------------------------------------------
[2022-04-24 14:50:23,939] {taskinstance.py:1259} INFO - Executing <Task(BigQueryCreateExternalTableOperator): gcs_2_bq_ext_task> on 2009-01-01 00:00:00+00:00
[2022-04-24 14:50:23,945] {standard_task_runner.py:52} INFO - Started process 3701 to run task
[2022-04-24 14:50:23,950] {standard_task_runner.py:76} INFO - Running: ['***', 'tasks', 'run', 'roster_data_bq_dag', 'gcs_2_bq_ext_task', 'scheduled__2009-01-01T00:00:00+00:00', '--job-id', '2251', '--raw', '--subdir', 'DAGS_FOLDER/nfl_gcs_to_bq.py', '--cfg-path', '/tmp/tmpp9pwsf37', '--error-file', '/tmp/tmp5zru61l2']
[2022-04-24 14:50:23,951] {standard_task_runner.py:77} INFO - Job 2251: Subtask gcs_2_bq_ext_task
[2022-04-24 14:50:24,016] {logging_mixin.py:109} INFO - Running <TaskInstance: roster_data_bq_dag.gcs_2_bq_ext_task scheduled__2009-01-01T00:00:00+00:00 [running]> on host 28475d5c3e7a
[2022-04-24 14:50:24,082] {taskinstance.py:1426} INFO - Exporting the following env vars:
AIRFLOW_CTX_DAG_OWNER=***
AIRFLOW_CTX_DAG_ID=roster_data_bq_dag
AIRFLOW_CTX_TASK_ID=gcs_2_bq_ext_task
AIRFLOW_CTX_EXECUTION_DATE=2009-01-01T00:00:00+00:00
AIRFLOW_CTX_DAG_RUN_ID=scheduled__2009-01-01T00:00:00+00:00
[2022-04-24 14:50:24,084] {crypto.py:82} WARNING - empty cryptography key - values will not be stored encrypted.
[2022-04-24 14:50:24,660] {taskinstance.py:1277} INFO - Marking task as SUCCESS. dag_id=roster_data_bq_dag, task_id=gcs_2_bq_ext_task, execution_date=20090101T000000, start_date=20220424T145023, end_date=20220424T145024
[2022-04-24 14:50:24,685] {local_task_job.py:154} INFO - Task exited with return code 0
[2022-04-24 14:50:24,718] {local_task_job.py:264} INFO - 0 downstream tasks scheduled from follow-on schedule check
