[2022-04-11 20:01:14,219] {taskinstance.py:1032} INFO - Dependencies all met for <TaskInstance: injury_data.rm_task scheduled__2017-01-01T00:00:00+00:00 [queued]>
[2022-04-11 20:01:14,260] {taskinstance.py:1032} INFO - Dependencies all met for <TaskInstance: injury_data.rm_task scheduled__2017-01-01T00:00:00+00:00 [queued]>
[2022-04-11 20:01:14,260] {taskinstance.py:1238} INFO - 
--------------------------------------------------------------------------------
[2022-04-11 20:01:14,260] {taskinstance.py:1239} INFO - Starting attempt 1 of 1
[2022-04-11 20:01:14,261] {taskinstance.py:1240} INFO - 
--------------------------------------------------------------------------------
[2022-04-11 20:01:14,281] {taskinstance.py:1259} INFO - Executing <Task(BashOperator): rm_task> on 2017-01-01 00:00:00+00:00
[2022-04-11 20:01:14,292] {standard_task_runner.py:52} INFO - Started process 357312 to run task
[2022-04-11 20:01:14,306] {standard_task_runner.py:76} INFO - Running: ['***', 'tasks', 'run', 'injury_data', 'rm_task', 'scheduled__2017-01-01T00:00:00+00:00', '--job-id', '1809', '--raw', '--subdir', 'DAGS_FOLDER/nfl_to_gcs.py', '--cfg-path', '/tmp/tmp5z40di5y', '--error-file', '/tmp/tmp79a_fbwy']
[2022-04-11 20:01:14,308] {standard_task_runner.py:77} INFO - Job 1809: Subtask rm_task
[2022-04-11 20:01:14,445] {logging_mixin.py:109} INFO - Running <TaskInstance: injury_data.rm_task scheduled__2017-01-01T00:00:00+00:00 [running]> on host 4ed3eda454fd
[2022-04-11 20:01:14,650] {taskinstance.py:1426} INFO - Exporting the following env vars:
AIRFLOW_CTX_DAG_OWNER=***
AIRFLOW_CTX_DAG_ID=injury_data
AIRFLOW_CTX_TASK_ID=rm_task
AIRFLOW_CTX_EXECUTION_DATE=2017-01-01T00:00:00+00:00
AIRFLOW_CTX_DAG_RUN_ID=scheduled__2017-01-01T00:00:00+00:00
[2022-04-11 20:01:14,652] {subprocess.py:62} INFO - Tmp dir root location: 
 /tmp
[2022-04-11 20:01:14,653] {subprocess.py:74} INFO - Running command: ['bash', '-c', 'rm "/opt/***/injury_data_2017.parquet"']
[2022-04-11 20:01:14,692] {subprocess.py:85} INFO - Output:
[2022-04-11 20:01:14,699] {subprocess.py:93} INFO - Command exited with return code 0
[2022-04-11 20:01:14,753] {taskinstance.py:1277} INFO - Marking task as SUCCESS. dag_id=injury_data, task_id=rm_task, execution_date=20170101T000000, start_date=20220411T200114, end_date=20220411T200114
[2022-04-11 20:01:14,816] {local_task_job.py:154} INFO - Task exited with return code 0
[2022-04-11 20:01:14,942] {local_task_job.py:264} INFO - 0 downstream tasks scheduled from follow-on schedule check
[2022-04-11 20:04:41,842] {taskinstance.py:1032} INFO - Dependencies all met for <TaskInstance: injury_data.rm_task scheduled__2017-01-01T00:00:00+00:00 [queued]>
[2022-04-11 20:04:41,866] {taskinstance.py:1032} INFO - Dependencies all met for <TaskInstance: injury_data.rm_task scheduled__2017-01-01T00:00:00+00:00 [queued]>
[2022-04-11 20:04:41,866] {taskinstance.py:1238} INFO - 
--------------------------------------------------------------------------------
[2022-04-11 20:04:41,866] {taskinstance.py:1239} INFO - Starting attempt 1 of 1
[2022-04-11 20:04:41,867] {taskinstance.py:1240} INFO - 
--------------------------------------------------------------------------------
[2022-04-11 20:04:41,887] {taskinstance.py:1259} INFO - Executing <Task(BashOperator): rm_task> on 2017-01-01 00:00:00+00:00
[2022-04-11 20:04:41,898] {standard_task_runner.py:52} INFO - Started process 358298 to run task
[2022-04-11 20:04:41,910] {standard_task_runner.py:76} INFO - Running: ['***', 'tasks', 'run', 'injury_data', 'rm_task', 'scheduled__2017-01-01T00:00:00+00:00', '--job-id', '1908', '--raw', '--subdir', 'DAGS_FOLDER/nfl_to_gcs.py', '--cfg-path', '/tmp/tmpml5lxgvh', '--error-file', '/tmp/tmpe1scufnp']
[2022-04-11 20:04:41,913] {standard_task_runner.py:77} INFO - Job 1908: Subtask rm_task
[2022-04-11 20:04:42,011] {logging_mixin.py:109} INFO - Running <TaskInstance: injury_data.rm_task scheduled__2017-01-01T00:00:00+00:00 [running]> on host 4ed3eda454fd
[2022-04-11 20:04:42,148] {taskinstance.py:1426} INFO - Exporting the following env vars:
AIRFLOW_CTX_DAG_OWNER=***
AIRFLOW_CTX_DAG_ID=injury_data
AIRFLOW_CTX_TASK_ID=rm_task
AIRFLOW_CTX_EXECUTION_DATE=2017-01-01T00:00:00+00:00
AIRFLOW_CTX_DAG_RUN_ID=scheduled__2017-01-01T00:00:00+00:00
[2022-04-11 20:04:42,150] {subprocess.py:62} INFO - Tmp dir root location: 
 /tmp
[2022-04-11 20:04:42,150] {subprocess.py:74} INFO - Running command: ['bash', '-c', 'rm "/opt/***/injury_data_2017.parquet"']
[2022-04-11 20:04:42,166] {subprocess.py:85} INFO - Output:
[2022-04-11 20:04:42,171] {subprocess.py:93} INFO - Command exited with return code 0
[2022-04-11 20:04:42,201] {taskinstance.py:1277} INFO - Marking task as SUCCESS. dag_id=injury_data, task_id=rm_task, execution_date=20170101T000000, start_date=20220411T200441, end_date=20220411T200442
[2022-04-11 20:04:42,246] {local_task_job.py:154} INFO - Task exited with return code 0
[2022-04-11 20:04:42,282] {local_task_job.py:264} INFO - 0 downstream tasks scheduled from follow-on schedule check
[2022-04-23 16:31:47,916] {taskinstance.py:1032} INFO - Dependencies all met for <TaskInstance: injury_data.rm_task scheduled__2017-01-01T00:00:00+00:00 [queued]>
[2022-04-23 16:31:48,019] {taskinstance.py:1032} INFO - Dependencies all met for <TaskInstance: injury_data.rm_task scheduled__2017-01-01T00:00:00+00:00 [queued]>
[2022-04-23 16:31:48,019] {taskinstance.py:1238} INFO - 
--------------------------------------------------------------------------------
[2022-04-23 16:31:48,019] {taskinstance.py:1239} INFO - Starting attempt 1 of 1
[2022-04-23 16:31:48,019] {taskinstance.py:1240} INFO - 
--------------------------------------------------------------------------------
[2022-04-23 16:31:48,080] {taskinstance.py:1259} INFO - Executing <Task(BashOperator): rm_task> on 2017-01-01 00:00:00+00:00
[2022-04-23 16:31:48,091] {standard_task_runner.py:52} INFO - Started process 2784 to run task
[2022-04-23 16:31:48,122] {standard_task_runner.py:76} INFO - Running: ['***', 'tasks', 'run', 'injury_data', 'rm_task', 'scheduled__2017-01-01T00:00:00+00:00', '--job-id', '2096', '--raw', '--subdir', 'DAGS_FOLDER/nfl_to_gcs.py', '--cfg-path', '/tmp/tmpddve6tqn', '--error-file', '/tmp/tmp6xh4fhmk']
[2022-04-23 16:31:48,123] {standard_task_runner.py:77} INFO - Job 2096: Subtask rm_task
[2022-04-23 16:31:48,363] {logging_mixin.py:109} INFO - Running <TaskInstance: injury_data.rm_task scheduled__2017-01-01T00:00:00+00:00 [running]> on host 04f3a8edbeca
[2022-04-23 16:31:48,748] {taskinstance.py:1426} INFO - Exporting the following env vars:
AIRFLOW_CTX_DAG_OWNER=***
AIRFLOW_CTX_DAG_ID=injury_data
AIRFLOW_CTX_TASK_ID=rm_task
AIRFLOW_CTX_EXECUTION_DATE=2017-01-01T00:00:00+00:00
AIRFLOW_CTX_DAG_RUN_ID=scheduled__2017-01-01T00:00:00+00:00
[2022-04-23 16:31:48,751] {subprocess.py:62} INFO - Tmp dir root location: 
 /tmp
[2022-04-23 16:31:48,756] {subprocess.py:74} INFO - Running command: ['bash', '-c', 'rm "/opt/***/injury_data_2017.parquet"']
[2022-04-23 16:31:48,843] {subprocess.py:85} INFO - Output:
[2022-04-23 16:31:48,869] {subprocess.py:93} INFO - Command exited with return code 0
[2022-04-23 16:31:48,990] {taskinstance.py:1277} INFO - Marking task as SUCCESS. dag_id=injury_data, task_id=rm_task, execution_date=20170101T000000, start_date=20220423T163147, end_date=20220423T163148
[2022-04-23 16:31:49,125] {local_task_job.py:154} INFO - Task exited with return code 0
[2022-04-23 16:31:49,352] {local_task_job.py:264} INFO - 0 downstream tasks scheduled from follow-on schedule check
