[2022-04-11 20:06:50,920] {taskinstance.py:1032} INFO - Dependencies all met for <TaskInstance: pbp_data.local_to_gcs_task scheduled__2012-01-01T00:00:00+00:00 [queued]>
[2022-04-11 20:06:50,942] {taskinstance.py:1032} INFO - Dependencies all met for <TaskInstance: pbp_data.local_to_gcs_task scheduled__2012-01-01T00:00:00+00:00 [queued]>
[2022-04-11 20:06:50,942] {taskinstance.py:1238} INFO - 
--------------------------------------------------------------------------------
[2022-04-11 20:06:50,942] {taskinstance.py:1239} INFO - Starting attempt 1 of 1
[2022-04-11 20:06:50,942] {taskinstance.py:1240} INFO - 
--------------------------------------------------------------------------------
[2022-04-11 20:06:50,971] {taskinstance.py:1259} INFO - Executing <Task(PythonOperator): local_to_gcs_task> on 2012-01-01 00:00:00+00:00
[2022-04-11 20:06:50,984] {standard_task_runner.py:52} INFO - Started process 359049 to run task
[2022-04-11 20:06:51,005] {standard_task_runner.py:76} INFO - Running: ['***', 'tasks', 'run', 'pbp_data', 'local_to_gcs_task', 'scheduled__2012-01-01T00:00:00+00:00', '--job-id', '1989', '--raw', '--subdir', 'DAGS_FOLDER/nfl_to_gcs.py', '--cfg-path', '/tmp/tmpy33oxveb', '--error-file', '/tmp/tmp8j4lwcir']
[2022-04-11 20:06:51,007] {standard_task_runner.py:77} INFO - Job 1989: Subtask local_to_gcs_task
[2022-04-11 20:06:51,164] {logging_mixin.py:109} INFO - Running <TaskInstance: pbp_data.local_to_gcs_task scheduled__2012-01-01T00:00:00+00:00 [running]> on host 4ed3eda454fd
[2022-04-11 20:06:51,414] {logging_mixin.py:109} WARNING - /home/***/.local/lib/python3.7/site-packages/***/utils/context.py:152 AirflowContextDeprecationWarning: Accessing 'execution_date' from the template is deprecated and will be removed in a future version. Please use 'data_interval_start' or 'logical_date' instead.
[2022-04-11 20:06:51,476] {taskinstance.py:1426} INFO - Exporting the following env vars:
AIRFLOW_CTX_DAG_OWNER=***
AIRFLOW_CTX_DAG_ID=pbp_data
AIRFLOW_CTX_TASK_ID=local_to_gcs_task
AIRFLOW_CTX_EXECUTION_DATE=2012-01-01T00:00:00+00:00
AIRFLOW_CTX_DAG_RUN_ID=scheduled__2012-01-01T00:00:00+00:00
[2022-04-11 20:06:51,488] {logging_mixin.py:109} WARNING - /home/***/.local/lib/python3.7/site-packages/***/utils/context.py:152 AirflowContextDeprecationWarning: Accessing 'next_ds' from the template is deprecated and will be removed in a future version. Please use '{{ data_interval_end | ds }}' instead.
[2022-04-11 20:06:51,490] {logging_mixin.py:109} WARNING - /home/***/.local/lib/python3.7/site-packages/***/utils/context.py:152 AirflowContextDeprecationWarning: Accessing 'next_ds_nodash' from the template is deprecated and will be removed in a future version. Please use '{{ data_interval_end | ds_nodash }}' instead.
[2022-04-11 20:06:51,491] {logging_mixin.py:109} WARNING - /home/***/.local/lib/python3.7/site-packages/***/utils/context.py:152 AirflowContextDeprecationWarning: Accessing 'next_execution_date' from the template is deprecated and will be removed in a future version. Please use 'data_interval_end' instead.
[2022-04-11 20:06:51,505] {logging_mixin.py:109} WARNING - /home/***/.local/lib/python3.7/site-packages/***/utils/context.py:152 AirflowContextDeprecationWarning: Accessing 'prev_ds' from the template is deprecated and will be removed in a future version.
[2022-04-11 20:06:51,506] {logging_mixin.py:109} WARNING - /home/***/.local/lib/python3.7/site-packages/***/utils/context.py:152 AirflowContextDeprecationWarning: Accessing 'prev_ds_nodash' from the template is deprecated and will be removed in a future version.
[2022-04-11 20:06:51,508] {logging_mixin.py:109} WARNING - /home/***/.local/lib/python3.7/site-packages/***/utils/context.py:152 AirflowContextDeprecationWarning: Accessing 'prev_execution_date' from the template is deprecated and will be removed in a future version.
[2022-04-11 20:06:51,511] {logging_mixin.py:109} WARNING - /home/***/.local/lib/python3.7/site-packages/***/utils/context.py:152 AirflowContextDeprecationWarning: Accessing 'prev_execution_date_success' from the template is deprecated and will be removed in a future version. Please use 'prev_data_interval_start_success' instead.
[2022-04-11 20:06:51,528] {logging_mixin.py:109} WARNING - /home/***/.local/lib/python3.7/site-packages/***/utils/context.py:152 AirflowContextDeprecationWarning: Accessing 'tomorrow_ds' from the template is deprecated and will be removed in a future version.
[2022-04-11 20:06:51,530] {logging_mixin.py:109} WARNING - /home/***/.local/lib/python3.7/site-packages/***/utils/context.py:152 AirflowContextDeprecationWarning: Accessing 'tomorrow_ds_nodash' from the template is deprecated and will be removed in a future version.
[2022-04-11 20:06:51,534] {logging_mixin.py:109} WARNING - /home/***/.local/lib/python3.7/site-packages/***/utils/context.py:152 AirflowContextDeprecationWarning: Accessing 'yesterday_ds' from the template is deprecated and will be removed in a future version.
[2022-04-11 20:06:51,536] {logging_mixin.py:109} WARNING - /home/***/.local/lib/python3.7/site-packages/***/utils/context.py:152 AirflowContextDeprecationWarning: Accessing 'yesterday_ds_nodash' from the template is deprecated and will be removed in a future version.
[2022-04-11 20:06:53,711] {python.py:175} INFO - Done. Returned value was: None
[2022-04-11 20:06:53,746] {taskinstance.py:1277} INFO - Marking task as SUCCESS. dag_id=pbp_data, task_id=local_to_gcs_task, execution_date=20120101T000000, start_date=20220411T200650, end_date=20220411T200653
[2022-04-11 20:06:53,784] {local_task_job.py:154} INFO - Task exited with return code 0
[2022-04-11 20:06:53,843] {local_task_job.py:264} INFO - 1 downstream tasks scheduled from follow-on schedule check
