[2022-04-24 14:45:57,661] {taskinstance.py:1032} INFO - Dependencies all met for <TaskInstance: injury_data_bq_dag.gcs_2_bq_ext_task scheduled__2013-01-01T00:00:00+00:00 [queued]>
[2022-04-24 14:45:57,677] {taskinstance.py:1032} INFO - Dependencies all met for <TaskInstance: injury_data_bq_dag.gcs_2_bq_ext_task scheduled__2013-01-01T00:00:00+00:00 [queued]>
[2022-04-24 14:45:57,677] {taskinstance.py:1238} INFO - 
--------------------------------------------------------------------------------
[2022-04-24 14:45:57,677] {taskinstance.py:1239} INFO - Starting attempt 1 of 1
[2022-04-24 14:45:57,678] {taskinstance.py:1240} INFO - 
--------------------------------------------------------------------------------
[2022-04-24 14:45:57,710] {taskinstance.py:1259} INFO - Executing <Task(BigQueryCreateExternalTableOperator): gcs_2_bq_ext_task> on 2013-01-01 00:00:00+00:00
[2022-04-24 14:45:57,718] {standard_task_runner.py:52} INFO - Started process 2781 to run task
[2022-04-24 14:45:57,723] {standard_task_runner.py:76} INFO - Running: ['***', 'tasks', 'run', 'injury_data_bq_dag', 'gcs_2_bq_ext_task', 'scheduled__2013-01-01T00:00:00+00:00', '--job-id', '2168', '--raw', '--subdir', 'DAGS_FOLDER/nfl_gcs_to_bq.py', '--cfg-path', '/tmp/tmpu2ot9os3', '--error-file', '/tmp/tmpu_6b4ieq']
[2022-04-24 14:45:57,725] {standard_task_runner.py:77} INFO - Job 2168: Subtask gcs_2_bq_ext_task
[2022-04-24 14:45:57,813] {logging_mixin.py:109} INFO - Running <TaskInstance: injury_data_bq_dag.gcs_2_bq_ext_task scheduled__2013-01-01T00:00:00+00:00 [running]> on host 28475d5c3e7a
[2022-04-24 14:45:57,896] {taskinstance.py:1426} INFO - Exporting the following env vars:
AIRFLOW_CTX_DAG_OWNER=***
AIRFLOW_CTX_DAG_ID=injury_data_bq_dag
AIRFLOW_CTX_TASK_ID=gcs_2_bq_ext_task
AIRFLOW_CTX_EXECUTION_DATE=2013-01-01T00:00:00+00:00
AIRFLOW_CTX_DAG_RUN_ID=scheduled__2013-01-01T00:00:00+00:00
[2022-04-24 14:45:57,898] {crypto.py:82} WARNING - empty cryptography key - values will not be stored encrypted.
[2022-04-24 14:45:58,534] {taskinstance.py:1277} INFO - Marking task as SUCCESS. dag_id=injury_data_bq_dag, task_id=gcs_2_bq_ext_task, execution_date=20130101T000000, start_date=20220424T144557, end_date=20220424T144558
[2022-04-24 14:45:58,582] {local_task_job.py:154} INFO - Task exited with return code 0
[2022-04-24 14:45:58,613] {local_task_job.py:264} INFO - 0 downstream tasks scheduled from follow-on schedule check
[2022-04-25 12:34:28,583] {taskinstance.py:1032} INFO - Dependencies all met for <TaskInstance: injury_data_bq_dag.gcs_2_bq_ext_task scheduled__2013-01-01T00:00:00+00:00 [queued]>
[2022-04-25 12:34:28,597] {taskinstance.py:1032} INFO - Dependencies all met for <TaskInstance: injury_data_bq_dag.gcs_2_bq_ext_task scheduled__2013-01-01T00:00:00+00:00 [queued]>
[2022-04-25 12:34:28,597] {taskinstance.py:1238} INFO - 
--------------------------------------------------------------------------------
[2022-04-25 12:34:28,597] {taskinstance.py:1239} INFO - Starting attempt 1 of 1
[2022-04-25 12:34:28,597] {taskinstance.py:1240} INFO - 
--------------------------------------------------------------------------------
[2022-04-25 12:34:28,615] {taskinstance.py:1259} INFO - Executing <Task(BigQueryCreateExternalTableOperator): gcs_2_bq_ext_task> on 2013-01-01 00:00:00+00:00
[2022-04-25 12:34:28,621] {standard_task_runner.py:52} INFO - Started process 354 to run task
[2022-04-25 12:34:28,633] {standard_task_runner.py:76} INFO - Running: ['***', 'tasks', 'run', 'injury_data_bq_dag', 'gcs_2_bq_ext_task', 'scheduled__2013-01-01T00:00:00+00:00', '--job-id', '2313', '--raw', '--subdir', 'DAGS_FOLDER/nfl_gcs_to_bq.py', '--cfg-path', '/tmp/tmp9eghqo9_', '--error-file', '/tmp/tmpo_68zbv2']
[2022-04-25 12:34:28,635] {standard_task_runner.py:77} INFO - Job 2313: Subtask gcs_2_bq_ext_task
[2022-04-25 12:34:28,722] {logging_mixin.py:109} INFO - Running <TaskInstance: injury_data_bq_dag.gcs_2_bq_ext_task scheduled__2013-01-01T00:00:00+00:00 [running]> on host de169a1be7ed
[2022-04-25 12:34:28,829] {taskinstance.py:1426} INFO - Exporting the following env vars:
AIRFLOW_CTX_DAG_OWNER=***
AIRFLOW_CTX_DAG_ID=injury_data_bq_dag
AIRFLOW_CTX_TASK_ID=gcs_2_bq_ext_task
AIRFLOW_CTX_EXECUTION_DATE=2013-01-01T00:00:00+00:00
AIRFLOW_CTX_DAG_RUN_ID=scheduled__2013-01-01T00:00:00+00:00
[2022-04-25 12:34:28,832] {crypto.py:82} WARNING - empty cryptography key - values will not be stored encrypted.
[2022-04-25 12:34:29,576] {taskinstance.py:1277} INFO - Marking task as SUCCESS. dag_id=injury_data_bq_dag, task_id=gcs_2_bq_ext_task, execution_date=20130101T000000, start_date=20220425T123428, end_date=20220425T123429
[2022-04-25 12:34:29,609] {local_task_job.py:154} INFO - Task exited with return code 0
[2022-04-25 12:34:29,652] {local_task_job.py:264} INFO - 0 downstream tasks scheduled from follow-on schedule check
[2022-04-25 13:19:00,271] {taskinstance.py:1032} INFO - Dependencies all met for <TaskInstance: injury_data_bq_dag.gcs_2_bq_ext_task scheduled__2013-01-01T00:00:00+00:00 [queued]>
[2022-04-25 13:19:00,331] {taskinstance.py:1032} INFO - Dependencies all met for <TaskInstance: injury_data_bq_dag.gcs_2_bq_ext_task scheduled__2013-01-01T00:00:00+00:00 [queued]>
[2022-04-25 13:19:00,335] {taskinstance.py:1238} INFO - 
--------------------------------------------------------------------------------
[2022-04-25 13:19:00,336] {taskinstance.py:1239} INFO - Starting attempt 1 of 1
[2022-04-25 13:19:00,343] {taskinstance.py:1240} INFO - 
--------------------------------------------------------------------------------
[2022-04-25 13:19:00,405] {taskinstance.py:1259} INFO - Executing <Task(BigQueryCreateExternalTableOperator): gcs_2_bq_ext_task> on 2013-01-01 00:00:00+00:00
[2022-04-25 13:19:00,419] {standard_task_runner.py:52} INFO - Started process 5608 to run task
[2022-04-25 13:19:00,490] {standard_task_runner.py:76} INFO - Running: ['***', 'tasks', 'run', 'injury_data_bq_dag', 'gcs_2_bq_ext_task', 'scheduled__2013-01-01T00:00:00+00:00', '--job-id', '2442', '--raw', '--subdir', 'DAGS_FOLDER/nfl_gcs_to_bq.py', '--cfg-path', '/tmp/tmp84jyy5ni', '--error-file', '/tmp/tmpk0wq2gtm']
[2022-04-25 13:19:00,491] {standard_task_runner.py:77} INFO - Job 2442: Subtask gcs_2_bq_ext_task
[2022-04-25 13:19:00,994] {logging_mixin.py:109} INFO - Running <TaskInstance: injury_data_bq_dag.gcs_2_bq_ext_task scheduled__2013-01-01T00:00:00+00:00 [running]> on host de169a1be7ed
[2022-04-25 13:19:01,428] {taskinstance.py:1426} INFO - Exporting the following env vars:
AIRFLOW_CTX_DAG_OWNER=***
AIRFLOW_CTX_DAG_ID=injury_data_bq_dag
AIRFLOW_CTX_TASK_ID=gcs_2_bq_ext_task
AIRFLOW_CTX_EXECUTION_DATE=2013-01-01T00:00:00+00:00
AIRFLOW_CTX_DAG_RUN_ID=scheduled__2013-01-01T00:00:00+00:00
[2022-04-25 13:19:01,430] {crypto.py:82} WARNING - empty cryptography key - values will not be stored encrypted.
[2022-04-25 13:19:02,249] {taskinstance.py:1277} INFO - Marking task as SUCCESS. dag_id=injury_data_bq_dag, task_id=gcs_2_bq_ext_task, execution_date=20130101T000000, start_date=20220425T131900, end_date=20220425T131902
[2022-04-25 13:19:02,373] {local_task_job.py:154} INFO - Task exited with return code 0
[2022-04-25 13:19:02,479] {local_task_job.py:264} INFO - 0 downstream tasks scheduled from follow-on schedule check
