[2022-04-24 14:46:52,428] {taskinstance.py:1032} INFO - Dependencies all met for <TaskInstance: pbp_data_bq_dag.gcs_2_bq_ext_task scheduled__2009-01-01T00:00:00+00:00 [queued]>
[2022-04-24 14:46:52,443] {taskinstance.py:1032} INFO - Dependencies all met for <TaskInstance: pbp_data_bq_dag.gcs_2_bq_ext_task scheduled__2009-01-01T00:00:00+00:00 [queued]>
[2022-04-24 14:46:52,443] {taskinstance.py:1238} INFO - 
--------------------------------------------------------------------------------
[2022-04-24 14:46:52,443] {taskinstance.py:1239} INFO - Starting attempt 1 of 1
[2022-04-24 14:46:52,444] {taskinstance.py:1240} INFO - 
--------------------------------------------------------------------------------
[2022-04-24 14:46:52,463] {taskinstance.py:1259} INFO - Executing <Task(BigQueryCreateExternalTableOperator): gcs_2_bq_ext_task> on 2009-01-01 00:00:00+00:00
[2022-04-24 14:46:52,470] {standard_task_runner.py:52} INFO - Started process 2994 to run task
[2022-04-24 14:46:52,477] {standard_task_runner.py:76} INFO - Running: ['***', 'tasks', 'run', 'pbp_data_bq_dag', 'gcs_2_bq_ext_task', 'scheduled__2009-01-01T00:00:00+00:00', '--job-id', '2187', '--raw', '--subdir', 'DAGS_FOLDER/nfl_gcs_to_bq.py', '--cfg-path', '/tmp/tmpllos2d9k', '--error-file', '/tmp/tmp8m40zxx5']
[2022-04-24 14:46:52,478] {standard_task_runner.py:77} INFO - Job 2187: Subtask gcs_2_bq_ext_task
[2022-04-24 14:46:52,553] {logging_mixin.py:109} INFO - Running <TaskInstance: pbp_data_bq_dag.gcs_2_bq_ext_task scheduled__2009-01-01T00:00:00+00:00 [running]> on host 28475d5c3e7a
[2022-04-24 14:46:52,637] {taskinstance.py:1426} INFO - Exporting the following env vars:
AIRFLOW_CTX_DAG_OWNER=***
AIRFLOW_CTX_DAG_ID=pbp_data_bq_dag
AIRFLOW_CTX_TASK_ID=gcs_2_bq_ext_task
AIRFLOW_CTX_EXECUTION_DATE=2009-01-01T00:00:00+00:00
AIRFLOW_CTX_DAG_RUN_ID=scheduled__2009-01-01T00:00:00+00:00
[2022-04-24 14:46:52,639] {crypto.py:82} WARNING - empty cryptography key - values will not be stored encrypted.
[2022-04-24 14:46:53,266] {taskinstance.py:1277} INFO - Marking task as SUCCESS. dag_id=pbp_data_bq_dag, task_id=gcs_2_bq_ext_task, execution_date=20090101T000000, start_date=20220424T144652, end_date=20220424T144653
[2022-04-24 14:46:53,332] {local_task_job.py:154} INFO - Task exited with return code 0
[2022-04-24 14:46:53,383] {local_task_job.py:264} INFO - 1 downstream tasks scheduled from follow-on schedule check
[2022-04-25 12:36:13,885] {taskinstance.py:1032} INFO - Dependencies all met for <TaskInstance: pbp_data_bq_dag.gcs_2_bq_ext_task scheduled__2009-01-01T00:00:00+00:00 [queued]>
[2022-04-25 12:36:13,900] {taskinstance.py:1032} INFO - Dependencies all met for <TaskInstance: pbp_data_bq_dag.gcs_2_bq_ext_task scheduled__2009-01-01T00:00:00+00:00 [queued]>
[2022-04-25 12:36:13,900] {taskinstance.py:1238} INFO - 
--------------------------------------------------------------------------------
[2022-04-25 12:36:13,900] {taskinstance.py:1239} INFO - Starting attempt 1 of 1
[2022-04-25 12:36:13,900] {taskinstance.py:1240} INFO - 
--------------------------------------------------------------------------------
[2022-04-25 12:36:13,918] {taskinstance.py:1259} INFO - Executing <Task(BigQueryCreateExternalTableOperator): gcs_2_bq_ext_task> on 2009-01-01 00:00:00+00:00
[2022-04-25 12:36:13,925] {standard_task_runner.py:52} INFO - Started process 687 to run task
[2022-04-25 12:36:13,933] {standard_task_runner.py:76} INFO - Running: ['***', 'tasks', 'run', 'pbp_data_bq_dag', 'gcs_2_bq_ext_task', 'scheduled__2009-01-01T00:00:00+00:00', '--job-id', '2340', '--raw', '--subdir', 'DAGS_FOLDER/nfl_gcs_to_bq.py', '--cfg-path', '/tmp/tmpb4cu6eck', '--error-file', '/tmp/tmp236hs6bx']
[2022-04-25 12:36:13,935] {standard_task_runner.py:77} INFO - Job 2340: Subtask gcs_2_bq_ext_task
[2022-04-25 12:36:14,035] {logging_mixin.py:109} INFO - Running <TaskInstance: pbp_data_bq_dag.gcs_2_bq_ext_task scheduled__2009-01-01T00:00:00+00:00 [running]> on host de169a1be7ed
[2022-04-25 12:36:14,133] {taskinstance.py:1426} INFO - Exporting the following env vars:
AIRFLOW_CTX_DAG_OWNER=***
AIRFLOW_CTX_DAG_ID=pbp_data_bq_dag
AIRFLOW_CTX_TASK_ID=gcs_2_bq_ext_task
AIRFLOW_CTX_EXECUTION_DATE=2009-01-01T00:00:00+00:00
AIRFLOW_CTX_DAG_RUN_ID=scheduled__2009-01-01T00:00:00+00:00
[2022-04-25 12:36:14,135] {crypto.py:82} WARNING - empty cryptography key - values will not be stored encrypted.
[2022-04-25 12:36:14,750] {taskinstance.py:1277} INFO - Marking task as SUCCESS. dag_id=pbp_data_bq_dag, task_id=gcs_2_bq_ext_task, execution_date=20090101T000000, start_date=20220425T123613, end_date=20220425T123614
[2022-04-25 12:36:14,802] {local_task_job.py:154} INFO - Task exited with return code 0
[2022-04-25 12:36:14,838] {local_task_job.py:264} INFO - 1 downstream tasks scheduled from follow-on schedule check
[2022-04-25 12:43:06,469] {taskinstance.py:1032} INFO - Dependencies all met for <TaskInstance: pbp_data_bq_dag.gcs_2_bq_ext_task scheduled__2009-01-01T00:00:00+00:00 [queued]>
[2022-04-25 12:43:06,482] {taskinstance.py:1032} INFO - Dependencies all met for <TaskInstance: pbp_data_bq_dag.gcs_2_bq_ext_task scheduled__2009-01-01T00:00:00+00:00 [queued]>
[2022-04-25 12:43:06,482] {taskinstance.py:1238} INFO - 
--------------------------------------------------------------------------------
[2022-04-25 12:43:06,482] {taskinstance.py:1239} INFO - Starting attempt 1 of 1
[2022-04-25 12:43:06,482] {taskinstance.py:1240} INFO - 
--------------------------------------------------------------------------------
[2022-04-25 12:43:06,495] {taskinstance.py:1259} INFO - Executing <Task(BigQueryCreateExternalTableOperator): gcs_2_bq_ext_task> on 2009-01-01 00:00:00+00:00
[2022-04-25 12:43:06,502] {standard_task_runner.py:52} INFO - Started process 1639 to run task
[2022-04-25 12:43:06,508] {standard_task_runner.py:76} INFO - Running: ['***', 'tasks', 'run', 'pbp_data_bq_dag', 'gcs_2_bq_ext_task', 'scheduled__2009-01-01T00:00:00+00:00', '--job-id', '2387', '--raw', '--subdir', 'DAGS_FOLDER/nfl_gcs_to_bq.py', '--cfg-path', '/tmp/tmp0ul4tws9', '--error-file', '/tmp/tmp9srffd_t']
[2022-04-25 12:43:06,509] {standard_task_runner.py:77} INFO - Job 2387: Subtask gcs_2_bq_ext_task
[2022-04-25 12:43:06,596] {logging_mixin.py:109} INFO - Running <TaskInstance: pbp_data_bq_dag.gcs_2_bq_ext_task scheduled__2009-01-01T00:00:00+00:00 [running]> on host de169a1be7ed
[2022-04-25 12:43:06,687] {taskinstance.py:1426} INFO - Exporting the following env vars:
AIRFLOW_CTX_DAG_OWNER=***
AIRFLOW_CTX_DAG_ID=pbp_data_bq_dag
AIRFLOW_CTX_TASK_ID=gcs_2_bq_ext_task
AIRFLOW_CTX_EXECUTION_DATE=2009-01-01T00:00:00+00:00
AIRFLOW_CTX_DAG_RUN_ID=scheduled__2009-01-01T00:00:00+00:00
[2022-04-25 12:43:06,689] {crypto.py:82} WARNING - empty cryptography key - values will not be stored encrypted.
[2022-04-25 12:43:07,344] {taskinstance.py:1277} INFO - Marking task as SUCCESS. dag_id=pbp_data_bq_dag, task_id=gcs_2_bq_ext_task, execution_date=20090101T000000, start_date=20220425T124306, end_date=20220425T124307
[2022-04-25 12:43:07,402] {local_task_job.py:154} INFO - Task exited with return code 0
[2022-04-25 12:43:07,443] {local_task_job.py:264} INFO - 1 downstream tasks scheduled from follow-on schedule check
[2022-04-25 12:57:38,879] {taskinstance.py:1032} INFO - Dependencies all met for <TaskInstance: pbp_data_bq_dag.gcs_2_bq_ext_task scheduled__2009-01-01T00:00:00+00:00 [queued]>
[2022-04-25 12:57:38,895] {taskinstance.py:1032} INFO - Dependencies all met for <TaskInstance: pbp_data_bq_dag.gcs_2_bq_ext_task scheduled__2009-01-01T00:00:00+00:00 [queued]>
[2022-04-25 12:57:38,896] {taskinstance.py:1238} INFO - 
--------------------------------------------------------------------------------
[2022-04-25 12:57:38,896] {taskinstance.py:1239} INFO - Starting attempt 1 of 1
[2022-04-25 12:57:38,896] {taskinstance.py:1240} INFO - 
--------------------------------------------------------------------------------
[2022-04-25 12:57:38,910] {taskinstance.py:1259} INFO - Executing <Task(BigQueryCreateExternalTableOperator): gcs_2_bq_ext_task> on 2009-01-01 00:00:00+00:00
[2022-04-25 12:57:38,917] {standard_task_runner.py:52} INFO - Started process 3251 to run task
[2022-04-25 12:57:38,926] {standard_task_runner.py:76} INFO - Running: ['***', 'tasks', 'run', 'pbp_data_bq_dag', 'gcs_2_bq_ext_task', 'scheduled__2009-01-01T00:00:00+00:00', '--job-id', '2409', '--raw', '--subdir', 'DAGS_FOLDER/nfl_gcs_to_bq.py', '--cfg-path', '/tmp/tmprf6a_glo', '--error-file', '/tmp/tmp4hcqv_3k']
[2022-04-25 12:57:38,927] {standard_task_runner.py:77} INFO - Job 2409: Subtask gcs_2_bq_ext_task
[2022-04-25 12:57:39,004] {logging_mixin.py:109} INFO - Running <TaskInstance: pbp_data_bq_dag.gcs_2_bq_ext_task scheduled__2009-01-01T00:00:00+00:00 [running]> on host de169a1be7ed
[2022-04-25 12:57:39,084] {taskinstance.py:1426} INFO - Exporting the following env vars:
AIRFLOW_CTX_DAG_OWNER=***
AIRFLOW_CTX_DAG_ID=pbp_data_bq_dag
AIRFLOW_CTX_TASK_ID=gcs_2_bq_ext_task
AIRFLOW_CTX_EXECUTION_DATE=2009-01-01T00:00:00+00:00
AIRFLOW_CTX_DAG_RUN_ID=scheduled__2009-01-01T00:00:00+00:00
[2022-04-25 12:57:39,086] {crypto.py:82} WARNING - empty cryptography key - values will not be stored encrypted.
[2022-04-25 12:57:39,838] {taskinstance.py:1277} INFO - Marking task as SUCCESS. dag_id=pbp_data_bq_dag, task_id=gcs_2_bq_ext_task, execution_date=20090101T000000, start_date=20220425T125738, end_date=20220425T125739
[2022-04-25 12:57:39,857] {local_task_job.py:154} INFO - Task exited with return code 0
[2022-04-25 12:57:39,894] {local_task_job.py:264} INFO - 1 downstream tasks scheduled from follow-on schedule check
[2022-04-25 13:19:15,946] {taskinstance.py:1032} INFO - Dependencies all met for <TaskInstance: pbp_data_bq_dag.gcs_2_bq_ext_task scheduled__2009-01-01T00:00:00+00:00 [queued]>
[2022-04-25 13:19:15,980] {taskinstance.py:1032} INFO - Dependencies all met for <TaskInstance: pbp_data_bq_dag.gcs_2_bq_ext_task scheduled__2009-01-01T00:00:00+00:00 [queued]>
[2022-04-25 13:19:15,980] {taskinstance.py:1238} INFO - 
--------------------------------------------------------------------------------
[2022-04-25 13:19:15,980] {taskinstance.py:1239} INFO - Starting attempt 1 of 1
[2022-04-25 13:19:15,980] {taskinstance.py:1240} INFO - 
--------------------------------------------------------------------------------
[2022-04-25 13:19:16,005] {taskinstance.py:1259} INFO - Executing <Task(BigQueryCreateExternalTableOperator): gcs_2_bq_ext_task> on 2009-01-01 00:00:00+00:00
[2022-04-25 13:19:16,014] {standard_task_runner.py:52} INFO - Started process 5715 to run task
[2022-04-25 13:19:16,037] {standard_task_runner.py:76} INFO - Running: ['***', 'tasks', 'run', 'pbp_data_bq_dag', 'gcs_2_bq_ext_task', 'scheduled__2009-01-01T00:00:00+00:00', '--job-id', '2463', '--raw', '--subdir', 'DAGS_FOLDER/nfl_gcs_to_bq.py', '--cfg-path', '/tmp/tmpewkwbb0y', '--error-file', '/tmp/tmpnhnry7_d']
[2022-04-25 13:19:16,046] {standard_task_runner.py:77} INFO - Job 2463: Subtask gcs_2_bq_ext_task
[2022-04-25 13:19:16,225] {logging_mixin.py:109} INFO - Running <TaskInstance: pbp_data_bq_dag.gcs_2_bq_ext_task scheduled__2009-01-01T00:00:00+00:00 [running]> on host de169a1be7ed
[2022-04-25 13:19:16,319] {taskinstance.py:1426} INFO - Exporting the following env vars:
AIRFLOW_CTX_DAG_OWNER=***
AIRFLOW_CTX_DAG_ID=pbp_data_bq_dag
AIRFLOW_CTX_TASK_ID=gcs_2_bq_ext_task
AIRFLOW_CTX_EXECUTION_DATE=2009-01-01T00:00:00+00:00
AIRFLOW_CTX_DAG_RUN_ID=scheduled__2009-01-01T00:00:00+00:00
[2022-04-25 13:19:16,322] {crypto.py:82} WARNING - empty cryptography key - values will not be stored encrypted.
[2022-04-25 13:19:16,957] {taskinstance.py:1277} INFO - Marking task as SUCCESS. dag_id=pbp_data_bq_dag, task_id=gcs_2_bq_ext_task, execution_date=20090101T000000, start_date=20220425T131915, end_date=20220425T131916
[2022-04-25 13:19:16,998] {local_task_job.py:154} INFO - Task exited with return code 0
[2022-04-25 13:19:17,031] {local_task_job.py:264} INFO - 0 downstream tasks scheduled from follow-on schedule check
