[2022-04-11 20:01:41,377] {taskinstance.py:1032} INFO - Dependencies all met for <TaskInstance: roster_data.rm_task scheduled__2015-01-01T00:00:00+00:00 [queued]>
[2022-04-11 20:01:41,391] {taskinstance.py:1032} INFO - Dependencies all met for <TaskInstance: roster_data.rm_task scheduled__2015-01-01T00:00:00+00:00 [queued]>
[2022-04-11 20:01:41,391] {taskinstance.py:1238} INFO - 
--------------------------------------------------------------------------------
[2022-04-11 20:01:41,391] {taskinstance.py:1239} INFO - Starting attempt 1 of 1
[2022-04-11 20:01:41,392] {taskinstance.py:1240} INFO - 
--------------------------------------------------------------------------------
[2022-04-11 20:01:41,408] {taskinstance.py:1259} INFO - Executing <Task(BashOperator): rm_task> on 2015-01-01 00:00:00+00:00
[2022-04-11 20:01:41,417] {standard_task_runner.py:52} INFO - Started process 357538 to run task
[2022-04-11 20:01:41,424] {standard_task_runner.py:76} INFO - Running: ['***', 'tasks', 'run', 'roster_data', 'rm_task', 'scheduled__2015-01-01T00:00:00+00:00', '--job-id', '1836', '--raw', '--subdir', 'DAGS_FOLDER/nfl_to_gcs.py', '--cfg-path', '/tmp/tmpxd7rg7tq', '--error-file', '/tmp/tmpufjjolai']
[2022-04-11 20:01:41,425] {standard_task_runner.py:77} INFO - Job 1836: Subtask rm_task
[2022-04-11 20:01:41,512] {logging_mixin.py:109} INFO - Running <TaskInstance: roster_data.rm_task scheduled__2015-01-01T00:00:00+00:00 [running]> on host 4ed3eda454fd
[2022-04-11 20:01:41,609] {taskinstance.py:1426} INFO - Exporting the following env vars:
AIRFLOW_CTX_DAG_OWNER=***
AIRFLOW_CTX_DAG_ID=roster_data
AIRFLOW_CTX_TASK_ID=rm_task
AIRFLOW_CTX_EXECUTION_DATE=2015-01-01T00:00:00+00:00
AIRFLOW_CTX_DAG_RUN_ID=scheduled__2015-01-01T00:00:00+00:00
[2022-04-11 20:01:41,610] {subprocess.py:62} INFO - Tmp dir root location: 
 /tmp
[2022-04-11 20:01:41,611] {subprocess.py:74} INFO - Running command: ['bash', '-c', 'rm "/opt/***/roster_data_2015.parquet"']
[2022-04-11 20:01:41,631] {subprocess.py:85} INFO - Output:
[2022-04-11 20:01:41,637] {subprocess.py:93} INFO - Command exited with return code 0
[2022-04-11 20:01:41,677] {taskinstance.py:1277} INFO - Marking task as SUCCESS. dag_id=roster_data, task_id=rm_task, execution_date=20150101T000000, start_date=20220411T200141, end_date=20220411T200141
[2022-04-11 20:01:41,716] {local_task_job.py:154} INFO - Task exited with return code 0
[2022-04-11 20:01:41,765] {local_task_job.py:264} INFO - 0 downstream tasks scheduled from follow-on schedule check
[2022-04-23 16:32:26,535] {taskinstance.py:1032} INFO - Dependencies all met for <TaskInstance: roster_data.rm_task scheduled__2015-01-01T00:00:00+00:00 [queued]>
[2022-04-23 16:32:26,565] {taskinstance.py:1032} INFO - Dependencies all met for <TaskInstance: roster_data.rm_task scheduled__2015-01-01T00:00:00+00:00 [queued]>
[2022-04-23 16:32:26,565] {taskinstance.py:1238} INFO - 
--------------------------------------------------------------------------------
[2022-04-23 16:32:26,566] {taskinstance.py:1239} INFO - Starting attempt 1 of 1
[2022-04-23 16:32:26,566] {taskinstance.py:1240} INFO - 
--------------------------------------------------------------------------------
[2022-04-23 16:32:26,607] {taskinstance.py:1259} INFO - Executing <Task(BashOperator): rm_task> on 2015-01-01 00:00:00+00:00
[2022-04-23 16:32:26,643] {standard_task_runner.py:76} INFO - Running: ['***', 'tasks', 'run', 'roster_data', 'rm_task', 'scheduled__2015-01-01T00:00:00+00:00', '--job-id', '2129', '--raw', '--subdir', 'DAGS_FOLDER/nfl_to_gcs.py', '--cfg-path', '/tmp/tmpqvckb7ey', '--error-file', '/tmp/tmpu25woild']
[2022-04-23 16:32:26,645] {standard_task_runner.py:77} INFO - Job 2129: Subtask rm_task
[2022-04-23 16:32:26,633] {standard_task_runner.py:52} INFO - Started process 3076 to run task
[2022-04-23 16:32:26,840] {logging_mixin.py:109} INFO - Running <TaskInstance: roster_data.rm_task scheduled__2015-01-01T00:00:00+00:00 [running]> on host 04f3a8edbeca
[2022-04-23 16:32:27,018] {taskinstance.py:1426} INFO - Exporting the following env vars:
AIRFLOW_CTX_DAG_OWNER=***
AIRFLOW_CTX_DAG_ID=roster_data
AIRFLOW_CTX_TASK_ID=rm_task
AIRFLOW_CTX_EXECUTION_DATE=2015-01-01T00:00:00+00:00
AIRFLOW_CTX_DAG_RUN_ID=scheduled__2015-01-01T00:00:00+00:00
[2022-04-23 16:32:27,024] {subprocess.py:62} INFO - Tmp dir root location: 
 /tmp
[2022-04-23 16:32:27,025] {subprocess.py:74} INFO - Running command: ['bash', '-c', 'rm "/opt/***/roster_data_2015.parquet"']
[2022-04-23 16:32:27,071] {subprocess.py:85} INFO - Output:
[2022-04-23 16:32:27,088] {subprocess.py:93} INFO - Command exited with return code 0
[2022-04-23 16:32:27,197] {taskinstance.py:1277} INFO - Marking task as SUCCESS. dag_id=roster_data, task_id=rm_task, execution_date=20150101T000000, start_date=20220423T163226, end_date=20220423T163227
[2022-04-23 16:32:27,281] {local_task_job.py:154} INFO - Task exited with return code 0
[2022-04-23 16:32:27,355] {local_task_job.py:264} INFO - 0 downstream tasks scheduled from follow-on schedule check
