[2022-04-24 14:47:17,701] {taskinstance.py:1032} INFO - Dependencies all met for <TaskInstance: pbp_data_bq_dag.gcs_2_bq_ext_task scheduled__2016-01-01T00:00:00+00:00 [queued]>
[2022-04-24 14:47:17,716] {taskinstance.py:1032} INFO - Dependencies all met for <TaskInstance: pbp_data_bq_dag.gcs_2_bq_ext_task scheduled__2016-01-01T00:00:00+00:00 [queued]>
[2022-04-24 14:47:17,716] {taskinstance.py:1238} INFO - 
--------------------------------------------------------------------------------
[2022-04-24 14:47:17,716] {taskinstance.py:1239} INFO - Starting attempt 1 of 1
[2022-04-24 14:47:17,716] {taskinstance.py:1240} INFO - 
--------------------------------------------------------------------------------
[2022-04-24 14:47:17,733] {taskinstance.py:1259} INFO - Executing <Task(BigQueryCreateExternalTableOperator): gcs_2_bq_ext_task> on 2016-01-01 00:00:00+00:00
[2022-04-24 14:47:17,741] {standard_task_runner.py:52} INFO - Started process 3086 to run task
[2022-04-24 14:47:17,755] {standard_task_runner.py:76} INFO - Running: ['***', 'tasks', 'run', 'pbp_data_bq_dag', 'gcs_2_bq_ext_task', 'scheduled__2016-01-01T00:00:00+00:00', '--job-id', '2201', '--raw', '--subdir', 'DAGS_FOLDER/nfl_gcs_to_bq.py', '--cfg-path', '/tmp/tmptgwg1k5h', '--error-file', '/tmp/tmpsxrs6ak2']
[2022-04-24 14:47:17,756] {standard_task_runner.py:77} INFO - Job 2201: Subtask gcs_2_bq_ext_task
[2022-04-24 14:47:17,832] {logging_mixin.py:109} INFO - Running <TaskInstance: pbp_data_bq_dag.gcs_2_bq_ext_task scheduled__2016-01-01T00:00:00+00:00 [running]> on host 28475d5c3e7a
[2022-04-24 14:47:17,902] {taskinstance.py:1426} INFO - Exporting the following env vars:
AIRFLOW_CTX_DAG_OWNER=***
AIRFLOW_CTX_DAG_ID=pbp_data_bq_dag
AIRFLOW_CTX_TASK_ID=gcs_2_bq_ext_task
AIRFLOW_CTX_EXECUTION_DATE=2016-01-01T00:00:00+00:00
AIRFLOW_CTX_DAG_RUN_ID=scheduled__2016-01-01T00:00:00+00:00
[2022-04-24 14:47:17,904] {crypto.py:82} WARNING - empty cryptography key - values will not be stored encrypted.
[2022-04-24 14:47:18,539] {taskinstance.py:1277} INFO - Marking task as SUCCESS. dag_id=pbp_data_bq_dag, task_id=gcs_2_bq_ext_task, execution_date=20160101T000000, start_date=20220424T144717, end_date=20220424T144718
[2022-04-24 14:47:18,566] {local_task_job.py:154} INFO - Task exited with return code 0
[2022-04-24 14:47:18,606] {local_task_job.py:264} INFO - 1 downstream tasks scheduled from follow-on schedule check
[2022-04-25 12:36:36,870] {taskinstance.py:1032} INFO - Dependencies all met for <TaskInstance: pbp_data_bq_dag.gcs_2_bq_ext_task scheduled__2016-01-01T00:00:00+00:00 [queued]>
[2022-04-25 12:36:36,880] {taskinstance.py:1032} INFO - Dependencies all met for <TaskInstance: pbp_data_bq_dag.gcs_2_bq_ext_task scheduled__2016-01-01T00:00:00+00:00 [queued]>
[2022-04-25 12:36:36,880] {taskinstance.py:1238} INFO - 
--------------------------------------------------------------------------------
[2022-04-25 12:36:36,880] {taskinstance.py:1239} INFO - Starting attempt 1 of 1
[2022-04-25 12:36:36,880] {taskinstance.py:1240} INFO - 
--------------------------------------------------------------------------------
[2022-04-25 12:36:36,891] {taskinstance.py:1259} INFO - Executing <Task(BigQueryCreateExternalTableOperator): gcs_2_bq_ext_task> on 2016-01-01 00:00:00+00:00
[2022-04-25 12:36:36,899] {standard_task_runner.py:52} INFO - Started process 800 to run task
[2022-04-25 12:36:36,903] {standard_task_runner.py:76} INFO - Running: ['***', 'tasks', 'run', 'pbp_data_bq_dag', 'gcs_2_bq_ext_task', 'scheduled__2016-01-01T00:00:00+00:00', '--job-id', '2354', '--raw', '--subdir', 'DAGS_FOLDER/nfl_gcs_to_bq.py', '--cfg-path', '/tmp/tmptihdwmyy', '--error-file', '/tmp/tmpfrh2b1so']
[2022-04-25 12:36:36,904] {standard_task_runner.py:77} INFO - Job 2354: Subtask gcs_2_bq_ext_task
[2022-04-25 12:36:36,970] {logging_mixin.py:109} INFO - Running <TaskInstance: pbp_data_bq_dag.gcs_2_bq_ext_task scheduled__2016-01-01T00:00:00+00:00 [running]> on host de169a1be7ed
[2022-04-25 12:36:37,031] {taskinstance.py:1426} INFO - Exporting the following env vars:
AIRFLOW_CTX_DAG_OWNER=***
AIRFLOW_CTX_DAG_ID=pbp_data_bq_dag
AIRFLOW_CTX_TASK_ID=gcs_2_bq_ext_task
AIRFLOW_CTX_EXECUTION_DATE=2016-01-01T00:00:00+00:00
AIRFLOW_CTX_DAG_RUN_ID=scheduled__2016-01-01T00:00:00+00:00
[2022-04-25 12:36:37,032] {crypto.py:82} WARNING - empty cryptography key - values will not be stored encrypted.
[2022-04-25 12:36:37,649] {taskinstance.py:1277} INFO - Marking task as SUCCESS. dag_id=pbp_data_bq_dag, task_id=gcs_2_bq_ext_task, execution_date=20160101T000000, start_date=20220425T123636, end_date=20220425T123637
[2022-04-25 12:36:37,678] {local_task_job.py:154} INFO - Task exited with return code 0
[2022-04-25 12:36:37,739] {local_task_job.py:264} INFO - 1 downstream tasks scheduled from follow-on schedule check
[2022-04-25 13:19:43,732] {taskinstance.py:1032} INFO - Dependencies all met for <TaskInstance: pbp_data_bq_dag.gcs_2_bq_ext_task scheduled__2016-01-01T00:00:00+00:00 [queued]>
[2022-04-25 13:19:43,788] {taskinstance.py:1032} INFO - Dependencies all met for <TaskInstance: pbp_data_bq_dag.gcs_2_bq_ext_task scheduled__2016-01-01T00:00:00+00:00 [queued]>
[2022-04-25 13:19:43,789] {taskinstance.py:1238} INFO - 
--------------------------------------------------------------------------------
[2022-04-25 13:19:43,789] {taskinstance.py:1239} INFO - Starting attempt 1 of 1
[2022-04-25 13:19:43,789] {taskinstance.py:1240} INFO - 
--------------------------------------------------------------------------------
[2022-04-25 13:19:43,840] {taskinstance.py:1259} INFO - Executing <Task(BigQueryCreateExternalTableOperator): gcs_2_bq_ext_task> on 2016-01-01 00:00:00+00:00
[2022-04-25 13:19:43,859] {standard_task_runner.py:52} INFO - Started process 5916 to run task
[2022-04-25 13:19:43,879] {standard_task_runner.py:76} INFO - Running: ['***', 'tasks', 'run', 'pbp_data_bq_dag', 'gcs_2_bq_ext_task', 'scheduled__2016-01-01T00:00:00+00:00', '--job-id', '2486', '--raw', '--subdir', 'DAGS_FOLDER/nfl_gcs_to_bq.py', '--cfg-path', '/tmp/tmp837aag02', '--error-file', '/tmp/tmp5wfwn1kp']
[2022-04-25 13:19:43,884] {standard_task_runner.py:77} INFO - Job 2486: Subtask gcs_2_bq_ext_task
[2022-04-25 13:19:44,163] {logging_mixin.py:109} INFO - Running <TaskInstance: pbp_data_bq_dag.gcs_2_bq_ext_task scheduled__2016-01-01T00:00:00+00:00 [running]> on host de169a1be7ed
[2022-04-25 13:19:44,359] {taskinstance.py:1426} INFO - Exporting the following env vars:
AIRFLOW_CTX_DAG_OWNER=***
AIRFLOW_CTX_DAG_ID=pbp_data_bq_dag
AIRFLOW_CTX_TASK_ID=gcs_2_bq_ext_task
AIRFLOW_CTX_EXECUTION_DATE=2016-01-01T00:00:00+00:00
AIRFLOW_CTX_DAG_RUN_ID=scheduled__2016-01-01T00:00:00+00:00
[2022-04-25 13:19:44,361] {crypto.py:82} WARNING - empty cryptography key - values will not be stored encrypted.
[2022-04-25 13:19:45,077] {taskinstance.py:1277} INFO - Marking task as SUCCESS. dag_id=pbp_data_bq_dag, task_id=gcs_2_bq_ext_task, execution_date=20160101T000000, start_date=20220425T131943, end_date=20220425T131945
[2022-04-25 13:19:45,147] {local_task_job.py:154} INFO - Task exited with return code 0
[2022-04-25 13:19:45,211] {local_task_job.py:264} INFO - 0 downstream tasks scheduled from follow-on schedule check
