[2022-04-11 20:04:33,598] {taskinstance.py:1032} INFO - Dependencies all met for <TaskInstance: schedule_data.local_to_gcs_task scheduled__2002-01-01T00:00:00+00:00 [queued]>
[2022-04-11 20:04:33,640] {taskinstance.py:1032} INFO - Dependencies all met for <TaskInstance: schedule_data.local_to_gcs_task scheduled__2002-01-01T00:00:00+00:00 [queued]>
[2022-04-11 20:04:33,640] {taskinstance.py:1238} INFO - 
--------------------------------------------------------------------------------
[2022-04-11 20:04:33,641] {taskinstance.py:1239} INFO - Starting attempt 1 of 1
[2022-04-11 20:04:33,641] {taskinstance.py:1240} INFO - 
--------------------------------------------------------------------------------
[2022-04-11 20:04:33,703] {taskinstance.py:1259} INFO - Executing <Task(PythonOperator): local_to_gcs_task> on 2002-01-01 00:00:00+00:00
[2022-04-11 20:04:33,729] {standard_task_runner.py:52} INFO - Started process 358237 to run task
[2022-04-11 20:04:33,735] {standard_task_runner.py:76} INFO - Running: ['***', 'tasks', 'run', 'schedule_data', 'local_to_gcs_task', 'scheduled__2002-01-01T00:00:00+00:00', '--job-id', '1894', '--raw', '--subdir', 'DAGS_FOLDER/nfl_to_gcs.py', '--cfg-path', '/tmp/tmp0pr1m4n5', '--error-file', '/tmp/tmphi8rkox3']
[2022-04-11 20:04:33,748] {standard_task_runner.py:77} INFO - Job 1894: Subtask local_to_gcs_task
[2022-04-11 20:04:34,038] {logging_mixin.py:109} INFO - Running <TaskInstance: schedule_data.local_to_gcs_task scheduled__2002-01-01T00:00:00+00:00 [running]> on host 4ed3eda454fd
[2022-04-11 20:04:34,416] {logging_mixin.py:109} WARNING - /home/***/.local/lib/python3.7/site-packages/***/utils/context.py:152 AirflowContextDeprecationWarning: Accessing 'execution_date' from the template is deprecated and will be removed in a future version. Please use 'data_interval_start' or 'logical_date' instead.
[2022-04-11 20:04:34,553] {taskinstance.py:1426} INFO - Exporting the following env vars:
AIRFLOW_CTX_DAG_OWNER=***
AIRFLOW_CTX_DAG_ID=schedule_data
AIRFLOW_CTX_TASK_ID=local_to_gcs_task
AIRFLOW_CTX_EXECUTION_DATE=2002-01-01T00:00:00+00:00
AIRFLOW_CTX_DAG_RUN_ID=scheduled__2002-01-01T00:00:00+00:00
[2022-04-11 20:04:34,566] {logging_mixin.py:109} WARNING - /home/***/.local/lib/python3.7/site-packages/***/utils/context.py:152 AirflowContextDeprecationWarning: Accessing 'next_ds' from the template is deprecated and will be removed in a future version. Please use '{{ data_interval_end | ds }}' instead.
[2022-04-11 20:04:34,579] {logging_mixin.py:109} WARNING - /home/***/.local/lib/python3.7/site-packages/***/utils/context.py:152 AirflowContextDeprecationWarning: Accessing 'next_ds_nodash' from the template is deprecated and will be removed in a future version. Please use '{{ data_interval_end | ds_nodash }}' instead.
[2022-04-11 20:04:34,584] {logging_mixin.py:109} WARNING - /home/***/.local/lib/python3.7/site-packages/***/utils/context.py:152 AirflowContextDeprecationWarning: Accessing 'next_execution_date' from the template is deprecated and will be removed in a future version. Please use 'data_interval_end' instead.
[2022-04-11 20:04:34,586] {logging_mixin.py:109} WARNING - /home/***/.local/lib/python3.7/site-packages/***/utils/context.py:152 AirflowContextDeprecationWarning: Accessing 'prev_ds' from the template is deprecated and will be removed in a future version.
[2022-04-11 20:04:34,587] {logging_mixin.py:109} WARNING - /home/***/.local/lib/python3.7/site-packages/***/utils/context.py:152 AirflowContextDeprecationWarning: Accessing 'prev_ds_nodash' from the template is deprecated and will be removed in a future version.
[2022-04-11 20:04:34,625] {logging_mixin.py:109} WARNING - /home/***/.local/lib/python3.7/site-packages/***/utils/context.py:152 AirflowContextDeprecationWarning: Accessing 'prev_execution_date' from the template is deprecated and will be removed in a future version.
[2022-04-11 20:04:34,627] {logging_mixin.py:109} WARNING - /home/***/.local/lib/python3.7/site-packages/***/utils/context.py:152 AirflowContextDeprecationWarning: Accessing 'prev_execution_date_success' from the template is deprecated and will be removed in a future version. Please use 'prev_data_interval_start_success' instead.
[2022-04-11 20:04:34,652] {logging_mixin.py:109} WARNING - /home/***/.local/lib/python3.7/site-packages/***/utils/context.py:152 AirflowContextDeprecationWarning: Accessing 'tomorrow_ds' from the template is deprecated and will be removed in a future version.
[2022-04-11 20:04:34,653] {logging_mixin.py:109} WARNING - /home/***/.local/lib/python3.7/site-packages/***/utils/context.py:152 AirflowContextDeprecationWarning: Accessing 'tomorrow_ds_nodash' from the template is deprecated and will be removed in a future version.
[2022-04-11 20:04:34,655] {logging_mixin.py:109} WARNING - /home/***/.local/lib/python3.7/site-packages/***/utils/context.py:152 AirflowContextDeprecationWarning: Accessing 'yesterday_ds' from the template is deprecated and will be removed in a future version.
[2022-04-11 20:04:34,680] {logging_mixin.py:109} WARNING - /home/***/.local/lib/python3.7/site-packages/***/utils/context.py:152 AirflowContextDeprecationWarning: Accessing 'yesterday_ds_nodash' from the template is deprecated and will be removed in a future version.
[2022-04-11 20:04:35,104] {python.py:175} INFO - Done. Returned value was: None
[2022-04-11 20:04:35,125] {taskinstance.py:1277} INFO - Marking task as SUCCESS. dag_id=schedule_data, task_id=local_to_gcs_task, execution_date=20020101T000000, start_date=20220411T200433, end_date=20220411T200435
[2022-04-11 20:04:35,238] {local_task_job.py:154} INFO - Task exited with return code 0
[2022-04-11 20:04:35,393] {local_task_job.py:264} INFO - 1 downstream tasks scheduled from follow-on schedule check
