[2022-04-24 14:47:17,432] {taskinstance.py:1032} INFO - Dependencies all met for <TaskInstance: pbp_data_bq_dag.gcs_2_bq_ext_task scheduled__2015-01-01T00:00:00+00:00 [queued]>
[2022-04-24 14:47:17,448] {taskinstance.py:1032} INFO - Dependencies all met for <TaskInstance: pbp_data_bq_dag.gcs_2_bq_ext_task scheduled__2015-01-01T00:00:00+00:00 [queued]>
[2022-04-24 14:47:17,451] {taskinstance.py:1238} INFO - 
--------------------------------------------------------------------------------
[2022-04-24 14:47:17,452] {taskinstance.py:1239} INFO - Starting attempt 1 of 1
[2022-04-24 14:47:17,452] {taskinstance.py:1240} INFO - 
--------------------------------------------------------------------------------
[2022-04-24 14:47:17,482] {taskinstance.py:1259} INFO - Executing <Task(BigQueryCreateExternalTableOperator): gcs_2_bq_ext_task> on 2015-01-01 00:00:00+00:00
[2022-04-24 14:47:17,518] {standard_task_runner.py:52} INFO - Started process 3084 to run task
[2022-04-24 14:47:17,534] {standard_task_runner.py:76} INFO - Running: ['***', 'tasks', 'run', 'pbp_data_bq_dag', 'gcs_2_bq_ext_task', 'scheduled__2015-01-01T00:00:00+00:00', '--job-id', '2199', '--raw', '--subdir', 'DAGS_FOLDER/nfl_gcs_to_bq.py', '--cfg-path', '/tmp/tmpx8hdl6pc', '--error-file', '/tmp/tmp9y3tziz8']
[2022-04-24 14:47:17,537] {standard_task_runner.py:77} INFO - Job 2199: Subtask gcs_2_bq_ext_task
[2022-04-24 14:47:17,667] {logging_mixin.py:109} INFO - Running <TaskInstance: pbp_data_bq_dag.gcs_2_bq_ext_task scheduled__2015-01-01T00:00:00+00:00 [running]> on host 28475d5c3e7a
[2022-04-24 14:47:17,749] {taskinstance.py:1426} INFO - Exporting the following env vars:
AIRFLOW_CTX_DAG_OWNER=***
AIRFLOW_CTX_DAG_ID=pbp_data_bq_dag
AIRFLOW_CTX_TASK_ID=gcs_2_bq_ext_task
AIRFLOW_CTX_EXECUTION_DATE=2015-01-01T00:00:00+00:00
AIRFLOW_CTX_DAG_RUN_ID=scheduled__2015-01-01T00:00:00+00:00
[2022-04-24 14:47:17,751] {crypto.py:82} WARNING - empty cryptography key - values will not be stored encrypted.
[2022-04-24 14:47:18,373] {taskinstance.py:1277} INFO - Marking task as SUCCESS. dag_id=pbp_data_bq_dag, task_id=gcs_2_bq_ext_task, execution_date=20150101T000000, start_date=20220424T144717, end_date=20220424T144718
[2022-04-24 14:47:18,434] {local_task_job.py:154} INFO - Task exited with return code 0
[2022-04-24 14:47:18,485] {local_task_job.py:264} INFO - 1 downstream tasks scheduled from follow-on schedule check
