[2022-04-11 20:04:34,866] {taskinstance.py:1032} INFO - Dependencies all met for <TaskInstance: schedule_data.local_to_gcs_task scheduled__2003-01-01T00:00:00+00:00 [queued]>
[2022-04-11 20:04:34,943] {taskinstance.py:1032} INFO - Dependencies all met for <TaskInstance: schedule_data.local_to_gcs_task scheduled__2003-01-01T00:00:00+00:00 [queued]>
[2022-04-11 20:04:34,943] {taskinstance.py:1238} INFO - 
--------------------------------------------------------------------------------
[2022-04-11 20:04:34,943] {taskinstance.py:1239} INFO - Starting attempt 1 of 1
[2022-04-11 20:04:34,943] {taskinstance.py:1240} INFO - 
--------------------------------------------------------------------------------
[2022-04-11 20:04:34,988] {taskinstance.py:1259} INFO - Executing <Task(PythonOperator): local_to_gcs_task> on 2003-01-01 00:00:00+00:00
[2022-04-11 20:04:35,014] {standard_task_runner.py:52} INFO - Started process 358242 to run task
[2022-04-11 20:04:35,065] {standard_task_runner.py:76} INFO - Running: ['***', 'tasks', 'run', 'schedule_data', 'local_to_gcs_task', 'scheduled__2003-01-01T00:00:00+00:00', '--job-id', '1898', '--raw', '--subdir', 'DAGS_FOLDER/nfl_to_gcs.py', '--cfg-path', '/tmp/tmp3z1amf3f', '--error-file', '/tmp/tmp1wu3vjdk']
[2022-04-11 20:04:35,066] {standard_task_runner.py:77} INFO - Job 1898: Subtask local_to_gcs_task
[2022-04-11 20:04:35,345] {logging_mixin.py:109} INFO - Running <TaskInstance: schedule_data.local_to_gcs_task scheduled__2003-01-01T00:00:00+00:00 [running]> on host 4ed3eda454fd
[2022-04-11 20:04:35,550] {logging_mixin.py:109} WARNING - /home/***/.local/lib/python3.7/site-packages/***/utils/context.py:152 AirflowContextDeprecationWarning: Accessing 'execution_date' from the template is deprecated and will be removed in a future version. Please use 'data_interval_start' or 'logical_date' instead.
[2022-04-11 20:04:35,613] {taskinstance.py:1426} INFO - Exporting the following env vars:
AIRFLOW_CTX_DAG_OWNER=***
AIRFLOW_CTX_DAG_ID=schedule_data
AIRFLOW_CTX_TASK_ID=local_to_gcs_task
AIRFLOW_CTX_EXECUTION_DATE=2003-01-01T00:00:00+00:00
AIRFLOW_CTX_DAG_RUN_ID=scheduled__2003-01-01T00:00:00+00:00
[2022-04-11 20:04:35,616] {logging_mixin.py:109} WARNING - /home/***/.local/lib/python3.7/site-packages/***/utils/context.py:152 AirflowContextDeprecationWarning: Accessing 'next_ds' from the template is deprecated and will be removed in a future version. Please use '{{ data_interval_end | ds }}' instead.
[2022-04-11 20:04:35,618] {logging_mixin.py:109} WARNING - /home/***/.local/lib/python3.7/site-packages/***/utils/context.py:152 AirflowContextDeprecationWarning: Accessing 'next_ds_nodash' from the template is deprecated and will be removed in a future version. Please use '{{ data_interval_end | ds_nodash }}' instead.
[2022-04-11 20:04:35,619] {logging_mixin.py:109} WARNING - /home/***/.local/lib/python3.7/site-packages/***/utils/context.py:152 AirflowContextDeprecationWarning: Accessing 'next_execution_date' from the template is deprecated and will be removed in a future version. Please use 'data_interval_end' instead.
[2022-04-11 20:04:35,621] {logging_mixin.py:109} WARNING - /home/***/.local/lib/python3.7/site-packages/***/utils/context.py:152 AirflowContextDeprecationWarning: Accessing 'prev_ds' from the template is deprecated and will be removed in a future version.
[2022-04-11 20:04:35,622] {logging_mixin.py:109} WARNING - /home/***/.local/lib/python3.7/site-packages/***/utils/context.py:152 AirflowContextDeprecationWarning: Accessing 'prev_ds_nodash' from the template is deprecated and will be removed in a future version.
[2022-04-11 20:04:35,629] {logging_mixin.py:109} WARNING - /home/***/.local/lib/python3.7/site-packages/***/utils/context.py:152 AirflowContextDeprecationWarning: Accessing 'prev_execution_date' from the template is deprecated and will be removed in a future version.
[2022-04-11 20:04:35,630] {logging_mixin.py:109} WARNING - /home/***/.local/lib/python3.7/site-packages/***/utils/context.py:152 AirflowContextDeprecationWarning: Accessing 'prev_execution_date_success' from the template is deprecated and will be removed in a future version. Please use 'prev_data_interval_start_success' instead.
[2022-04-11 20:04:35,632] {logging_mixin.py:109} WARNING - /home/***/.local/lib/python3.7/site-packages/***/utils/context.py:152 AirflowContextDeprecationWarning: Accessing 'tomorrow_ds' from the template is deprecated and will be removed in a future version.
[2022-04-11 20:04:35,633] {logging_mixin.py:109} WARNING - /home/***/.local/lib/python3.7/site-packages/***/utils/context.py:152 AirflowContextDeprecationWarning: Accessing 'tomorrow_ds_nodash' from the template is deprecated and will be removed in a future version.
[2022-04-11 20:04:35,641] {logging_mixin.py:109} WARNING - /home/***/.local/lib/python3.7/site-packages/***/utils/context.py:152 AirflowContextDeprecationWarning: Accessing 'yesterday_ds' from the template is deprecated and will be removed in a future version.
[2022-04-11 20:04:35,642] {logging_mixin.py:109} WARNING - /home/***/.local/lib/python3.7/site-packages/***/utils/context.py:152 AirflowContextDeprecationWarning: Accessing 'yesterday_ds_nodash' from the template is deprecated and will be removed in a future version.
[2022-04-11 20:04:35,965] {python.py:175} INFO - Done. Returned value was: None
[2022-04-11 20:04:36,000] {taskinstance.py:1277} INFO - Marking task as SUCCESS. dag_id=schedule_data, task_id=local_to_gcs_task, execution_date=20030101T000000, start_date=20220411T200434, end_date=20220411T200436
[2022-04-11 20:04:36,105] {local_task_job.py:154} INFO - Task exited with return code 0
[2022-04-11 20:04:36,332] {local_task_job.py:264} INFO - 0 downstream tasks scheduled from follow-on schedule check
