[2022-04-11 20:00:38,535] {taskinstance.py:1032} INFO - Dependencies all met for <TaskInstance: injury_data.local_to_gcs_task scheduled__2016-01-01T00:00:00+00:00 [queued]>
[2022-04-11 20:00:38,573] {taskinstance.py:1032} INFO - Dependencies all met for <TaskInstance: injury_data.local_to_gcs_task scheduled__2016-01-01T00:00:00+00:00 [queued]>
[2022-04-11 20:00:38,573] {taskinstance.py:1238} INFO - 
--------------------------------------------------------------------------------
[2022-04-11 20:00:38,573] {taskinstance.py:1239} INFO - Starting attempt 1 of 1
[2022-04-11 20:00:38,573] {taskinstance.py:1240} INFO - 
--------------------------------------------------------------------------------
[2022-04-11 20:00:38,620] {taskinstance.py:1259} INFO - Executing <Task(PythonOperator): local_to_gcs_task> on 2016-01-01 00:00:00+00:00
[2022-04-11 20:00:38,641] {standard_task_runner.py:52} INFO - Started process 357102 to run task
[2022-04-11 20:00:38,655] {standard_task_runner.py:76} INFO - Running: ['***', 'tasks', 'run', 'injury_data', 'local_to_gcs_task', 'scheduled__2016-01-01T00:00:00+00:00', '--job-id', '1786', '--raw', '--subdir', 'DAGS_FOLDER/nfl_to_gcs.py', '--cfg-path', '/tmp/tmp34rww774', '--error-file', '/tmp/tmp7zsskdkj']
[2022-04-11 20:00:38,680] {standard_task_runner.py:77} INFO - Job 1786: Subtask local_to_gcs_task
[2022-04-11 20:00:38,905] {logging_mixin.py:109} INFO - Running <TaskInstance: injury_data.local_to_gcs_task scheduled__2016-01-01T00:00:00+00:00 [running]> on host 4ed3eda454fd
[2022-04-11 20:00:39,148] {logging_mixin.py:109} WARNING - /home/***/.local/lib/python3.7/site-packages/***/utils/context.py:152 AirflowContextDeprecationWarning: Accessing 'execution_date' from the template is deprecated and will be removed in a future version. Please use 'data_interval_start' or 'logical_date' instead.
[2022-04-11 20:00:39,227] {taskinstance.py:1426} INFO - Exporting the following env vars:
AIRFLOW_CTX_DAG_OWNER=***
AIRFLOW_CTX_DAG_ID=injury_data
AIRFLOW_CTX_TASK_ID=local_to_gcs_task
AIRFLOW_CTX_EXECUTION_DATE=2016-01-01T00:00:00+00:00
AIRFLOW_CTX_DAG_RUN_ID=scheduled__2016-01-01T00:00:00+00:00
[2022-04-11 20:00:39,230] {logging_mixin.py:109} WARNING - /home/***/.local/lib/python3.7/site-packages/***/utils/context.py:152 AirflowContextDeprecationWarning: Accessing 'next_ds' from the template is deprecated and will be removed in a future version. Please use '{{ data_interval_end | ds }}' instead.
[2022-04-11 20:00:39,231] {logging_mixin.py:109} WARNING - /home/***/.local/lib/python3.7/site-packages/***/utils/context.py:152 AirflowContextDeprecationWarning: Accessing 'next_ds_nodash' from the template is deprecated and will be removed in a future version. Please use '{{ data_interval_end | ds_nodash }}' instead.
[2022-04-11 20:00:39,242] {logging_mixin.py:109} WARNING - /home/***/.local/lib/python3.7/site-packages/***/utils/context.py:152 AirflowContextDeprecationWarning: Accessing 'next_execution_date' from the template is deprecated and will be removed in a future version. Please use 'data_interval_end' instead.
[2022-04-11 20:00:39,243] {logging_mixin.py:109} WARNING - /home/***/.local/lib/python3.7/site-packages/***/utils/context.py:152 AirflowContextDeprecationWarning: Accessing 'prev_ds' from the template is deprecated and will be removed in a future version.
[2022-04-11 20:00:39,244] {logging_mixin.py:109} WARNING - /home/***/.local/lib/python3.7/site-packages/***/utils/context.py:152 AirflowContextDeprecationWarning: Accessing 'prev_ds_nodash' from the template is deprecated and will be removed in a future version.
[2022-04-11 20:00:39,246] {logging_mixin.py:109} WARNING - /home/***/.local/lib/python3.7/site-packages/***/utils/context.py:152 AirflowContextDeprecationWarning: Accessing 'prev_execution_date' from the template is deprecated and will be removed in a future version.
[2022-04-11 20:00:39,247] {logging_mixin.py:109} WARNING - /home/***/.local/lib/python3.7/site-packages/***/utils/context.py:152 AirflowContextDeprecationWarning: Accessing 'prev_execution_date_success' from the template is deprecated and will be removed in a future version. Please use 'prev_data_interval_start_success' instead.
[2022-04-11 20:00:39,248] {logging_mixin.py:109} WARNING - /home/***/.local/lib/python3.7/site-packages/***/utils/context.py:152 AirflowContextDeprecationWarning: Accessing 'tomorrow_ds' from the template is deprecated and will be removed in a future version.
[2022-04-11 20:00:39,251] {logging_mixin.py:109} WARNING - /home/***/.local/lib/python3.7/site-packages/***/utils/context.py:152 AirflowContextDeprecationWarning: Accessing 'tomorrow_ds_nodash' from the template is deprecated and will be removed in a future version.
[2022-04-11 20:00:39,261] {logging_mixin.py:109} WARNING - /home/***/.local/lib/python3.7/site-packages/***/utils/context.py:152 AirflowContextDeprecationWarning: Accessing 'yesterday_ds' from the template is deprecated and will be removed in a future version.
[2022-04-11 20:00:39,266] {logging_mixin.py:109} WARNING - /home/***/.local/lib/python3.7/site-packages/***/utils/context.py:152 AirflowContextDeprecationWarning: Accessing 'yesterday_ds_nodash' from the template is deprecated and will be removed in a future version.
[2022-04-11 20:00:40,069] {python.py:175} INFO - Done. Returned value was: None
[2022-04-11 20:00:40,089] {taskinstance.py:1277} INFO - Marking task as SUCCESS. dag_id=injury_data, task_id=local_to_gcs_task, execution_date=20160101T000000, start_date=20220411T200038, end_date=20220411T200040
[2022-04-11 20:00:40,142] {local_task_job.py:154} INFO - Task exited with return code 0
[2022-04-11 20:00:40,224] {local_task_job.py:264} INFO - 1 downstream tasks scheduled from follow-on schedule check
[2022-04-11 20:04:33,732] {taskinstance.py:1032} INFO - Dependencies all met for <TaskInstance: injury_data.local_to_gcs_task scheduled__2016-01-01T00:00:00+00:00 [queued]>
[2022-04-11 20:04:33,821] {taskinstance.py:1032} INFO - Dependencies all met for <TaskInstance: injury_data.local_to_gcs_task scheduled__2016-01-01T00:00:00+00:00 [queued]>
[2022-04-11 20:04:33,821] {taskinstance.py:1238} INFO - 
--------------------------------------------------------------------------------
[2022-04-11 20:04:33,821] {taskinstance.py:1239} INFO - Starting attempt 1 of 1
[2022-04-11 20:04:33,822] {taskinstance.py:1240} INFO - 
--------------------------------------------------------------------------------
[2022-04-11 20:04:33,888] {taskinstance.py:1259} INFO - Executing <Task(PythonOperator): local_to_gcs_task> on 2016-01-01 00:00:00+00:00
[2022-04-11 20:04:33,920] {standard_task_runner.py:52} INFO - Started process 358238 to run task
[2022-04-11 20:04:33,969] {standard_task_runner.py:76} INFO - Running: ['***', 'tasks', 'run', 'injury_data', 'local_to_gcs_task', 'scheduled__2016-01-01T00:00:00+00:00', '--job-id', '1895', '--raw', '--subdir', 'DAGS_FOLDER/nfl_to_gcs.py', '--cfg-path', '/tmp/tmp48147dsm', '--error-file', '/tmp/tmpsujxqnsk']
[2022-04-11 20:04:33,970] {standard_task_runner.py:77} INFO - Job 1895: Subtask local_to_gcs_task
[2022-04-11 20:04:34,190] {logging_mixin.py:109} INFO - Running <TaskInstance: injury_data.local_to_gcs_task scheduled__2016-01-01T00:00:00+00:00 [running]> on host 4ed3eda454fd
[2022-04-11 20:04:34,346] {logging_mixin.py:109} WARNING - /home/***/.local/lib/python3.7/site-packages/***/utils/context.py:152 AirflowContextDeprecationWarning: Accessing 'execution_date' from the template is deprecated and will be removed in a future version. Please use 'data_interval_start' or 'logical_date' instead.
[2022-04-11 20:04:34,422] {taskinstance.py:1426} INFO - Exporting the following env vars:
AIRFLOW_CTX_DAG_OWNER=***
AIRFLOW_CTX_DAG_ID=injury_data
AIRFLOW_CTX_TASK_ID=local_to_gcs_task
AIRFLOW_CTX_EXECUTION_DATE=2016-01-01T00:00:00+00:00
AIRFLOW_CTX_DAG_RUN_ID=scheduled__2016-01-01T00:00:00+00:00
[2022-04-11 20:04:34,437] {logging_mixin.py:109} WARNING - /home/***/.local/lib/python3.7/site-packages/***/utils/context.py:152 AirflowContextDeprecationWarning: Accessing 'next_ds' from the template is deprecated and will be removed in a future version. Please use '{{ data_interval_end | ds }}' instead.
[2022-04-11 20:04:34,441] {logging_mixin.py:109} WARNING - /home/***/.local/lib/python3.7/site-packages/***/utils/context.py:152 AirflowContextDeprecationWarning: Accessing 'next_ds_nodash' from the template is deprecated and will be removed in a future version. Please use '{{ data_interval_end | ds_nodash }}' instead.
[2022-04-11 20:04:34,450] {logging_mixin.py:109} WARNING - /home/***/.local/lib/python3.7/site-packages/***/utils/context.py:152 AirflowContextDeprecationWarning: Accessing 'next_execution_date' from the template is deprecated and will be removed in a future version. Please use 'data_interval_end' instead.
[2022-04-11 20:04:34,454] {logging_mixin.py:109} WARNING - /home/***/.local/lib/python3.7/site-packages/***/utils/context.py:152 AirflowContextDeprecationWarning: Accessing 'prev_ds' from the template is deprecated and will be removed in a future version.
[2022-04-11 20:04:34,458] {logging_mixin.py:109} WARNING - /home/***/.local/lib/python3.7/site-packages/***/utils/context.py:152 AirflowContextDeprecationWarning: Accessing 'prev_ds_nodash' from the template is deprecated and will be removed in a future version.
[2022-04-11 20:04:34,465] {logging_mixin.py:109} WARNING - /home/***/.local/lib/python3.7/site-packages/***/utils/context.py:152 AirflowContextDeprecationWarning: Accessing 'prev_execution_date' from the template is deprecated and will be removed in a future version.
[2022-04-11 20:04:34,471] {logging_mixin.py:109} WARNING - /home/***/.local/lib/python3.7/site-packages/***/utils/context.py:152 AirflowContextDeprecationWarning: Accessing 'prev_execution_date_success' from the template is deprecated and will be removed in a future version. Please use 'prev_data_interval_start_success' instead.
[2022-04-11 20:04:34,498] {logging_mixin.py:109} WARNING - /home/***/.local/lib/python3.7/site-packages/***/utils/context.py:152 AirflowContextDeprecationWarning: Accessing 'tomorrow_ds' from the template is deprecated and will be removed in a future version.
[2022-04-11 20:04:34,504] {logging_mixin.py:109} WARNING - /home/***/.local/lib/python3.7/site-packages/***/utils/context.py:152 AirflowContextDeprecationWarning: Accessing 'tomorrow_ds_nodash' from the template is deprecated and will be removed in a future version.
[2022-04-11 20:04:34,505] {logging_mixin.py:109} WARNING - /home/***/.local/lib/python3.7/site-packages/***/utils/context.py:152 AirflowContextDeprecationWarning: Accessing 'yesterday_ds' from the template is deprecated and will be removed in a future version.
[2022-04-11 20:04:34,526] {logging_mixin.py:109} WARNING - /home/***/.local/lib/python3.7/site-packages/***/utils/context.py:152 AirflowContextDeprecationWarning: Accessing 'yesterday_ds_nodash' from the template is deprecated and will be removed in a future version.
[2022-04-11 20:04:35,476] {python.py:175} INFO - Done. Returned value was: None
[2022-04-11 20:04:35,738] {taskinstance.py:1277} INFO - Marking task as SUCCESS. dag_id=injury_data, task_id=local_to_gcs_task, execution_date=20160101T000000, start_date=20220411T200433, end_date=20220411T200435
[2022-04-11 20:04:35,799] {local_task_job.py:154} INFO - Task exited with return code 0
[2022-04-11 20:04:35,908] {local_task_job.py:264} INFO - 1 downstream tasks scheduled from follow-on schedule check
[2022-04-23 16:31:41,020] {taskinstance.py:1032} INFO - Dependencies all met for <TaskInstance: injury_data.local_to_gcs_task scheduled__2016-01-01T00:00:00+00:00 [queued]>
[2022-04-23 16:31:41,060] {taskinstance.py:1032} INFO - Dependencies all met for <TaskInstance: injury_data.local_to_gcs_task scheduled__2016-01-01T00:00:00+00:00 [queued]>
[2022-04-23 16:31:41,060] {taskinstance.py:1238} INFO - 
--------------------------------------------------------------------------------
[2022-04-23 16:31:41,060] {taskinstance.py:1239} INFO - Starting attempt 1 of 1
[2022-04-23 16:31:41,060] {taskinstance.py:1240} INFO - 
--------------------------------------------------------------------------------
[2022-04-23 16:31:41,096] {taskinstance.py:1259} INFO - Executing <Task(PythonOperator): local_to_gcs_task> on 2016-01-01 00:00:00+00:00
[2022-04-23 16:31:41,104] {standard_task_runner.py:52} INFO - Started process 2739 to run task
[2022-04-23 16:31:41,129] {standard_task_runner.py:76} INFO - Running: ['***', 'tasks', 'run', 'injury_data', 'local_to_gcs_task', 'scheduled__2016-01-01T00:00:00+00:00', '--job-id', '2091', '--raw', '--subdir', 'DAGS_FOLDER/nfl_to_gcs.py', '--cfg-path', '/tmp/tmpz1n_z33m', '--error-file', '/tmp/tmpj284htn1']
[2022-04-23 16:31:41,158] {standard_task_runner.py:77} INFO - Job 2091: Subtask local_to_gcs_task
[2022-04-23 16:31:41,348] {logging_mixin.py:109} INFO - Running <TaskInstance: injury_data.local_to_gcs_task scheduled__2016-01-01T00:00:00+00:00 [running]> on host 04f3a8edbeca
[2022-04-23 16:31:41,507] {logging_mixin.py:109} WARNING - /home/***/.local/lib/python3.7/site-packages/***/utils/context.py:152 AirflowContextDeprecationWarning: Accessing 'execution_date' from the template is deprecated and will be removed in a future version. Please use 'data_interval_start' or 'logical_date' instead.
[2022-04-23 16:31:41,573] {taskinstance.py:1426} INFO - Exporting the following env vars:
AIRFLOW_CTX_DAG_OWNER=***
AIRFLOW_CTX_DAG_ID=injury_data
AIRFLOW_CTX_TASK_ID=local_to_gcs_task
AIRFLOW_CTX_EXECUTION_DATE=2016-01-01T00:00:00+00:00
AIRFLOW_CTX_DAG_RUN_ID=scheduled__2016-01-01T00:00:00+00:00
[2022-04-23 16:31:41,575] {logging_mixin.py:109} WARNING - /home/***/.local/lib/python3.7/site-packages/***/utils/context.py:152 AirflowContextDeprecationWarning: Accessing 'next_ds' from the template is deprecated and will be removed in a future version. Please use '{{ data_interval_end | ds }}' instead.
[2022-04-23 16:31:41,577] {logging_mixin.py:109} WARNING - /home/***/.local/lib/python3.7/site-packages/***/utils/context.py:152 AirflowContextDeprecationWarning: Accessing 'next_ds_nodash' from the template is deprecated and will be removed in a future version. Please use '{{ data_interval_end | ds_nodash }}' instead.
[2022-04-23 16:31:41,578] {logging_mixin.py:109} WARNING - /home/***/.local/lib/python3.7/site-packages/***/utils/context.py:152 AirflowContextDeprecationWarning: Accessing 'next_execution_date' from the template is deprecated and will be removed in a future version. Please use 'data_interval_end' instead.
[2022-04-23 16:31:41,580] {logging_mixin.py:109} WARNING - /home/***/.local/lib/python3.7/site-packages/***/utils/context.py:152 AirflowContextDeprecationWarning: Accessing 'prev_ds' from the template is deprecated and will be removed in a future version.
[2022-04-23 16:31:41,581] {logging_mixin.py:109} WARNING - /home/***/.local/lib/python3.7/site-packages/***/utils/context.py:152 AirflowContextDeprecationWarning: Accessing 'prev_ds_nodash' from the template is deprecated and will be removed in a future version.
[2022-04-23 16:31:41,586] {logging_mixin.py:109} WARNING - /home/***/.local/lib/python3.7/site-packages/***/utils/context.py:152 AirflowContextDeprecationWarning: Accessing 'prev_execution_date' from the template is deprecated and will be removed in a future version.
[2022-04-23 16:31:41,587] {logging_mixin.py:109} WARNING - /home/***/.local/lib/python3.7/site-packages/***/utils/context.py:152 AirflowContextDeprecationWarning: Accessing 'prev_execution_date_success' from the template is deprecated and will be removed in a future version. Please use 'prev_data_interval_start_success' instead.
[2022-04-23 16:31:41,589] {logging_mixin.py:109} WARNING - /home/***/.local/lib/python3.7/site-packages/***/utils/context.py:152 AirflowContextDeprecationWarning: Accessing 'tomorrow_ds' from the template is deprecated and will be removed in a future version.
[2022-04-23 16:31:41,593] {logging_mixin.py:109} WARNING - /home/***/.local/lib/python3.7/site-packages/***/utils/context.py:152 AirflowContextDeprecationWarning: Accessing 'tomorrow_ds_nodash' from the template is deprecated and will be removed in a future version.
[2022-04-23 16:31:41,596] {logging_mixin.py:109} WARNING - /home/***/.local/lib/python3.7/site-packages/***/utils/context.py:152 AirflowContextDeprecationWarning: Accessing 'yesterday_ds' from the template is deprecated and will be removed in a future version.
[2022-04-23 16:31:41,602] {logging_mixin.py:109} WARNING - /home/***/.local/lib/python3.7/site-packages/***/utils/context.py:152 AirflowContextDeprecationWarning: Accessing 'yesterday_ds_nodash' from the template is deprecated and will be removed in a future version.
[2022-04-23 16:31:42,309] {python.py:175} INFO - Done. Returned value was: None
[2022-04-23 16:31:42,337] {taskinstance.py:1277} INFO - Marking task as SUCCESS. dag_id=injury_data, task_id=local_to_gcs_task, execution_date=20160101T000000, start_date=20220423T163141, end_date=20220423T163142
[2022-04-23 16:31:42,394] {local_task_job.py:154} INFO - Task exited with return code 0
[2022-04-23 16:31:42,475] {local_task_job.py:264} INFO - 1 downstream tasks scheduled from follow-on schedule check
