[2022-04-24 14:46:22,158] {taskinstance.py:1032} INFO - Dependencies all met for <TaskInstance: injury_data_bq_dag.gcs_2_bq_ext_task scheduled__2020-01-01T00:00:00+00:00 [queued]>
[2022-04-24 14:46:22,172] {taskinstance.py:1032} INFO - Dependencies all met for <TaskInstance: injury_data_bq_dag.gcs_2_bq_ext_task scheduled__2020-01-01T00:00:00+00:00 [queued]>
[2022-04-24 14:46:22,172] {taskinstance.py:1238} INFO - 
--------------------------------------------------------------------------------
[2022-04-24 14:46:22,172] {taskinstance.py:1239} INFO - Starting attempt 1 of 1
[2022-04-24 14:46:22,173] {taskinstance.py:1240} INFO - 
--------------------------------------------------------------------------------
[2022-04-24 14:46:22,190] {taskinstance.py:1259} INFO - Executing <Task(BigQueryCreateExternalTableOperator): gcs_2_bq_ext_task> on 2020-01-01 00:00:00+00:00
[2022-04-24 14:46:22,197] {standard_task_runner.py:52} INFO - Started process 2930 to run task
[2022-04-24 14:46:22,205] {standard_task_runner.py:76} INFO - Running: ['***', 'tasks', 'run', 'injury_data_bq_dag', 'gcs_2_bq_ext_task', 'scheduled__2020-01-01T00:00:00+00:00', '--job-id', '2185', '--raw', '--subdir', 'DAGS_FOLDER/nfl_gcs_to_bq.py', '--cfg-path', '/tmp/tmpk_7gr7jn', '--error-file', '/tmp/tmpyrcyhf5b']
[2022-04-24 14:46:22,207] {standard_task_runner.py:77} INFO - Job 2185: Subtask gcs_2_bq_ext_task
[2022-04-24 14:46:22,292] {logging_mixin.py:109} INFO - Running <TaskInstance: injury_data_bq_dag.gcs_2_bq_ext_task scheduled__2020-01-01T00:00:00+00:00 [running]> on host 28475d5c3e7a
[2022-04-24 14:46:22,373] {taskinstance.py:1426} INFO - Exporting the following env vars:
AIRFLOW_CTX_DAG_OWNER=***
AIRFLOW_CTX_DAG_ID=injury_data_bq_dag
AIRFLOW_CTX_TASK_ID=gcs_2_bq_ext_task
AIRFLOW_CTX_EXECUTION_DATE=2020-01-01T00:00:00+00:00
AIRFLOW_CTX_DAG_RUN_ID=scheduled__2020-01-01T00:00:00+00:00
[2022-04-24 14:46:22,375] {crypto.py:82} WARNING - empty cryptography key - values will not be stored encrypted.
[2022-04-24 14:46:23,026] {taskinstance.py:1277} INFO - Marking task as SUCCESS. dag_id=injury_data_bq_dag, task_id=gcs_2_bq_ext_task, execution_date=20200101T000000, start_date=20220424T144622, end_date=20220424T144623
[2022-04-24 14:46:23,066] {local_task_job.py:154} INFO - Task exited with return code 0
[2022-04-24 14:46:23,116] {local_task_job.py:264} INFO - 0 downstream tasks scheduled from follow-on schedule check
