[2022-04-24 14:47:05,340] {taskinstance.py:1032} INFO - Dependencies all met for <TaskInstance: pbp_data_bq_dag.gcs_2_bq_ext_task scheduled__2011-01-01T00:00:00+00:00 [queued]>
[2022-04-24 14:47:05,358] {taskinstance.py:1032} INFO - Dependencies all met for <TaskInstance: pbp_data_bq_dag.gcs_2_bq_ext_task scheduled__2011-01-01T00:00:00+00:00 [queued]>
[2022-04-24 14:47:05,358] {taskinstance.py:1238} INFO - 
--------------------------------------------------------------------------------
[2022-04-24 14:47:05,358] {taskinstance.py:1239} INFO - Starting attempt 1 of 1
[2022-04-24 14:47:05,358] {taskinstance.py:1240} INFO - 
--------------------------------------------------------------------------------
[2022-04-24 14:47:05,377] {taskinstance.py:1259} INFO - Executing <Task(BigQueryCreateExternalTableOperator): gcs_2_bq_ext_task> on 2011-01-01 00:00:00+00:00
[2022-04-24 14:47:05,385] {standard_task_runner.py:52} INFO - Started process 3039 to run task
[2022-04-24 14:47:05,392] {standard_task_runner.py:76} INFO - Running: ['***', 'tasks', 'run', 'pbp_data_bq_dag', 'gcs_2_bq_ext_task', 'scheduled__2011-01-01T00:00:00+00:00', '--job-id', '2193', '--raw', '--subdir', 'DAGS_FOLDER/nfl_gcs_to_bq.py', '--cfg-path', '/tmp/tmpof_53on8', '--error-file', '/tmp/tmpwyysgime']
[2022-04-24 14:47:05,393] {standard_task_runner.py:77} INFO - Job 2193: Subtask gcs_2_bq_ext_task
[2022-04-24 14:47:05,482] {logging_mixin.py:109} INFO - Running <TaskInstance: pbp_data_bq_dag.gcs_2_bq_ext_task scheduled__2011-01-01T00:00:00+00:00 [running]> on host 28475d5c3e7a
[2022-04-24 14:47:05,572] {taskinstance.py:1426} INFO - Exporting the following env vars:
AIRFLOW_CTX_DAG_OWNER=***
AIRFLOW_CTX_DAG_ID=pbp_data_bq_dag
AIRFLOW_CTX_TASK_ID=gcs_2_bq_ext_task
AIRFLOW_CTX_EXECUTION_DATE=2011-01-01T00:00:00+00:00
AIRFLOW_CTX_DAG_RUN_ID=scheduled__2011-01-01T00:00:00+00:00
[2022-04-24 14:47:05,574] {crypto.py:82} WARNING - empty cryptography key - values will not be stored encrypted.
[2022-04-24 14:47:06,196] {taskinstance.py:1277} INFO - Marking task as SUCCESS. dag_id=pbp_data_bq_dag, task_id=gcs_2_bq_ext_task, execution_date=20110101T000000, start_date=20220424T144705, end_date=20220424T144706
[2022-04-24 14:47:06,249] {local_task_job.py:154} INFO - Task exited with return code 0
[2022-04-24 14:47:06,302] {local_task_job.py:264} INFO - 1 downstream tasks scheduled from follow-on schedule check
[2022-04-25 12:36:25,661] {taskinstance.py:1032} INFO - Dependencies all met for <TaskInstance: pbp_data_bq_dag.gcs_2_bq_ext_task scheduled__2011-01-01T00:00:00+00:00 [queued]>
[2022-04-25 12:36:25,675] {taskinstance.py:1032} INFO - Dependencies all met for <TaskInstance: pbp_data_bq_dag.gcs_2_bq_ext_task scheduled__2011-01-01T00:00:00+00:00 [queued]>
[2022-04-25 12:36:25,675] {taskinstance.py:1238} INFO - 
--------------------------------------------------------------------------------
[2022-04-25 12:36:25,675] {taskinstance.py:1239} INFO - Starting attempt 1 of 1
[2022-04-25 12:36:25,675] {taskinstance.py:1240} INFO - 
--------------------------------------------------------------------------------
[2022-04-25 12:36:25,691] {taskinstance.py:1259} INFO - Executing <Task(BigQueryCreateExternalTableOperator): gcs_2_bq_ext_task> on 2011-01-01 00:00:00+00:00
[2022-04-25 12:36:25,700] {standard_task_runner.py:52} INFO - Started process 734 to run task
[2022-04-25 12:36:25,712] {standard_task_runner.py:76} INFO - Running: ['***', 'tasks', 'run', 'pbp_data_bq_dag', 'gcs_2_bq_ext_task', 'scheduled__2011-01-01T00:00:00+00:00', '--job-id', '2346', '--raw', '--subdir', 'DAGS_FOLDER/nfl_gcs_to_bq.py', '--cfg-path', '/tmp/tmphlaswb83', '--error-file', '/tmp/tmpl8rqtb25']
[2022-04-25 12:36:25,714] {standard_task_runner.py:77} INFO - Job 2346: Subtask gcs_2_bq_ext_task
[2022-04-25 12:36:25,800] {logging_mixin.py:109} INFO - Running <TaskInstance: pbp_data_bq_dag.gcs_2_bq_ext_task scheduled__2011-01-01T00:00:00+00:00 [running]> on host de169a1be7ed
[2022-04-25 12:36:25,879] {taskinstance.py:1426} INFO - Exporting the following env vars:
AIRFLOW_CTX_DAG_OWNER=***
AIRFLOW_CTX_DAG_ID=pbp_data_bq_dag
AIRFLOW_CTX_TASK_ID=gcs_2_bq_ext_task
AIRFLOW_CTX_EXECUTION_DATE=2011-01-01T00:00:00+00:00
AIRFLOW_CTX_DAG_RUN_ID=scheduled__2011-01-01T00:00:00+00:00
[2022-04-25 12:36:25,883] {crypto.py:82} WARNING - empty cryptography key - values will not be stored encrypted.
[2022-04-25 12:36:26,574] {taskinstance.py:1277} INFO - Marking task as SUCCESS. dag_id=pbp_data_bq_dag, task_id=gcs_2_bq_ext_task, execution_date=20110101T000000, start_date=20220425T123625, end_date=20220425T123626
[2022-04-25 12:36:26,611] {local_task_job.py:154} INFO - Task exited with return code 0
[2022-04-25 12:36:26,643] {local_task_job.py:264} INFO - 1 downstream tasks scheduled from follow-on schedule check
[2022-04-25 13:19:33,680] {taskinstance.py:1032} INFO - Dependencies all met for <TaskInstance: pbp_data_bq_dag.gcs_2_bq_ext_task scheduled__2011-01-01T00:00:00+00:00 [queued]>
[2022-04-25 13:19:33,711] {taskinstance.py:1032} INFO - Dependencies all met for <TaskInstance: pbp_data_bq_dag.gcs_2_bq_ext_task scheduled__2011-01-01T00:00:00+00:00 [queued]>
[2022-04-25 13:19:33,712] {taskinstance.py:1238} INFO - 
--------------------------------------------------------------------------------
[2022-04-25 13:19:33,712] {taskinstance.py:1239} INFO - Starting attempt 1 of 1
[2022-04-25 13:19:33,712] {taskinstance.py:1240} INFO - 
--------------------------------------------------------------------------------
[2022-04-25 13:19:33,742] {taskinstance.py:1259} INFO - Executing <Task(BigQueryCreateExternalTableOperator): gcs_2_bq_ext_task> on 2011-01-01 00:00:00+00:00
[2022-04-25 13:19:33,749] {standard_task_runner.py:52} INFO - Started process 5838 to run task
[2022-04-25 13:19:33,773] {standard_task_runner.py:76} INFO - Running: ['***', 'tasks', 'run', 'pbp_data_bq_dag', 'gcs_2_bq_ext_task', 'scheduled__2011-01-01T00:00:00+00:00', '--job-id', '2477', '--raw', '--subdir', 'DAGS_FOLDER/nfl_gcs_to_bq.py', '--cfg-path', '/tmp/tmplx21wf8p', '--error-file', '/tmp/tmpta0r8k3j']
[2022-04-25 13:19:33,779] {standard_task_runner.py:77} INFO - Job 2477: Subtask gcs_2_bq_ext_task
[2022-04-25 13:19:33,997] {logging_mixin.py:109} INFO - Running <TaskInstance: pbp_data_bq_dag.gcs_2_bq_ext_task scheduled__2011-01-01T00:00:00+00:00 [running]> on host de169a1be7ed
[2022-04-25 13:19:34,277] {taskinstance.py:1426} INFO - Exporting the following env vars:
AIRFLOW_CTX_DAG_OWNER=***
AIRFLOW_CTX_DAG_ID=pbp_data_bq_dag
AIRFLOW_CTX_TASK_ID=gcs_2_bq_ext_task
AIRFLOW_CTX_EXECUTION_DATE=2011-01-01T00:00:00+00:00
AIRFLOW_CTX_DAG_RUN_ID=scheduled__2011-01-01T00:00:00+00:00
[2022-04-25 13:19:34,279] {crypto.py:82} WARNING - empty cryptography key - values will not be stored encrypted.
[2022-04-25 13:19:35,123] {taskinstance.py:1277} INFO - Marking task as SUCCESS. dag_id=pbp_data_bq_dag, task_id=gcs_2_bq_ext_task, execution_date=20110101T000000, start_date=20220425T131933, end_date=20220425T131935
[2022-04-25 13:19:35,173] {local_task_job.py:154} INFO - Task exited with return code 0
[2022-04-25 13:19:35,250] {local_task_job.py:264} INFO - 0 downstream tasks scheduled from follow-on schedule check
