[2022-04-11 20:00:13,189] {taskinstance.py:1032} INFO - Dependencies all met for <TaskInstance: roster_data.rm_task scheduled__2004-01-01T00:00:00+00:00 [queued]>
[2022-04-11 20:00:13,217] {taskinstance.py:1032} INFO - Dependencies all met for <TaskInstance: roster_data.rm_task scheduled__2004-01-01T00:00:00+00:00 [queued]>
[2022-04-11 20:00:13,217] {taskinstance.py:1238} INFO - 
--------------------------------------------------------------------------------
[2022-04-11 20:00:13,217] {taskinstance.py:1239} INFO - Starting attempt 1 of 1
[2022-04-11 20:00:13,217] {taskinstance.py:1240} INFO - 
--------------------------------------------------------------------------------
[2022-04-11 20:00:13,253] {taskinstance.py:1259} INFO - Executing <Task(BashOperator): rm_task> on 2004-01-01 00:00:00+00:00
[2022-04-11 20:00:13,271] {standard_task_runner.py:52} INFO - Started process 356898 to run task
[2022-04-11 20:00:13,284] {standard_task_runner.py:76} INFO - Running: ['***', 'tasks', 'run', 'roster_data', 'rm_task', 'scheduled__2004-01-01T00:00:00+00:00', '--job-id', '1765', '--raw', '--subdir', 'DAGS_FOLDER/nfl_to_gcs.py', '--cfg-path', '/tmp/tmpa0pfz0au', '--error-file', '/tmp/tmp_iwaxszi']
[2022-04-11 20:00:13,287] {standard_task_runner.py:77} INFO - Job 1765: Subtask rm_task
[2022-04-11 20:00:13,400] {logging_mixin.py:109} INFO - Running <TaskInstance: roster_data.rm_task scheduled__2004-01-01T00:00:00+00:00 [running]> on host 4ed3eda454fd
[2022-04-11 20:00:13,604] {taskinstance.py:1426} INFO - Exporting the following env vars:
AIRFLOW_CTX_DAG_OWNER=***
AIRFLOW_CTX_DAG_ID=roster_data
AIRFLOW_CTX_TASK_ID=rm_task
AIRFLOW_CTX_EXECUTION_DATE=2004-01-01T00:00:00+00:00
AIRFLOW_CTX_DAG_RUN_ID=scheduled__2004-01-01T00:00:00+00:00
[2022-04-11 20:00:13,608] {subprocess.py:62} INFO - Tmp dir root location: 
 /tmp
[2022-04-11 20:00:13,609] {subprocess.py:74} INFO - Running command: ['bash', '-c', 'rm "/opt/***/roster_data_2004.parquet"']
[2022-04-11 20:00:13,634] {subprocess.py:85} INFO - Output:
[2022-04-11 20:00:13,637] {subprocess.py:93} INFO - Command exited with return code 0
[2022-04-11 20:00:13,692] {taskinstance.py:1277} INFO - Marking task as SUCCESS. dag_id=roster_data, task_id=rm_task, execution_date=20040101T000000, start_date=20220411T200013, end_date=20220411T200013
[2022-04-11 20:00:13,751] {local_task_job.py:154} INFO - Task exited with return code 0
[2022-04-11 20:00:13,824] {local_task_job.py:264} INFO - 0 downstream tasks scheduled from follow-on schedule check
[2022-04-23 16:30:48,003] {taskinstance.py:1032} INFO - Dependencies all met for <TaskInstance: roster_data.rm_task scheduled__2004-01-01T00:00:00+00:00 [queued]>
[2022-04-23 16:30:48,040] {taskinstance.py:1032} INFO - Dependencies all met for <TaskInstance: roster_data.rm_task scheduled__2004-01-01T00:00:00+00:00 [queued]>
[2022-04-23 16:30:48,040] {taskinstance.py:1238} INFO - 
--------------------------------------------------------------------------------
[2022-04-23 16:30:48,041] {taskinstance.py:1239} INFO - Starting attempt 1 of 1
[2022-04-23 16:30:48,041] {taskinstance.py:1240} INFO - 
--------------------------------------------------------------------------------
[2022-04-23 16:30:48,072] {taskinstance.py:1259} INFO - Executing <Task(BashOperator): rm_task> on 2004-01-01 00:00:00+00:00
[2022-04-23 16:30:48,080] {standard_task_runner.py:52} INFO - Started process 2343 to run task
[2022-04-23 16:30:48,097] {standard_task_runner.py:76} INFO - Running: ['***', 'tasks', 'run', 'roster_data', 'rm_task', 'scheduled__2004-01-01T00:00:00+00:00', '--job-id', '2053', '--raw', '--subdir', 'DAGS_FOLDER/nfl_to_gcs.py', '--cfg-path', '/tmp/tmpahlr7tjc', '--error-file', '/tmp/tmpk6egb6lr']
[2022-04-23 16:30:48,099] {standard_task_runner.py:77} INFO - Job 2053: Subtask rm_task
[2022-04-23 16:30:48,192] {logging_mixin.py:109} INFO - Running <TaskInstance: roster_data.rm_task scheduled__2004-01-01T00:00:00+00:00 [running]> on host 04f3a8edbeca
[2022-04-23 16:30:48,302] {taskinstance.py:1426} INFO - Exporting the following env vars:
AIRFLOW_CTX_DAG_OWNER=***
AIRFLOW_CTX_DAG_ID=roster_data
AIRFLOW_CTX_TASK_ID=rm_task
AIRFLOW_CTX_EXECUTION_DATE=2004-01-01T00:00:00+00:00
AIRFLOW_CTX_DAG_RUN_ID=scheduled__2004-01-01T00:00:00+00:00
[2022-04-23 16:30:48,304] {subprocess.py:62} INFO - Tmp dir root location: 
 /tmp
[2022-04-23 16:30:48,308] {subprocess.py:74} INFO - Running command: ['bash', '-c', 'rm "/opt/***/roster_data_2004.parquet"']
[2022-04-23 16:30:48,325] {subprocess.py:85} INFO - Output:
[2022-04-23 16:30:48,332] {subprocess.py:93} INFO - Command exited with return code 0
[2022-04-23 16:30:48,373] {taskinstance.py:1277} INFO - Marking task as SUCCESS. dag_id=roster_data, task_id=rm_task, execution_date=20040101T000000, start_date=20220423T163048, end_date=20220423T163048
[2022-04-23 16:30:48,432] {local_task_job.py:154} INFO - Task exited with return code 0
[2022-04-23 16:30:48,480] {local_task_job.py:264} INFO - 0 downstream tasks scheduled from follow-on schedule check
