[2022-04-11 20:00:23,133] {taskinstance.py:1032} INFO - Dependencies all met for <TaskInstance: injury_data.rm_task scheduled__2011-01-01T00:00:00+00:00 [queued]>
[2022-04-11 20:00:23,149] {taskinstance.py:1032} INFO - Dependencies all met for <TaskInstance: injury_data.rm_task scheduled__2011-01-01T00:00:00+00:00 [queued]>
[2022-04-11 20:00:23,149] {taskinstance.py:1238} INFO - 
--------------------------------------------------------------------------------
[2022-04-11 20:00:23,149] {taskinstance.py:1239} INFO - Starting attempt 1 of 1
[2022-04-11 20:00:23,149] {taskinstance.py:1240} INFO - 
--------------------------------------------------------------------------------
[2022-04-11 20:00:23,165] {taskinstance.py:1259} INFO - Executing <Task(BashOperator): rm_task> on 2011-01-01 00:00:00+00:00
[2022-04-11 20:00:23,176] {standard_task_runner.py:52} INFO - Started process 356982 to run task
[2022-04-11 20:00:23,189] {standard_task_runner.py:76} INFO - Running: ['***', 'tasks', 'run', 'injury_data', 'rm_task', 'scheduled__2011-01-01T00:00:00+00:00', '--job-id', '1777', '--raw', '--subdir', 'DAGS_FOLDER/nfl_to_gcs.py', '--cfg-path', '/tmp/tmptrf9q16z', '--error-file', '/tmp/tmppsspld_z']
[2022-04-11 20:00:23,191] {standard_task_runner.py:77} INFO - Job 1777: Subtask rm_task
[2022-04-11 20:00:23,298] {logging_mixin.py:109} INFO - Running <TaskInstance: injury_data.rm_task scheduled__2011-01-01T00:00:00+00:00 [running]> on host 4ed3eda454fd
[2022-04-11 20:00:23,445] {taskinstance.py:1426} INFO - Exporting the following env vars:
AIRFLOW_CTX_DAG_OWNER=***
AIRFLOW_CTX_DAG_ID=injury_data
AIRFLOW_CTX_TASK_ID=rm_task
AIRFLOW_CTX_EXECUTION_DATE=2011-01-01T00:00:00+00:00
AIRFLOW_CTX_DAG_RUN_ID=scheduled__2011-01-01T00:00:00+00:00
[2022-04-11 20:00:23,452] {subprocess.py:62} INFO - Tmp dir root location: 
 /tmp
[2022-04-11 20:00:23,461] {subprocess.py:74} INFO - Running command: ['bash', '-c', 'rm "/opt/***/injury_data_2011.parquet"']
[2022-04-11 20:00:23,497] {subprocess.py:85} INFO - Output:
[2022-04-11 20:00:23,519] {subprocess.py:93} INFO - Command exited with return code 0
[2022-04-11 20:00:23,581] {taskinstance.py:1277} INFO - Marking task as SUCCESS. dag_id=injury_data, task_id=rm_task, execution_date=20110101T000000, start_date=20220411T200023, end_date=20220411T200023
[2022-04-11 20:00:23,624] {local_task_job.py:154} INFO - Task exited with return code 0
[2022-04-11 20:00:23,715] {local_task_job.py:264} INFO - 0 downstream tasks scheduled from follow-on schedule check
[2022-04-11 20:03:43,074] {taskinstance.py:1032} INFO - Dependencies all met for <TaskInstance: injury_data.rm_task scheduled__2011-01-01T00:00:00+00:00 [queued]>
[2022-04-11 20:03:43,092] {taskinstance.py:1032} INFO - Dependencies all met for <TaskInstance: injury_data.rm_task scheduled__2011-01-01T00:00:00+00:00 [queued]>
[2022-04-11 20:03:43,092] {taskinstance.py:1238} INFO - 
--------------------------------------------------------------------------------
[2022-04-11 20:03:43,093] {taskinstance.py:1239} INFO - Starting attempt 1 of 1
[2022-04-11 20:03:43,093] {taskinstance.py:1240} INFO - 
--------------------------------------------------------------------------------
[2022-04-11 20:03:43,113] {taskinstance.py:1259} INFO - Executing <Task(BashOperator): rm_task> on 2011-01-01 00:00:00+00:00
[2022-04-11 20:03:43,123] {standard_task_runner.py:52} INFO - Started process 357888 to run task
[2022-04-11 20:03:43,137] {standard_task_runner.py:76} INFO - Running: ['***', 'tasks', 'run', 'injury_data', 'rm_task', 'scheduled__2011-01-01T00:00:00+00:00', '--job-id', '1859', '--raw', '--subdir', 'DAGS_FOLDER/nfl_to_gcs.py', '--cfg-path', '/tmp/tmpavy4_zl6', '--error-file', '/tmp/tmp8hi50410']
[2022-04-11 20:03:43,139] {standard_task_runner.py:77} INFO - Job 1859: Subtask rm_task
[2022-04-11 20:03:43,229] {logging_mixin.py:109} INFO - Running <TaskInstance: injury_data.rm_task scheduled__2011-01-01T00:00:00+00:00 [running]> on host 4ed3eda454fd
[2022-04-11 20:03:43,362] {taskinstance.py:1426} INFO - Exporting the following env vars:
AIRFLOW_CTX_DAG_OWNER=***
AIRFLOW_CTX_DAG_ID=injury_data
AIRFLOW_CTX_TASK_ID=rm_task
AIRFLOW_CTX_EXECUTION_DATE=2011-01-01T00:00:00+00:00
AIRFLOW_CTX_DAG_RUN_ID=scheduled__2011-01-01T00:00:00+00:00
[2022-04-11 20:03:43,364] {subprocess.py:62} INFO - Tmp dir root location: 
 /tmp
[2022-04-11 20:03:43,365] {subprocess.py:74} INFO - Running command: ['bash', '-c', 'rm "/opt/***/injury_data_2011.parquet"']
[2022-04-11 20:03:43,403] {subprocess.py:85} INFO - Output:
[2022-04-11 20:03:43,411] {subprocess.py:93} INFO - Command exited with return code 0
[2022-04-11 20:03:43,453] {taskinstance.py:1277} INFO - Marking task as SUCCESS. dag_id=injury_data, task_id=rm_task, execution_date=20110101T000000, start_date=20220411T200343, end_date=20220411T200343
[2022-04-11 20:03:43,505] {local_task_job.py:154} INFO - Task exited with return code 0
[2022-04-11 20:03:43,558] {local_task_job.py:264} INFO - 0 downstream tasks scheduled from follow-on schedule check
[2022-04-23 16:31:07,603] {taskinstance.py:1032} INFO - Dependencies all met for <TaskInstance: injury_data.rm_task scheduled__2011-01-01T00:00:00+00:00 [queued]>
[2022-04-23 16:31:07,630] {taskinstance.py:1032} INFO - Dependencies all met for <TaskInstance: injury_data.rm_task scheduled__2011-01-01T00:00:00+00:00 [queued]>
[2022-04-23 16:31:07,630] {taskinstance.py:1238} INFO - 
--------------------------------------------------------------------------------
[2022-04-23 16:31:07,630] {taskinstance.py:1239} INFO - Starting attempt 1 of 1
[2022-04-23 16:31:07,630] {taskinstance.py:1240} INFO - 
--------------------------------------------------------------------------------
[2022-04-23 16:31:07,668] {taskinstance.py:1259} INFO - Executing <Task(BashOperator): rm_task> on 2011-01-01 00:00:00+00:00
[2022-04-23 16:31:07,676] {standard_task_runner.py:52} INFO - Started process 2452 to run task
[2022-04-23 16:31:07,708] {standard_task_runner.py:76} INFO - Running: ['***', 'tasks', 'run', 'injury_data', 'rm_task', 'scheduled__2011-01-01T00:00:00+00:00', '--job-id', '2063', '--raw', '--subdir', 'DAGS_FOLDER/nfl_to_gcs.py', '--cfg-path', '/tmp/tmpreh9qt5e', '--error-file', '/tmp/tmpe85stugj']
[2022-04-23 16:31:07,710] {standard_task_runner.py:77} INFO - Job 2063: Subtask rm_task
[2022-04-23 16:31:07,852] {logging_mixin.py:109} INFO - Running <TaskInstance: injury_data.rm_task scheduled__2011-01-01T00:00:00+00:00 [running]> on host 04f3a8edbeca
[2022-04-23 16:31:08,075] {taskinstance.py:1426} INFO - Exporting the following env vars:
AIRFLOW_CTX_DAG_OWNER=***
AIRFLOW_CTX_DAG_ID=injury_data
AIRFLOW_CTX_TASK_ID=rm_task
AIRFLOW_CTX_EXECUTION_DATE=2011-01-01T00:00:00+00:00
AIRFLOW_CTX_DAG_RUN_ID=scheduled__2011-01-01T00:00:00+00:00
[2022-04-23 16:31:08,076] {subprocess.py:62} INFO - Tmp dir root location: 
 /tmp
[2022-04-23 16:31:08,077] {subprocess.py:74} INFO - Running command: ['bash', '-c', 'rm "/opt/***/injury_data_2011.parquet"']
[2022-04-23 16:31:08,149] {subprocess.py:85} INFO - Output:
[2022-04-23 16:31:08,182] {subprocess.py:93} INFO - Command exited with return code 0
[2022-04-23 16:31:08,299] {taskinstance.py:1277} INFO - Marking task as SUCCESS. dag_id=injury_data, task_id=rm_task, execution_date=20110101T000000, start_date=20220423T163107, end_date=20220423T163108
[2022-04-23 16:31:08,462] {local_task_job.py:154} INFO - Task exited with return code 0
[2022-04-23 16:31:08,648] {local_task_job.py:264} INFO - 0 downstream tasks scheduled from follow-on schedule check
