[2022-04-11 20:00:33,750] {taskinstance.py:1032} INFO - Dependencies all met for <TaskInstance: roster_data.download_data_task scheduled__2005-01-01T00:00:00+00:00 [queued]>
[2022-04-11 20:00:33,769] {taskinstance.py:1032} INFO - Dependencies all met for <TaskInstance: roster_data.download_data_task scheduled__2005-01-01T00:00:00+00:00 [queued]>
[2022-04-11 20:00:33,770] {taskinstance.py:1238} INFO - 
--------------------------------------------------------------------------------
[2022-04-11 20:00:33,770] {taskinstance.py:1239} INFO - Starting attempt 1 of 1
[2022-04-11 20:00:33,770] {taskinstance.py:1240} INFO - 
--------------------------------------------------------------------------------
[2022-04-11 20:00:33,787] {taskinstance.py:1259} INFO - Executing <Task(PythonOperator): download_data_task> on 2005-01-01 00:00:00+00:00
[2022-04-11 20:00:33,801] {standard_task_runner.py:52} INFO - Started process 357037 to run task
[2022-04-11 20:00:33,814] {standard_task_runner.py:76} INFO - Running: ['***', 'tasks', 'run', 'roster_data', 'download_data_task', 'scheduled__2005-01-01T00:00:00+00:00', '--job-id', '1781', '--raw', '--subdir', 'DAGS_FOLDER/nfl_to_gcs.py', '--cfg-path', '/tmp/tmpjd27y22v', '--error-file', '/tmp/tmpxk4wggrg']
[2022-04-11 20:00:33,816] {standard_task_runner.py:77} INFO - Job 1781: Subtask download_data_task
[2022-04-11 20:00:33,943] {logging_mixin.py:109} INFO - Running <TaskInstance: roster_data.download_data_task scheduled__2005-01-01T00:00:00+00:00 [running]> on host 4ed3eda454fd
[2022-04-11 20:00:34,068] {taskinstance.py:1426} INFO - Exporting the following env vars:
AIRFLOW_CTX_DAG_OWNER=***
AIRFLOW_CTX_DAG_ID=roster_data
AIRFLOW_CTX_TASK_ID=download_data_task
AIRFLOW_CTX_EXECUTION_DATE=2005-01-01T00:00:00+00:00
AIRFLOW_CTX_DAG_RUN_ID=scheduled__2005-01-01T00:00:00+00:00
[2022-04-11 20:00:34,086] {logging_mixin.py:109} WARNING - /home/***/.local/lib/python3.7/site-packages/***/utils/context.py:152 AirflowContextDeprecationWarning: Accessing 'execution_date' from the template is deprecated and will be removed in a future version. Please use 'data_interval_start' or 'logical_date' instead.
[2022-04-11 20:00:34,088] {logging_mixin.py:109} WARNING - /home/***/.local/lib/python3.7/site-packages/***/utils/context.py:152 AirflowContextDeprecationWarning: Accessing 'next_ds' from the template is deprecated and will be removed in a future version. Please use '{{ data_interval_end | ds }}' instead.
[2022-04-11 20:00:34,090] {logging_mixin.py:109} WARNING - /home/***/.local/lib/python3.7/site-packages/***/utils/context.py:152 AirflowContextDeprecationWarning: Accessing 'next_ds_nodash' from the template is deprecated and will be removed in a future version. Please use '{{ data_interval_end | ds_nodash }}' instead.
[2022-04-11 20:00:34,092] {logging_mixin.py:109} WARNING - /home/***/.local/lib/python3.7/site-packages/***/utils/context.py:152 AirflowContextDeprecationWarning: Accessing 'next_execution_date' from the template is deprecated and will be removed in a future version. Please use 'data_interval_end' instead.
[2022-04-11 20:00:34,093] {logging_mixin.py:109} WARNING - /home/***/.local/lib/python3.7/site-packages/***/utils/context.py:152 AirflowContextDeprecationWarning: Accessing 'prev_ds' from the template is deprecated and will be removed in a future version.
[2022-04-11 20:00:34,094] {logging_mixin.py:109} WARNING - /home/***/.local/lib/python3.7/site-packages/***/utils/context.py:152 AirflowContextDeprecationWarning: Accessing 'prev_ds_nodash' from the template is deprecated and will be removed in a future version.
[2022-04-11 20:00:34,096] {logging_mixin.py:109} WARNING - /home/***/.local/lib/python3.7/site-packages/***/utils/context.py:152 AirflowContextDeprecationWarning: Accessing 'prev_execution_date' from the template is deprecated and will be removed in a future version.
[2022-04-11 20:00:34,097] {logging_mixin.py:109} WARNING - /home/***/.local/lib/python3.7/site-packages/***/utils/context.py:152 AirflowContextDeprecationWarning: Accessing 'prev_execution_date_success' from the template is deprecated and will be removed in a future version. Please use 'prev_data_interval_start_success' instead.
[2022-04-11 20:00:34,098] {logging_mixin.py:109} WARNING - /home/***/.local/lib/python3.7/site-packages/***/utils/context.py:152 AirflowContextDeprecationWarning: Accessing 'tomorrow_ds' from the template is deprecated and will be removed in a future version.
[2022-04-11 20:00:34,102] {logging_mixin.py:109} WARNING - /home/***/.local/lib/python3.7/site-packages/***/utils/context.py:152 AirflowContextDeprecationWarning: Accessing 'tomorrow_ds_nodash' from the template is deprecated and will be removed in a future version.
[2022-04-11 20:00:34,104] {logging_mixin.py:109} WARNING - /home/***/.local/lib/python3.7/site-packages/***/utils/context.py:152 AirflowContextDeprecationWarning: Accessing 'yesterday_ds' from the template is deprecated and will be removed in a future version.
[2022-04-11 20:00:34,105] {logging_mixin.py:109} WARNING - /home/***/.local/lib/python3.7/site-packages/***/utils/context.py:152 AirflowContextDeprecationWarning: Accessing 'yesterday_ds_nodash' from the template is deprecated and will be removed in a future version.
[2022-04-11 20:00:34,327] {python.py:175} INFO - Done. Returned value was: None
[2022-04-11 20:00:34,355] {taskinstance.py:1277} INFO - Marking task as SUCCESS. dag_id=roster_data, task_id=download_data_task, execution_date=20050101T000000, start_date=20220411T200033, end_date=20220411T200034
[2022-04-11 20:00:34,404] {local_task_job.py:154} INFO - Task exited with return code 0
[2022-04-11 20:00:34,501] {local_task_job.py:264} INFO - 1 downstream tasks scheduled from follow-on schedule check
[2022-04-23 16:31:15,019] {taskinstance.py:1032} INFO - Dependencies all met for <TaskInstance: roster_data.download_data_task scheduled__2005-01-01T00:00:00+00:00 [queued]>
[2022-04-23 16:31:15,062] {taskinstance.py:1032} INFO - Dependencies all met for <TaskInstance: roster_data.download_data_task scheduled__2005-01-01T00:00:00+00:00 [queued]>
[2022-04-23 16:31:15,062] {taskinstance.py:1238} INFO - 
--------------------------------------------------------------------------------
[2022-04-23 16:31:15,062] {taskinstance.py:1239} INFO - Starting attempt 1 of 1
[2022-04-23 16:31:15,062] {taskinstance.py:1240} INFO - 
--------------------------------------------------------------------------------
[2022-04-23 16:31:15,106] {taskinstance.py:1259} INFO - Executing <Task(PythonOperator): download_data_task> on 2005-01-01 00:00:00+00:00
[2022-04-23 16:31:15,127] {standard_task_runner.py:52} INFO - Started process 2502 to run task
[2022-04-23 16:31:15,153] {standard_task_runner.py:76} INFO - Running: ['***', 'tasks', 'run', 'roster_data', 'download_data_task', 'scheduled__2005-01-01T00:00:00+00:00', '--job-id', '2066', '--raw', '--subdir', 'DAGS_FOLDER/nfl_to_gcs.py', '--cfg-path', '/tmp/tmpx_b8qjt8', '--error-file', '/tmp/tmp2sp1gcly']
[2022-04-23 16:31:15,157] {standard_task_runner.py:77} INFO - Job 2066: Subtask download_data_task
[2022-04-23 16:31:15,376] {logging_mixin.py:109} INFO - Running <TaskInstance: roster_data.download_data_task scheduled__2005-01-01T00:00:00+00:00 [running]> on host 04f3a8edbeca
[2022-04-23 16:31:15,568] {taskinstance.py:1426} INFO - Exporting the following env vars:
AIRFLOW_CTX_DAG_OWNER=***
AIRFLOW_CTX_DAG_ID=roster_data
AIRFLOW_CTX_TASK_ID=download_data_task
AIRFLOW_CTX_EXECUTION_DATE=2005-01-01T00:00:00+00:00
AIRFLOW_CTX_DAG_RUN_ID=scheduled__2005-01-01T00:00:00+00:00
[2022-04-23 16:31:15,592] {logging_mixin.py:109} WARNING - /home/***/.local/lib/python3.7/site-packages/***/utils/context.py:152 AirflowContextDeprecationWarning: Accessing 'execution_date' from the template is deprecated and will be removed in a future version. Please use 'data_interval_start' or 'logical_date' instead.
[2022-04-23 16:31:15,599] {logging_mixin.py:109} WARNING - /home/***/.local/lib/python3.7/site-packages/***/utils/context.py:152 AirflowContextDeprecationWarning: Accessing 'next_ds' from the template is deprecated and will be removed in a future version. Please use '{{ data_interval_end | ds }}' instead.
[2022-04-23 16:31:15,610] {logging_mixin.py:109} WARNING - /home/***/.local/lib/python3.7/site-packages/***/utils/context.py:152 AirflowContextDeprecationWarning: Accessing 'next_ds_nodash' from the template is deprecated and will be removed in a future version. Please use '{{ data_interval_end | ds_nodash }}' instead.
[2022-04-23 16:31:15,619] {logging_mixin.py:109} WARNING - /home/***/.local/lib/python3.7/site-packages/***/utils/context.py:152 AirflowContextDeprecationWarning: Accessing 'next_execution_date' from the template is deprecated and will be removed in a future version. Please use 'data_interval_end' instead.
[2022-04-23 16:31:15,621] {logging_mixin.py:109} WARNING - /home/***/.local/lib/python3.7/site-packages/***/utils/context.py:152 AirflowContextDeprecationWarning: Accessing 'prev_ds' from the template is deprecated and will be removed in a future version.
[2022-04-23 16:31:15,622] {logging_mixin.py:109} WARNING - /home/***/.local/lib/python3.7/site-packages/***/utils/context.py:152 AirflowContextDeprecationWarning: Accessing 'prev_ds_nodash' from the template is deprecated and will be removed in a future version.
[2022-04-23 16:31:15,623] {logging_mixin.py:109} WARNING - /home/***/.local/lib/python3.7/site-packages/***/utils/context.py:152 AirflowContextDeprecationWarning: Accessing 'prev_execution_date' from the template is deprecated and will be removed in a future version.
[2022-04-23 16:31:15,641] {logging_mixin.py:109} WARNING - /home/***/.local/lib/python3.7/site-packages/***/utils/context.py:152 AirflowContextDeprecationWarning: Accessing 'prev_execution_date_success' from the template is deprecated and will be removed in a future version. Please use 'prev_data_interval_start_success' instead.
[2022-04-23 16:31:15,642] {logging_mixin.py:109} WARNING - /home/***/.local/lib/python3.7/site-packages/***/utils/context.py:152 AirflowContextDeprecationWarning: Accessing 'tomorrow_ds' from the template is deprecated and will be removed in a future version.
[2022-04-23 16:31:15,643] {logging_mixin.py:109} WARNING - /home/***/.local/lib/python3.7/site-packages/***/utils/context.py:152 AirflowContextDeprecationWarning: Accessing 'tomorrow_ds_nodash' from the template is deprecated and will be removed in a future version.
[2022-04-23 16:31:15,645] {logging_mixin.py:109} WARNING - /home/***/.local/lib/python3.7/site-packages/***/utils/context.py:152 AirflowContextDeprecationWarning: Accessing 'yesterday_ds' from the template is deprecated and will be removed in a future version.
[2022-04-23 16:31:15,646] {logging_mixin.py:109} WARNING - /home/***/.local/lib/python3.7/site-packages/***/utils/context.py:152 AirflowContextDeprecationWarning: Accessing 'yesterday_ds_nodash' from the template is deprecated and will be removed in a future version.
[2022-04-23 16:31:15,946] {python.py:175} INFO - Done. Returned value was: None
[2022-04-23 16:31:16,243] {taskinstance.py:1277} INFO - Marking task as SUCCESS. dag_id=roster_data, task_id=download_data_task, execution_date=20050101T000000, start_date=20220423T163115, end_date=20220423T163116
[2022-04-23 16:31:16,335] {local_task_job.py:154} INFO - Task exited with return code 0
[2022-04-23 16:31:16,420] {local_task_job.py:264} INFO - 1 downstream tasks scheduled from follow-on schedule check
