[2022-04-24 14:46:02,739] {taskinstance.py:1032} INFO - Dependencies all met for <TaskInstance: injury_data_bq_dag.gcs_2_bq_ext_task scheduled__2016-01-01T00:00:00+00:00 [queued]>
[2022-04-24 14:46:02,776] {taskinstance.py:1032} INFO - Dependencies all met for <TaskInstance: injury_data_bq_dag.gcs_2_bq_ext_task scheduled__2016-01-01T00:00:00+00:00 [queued]>
[2022-04-24 14:46:02,777] {taskinstance.py:1238} INFO - 
--------------------------------------------------------------------------------
[2022-04-24 14:46:02,777] {taskinstance.py:1239} INFO - Starting attempt 1 of 1
[2022-04-24 14:46:02,777] {taskinstance.py:1240} INFO - 
--------------------------------------------------------------------------------
[2022-04-24 14:46:02,812] {taskinstance.py:1259} INFO - Executing <Task(BigQueryCreateExternalTableOperator): gcs_2_bq_ext_task> on 2016-01-01 00:00:00+00:00
[2022-04-24 14:46:02,831] {standard_task_runner.py:52} INFO - Started process 2809 to run task
[2022-04-24 14:46:02,851] {standard_task_runner.py:76} INFO - Running: ['***', 'tasks', 'run', 'injury_data_bq_dag', 'gcs_2_bq_ext_task', 'scheduled__2016-01-01T00:00:00+00:00', '--job-id', '2171', '--raw', '--subdir', 'DAGS_FOLDER/nfl_gcs_to_bq.py', '--cfg-path', '/tmp/tmpyp_u7k35', '--error-file', '/tmp/tmptf_k5clc']
[2022-04-24 14:46:02,853] {standard_task_runner.py:77} INFO - Job 2171: Subtask gcs_2_bq_ext_task
[2022-04-24 14:46:02,961] {logging_mixin.py:109} INFO - Running <TaskInstance: injury_data_bq_dag.gcs_2_bq_ext_task scheduled__2016-01-01T00:00:00+00:00 [running]> on host 28475d5c3e7a
[2022-04-24 14:46:03,092] {taskinstance.py:1426} INFO - Exporting the following env vars:
AIRFLOW_CTX_DAG_OWNER=***
AIRFLOW_CTX_DAG_ID=injury_data_bq_dag
AIRFLOW_CTX_TASK_ID=gcs_2_bq_ext_task
AIRFLOW_CTX_EXECUTION_DATE=2016-01-01T00:00:00+00:00
AIRFLOW_CTX_DAG_RUN_ID=scheduled__2016-01-01T00:00:00+00:00
[2022-04-24 14:46:03,094] {crypto.py:82} WARNING - empty cryptography key - values will not be stored encrypted.
[2022-04-24 14:46:03,754] {taskinstance.py:1277} INFO - Marking task as SUCCESS. dag_id=injury_data_bq_dag, task_id=gcs_2_bq_ext_task, execution_date=20160101T000000, start_date=20220424T144602, end_date=20220424T144603
[2022-04-24 14:46:03,785] {local_task_job.py:154} INFO - Task exited with return code 0
[2022-04-24 14:46:03,830] {local_task_job.py:264} INFO - 0 downstream tasks scheduled from follow-on schedule check
[2022-04-25 12:35:00,119] {taskinstance.py:1032} INFO - Dependencies all met for <TaskInstance: injury_data_bq_dag.gcs_2_bq_ext_task scheduled__2016-01-01T00:00:00+00:00 [queued]>
[2022-04-25 12:35:00,133] {taskinstance.py:1032} INFO - Dependencies all met for <TaskInstance: injury_data_bq_dag.gcs_2_bq_ext_task scheduled__2016-01-01T00:00:00+00:00 [queued]>
[2022-04-25 12:35:00,133] {taskinstance.py:1238} INFO - 
--------------------------------------------------------------------------------
[2022-04-25 12:35:00,133] {taskinstance.py:1239} INFO - Starting attempt 1 of 1
[2022-04-25 12:35:00,133] {taskinstance.py:1240} INFO - 
--------------------------------------------------------------------------------
[2022-04-25 12:35:00,150] {taskinstance.py:1259} INFO - Executing <Task(BigQueryCreateExternalTableOperator): gcs_2_bq_ext_task> on 2016-01-01 00:00:00+00:00
[2022-04-25 12:35:00,157] {standard_task_runner.py:52} INFO - Started process 429 to run task
[2022-04-25 12:35:00,167] {standard_task_runner.py:76} INFO - Running: ['***', 'tasks', 'run', 'injury_data_bq_dag', 'gcs_2_bq_ext_task', 'scheduled__2016-01-01T00:00:00+00:00', '--job-id', '2316', '--raw', '--subdir', 'DAGS_FOLDER/nfl_gcs_to_bq.py', '--cfg-path', '/tmp/tmp8glis4no', '--error-file', '/tmp/tmpgcam_nhh']
[2022-04-25 12:35:00,169] {standard_task_runner.py:77} INFO - Job 2316: Subtask gcs_2_bq_ext_task
[2022-04-25 12:35:00,259] {logging_mixin.py:109} INFO - Running <TaskInstance: injury_data_bq_dag.gcs_2_bq_ext_task scheduled__2016-01-01T00:00:00+00:00 [running]> on host de169a1be7ed
[2022-04-25 12:35:00,358] {taskinstance.py:1426} INFO - Exporting the following env vars:
AIRFLOW_CTX_DAG_OWNER=***
AIRFLOW_CTX_DAG_ID=injury_data_bq_dag
AIRFLOW_CTX_TASK_ID=gcs_2_bq_ext_task
AIRFLOW_CTX_EXECUTION_DATE=2016-01-01T00:00:00+00:00
AIRFLOW_CTX_DAG_RUN_ID=scheduled__2016-01-01T00:00:00+00:00
[2022-04-25 12:35:00,362] {crypto.py:82} WARNING - empty cryptography key - values will not be stored encrypted.
[2022-04-25 12:35:01,085] {taskinstance.py:1277} INFO - Marking task as SUCCESS. dag_id=injury_data_bq_dag, task_id=gcs_2_bq_ext_task, execution_date=20160101T000000, start_date=20220425T123500, end_date=20220425T123501
[2022-04-25 12:35:01,147] {local_task_job.py:154} INFO - Task exited with return code 0
[2022-04-25 12:35:01,205] {local_task_job.py:264} INFO - 0 downstream tasks scheduled from follow-on schedule check
[2022-04-25 13:19:13,389] {taskinstance.py:1032} INFO - Dependencies all met for <TaskInstance: injury_data_bq_dag.gcs_2_bq_ext_task scheduled__2016-01-01T00:00:00+00:00 [queued]>
[2022-04-25 13:19:13,555] {taskinstance.py:1032} INFO - Dependencies all met for <TaskInstance: injury_data_bq_dag.gcs_2_bq_ext_task scheduled__2016-01-01T00:00:00+00:00 [queued]>
[2022-04-25 13:19:13,556] {taskinstance.py:1238} INFO - 
--------------------------------------------------------------------------------
[2022-04-25 13:19:13,556] {taskinstance.py:1239} INFO - Starting attempt 1 of 1
[2022-04-25 13:19:13,556] {taskinstance.py:1240} INFO - 
--------------------------------------------------------------------------------
[2022-04-25 13:19:13,726] {taskinstance.py:1259} INFO - Executing <Task(BigQueryCreateExternalTableOperator): gcs_2_bq_ext_task> on 2016-01-01 00:00:00+00:00
[2022-04-25 13:19:13,779] {standard_task_runner.py:52} INFO - Started process 5702 to run task
[2022-04-25 13:19:13,762] {standard_task_runner.py:76} INFO - Running: ['***', 'tasks', 'run', 'injury_data_bq_dag', 'gcs_2_bq_ext_task', 'scheduled__2016-01-01T00:00:00+00:00', '--job-id', '2456', '--raw', '--subdir', 'DAGS_FOLDER/nfl_gcs_to_bq.py', '--cfg-path', '/tmp/tmpcmls2yz6', '--error-file', '/tmp/tmpn5mzuu1l']
[2022-04-25 13:19:13,815] {standard_task_runner.py:77} INFO - Job 2456: Subtask gcs_2_bq_ext_task
[2022-04-25 13:19:14,385] {logging_mixin.py:109} INFO - Running <TaskInstance: injury_data_bq_dag.gcs_2_bq_ext_task scheduled__2016-01-01T00:00:00+00:00 [running]> on host de169a1be7ed
[2022-04-25 13:19:14,960] {taskinstance.py:1426} INFO - Exporting the following env vars:
AIRFLOW_CTX_DAG_OWNER=***
AIRFLOW_CTX_DAG_ID=injury_data_bq_dag
AIRFLOW_CTX_TASK_ID=gcs_2_bq_ext_task
AIRFLOW_CTX_EXECUTION_DATE=2016-01-01T00:00:00+00:00
AIRFLOW_CTX_DAG_RUN_ID=scheduled__2016-01-01T00:00:00+00:00
[2022-04-25 13:19:14,962] {crypto.py:82} WARNING - empty cryptography key - values will not be stored encrypted.
[2022-04-25 13:19:15,834] {taskinstance.py:1277} INFO - Marking task as SUCCESS. dag_id=injury_data_bq_dag, task_id=gcs_2_bq_ext_task, execution_date=20160101T000000, start_date=20220425T131913, end_date=20220425T131915
[2022-04-25 13:19:15,938] {local_task_job.py:154} INFO - Task exited with return code 0
[2022-04-25 13:19:16,021] {local_task_job.py:264} INFO - 0 downstream tasks scheduled from follow-on schedule check
