[2022-04-11 20:00:43,251] {taskinstance.py:1032} INFO - Dependencies all met for <TaskInstance: injury_data.rm_task scheduled__2016-01-01T00:00:00+00:00 [queued]>
[2022-04-11 20:00:43,274] {taskinstance.py:1032} INFO - Dependencies all met for <TaskInstance: injury_data.rm_task scheduled__2016-01-01T00:00:00+00:00 [queued]>
[2022-04-11 20:00:43,275] {taskinstance.py:1238} INFO - 
--------------------------------------------------------------------------------
[2022-04-11 20:00:43,275] {taskinstance.py:1239} INFO - Starting attempt 1 of 1
[2022-04-11 20:00:43,275] {taskinstance.py:1240} INFO - 
--------------------------------------------------------------------------------
[2022-04-11 20:00:43,294] {taskinstance.py:1259} INFO - Executing <Task(BashOperator): rm_task> on 2016-01-01 00:00:00+00:00
[2022-04-11 20:00:43,312] {standard_task_runner.py:52} INFO - Started process 357135 to run task
[2022-04-11 20:00:43,341] {standard_task_runner.py:76} INFO - Running: ['***', 'tasks', 'run', 'injury_data', 'rm_task', 'scheduled__2016-01-01T00:00:00+00:00', '--job-id', '1790', '--raw', '--subdir', 'DAGS_FOLDER/nfl_to_gcs.py', '--cfg-path', '/tmp/tmpj3o9zjha', '--error-file', '/tmp/tmpp_oily50']
[2022-04-11 20:00:43,349] {standard_task_runner.py:77} INFO - Job 1790: Subtask rm_task
[2022-04-11 20:00:43,498] {logging_mixin.py:109} INFO - Running <TaskInstance: injury_data.rm_task scheduled__2016-01-01T00:00:00+00:00 [running]> on host 4ed3eda454fd
[2022-04-11 20:00:43,696] {taskinstance.py:1426} INFO - Exporting the following env vars:
AIRFLOW_CTX_DAG_OWNER=***
AIRFLOW_CTX_DAG_ID=injury_data
AIRFLOW_CTX_TASK_ID=rm_task
AIRFLOW_CTX_EXECUTION_DATE=2016-01-01T00:00:00+00:00
AIRFLOW_CTX_DAG_RUN_ID=scheduled__2016-01-01T00:00:00+00:00
[2022-04-11 20:00:43,697] {subprocess.py:62} INFO - Tmp dir root location: 
 /tmp
[2022-04-11 20:00:43,698] {subprocess.py:74} INFO - Running command: ['bash', '-c', 'rm "/opt/***/injury_data_2016.parquet"']
[2022-04-11 20:00:43,740] {subprocess.py:85} INFO - Output:
[2022-04-11 20:00:43,748] {subprocess.py:93} INFO - Command exited with return code 0
[2022-04-11 20:00:43,812] {taskinstance.py:1277} INFO - Marking task as SUCCESS. dag_id=injury_data, task_id=rm_task, execution_date=20160101T000000, start_date=20220411T200043, end_date=20220411T200043
[2022-04-11 20:00:43,875] {local_task_job.py:154} INFO - Task exited with return code 0
[2022-04-11 20:00:43,953] {local_task_job.py:264} INFO - 0 downstream tasks scheduled from follow-on schedule check
[2022-04-11 20:04:40,246] {taskinstance.py:1032} INFO - Dependencies all met for <TaskInstance: injury_data.rm_task scheduled__2016-01-01T00:00:00+00:00 [queued]>
[2022-04-11 20:04:40,312] {taskinstance.py:1032} INFO - Dependencies all met for <TaskInstance: injury_data.rm_task scheduled__2016-01-01T00:00:00+00:00 [queued]>
[2022-04-11 20:04:40,312] {taskinstance.py:1238} INFO - 
--------------------------------------------------------------------------------
[2022-04-11 20:04:40,312] {taskinstance.py:1239} INFO - Starting attempt 1 of 1
[2022-04-11 20:04:40,316] {taskinstance.py:1240} INFO - 
--------------------------------------------------------------------------------
[2022-04-11 20:04:40,380] {taskinstance.py:1259} INFO - Executing <Task(BashOperator): rm_task> on 2016-01-01 00:00:00+00:00
[2022-04-11 20:04:40,428] {standard_task_runner.py:52} INFO - Started process 358290 to run task
[2022-04-11 20:04:40,439] {standard_task_runner.py:76} INFO - Running: ['***', 'tasks', 'run', 'injury_data', 'rm_task', 'scheduled__2016-01-01T00:00:00+00:00', '--job-id', '1904', '--raw', '--subdir', 'DAGS_FOLDER/nfl_to_gcs.py', '--cfg-path', '/tmp/tmpnyr_hecm', '--error-file', '/tmp/tmph1i40537']
[2022-04-11 20:04:40,442] {standard_task_runner.py:77} INFO - Job 1904: Subtask rm_task
[2022-04-11 20:04:40,720] {logging_mixin.py:109} INFO - Running <TaskInstance: injury_data.rm_task scheduled__2016-01-01T00:00:00+00:00 [running]> on host 4ed3eda454fd
[2022-04-11 20:04:41,073] {taskinstance.py:1426} INFO - Exporting the following env vars:
AIRFLOW_CTX_DAG_OWNER=***
AIRFLOW_CTX_DAG_ID=injury_data
AIRFLOW_CTX_TASK_ID=rm_task
AIRFLOW_CTX_EXECUTION_DATE=2016-01-01T00:00:00+00:00
AIRFLOW_CTX_DAG_RUN_ID=scheduled__2016-01-01T00:00:00+00:00
[2022-04-11 20:04:41,075] {subprocess.py:62} INFO - Tmp dir root location: 
 /tmp
[2022-04-11 20:04:41,076] {subprocess.py:74} INFO - Running command: ['bash', '-c', 'rm "/opt/***/injury_data_2016.parquet"']
[2022-04-11 20:04:41,153] {subprocess.py:85} INFO - Output:
[2022-04-11 20:04:41,186] {subprocess.py:93} INFO - Command exited with return code 0
[2022-04-11 20:04:41,484] {taskinstance.py:1277} INFO - Marking task as SUCCESS. dag_id=injury_data, task_id=rm_task, execution_date=20160101T000000, start_date=20220411T200440, end_date=20220411T200441
[2022-04-11 20:04:41,636] {local_task_job.py:154} INFO - Task exited with return code 0
[2022-04-11 20:04:41,723] {local_task_job.py:264} INFO - 0 downstream tasks scheduled from follow-on schedule check
[2022-04-23 16:31:48,561] {taskinstance.py:1032} INFO - Dependencies all met for <TaskInstance: injury_data.rm_task scheduled__2016-01-01T00:00:00+00:00 [queued]>
[2022-04-23 16:31:48,593] {taskinstance.py:1032} INFO - Dependencies all met for <TaskInstance: injury_data.rm_task scheduled__2016-01-01T00:00:00+00:00 [queued]>
[2022-04-23 16:31:48,594] {taskinstance.py:1238} INFO - 
--------------------------------------------------------------------------------
[2022-04-23 16:31:48,595] {taskinstance.py:1239} INFO - Starting attempt 1 of 1
[2022-04-23 16:31:48,595] {taskinstance.py:1240} INFO - 
--------------------------------------------------------------------------------
[2022-04-23 16:31:48,644] {taskinstance.py:1259} INFO - Executing <Task(BashOperator): rm_task> on 2016-01-01 00:00:00+00:00
[2022-04-23 16:31:48,677] {standard_task_runner.py:52} INFO - Started process 2789 to run task
[2022-04-23 16:31:48,698] {standard_task_runner.py:76} INFO - Running: ['***', 'tasks', 'run', 'injury_data', 'rm_task', 'scheduled__2016-01-01T00:00:00+00:00', '--job-id', '2101', '--raw', '--subdir', 'DAGS_FOLDER/nfl_to_gcs.py', '--cfg-path', '/tmp/tmpjquami7z', '--error-file', '/tmp/tmpjydje46q']
[2022-04-23 16:31:48,735] {standard_task_runner.py:77} INFO - Job 2101: Subtask rm_task
[2022-04-23 16:31:49,104] {logging_mixin.py:109} INFO - Running <TaskInstance: injury_data.rm_task scheduled__2016-01-01T00:00:00+00:00 [running]> on host 04f3a8edbeca
[2022-04-23 16:31:49,468] {taskinstance.py:1426} INFO - Exporting the following env vars:
AIRFLOW_CTX_DAG_OWNER=***
AIRFLOW_CTX_DAG_ID=injury_data
AIRFLOW_CTX_TASK_ID=rm_task
AIRFLOW_CTX_EXECUTION_DATE=2016-01-01T00:00:00+00:00
AIRFLOW_CTX_DAG_RUN_ID=scheduled__2016-01-01T00:00:00+00:00
[2022-04-23 16:31:49,470] {subprocess.py:62} INFO - Tmp dir root location: 
 /tmp
[2022-04-23 16:31:49,471] {subprocess.py:74} INFO - Running command: ['bash', '-c', 'rm "/opt/***/injury_data_2016.parquet"']
[2022-04-23 16:31:49,522] {subprocess.py:85} INFO - Output:
[2022-04-23 16:31:49,529] {subprocess.py:93} INFO - Command exited with return code 0
[2022-04-23 16:31:49,568] {taskinstance.py:1277} INFO - Marking task as SUCCESS. dag_id=injury_data, task_id=rm_task, execution_date=20160101T000000, start_date=20220423T163148, end_date=20220423T163149
[2022-04-23 16:31:49,618] {local_task_job.py:154} INFO - Task exited with return code 0
[2022-04-23 16:31:49,669] {local_task_job.py:264} INFO - 0 downstream tasks scheduled from follow-on schedule check
