[2022-04-24 14:50:17,912] {taskinstance.py:1032} INFO - Dependencies all met for <TaskInstance: schedule_data_bq_dag.gcs_2_bq_ext_task scheduled__2016-01-01T00:00:00+00:00 [queued]>
[2022-04-24 14:50:18,002] {taskinstance.py:1032} INFO - Dependencies all met for <TaskInstance: schedule_data_bq_dag.gcs_2_bq_ext_task scheduled__2016-01-01T00:00:00+00:00 [queued]>
[2022-04-24 14:50:18,002] {taskinstance.py:1238} INFO - 
--------------------------------------------------------------------------------
[2022-04-24 14:50:18,002] {taskinstance.py:1239} INFO - Starting attempt 1 of 1
[2022-04-24 14:50:18,002] {taskinstance.py:1240} INFO - 
--------------------------------------------------------------------------------
[2022-04-24 14:50:18,045] {taskinstance.py:1259} INFO - Executing <Task(BigQueryCreateExternalTableOperator): gcs_2_bq_ext_task> on 2016-01-01 00:00:00+00:00
[2022-04-24 14:50:18,063] {standard_task_runner.py:52} INFO - Started process 3694 to run task
[2022-04-24 14:50:18,077] {standard_task_runner.py:76} INFO - Running: ['***', 'tasks', 'run', 'schedule_data_bq_dag', 'gcs_2_bq_ext_task', 'scheduled__2016-01-01T00:00:00+00:00', '--job-id', '2248', '--raw', '--subdir', 'DAGS_FOLDER/nfl_gcs_to_bq.py', '--cfg-path', '/tmp/tmp3q1qfeuc', '--error-file', '/tmp/tmpkyj1rdo1']
[2022-04-24 14:50:18,086] {standard_task_runner.py:77} INFO - Job 2248: Subtask gcs_2_bq_ext_task
[2022-04-24 14:50:18,217] {logging_mixin.py:109} INFO - Running <TaskInstance: schedule_data_bq_dag.gcs_2_bq_ext_task scheduled__2016-01-01T00:00:00+00:00 [running]> on host 28475d5c3e7a
[2022-04-24 14:50:18,332] {taskinstance.py:1426} INFO - Exporting the following env vars:
AIRFLOW_CTX_DAG_OWNER=***
AIRFLOW_CTX_DAG_ID=schedule_data_bq_dag
AIRFLOW_CTX_TASK_ID=gcs_2_bq_ext_task
AIRFLOW_CTX_EXECUTION_DATE=2016-01-01T00:00:00+00:00
AIRFLOW_CTX_DAG_RUN_ID=scheduled__2016-01-01T00:00:00+00:00
[2022-04-24 14:50:18,334] {crypto.py:82} WARNING - empty cryptography key - values will not be stored encrypted.
[2022-04-24 14:50:18,955] {taskinstance.py:1277} INFO - Marking task as SUCCESS. dag_id=schedule_data_bq_dag, task_id=gcs_2_bq_ext_task, execution_date=20160101T000000, start_date=20220424T145017, end_date=20220424T145018
[2022-04-24 14:50:19,038] {local_task_job.py:154} INFO - Task exited with return code 0
[2022-04-24 14:50:19,106] {local_task_job.py:264} INFO - 0 downstream tasks scheduled from follow-on schedule check
[2022-04-24 14:54:22,159] {taskinstance.py:1032} INFO - Dependencies all met for <TaskInstance: schedule_data_bq_dag.gcs_2_bq_ext_task scheduled__2016-01-01T00:00:00+00:00 [queued]>
[2022-04-24 14:54:22,175] {taskinstance.py:1032} INFO - Dependencies all met for <TaskInstance: schedule_data_bq_dag.gcs_2_bq_ext_task scheduled__2016-01-01T00:00:00+00:00 [queued]>
[2022-04-24 14:54:22,175] {taskinstance.py:1238} INFO - 
--------------------------------------------------------------------------------
[2022-04-24 14:54:22,175] {taskinstance.py:1239} INFO - Starting attempt 1 of 1
[2022-04-24 14:54:22,175] {taskinstance.py:1240} INFO - 
--------------------------------------------------------------------------------
[2022-04-24 14:54:22,199] {taskinstance.py:1259} INFO - Executing <Task(BigQueryCreateExternalTableOperator): gcs_2_bq_ext_task> on 2016-01-01 00:00:00+00:00
[2022-04-24 14:54:22,207] {standard_task_runner.py:52} INFO - Started process 4277 to run task
[2022-04-24 14:54:22,213] {standard_task_runner.py:76} INFO - Running: ['***', 'tasks', 'run', 'schedule_data_bq_dag', 'gcs_2_bq_ext_task', 'scheduled__2016-01-01T00:00:00+00:00', '--job-id', '2281', '--raw', '--subdir', 'DAGS_FOLDER/nfl_gcs_to_bq.py', '--cfg-path', '/tmp/tmpprntm_rg', '--error-file', '/tmp/tmpbixgxxhx']
[2022-04-24 14:54:22,214] {standard_task_runner.py:77} INFO - Job 2281: Subtask gcs_2_bq_ext_task
[2022-04-24 14:54:22,295] {logging_mixin.py:109} INFO - Running <TaskInstance: schedule_data_bq_dag.gcs_2_bq_ext_task scheduled__2016-01-01T00:00:00+00:00 [running]> on host 28475d5c3e7a
[2022-04-24 14:54:22,368] {taskinstance.py:1426} INFO - Exporting the following env vars:
AIRFLOW_CTX_DAG_OWNER=***
AIRFLOW_CTX_DAG_ID=schedule_data_bq_dag
AIRFLOW_CTX_TASK_ID=gcs_2_bq_ext_task
AIRFLOW_CTX_EXECUTION_DATE=2016-01-01T00:00:00+00:00
AIRFLOW_CTX_DAG_RUN_ID=scheduled__2016-01-01T00:00:00+00:00
[2022-04-24 14:54:22,369] {crypto.py:82} WARNING - empty cryptography key - values will not be stored encrypted.
[2022-04-24 14:54:22,961] {taskinstance.py:1277} INFO - Marking task as SUCCESS. dag_id=schedule_data_bq_dag, task_id=gcs_2_bq_ext_task, execution_date=20160101T000000, start_date=20220424T145422, end_date=20220424T145422
[2022-04-24 14:54:22,989] {local_task_job.py:154} INFO - Task exited with return code 0
[2022-04-24 14:54:23,035] {local_task_job.py:264} INFO - 0 downstream tasks scheduled from follow-on schedule check
[2022-04-25 13:20:06,168] {taskinstance.py:1032} INFO - Dependencies all met for <TaskInstance: schedule_data_bq_dag.gcs_2_bq_ext_task scheduled__2016-01-01T00:00:00+00:00 [queued]>
[2022-04-25 13:20:06,184] {taskinstance.py:1032} INFO - Dependencies all met for <TaskInstance: schedule_data_bq_dag.gcs_2_bq_ext_task scheduled__2016-01-01T00:00:00+00:00 [queued]>
[2022-04-25 13:20:06,184] {taskinstance.py:1238} INFO - 
--------------------------------------------------------------------------------
[2022-04-25 13:20:06,184] {taskinstance.py:1239} INFO - Starting attempt 1 of 1
[2022-04-25 13:20:06,184] {taskinstance.py:1240} INFO - 
--------------------------------------------------------------------------------
[2022-04-25 13:20:06,210] {taskinstance.py:1259} INFO - Executing <Task(BigQueryCreateExternalTableOperator): gcs_2_bq_ext_task> on 2016-01-01 00:00:00+00:00
[2022-04-25 13:20:06,216] {standard_task_runner.py:52} INFO - Started process 5997 to run task
[2022-04-25 13:20:06,223] {standard_task_runner.py:76} INFO - Running: ['***', 'tasks', 'run', 'schedule_data_bq_dag', 'gcs_2_bq_ext_task', 'scheduled__2016-01-01T00:00:00+00:00', '--job-id', '2498', '--raw', '--subdir', 'DAGS_FOLDER/nfl_gcs_to_bq.py', '--cfg-path', '/tmp/tmpnwvyxn6r', '--error-file', '/tmp/tmp_u___t2v']
[2022-04-25 13:20:06,224] {standard_task_runner.py:77} INFO - Job 2498: Subtask gcs_2_bq_ext_task
[2022-04-25 13:20:06,314] {logging_mixin.py:109} INFO - Running <TaskInstance: schedule_data_bq_dag.gcs_2_bq_ext_task scheduled__2016-01-01T00:00:00+00:00 [running]> on host de169a1be7ed
[2022-04-25 13:20:06,395] {taskinstance.py:1426} INFO - Exporting the following env vars:
AIRFLOW_CTX_DAG_OWNER=***
AIRFLOW_CTX_DAG_ID=schedule_data_bq_dag
AIRFLOW_CTX_TASK_ID=gcs_2_bq_ext_task
AIRFLOW_CTX_EXECUTION_DATE=2016-01-01T00:00:00+00:00
AIRFLOW_CTX_DAG_RUN_ID=scheduled__2016-01-01T00:00:00+00:00
[2022-04-25 13:20:06,396] {crypto.py:82} WARNING - empty cryptography key - values will not be stored encrypted.
[2022-04-25 13:20:07,010] {taskinstance.py:1277} INFO - Marking task as SUCCESS. dag_id=schedule_data_bq_dag, task_id=gcs_2_bq_ext_task, execution_date=20160101T000000, start_date=20220425T132006, end_date=20220425T132007
[2022-04-25 13:20:07,041] {local_task_job.py:154} INFO - Task exited with return code 0
[2022-04-25 13:20:07,071] {local_task_job.py:264} INFO - 0 downstream tasks scheduled from follow-on schedule check
