[2022-04-24 14:47:05,584] {taskinstance.py:1032} INFO - Dependencies all met for <TaskInstance: pbp_data_bq_dag.gcs_2_bq_ext_task scheduled__2012-01-01T00:00:00+00:00 [queued]>
[2022-04-24 14:47:05,599] {taskinstance.py:1032} INFO - Dependencies all met for <TaskInstance: pbp_data_bq_dag.gcs_2_bq_ext_task scheduled__2012-01-01T00:00:00+00:00 [queued]>
[2022-04-24 14:47:05,599] {taskinstance.py:1238} INFO - 
--------------------------------------------------------------------------------
[2022-04-24 14:47:05,599] {taskinstance.py:1239} INFO - Starting attempt 1 of 1
[2022-04-24 14:47:05,599] {taskinstance.py:1240} INFO - 
--------------------------------------------------------------------------------
[2022-04-24 14:47:05,611] {taskinstance.py:1259} INFO - Executing <Task(BigQueryCreateExternalTableOperator): gcs_2_bq_ext_task> on 2012-01-01 00:00:00+00:00
[2022-04-24 14:47:05,617] {standard_task_runner.py:52} INFO - Started process 3041 to run task
[2022-04-24 14:47:05,623] {standard_task_runner.py:76} INFO - Running: ['***', 'tasks', 'run', 'pbp_data_bq_dag', 'gcs_2_bq_ext_task', 'scheduled__2012-01-01T00:00:00+00:00', '--job-id', '2195', '--raw', '--subdir', 'DAGS_FOLDER/nfl_gcs_to_bq.py', '--cfg-path', '/tmp/tmpg5sl7ae1', '--error-file', '/tmp/tmp8dh3irqb']
[2022-04-24 14:47:05,625] {standard_task_runner.py:77} INFO - Job 2195: Subtask gcs_2_bq_ext_task
[2022-04-24 14:47:05,698] {logging_mixin.py:109} INFO - Running <TaskInstance: pbp_data_bq_dag.gcs_2_bq_ext_task scheduled__2012-01-01T00:00:00+00:00 [running]> on host 28475d5c3e7a
[2022-04-24 14:47:05,770] {taskinstance.py:1426} INFO - Exporting the following env vars:
AIRFLOW_CTX_DAG_OWNER=***
AIRFLOW_CTX_DAG_ID=pbp_data_bq_dag
AIRFLOW_CTX_TASK_ID=gcs_2_bq_ext_task
AIRFLOW_CTX_EXECUTION_DATE=2012-01-01T00:00:00+00:00
AIRFLOW_CTX_DAG_RUN_ID=scheduled__2012-01-01T00:00:00+00:00
[2022-04-24 14:47:05,772] {crypto.py:82} WARNING - empty cryptography key - values will not be stored encrypted.
[2022-04-24 14:47:06,438] {taskinstance.py:1277} INFO - Marking task as SUCCESS. dag_id=pbp_data_bq_dag, task_id=gcs_2_bq_ext_task, execution_date=20120101T000000, start_date=20220424T144705, end_date=20220424T144706
[2022-04-24 14:47:06,487] {local_task_job.py:154} INFO - Task exited with return code 0
[2022-04-24 14:47:06,576] {local_task_job.py:264} INFO - 1 downstream tasks scheduled from follow-on schedule check
[2022-04-25 12:36:25,700] {taskinstance.py:1032} INFO - Dependencies all met for <TaskInstance: pbp_data_bq_dag.gcs_2_bq_ext_task scheduled__2012-01-01T00:00:00+00:00 [queued]>
[2022-04-25 12:36:25,714] {taskinstance.py:1032} INFO - Dependencies all met for <TaskInstance: pbp_data_bq_dag.gcs_2_bq_ext_task scheduled__2012-01-01T00:00:00+00:00 [queued]>
[2022-04-25 12:36:25,714] {taskinstance.py:1238} INFO - 
--------------------------------------------------------------------------------
[2022-04-25 12:36:25,714] {taskinstance.py:1239} INFO - Starting attempt 1 of 1
[2022-04-25 12:36:25,714] {taskinstance.py:1240} INFO - 
--------------------------------------------------------------------------------
[2022-04-25 12:36:25,728] {taskinstance.py:1259} INFO - Executing <Task(BigQueryCreateExternalTableOperator): gcs_2_bq_ext_task> on 2012-01-01 00:00:00+00:00
[2022-04-25 12:36:25,735] {standard_task_runner.py:52} INFO - Started process 735 to run task
[2022-04-25 12:36:25,747] {standard_task_runner.py:76} INFO - Running: ['***', 'tasks', 'run', 'pbp_data_bq_dag', 'gcs_2_bq_ext_task', 'scheduled__2012-01-01T00:00:00+00:00', '--job-id', '2347', '--raw', '--subdir', 'DAGS_FOLDER/nfl_gcs_to_bq.py', '--cfg-path', '/tmp/tmp3xq1t4xx', '--error-file', '/tmp/tmphe00c1tl']
[2022-04-25 12:36:25,748] {standard_task_runner.py:77} INFO - Job 2347: Subtask gcs_2_bq_ext_task
[2022-04-25 12:36:25,820] {logging_mixin.py:109} INFO - Running <TaskInstance: pbp_data_bq_dag.gcs_2_bq_ext_task scheduled__2012-01-01T00:00:00+00:00 [running]> on host de169a1be7ed
[2022-04-25 12:36:25,901] {taskinstance.py:1426} INFO - Exporting the following env vars:
AIRFLOW_CTX_DAG_OWNER=***
AIRFLOW_CTX_DAG_ID=pbp_data_bq_dag
AIRFLOW_CTX_TASK_ID=gcs_2_bq_ext_task
AIRFLOW_CTX_EXECUTION_DATE=2012-01-01T00:00:00+00:00
AIRFLOW_CTX_DAG_RUN_ID=scheduled__2012-01-01T00:00:00+00:00
[2022-04-25 12:36:25,903] {crypto.py:82} WARNING - empty cryptography key - values will not be stored encrypted.
[2022-04-25 12:36:26,526] {taskinstance.py:1277} INFO - Marking task as SUCCESS. dag_id=pbp_data_bq_dag, task_id=gcs_2_bq_ext_task, execution_date=20120101T000000, start_date=20220425T123625, end_date=20220425T123626
[2022-04-25 12:36:26,556] {local_task_job.py:154} INFO - Task exited with return code 0
[2022-04-25 12:36:26,592] {local_task_job.py:264} INFO - 1 downstream tasks scheduled from follow-on schedule check
[2022-04-25 13:19:33,743] {taskinstance.py:1032} INFO - Dependencies all met for <TaskInstance: pbp_data_bq_dag.gcs_2_bq_ext_task scheduled__2012-01-01T00:00:00+00:00 [queued]>
[2022-04-25 13:19:33,797] {taskinstance.py:1032} INFO - Dependencies all met for <TaskInstance: pbp_data_bq_dag.gcs_2_bq_ext_task scheduled__2012-01-01T00:00:00+00:00 [queued]>
[2022-04-25 13:19:33,798] {taskinstance.py:1238} INFO - 
--------------------------------------------------------------------------------
[2022-04-25 13:19:33,798] {taskinstance.py:1239} INFO - Starting attempt 1 of 1
[2022-04-25 13:19:33,798] {taskinstance.py:1240} INFO - 
--------------------------------------------------------------------------------
[2022-04-25 13:19:33,864] {taskinstance.py:1259} INFO - Executing <Task(BigQueryCreateExternalTableOperator): gcs_2_bq_ext_task> on 2012-01-01 00:00:00+00:00
[2022-04-25 13:19:33,893] {standard_task_runner.py:52} INFO - Started process 5840 to run task
[2022-04-25 13:19:33,924] {standard_task_runner.py:76} INFO - Running: ['***', 'tasks', 'run', 'pbp_data_bq_dag', 'gcs_2_bq_ext_task', 'scheduled__2012-01-01T00:00:00+00:00', '--job-id', '2478', '--raw', '--subdir', 'DAGS_FOLDER/nfl_gcs_to_bq.py', '--cfg-path', '/tmp/tmpke2pbf6x', '--error-file', '/tmp/tmpboybgfwb']
[2022-04-25 13:19:33,930] {standard_task_runner.py:77} INFO - Job 2478: Subtask gcs_2_bq_ext_task
[2022-04-25 13:19:34,207] {logging_mixin.py:109} INFO - Running <TaskInstance: pbp_data_bq_dag.gcs_2_bq_ext_task scheduled__2012-01-01T00:00:00+00:00 [running]> on host de169a1be7ed
[2022-04-25 13:19:34,618] {taskinstance.py:1426} INFO - Exporting the following env vars:
AIRFLOW_CTX_DAG_OWNER=***
AIRFLOW_CTX_DAG_ID=pbp_data_bq_dag
AIRFLOW_CTX_TASK_ID=gcs_2_bq_ext_task
AIRFLOW_CTX_EXECUTION_DATE=2012-01-01T00:00:00+00:00
AIRFLOW_CTX_DAG_RUN_ID=scheduled__2012-01-01T00:00:00+00:00
[2022-04-25 13:19:34,620] {crypto.py:82} WARNING - empty cryptography key - values will not be stored encrypted.
[2022-04-25 13:19:35,376] {taskinstance.py:1277} INFO - Marking task as SUCCESS. dag_id=pbp_data_bq_dag, task_id=gcs_2_bq_ext_task, execution_date=20120101T000000, start_date=20220425T131933, end_date=20220425T131935
[2022-04-25 13:19:35,462] {local_task_job.py:154} INFO - Task exited with return code 0
[2022-04-25 13:19:35,570] {local_task_job.py:264} INFO - 0 downstream tasks scheduled from follow-on schedule check
