[2022-04-24 14:47:17,481] {taskinstance.py:1032} INFO - Dependencies all met for <TaskInstance: pbp_data_bq_dag.gcs_2_bq_ext_task scheduled__2014-01-01T00:00:00+00:00 [queued]>
[2022-04-24 14:47:17,503] {taskinstance.py:1032} INFO - Dependencies all met for <TaskInstance: pbp_data_bq_dag.gcs_2_bq_ext_task scheduled__2014-01-01T00:00:00+00:00 [queued]>
[2022-04-24 14:47:17,503] {taskinstance.py:1238} INFO - 
--------------------------------------------------------------------------------
[2022-04-24 14:47:17,504] {taskinstance.py:1239} INFO - Starting attempt 1 of 1
[2022-04-24 14:47:17,504] {taskinstance.py:1240} INFO - 
--------------------------------------------------------------------------------
[2022-04-24 14:47:17,527] {taskinstance.py:1259} INFO - Executing <Task(BigQueryCreateExternalTableOperator): gcs_2_bq_ext_task> on 2014-01-01 00:00:00+00:00
[2022-04-24 14:47:17,538] {standard_task_runner.py:52} INFO - Started process 3085 to run task
[2022-04-24 14:47:17,546] {standard_task_runner.py:76} INFO - Running: ['***', 'tasks', 'run', 'pbp_data_bq_dag', 'gcs_2_bq_ext_task', 'scheduled__2014-01-01T00:00:00+00:00', '--job-id', '2200', '--raw', '--subdir', 'DAGS_FOLDER/nfl_gcs_to_bq.py', '--cfg-path', '/tmp/tmpzrajefvk', '--error-file', '/tmp/tmpxfoq9prz']
[2022-04-24 14:47:17,548] {standard_task_runner.py:77} INFO - Job 2200: Subtask gcs_2_bq_ext_task
[2022-04-24 14:47:17,661] {logging_mixin.py:109} INFO - Running <TaskInstance: pbp_data_bq_dag.gcs_2_bq_ext_task scheduled__2014-01-01T00:00:00+00:00 [running]> on host 28475d5c3e7a
[2022-04-24 14:47:17,744] {taskinstance.py:1426} INFO - Exporting the following env vars:
AIRFLOW_CTX_DAG_OWNER=***
AIRFLOW_CTX_DAG_ID=pbp_data_bq_dag
AIRFLOW_CTX_TASK_ID=gcs_2_bq_ext_task
AIRFLOW_CTX_EXECUTION_DATE=2014-01-01T00:00:00+00:00
AIRFLOW_CTX_DAG_RUN_ID=scheduled__2014-01-01T00:00:00+00:00
[2022-04-24 14:47:17,746] {crypto.py:82} WARNING - empty cryptography key - values will not be stored encrypted.
[2022-04-24 14:47:18,367] {taskinstance.py:1277} INFO - Marking task as SUCCESS. dag_id=pbp_data_bq_dag, task_id=gcs_2_bq_ext_task, execution_date=20140101T000000, start_date=20220424T144717, end_date=20220424T144718
[2022-04-24 14:47:18,414] {local_task_job.py:154} INFO - Task exited with return code 0
[2022-04-24 14:47:18,461] {local_task_job.py:264} INFO - 1 downstream tasks scheduled from follow-on schedule check
[2022-04-25 12:36:36,411] {taskinstance.py:1032} INFO - Dependencies all met for <TaskInstance: pbp_data_bq_dag.gcs_2_bq_ext_task scheduled__2014-01-01T00:00:00+00:00 [queued]>
[2022-04-25 12:36:36,425] {taskinstance.py:1032} INFO - Dependencies all met for <TaskInstance: pbp_data_bq_dag.gcs_2_bq_ext_task scheduled__2014-01-01T00:00:00+00:00 [queued]>
[2022-04-25 12:36:36,426] {taskinstance.py:1238} INFO - 
--------------------------------------------------------------------------------
[2022-04-25 12:36:36,426] {taskinstance.py:1239} INFO - Starting attempt 1 of 1
[2022-04-25 12:36:36,426] {taskinstance.py:1240} INFO - 
--------------------------------------------------------------------------------
[2022-04-25 12:36:36,443] {taskinstance.py:1259} INFO - Executing <Task(BigQueryCreateExternalTableOperator): gcs_2_bq_ext_task> on 2014-01-01 00:00:00+00:00
[2022-04-25 12:36:36,450] {standard_task_runner.py:52} INFO - Started process 798 to run task
[2022-04-25 12:36:36,458] {standard_task_runner.py:76} INFO - Running: ['***', 'tasks', 'run', 'pbp_data_bq_dag', 'gcs_2_bq_ext_task', 'scheduled__2014-01-01T00:00:00+00:00', '--job-id', '2352', '--raw', '--subdir', 'DAGS_FOLDER/nfl_gcs_to_bq.py', '--cfg-path', '/tmp/tmpkhsk2fw8', '--error-file', '/tmp/tmpu44k6o6h']
[2022-04-25 12:36:36,459] {standard_task_runner.py:77} INFO - Job 2352: Subtask gcs_2_bq_ext_task
[2022-04-25 12:36:36,562] {logging_mixin.py:109} INFO - Running <TaskInstance: pbp_data_bq_dag.gcs_2_bq_ext_task scheduled__2014-01-01T00:00:00+00:00 [running]> on host de169a1be7ed
[2022-04-25 12:36:36,653] {taskinstance.py:1426} INFO - Exporting the following env vars:
AIRFLOW_CTX_DAG_OWNER=***
AIRFLOW_CTX_DAG_ID=pbp_data_bq_dag
AIRFLOW_CTX_TASK_ID=gcs_2_bq_ext_task
AIRFLOW_CTX_EXECUTION_DATE=2014-01-01T00:00:00+00:00
AIRFLOW_CTX_DAG_RUN_ID=scheduled__2014-01-01T00:00:00+00:00
[2022-04-25 12:36:36,655] {crypto.py:82} WARNING - empty cryptography key - values will not be stored encrypted.
[2022-04-25 12:36:37,246] {taskinstance.py:1277} INFO - Marking task as SUCCESS. dag_id=pbp_data_bq_dag, task_id=gcs_2_bq_ext_task, execution_date=20140101T000000, start_date=20220425T123636, end_date=20220425T123637
[2022-04-25 12:36:37,275] {local_task_job.py:154} INFO - Task exited with return code 0
[2022-04-25 12:36:37,307] {local_task_job.py:264} INFO - 1 downstream tasks scheduled from follow-on schedule check
[2022-04-25 13:19:43,016] {taskinstance.py:1032} INFO - Dependencies all met for <TaskInstance: pbp_data_bq_dag.gcs_2_bq_ext_task scheduled__2014-01-01T00:00:00+00:00 [queued]>
[2022-04-25 13:19:43,061] {taskinstance.py:1032} INFO - Dependencies all met for <TaskInstance: pbp_data_bq_dag.gcs_2_bq_ext_task scheduled__2014-01-01T00:00:00+00:00 [queued]>
[2022-04-25 13:19:43,061] {taskinstance.py:1238} INFO - 
--------------------------------------------------------------------------------
[2022-04-25 13:19:43,061] {taskinstance.py:1239} INFO - Starting attempt 1 of 1
[2022-04-25 13:19:43,061] {taskinstance.py:1240} INFO - 
--------------------------------------------------------------------------------
[2022-04-25 13:19:43,109] {taskinstance.py:1259} INFO - Executing <Task(BigQueryCreateExternalTableOperator): gcs_2_bq_ext_task> on 2014-01-01 00:00:00+00:00
[2022-04-25 13:19:43,117] {standard_task_runner.py:52} INFO - Started process 5915 to run task
[2022-04-25 13:19:43,139] {standard_task_runner.py:76} INFO - Running: ['***', 'tasks', 'run', 'pbp_data_bq_dag', 'gcs_2_bq_ext_task', 'scheduled__2014-01-01T00:00:00+00:00', '--job-id', '2485', '--raw', '--subdir', 'DAGS_FOLDER/nfl_gcs_to_bq.py', '--cfg-path', '/tmp/tmpmu4vwsjl', '--error-file', '/tmp/tmp3hv4nilk']
[2022-04-25 13:19:43,141] {standard_task_runner.py:77} INFO - Job 2485: Subtask gcs_2_bq_ext_task
[2022-04-25 13:19:43,287] {logging_mixin.py:109} INFO - Running <TaskInstance: pbp_data_bq_dag.gcs_2_bq_ext_task scheduled__2014-01-01T00:00:00+00:00 [running]> on host de169a1be7ed
[2022-04-25 13:19:43,534] {taskinstance.py:1426} INFO - Exporting the following env vars:
AIRFLOW_CTX_DAG_OWNER=***
AIRFLOW_CTX_DAG_ID=pbp_data_bq_dag
AIRFLOW_CTX_TASK_ID=gcs_2_bq_ext_task
AIRFLOW_CTX_EXECUTION_DATE=2014-01-01T00:00:00+00:00
AIRFLOW_CTX_DAG_RUN_ID=scheduled__2014-01-01T00:00:00+00:00
[2022-04-25 13:19:43,536] {crypto.py:82} WARNING - empty cryptography key - values will not be stored encrypted.
[2022-04-25 13:19:44,225] {taskinstance.py:1277} INFO - Marking task as SUCCESS. dag_id=pbp_data_bq_dag, task_id=gcs_2_bq_ext_task, execution_date=20140101T000000, start_date=20220425T131943, end_date=20220425T131944
[2022-04-25 13:19:44,348] {local_task_job.py:154} INFO - Task exited with return code 0
[2022-04-25 13:19:44,447] {local_task_job.py:264} INFO - 0 downstream tasks scheduled from follow-on schedule check
