[2022-04-11 20:00:43,405] {taskinstance.py:1032} INFO - Dependencies all met for <TaskInstance: roster_data.rm_task scheduled__2006-01-01T00:00:00+00:00 [queued]>
[2022-04-11 20:00:43,433] {taskinstance.py:1032} INFO - Dependencies all met for <TaskInstance: roster_data.rm_task scheduled__2006-01-01T00:00:00+00:00 [queued]>
[2022-04-11 20:00:43,434] {taskinstance.py:1238} INFO - 
--------------------------------------------------------------------------------
[2022-04-11 20:00:43,434] {taskinstance.py:1239} INFO - Starting attempt 1 of 1
[2022-04-11 20:00:43,434] {taskinstance.py:1240} INFO - 
--------------------------------------------------------------------------------
[2022-04-11 20:00:43,455] {taskinstance.py:1259} INFO - Executing <Task(BashOperator): rm_task> on 2006-01-01 00:00:00+00:00
[2022-04-11 20:00:43,466] {standard_task_runner.py:52} INFO - Started process 357137 to run task
[2022-04-11 20:00:43,476] {standard_task_runner.py:76} INFO - Running: ['***', 'tasks', 'run', 'roster_data', 'rm_task', 'scheduled__2006-01-01T00:00:00+00:00', '--job-id', '1792', '--raw', '--subdir', 'DAGS_FOLDER/nfl_to_gcs.py', '--cfg-path', '/tmp/tmp6mvo5ol_', '--error-file', '/tmp/tmp9jzf7vi9']
[2022-04-11 20:00:43,479] {standard_task_runner.py:77} INFO - Job 1792: Subtask rm_task
[2022-04-11 20:00:43,643] {logging_mixin.py:109} INFO - Running <TaskInstance: roster_data.rm_task scheduled__2006-01-01T00:00:00+00:00 [running]> on host 4ed3eda454fd
[2022-04-11 20:00:43,807] {taskinstance.py:1426} INFO - Exporting the following env vars:
AIRFLOW_CTX_DAG_OWNER=***
AIRFLOW_CTX_DAG_ID=roster_data
AIRFLOW_CTX_TASK_ID=rm_task
AIRFLOW_CTX_EXECUTION_DATE=2006-01-01T00:00:00+00:00
AIRFLOW_CTX_DAG_RUN_ID=scheduled__2006-01-01T00:00:00+00:00
[2022-04-11 20:00:43,809] {subprocess.py:62} INFO - Tmp dir root location: 
 /tmp
[2022-04-11 20:00:43,810] {subprocess.py:74} INFO - Running command: ['bash', '-c', 'rm "/opt/***/roster_data_2006.parquet"']
[2022-04-11 20:00:43,838] {subprocess.py:85} INFO - Output:
[2022-04-11 20:00:43,845] {subprocess.py:93} INFO - Command exited with return code 0
[2022-04-11 20:00:43,898] {taskinstance.py:1277} INFO - Marking task as SUCCESS. dag_id=roster_data, task_id=rm_task, execution_date=20060101T000000, start_date=20220411T200043, end_date=20220411T200043
[2022-04-11 20:00:43,975] {local_task_job.py:154} INFO - Task exited with return code 0
[2022-04-11 20:00:44,034] {local_task_job.py:264} INFO - 0 downstream tasks scheduled from follow-on schedule check
[2022-04-23 16:31:28,048] {taskinstance.py:1032} INFO - Dependencies all met for <TaskInstance: roster_data.rm_task scheduled__2006-01-01T00:00:00+00:00 [queued]>
[2022-04-23 16:31:28,082] {taskinstance.py:1032} INFO - Dependencies all met for <TaskInstance: roster_data.rm_task scheduled__2006-01-01T00:00:00+00:00 [queued]>
[2022-04-23 16:31:28,082] {taskinstance.py:1238} INFO - 
--------------------------------------------------------------------------------
[2022-04-23 16:31:28,083] {taskinstance.py:1239} INFO - Starting attempt 1 of 1
[2022-04-23 16:31:28,083] {taskinstance.py:1240} INFO - 
--------------------------------------------------------------------------------
[2022-04-23 16:31:28,117] {taskinstance.py:1259} INFO - Executing <Task(BashOperator): rm_task> on 2006-01-01 00:00:00+00:00
[2022-04-23 16:31:28,126] {standard_task_runner.py:52} INFO - Started process 2618 to run task
[2022-04-23 16:31:28,146] {standard_task_runner.py:76} INFO - Running: ['***', 'tasks', 'run', 'roster_data', 'rm_task', 'scheduled__2006-01-01T00:00:00+00:00', '--job-id', '2079', '--raw', '--subdir', 'DAGS_FOLDER/nfl_to_gcs.py', '--cfg-path', '/tmp/tmpszttgt6v', '--error-file', '/tmp/tmpprwipz45']
[2022-04-23 16:31:28,154] {standard_task_runner.py:77} INFO - Job 2079: Subtask rm_task
[2022-04-23 16:31:28,312] {logging_mixin.py:109} INFO - Running <TaskInstance: roster_data.rm_task scheduled__2006-01-01T00:00:00+00:00 [running]> on host 04f3a8edbeca
[2022-04-23 16:31:28,525] {taskinstance.py:1426} INFO - Exporting the following env vars:
AIRFLOW_CTX_DAG_OWNER=***
AIRFLOW_CTX_DAG_ID=roster_data
AIRFLOW_CTX_TASK_ID=rm_task
AIRFLOW_CTX_EXECUTION_DATE=2006-01-01T00:00:00+00:00
AIRFLOW_CTX_DAG_RUN_ID=scheduled__2006-01-01T00:00:00+00:00
[2022-04-23 16:31:28,527] {subprocess.py:62} INFO - Tmp dir root location: 
 /tmp
[2022-04-23 16:31:28,527] {subprocess.py:74} INFO - Running command: ['bash', '-c', 'rm "/opt/***/roster_data_2006.parquet"']
[2022-04-23 16:31:28,558] {subprocess.py:85} INFO - Output:
[2022-04-23 16:31:28,570] {subprocess.py:93} INFO - Command exited with return code 0
[2022-04-23 16:31:28,622] {taskinstance.py:1277} INFO - Marking task as SUCCESS. dag_id=roster_data, task_id=rm_task, execution_date=20060101T000000, start_date=20220423T163128, end_date=20220423T163128
[2022-04-23 16:31:28,693] {local_task_job.py:154} INFO - Task exited with return code 0
[2022-04-23 16:31:28,766] {local_task_job.py:264} INFO - 0 downstream tasks scheduled from follow-on schedule check
