[2022-04-24 14:47:30,021] {taskinstance.py:1032} INFO - Dependencies all met for <TaskInstance: pbp_data_bq_dag.gcs_2_bq_ext_task scheduled__2018-01-01T00:00:00+00:00 [queued]>
[2022-04-24 14:47:30,032] {taskinstance.py:1032} INFO - Dependencies all met for <TaskInstance: pbp_data_bq_dag.gcs_2_bq_ext_task scheduled__2018-01-01T00:00:00+00:00 [queued]>
[2022-04-24 14:47:30,032] {taskinstance.py:1238} INFO - 
--------------------------------------------------------------------------------
[2022-04-24 14:47:30,032] {taskinstance.py:1239} INFO - Starting attempt 1 of 1
[2022-04-24 14:47:30,032] {taskinstance.py:1240} INFO - 
--------------------------------------------------------------------------------
[2022-04-24 14:47:30,043] {taskinstance.py:1259} INFO - Executing <Task(BigQueryCreateExternalTableOperator): gcs_2_bq_ext_task> on 2018-01-01 00:00:00+00:00
[2022-04-24 14:47:30,049] {standard_task_runner.py:52} INFO - Started process 3158 to run task
[2022-04-24 14:47:30,056] {standard_task_runner.py:76} INFO - Running: ['***', 'tasks', 'run', 'pbp_data_bq_dag', 'gcs_2_bq_ext_task', 'scheduled__2018-01-01T00:00:00+00:00', '--job-id', '2206', '--raw', '--subdir', 'DAGS_FOLDER/nfl_gcs_to_bq.py', '--cfg-path', '/tmp/tmp8q0_znpq', '--error-file', '/tmp/tmpeynp5xob']
[2022-04-24 14:47:30,057] {standard_task_runner.py:77} INFO - Job 2206: Subtask gcs_2_bq_ext_task
[2022-04-24 14:47:30,120] {logging_mixin.py:109} INFO - Running <TaskInstance: pbp_data_bq_dag.gcs_2_bq_ext_task scheduled__2018-01-01T00:00:00+00:00 [running]> on host 28475d5c3e7a
[2022-04-24 14:47:30,188] {taskinstance.py:1426} INFO - Exporting the following env vars:
AIRFLOW_CTX_DAG_OWNER=***
AIRFLOW_CTX_DAG_ID=pbp_data_bq_dag
AIRFLOW_CTX_TASK_ID=gcs_2_bq_ext_task
AIRFLOW_CTX_EXECUTION_DATE=2018-01-01T00:00:00+00:00
AIRFLOW_CTX_DAG_RUN_ID=scheduled__2018-01-01T00:00:00+00:00
[2022-04-24 14:47:30,190] {crypto.py:82} WARNING - empty cryptography key - values will not be stored encrypted.
[2022-04-24 14:47:30,811] {taskinstance.py:1277} INFO - Marking task as SUCCESS. dag_id=pbp_data_bq_dag, task_id=gcs_2_bq_ext_task, execution_date=20180101T000000, start_date=20220424T144730, end_date=20220424T144730
[2022-04-24 14:47:30,871] {local_task_job.py:154} INFO - Task exited with return code 0
[2022-04-24 14:47:31,040] {local_task_job.py:264} INFO - 0 downstream tasks scheduled from follow-on schedule check
[2022-04-25 12:36:50,974] {taskinstance.py:1032} INFO - Dependencies all met for <TaskInstance: pbp_data_bq_dag.gcs_2_bq_ext_task scheduled__2018-01-01T00:00:00+00:00 [queued]>
[2022-04-25 12:36:50,990] {taskinstance.py:1032} INFO - Dependencies all met for <TaskInstance: pbp_data_bq_dag.gcs_2_bq_ext_task scheduled__2018-01-01T00:00:00+00:00 [queued]>
[2022-04-25 12:36:50,991] {taskinstance.py:1238} INFO - 
--------------------------------------------------------------------------------
[2022-04-25 12:36:50,991] {taskinstance.py:1239} INFO - Starting attempt 1 of 1
[2022-04-25 12:36:50,991] {taskinstance.py:1240} INFO - 
--------------------------------------------------------------------------------
[2022-04-25 12:36:51,018] {taskinstance.py:1259} INFO - Executing <Task(BigQueryCreateExternalTableOperator): gcs_2_bq_ext_task> on 2018-01-01 00:00:00+00:00
[2022-04-25 12:36:51,032] {standard_task_runner.py:52} INFO - Started process 854 to run task
[2022-04-25 12:36:51,045] {standard_task_runner.py:76} INFO - Running: ['***', 'tasks', 'run', 'pbp_data_bq_dag', 'gcs_2_bq_ext_task', 'scheduled__2018-01-01T00:00:00+00:00', '--job-id', '2359', '--raw', '--subdir', 'DAGS_FOLDER/nfl_gcs_to_bq.py', '--cfg-path', '/tmp/tmp8z2dxwmm', '--error-file', '/tmp/tmpdsd770m0']
[2022-04-25 12:36:51,046] {standard_task_runner.py:77} INFO - Job 2359: Subtask gcs_2_bq_ext_task
[2022-04-25 12:36:51,143] {logging_mixin.py:109} INFO - Running <TaskInstance: pbp_data_bq_dag.gcs_2_bq_ext_task scheduled__2018-01-01T00:00:00+00:00 [running]> on host de169a1be7ed
[2022-04-25 12:36:51,222] {taskinstance.py:1426} INFO - Exporting the following env vars:
AIRFLOW_CTX_DAG_OWNER=***
AIRFLOW_CTX_DAG_ID=pbp_data_bq_dag
AIRFLOW_CTX_TASK_ID=gcs_2_bq_ext_task
AIRFLOW_CTX_EXECUTION_DATE=2018-01-01T00:00:00+00:00
AIRFLOW_CTX_DAG_RUN_ID=scheduled__2018-01-01T00:00:00+00:00
[2022-04-25 12:36:51,224] {crypto.py:82} WARNING - empty cryptography key - values will not be stored encrypted.
[2022-04-25 12:36:51,831] {taskinstance.py:1277} INFO - Marking task as SUCCESS. dag_id=pbp_data_bq_dag, task_id=gcs_2_bq_ext_task, execution_date=20180101T000000, start_date=20220425T123650, end_date=20220425T123651
[2022-04-25 12:36:51,860] {local_task_job.py:154} INFO - Task exited with return code 0
[2022-04-25 12:36:51,901] {local_task_job.py:264} INFO - 1 downstream tasks scheduled from follow-on schedule check
[2022-04-25 13:20:05,794] {taskinstance.py:1032} INFO - Dependencies all met for <TaskInstance: pbp_data_bq_dag.gcs_2_bq_ext_task scheduled__2018-01-01T00:00:00+00:00 [queued]>
[2022-04-25 13:20:05,809] {taskinstance.py:1032} INFO - Dependencies all met for <TaskInstance: pbp_data_bq_dag.gcs_2_bq_ext_task scheduled__2018-01-01T00:00:00+00:00 [queued]>
[2022-04-25 13:20:05,809] {taskinstance.py:1238} INFO - 
--------------------------------------------------------------------------------
[2022-04-25 13:20:05,809] {taskinstance.py:1239} INFO - Starting attempt 1 of 1
[2022-04-25 13:20:05,809] {taskinstance.py:1240} INFO - 
--------------------------------------------------------------------------------
[2022-04-25 13:20:05,851] {taskinstance.py:1259} INFO - Executing <Task(BigQueryCreateExternalTableOperator): gcs_2_bq_ext_task> on 2018-01-01 00:00:00+00:00
[2022-04-25 13:20:05,864] {standard_task_runner.py:52} INFO - Started process 5995 to run task
[2022-04-25 13:20:05,879] {standard_task_runner.py:76} INFO - Running: ['***', 'tasks', 'run', 'pbp_data_bq_dag', 'gcs_2_bq_ext_task', 'scheduled__2018-01-01T00:00:00+00:00', '--job-id', '2496', '--raw', '--subdir', 'DAGS_FOLDER/nfl_gcs_to_bq.py', '--cfg-path', '/tmp/tmp6yzbm2wz', '--error-file', '/tmp/tmp64y2ow3f']
[2022-04-25 13:20:05,881] {standard_task_runner.py:77} INFO - Job 2496: Subtask gcs_2_bq_ext_task
[2022-04-25 13:20:06,031] {logging_mixin.py:109} INFO - Running <TaskInstance: pbp_data_bq_dag.gcs_2_bq_ext_task scheduled__2018-01-01T00:00:00+00:00 [running]> on host de169a1be7ed
[2022-04-25 13:20:06,159] {taskinstance.py:1426} INFO - Exporting the following env vars:
AIRFLOW_CTX_DAG_OWNER=***
AIRFLOW_CTX_DAG_ID=pbp_data_bq_dag
AIRFLOW_CTX_TASK_ID=gcs_2_bq_ext_task
AIRFLOW_CTX_EXECUTION_DATE=2018-01-01T00:00:00+00:00
AIRFLOW_CTX_DAG_RUN_ID=scheduled__2018-01-01T00:00:00+00:00
[2022-04-25 13:20:06,161] {crypto.py:82} WARNING - empty cryptography key - values will not be stored encrypted.
[2022-04-25 13:20:06,813] {taskinstance.py:1277} INFO - Marking task as SUCCESS. dag_id=pbp_data_bq_dag, task_id=gcs_2_bq_ext_task, execution_date=20180101T000000, start_date=20220425T132005, end_date=20220425T132006
[2022-04-25 13:20:06,874] {local_task_job.py:154} INFO - Task exited with return code 0
[2022-04-25 13:20:06,904] {local_task_job.py:264} INFO - 0 downstream tasks scheduled from follow-on schedule check
