[2022-04-11 20:01:28,182] {taskinstance.py:1032} INFO - Dependencies all met for <TaskInstance: injury_data.rm_task scheduled__2021-01-01T00:00:00+00:00 [queued]>
[2022-04-11 20:01:28,201] {taskinstance.py:1032} INFO - Dependencies all met for <TaskInstance: injury_data.rm_task scheduled__2021-01-01T00:00:00+00:00 [queued]>
[2022-04-11 20:01:28,201] {taskinstance.py:1238} INFO - 
--------------------------------------------------------------------------------
[2022-04-11 20:01:28,201] {taskinstance.py:1239} INFO - Starting attempt 1 of 1
[2022-04-11 20:01:28,201] {taskinstance.py:1240} INFO - 
--------------------------------------------------------------------------------
[2022-04-11 20:01:28,224] {taskinstance.py:1259} INFO - Executing <Task(BashOperator): rm_task> on 2021-01-01 00:00:00+00:00
[2022-04-11 20:01:28,233] {standard_task_runner.py:52} INFO - Started process 357448 to run task
[2022-04-11 20:01:28,249] {standard_task_runner.py:76} INFO - Running: ['***', 'tasks', 'run', 'injury_data', 'rm_task', 'scheduled__2021-01-01T00:00:00+00:00', '--job-id', '1827', '--raw', '--subdir', 'DAGS_FOLDER/nfl_to_gcs.py', '--cfg-path', '/tmp/tmpmmrjzqio', '--error-file', '/tmp/tmp__43tx8t']
[2022-04-11 20:01:28,251] {standard_task_runner.py:77} INFO - Job 1827: Subtask rm_task
[2022-04-11 20:01:28,398] {logging_mixin.py:109} INFO - Running <TaskInstance: injury_data.rm_task scheduled__2021-01-01T00:00:00+00:00 [running]> on host 4ed3eda454fd
[2022-04-11 20:01:28,632] {taskinstance.py:1426} INFO - Exporting the following env vars:
AIRFLOW_CTX_DAG_OWNER=***
AIRFLOW_CTX_DAG_ID=injury_data
AIRFLOW_CTX_TASK_ID=rm_task
AIRFLOW_CTX_EXECUTION_DATE=2021-01-01T00:00:00+00:00
AIRFLOW_CTX_DAG_RUN_ID=scheduled__2021-01-01T00:00:00+00:00
[2022-04-11 20:01:28,634] {subprocess.py:62} INFO - Tmp dir root location: 
 /tmp
[2022-04-11 20:01:28,635] {subprocess.py:74} INFO - Running command: ['bash', '-c', 'rm "/opt/***/injury_data_2021.parquet"']
[2022-04-11 20:01:28,660] {subprocess.py:85} INFO - Output:
[2022-04-11 20:01:28,676] {subprocess.py:93} INFO - Command exited with return code 0
[2022-04-11 20:01:28,716] {taskinstance.py:1277} INFO - Marking task as SUCCESS. dag_id=injury_data, task_id=rm_task, execution_date=20210101T000000, start_date=20220411T200128, end_date=20220411T200128
[2022-04-11 20:01:28,768] {local_task_job.py:154} INFO - Task exited with return code 0
[2022-04-11 20:01:28,838] {local_task_job.py:264} INFO - 0 downstream tasks scheduled from follow-on schedule check
[2022-04-11 20:05:18,968] {taskinstance.py:1032} INFO - Dependencies all met for <TaskInstance: injury_data.rm_task scheduled__2021-01-01T00:00:00+00:00 [queued]>
[2022-04-11 20:05:18,980] {taskinstance.py:1032} INFO - Dependencies all met for <TaskInstance: injury_data.rm_task scheduled__2021-01-01T00:00:00+00:00 [queued]>
[2022-04-11 20:05:18,980] {taskinstance.py:1238} INFO - 
--------------------------------------------------------------------------------
[2022-04-11 20:05:18,980] {taskinstance.py:1239} INFO - Starting attempt 1 of 1
[2022-04-11 20:05:18,980] {taskinstance.py:1240} INFO - 
--------------------------------------------------------------------------------
[2022-04-11 20:05:18,996] {taskinstance.py:1259} INFO - Executing <Task(BashOperator): rm_task> on 2021-01-01 00:00:00+00:00
[2022-04-11 20:05:19,006] {standard_task_runner.py:52} INFO - Started process 358551 to run task
[2022-04-11 20:05:19,012] {standard_task_runner.py:76} INFO - Running: ['***', 'tasks', 'run', 'injury_data', 'rm_task', 'scheduled__2021-01-01T00:00:00+00:00', '--job-id', '1936', '--raw', '--subdir', 'DAGS_FOLDER/nfl_to_gcs.py', '--cfg-path', '/tmp/tmpb5dzv6k7', '--error-file', '/tmp/tmp76sfmko0']
[2022-04-11 20:05:19,014] {standard_task_runner.py:77} INFO - Job 1936: Subtask rm_task
[2022-04-11 20:05:19,099] {logging_mixin.py:109} INFO - Running <TaskInstance: injury_data.rm_task scheduled__2021-01-01T00:00:00+00:00 [running]> on host 4ed3eda454fd
[2022-04-11 20:05:19,195] {taskinstance.py:1426} INFO - Exporting the following env vars:
AIRFLOW_CTX_DAG_OWNER=***
AIRFLOW_CTX_DAG_ID=injury_data
AIRFLOW_CTX_TASK_ID=rm_task
AIRFLOW_CTX_EXECUTION_DATE=2021-01-01T00:00:00+00:00
AIRFLOW_CTX_DAG_RUN_ID=scheduled__2021-01-01T00:00:00+00:00
[2022-04-11 20:05:19,196] {subprocess.py:62} INFO - Tmp dir root location: 
 /tmp
[2022-04-11 20:05:19,197] {subprocess.py:74} INFO - Running command: ['bash', '-c', 'rm "/opt/***/injury_data_2021.parquet"']
[2022-04-11 20:05:19,217] {subprocess.py:85} INFO - Output:
[2022-04-11 20:05:19,221] {subprocess.py:93} INFO - Command exited with return code 0
[2022-04-11 20:05:19,276] {taskinstance.py:1277} INFO - Marking task as SUCCESS. dag_id=injury_data, task_id=rm_task, execution_date=20210101T000000, start_date=20220411T200518, end_date=20220411T200519
[2022-04-11 20:05:19,311] {local_task_job.py:154} INFO - Task exited with return code 0
[2022-04-11 20:05:19,363] {local_task_job.py:264} INFO - 0 downstream tasks scheduled from follow-on schedule check
[2022-04-23 16:32:22,567] {taskinstance.py:1032} INFO - Dependencies all met for <TaskInstance: injury_data.rm_task scheduled__2021-01-01T00:00:00+00:00 [queued]>
[2022-04-23 16:32:22,583] {taskinstance.py:1032} INFO - Dependencies all met for <TaskInstance: injury_data.rm_task scheduled__2021-01-01T00:00:00+00:00 [queued]>
[2022-04-23 16:32:22,584] {taskinstance.py:1238} INFO - 
--------------------------------------------------------------------------------
[2022-04-23 16:32:22,584] {taskinstance.py:1239} INFO - Starting attempt 1 of 1
[2022-04-23 16:32:22,584] {taskinstance.py:1240} INFO - 
--------------------------------------------------------------------------------
[2022-04-23 16:32:22,599] {taskinstance.py:1259} INFO - Executing <Task(BashOperator): rm_task> on 2021-01-01 00:00:00+00:00
[2022-04-23 16:32:22,610] {standard_task_runner.py:52} INFO - Started process 3049 to run task
[2022-04-23 16:32:22,619] {standard_task_runner.py:76} INFO - Running: ['***', 'tasks', 'run', 'injury_data', 'rm_task', 'scheduled__2021-01-01T00:00:00+00:00', '--job-id', '2127', '--raw', '--subdir', 'DAGS_FOLDER/nfl_to_gcs.py', '--cfg-path', '/tmp/tmp3jlg7b52', '--error-file', '/tmp/tmplo1nupnl']
[2022-04-23 16:32:22,620] {standard_task_runner.py:77} INFO - Job 2127: Subtask rm_task
[2022-04-23 16:32:22,717] {logging_mixin.py:109} INFO - Running <TaskInstance: injury_data.rm_task scheduled__2021-01-01T00:00:00+00:00 [running]> on host 04f3a8edbeca
[2022-04-23 16:32:22,833] {taskinstance.py:1426} INFO - Exporting the following env vars:
AIRFLOW_CTX_DAG_OWNER=***
AIRFLOW_CTX_DAG_ID=injury_data
AIRFLOW_CTX_TASK_ID=rm_task
AIRFLOW_CTX_EXECUTION_DATE=2021-01-01T00:00:00+00:00
AIRFLOW_CTX_DAG_RUN_ID=scheduled__2021-01-01T00:00:00+00:00
[2022-04-23 16:32:22,834] {subprocess.py:62} INFO - Tmp dir root location: 
 /tmp
[2022-04-23 16:32:22,835] {subprocess.py:74} INFO - Running command: ['bash', '-c', 'rm "/opt/***/injury_data_2021.parquet"']
[2022-04-23 16:32:22,853] {subprocess.py:85} INFO - Output:
[2022-04-23 16:32:22,859] {subprocess.py:93} INFO - Command exited with return code 0
[2022-04-23 16:32:22,899] {taskinstance.py:1277} INFO - Marking task as SUCCESS. dag_id=injury_data, task_id=rm_task, execution_date=20210101T000000, start_date=20220423T163222, end_date=20220423T163222
[2022-04-23 16:32:22,961] {local_task_job.py:154} INFO - Task exited with return code 0
[2022-04-23 16:32:22,996] {local_task_job.py:264} INFO - 0 downstream tasks scheduled from follow-on schedule check
