[2022-04-24 14:46:15,453] {taskinstance.py:1032} INFO - Dependencies all met for <TaskInstance: pbp_data_bq_dag.gcs_2_bq_ext_task scheduled__2007-01-01T00:00:00+00:00 [queued]>
[2022-04-24 14:46:15,467] {taskinstance.py:1032} INFO - Dependencies all met for <TaskInstance: pbp_data_bq_dag.gcs_2_bq_ext_task scheduled__2007-01-01T00:00:00+00:00 [queued]>
[2022-04-24 14:46:15,468] {taskinstance.py:1238} INFO - 
--------------------------------------------------------------------------------
[2022-04-24 14:46:15,468] {taskinstance.py:1239} INFO - Starting attempt 1 of 1
[2022-04-24 14:46:15,468] {taskinstance.py:1240} INFO - 
--------------------------------------------------------------------------------
[2022-04-24 14:46:15,481] {taskinstance.py:1259} INFO - Executing <Task(BigQueryCreateExternalTableOperator): gcs_2_bq_ext_task> on 2007-01-01 00:00:00+00:00
[2022-04-24 14:46:15,488] {standard_task_runner.py:52} INFO - Started process 2854 to run task
[2022-04-24 14:46:15,494] {standard_task_runner.py:76} INFO - Running: ['***', 'tasks', 'run', 'pbp_data_bq_dag', 'gcs_2_bq_ext_task', 'scheduled__2007-01-01T00:00:00+00:00', '--job-id', '2180', '--raw', '--subdir', 'DAGS_FOLDER/nfl_gcs_to_bq.py', '--cfg-path', '/tmp/tmp7whbraso', '--error-file', '/tmp/tmp6nlhh5x4']
[2022-04-24 14:46:15,495] {standard_task_runner.py:77} INFO - Job 2180: Subtask gcs_2_bq_ext_task
[2022-04-24 14:46:15,563] {logging_mixin.py:109} INFO - Running <TaskInstance: pbp_data_bq_dag.gcs_2_bq_ext_task scheduled__2007-01-01T00:00:00+00:00 [running]> on host 28475d5c3e7a
[2022-04-24 14:46:15,631] {taskinstance.py:1426} INFO - Exporting the following env vars:
AIRFLOW_CTX_DAG_OWNER=***
AIRFLOW_CTX_DAG_ID=pbp_data_bq_dag
AIRFLOW_CTX_TASK_ID=gcs_2_bq_ext_task
AIRFLOW_CTX_EXECUTION_DATE=2007-01-01T00:00:00+00:00
AIRFLOW_CTX_DAG_RUN_ID=scheduled__2007-01-01T00:00:00+00:00
[2022-04-24 14:46:15,632] {crypto.py:82} WARNING - empty cryptography key - values will not be stored encrypted.
[2022-04-24 14:46:16,305] {taskinstance.py:1277} INFO - Marking task as SUCCESS. dag_id=pbp_data_bq_dag, task_id=gcs_2_bq_ext_task, execution_date=20070101T000000, start_date=20220424T144615, end_date=20220424T144616
[2022-04-24 14:46:16,352] {local_task_job.py:154} INFO - Task exited with return code 0
[2022-04-24 14:46:16,404] {local_task_job.py:264} INFO - 1 downstream tasks scheduled from follow-on schedule check
[2022-04-25 12:35:57,679] {taskinstance.py:1032} INFO - Dependencies all met for <TaskInstance: pbp_data_bq_dag.gcs_2_bq_ext_task scheduled__2007-01-01T00:00:00+00:00 [queued]>
[2022-04-25 12:35:57,688] {taskinstance.py:1032} INFO - Dependencies all met for <TaskInstance: pbp_data_bq_dag.gcs_2_bq_ext_task scheduled__2007-01-01T00:00:00+00:00 [queued]>
[2022-04-25 12:35:57,688] {taskinstance.py:1238} INFO - 
--------------------------------------------------------------------------------
[2022-04-25 12:35:57,688] {taskinstance.py:1239} INFO - Starting attempt 1 of 1
[2022-04-25 12:35:57,689] {taskinstance.py:1240} INFO - 
--------------------------------------------------------------------------------
[2022-04-25 12:35:57,698] {taskinstance.py:1259} INFO - Executing <Task(BigQueryCreateExternalTableOperator): gcs_2_bq_ext_task> on 2007-01-01 00:00:00+00:00
[2022-04-25 12:35:57,705] {standard_task_runner.py:52} INFO - Started process 617 to run task
[2022-04-25 12:35:57,710] {standard_task_runner.py:76} INFO - Running: ['***', 'tasks', 'run', 'pbp_data_bq_dag', 'gcs_2_bq_ext_task', 'scheduled__2007-01-01T00:00:00+00:00', '--job-id', '2336', '--raw', '--subdir', 'DAGS_FOLDER/nfl_gcs_to_bq.py', '--cfg-path', '/tmp/tmpm9g71ppp', '--error-file', '/tmp/tmpblrm7edu']
[2022-04-25 12:35:57,711] {standard_task_runner.py:77} INFO - Job 2336: Subtask gcs_2_bq_ext_task
[2022-04-25 12:35:57,772] {logging_mixin.py:109} INFO - Running <TaskInstance: pbp_data_bq_dag.gcs_2_bq_ext_task scheduled__2007-01-01T00:00:00+00:00 [running]> on host de169a1be7ed
[2022-04-25 12:35:57,833] {taskinstance.py:1426} INFO - Exporting the following env vars:
AIRFLOW_CTX_DAG_OWNER=***
AIRFLOW_CTX_DAG_ID=pbp_data_bq_dag
AIRFLOW_CTX_TASK_ID=gcs_2_bq_ext_task
AIRFLOW_CTX_EXECUTION_DATE=2007-01-01T00:00:00+00:00
AIRFLOW_CTX_DAG_RUN_ID=scheduled__2007-01-01T00:00:00+00:00
[2022-04-25 12:35:57,835] {crypto.py:82} WARNING - empty cryptography key - values will not be stored encrypted.
[2022-04-25 12:35:58,728] {taskinstance.py:1277} INFO - Marking task as SUCCESS. dag_id=pbp_data_bq_dag, task_id=gcs_2_bq_ext_task, execution_date=20070101T000000, start_date=20220425T123557, end_date=20220425T123558
[2022-04-25 12:35:58,766] {local_task_job.py:154} INFO - Task exited with return code 0
[2022-04-25 12:35:58,811] {local_task_job.py:264} INFO - 1 downstream tasks scheduled from follow-on schedule check
[2022-04-25 12:42:52,219] {taskinstance.py:1032} INFO - Dependencies all met for <TaskInstance: pbp_data_bq_dag.gcs_2_bq_ext_task scheduled__2007-01-01T00:00:00+00:00 [queued]>
[2022-04-25 12:42:52,232] {taskinstance.py:1032} INFO - Dependencies all met for <TaskInstance: pbp_data_bq_dag.gcs_2_bq_ext_task scheduled__2007-01-01T00:00:00+00:00 [queued]>
[2022-04-25 12:42:52,232] {taskinstance.py:1238} INFO - 
--------------------------------------------------------------------------------
[2022-04-25 12:42:52,232] {taskinstance.py:1239} INFO - Starting attempt 1 of 1
[2022-04-25 12:42:52,232] {taskinstance.py:1240} INFO - 
--------------------------------------------------------------------------------
[2022-04-25 12:42:52,247] {taskinstance.py:1259} INFO - Executing <Task(BigQueryCreateExternalTableOperator): gcs_2_bq_ext_task> on 2007-01-01 00:00:00+00:00
[2022-04-25 12:42:52,252] {standard_task_runner.py:52} INFO - Started process 1592 to run task
[2022-04-25 12:42:52,258] {standard_task_runner.py:76} INFO - Running: ['***', 'tasks', 'run', 'pbp_data_bq_dag', 'gcs_2_bq_ext_task', 'scheduled__2007-01-01T00:00:00+00:00', '--job-id', '2382', '--raw', '--subdir', 'DAGS_FOLDER/nfl_gcs_to_bq.py', '--cfg-path', '/tmp/tmp1a9b6llc', '--error-file', '/tmp/tmprkuzk2a4']
[2022-04-25 12:42:52,260] {standard_task_runner.py:77} INFO - Job 2382: Subtask gcs_2_bq_ext_task
[2022-04-25 12:42:52,338] {logging_mixin.py:109} INFO - Running <TaskInstance: pbp_data_bq_dag.gcs_2_bq_ext_task scheduled__2007-01-01T00:00:00+00:00 [running]> on host de169a1be7ed
[2022-04-25 12:42:52,438] {taskinstance.py:1426} INFO - Exporting the following env vars:
AIRFLOW_CTX_DAG_OWNER=***
AIRFLOW_CTX_DAG_ID=pbp_data_bq_dag
AIRFLOW_CTX_TASK_ID=gcs_2_bq_ext_task
AIRFLOW_CTX_EXECUTION_DATE=2007-01-01T00:00:00+00:00
AIRFLOW_CTX_DAG_RUN_ID=scheduled__2007-01-01T00:00:00+00:00
[2022-04-25 12:42:52,440] {crypto.py:82} WARNING - empty cryptography key - values will not be stored encrypted.
[2022-04-25 12:42:53,055] {taskinstance.py:1277} INFO - Marking task as SUCCESS. dag_id=pbp_data_bq_dag, task_id=gcs_2_bq_ext_task, execution_date=20070101T000000, start_date=20220425T124252, end_date=20220425T124253
[2022-04-25 12:42:53,080] {local_task_job.py:154} INFO - Task exited with return code 0
[2022-04-25 12:42:53,126] {local_task_job.py:264} INFO - 1 downstream tasks scheduled from follow-on schedule check
[2022-04-25 12:44:07,624] {taskinstance.py:1032} INFO - Dependencies all met for <TaskInstance: pbp_data_bq_dag.gcs_2_bq_ext_task scheduled__2007-01-01T00:00:00+00:00 [queued]>
[2022-04-25 12:44:07,639] {taskinstance.py:1032} INFO - Dependencies all met for <TaskInstance: pbp_data_bq_dag.gcs_2_bq_ext_task scheduled__2007-01-01T00:00:00+00:00 [queued]>
[2022-04-25 12:44:07,639] {taskinstance.py:1238} INFO - 
--------------------------------------------------------------------------------
[2022-04-25 12:44:07,639] {taskinstance.py:1239} INFO - Starting attempt 1 of 1
[2022-04-25 12:44:07,640] {taskinstance.py:1240} INFO - 
--------------------------------------------------------------------------------
[2022-04-25 12:44:07,659] {taskinstance.py:1259} INFO - Executing <Task(BigQueryCreateExternalTableOperator): gcs_2_bq_ext_task> on 2007-01-01 00:00:00+00:00
[2022-04-25 12:44:07,666] {standard_task_runner.py:52} INFO - Started process 1832 to run task
[2022-04-25 12:44:07,671] {standard_task_runner.py:76} INFO - Running: ['***', 'tasks', 'run', 'pbp_data_bq_dag', 'gcs_2_bq_ext_task', 'scheduled__2007-01-01T00:00:00+00:00', '--job-id', '2403', '--raw', '--subdir', 'DAGS_FOLDER/nfl_gcs_to_bq.py', '--cfg-path', '/tmp/tmp_7g6obgp', '--error-file', '/tmp/tmpvwdqcbja']
[2022-04-25 12:44:07,672] {standard_task_runner.py:77} INFO - Job 2403: Subtask gcs_2_bq_ext_task
[2022-04-25 12:44:07,746] {logging_mixin.py:109} INFO - Running <TaskInstance: pbp_data_bq_dag.gcs_2_bq_ext_task scheduled__2007-01-01T00:00:00+00:00 [running]> on host de169a1be7ed
[2022-04-25 12:44:07,824] {taskinstance.py:1426} INFO - Exporting the following env vars:
AIRFLOW_CTX_DAG_OWNER=***
AIRFLOW_CTX_DAG_ID=pbp_data_bq_dag
AIRFLOW_CTX_TASK_ID=gcs_2_bq_ext_task
AIRFLOW_CTX_EXECUTION_DATE=2007-01-01T00:00:00+00:00
AIRFLOW_CTX_DAG_RUN_ID=scheduled__2007-01-01T00:00:00+00:00
[2022-04-25 12:44:07,826] {crypto.py:82} WARNING - empty cryptography key - values will not be stored encrypted.
[2022-04-25 12:44:08,520] {taskinstance.py:1277} INFO - Marking task as SUCCESS. dag_id=pbp_data_bq_dag, task_id=gcs_2_bq_ext_task, execution_date=20070101T000000, start_date=20220425T124407, end_date=20220425T124408
[2022-04-25 12:44:08,551] {local_task_job.py:154} INFO - Task exited with return code 0
[2022-04-25 12:44:08,598] {local_task_job.py:264} INFO - 1 downstream tasks scheduled from follow-on schedule check
[2022-04-25 13:19:04,159] {taskinstance.py:1032} INFO - Dependencies all met for <TaskInstance: pbp_data_bq_dag.gcs_2_bq_ext_task scheduled__2007-01-01T00:00:00+00:00 [queued]>
[2022-04-25 13:19:04,169] {taskinstance.py:1032} INFO - Dependencies all met for <TaskInstance: pbp_data_bq_dag.gcs_2_bq_ext_task scheduled__2007-01-01T00:00:00+00:00 [queued]>
[2022-04-25 13:19:04,169] {taskinstance.py:1238} INFO - 
--------------------------------------------------------------------------------
[2022-04-25 13:19:04,169] {taskinstance.py:1239} INFO - Starting attempt 1 of 1
[2022-04-25 13:19:04,169] {taskinstance.py:1240} INFO - 
--------------------------------------------------------------------------------
[2022-04-25 13:19:04,180] {taskinstance.py:1259} INFO - Executing <Task(BigQueryCreateExternalTableOperator): gcs_2_bq_ext_task> on 2007-01-01 00:00:00+00:00
[2022-04-25 13:19:04,186] {standard_task_runner.py:52} INFO - Started process 5624 to run task
[2022-04-25 13:19:04,192] {standard_task_runner.py:76} INFO - Running: ['***', 'tasks', 'run', 'pbp_data_bq_dag', 'gcs_2_bq_ext_task', 'scheduled__2007-01-01T00:00:00+00:00', '--job-id', '2451', '--raw', '--subdir', 'DAGS_FOLDER/nfl_gcs_to_bq.py', '--cfg-path', '/tmp/tmp8d8dbfjr', '--error-file', '/tmp/tmpqodlk31v']
[2022-04-25 13:19:04,194] {standard_task_runner.py:77} INFO - Job 2451: Subtask gcs_2_bq_ext_task
[2022-04-25 13:19:04,255] {logging_mixin.py:109} INFO - Running <TaskInstance: pbp_data_bq_dag.gcs_2_bq_ext_task scheduled__2007-01-01T00:00:00+00:00 [running]> on host de169a1be7ed
[2022-04-25 13:19:04,317] {taskinstance.py:1426} INFO - Exporting the following env vars:
AIRFLOW_CTX_DAG_OWNER=***
AIRFLOW_CTX_DAG_ID=pbp_data_bq_dag
AIRFLOW_CTX_TASK_ID=gcs_2_bq_ext_task
AIRFLOW_CTX_EXECUTION_DATE=2007-01-01T00:00:00+00:00
AIRFLOW_CTX_DAG_RUN_ID=scheduled__2007-01-01T00:00:00+00:00
[2022-04-25 13:19:04,319] {crypto.py:82} WARNING - empty cryptography key - values will not be stored encrypted.
[2022-04-25 13:19:04,968] {taskinstance.py:1277} INFO - Marking task as SUCCESS. dag_id=pbp_data_bq_dag, task_id=gcs_2_bq_ext_task, execution_date=20070101T000000, start_date=20220425T131904, end_date=20220425T131904
[2022-04-25 13:19:05,009] {local_task_job.py:154} INFO - Task exited with return code 0
[2022-04-25 13:19:05,063] {local_task_job.py:264} INFO - 0 downstream tasks scheduled from follow-on schedule check
