[2022-04-24 14:49:46,026] {taskinstance.py:1032} INFO - Dependencies all met for <TaskInstance: schedule_data_bq_dag.gcs_2_bq_ext_task scheduled__2012-01-01T00:00:00+00:00 [queued]>
[2022-04-24 14:49:46,042] {taskinstance.py:1032} INFO - Dependencies all met for <TaskInstance: schedule_data_bq_dag.gcs_2_bq_ext_task scheduled__2012-01-01T00:00:00+00:00 [queued]>
[2022-04-24 14:49:46,042] {taskinstance.py:1238} INFO - 
--------------------------------------------------------------------------------
[2022-04-24 14:49:46,042] {taskinstance.py:1239} INFO - Starting attempt 1 of 1
[2022-04-24 14:49:46,042] {taskinstance.py:1240} INFO - 
--------------------------------------------------------------------------------
[2022-04-24 14:49:46,068] {taskinstance.py:1259} INFO - Executing <Task(BigQueryCreateExternalTableOperator): gcs_2_bq_ext_task> on 2012-01-01 00:00:00+00:00
[2022-04-24 14:49:46,077] {standard_task_runner.py:52} INFO - Started process 3602 to run task
[2022-04-24 14:49:46,090] {standard_task_runner.py:76} INFO - Running: ['***', 'tasks', 'run', 'schedule_data_bq_dag', 'gcs_2_bq_ext_task', 'scheduled__2012-01-01T00:00:00+00:00', '--job-id', '2243', '--raw', '--subdir', 'DAGS_FOLDER/nfl_gcs_to_bq.py', '--cfg-path', '/tmp/tmpsulbdu7q', '--error-file', '/tmp/tmp3eo0bdkz']
[2022-04-24 14:49:46,091] {standard_task_runner.py:77} INFO - Job 2243: Subtask gcs_2_bq_ext_task
[2022-04-24 14:49:46,181] {logging_mixin.py:109} INFO - Running <TaskInstance: schedule_data_bq_dag.gcs_2_bq_ext_task scheduled__2012-01-01T00:00:00+00:00 [running]> on host 28475d5c3e7a
[2022-04-24 14:49:46,279] {taskinstance.py:1426} INFO - Exporting the following env vars:
AIRFLOW_CTX_DAG_OWNER=***
AIRFLOW_CTX_DAG_ID=schedule_data_bq_dag
AIRFLOW_CTX_TASK_ID=gcs_2_bq_ext_task
AIRFLOW_CTX_EXECUTION_DATE=2012-01-01T00:00:00+00:00
AIRFLOW_CTX_DAG_RUN_ID=scheduled__2012-01-01T00:00:00+00:00
[2022-04-24 14:49:46,280] {crypto.py:82} WARNING - empty cryptography key - values will not be stored encrypted.
[2022-04-24 14:49:46,883] {taskinstance.py:1277} INFO - Marking task as SUCCESS. dag_id=schedule_data_bq_dag, task_id=gcs_2_bq_ext_task, execution_date=20120101T000000, start_date=20220424T144946, end_date=20220424T144946
[2022-04-24 14:49:46,938] {local_task_job.py:154} INFO - Task exited with return code 0
[2022-04-24 14:49:47,002] {local_task_job.py:264} INFO - 0 downstream tasks scheduled from follow-on schedule check
[2022-04-24 14:54:17,914] {taskinstance.py:1032} INFO - Dependencies all met for <TaskInstance: schedule_data_bq_dag.gcs_2_bq_ext_task scheduled__2012-01-01T00:00:00+00:00 [queued]>
[2022-04-24 14:54:17,926] {taskinstance.py:1032} INFO - Dependencies all met for <TaskInstance: schedule_data_bq_dag.gcs_2_bq_ext_task scheduled__2012-01-01T00:00:00+00:00 [queued]>
[2022-04-24 14:54:17,926] {taskinstance.py:1238} INFO - 
--------------------------------------------------------------------------------
[2022-04-24 14:54:17,926] {taskinstance.py:1239} INFO - Starting attempt 1 of 1
[2022-04-24 14:54:17,926] {taskinstance.py:1240} INFO - 
--------------------------------------------------------------------------------
[2022-04-24 14:54:17,940] {taskinstance.py:1259} INFO - Executing <Task(BigQueryCreateExternalTableOperator): gcs_2_bq_ext_task> on 2012-01-01 00:00:00+00:00
[2022-04-24 14:54:17,947] {standard_task_runner.py:52} INFO - Started process 4258 to run task
[2022-04-24 14:54:17,954] {standard_task_runner.py:76} INFO - Running: ['***', 'tasks', 'run', 'schedule_data_bq_dag', 'gcs_2_bq_ext_task', 'scheduled__2012-01-01T00:00:00+00:00', '--job-id', '2277', '--raw', '--subdir', 'DAGS_FOLDER/nfl_gcs_to_bq.py', '--cfg-path', '/tmp/tmp2iaw7aat', '--error-file', '/tmp/tmpey1q776o']
[2022-04-24 14:54:17,956] {standard_task_runner.py:77} INFO - Job 2277: Subtask gcs_2_bq_ext_task
[2022-04-24 14:54:18,033] {logging_mixin.py:109} INFO - Running <TaskInstance: schedule_data_bq_dag.gcs_2_bq_ext_task scheduled__2012-01-01T00:00:00+00:00 [running]> on host 28475d5c3e7a
[2022-04-24 14:54:18,128] {taskinstance.py:1426} INFO - Exporting the following env vars:
AIRFLOW_CTX_DAG_OWNER=***
AIRFLOW_CTX_DAG_ID=schedule_data_bq_dag
AIRFLOW_CTX_TASK_ID=gcs_2_bq_ext_task
AIRFLOW_CTX_EXECUTION_DATE=2012-01-01T00:00:00+00:00
AIRFLOW_CTX_DAG_RUN_ID=scheduled__2012-01-01T00:00:00+00:00
[2022-04-24 14:54:18,129] {crypto.py:82} WARNING - empty cryptography key - values will not be stored encrypted.
[2022-04-24 14:54:18,718] {taskinstance.py:1277} INFO - Marking task as SUCCESS. dag_id=schedule_data_bq_dag, task_id=gcs_2_bq_ext_task, execution_date=20120101T000000, start_date=20220424T145417, end_date=20220424T145418
[2022-04-24 14:54:18,772] {local_task_job.py:154} INFO - Task exited with return code 0
[2022-04-24 14:54:18,808] {local_task_job.py:264} INFO - 0 downstream tasks scheduled from follow-on schedule check
