[2022-04-11 20:07:21,602] {taskinstance.py:1032} INFO - Dependencies all met for <TaskInstance: pbp_data.rm_task scheduled__2014-01-01T00:00:00+00:00 [queued]>
[2022-04-11 20:07:21,619] {taskinstance.py:1032} INFO - Dependencies all met for <TaskInstance: pbp_data.rm_task scheduled__2014-01-01T00:00:00+00:00 [queued]>
[2022-04-11 20:07:21,620] {taskinstance.py:1238} INFO - 
--------------------------------------------------------------------------------
[2022-04-11 20:07:21,620] {taskinstance.py:1239} INFO - Starting attempt 1 of 1
[2022-04-11 20:07:21,620] {taskinstance.py:1240} INFO - 
--------------------------------------------------------------------------------
[2022-04-11 20:07:21,638] {taskinstance.py:1259} INFO - Executing <Task(BashOperator): rm_task> on 2014-01-01 00:00:00+00:00
[2022-04-11 20:07:21,649] {standard_task_runner.py:52} INFO - Started process 359254 to run task
[2022-04-11 20:07:21,656] {standard_task_runner.py:76} INFO - Running: ['***', 'tasks', 'run', 'pbp_data', 'rm_task', 'scheduled__2014-01-01T00:00:00+00:00', '--job-id', '2013', '--raw', '--subdir', 'DAGS_FOLDER/nfl_to_gcs.py', '--cfg-path', '/tmp/tmpj8b35zkb', '--error-file', '/tmp/tmpz9b0jg3u']
[2022-04-11 20:07:21,658] {standard_task_runner.py:77} INFO - Job 2013: Subtask rm_task
[2022-04-11 20:07:21,746] {logging_mixin.py:109} INFO - Running <TaskInstance: pbp_data.rm_task scheduled__2014-01-01T00:00:00+00:00 [running]> on host 4ed3eda454fd
[2022-04-11 20:07:21,840] {taskinstance.py:1426} INFO - Exporting the following env vars:
AIRFLOW_CTX_DAG_OWNER=***
AIRFLOW_CTX_DAG_ID=pbp_data
AIRFLOW_CTX_TASK_ID=rm_task
AIRFLOW_CTX_EXECUTION_DATE=2014-01-01T00:00:00+00:00
AIRFLOW_CTX_DAG_RUN_ID=scheduled__2014-01-01T00:00:00+00:00
[2022-04-11 20:07:21,841] {subprocess.py:62} INFO - Tmp dir root location: 
 /tmp
[2022-04-11 20:07:21,842] {subprocess.py:74} INFO - Running command: ['bash', '-c', 'rm "/opt/***/pbp_data_2014.parquet"']
[2022-04-11 20:07:21,862] {subprocess.py:85} INFO - Output:
[2022-04-11 20:07:21,872] {subprocess.py:93} INFO - Command exited with return code 0
[2022-04-11 20:07:21,920] {taskinstance.py:1277} INFO - Marking task as SUCCESS. dag_id=pbp_data, task_id=rm_task, execution_date=20140101T000000, start_date=20220411T200721, end_date=20220411T200721
[2022-04-11 20:07:21,950] {local_task_job.py:154} INFO - Task exited with return code 0
[2022-04-11 20:07:21,985] {local_task_job.py:264} INFO - 0 downstream tasks scheduled from follow-on schedule check
