[2022-04-11 20:04:32,889] {taskinstance.py:1032} INFO - Dependencies all met for <TaskInstance: pbp_data.rm_task scheduled__1999-01-01T00:00:00+00:00 [queued]>
[2022-04-11 20:04:32,945] {taskinstance.py:1032} INFO - Dependencies all met for <TaskInstance: pbp_data.rm_task scheduled__1999-01-01T00:00:00+00:00 [queued]>
[2022-04-11 20:04:32,945] {taskinstance.py:1238} INFO - 
--------------------------------------------------------------------------------
[2022-04-11 20:04:32,946] {taskinstance.py:1239} INFO - Starting attempt 1 of 1
[2022-04-11 20:04:32,946] {taskinstance.py:1240} INFO - 
--------------------------------------------------------------------------------
[2022-04-11 20:04:32,979] {taskinstance.py:1259} INFO - Executing <Task(BashOperator): rm_task> on 1999-01-01 00:00:00+00:00
[2022-04-11 20:04:33,009] {standard_task_runner.py:52} INFO - Started process 358233 to run task
[2022-04-11 20:04:33,031] {standard_task_runner.py:76} INFO - Running: ['***', 'tasks', 'run', 'pbp_data', 'rm_task', 'scheduled__1999-01-01T00:00:00+00:00', '--job-id', '1892', '--raw', '--subdir', 'DAGS_FOLDER/nfl_to_gcs.py', '--cfg-path', '/tmp/tmpc8tzelm3', '--error-file', '/tmp/tmpzvm9a441']
[2022-04-11 20:04:33,048] {standard_task_runner.py:77} INFO - Job 1892: Subtask rm_task
[2022-04-11 20:04:33,256] {logging_mixin.py:109} INFO - Running <TaskInstance: pbp_data.rm_task scheduled__1999-01-01T00:00:00+00:00 [running]> on host 4ed3eda454fd
[2022-04-11 20:04:33,493] {taskinstance.py:1426} INFO - Exporting the following env vars:
AIRFLOW_CTX_DAG_OWNER=***
AIRFLOW_CTX_DAG_ID=pbp_data
AIRFLOW_CTX_TASK_ID=rm_task
AIRFLOW_CTX_EXECUTION_DATE=1999-01-01T00:00:00+00:00
AIRFLOW_CTX_DAG_RUN_ID=scheduled__1999-01-01T00:00:00+00:00
[2022-04-11 20:04:33,494] {subprocess.py:62} INFO - Tmp dir root location: 
 /tmp
[2022-04-11 20:04:33,495] {subprocess.py:74} INFO - Running command: ['bash', '-c', 'rm "/opt/***/pbp_data_1999.parquet"']
[2022-04-11 20:04:33,552] {subprocess.py:85} INFO - Output:
[2022-04-11 20:04:33,584] {subprocess.py:93} INFO - Command exited with return code 0
[2022-04-11 20:04:33,682] {taskinstance.py:1277} INFO - Marking task as SUCCESS. dag_id=pbp_data, task_id=rm_task, execution_date=19990101T000000, start_date=20220411T200432, end_date=20220411T200433
[2022-04-11 20:04:33,772] {local_task_job.py:154} INFO - Task exited with return code 0
[2022-04-11 20:04:33,872] {local_task_job.py:264} INFO - 0 downstream tasks scheduled from follow-on schedule check
