[2022-04-24 14:46:52,443] {taskinstance.py:1032} INFO - Dependencies all met for <TaskInstance: pbp_data_bq_dag.gcs_2_bq_ext_task scheduled__2008-01-01T00:00:00+00:00 [queued]>
[2022-04-24 14:46:52,455] {taskinstance.py:1032} INFO - Dependencies all met for <TaskInstance: pbp_data_bq_dag.gcs_2_bq_ext_task scheduled__2008-01-01T00:00:00+00:00 [queued]>
[2022-04-24 14:46:52,456] {taskinstance.py:1238} INFO - 
--------------------------------------------------------------------------------
[2022-04-24 14:46:52,456] {taskinstance.py:1239} INFO - Starting attempt 1 of 1
[2022-04-24 14:46:52,456] {taskinstance.py:1240} INFO - 
--------------------------------------------------------------------------------
[2022-04-24 14:46:52,474] {taskinstance.py:1259} INFO - Executing <Task(BigQueryCreateExternalTableOperator): gcs_2_bq_ext_task> on 2008-01-01 00:00:00+00:00
[2022-04-24 14:46:52,482] {standard_task_runner.py:52} INFO - Started process 2995 to run task
[2022-04-24 14:46:52,489] {standard_task_runner.py:76} INFO - Running: ['***', 'tasks', 'run', 'pbp_data_bq_dag', 'gcs_2_bq_ext_task', 'scheduled__2008-01-01T00:00:00+00:00', '--job-id', '2188', '--raw', '--subdir', 'DAGS_FOLDER/nfl_gcs_to_bq.py', '--cfg-path', '/tmp/tmpgny9awo4', '--error-file', '/tmp/tmph0ub1_pg']
[2022-04-24 14:46:52,490] {standard_task_runner.py:77} INFO - Job 2188: Subtask gcs_2_bq_ext_task
[2022-04-24 14:46:52,580] {logging_mixin.py:109} INFO - Running <TaskInstance: pbp_data_bq_dag.gcs_2_bq_ext_task scheduled__2008-01-01T00:00:00+00:00 [running]> on host 28475d5c3e7a
[2022-04-24 14:46:52,665] {taskinstance.py:1426} INFO - Exporting the following env vars:
AIRFLOW_CTX_DAG_OWNER=***
AIRFLOW_CTX_DAG_ID=pbp_data_bq_dag
AIRFLOW_CTX_TASK_ID=gcs_2_bq_ext_task
AIRFLOW_CTX_EXECUTION_DATE=2008-01-01T00:00:00+00:00
AIRFLOW_CTX_DAG_RUN_ID=scheduled__2008-01-01T00:00:00+00:00
[2022-04-24 14:46:52,667] {crypto.py:82} WARNING - empty cryptography key - values will not be stored encrypted.
[2022-04-24 14:46:53,270] {taskinstance.py:1277} INFO - Marking task as SUCCESS. dag_id=pbp_data_bq_dag, task_id=gcs_2_bq_ext_task, execution_date=20080101T000000, start_date=20220424T144652, end_date=20220424T144653
[2022-04-24 14:46:53,304] {local_task_job.py:154} INFO - Task exited with return code 0
[2022-04-24 14:46:53,350] {local_task_job.py:264} INFO - 1 downstream tasks scheduled from follow-on schedule check
[2022-04-25 12:36:14,032] {taskinstance.py:1032} INFO - Dependencies all met for <TaskInstance: pbp_data_bq_dag.gcs_2_bq_ext_task scheduled__2008-01-01T00:00:00+00:00 [queued]>
[2022-04-25 12:36:14,047] {taskinstance.py:1032} INFO - Dependencies all met for <TaskInstance: pbp_data_bq_dag.gcs_2_bq_ext_task scheduled__2008-01-01T00:00:00+00:00 [queued]>
[2022-04-25 12:36:14,047] {taskinstance.py:1238} INFO - 
--------------------------------------------------------------------------------
[2022-04-25 12:36:14,048] {taskinstance.py:1239} INFO - Starting attempt 1 of 1
[2022-04-25 12:36:14,048] {taskinstance.py:1240} INFO - 
--------------------------------------------------------------------------------
[2022-04-25 12:36:14,065] {taskinstance.py:1259} INFO - Executing <Task(BigQueryCreateExternalTableOperator): gcs_2_bq_ext_task> on 2008-01-01 00:00:00+00:00
[2022-04-25 12:36:14,073] {standard_task_runner.py:52} INFO - Started process 688 to run task
[2022-04-25 12:36:14,086] {standard_task_runner.py:76} INFO - Running: ['***', 'tasks', 'run', 'pbp_data_bq_dag', 'gcs_2_bq_ext_task', 'scheduled__2008-01-01T00:00:00+00:00', '--job-id', '2341', '--raw', '--subdir', 'DAGS_FOLDER/nfl_gcs_to_bq.py', '--cfg-path', '/tmp/tmpenu47aiu', '--error-file', '/tmp/tmpfnbwr8in']
[2022-04-25 12:36:14,087] {standard_task_runner.py:77} INFO - Job 2341: Subtask gcs_2_bq_ext_task
[2022-04-25 12:36:14,183] {logging_mixin.py:109} INFO - Running <TaskInstance: pbp_data_bq_dag.gcs_2_bq_ext_task scheduled__2008-01-01T00:00:00+00:00 [running]> on host de169a1be7ed
[2022-04-25 12:36:14,266] {taskinstance.py:1426} INFO - Exporting the following env vars:
AIRFLOW_CTX_DAG_OWNER=***
AIRFLOW_CTX_DAG_ID=pbp_data_bq_dag
AIRFLOW_CTX_TASK_ID=gcs_2_bq_ext_task
AIRFLOW_CTX_EXECUTION_DATE=2008-01-01T00:00:00+00:00
AIRFLOW_CTX_DAG_RUN_ID=scheduled__2008-01-01T00:00:00+00:00
[2022-04-25 12:36:14,267] {crypto.py:82} WARNING - empty cryptography key - values will not be stored encrypted.
[2022-04-25 12:36:14,909] {taskinstance.py:1277} INFO - Marking task as SUCCESS. dag_id=pbp_data_bq_dag, task_id=gcs_2_bq_ext_task, execution_date=20080101T000000, start_date=20220425T123614, end_date=20220425T123614
[2022-04-25 12:36:14,945] {local_task_job.py:154} INFO - Task exited with return code 0
[2022-04-25 12:36:14,989] {local_task_job.py:264} INFO - 1 downstream tasks scheduled from follow-on schedule check
[2022-04-25 12:43:06,153] {taskinstance.py:1032} INFO - Dependencies all met for <TaskInstance: pbp_data_bq_dag.gcs_2_bq_ext_task scheduled__2008-01-01T00:00:00+00:00 [queued]>
[2022-04-25 12:43:06,183] {taskinstance.py:1032} INFO - Dependencies all met for <TaskInstance: pbp_data_bq_dag.gcs_2_bq_ext_task scheduled__2008-01-01T00:00:00+00:00 [queued]>
[2022-04-25 12:43:06,184] {taskinstance.py:1238} INFO - 
--------------------------------------------------------------------------------
[2022-04-25 12:43:06,184] {taskinstance.py:1239} INFO - Starting attempt 1 of 1
[2022-04-25 12:43:06,184] {taskinstance.py:1240} INFO - 
--------------------------------------------------------------------------------
[2022-04-25 12:43:06,200] {taskinstance.py:1259} INFO - Executing <Task(BigQueryCreateExternalTableOperator): gcs_2_bq_ext_task> on 2008-01-01 00:00:00+00:00
[2022-04-25 12:43:06,209] {standard_task_runner.py:52} INFO - Started process 1638 to run task
[2022-04-25 12:43:06,221] {standard_task_runner.py:76} INFO - Running: ['***', 'tasks', 'run', 'pbp_data_bq_dag', 'gcs_2_bq_ext_task', 'scheduled__2008-01-01T00:00:00+00:00', '--job-id', '2386', '--raw', '--subdir', 'DAGS_FOLDER/nfl_gcs_to_bq.py', '--cfg-path', '/tmp/tmpow4k7n49', '--error-file', '/tmp/tmpvvj5qx4d']
[2022-04-25 12:43:06,222] {standard_task_runner.py:77} INFO - Job 2386: Subtask gcs_2_bq_ext_task
[2022-04-25 12:43:06,315] {logging_mixin.py:109} INFO - Running <TaskInstance: pbp_data_bq_dag.gcs_2_bq_ext_task scheduled__2008-01-01T00:00:00+00:00 [running]> on host de169a1be7ed
[2022-04-25 12:43:06,403] {taskinstance.py:1426} INFO - Exporting the following env vars:
AIRFLOW_CTX_DAG_OWNER=***
AIRFLOW_CTX_DAG_ID=pbp_data_bq_dag
AIRFLOW_CTX_TASK_ID=gcs_2_bq_ext_task
AIRFLOW_CTX_EXECUTION_DATE=2008-01-01T00:00:00+00:00
AIRFLOW_CTX_DAG_RUN_ID=scheduled__2008-01-01T00:00:00+00:00
[2022-04-25 12:43:06,407] {crypto.py:82} WARNING - empty cryptography key - values will not be stored encrypted.
[2022-04-25 12:43:07,067] {taskinstance.py:1277} INFO - Marking task as SUCCESS. dag_id=pbp_data_bq_dag, task_id=gcs_2_bq_ext_task, execution_date=20080101T000000, start_date=20220425T124306, end_date=20220425T124307
[2022-04-25 12:43:07,112] {local_task_job.py:154} INFO - Task exited with return code 0
[2022-04-25 12:43:07,159] {local_task_job.py:264} INFO - 1 downstream tasks scheduled from follow-on schedule check
[2022-04-25 12:44:14,251] {taskinstance.py:1032} INFO - Dependencies all met for <TaskInstance: pbp_data_bq_dag.gcs_2_bq_ext_task scheduled__2008-01-01T00:00:00+00:00 [queued]>
[2022-04-25 12:44:14,273] {taskinstance.py:1032} INFO - Dependencies all met for <TaskInstance: pbp_data_bq_dag.gcs_2_bq_ext_task scheduled__2008-01-01T00:00:00+00:00 [queued]>
[2022-04-25 12:44:14,273] {taskinstance.py:1238} INFO - 
--------------------------------------------------------------------------------
[2022-04-25 12:44:14,273] {taskinstance.py:1239} INFO - Starting attempt 1 of 1
[2022-04-25 12:44:14,273] {taskinstance.py:1240} INFO - 
--------------------------------------------------------------------------------
[2022-04-25 12:44:14,295] {taskinstance.py:1259} INFO - Executing <Task(BigQueryCreateExternalTableOperator): gcs_2_bq_ext_task> on 2008-01-01 00:00:00+00:00
[2022-04-25 12:44:14,308] {standard_task_runner.py:52} INFO - Started process 1884 to run task
[2022-04-25 12:44:14,319] {standard_task_runner.py:76} INFO - Running: ['***', 'tasks', 'run', 'pbp_data_bq_dag', 'gcs_2_bq_ext_task', 'scheduled__2008-01-01T00:00:00+00:00', '--job-id', '2407', '--raw', '--subdir', 'DAGS_FOLDER/nfl_gcs_to_bq.py', '--cfg-path', '/tmp/tmpu_z4kjj6', '--error-file', '/tmp/tmpw1t1g1su']
[2022-04-25 12:44:14,321] {standard_task_runner.py:77} INFO - Job 2407: Subtask gcs_2_bq_ext_task
[2022-04-25 12:44:14,436] {logging_mixin.py:109} INFO - Running <TaskInstance: pbp_data_bq_dag.gcs_2_bq_ext_task scheduled__2008-01-01T00:00:00+00:00 [running]> on host de169a1be7ed
[2022-04-25 12:44:14,534] {taskinstance.py:1426} INFO - Exporting the following env vars:
AIRFLOW_CTX_DAG_OWNER=***
AIRFLOW_CTX_DAG_ID=pbp_data_bq_dag
AIRFLOW_CTX_TASK_ID=gcs_2_bq_ext_task
AIRFLOW_CTX_EXECUTION_DATE=2008-01-01T00:00:00+00:00
AIRFLOW_CTX_DAG_RUN_ID=scheduled__2008-01-01T00:00:00+00:00
[2022-04-25 12:44:14,536] {crypto.py:82} WARNING - empty cryptography key - values will not be stored encrypted.
[2022-04-25 12:44:15,147] {taskinstance.py:1277} INFO - Marking task as SUCCESS. dag_id=pbp_data_bq_dag, task_id=gcs_2_bq_ext_task, execution_date=20080101T000000, start_date=20220425T124414, end_date=20220425T124415
[2022-04-25 12:44:15,176] {local_task_job.py:154} INFO - Task exited with return code 0
[2022-04-25 12:44:15,208] {local_task_job.py:264} INFO - 1 downstream tasks scheduled from follow-on schedule check
[2022-04-25 13:19:15,309] {taskinstance.py:1032} INFO - Dependencies all met for <TaskInstance: pbp_data_bq_dag.gcs_2_bq_ext_task scheduled__2008-01-01T00:00:00+00:00 [queued]>
[2022-04-25 13:19:15,380] {taskinstance.py:1032} INFO - Dependencies all met for <TaskInstance: pbp_data_bq_dag.gcs_2_bq_ext_task scheduled__2008-01-01T00:00:00+00:00 [queued]>
[2022-04-25 13:19:15,381] {taskinstance.py:1238} INFO - 
--------------------------------------------------------------------------------
[2022-04-25 13:19:15,381] {taskinstance.py:1239} INFO - Starting attempt 1 of 1
[2022-04-25 13:19:15,381] {taskinstance.py:1240} INFO - 
--------------------------------------------------------------------------------
[2022-04-25 13:19:15,414] {taskinstance.py:1259} INFO - Executing <Task(BigQueryCreateExternalTableOperator): gcs_2_bq_ext_task> on 2008-01-01 00:00:00+00:00
[2022-04-25 13:19:15,460] {standard_task_runner.py:52} INFO - Started process 5710 to run task
[2022-04-25 13:19:15,476] {standard_task_runner.py:76} INFO - Running: ['***', 'tasks', 'run', 'pbp_data_bq_dag', 'gcs_2_bq_ext_task', 'scheduled__2008-01-01T00:00:00+00:00', '--job-id', '2458', '--raw', '--subdir', 'DAGS_FOLDER/nfl_gcs_to_bq.py', '--cfg-path', '/tmp/tmpw9ivw4xe', '--error-file', '/tmp/tmpk1q8swj9']
[2022-04-25 13:19:15,477] {standard_task_runner.py:77} INFO - Job 2458: Subtask gcs_2_bq_ext_task
[2022-04-25 13:19:15,713] {logging_mixin.py:109} INFO - Running <TaskInstance: pbp_data_bq_dag.gcs_2_bq_ext_task scheduled__2008-01-01T00:00:00+00:00 [running]> on host de169a1be7ed
[2022-04-25 13:19:15,962] {taskinstance.py:1426} INFO - Exporting the following env vars:
AIRFLOW_CTX_DAG_OWNER=***
AIRFLOW_CTX_DAG_ID=pbp_data_bq_dag
AIRFLOW_CTX_TASK_ID=gcs_2_bq_ext_task
AIRFLOW_CTX_EXECUTION_DATE=2008-01-01T00:00:00+00:00
AIRFLOW_CTX_DAG_RUN_ID=scheduled__2008-01-01T00:00:00+00:00
[2022-04-25 13:19:15,964] {crypto.py:82} WARNING - empty cryptography key - values will not be stored encrypted.
[2022-04-25 13:19:16,677] {taskinstance.py:1277} INFO - Marking task as SUCCESS. dag_id=pbp_data_bq_dag, task_id=gcs_2_bq_ext_task, execution_date=20080101T000000, start_date=20220425T131915, end_date=20220425T131916
[2022-04-25 13:19:16,723] {local_task_job.py:154} INFO - Task exited with return code 0
[2022-04-25 13:19:16,762] {local_task_job.py:264} INFO - 0 downstream tasks scheduled from follow-on schedule check
