[2022-04-11 19:59:36,778] {taskinstance.py:1032} INFO - Dependencies all met for <TaskInstance: schedule_data.rm_task scheduled__2020-01-01T00:00:00+00:00 [queued]>
[2022-04-11 19:59:36,792] {taskinstance.py:1032} INFO - Dependencies all met for <TaskInstance: schedule_data.rm_task scheduled__2020-01-01T00:00:00+00:00 [queued]>
[2022-04-11 19:59:36,792] {taskinstance.py:1238} INFO - 
--------------------------------------------------------------------------------
[2022-04-11 19:59:36,792] {taskinstance.py:1239} INFO - Starting attempt 1 of 1
[2022-04-11 19:59:36,793] {taskinstance.py:1240} INFO - 
--------------------------------------------------------------------------------
[2022-04-11 19:59:36,828] {taskinstance.py:1259} INFO - Executing <Task(BashOperator): rm_task> on 2020-01-01 00:00:00+00:00
[2022-04-11 19:59:36,839] {standard_task_runner.py:52} INFO - Started process 356602 to run task
[2022-04-11 19:59:36,866] {standard_task_runner.py:76} INFO - Running: ['***', 'tasks', 'run', 'schedule_data', 'rm_task', 'scheduled__2020-01-01T00:00:00+00:00', '--job-id', '1729', '--raw', '--subdir', 'DAGS_FOLDER/nfl_to_gcs.py', '--cfg-path', '/tmp/tmp93_mxqfj', '--error-file', '/tmp/tmpir5ilgv9']
[2022-04-11 19:59:36,870] {standard_task_runner.py:77} INFO - Job 1729: Subtask rm_task
[2022-04-11 19:59:37,018] {logging_mixin.py:109} INFO - Running <TaskInstance: schedule_data.rm_task scheduled__2020-01-01T00:00:00+00:00 [running]> on host 4ed3eda454fd
[2022-04-11 19:59:37,196] {taskinstance.py:1426} INFO - Exporting the following env vars:
AIRFLOW_CTX_DAG_OWNER=***
AIRFLOW_CTX_DAG_ID=schedule_data
AIRFLOW_CTX_TASK_ID=rm_task
AIRFLOW_CTX_EXECUTION_DATE=2020-01-01T00:00:00+00:00
AIRFLOW_CTX_DAG_RUN_ID=scheduled__2020-01-01T00:00:00+00:00
[2022-04-11 19:59:37,197] {subprocess.py:62} INFO - Tmp dir root location: 
 /tmp
[2022-04-11 19:59:37,198] {subprocess.py:74} INFO - Running command: ['bash', '-c', 'rm "/opt/***/schedule_data_2020.parquet"']
[2022-04-11 19:59:37,245] {subprocess.py:85} INFO - Output:
[2022-04-11 19:59:37,270] {subprocess.py:93} INFO - Command exited with return code 0
[2022-04-11 19:59:37,344] {taskinstance.py:1277} INFO - Marking task as SUCCESS. dag_id=schedule_data, task_id=rm_task, execution_date=20200101T000000, start_date=20220411T195936, end_date=20220411T195937
[2022-04-11 19:59:37,398] {local_task_job.py:154} INFO - Task exited with return code 0
[2022-04-11 19:59:37,488] {local_task_job.py:264} INFO - 0 downstream tasks scheduled from follow-on schedule check
[2022-04-11 20:07:09,171] {taskinstance.py:1032} INFO - Dependencies all met for <TaskInstance: schedule_data.rm_task scheduled__2020-01-01T00:00:00+00:00 [queued]>
[2022-04-11 20:07:09,190] {taskinstance.py:1032} INFO - Dependencies all met for <TaskInstance: schedule_data.rm_task scheduled__2020-01-01T00:00:00+00:00 [queued]>
[2022-04-11 20:07:09,190] {taskinstance.py:1238} INFO - 
--------------------------------------------------------------------------------
[2022-04-11 20:07:09,191] {taskinstance.py:1239} INFO - Starting attempt 1 of 1
[2022-04-11 20:07:09,191] {taskinstance.py:1240} INFO - 
--------------------------------------------------------------------------------
[2022-04-11 20:07:09,209] {taskinstance.py:1259} INFO - Executing <Task(BashOperator): rm_task> on 2020-01-01 00:00:00+00:00
[2022-04-11 20:07:09,217] {standard_task_runner.py:52} INFO - Started process 359176 to run task
[2022-04-11 20:07:09,229] {standard_task_runner.py:76} INFO - Running: ['***', 'tasks', 'run', 'schedule_data', 'rm_task', 'scheduled__2020-01-01T00:00:00+00:00', '--job-id', '2005', '--raw', '--subdir', 'DAGS_FOLDER/nfl_to_gcs.py', '--cfg-path', '/tmp/tmpz08muja1', '--error-file', '/tmp/tmp8ir95mzx']
[2022-04-11 20:07:09,232] {standard_task_runner.py:77} INFO - Job 2005: Subtask rm_task
[2022-04-11 20:07:09,319] {logging_mixin.py:109} INFO - Running <TaskInstance: schedule_data.rm_task scheduled__2020-01-01T00:00:00+00:00 [running]> on host 4ed3eda454fd
[2022-04-11 20:07:09,436] {taskinstance.py:1426} INFO - Exporting the following env vars:
AIRFLOW_CTX_DAG_OWNER=***
AIRFLOW_CTX_DAG_ID=schedule_data
AIRFLOW_CTX_TASK_ID=rm_task
AIRFLOW_CTX_EXECUTION_DATE=2020-01-01T00:00:00+00:00
AIRFLOW_CTX_DAG_RUN_ID=scheduled__2020-01-01T00:00:00+00:00
[2022-04-11 20:07:09,437] {subprocess.py:62} INFO - Tmp dir root location: 
 /tmp
[2022-04-11 20:07:09,438] {subprocess.py:74} INFO - Running command: ['bash', '-c', 'rm "/opt/***/schedule_data_2020.parquet"']
[2022-04-11 20:07:09,458] {subprocess.py:85} INFO - Output:
[2022-04-11 20:07:09,465] {subprocess.py:93} INFO - Command exited with return code 0
[2022-04-11 20:07:09,506] {taskinstance.py:1277} INFO - Marking task as SUCCESS. dag_id=schedule_data, task_id=rm_task, execution_date=20200101T000000, start_date=20220411T200709, end_date=20220411T200709
[2022-04-11 20:07:09,564] {local_task_job.py:154} INFO - Task exited with return code 0
[2022-04-11 20:07:09,611] {local_task_job.py:264} INFO - 0 downstream tasks scheduled from follow-on schedule check
