[2022-04-11 20:00:43,527] {taskinstance.py:1032} INFO - Dependencies all met for <TaskInstance: roster_data.rm_task scheduled__2005-01-01T00:00:00+00:00 [queued]>
[2022-04-11 20:00:43,559] {taskinstance.py:1032} INFO - Dependencies all met for <TaskInstance: roster_data.rm_task scheduled__2005-01-01T00:00:00+00:00 [queued]>
[2022-04-11 20:00:43,559] {taskinstance.py:1238} INFO - 
--------------------------------------------------------------------------------
[2022-04-11 20:00:43,559] {taskinstance.py:1239} INFO - Starting attempt 1 of 1
[2022-04-11 20:00:43,560] {taskinstance.py:1240} INFO - 
--------------------------------------------------------------------------------
[2022-04-11 20:00:43,598] {taskinstance.py:1259} INFO - Executing <Task(BashOperator): rm_task> on 2005-01-01 00:00:00+00:00
[2022-04-11 20:00:43,614] {standard_task_runner.py:52} INFO - Started process 357138 to run task
[2022-04-11 20:00:43,635] {standard_task_runner.py:76} INFO - Running: ['***', 'tasks', 'run', 'roster_data', 'rm_task', 'scheduled__2005-01-01T00:00:00+00:00', '--job-id', '1793', '--raw', '--subdir', 'DAGS_FOLDER/nfl_to_gcs.py', '--cfg-path', '/tmp/tmp7q3mz4d7', '--error-file', '/tmp/tmpgmv23vhg']
[2022-04-11 20:00:43,639] {standard_task_runner.py:77} INFO - Job 1793: Subtask rm_task
[2022-04-11 20:00:43,819] {logging_mixin.py:109} INFO - Running <TaskInstance: roster_data.rm_task scheduled__2005-01-01T00:00:00+00:00 [running]> on host 4ed3eda454fd
[2022-04-11 20:00:43,994] {taskinstance.py:1426} INFO - Exporting the following env vars:
AIRFLOW_CTX_DAG_OWNER=***
AIRFLOW_CTX_DAG_ID=roster_data
AIRFLOW_CTX_TASK_ID=rm_task
AIRFLOW_CTX_EXECUTION_DATE=2005-01-01T00:00:00+00:00
AIRFLOW_CTX_DAG_RUN_ID=scheduled__2005-01-01T00:00:00+00:00
[2022-04-11 20:00:43,995] {subprocess.py:62} INFO - Tmp dir root location: 
 /tmp
[2022-04-11 20:00:43,996] {subprocess.py:74} INFO - Running command: ['bash', '-c', 'rm "/opt/***/roster_data_2005.parquet"']
[2022-04-11 20:00:44,025] {subprocess.py:85} INFO - Output:
[2022-04-11 20:00:44,032] {subprocess.py:93} INFO - Command exited with return code 0
[2022-04-11 20:00:44,081] {taskinstance.py:1277} INFO - Marking task as SUCCESS. dag_id=roster_data, task_id=rm_task, execution_date=20050101T000000, start_date=20220411T200043, end_date=20220411T200044
[2022-04-11 20:00:44,137] {local_task_job.py:154} INFO - Task exited with return code 0
[2022-04-11 20:00:44,175] {local_task_job.py:264} INFO - 0 downstream tasks scheduled from follow-on schedule check
[2022-04-23 16:31:29,254] {taskinstance.py:1032} INFO - Dependencies all met for <TaskInstance: roster_data.rm_task scheduled__2005-01-01T00:00:00+00:00 [queued]>
[2022-04-23 16:31:29,277] {taskinstance.py:1032} INFO - Dependencies all met for <TaskInstance: roster_data.rm_task scheduled__2005-01-01T00:00:00+00:00 [queued]>
[2022-04-23 16:31:29,277] {taskinstance.py:1238} INFO - 
--------------------------------------------------------------------------------
[2022-04-23 16:31:29,277] {taskinstance.py:1239} INFO - Starting attempt 1 of 1
[2022-04-23 16:31:29,277] {taskinstance.py:1240} INFO - 
--------------------------------------------------------------------------------
[2022-04-23 16:31:29,309] {taskinstance.py:1259} INFO - Executing <Task(BashOperator): rm_task> on 2005-01-01 00:00:00+00:00
[2022-04-23 16:31:29,317] {standard_task_runner.py:52} INFO - Started process 2630 to run task
[2022-04-23 16:31:29,331] {standard_task_runner.py:76} INFO - Running: ['***', 'tasks', 'run', 'roster_data', 'rm_task', 'scheduled__2005-01-01T00:00:00+00:00', '--job-id', '2083', '--raw', '--subdir', 'DAGS_FOLDER/nfl_to_gcs.py', '--cfg-path', '/tmp/tmpn2bw8nj6', '--error-file', '/tmp/tmpg4ya_qii']
[2022-04-23 16:31:29,333] {standard_task_runner.py:77} INFO - Job 2083: Subtask rm_task
[2022-04-23 16:31:29,426] {logging_mixin.py:109} INFO - Running <TaskInstance: roster_data.rm_task scheduled__2005-01-01T00:00:00+00:00 [running]> on host 04f3a8edbeca
[2022-04-23 16:31:29,517] {taskinstance.py:1426} INFO - Exporting the following env vars:
AIRFLOW_CTX_DAG_OWNER=***
AIRFLOW_CTX_DAG_ID=roster_data
AIRFLOW_CTX_TASK_ID=rm_task
AIRFLOW_CTX_EXECUTION_DATE=2005-01-01T00:00:00+00:00
AIRFLOW_CTX_DAG_RUN_ID=scheduled__2005-01-01T00:00:00+00:00
[2022-04-23 16:31:29,518] {subprocess.py:62} INFO - Tmp dir root location: 
 /tmp
[2022-04-23 16:31:29,519] {subprocess.py:74} INFO - Running command: ['bash', '-c', 'rm "/opt/***/roster_data_2005.parquet"']
[2022-04-23 16:31:29,531] {subprocess.py:85} INFO - Output:
[2022-04-23 16:31:29,536] {subprocess.py:93} INFO - Command exited with return code 0
[2022-04-23 16:31:29,566] {taskinstance.py:1277} INFO - Marking task as SUCCESS. dag_id=roster_data, task_id=rm_task, execution_date=20050101T000000, start_date=20220423T163129, end_date=20220423T163129
[2022-04-23 16:31:29,590] {local_task_job.py:154} INFO - Task exited with return code 0
[2022-04-23 16:31:29,639] {local_task_job.py:264} INFO - 0 downstream tasks scheduled from follow-on schedule check
