[2022-04-11 20:04:40,587] {taskinstance.py:1032} INFO - Dependencies all met for <TaskInstance: schedule_data.rm_task scheduled__2004-01-01T00:00:00+00:00 [queued]>
[2022-04-11 20:04:40,609] {taskinstance.py:1032} INFO - Dependencies all met for <TaskInstance: schedule_data.rm_task scheduled__2004-01-01T00:00:00+00:00 [queued]>
[2022-04-11 20:04:40,609] {taskinstance.py:1238} INFO - 
--------------------------------------------------------------------------------
[2022-04-11 20:04:40,609] {taskinstance.py:1239} INFO - Starting attempt 1 of 1
[2022-04-11 20:04:40,609] {taskinstance.py:1240} INFO - 
--------------------------------------------------------------------------------
[2022-04-11 20:04:40,682] {taskinstance.py:1259} INFO - Executing <Task(BashOperator): rm_task> on 2004-01-01 00:00:00+00:00
[2022-04-11 20:04:40,715] {standard_task_runner.py:52} INFO - Started process 358291 to run task
[2022-04-11 20:04:40,738] {standard_task_runner.py:76} INFO - Running: ['***', 'tasks', 'run', 'schedule_data', 'rm_task', 'scheduled__2004-01-01T00:00:00+00:00', '--job-id', '1905', '--raw', '--subdir', 'DAGS_FOLDER/nfl_to_gcs.py', '--cfg-path', '/tmp/tmpsc5uy0wk', '--error-file', '/tmp/tmps3nhr7av']
[2022-04-11 20:04:40,748] {standard_task_runner.py:77} INFO - Job 1905: Subtask rm_task
[2022-04-11 20:04:40,973] {logging_mixin.py:109} INFO - Running <TaskInstance: schedule_data.rm_task scheduled__2004-01-01T00:00:00+00:00 [running]> on host 4ed3eda454fd
[2022-04-11 20:04:41,355] {taskinstance.py:1426} INFO - Exporting the following env vars:
AIRFLOW_CTX_DAG_OWNER=***
AIRFLOW_CTX_DAG_ID=schedule_data
AIRFLOW_CTX_TASK_ID=rm_task
AIRFLOW_CTX_EXECUTION_DATE=2004-01-01T00:00:00+00:00
AIRFLOW_CTX_DAG_RUN_ID=scheduled__2004-01-01T00:00:00+00:00
[2022-04-11 20:04:41,357] {subprocess.py:62} INFO - Tmp dir root location: 
 /tmp
[2022-04-11 20:04:41,358] {subprocess.py:74} INFO - Running command: ['bash', '-c', 'rm "/opt/***/schedule_data_2004.parquet"']
[2022-04-11 20:04:41,403] {subprocess.py:85} INFO - Output:
[2022-04-11 20:04:41,411] {subprocess.py:93} INFO - Command exited with return code 0
[2022-04-11 20:04:41,468] {taskinstance.py:1277} INFO - Marking task as SUCCESS. dag_id=schedule_data, task_id=rm_task, execution_date=20040101T000000, start_date=20220411T200440, end_date=20220411T200441
[2022-04-11 20:04:41,565] {local_task_job.py:154} INFO - Task exited with return code 0
[2022-04-11 20:04:41,687] {local_task_job.py:264} INFO - 0 downstream tasks scheduled from follow-on schedule check
