[2022-04-24 14:50:17,910] {taskinstance.py:1032} INFO - Dependencies all met for <TaskInstance: schedule_data_bq_dag.gcs_2_bq_ext_task scheduled__2015-01-01T00:00:00+00:00 [queued]>
[2022-04-24 14:50:17,949] {taskinstance.py:1032} INFO - Dependencies all met for <TaskInstance: schedule_data_bq_dag.gcs_2_bq_ext_task scheduled__2015-01-01T00:00:00+00:00 [queued]>
[2022-04-24 14:50:17,949] {taskinstance.py:1238} INFO - 
--------------------------------------------------------------------------------
[2022-04-24 14:50:17,949] {taskinstance.py:1239} INFO - Starting attempt 1 of 1
[2022-04-24 14:50:17,949] {taskinstance.py:1240} INFO - 
--------------------------------------------------------------------------------
[2022-04-24 14:50:17,998] {taskinstance.py:1259} INFO - Executing <Task(BigQueryCreateExternalTableOperator): gcs_2_bq_ext_task> on 2015-01-01 00:00:00+00:00
[2022-04-24 14:50:18,013] {standard_task_runner.py:52} INFO - Started process 3693 to run task
[2022-04-24 14:50:18,055] {standard_task_runner.py:76} INFO - Running: ['***', 'tasks', 'run', 'schedule_data_bq_dag', 'gcs_2_bq_ext_task', 'scheduled__2015-01-01T00:00:00+00:00', '--job-id', '2249', '--raw', '--subdir', 'DAGS_FOLDER/nfl_gcs_to_bq.py', '--cfg-path', '/tmp/tmpidst89fz', '--error-file', '/tmp/tmpqr7jv4k3']
[2022-04-24 14:50:18,068] {standard_task_runner.py:77} INFO - Job 2249: Subtask gcs_2_bq_ext_task
[2022-04-24 14:50:18,227] {logging_mixin.py:109} INFO - Running <TaskInstance: schedule_data_bq_dag.gcs_2_bq_ext_task scheduled__2015-01-01T00:00:00+00:00 [running]> on host 28475d5c3e7a
[2022-04-24 14:50:18,349] {taskinstance.py:1426} INFO - Exporting the following env vars:
AIRFLOW_CTX_DAG_OWNER=***
AIRFLOW_CTX_DAG_ID=schedule_data_bq_dag
AIRFLOW_CTX_TASK_ID=gcs_2_bq_ext_task
AIRFLOW_CTX_EXECUTION_DATE=2015-01-01T00:00:00+00:00
AIRFLOW_CTX_DAG_RUN_ID=scheduled__2015-01-01T00:00:00+00:00
[2022-04-24 14:50:18,351] {crypto.py:82} WARNING - empty cryptography key - values will not be stored encrypted.
[2022-04-24 14:50:19,014] {taskinstance.py:1277} INFO - Marking task as SUCCESS. dag_id=schedule_data_bq_dag, task_id=gcs_2_bq_ext_task, execution_date=20150101T000000, start_date=20220424T145017, end_date=20220424T145019
[2022-04-24 14:50:19,084] {local_task_job.py:154} INFO - Task exited with return code 0
[2022-04-24 14:50:19,280] {local_task_job.py:264} INFO - 0 downstream tasks scheduled from follow-on schedule check
[2022-04-24 14:54:22,282] {taskinstance.py:1032} INFO - Dependencies all met for <TaskInstance: schedule_data_bq_dag.gcs_2_bq_ext_task scheduled__2015-01-01T00:00:00+00:00 [queued]>
[2022-04-24 14:54:22,297] {taskinstance.py:1032} INFO - Dependencies all met for <TaskInstance: schedule_data_bq_dag.gcs_2_bq_ext_task scheduled__2015-01-01T00:00:00+00:00 [queued]>
[2022-04-24 14:54:22,298] {taskinstance.py:1238} INFO - 
--------------------------------------------------------------------------------
[2022-04-24 14:54:22,298] {taskinstance.py:1239} INFO - Starting attempt 1 of 1
[2022-04-24 14:54:22,298] {taskinstance.py:1240} INFO - 
--------------------------------------------------------------------------------
[2022-04-24 14:54:22,314] {taskinstance.py:1259} INFO - Executing <Task(BigQueryCreateExternalTableOperator): gcs_2_bq_ext_task> on 2015-01-01 00:00:00+00:00
[2022-04-24 14:54:22,321] {standard_task_runner.py:52} INFO - Started process 4278 to run task
[2022-04-24 14:54:22,327] {standard_task_runner.py:76} INFO - Running: ['***', 'tasks', 'run', 'schedule_data_bq_dag', 'gcs_2_bq_ext_task', 'scheduled__2015-01-01T00:00:00+00:00', '--job-id', '2282', '--raw', '--subdir', 'DAGS_FOLDER/nfl_gcs_to_bq.py', '--cfg-path', '/tmp/tmp4aj15til', '--error-file', '/tmp/tmpo06q3a5a']
[2022-04-24 14:54:22,328] {standard_task_runner.py:77} INFO - Job 2282: Subtask gcs_2_bq_ext_task
[2022-04-24 14:54:22,406] {logging_mixin.py:109} INFO - Running <TaskInstance: schedule_data_bq_dag.gcs_2_bq_ext_task scheduled__2015-01-01T00:00:00+00:00 [running]> on host 28475d5c3e7a
[2022-04-24 14:54:22,476] {taskinstance.py:1426} INFO - Exporting the following env vars:
AIRFLOW_CTX_DAG_OWNER=***
AIRFLOW_CTX_DAG_ID=schedule_data_bq_dag
AIRFLOW_CTX_TASK_ID=gcs_2_bq_ext_task
AIRFLOW_CTX_EXECUTION_DATE=2015-01-01T00:00:00+00:00
AIRFLOW_CTX_DAG_RUN_ID=scheduled__2015-01-01T00:00:00+00:00
[2022-04-24 14:54:22,477] {crypto.py:82} WARNING - empty cryptography key - values will not be stored encrypted.
[2022-04-24 14:54:23,032] {taskinstance.py:1277} INFO - Marking task as SUCCESS. dag_id=schedule_data_bq_dag, task_id=gcs_2_bq_ext_task, execution_date=20150101T000000, start_date=20220424T145422, end_date=20220424T145423
[2022-04-24 14:54:23,062] {local_task_job.py:154} INFO - Task exited with return code 0
[2022-04-24 14:54:23,102] {local_task_job.py:264} INFO - 0 downstream tasks scheduled from follow-on schedule check
[2022-04-25 13:20:05,674] {taskinstance.py:1032} INFO - Dependencies all met for <TaskInstance: schedule_data_bq_dag.gcs_2_bq_ext_task scheduled__2015-01-01T00:00:00+00:00 [queued]>
[2022-04-25 13:20:05,695] {taskinstance.py:1032} INFO - Dependencies all met for <TaskInstance: schedule_data_bq_dag.gcs_2_bq_ext_task scheduled__2015-01-01T00:00:00+00:00 [queued]>
[2022-04-25 13:20:05,695] {taskinstance.py:1238} INFO - 
--------------------------------------------------------------------------------
[2022-04-25 13:20:05,695] {taskinstance.py:1239} INFO - Starting attempt 1 of 1
[2022-04-25 13:20:05,696] {taskinstance.py:1240} INFO - 
--------------------------------------------------------------------------------
[2022-04-25 13:20:05,719] {taskinstance.py:1259} INFO - Executing <Task(BigQueryCreateExternalTableOperator): gcs_2_bq_ext_task> on 2015-01-01 00:00:00+00:00
[2022-04-25 13:20:05,732] {standard_task_runner.py:52} INFO - Started process 5992 to run task
[2022-04-25 13:20:05,746] {standard_task_runner.py:76} INFO - Running: ['***', 'tasks', 'run', 'schedule_data_bq_dag', 'gcs_2_bq_ext_task', 'scheduled__2015-01-01T00:00:00+00:00', '--job-id', '2495', '--raw', '--subdir', 'DAGS_FOLDER/nfl_gcs_to_bq.py', '--cfg-path', '/tmp/tmp2sxoib_r', '--error-file', '/tmp/tmpi6oc8ikq']
[2022-04-25 13:20:05,748] {standard_task_runner.py:77} INFO - Job 2495: Subtask gcs_2_bq_ext_task
[2022-04-25 13:20:05,863] {logging_mixin.py:109} INFO - Running <TaskInstance: schedule_data_bq_dag.gcs_2_bq_ext_task scheduled__2015-01-01T00:00:00+00:00 [running]> on host de169a1be7ed
[2022-04-25 13:20:06,038] {taskinstance.py:1426} INFO - Exporting the following env vars:
AIRFLOW_CTX_DAG_OWNER=***
AIRFLOW_CTX_DAG_ID=schedule_data_bq_dag
AIRFLOW_CTX_TASK_ID=gcs_2_bq_ext_task
AIRFLOW_CTX_EXECUTION_DATE=2015-01-01T00:00:00+00:00
AIRFLOW_CTX_DAG_RUN_ID=scheduled__2015-01-01T00:00:00+00:00
[2022-04-25 13:20:06,040] {crypto.py:82} WARNING - empty cryptography key - values will not be stored encrypted.
[2022-04-25 13:20:06,640] {taskinstance.py:1277} INFO - Marking task as SUCCESS. dag_id=schedule_data_bq_dag, task_id=gcs_2_bq_ext_task, execution_date=20150101T000000, start_date=20220425T132005, end_date=20220425T132006
[2022-04-25 13:20:06,676] {local_task_job.py:154} INFO - Task exited with return code 0
[2022-04-25 13:20:06,707] {local_task_job.py:264} INFO - 0 downstream tasks scheduled from follow-on schedule check
