[2022-04-11 14:25:18,561] {taskinstance.py:1032} INFO - Dependencies all met for <TaskInstance: schedule_data.download_data scheduled__2019-01-01T00:00:00+00:00 [queued]>
[2022-04-11 14:25:18,572] {taskinstance.py:1032} INFO - Dependencies all met for <TaskInstance: schedule_data.download_data scheduled__2019-01-01T00:00:00+00:00 [queued]>
[2022-04-11 14:25:18,572] {taskinstance.py:1238} INFO - 
--------------------------------------------------------------------------------
[2022-04-11 14:25:18,572] {taskinstance.py:1239} INFO - Starting attempt 1 of 1
[2022-04-11 14:25:18,573] {taskinstance.py:1240} INFO - 
--------------------------------------------------------------------------------
[2022-04-11 14:25:18,586] {taskinstance.py:1259} INFO - Executing <Task(PythonOperator): download_data> on 2019-01-01 00:00:00+00:00
[2022-04-11 14:25:18,595] {standard_task_runner.py:52} INFO - Started process 328517 to run task
[2022-04-11 14:25:18,602] {standard_task_runner.py:76} INFO - Running: ['***', 'tasks', 'run', 'schedule_data', 'download_data', 'scheduled__2019-01-01T00:00:00+00:00', '--job-id', '1669', '--raw', '--subdir', 'DAGS_FOLDER/nfl_to_gcs.py', '--cfg-path', '/tmp/tmpuskqjcgu', '--error-file', '/tmp/tmpqy2leh5c']
[2022-04-11 14:25:18,603] {standard_task_runner.py:77} INFO - Job 1669: Subtask download_data
[2022-04-11 14:25:18,673] {logging_mixin.py:109} INFO - Running <TaskInstance: schedule_data.download_data scheduled__2019-01-01T00:00:00+00:00 [running]> on host 4ed3eda454fd
[2022-04-11 14:25:18,737] {taskinstance.py:1426} INFO - Exporting the following env vars:
AIRFLOW_CTX_DAG_OWNER=***
AIRFLOW_CTX_DAG_ID=schedule_data
AIRFLOW_CTX_TASK_ID=download_data
AIRFLOW_CTX_EXECUTION_DATE=2019-01-01T00:00:00+00:00
AIRFLOW_CTX_DAG_RUN_ID=scheduled__2019-01-01T00:00:00+00:00
[2022-04-11 14:25:19,115] {python.py:175} INFO - Done. Returned value was: None
[2022-04-11 14:25:19,129] {taskinstance.py:1277} INFO - Marking task as SUCCESS. dag_id=schedule_data, task_id=download_data, execution_date=20190101T000000, start_date=20220411T142518, end_date=20220411T142519
[2022-04-11 14:25:19,175] {local_task_job.py:154} INFO - Task exited with return code 0
[2022-04-11 14:25:19,222] {local_task_job.py:264} INFO - 1 downstream tasks scheduled from follow-on schedule check
[2022-04-11 18:57:55,738] {taskinstance.py:1032} INFO - Dependencies all met for <TaskInstance: schedule_data.download_data scheduled__2019-01-01T00:00:00+00:00 [queued]>
[2022-04-11 18:57:55,754] {taskinstance.py:1032} INFO - Dependencies all met for <TaskInstance: schedule_data.download_data scheduled__2019-01-01T00:00:00+00:00 [queued]>
[2022-04-11 18:57:55,755] {taskinstance.py:1238} INFO - 
--------------------------------------------------------------------------------
[2022-04-11 18:57:55,755] {taskinstance.py:1239} INFO - Starting attempt 1 of 1
[2022-04-11 18:57:55,755] {taskinstance.py:1240} INFO - 
--------------------------------------------------------------------------------
[2022-04-11 18:57:55,772] {taskinstance.py:1259} INFO - Executing <Task(PythonOperator): download_data> on 2019-01-01 00:00:00+00:00
[2022-04-11 18:57:55,781] {standard_task_runner.py:52} INFO - Started process 351311 to run task
[2022-04-11 18:57:55,786] {standard_task_runner.py:76} INFO - Running: ['***', 'tasks', 'run', 'schedule_data', 'download_data', 'scheduled__2019-01-01T00:00:00+00:00', '--job-id', '1705', '--raw', '--subdir', 'DAGS_FOLDER/nfl_to_gcs.py', '--cfg-path', '/tmp/tmpci79twsu', '--error-file', '/tmp/tmp_raqfvdp']
[2022-04-11 18:57:55,787] {standard_task_runner.py:77} INFO - Job 1705: Subtask download_data
[2022-04-11 18:57:55,844] {logging_mixin.py:109} INFO - Running <TaskInstance: schedule_data.download_data scheduled__2019-01-01T00:00:00+00:00 [running]> on host 4ed3eda454fd
[2022-04-11 18:57:55,907] {taskinstance.py:1426} INFO - Exporting the following env vars:
AIRFLOW_CTX_DAG_OWNER=***
AIRFLOW_CTX_DAG_ID=schedule_data
AIRFLOW_CTX_TASK_ID=download_data
AIRFLOW_CTX_EXECUTION_DATE=2019-01-01T00:00:00+00:00
AIRFLOW_CTX_DAG_RUN_ID=scheduled__2019-01-01T00:00:00+00:00
[2022-04-11 18:57:55,914] {logging_mixin.py:109} WARNING - /home/***/.local/lib/python3.7/site-packages/***/utils/context.py:152 AirflowContextDeprecationWarning: Accessing 'execution_date' from the template is deprecated and will be removed in a future version. Please use 'data_interval_start' or 'logical_date' instead.
[2022-04-11 18:57:55,916] {logging_mixin.py:109} WARNING - /home/***/.local/lib/python3.7/site-packages/***/utils/context.py:152 AirflowContextDeprecationWarning: Accessing 'next_ds' from the template is deprecated and will be removed in a future version. Please use '{{ data_interval_end | ds }}' instead.
[2022-04-11 18:57:55,917] {logging_mixin.py:109} WARNING - /home/***/.local/lib/python3.7/site-packages/***/utils/context.py:152 AirflowContextDeprecationWarning: Accessing 'next_ds_nodash' from the template is deprecated and will be removed in a future version. Please use '{{ data_interval_end | ds_nodash }}' instead.
[2022-04-11 18:57:55,918] {logging_mixin.py:109} WARNING - /home/***/.local/lib/python3.7/site-packages/***/utils/context.py:152 AirflowContextDeprecationWarning: Accessing 'next_execution_date' from the template is deprecated and will be removed in a future version. Please use 'data_interval_end' instead.
[2022-04-11 18:57:55,919] {logging_mixin.py:109} WARNING - /home/***/.local/lib/python3.7/site-packages/***/utils/context.py:152 AirflowContextDeprecationWarning: Accessing 'prev_ds' from the template is deprecated and will be removed in a future version.
[2022-04-11 18:57:55,920] {logging_mixin.py:109} WARNING - /home/***/.local/lib/python3.7/site-packages/***/utils/context.py:152 AirflowContextDeprecationWarning: Accessing 'prev_ds_nodash' from the template is deprecated and will be removed in a future version.
[2022-04-11 18:57:55,921] {logging_mixin.py:109} WARNING - /home/***/.local/lib/python3.7/site-packages/***/utils/context.py:152 AirflowContextDeprecationWarning: Accessing 'prev_execution_date' from the template is deprecated and will be removed in a future version.
[2022-04-11 18:57:55,922] {logging_mixin.py:109} WARNING - /home/***/.local/lib/python3.7/site-packages/***/utils/context.py:152 AirflowContextDeprecationWarning: Accessing 'prev_execution_date_success' from the template is deprecated and will be removed in a future version. Please use 'prev_data_interval_start_success' instead.
[2022-04-11 18:57:55,923] {logging_mixin.py:109} WARNING - /home/***/.local/lib/python3.7/site-packages/***/utils/context.py:152 AirflowContextDeprecationWarning: Accessing 'tomorrow_ds' from the template is deprecated and will be removed in a future version.
[2022-04-11 18:57:55,924] {logging_mixin.py:109} WARNING - /home/***/.local/lib/python3.7/site-packages/***/utils/context.py:152 AirflowContextDeprecationWarning: Accessing 'tomorrow_ds_nodash' from the template is deprecated and will be removed in a future version.
[2022-04-11 18:57:55,925] {logging_mixin.py:109} WARNING - /home/***/.local/lib/python3.7/site-packages/***/utils/context.py:152 AirflowContextDeprecationWarning: Accessing 'yesterday_ds' from the template is deprecated and will be removed in a future version.
[2022-04-11 18:57:55,926] {logging_mixin.py:109} WARNING - /home/***/.local/lib/python3.7/site-packages/***/utils/context.py:152 AirflowContextDeprecationWarning: Accessing 'yesterday_ds_nodash' from the template is deprecated and will be removed in a future version.
[2022-04-11 18:57:56,272] {python.py:175} INFO - Done. Returned value was: None
[2022-04-11 18:57:56,284] {taskinstance.py:1277} INFO - Marking task as SUCCESS. dag_id=schedule_data, task_id=download_data, execution_date=20190101T000000, start_date=20220411T185755, end_date=20220411T185756
[2022-04-11 18:57:56,319] {local_task_job.py:154} INFO - Task exited with return code 0
[2022-04-11 18:57:56,362] {local_task_job.py:264} INFO - 1 downstream tasks scheduled from follow-on schedule check
