[2022-04-11 14:56:08,109] {taskinstance.py:1032} INFO - Dependencies all met for <TaskInstance: schedule_data.download_data scheduled__2019-01-01T00:00:00+00:00 [queued]>
[2022-04-11 14:56:08,129] {taskinstance.py:1032} INFO - Dependencies all met for <TaskInstance: schedule_data.download_data scheduled__2019-01-01T00:00:00+00:00 [queued]>
[2022-04-11 14:56:08,130] {taskinstance.py:1238} INFO - 
--------------------------------------------------------------------------------
[2022-04-11 14:56:08,130] {taskinstance.py:1239} INFO - Starting attempt 4 of 4
[2022-04-11 14:56:08,130] {taskinstance.py:1240} INFO - 
--------------------------------------------------------------------------------
[2022-04-11 14:56:08,152] {taskinstance.py:1259} INFO - Executing <Task(PythonOperator): download_data> on 2019-01-01 00:00:00+00:00
[2022-04-11 14:56:08,163] {standard_task_runner.py:52} INFO - Started process 331132 to run task
[2022-04-11 14:56:08,171] {standard_task_runner.py:76} INFO - Running: ['***', 'tasks', 'run', 'schedule_data', 'download_data', 'scheduled__2019-01-01T00:00:00+00:00', '--job-id', '1675', '--raw', '--subdir', 'DAGS_FOLDER/nfl_to_gcs.py', '--cfg-path', '/tmp/tmp4vbs64ru', '--error-file', '/tmp/tmpfnwcwk4b']
[2022-04-11 14:56:08,172] {standard_task_runner.py:77} INFO - Job 1675: Subtask download_data
[2022-04-11 14:56:08,243] {logging_mixin.py:109} INFO - Running <TaskInstance: schedule_data.download_data scheduled__2019-01-01T00:00:00+00:00 [running]> on host 4ed3eda454fd
[2022-04-11 14:56:08,301] {logging_mixin.py:109} WARNING - /home/***/.local/lib/python3.7/site-packages/***/utils/context.py:152 AirflowContextDeprecationWarning: Accessing 'execution_date' from the template is deprecated and will be removed in a future version. Please use 'data_interval_start' or 'logical_date' instead.
[2022-04-11 14:56:08,326] {taskinstance.py:1426} INFO - Exporting the following env vars:
AIRFLOW_CTX_DAG_OWNER=***
AIRFLOW_CTX_DAG_ID=schedule_data
AIRFLOW_CTX_TASK_ID=download_data
AIRFLOW_CTX_EXECUTION_DATE=2019-01-01T00:00:00+00:00
AIRFLOW_CTX_DAG_RUN_ID=scheduled__2019-01-01T00:00:00+00:00
[2022-04-11 14:56:08,329] {logging_mixin.py:109} WARNING - /home/***/.local/lib/python3.7/site-packages/***/utils/context.py:152 AirflowContextDeprecationWarning: Accessing 'next_ds' from the template is deprecated and will be removed in a future version. Please use '{{ data_interval_end | ds }}' instead.
[2022-04-11 14:56:08,331] {logging_mixin.py:109} WARNING - /home/***/.local/lib/python3.7/site-packages/***/utils/context.py:152 AirflowContextDeprecationWarning: Accessing 'next_ds_nodash' from the template is deprecated and will be removed in a future version. Please use '{{ data_interval_end | ds_nodash }}' instead.
[2022-04-11 14:56:08,332] {logging_mixin.py:109} WARNING - /home/***/.local/lib/python3.7/site-packages/***/utils/context.py:152 AirflowContextDeprecationWarning: Accessing 'next_execution_date' from the template is deprecated and will be removed in a future version. Please use 'data_interval_end' instead.
[2022-04-11 14:56:08,333] {logging_mixin.py:109} WARNING - /home/***/.local/lib/python3.7/site-packages/***/utils/context.py:152 AirflowContextDeprecationWarning: Accessing 'prev_ds' from the template is deprecated and will be removed in a future version.
[2022-04-11 14:56:08,333] {logging_mixin.py:109} WARNING - /home/***/.local/lib/python3.7/site-packages/***/utils/context.py:152 AirflowContextDeprecationWarning: Accessing 'prev_ds_nodash' from the template is deprecated and will be removed in a future version.
[2022-04-11 14:56:08,334] {logging_mixin.py:109} WARNING - /home/***/.local/lib/python3.7/site-packages/***/utils/context.py:152 AirflowContextDeprecationWarning: Accessing 'prev_execution_date' from the template is deprecated and will be removed in a future version.
[2022-04-11 14:56:08,335] {logging_mixin.py:109} WARNING - /home/***/.local/lib/python3.7/site-packages/***/utils/context.py:152 AirflowContextDeprecationWarning: Accessing 'prev_execution_date_success' from the template is deprecated and will be removed in a future version. Please use 'prev_data_interval_start_success' instead.
[2022-04-11 14:56:08,336] {logging_mixin.py:109} WARNING - /home/***/.local/lib/python3.7/site-packages/***/utils/context.py:152 AirflowContextDeprecationWarning: Accessing 'tomorrow_ds' from the template is deprecated and will be removed in a future version.
[2022-04-11 14:56:08,337] {logging_mixin.py:109} WARNING - /home/***/.local/lib/python3.7/site-packages/***/utils/context.py:152 AirflowContextDeprecationWarning: Accessing 'tomorrow_ds_nodash' from the template is deprecated and will be removed in a future version.
[2022-04-11 14:56:08,338] {logging_mixin.py:109} WARNING - /home/***/.local/lib/python3.7/site-packages/***/utils/context.py:152 AirflowContextDeprecationWarning: Accessing 'yesterday_ds' from the template is deprecated and will be removed in a future version.
[2022-04-11 14:56:08,339] {logging_mixin.py:109} WARNING - /home/***/.local/lib/python3.7/site-packages/***/utils/context.py:152 AirflowContextDeprecationWarning: Accessing 'yesterday_ds_nodash' from the template is deprecated and will be removed in a future version.
[2022-04-11 14:56:08,764] {python.py:175} INFO - Done. Returned value was: None
[2022-04-11 14:56:08,779] {taskinstance.py:1277} INFO - Marking task as SUCCESS. dag_id=schedule_data, task_id=download_data, execution_date=20190101T000000, start_date=20220411T145608, end_date=20220411T145608
[2022-04-11 14:56:08,825] {local_task_job.py:154} INFO - Task exited with return code 0
[2022-04-11 14:56:08,875] {local_task_job.py:264} INFO - 1 downstream tasks scheduled from follow-on schedule check
