[2022-04-24 14:50:48,887] {taskinstance.py:1032} INFO - Dependencies all met for <TaskInstance: schedule_data_bq_dag.gcs_2_bq_ext_task scheduled__2019-01-01T00:00:00+00:00 [queued]>
[2022-04-24 14:50:48,900] {taskinstance.py:1032} INFO - Dependencies all met for <TaskInstance: schedule_data_bq_dag.gcs_2_bq_ext_task scheduled__2019-01-01T00:00:00+00:00 [queued]>
[2022-04-24 14:50:48,900] {taskinstance.py:1238} INFO - 
--------------------------------------------------------------------------------
[2022-04-24 14:50:48,900] {taskinstance.py:1239} INFO - Starting attempt 1 of 1
[2022-04-24 14:50:48,900] {taskinstance.py:1240} INFO - 
--------------------------------------------------------------------------------
[2022-04-24 14:50:48,916] {taskinstance.py:1259} INFO - Executing <Task(BigQueryCreateExternalTableOperator): gcs_2_bq_ext_task> on 2019-01-01 00:00:00+00:00
[2022-04-24 14:50:48,923] {standard_task_runner.py:52} INFO - Started process 3796 to run task
[2022-04-24 14:50:48,928] {standard_task_runner.py:76} INFO - Running: ['***', 'tasks', 'run', 'schedule_data_bq_dag', 'gcs_2_bq_ext_task', 'scheduled__2019-01-01T00:00:00+00:00', '--job-id', '2259', '--raw', '--subdir', 'DAGS_FOLDER/nfl_gcs_to_bq.py', '--cfg-path', '/tmp/tmp30pf6ojk', '--error-file', '/tmp/tmps0knkxtg']
[2022-04-24 14:50:48,929] {standard_task_runner.py:77} INFO - Job 2259: Subtask gcs_2_bq_ext_task
[2022-04-24 14:50:49,014] {logging_mixin.py:109} INFO - Running <TaskInstance: schedule_data_bq_dag.gcs_2_bq_ext_task scheduled__2019-01-01T00:00:00+00:00 [running]> on host 28475d5c3e7a
[2022-04-24 14:50:49,086] {taskinstance.py:1426} INFO - Exporting the following env vars:
AIRFLOW_CTX_DAG_OWNER=***
AIRFLOW_CTX_DAG_ID=schedule_data_bq_dag
AIRFLOW_CTX_TASK_ID=gcs_2_bq_ext_task
AIRFLOW_CTX_EXECUTION_DATE=2019-01-01T00:00:00+00:00
AIRFLOW_CTX_DAG_RUN_ID=scheduled__2019-01-01T00:00:00+00:00
[2022-04-24 14:50:49,087] {crypto.py:82} WARNING - empty cryptography key - values will not be stored encrypted.
[2022-04-24 14:50:49,688] {taskinstance.py:1277} INFO - Marking task as SUCCESS. dag_id=schedule_data_bq_dag, task_id=gcs_2_bq_ext_task, execution_date=20190101T000000, start_date=20220424T145048, end_date=20220424T145049
[2022-04-24 14:50:49,746] {local_task_job.py:154} INFO - Task exited with return code 0
[2022-04-24 14:50:49,804] {local_task_job.py:264} INFO - 0 downstream tasks scheduled from follow-on schedule check
[2022-04-24 14:54:29,226] {taskinstance.py:1032} INFO - Dependencies all met for <TaskInstance: schedule_data_bq_dag.gcs_2_bq_ext_task scheduled__2019-01-01T00:00:00+00:00 [queued]>
[2022-04-24 14:54:29,252] {taskinstance.py:1032} INFO - Dependencies all met for <TaskInstance: schedule_data_bq_dag.gcs_2_bq_ext_task scheduled__2019-01-01T00:00:00+00:00 [queued]>
[2022-04-24 14:54:29,252] {taskinstance.py:1238} INFO - 
--------------------------------------------------------------------------------
[2022-04-24 14:54:29,253] {taskinstance.py:1239} INFO - Starting attempt 1 of 1
[2022-04-24 14:54:29,253] {taskinstance.py:1240} INFO - 
--------------------------------------------------------------------------------
[2022-04-24 14:54:29,275] {taskinstance.py:1259} INFO - Executing <Task(BigQueryCreateExternalTableOperator): gcs_2_bq_ext_task> on 2019-01-01 00:00:00+00:00
[2022-04-24 14:54:29,283] {standard_task_runner.py:52} INFO - Started process 4332 to run task
[2022-04-24 14:54:29,301] {standard_task_runner.py:76} INFO - Running: ['***', 'tasks', 'run', 'schedule_data_bq_dag', 'gcs_2_bq_ext_task', 'scheduled__2019-01-01T00:00:00+00:00', '--job-id', '2287', '--raw', '--subdir', 'DAGS_FOLDER/nfl_gcs_to_bq.py', '--cfg-path', '/tmp/tmp87buxw2q', '--error-file', '/tmp/tmpekwn6lg3']
[2022-04-24 14:54:29,303] {standard_task_runner.py:77} INFO - Job 2287: Subtask gcs_2_bq_ext_task
[2022-04-24 14:54:29,445] {logging_mixin.py:109} INFO - Running <TaskInstance: schedule_data_bq_dag.gcs_2_bq_ext_task scheduled__2019-01-01T00:00:00+00:00 [running]> on host 28475d5c3e7a
[2022-04-24 14:54:29,576] {taskinstance.py:1426} INFO - Exporting the following env vars:
AIRFLOW_CTX_DAG_OWNER=***
AIRFLOW_CTX_DAG_ID=schedule_data_bq_dag
AIRFLOW_CTX_TASK_ID=gcs_2_bq_ext_task
AIRFLOW_CTX_EXECUTION_DATE=2019-01-01T00:00:00+00:00
AIRFLOW_CTX_DAG_RUN_ID=scheduled__2019-01-01T00:00:00+00:00
[2022-04-24 14:54:29,578] {crypto.py:82} WARNING - empty cryptography key - values will not be stored encrypted.
[2022-04-24 14:54:30,161] {taskinstance.py:1277} INFO - Marking task as SUCCESS. dag_id=schedule_data_bq_dag, task_id=gcs_2_bq_ext_task, execution_date=20190101T000000, start_date=20220424T145429, end_date=20220424T145430
[2022-04-24 14:54:30,209] {local_task_job.py:154} INFO - Task exited with return code 0
[2022-04-24 14:54:30,255] {local_task_job.py:264} INFO - 0 downstream tasks scheduled from follow-on schedule check
[2022-04-25 13:20:36,238] {taskinstance.py:1032} INFO - Dependencies all met for <TaskInstance: schedule_data_bq_dag.gcs_2_bq_ext_task scheduled__2019-01-01T00:00:00+00:00 [queued]>
[2022-04-25 13:20:36,253] {taskinstance.py:1032} INFO - Dependencies all met for <TaskInstance: schedule_data_bq_dag.gcs_2_bq_ext_task scheduled__2019-01-01T00:00:00+00:00 [queued]>
[2022-04-25 13:20:36,253] {taskinstance.py:1238} INFO - 
--------------------------------------------------------------------------------
[2022-04-25 13:20:36,253] {taskinstance.py:1239} INFO - Starting attempt 1 of 1
[2022-04-25 13:20:36,253] {taskinstance.py:1240} INFO - 
--------------------------------------------------------------------------------
[2022-04-25 13:20:36,270] {taskinstance.py:1259} INFO - Executing <Task(BigQueryCreateExternalTableOperator): gcs_2_bq_ext_task> on 2019-01-01 00:00:00+00:00
[2022-04-25 13:20:36,278] {standard_task_runner.py:52} INFO - Started process 6085 to run task
[2022-04-25 13:20:36,289] {standard_task_runner.py:76} INFO - Running: ['***', 'tasks', 'run', 'schedule_data_bq_dag', 'gcs_2_bq_ext_task', 'scheduled__2019-01-01T00:00:00+00:00', '--job-id', '2504', '--raw', '--subdir', 'DAGS_FOLDER/nfl_gcs_to_bq.py', '--cfg-path', '/tmp/tmptacgja19', '--error-file', '/tmp/tmpmrznt1l0']
[2022-04-25 13:20:36,291] {standard_task_runner.py:77} INFO - Job 2504: Subtask gcs_2_bq_ext_task
[2022-04-25 13:20:36,377] {logging_mixin.py:109} INFO - Running <TaskInstance: schedule_data_bq_dag.gcs_2_bq_ext_task scheduled__2019-01-01T00:00:00+00:00 [running]> on host de169a1be7ed
[2022-04-25 13:20:36,494] {taskinstance.py:1426} INFO - Exporting the following env vars:
AIRFLOW_CTX_DAG_OWNER=***
AIRFLOW_CTX_DAG_ID=schedule_data_bq_dag
AIRFLOW_CTX_TASK_ID=gcs_2_bq_ext_task
AIRFLOW_CTX_EXECUTION_DATE=2019-01-01T00:00:00+00:00
AIRFLOW_CTX_DAG_RUN_ID=scheduled__2019-01-01T00:00:00+00:00
[2022-04-25 13:20:36,496] {crypto.py:82} WARNING - empty cryptography key - values will not be stored encrypted.
[2022-04-25 13:20:37,095] {taskinstance.py:1277} INFO - Marking task as SUCCESS. dag_id=schedule_data_bq_dag, task_id=gcs_2_bq_ext_task, execution_date=20190101T000000, start_date=20220425T132036, end_date=20220425T132037
[2022-04-25 13:20:37,145] {local_task_job.py:154} INFO - Task exited with return code 0
[2022-04-25 13:20:37,175] {local_task_job.py:264} INFO - 0 downstream tasks scheduled from follow-on schedule check
