[2022-04-24 14:47:43,293] {taskinstance.py:1032} INFO - Dependencies all met for <TaskInstance: pbp_data_bq_dag.bq_ext_2_part_task scheduled__2021-01-01T00:00:00+00:00 [queued]>
[2022-04-24 14:47:43,306] {taskinstance.py:1032} INFO - Dependencies all met for <TaskInstance: pbp_data_bq_dag.bq_ext_2_part_task scheduled__2021-01-01T00:00:00+00:00 [queued]>
[2022-04-24 14:47:43,307] {taskinstance.py:1238} INFO - 
--------------------------------------------------------------------------------
[2022-04-24 14:47:43,307] {taskinstance.py:1239} INFO - Starting attempt 1 of 1
[2022-04-24 14:47:43,307] {taskinstance.py:1240} INFO - 
--------------------------------------------------------------------------------
[2022-04-24 14:47:43,322] {taskinstance.py:1259} INFO - Executing <Task(BigQueryInsertJobOperator): bq_ext_2_part_task> on 2021-01-01 00:00:00+00:00
[2022-04-24 14:47:43,331] {standard_task_runner.py:52} INFO - Started process 3210 to run task
[2022-04-24 14:47:43,338] {standard_task_runner.py:76} INFO - Running: ['***', 'tasks', 'run', 'pbp_data_bq_dag', 'bq_ext_2_part_task', 'scheduled__2021-01-01T00:00:00+00:00', '--job-id', '2214', '--raw', '--subdir', 'DAGS_FOLDER/nfl_gcs_to_bq.py', '--cfg-path', '/tmp/tmpjl3d5urs', '--error-file', '/tmp/tmph22f_lbh']
[2022-04-24 14:47:43,340] {standard_task_runner.py:77} INFO - Job 2214: Subtask bq_ext_2_part_task
[2022-04-24 14:47:43,418] {logging_mixin.py:109} INFO - Running <TaskInstance: pbp_data_bq_dag.bq_ext_2_part_task scheduled__2021-01-01T00:00:00+00:00 [running]> on host 28475d5c3e7a
[2022-04-24 14:47:43,496] {taskinstance.py:1426} INFO - Exporting the following env vars:
AIRFLOW_CTX_DAG_OWNER=***
AIRFLOW_CTX_DAG_ID=pbp_data_bq_dag
AIRFLOW_CTX_TASK_ID=bq_ext_2_part_task
AIRFLOW_CTX_EXECUTION_DATE=2021-01-01T00:00:00+00:00
AIRFLOW_CTX_DAG_RUN_ID=scheduled__2021-01-01T00:00:00+00:00
[2022-04-24 14:47:43,498] {crypto.py:82} WARNING - empty cryptography key - values will not be stored encrypted.
[2022-04-24 14:47:43,504] {logging_mixin.py:109} WARNING - /home/***/.local/lib/python3.7/site-packages/***/utils/context.py:152 AirflowContextDeprecationWarning: Accessing 'execution_date' from the template is deprecated and will be removed in a future version. Please use 'data_interval_start' or 'logical_date' instead.
[2022-04-24 14:47:43,512] {bigquery.py:1637} INFO - Inserting job ***_pbp_data_bq_dag_bq_ext_2_part_task_2021_01_01T00_00_00_00_00_d3e1a2e363bfd0e681aadb4f79be9d23
[2022-04-24 14:47:47,489] {taskinstance.py:1277} INFO - Marking task as SUCCESS. dag_id=pbp_data_bq_dag, task_id=bq_ext_2_part_task, execution_date=20210101T000000, start_date=20220424T144743, end_date=20220424T144747
[2022-04-24 14:47:47,524] {local_task_job.py:154} INFO - Task exited with return code 0
[2022-04-24 14:47:47,562] {local_task_job.py:264} INFO - 0 downstream tasks scheduled from follow-on schedule check
[2022-04-25 12:37:07,567] {taskinstance.py:1032} INFO - Dependencies all met for <TaskInstance: pbp_data_bq_dag.bq_ext_2_part_task scheduled__2021-01-01T00:00:00+00:00 [queued]>
[2022-04-25 12:37:07,583] {taskinstance.py:1032} INFO - Dependencies all met for <TaskInstance: pbp_data_bq_dag.bq_ext_2_part_task scheduled__2021-01-01T00:00:00+00:00 [queued]>
[2022-04-25 12:37:07,583] {taskinstance.py:1238} INFO - 
--------------------------------------------------------------------------------
[2022-04-25 12:37:07,583] {taskinstance.py:1239} INFO - Starting attempt 1 of 1
[2022-04-25 12:37:07,583] {taskinstance.py:1240} INFO - 
--------------------------------------------------------------------------------
[2022-04-25 12:37:07,600] {taskinstance.py:1259} INFO - Executing <Task(BigQueryInsertJobOperator): bq_ext_2_part_task> on 2021-01-01 00:00:00+00:00
[2022-04-25 12:37:07,607] {standard_task_runner.py:52} INFO - Started process 936 to run task
[2022-04-25 12:37:07,615] {standard_task_runner.py:76} INFO - Running: ['***', 'tasks', 'run', 'pbp_data_bq_dag', 'bq_ext_2_part_task', 'scheduled__2021-01-01T00:00:00+00:00', '--job-id', '2367', '--raw', '--subdir', 'DAGS_FOLDER/nfl_gcs_to_bq.py', '--cfg-path', '/tmp/tmp9emuq2yw', '--error-file', '/tmp/tmpfah54epc']
[2022-04-25 12:37:07,616] {standard_task_runner.py:77} INFO - Job 2367: Subtask bq_ext_2_part_task
[2022-04-25 12:37:07,709] {logging_mixin.py:109} INFO - Running <TaskInstance: pbp_data_bq_dag.bq_ext_2_part_task scheduled__2021-01-01T00:00:00+00:00 [running]> on host de169a1be7ed
[2022-04-25 12:37:07,802] {taskinstance.py:1426} INFO - Exporting the following env vars:
AIRFLOW_CTX_DAG_OWNER=***
AIRFLOW_CTX_DAG_ID=pbp_data_bq_dag
AIRFLOW_CTX_TASK_ID=bq_ext_2_part_task
AIRFLOW_CTX_EXECUTION_DATE=2021-01-01T00:00:00+00:00
AIRFLOW_CTX_DAG_RUN_ID=scheduled__2021-01-01T00:00:00+00:00
[2022-04-25 12:37:07,803] {crypto.py:82} WARNING - empty cryptography key - values will not be stored encrypted.
[2022-04-25 12:37:07,814] {logging_mixin.py:109} WARNING - /home/***/.local/lib/python3.7/site-packages/***/utils/context.py:152 AirflowContextDeprecationWarning: Accessing 'execution_date' from the template is deprecated and will be removed in a future version. Please use 'data_interval_start' or 'logical_date' instead.
[2022-04-25 12:37:07,825] {bigquery.py:1637} INFO - Inserting job ***_pbp_data_bq_dag_bq_ext_2_part_task_2021_01_01T00_00_00_00_00_0b91c418b3325af0b69a241dd7bc536d
[2022-04-25 12:37:11,800] {taskinstance.py:1277} INFO - Marking task as SUCCESS. dag_id=pbp_data_bq_dag, task_id=bq_ext_2_part_task, execution_date=20210101T000000, start_date=20220425T123707, end_date=20220425T123711
[2022-04-25 12:37:11,845] {local_task_job.py:154} INFO - Task exited with return code 0
[2022-04-25 12:37:11,903] {local_task_job.py:264} INFO - 0 downstream tasks scheduled from follow-on schedule check
