[2022-04-11 14:25:51,056] {taskinstance.py:1032} INFO - Dependencies all met for <TaskInstance: schedule_data.rm_task scheduled__2019-01-01T00:00:00+00:00 [queued]>
[2022-04-11 14:25:51,067] {taskinstance.py:1032} INFO - Dependencies all met for <TaskInstance: schedule_data.rm_task scheduled__2019-01-01T00:00:00+00:00 [queued]>
[2022-04-11 14:25:51,067] {taskinstance.py:1238} INFO - 
--------------------------------------------------------------------------------
[2022-04-11 14:25:51,067] {taskinstance.py:1239} INFO - Starting attempt 1 of 1
[2022-04-11 14:25:51,067] {taskinstance.py:1240} INFO - 
--------------------------------------------------------------------------------
[2022-04-11 14:25:51,079] {taskinstance.py:1259} INFO - Executing <Task(BashOperator): rm_task> on 2019-01-01 00:00:00+00:00
[2022-04-11 14:25:51,087] {standard_task_runner.py:52} INFO - Started process 328575 to run task
[2022-04-11 14:25:51,092] {standard_task_runner.py:76} INFO - Running: ['***', 'tasks', 'run', 'schedule_data', 'rm_task', 'scheduled__2019-01-01T00:00:00+00:00', '--job-id', '1672', '--raw', '--subdir', 'DAGS_FOLDER/nfl_to_gcs.py', '--cfg-path', '/tmp/tmpdkwx7oph', '--error-file', '/tmp/tmp5gzxqi_0']
[2022-04-11 14:25:51,093] {standard_task_runner.py:77} INFO - Job 1672: Subtask rm_task
[2022-04-11 14:25:51,173] {logging_mixin.py:109} INFO - Running <TaskInstance: schedule_data.rm_task scheduled__2019-01-01T00:00:00+00:00 [running]> on host 4ed3eda454fd
[2022-04-11 14:25:51,250] {taskinstance.py:1426} INFO - Exporting the following env vars:
AIRFLOW_CTX_DAG_OWNER=***
AIRFLOW_CTX_DAG_ID=schedule_data
AIRFLOW_CTX_TASK_ID=rm_task
AIRFLOW_CTX_EXECUTION_DATE=2019-01-01T00:00:00+00:00
AIRFLOW_CTX_DAG_RUN_ID=scheduled__2019-01-01T00:00:00+00:00
[2022-04-11 14:25:51,251] {subprocess.py:62} INFO - Tmp dir root location: 
 /tmp
[2022-04-11 14:25:51,252] {subprocess.py:74} INFO - Running command: ['bash', '-c', 'rm /opt/***/test.parquet']
[2022-04-11 14:25:51,270] {subprocess.py:85} INFO - Output:
[2022-04-11 14:25:51,275] {subprocess.py:93} INFO - Command exited with return code 0
[2022-04-11 14:25:51,312] {taskinstance.py:1277} INFO - Marking task as SUCCESS. dag_id=schedule_data, task_id=rm_task, execution_date=20190101T000000, start_date=20220411T142551, end_date=20220411T142551
[2022-04-11 14:25:51,344] {local_task_job.py:154} INFO - Task exited with return code 0
[2022-04-11 14:25:51,415] {local_task_job.py:264} INFO - 0 downstream tasks scheduled from follow-on schedule check
[2022-04-11 18:58:00,172] {taskinstance.py:1032} INFO - Dependencies all met for <TaskInstance: schedule_data.rm_task scheduled__2019-01-01T00:00:00+00:00 [queued]>
[2022-04-11 18:58:00,196] {taskinstance.py:1032} INFO - Dependencies all met for <TaskInstance: schedule_data.rm_task scheduled__2019-01-01T00:00:00+00:00 [queued]>
[2022-04-11 18:58:00,196] {taskinstance.py:1238} INFO - 
--------------------------------------------------------------------------------
[2022-04-11 18:58:00,196] {taskinstance.py:1239} INFO - Starting attempt 1 of 1
[2022-04-11 18:58:00,196] {taskinstance.py:1240} INFO - 
--------------------------------------------------------------------------------
[2022-04-11 18:58:00,211] {taskinstance.py:1259} INFO - Executing <Task(BashOperator): rm_task> on 2019-01-01 00:00:00+00:00
[2022-04-11 18:58:00,219] {standard_task_runner.py:52} INFO - Started process 351333 to run task
[2022-04-11 18:58:00,225] {standard_task_runner.py:76} INFO - Running: ['***', 'tasks', 'run', 'schedule_data', 'rm_task', 'scheduled__2019-01-01T00:00:00+00:00', '--job-id', '1707', '--raw', '--subdir', 'DAGS_FOLDER/nfl_to_gcs.py', '--cfg-path', '/tmp/tmpvght2xgv', '--error-file', '/tmp/tmpp6u4tf4w']
[2022-04-11 18:58:00,226] {standard_task_runner.py:77} INFO - Job 1707: Subtask rm_task
[2022-04-11 18:58:00,291] {logging_mixin.py:109} INFO - Running <TaskInstance: schedule_data.rm_task scheduled__2019-01-01T00:00:00+00:00 [running]> on host 4ed3eda454fd
[2022-04-11 18:58:00,365] {taskinstance.py:1426} INFO - Exporting the following env vars:
AIRFLOW_CTX_DAG_OWNER=***
AIRFLOW_CTX_DAG_ID=schedule_data
AIRFLOW_CTX_TASK_ID=rm_task
AIRFLOW_CTX_EXECUTION_DATE=2019-01-01T00:00:00+00:00
AIRFLOW_CTX_DAG_RUN_ID=scheduled__2019-01-01T00:00:00+00:00
[2022-04-11 18:58:00,369] {subprocess.py:62} INFO - Tmp dir root location: 
 /tmp
[2022-04-11 18:58:00,369] {subprocess.py:74} INFO - Running command: ['bash', '-c', 'echo None']
[2022-04-11 18:58:00,384] {subprocess.py:85} INFO - Output:
[2022-04-11 18:58:00,387] {subprocess.py:89} INFO - None
[2022-04-11 18:58:00,387] {subprocess.py:93} INFO - Command exited with return code 0
[2022-04-11 18:58:00,422] {taskinstance.py:1277} INFO - Marking task as SUCCESS. dag_id=schedule_data, task_id=rm_task, execution_date=20190101T000000, start_date=20220411T185800, end_date=20220411T185800
[2022-04-11 18:58:00,480] {local_task_job.py:154} INFO - Task exited with return code 0
[2022-04-11 18:58:00,519] {local_task_job.py:264} INFO - 0 downstream tasks scheduled from follow-on schedule check
[2022-04-11 20:06:59,212] {taskinstance.py:1032} INFO - Dependencies all met for <TaskInstance: schedule_data.rm_task scheduled__2019-01-01T00:00:00+00:00 [queued]>
[2022-04-11 20:06:59,228] {taskinstance.py:1032} INFO - Dependencies all met for <TaskInstance: schedule_data.rm_task scheduled__2019-01-01T00:00:00+00:00 [queued]>
[2022-04-11 20:06:59,229] {taskinstance.py:1238} INFO - 
--------------------------------------------------------------------------------
[2022-04-11 20:06:59,229] {taskinstance.py:1239} INFO - Starting attempt 1 of 1
[2022-04-11 20:06:59,229] {taskinstance.py:1240} INFO - 
--------------------------------------------------------------------------------
[2022-04-11 20:06:59,251] {taskinstance.py:1259} INFO - Executing <Task(BashOperator): rm_task> on 2019-01-01 00:00:00+00:00
[2022-04-11 20:06:59,279] {standard_task_runner.py:52} INFO - Started process 359116 to run task
[2022-04-11 20:06:59,292] {standard_task_runner.py:76} INFO - Running: ['***', 'tasks', 'run', 'schedule_data', 'rm_task', 'scheduled__2019-01-01T00:00:00+00:00', '--job-id', '1999', '--raw', '--subdir', 'DAGS_FOLDER/nfl_to_gcs.py', '--cfg-path', '/tmp/tmpxf_cg5ja', '--error-file', '/tmp/tmpsih9egfz']
[2022-04-11 20:06:59,294] {standard_task_runner.py:77} INFO - Job 1999: Subtask rm_task
[2022-04-11 20:06:59,407] {logging_mixin.py:109} INFO - Running <TaskInstance: schedule_data.rm_task scheduled__2019-01-01T00:00:00+00:00 [running]> on host 4ed3eda454fd
[2022-04-11 20:06:59,510] {taskinstance.py:1426} INFO - Exporting the following env vars:
AIRFLOW_CTX_DAG_OWNER=***
AIRFLOW_CTX_DAG_ID=schedule_data
AIRFLOW_CTX_TASK_ID=rm_task
AIRFLOW_CTX_EXECUTION_DATE=2019-01-01T00:00:00+00:00
AIRFLOW_CTX_DAG_RUN_ID=scheduled__2019-01-01T00:00:00+00:00
[2022-04-11 20:06:59,511] {subprocess.py:62} INFO - Tmp dir root location: 
 /tmp
[2022-04-11 20:06:59,512] {subprocess.py:74} INFO - Running command: ['bash', '-c', 'rm "/opt/***/schedule_data_2019.parquet"']
[2022-04-11 20:06:59,537] {subprocess.py:85} INFO - Output:
[2022-04-11 20:06:59,543] {subprocess.py:93} INFO - Command exited with return code 0
[2022-04-11 20:06:59,580] {taskinstance.py:1277} INFO - Marking task as SUCCESS. dag_id=schedule_data, task_id=rm_task, execution_date=20190101T000000, start_date=20220411T200659, end_date=20220411T200659
[2022-04-11 20:06:59,626] {local_task_job.py:154} INFO - Task exited with return code 0
[2022-04-11 20:06:59,672] {local_task_job.py:264} INFO - 0 downstream tasks scheduled from follow-on schedule check
