[2022-04-11 14:56:13,171] {taskinstance.py:1032} INFO - Dependencies all met for <TaskInstance: schedule_data.rm_task scheduled__2019-01-01T00:00:00+00:00 [queued]>
[2022-04-11 14:56:13,185] {taskinstance.py:1032} INFO - Dependencies all met for <TaskInstance: schedule_data.rm_task scheduled__2019-01-01T00:00:00+00:00 [queued]>
[2022-04-11 14:56:13,186] {taskinstance.py:1238} INFO - 
--------------------------------------------------------------------------------
[2022-04-11 14:56:13,186] {taskinstance.py:1239} INFO - Starting attempt 2 of 2
[2022-04-11 14:56:13,186] {taskinstance.py:1240} INFO - 
--------------------------------------------------------------------------------
[2022-04-11 14:56:13,200] {taskinstance.py:1259} INFO - Executing <Task(BashOperator): rm_task> on 2019-01-01 00:00:00+00:00
[2022-04-11 14:56:13,211] {standard_task_runner.py:52} INFO - Started process 331144 to run task
[2022-04-11 14:56:13,217] {standard_task_runner.py:76} INFO - Running: ['***', 'tasks', 'run', 'schedule_data', 'rm_task', 'scheduled__2019-01-01T00:00:00+00:00', '--job-id', '1677', '--raw', '--subdir', 'DAGS_FOLDER/nfl_to_gcs.py', '--cfg-path', '/tmp/tmpuu7yc87v', '--error-file', '/tmp/tmpmi398q9q']
[2022-04-11 14:56:13,218] {standard_task_runner.py:77} INFO - Job 1677: Subtask rm_task
[2022-04-11 14:56:13,289] {logging_mixin.py:109} INFO - Running <TaskInstance: schedule_data.rm_task scheduled__2019-01-01T00:00:00+00:00 [running]> on host 4ed3eda454fd
[2022-04-11 14:56:13,354] {logging_mixin.py:109} WARNING - /home/***/.local/lib/python3.7/site-packages/***/utils/context.py:152 AirflowContextDeprecationWarning: Accessing 'execution_date' from the template is deprecated and will be removed in a future version. Please use 'data_interval_start' or 'logical_date' instead.
[2022-04-11 14:56:13,385] {taskinstance.py:1426} INFO - Exporting the following env vars:
AIRFLOW_CTX_DAG_OWNER=***
AIRFLOW_CTX_DAG_ID=schedule_data
AIRFLOW_CTX_TASK_ID=rm_task
AIRFLOW_CTX_EXECUTION_DATE=2019-01-01T00:00:00+00:00
AIRFLOW_CTX_DAG_RUN_ID=scheduled__2019-01-01T00:00:00+00:00
[2022-04-11 14:56:13,387] {subprocess.py:62} INFO - Tmp dir root location: 
 /tmp
[2022-04-11 14:56:13,388] {subprocess.py:74} INFO - Running command: ['bash', '-c', 'rm /opt/***/yellow_tripdata_2019-01.parquet']
[2022-04-11 14:56:13,412] {subprocess.py:85} INFO - Output:
[2022-04-11 14:56:13,420] {subprocess.py:93} INFO - Command exited with return code 0
[2022-04-11 14:56:13,460] {taskinstance.py:1277} INFO - Marking task as SUCCESS. dag_id=schedule_data, task_id=rm_task, execution_date=20190101T000000, start_date=20220411T145613, end_date=20220411T145613
[2022-04-11 14:56:13,510] {local_task_job.py:154} INFO - Task exited with return code 0
[2022-04-11 14:56:13,552] {local_task_job.py:264} INFO - 0 downstream tasks scheduled from follow-on schedule check
[2022-04-11 18:59:41,479] {taskinstance.py:1032} INFO - Dependencies all met for <TaskInstance: schedule_data.rm_task scheduled__2019-01-01T00:00:00+00:00 [queued]>
[2022-04-11 18:59:41,492] {taskinstance.py:1032} INFO - Dependencies all met for <TaskInstance: schedule_data.rm_task scheduled__2019-01-01T00:00:00+00:00 [queued]>
[2022-04-11 18:59:41,492] {taskinstance.py:1238} INFO - 
--------------------------------------------------------------------------------
[2022-04-11 18:59:41,492] {taskinstance.py:1239} INFO - Starting attempt 2 of 2
[2022-04-11 18:59:41,492] {taskinstance.py:1240} INFO - 
--------------------------------------------------------------------------------
[2022-04-11 18:59:41,504] {taskinstance.py:1259} INFO - Executing <Task(BashOperator): rm_task> on 2019-01-01 00:00:00+00:00
[2022-04-11 18:59:41,512] {standard_task_runner.py:52} INFO - Started process 351484 to run task
[2022-04-11 18:59:41,517] {standard_task_runner.py:76} INFO - Running: ['***', 'tasks', 'run', 'schedule_data', 'rm_task', 'scheduled__2019-01-01T00:00:00+00:00', '--job-id', '1710', '--raw', '--subdir', 'DAGS_FOLDER/nfl_to_gcs.py', '--cfg-path', '/tmp/tmpp0fimzys', '--error-file', '/tmp/tmpr_4v6c6l']
[2022-04-11 18:59:41,518] {standard_task_runner.py:77} INFO - Job 1710: Subtask rm_task
[2022-04-11 18:59:41,579] {logging_mixin.py:109} INFO - Running <TaskInstance: schedule_data.rm_task scheduled__2019-01-01T00:00:00+00:00 [running]> on host 4ed3eda454fd
[2022-04-11 18:59:41,654] {taskinstance.py:1426} INFO - Exporting the following env vars:
AIRFLOW_CTX_DAG_OWNER=***
AIRFLOW_CTX_DAG_ID=schedule_data
AIRFLOW_CTX_TASK_ID=rm_task
AIRFLOW_CTX_EXECUTION_DATE=2019-01-01T00:00:00+00:00
AIRFLOW_CTX_DAG_RUN_ID=scheduled__2019-01-01T00:00:00+00:00
[2022-04-11 18:59:41,655] {subprocess.py:62} INFO - Tmp dir root location: 
 /tmp
[2022-04-11 18:59:41,656] {subprocess.py:74} INFO - Running command: ['bash', '-c', 'echo None']
[2022-04-11 18:59:41,671] {subprocess.py:85} INFO - Output:
[2022-04-11 18:59:41,674] {subprocess.py:89} INFO - None
[2022-04-11 18:59:41,674] {subprocess.py:93} INFO - Command exited with return code 0
[2022-04-11 18:59:41,702] {taskinstance.py:1277} INFO - Marking task as SUCCESS. dag_id=schedule_data, task_id=rm_task, execution_date=20190101T000000, start_date=20220411T185941, end_date=20220411T185941
[2022-04-11 18:59:41,729] {local_task_job.py:154} INFO - Task exited with return code 0
[2022-04-11 18:59:41,764] {local_task_job.py:264} INFO - 0 downstream tasks scheduled from follow-on schedule check
