[2022-04-11 17:38:50,333] {taskinstance.py:1032} INFO - Dependencies all met for <TaskInstance: schedule_data.rm_task scheduled__2019-01-01T00:00:00+00:00 [queued]>
[2022-04-11 17:38:50,345] {taskinstance.py:1032} INFO - Dependencies all met for <TaskInstance: schedule_data.rm_task scheduled__2019-01-01T00:00:00+00:00 [queued]>
[2022-04-11 17:38:50,345] {taskinstance.py:1238} INFO - 
--------------------------------------------------------------------------------
[2022-04-11 17:38:50,345] {taskinstance.py:1239} INFO - Starting attempt 9 of 9
[2022-04-11 17:38:50,345] {taskinstance.py:1240} INFO - 
--------------------------------------------------------------------------------
[2022-04-11 17:38:50,357] {taskinstance.py:1259} INFO - Executing <Task(BashOperator): rm_task> on 2019-01-01 00:00:00+00:00
[2022-04-11 17:38:50,365] {standard_task_runner.py:52} INFO - Started process 344689 to run task
[2022-04-11 17:38:50,370] {standard_task_runner.py:76} INFO - Running: ['***', 'tasks', 'run', 'schedule_data', 'rm_task', 'scheduled__2019-01-01T00:00:00+00:00', '--job-id', '1695', '--raw', '--subdir', 'DAGS_FOLDER/nfl_to_gcs.py', '--cfg-path', '/tmp/tmp_6z5hjd2', '--error-file', '/tmp/tmpeanqrguc']
[2022-04-11 17:38:50,371] {standard_task_runner.py:77} INFO - Job 1695: Subtask rm_task
[2022-04-11 17:38:50,430] {logging_mixin.py:109} INFO - Running <TaskInstance: schedule_data.rm_task scheduled__2019-01-01T00:00:00+00:00 [running]> on host 4ed3eda454fd
[2022-04-11 17:38:50,506] {taskinstance.py:1426} INFO - Exporting the following env vars:
AIRFLOW_CTX_DAG_OWNER=***
AIRFLOW_CTX_DAG_ID=schedule_data
AIRFLOW_CTX_TASK_ID=rm_task
AIRFLOW_CTX_EXECUTION_DATE=2019-01-01T00:00:00+00:00
AIRFLOW_CTX_DAG_RUN_ID=scheduled__2019-01-01T00:00:00+00:00
[2022-04-11 17:38:50,507] {subprocess.py:62} INFO - Tmp dir root location: 
 /tmp
[2022-04-11 17:38:50,508] {subprocess.py:74} INFO - Running command: ['bash', '-c', 'echo None']
[2022-04-11 17:38:50,523] {subprocess.py:85} INFO - Output:
[2022-04-11 17:38:50,526] {subprocess.py:89} INFO - None
[2022-04-11 17:38:50,526] {subprocess.py:93} INFO - Command exited with return code 0
[2022-04-11 17:38:50,556] {taskinstance.py:1277} INFO - Marking task as SUCCESS. dag_id=schedule_data, task_id=rm_task, execution_date=20190101T000000, start_date=20220411T173850, end_date=20220411T173850
[2022-04-11 17:38:50,583] {local_task_job.py:154} INFO - Task exited with return code 0
[2022-04-11 17:38:50,617] {local_task_job.py:264} INFO - 0 downstream tasks scheduled from follow-on schedule check
