[2022-04-11 20:00:13,367] {taskinstance.py:1032} INFO - Dependencies all met for <TaskInstance: roster_data.rm_task scheduled__2002-01-01T00:00:00+00:00 [queued]>
[2022-04-11 20:00:13,397] {taskinstance.py:1032} INFO - Dependencies all met for <TaskInstance: roster_data.rm_task scheduled__2002-01-01T00:00:00+00:00 [queued]>
[2022-04-11 20:00:13,398] {taskinstance.py:1238} INFO - 
--------------------------------------------------------------------------------
[2022-04-11 20:00:13,398] {taskinstance.py:1239} INFO - Starting attempt 1 of 1
[2022-04-11 20:00:13,398] {taskinstance.py:1240} INFO - 
--------------------------------------------------------------------------------
[2022-04-11 20:00:13,444] {taskinstance.py:1259} INFO - Executing <Task(BashOperator): rm_task> on 2002-01-01 00:00:00+00:00
[2022-04-11 20:00:13,474] {standard_task_runner.py:52} INFO - Started process 356899 to run task
[2022-04-11 20:00:13,493] {standard_task_runner.py:76} INFO - Running: ['***', 'tasks', 'run', 'roster_data', 'rm_task', 'scheduled__2002-01-01T00:00:00+00:00', '--job-id', '1766', '--raw', '--subdir', 'DAGS_FOLDER/nfl_to_gcs.py', '--cfg-path', '/tmp/tmp9p0zhkeh', '--error-file', '/tmp/tmpdghe0732']
[2022-04-11 20:00:13,494] {standard_task_runner.py:77} INFO - Job 1766: Subtask rm_task
[2022-04-11 20:00:13,646] {logging_mixin.py:109} INFO - Running <TaskInstance: roster_data.rm_task scheduled__2002-01-01T00:00:00+00:00 [running]> on host 4ed3eda454fd
[2022-04-11 20:00:13,856] {taskinstance.py:1426} INFO - Exporting the following env vars:
AIRFLOW_CTX_DAG_OWNER=***
AIRFLOW_CTX_DAG_ID=roster_data
AIRFLOW_CTX_TASK_ID=rm_task
AIRFLOW_CTX_EXECUTION_DATE=2002-01-01T00:00:00+00:00
AIRFLOW_CTX_DAG_RUN_ID=scheduled__2002-01-01T00:00:00+00:00
[2022-04-11 20:00:13,858] {subprocess.py:62} INFO - Tmp dir root location: 
 /tmp
[2022-04-11 20:00:13,859] {subprocess.py:74} INFO - Running command: ['bash', '-c', 'rm "/opt/***/roster_data_2002.parquet"']
[2022-04-11 20:00:13,899] {subprocess.py:85} INFO - Output:
[2022-04-11 20:00:13,906] {subprocess.py:93} INFO - Command exited with return code 0
[2022-04-11 20:00:13,963] {taskinstance.py:1277} INFO - Marking task as SUCCESS. dag_id=roster_data, task_id=rm_task, execution_date=20020101T000000, start_date=20220411T200013, end_date=20220411T200013
[2022-04-11 20:00:14,044] {local_task_job.py:154} INFO - Task exited with return code 0
[2022-04-11 20:00:14,133] {local_task_job.py:264} INFO - 0 downstream tasks scheduled from follow-on schedule check
[2022-04-23 16:30:48,077] {taskinstance.py:1032} INFO - Dependencies all met for <TaskInstance: roster_data.rm_task scheduled__2002-01-01T00:00:00+00:00 [queued]>
[2022-04-23 16:30:48,101] {taskinstance.py:1032} INFO - Dependencies all met for <TaskInstance: roster_data.rm_task scheduled__2002-01-01T00:00:00+00:00 [queued]>
[2022-04-23 16:30:48,101] {taskinstance.py:1238} INFO - 
--------------------------------------------------------------------------------
[2022-04-23 16:30:48,101] {taskinstance.py:1239} INFO - Starting attempt 1 of 1
[2022-04-23 16:30:48,102] {taskinstance.py:1240} INFO - 
--------------------------------------------------------------------------------
[2022-04-23 16:30:48,123] {taskinstance.py:1259} INFO - Executing <Task(BashOperator): rm_task> on 2002-01-01 00:00:00+00:00
[2022-04-23 16:30:48,131] {standard_task_runner.py:52} INFO - Started process 2345 to run task
[2022-04-23 16:30:48,144] {standard_task_runner.py:76} INFO - Running: ['***', 'tasks', 'run', 'roster_data', 'rm_task', 'scheduled__2002-01-01T00:00:00+00:00', '--job-id', '2055', '--raw', '--subdir', 'DAGS_FOLDER/nfl_to_gcs.py', '--cfg-path', '/tmp/tmp9tj_p9zf', '--error-file', '/tmp/tmpnflp0rbe']
[2022-04-23 16:30:48,146] {standard_task_runner.py:77} INFO - Job 2055: Subtask rm_task
[2022-04-23 16:30:48,249] {logging_mixin.py:109} INFO - Running <TaskInstance: roster_data.rm_task scheduled__2002-01-01T00:00:00+00:00 [running]> on host 04f3a8edbeca
[2022-04-23 16:30:48,371] {taskinstance.py:1426} INFO - Exporting the following env vars:
AIRFLOW_CTX_DAG_OWNER=***
AIRFLOW_CTX_DAG_ID=roster_data
AIRFLOW_CTX_TASK_ID=rm_task
AIRFLOW_CTX_EXECUTION_DATE=2002-01-01T00:00:00+00:00
AIRFLOW_CTX_DAG_RUN_ID=scheduled__2002-01-01T00:00:00+00:00
[2022-04-23 16:30:48,373] {subprocess.py:62} INFO - Tmp dir root location: 
 /tmp
[2022-04-23 16:30:48,376] {subprocess.py:74} INFO - Running command: ['bash', '-c', 'rm "/opt/***/roster_data_2002.parquet"']
[2022-04-23 16:30:48,399] {subprocess.py:85} INFO - Output:
[2022-04-23 16:30:48,404] {subprocess.py:93} INFO - Command exited with return code 0
[2022-04-23 16:30:48,444] {taskinstance.py:1277} INFO - Marking task as SUCCESS. dag_id=roster_data, task_id=rm_task, execution_date=20020101T000000, start_date=20220423T163048, end_date=20220423T163048
[2022-04-23 16:30:48,490] {local_task_job.py:154} INFO - Task exited with return code 0
[2022-04-23 16:30:48,540] {local_task_job.py:264} INFO - 0 downstream tasks scheduled from follow-on schedule check
