[2022-04-11 20:01:14,418] {taskinstance.py:1032} INFO - Dependencies all met for <TaskInstance: roster_data.rm_task scheduled__2010-01-01T00:00:00+00:00 [queued]>
[2022-04-11 20:01:14,434] {taskinstance.py:1032} INFO - Dependencies all met for <TaskInstance: roster_data.rm_task scheduled__2010-01-01T00:00:00+00:00 [queued]>
[2022-04-11 20:01:14,435] {taskinstance.py:1238} INFO - 
--------------------------------------------------------------------------------
[2022-04-11 20:01:14,435] {taskinstance.py:1239} INFO - Starting attempt 1 of 1
[2022-04-11 20:01:14,435] {taskinstance.py:1240} INFO - 
--------------------------------------------------------------------------------
[2022-04-11 20:01:14,470] {taskinstance.py:1259} INFO - Executing <Task(BashOperator): rm_task> on 2010-01-01 00:00:00+00:00
[2022-04-11 20:01:14,483] {standard_task_runner.py:52} INFO - Started process 357314 to run task
[2022-04-11 20:01:14,497] {standard_task_runner.py:76} INFO - Running: ['***', 'tasks', 'run', 'roster_data', 'rm_task', 'scheduled__2010-01-01T00:00:00+00:00', '--job-id', '1811', '--raw', '--subdir', 'DAGS_FOLDER/nfl_to_gcs.py', '--cfg-path', '/tmp/tmpelrdy1h8', '--error-file', '/tmp/tmprob67oei']
[2022-04-11 20:01:14,501] {standard_task_runner.py:77} INFO - Job 1811: Subtask rm_task
[2022-04-11 20:01:14,648] {logging_mixin.py:109} INFO - Running <TaskInstance: roster_data.rm_task scheduled__2010-01-01T00:00:00+00:00 [running]> on host 4ed3eda454fd
[2022-04-11 20:01:14,884] {taskinstance.py:1426} INFO - Exporting the following env vars:
AIRFLOW_CTX_DAG_OWNER=***
AIRFLOW_CTX_DAG_ID=roster_data
AIRFLOW_CTX_TASK_ID=rm_task
AIRFLOW_CTX_EXECUTION_DATE=2010-01-01T00:00:00+00:00
AIRFLOW_CTX_DAG_RUN_ID=scheduled__2010-01-01T00:00:00+00:00
[2022-04-11 20:01:14,886] {subprocess.py:62} INFO - Tmp dir root location: 
 /tmp
[2022-04-11 20:01:14,887] {subprocess.py:74} INFO - Running command: ['bash', '-c', 'rm "/opt/***/roster_data_2010.parquet"']
[2022-04-11 20:01:14,910] {subprocess.py:85} INFO - Output:
[2022-04-11 20:01:14,917] {subprocess.py:93} INFO - Command exited with return code 0
[2022-04-11 20:01:15,152] {taskinstance.py:1277} INFO - Marking task as SUCCESS. dag_id=roster_data, task_id=rm_task, execution_date=20100101T000000, start_date=20220411T200114, end_date=20220411T200115
[2022-04-11 20:01:15,233] {local_task_job.py:154} INFO - Task exited with return code 0
[2022-04-11 20:01:15,292] {local_task_job.py:264} INFO - 0 downstream tasks scheduled from follow-on schedule check
[2022-04-23 16:31:48,063] {taskinstance.py:1032} INFO - Dependencies all met for <TaskInstance: roster_data.rm_task scheduled__2010-01-01T00:00:00+00:00 [queued]>
[2022-04-23 16:31:48,097] {taskinstance.py:1032} INFO - Dependencies all met for <TaskInstance: roster_data.rm_task scheduled__2010-01-01T00:00:00+00:00 [queued]>
[2022-04-23 16:31:48,097] {taskinstance.py:1238} INFO - 
--------------------------------------------------------------------------------
[2022-04-23 16:31:48,097] {taskinstance.py:1239} INFO - Starting attempt 1 of 1
[2022-04-23 16:31:48,098] {taskinstance.py:1240} INFO - 
--------------------------------------------------------------------------------
[2022-04-23 16:31:48,133] {taskinstance.py:1259} INFO - Executing <Task(BashOperator): rm_task> on 2010-01-01 00:00:00+00:00
[2022-04-23 16:31:48,161] {standard_task_runner.py:52} INFO - Started process 2785 to run task
[2022-04-23 16:31:48,177] {standard_task_runner.py:76} INFO - Running: ['***', 'tasks', 'run', 'roster_data', 'rm_task', 'scheduled__2010-01-01T00:00:00+00:00', '--job-id', '2097', '--raw', '--subdir', 'DAGS_FOLDER/nfl_to_gcs.py', '--cfg-path', '/tmp/tmptfmwrpz5', '--error-file', '/tmp/tmplg8l0upo']
[2022-04-23 16:31:48,197] {standard_task_runner.py:77} INFO - Job 2097: Subtask rm_task
[2022-04-23 16:31:48,388] {logging_mixin.py:109} INFO - Running <TaskInstance: roster_data.rm_task scheduled__2010-01-01T00:00:00+00:00 [running]> on host 04f3a8edbeca
[2022-04-23 16:31:48,711] {taskinstance.py:1426} INFO - Exporting the following env vars:
AIRFLOW_CTX_DAG_OWNER=***
AIRFLOW_CTX_DAG_ID=roster_data
AIRFLOW_CTX_TASK_ID=rm_task
AIRFLOW_CTX_EXECUTION_DATE=2010-01-01T00:00:00+00:00
AIRFLOW_CTX_DAG_RUN_ID=scheduled__2010-01-01T00:00:00+00:00
[2022-04-23 16:31:48,713] {subprocess.py:62} INFO - Tmp dir root location: 
 /tmp
[2022-04-23 16:31:48,715] {subprocess.py:74} INFO - Running command: ['bash', '-c', 'rm "/opt/***/roster_data_2010.parquet"']
[2022-04-23 16:31:48,784] {subprocess.py:85} INFO - Output:
[2022-04-23 16:31:48,823] {subprocess.py:93} INFO - Command exited with return code 0
[2022-04-23 16:31:48,928] {taskinstance.py:1277} INFO - Marking task as SUCCESS. dag_id=roster_data, task_id=rm_task, execution_date=20100101T000000, start_date=20220423T163148, end_date=20220423T163148
[2022-04-23 16:31:49,083] {local_task_job.py:154} INFO - Task exited with return code 0
[2022-04-23 16:31:49,349] {local_task_job.py:264} INFO - 0 downstream tasks scheduled from follow-on schedule check
