[2022-04-24 14:47:32,703] {taskinstance.py:1032} INFO - Dependencies all met for <TaskInstance: pbp_data_bq_dag.bq_ext_2_part_task scheduled__2017-01-01T00:00:00+00:00 [queued]>
[2022-04-24 14:47:32,718] {taskinstance.py:1032} INFO - Dependencies all met for <TaskInstance: pbp_data_bq_dag.bq_ext_2_part_task scheduled__2017-01-01T00:00:00+00:00 [queued]>
[2022-04-24 14:47:32,718] {taskinstance.py:1238} INFO - 
--------------------------------------------------------------------------------
[2022-04-24 14:47:32,718] {taskinstance.py:1239} INFO - Starting attempt 1 of 1
[2022-04-24 14:47:32,719] {taskinstance.py:1240} INFO - 
--------------------------------------------------------------------------------
[2022-04-24 14:47:32,736] {taskinstance.py:1259} INFO - Executing <Task(BigQueryInsertJobOperator): bq_ext_2_part_task> on 2017-01-01 00:00:00+00:00
[2022-04-24 14:47:32,745] {standard_task_runner.py:52} INFO - Started process 3175 to run task
[2022-04-24 14:47:32,750] {standard_task_runner.py:76} INFO - Running: ['***', 'tasks', 'run', 'pbp_data_bq_dag', 'bq_ext_2_part_task', 'scheduled__2017-01-01T00:00:00+00:00', '--job-id', '2208', '--raw', '--subdir', 'DAGS_FOLDER/nfl_gcs_to_bq.py', '--cfg-path', '/tmp/tmpndibh_9m', '--error-file', '/tmp/tmp8cwq3dgw']
[2022-04-24 14:47:32,752] {standard_task_runner.py:77} INFO - Job 2208: Subtask bq_ext_2_part_task
[2022-04-24 14:47:32,829] {logging_mixin.py:109} INFO - Running <TaskInstance: pbp_data_bq_dag.bq_ext_2_part_task scheduled__2017-01-01T00:00:00+00:00 [running]> on host 28475d5c3e7a
[2022-04-24 14:47:32,967] {taskinstance.py:1426} INFO - Exporting the following env vars:
AIRFLOW_CTX_DAG_OWNER=***
AIRFLOW_CTX_DAG_ID=pbp_data_bq_dag
AIRFLOW_CTX_TASK_ID=bq_ext_2_part_task
AIRFLOW_CTX_EXECUTION_DATE=2017-01-01T00:00:00+00:00
AIRFLOW_CTX_DAG_RUN_ID=scheduled__2017-01-01T00:00:00+00:00
[2022-04-24 14:47:32,969] {crypto.py:82} WARNING - empty cryptography key - values will not be stored encrypted.
[2022-04-24 14:47:32,982] {logging_mixin.py:109} WARNING - /home/***/.local/lib/python3.7/site-packages/***/utils/context.py:152 AirflowContextDeprecationWarning: Accessing 'execution_date' from the template is deprecated and will be removed in a future version. Please use 'data_interval_start' or 'logical_date' instead.
[2022-04-24 14:47:32,996] {bigquery.py:1637} INFO - Inserting job ***_pbp_data_bq_dag_bq_ext_2_part_task_2017_01_01T00_00_00_00_00_da7fceec9f54a757bd6fc2877f0d1d21
[2022-04-24 14:47:36,996] {taskinstance.py:1277} INFO - Marking task as SUCCESS. dag_id=pbp_data_bq_dag, task_id=bq_ext_2_part_task, execution_date=20170101T000000, start_date=20220424T144732, end_date=20220424T144736
[2022-04-24 14:47:37,024] {local_task_job.py:154} INFO - Task exited with return code 0
[2022-04-24 14:47:37,058] {local_task_job.py:264} INFO - 0 downstream tasks scheduled from follow-on schedule check
[2022-04-25 12:36:54,332] {taskinstance.py:1032} INFO - Dependencies all met for <TaskInstance: pbp_data_bq_dag.bq_ext_2_part_task scheduled__2017-01-01T00:00:00+00:00 [queued]>
[2022-04-25 12:36:54,353] {taskinstance.py:1032} INFO - Dependencies all met for <TaskInstance: pbp_data_bq_dag.bq_ext_2_part_task scheduled__2017-01-01T00:00:00+00:00 [queued]>
[2022-04-25 12:36:54,354] {taskinstance.py:1238} INFO - 
--------------------------------------------------------------------------------
[2022-04-25 12:36:54,354] {taskinstance.py:1239} INFO - Starting attempt 1 of 1
[2022-04-25 12:36:54,354] {taskinstance.py:1240} INFO - 
--------------------------------------------------------------------------------
[2022-04-25 12:36:54,371] {taskinstance.py:1259} INFO - Executing <Task(BigQueryInsertJobOperator): bq_ext_2_part_task> on 2017-01-01 00:00:00+00:00
[2022-04-25 12:36:54,383] {standard_task_runner.py:52} INFO - Started process 884 to run task
[2022-04-25 12:36:54,389] {standard_task_runner.py:76} INFO - Running: ['***', 'tasks', 'run', 'pbp_data_bq_dag', 'bq_ext_2_part_task', 'scheduled__2017-01-01T00:00:00+00:00', '--job-id', '2363', '--raw', '--subdir', 'DAGS_FOLDER/nfl_gcs_to_bq.py', '--cfg-path', '/tmp/tmplbted4xm', '--error-file', '/tmp/tmpe8r_qc_v']
[2022-04-25 12:36:54,390] {standard_task_runner.py:77} INFO - Job 2363: Subtask bq_ext_2_part_task
[2022-04-25 12:36:54,493] {logging_mixin.py:109} INFO - Running <TaskInstance: pbp_data_bq_dag.bq_ext_2_part_task scheduled__2017-01-01T00:00:00+00:00 [running]> on host de169a1be7ed
[2022-04-25 12:36:54,584] {taskinstance.py:1426} INFO - Exporting the following env vars:
AIRFLOW_CTX_DAG_OWNER=***
AIRFLOW_CTX_DAG_ID=pbp_data_bq_dag
AIRFLOW_CTX_TASK_ID=bq_ext_2_part_task
AIRFLOW_CTX_EXECUTION_DATE=2017-01-01T00:00:00+00:00
AIRFLOW_CTX_DAG_RUN_ID=scheduled__2017-01-01T00:00:00+00:00
[2022-04-25 12:36:54,586] {crypto.py:82} WARNING - empty cryptography key - values will not be stored encrypted.
[2022-04-25 12:36:54,596] {logging_mixin.py:109} WARNING - /home/***/.local/lib/python3.7/site-packages/***/utils/context.py:152 AirflowContextDeprecationWarning: Accessing 'execution_date' from the template is deprecated and will be removed in a future version. Please use 'data_interval_start' or 'logical_date' instead.
[2022-04-25 12:36:54,610] {bigquery.py:1637} INFO - Inserting job ***_pbp_data_bq_dag_bq_ext_2_part_task_2017_01_01T00_00_00_00_00_3f70164ef5fec05fbe4faadad7353d46
[2022-04-25 12:36:59,216] {taskinstance.py:1277} INFO - Marking task as SUCCESS. dag_id=pbp_data_bq_dag, task_id=bq_ext_2_part_task, execution_date=20170101T000000, start_date=20220425T123654, end_date=20220425T123659
[2022-04-25 12:36:59,265] {local_task_job.py:154} INFO - Task exited with return code 0
[2022-04-25 12:36:59,297] {local_task_job.py:264} INFO - 0 downstream tasks scheduled from follow-on schedule check
