[2022-04-24 14:50:34,810] {taskinstance.py:1032} INFO - Dependencies all met for <TaskInstance: roster_data_bq_dag.gcs_2_bq_ext_task scheduled__2018-01-01T00:00:00+00:00 [queued]>
[2022-04-24 14:50:34,823] {taskinstance.py:1032} INFO - Dependencies all met for <TaskInstance: roster_data_bq_dag.gcs_2_bq_ext_task scheduled__2018-01-01T00:00:00+00:00 [queued]>
[2022-04-24 14:50:34,823] {taskinstance.py:1238} INFO - 
--------------------------------------------------------------------------------
[2022-04-24 14:50:34,823] {taskinstance.py:1239} INFO - Starting attempt 1 of 1
[2022-04-24 14:50:34,824] {taskinstance.py:1240} INFO - 
--------------------------------------------------------------------------------
[2022-04-24 14:50:34,841] {taskinstance.py:1259} INFO - Executing <Task(BigQueryCreateExternalTableOperator): gcs_2_bq_ext_task> on 2018-01-01 00:00:00+00:00
[2022-04-24 14:50:34,848] {standard_task_runner.py:52} INFO - Started process 3747 to run task
[2022-04-24 14:50:34,855] {standard_task_runner.py:76} INFO - Running: ['***', 'tasks', 'run', 'roster_data_bq_dag', 'gcs_2_bq_ext_task', 'scheduled__2018-01-01T00:00:00+00:00', '--job-id', '2254', '--raw', '--subdir', 'DAGS_FOLDER/nfl_gcs_to_bq.py', '--cfg-path', '/tmp/tmpo661j0hi', '--error-file', '/tmp/tmpghld391o']
[2022-04-24 14:50:34,856] {standard_task_runner.py:77} INFO - Job 2254: Subtask gcs_2_bq_ext_task
[2022-04-24 14:50:34,936] {logging_mixin.py:109} INFO - Running <TaskInstance: roster_data_bq_dag.gcs_2_bq_ext_task scheduled__2018-01-01T00:00:00+00:00 [running]> on host 28475d5c3e7a
[2022-04-24 14:50:35,004] {taskinstance.py:1426} INFO - Exporting the following env vars:
AIRFLOW_CTX_DAG_OWNER=***
AIRFLOW_CTX_DAG_ID=roster_data_bq_dag
AIRFLOW_CTX_TASK_ID=gcs_2_bq_ext_task
AIRFLOW_CTX_EXECUTION_DATE=2018-01-01T00:00:00+00:00
AIRFLOW_CTX_DAG_RUN_ID=scheduled__2018-01-01T00:00:00+00:00
[2022-04-24 14:50:35,006] {crypto.py:82} WARNING - empty cryptography key - values will not be stored encrypted.
[2022-04-24 14:50:35,570] {taskinstance.py:1277} INFO - Marking task as SUCCESS. dag_id=roster_data_bq_dag, task_id=gcs_2_bq_ext_task, execution_date=20180101T000000, start_date=20220424T145034, end_date=20220424T145035
[2022-04-24 14:50:35,632] {local_task_job.py:154} INFO - Task exited with return code 0
[2022-04-24 14:50:35,695] {local_task_job.py:264} INFO - 0 downstream tasks scheduled from follow-on schedule check
[2022-04-24 14:56:39,119] {taskinstance.py:1032} INFO - Dependencies all met for <TaskInstance: roster_data_bq_dag.gcs_2_bq_ext_task scheduled__2018-01-01T00:00:00+00:00 [queued]>
[2022-04-24 14:56:39,134] {taskinstance.py:1032} INFO - Dependencies all met for <TaskInstance: roster_data_bq_dag.gcs_2_bq_ext_task scheduled__2018-01-01T00:00:00+00:00 [queued]>
[2022-04-24 14:56:39,134] {taskinstance.py:1238} INFO - 
--------------------------------------------------------------------------------
[2022-04-24 14:56:39,134] {taskinstance.py:1239} INFO - Starting attempt 1 of 1
[2022-04-24 14:56:39,134] {taskinstance.py:1240} INFO - 
--------------------------------------------------------------------------------
[2022-04-24 14:56:39,151] {taskinstance.py:1259} INFO - Executing <Task(BigQueryCreateExternalTableOperator): gcs_2_bq_ext_task> on 2018-01-01 00:00:00+00:00
[2022-04-24 14:56:39,160] {standard_task_runner.py:52} INFO - Started process 4640 to run task
[2022-04-24 14:56:39,167] {standard_task_runner.py:76} INFO - Running: ['***', 'tasks', 'run', 'roster_data_bq_dag', 'gcs_2_bq_ext_task', 'scheduled__2018-01-01T00:00:00+00:00', '--job-id', '2303', '--raw', '--subdir', 'DAGS_FOLDER/nfl_gcs_to_bq.py', '--cfg-path', '/tmp/tmpc6hzuxmn', '--error-file', '/tmp/tmpnricbh24']
[2022-04-24 14:56:39,168] {standard_task_runner.py:77} INFO - Job 2303: Subtask gcs_2_bq_ext_task
[2022-04-24 14:56:39,243] {logging_mixin.py:109} INFO - Running <TaskInstance: roster_data_bq_dag.gcs_2_bq_ext_task scheduled__2018-01-01T00:00:00+00:00 [running]> on host 28475d5c3e7a
[2022-04-24 14:56:39,335] {taskinstance.py:1426} INFO - Exporting the following env vars:
AIRFLOW_CTX_DAG_OWNER=***
AIRFLOW_CTX_DAG_ID=roster_data_bq_dag
AIRFLOW_CTX_TASK_ID=gcs_2_bq_ext_task
AIRFLOW_CTX_EXECUTION_DATE=2018-01-01T00:00:00+00:00
AIRFLOW_CTX_DAG_RUN_ID=scheduled__2018-01-01T00:00:00+00:00
[2022-04-24 14:56:39,336] {crypto.py:82} WARNING - empty cryptography key - values will not be stored encrypted.
[2022-04-24 14:56:39,975] {taskinstance.py:1277} INFO - Marking task as SUCCESS. dag_id=roster_data_bq_dag, task_id=gcs_2_bq_ext_task, execution_date=20180101T000000, start_date=20220424T145639, end_date=20220424T145639
[2022-04-24 14:56:40,020] {local_task_job.py:154} INFO - Task exited with return code 0
[2022-04-24 14:56:40,053] {local_task_job.py:264} INFO - 0 downstream tasks scheduled from follow-on schedule check
