[2022-04-24 14:49:46,262] {taskinstance.py:1032} INFO - Dependencies all met for <TaskInstance: roster_data_bq_dag.gcs_2_bq_ext_task scheduled__2013-01-01T00:00:00+00:00 [queued]>
[2022-04-24 14:49:46,277] {taskinstance.py:1032} INFO - Dependencies all met for <TaskInstance: roster_data_bq_dag.gcs_2_bq_ext_task scheduled__2013-01-01T00:00:00+00:00 [queued]>
[2022-04-24 14:49:46,277] {taskinstance.py:1238} INFO - 
--------------------------------------------------------------------------------
[2022-04-24 14:49:46,277] {taskinstance.py:1239} INFO - Starting attempt 1 of 1
[2022-04-24 14:49:46,277] {taskinstance.py:1240} INFO - 
--------------------------------------------------------------------------------
[2022-04-24 14:49:46,293] {taskinstance.py:1259} INFO - Executing <Task(BigQueryCreateExternalTableOperator): gcs_2_bq_ext_task> on 2013-01-01 00:00:00+00:00
[2022-04-24 14:49:46,301] {standard_task_runner.py:52} INFO - Started process 3603 to run task
[2022-04-24 14:49:46,307] {standard_task_runner.py:76} INFO - Running: ['***', 'tasks', 'run', 'roster_data_bq_dag', 'gcs_2_bq_ext_task', 'scheduled__2013-01-01T00:00:00+00:00', '--job-id', '2244', '--raw', '--subdir', 'DAGS_FOLDER/nfl_gcs_to_bq.py', '--cfg-path', '/tmp/tmpaphtemmc', '--error-file', '/tmp/tmpf3o8h98l']
[2022-04-24 14:49:46,309] {standard_task_runner.py:77} INFO - Job 2244: Subtask gcs_2_bq_ext_task
[2022-04-24 14:49:46,371] {logging_mixin.py:109} INFO - Running <TaskInstance: roster_data_bq_dag.gcs_2_bq_ext_task scheduled__2013-01-01T00:00:00+00:00 [running]> on host 28475d5c3e7a
[2022-04-24 14:49:46,436] {taskinstance.py:1426} INFO - Exporting the following env vars:
AIRFLOW_CTX_DAG_OWNER=***
AIRFLOW_CTX_DAG_ID=roster_data_bq_dag
AIRFLOW_CTX_TASK_ID=gcs_2_bq_ext_task
AIRFLOW_CTX_EXECUTION_DATE=2013-01-01T00:00:00+00:00
AIRFLOW_CTX_DAG_RUN_ID=scheduled__2013-01-01T00:00:00+00:00
[2022-04-24 14:49:46,438] {crypto.py:82} WARNING - empty cryptography key - values will not be stored encrypted.
[2022-04-24 14:49:47,020] {taskinstance.py:1277} INFO - Marking task as SUCCESS. dag_id=roster_data_bq_dag, task_id=gcs_2_bq_ext_task, execution_date=20130101T000000, start_date=20220424T144946, end_date=20220424T144947
[2022-04-24 14:49:47,091] {local_task_job.py:154} INFO - Task exited with return code 0
[2022-04-24 14:49:47,157] {local_task_job.py:264} INFO - 0 downstream tasks scheduled from follow-on schedule check
[2022-04-24 14:56:01,146] {taskinstance.py:1032} INFO - Dependencies all met for <TaskInstance: roster_data_bq_dag.gcs_2_bq_ext_task scheduled__2013-01-01T00:00:00+00:00 [queued]>
[2022-04-24 14:56:01,157] {taskinstance.py:1032} INFO - Dependencies all met for <TaskInstance: roster_data_bq_dag.gcs_2_bq_ext_task scheduled__2013-01-01T00:00:00+00:00 [queued]>
[2022-04-24 14:56:01,158] {taskinstance.py:1238} INFO - 
--------------------------------------------------------------------------------
[2022-04-24 14:56:01,158] {taskinstance.py:1239} INFO - Starting attempt 1 of 1
[2022-04-24 14:56:01,158] {taskinstance.py:1240} INFO - 
--------------------------------------------------------------------------------
[2022-04-24 14:56:01,171] {taskinstance.py:1259} INFO - Executing <Task(BigQueryCreateExternalTableOperator): gcs_2_bq_ext_task> on 2013-01-01 00:00:00+00:00
[2022-04-24 14:56:01,177] {standard_task_runner.py:52} INFO - Started process 4550 to run task
[2022-04-24 14:56:01,182] {standard_task_runner.py:76} INFO - Running: ['***', 'tasks', 'run', 'roster_data_bq_dag', 'gcs_2_bq_ext_task', 'scheduled__2013-01-01T00:00:00+00:00', '--job-id', '2299', '--raw', '--subdir', 'DAGS_FOLDER/nfl_gcs_to_bq.py', '--cfg-path', '/tmp/tmpb1usjq8g', '--error-file', '/tmp/tmpbi8ebjw7']
[2022-04-24 14:56:01,183] {standard_task_runner.py:77} INFO - Job 2299: Subtask gcs_2_bq_ext_task
[2022-04-24 14:56:01,255] {logging_mixin.py:109} INFO - Running <TaskInstance: roster_data_bq_dag.gcs_2_bq_ext_task scheduled__2013-01-01T00:00:00+00:00 [running]> on host 28475d5c3e7a
[2022-04-24 14:56:01,333] {taskinstance.py:1426} INFO - Exporting the following env vars:
AIRFLOW_CTX_DAG_OWNER=***
AIRFLOW_CTX_DAG_ID=roster_data_bq_dag
AIRFLOW_CTX_TASK_ID=gcs_2_bq_ext_task
AIRFLOW_CTX_EXECUTION_DATE=2013-01-01T00:00:00+00:00
AIRFLOW_CTX_DAG_RUN_ID=scheduled__2013-01-01T00:00:00+00:00
[2022-04-24 14:56:01,335] {crypto.py:82} WARNING - empty cryptography key - values will not be stored encrypted.
[2022-04-24 14:56:01,862] {taskinstance.py:1277} INFO - Marking task as SUCCESS. dag_id=roster_data_bq_dag, task_id=gcs_2_bq_ext_task, execution_date=20130101T000000, start_date=20220424T145601, end_date=20220424T145601
[2022-04-24 14:56:01,916] {local_task_job.py:154} INFO - Task exited with return code 0
[2022-04-24 14:56:01,949] {local_task_job.py:264} INFO - 0 downstream tasks scheduled from follow-on schedule check
