[2022-04-11 20:01:13,766] {taskinstance.py:1032} INFO - Dependencies all met for <TaskInstance: roster_data.rm_task scheduled__2009-01-01T00:00:00+00:00 [queued]>
[2022-04-11 20:01:13,797] {taskinstance.py:1032} INFO - Dependencies all met for <TaskInstance: roster_data.rm_task scheduled__2009-01-01T00:00:00+00:00 [queued]>
[2022-04-11 20:01:13,797] {taskinstance.py:1238} INFO - 
--------------------------------------------------------------------------------
[2022-04-11 20:01:13,797] {taskinstance.py:1239} INFO - Starting attempt 1 of 1
[2022-04-11 20:01:13,797] {taskinstance.py:1240} INFO - 
--------------------------------------------------------------------------------
[2022-04-11 20:01:13,830] {taskinstance.py:1259} INFO - Executing <Task(BashOperator): rm_task> on 2009-01-01 00:00:00+00:00
[2022-04-11 20:01:13,841] {standard_task_runner.py:52} INFO - Started process 357310 to run task
[2022-04-11 20:01:13,854] {standard_task_runner.py:76} INFO - Running: ['***', 'tasks', 'run', 'roster_data', 'rm_task', 'scheduled__2009-01-01T00:00:00+00:00', '--job-id', '1808', '--raw', '--subdir', 'DAGS_FOLDER/nfl_to_gcs.py', '--cfg-path', '/tmp/tmpo65glfvv', '--error-file', '/tmp/tmp18f6s48x']
[2022-04-11 20:01:13,865] {standard_task_runner.py:77} INFO - Job 1808: Subtask rm_task
[2022-04-11 20:01:14,027] {logging_mixin.py:109} INFO - Running <TaskInstance: roster_data.rm_task scheduled__2009-01-01T00:00:00+00:00 [running]> on host 4ed3eda454fd
[2022-04-11 20:01:14,247] {taskinstance.py:1426} INFO - Exporting the following env vars:
AIRFLOW_CTX_DAG_OWNER=***
AIRFLOW_CTX_DAG_ID=roster_data
AIRFLOW_CTX_TASK_ID=rm_task
AIRFLOW_CTX_EXECUTION_DATE=2009-01-01T00:00:00+00:00
AIRFLOW_CTX_DAG_RUN_ID=scheduled__2009-01-01T00:00:00+00:00
[2022-04-11 20:01:14,249] {subprocess.py:62} INFO - Tmp dir root location: 
 /tmp
[2022-04-11 20:01:14,250] {subprocess.py:74} INFO - Running command: ['bash', '-c', 'rm "/opt/***/roster_data_2009.parquet"']
[2022-04-11 20:01:14,303] {subprocess.py:85} INFO - Output:
[2022-04-11 20:01:14,311] {subprocess.py:93} INFO - Command exited with return code 0
[2022-04-11 20:01:14,377] {taskinstance.py:1277} INFO - Marking task as SUCCESS. dag_id=roster_data, task_id=rm_task, execution_date=20090101T000000, start_date=20220411T200113, end_date=20220411T200114
[2022-04-11 20:01:14,433] {local_task_job.py:154} INFO - Task exited with return code 0
[2022-04-11 20:01:14,500] {local_task_job.py:264} INFO - 0 downstream tasks scheduled from follow-on schedule check
[2022-04-23 16:31:48,339] {taskinstance.py:1032} INFO - Dependencies all met for <TaskInstance: roster_data.rm_task scheduled__2009-01-01T00:00:00+00:00 [queued]>
[2022-04-23 16:31:48,410] {taskinstance.py:1032} INFO - Dependencies all met for <TaskInstance: roster_data.rm_task scheduled__2009-01-01T00:00:00+00:00 [queued]>
[2022-04-23 16:31:48,411] {taskinstance.py:1238} INFO - 
--------------------------------------------------------------------------------
[2022-04-23 16:31:48,411] {taskinstance.py:1239} INFO - Starting attempt 1 of 1
[2022-04-23 16:31:48,411] {taskinstance.py:1240} INFO - 
--------------------------------------------------------------------------------
[2022-04-23 16:31:48,459] {taskinstance.py:1259} INFO - Executing <Task(BashOperator): rm_task> on 2009-01-01 00:00:00+00:00
[2022-04-23 16:31:48,502] {standard_task_runner.py:52} INFO - Started process 2788 to run task
[2022-04-23 16:31:48,533] {standard_task_runner.py:76} INFO - Running: ['***', 'tasks', 'run', 'roster_data', 'rm_task', 'scheduled__2009-01-01T00:00:00+00:00', '--job-id', '2100', '--raw', '--subdir', 'DAGS_FOLDER/nfl_to_gcs.py', '--cfg-path', '/tmp/tmpnnhn90ru', '--error-file', '/tmp/tmpwrmtu52s']
[2022-04-23 16:31:48,561] {standard_task_runner.py:77} INFO - Job 2100: Subtask rm_task
[2022-04-23 16:31:48,928] {logging_mixin.py:109} INFO - Running <TaskInstance: roster_data.rm_task scheduled__2009-01-01T00:00:00+00:00 [running]> on host 04f3a8edbeca
[2022-04-23 16:31:49,309] {taskinstance.py:1426} INFO - Exporting the following env vars:
AIRFLOW_CTX_DAG_OWNER=***
AIRFLOW_CTX_DAG_ID=roster_data
AIRFLOW_CTX_TASK_ID=rm_task
AIRFLOW_CTX_EXECUTION_DATE=2009-01-01T00:00:00+00:00
AIRFLOW_CTX_DAG_RUN_ID=scheduled__2009-01-01T00:00:00+00:00
[2022-04-23 16:31:49,311] {subprocess.py:62} INFO - Tmp dir root location: 
 /tmp
[2022-04-23 16:31:49,312] {subprocess.py:74} INFO - Running command: ['bash', '-c', 'rm "/opt/***/roster_data_2009.parquet"']
[2022-04-23 16:31:49,366] {subprocess.py:85} INFO - Output:
[2022-04-23 16:31:49,389] {subprocess.py:93} INFO - Command exited with return code 0
[2022-04-23 16:31:49,499] {taskinstance.py:1277} INFO - Marking task as SUCCESS. dag_id=roster_data, task_id=rm_task, execution_date=20090101T000000, start_date=20220423T163148, end_date=20220423T163149
[2022-04-23 16:31:49,574] {local_task_job.py:154} INFO - Task exited with return code 0
[2022-04-23 16:31:49,625] {local_task_job.py:264} INFO - 0 downstream tasks scheduled from follow-on schedule check
