[2022-04-24 14:51:18,599] {taskinstance.py:1032} INFO - Dependencies all met for <TaskInstance: schedule_data_bq_dag.gcs_2_bq_ext_task scheduled__2021-01-01T00:00:00+00:00 [queued]>
[2022-04-24 14:51:18,609] {taskinstance.py:1032} INFO - Dependencies all met for <TaskInstance: schedule_data_bq_dag.gcs_2_bq_ext_task scheduled__2021-01-01T00:00:00+00:00 [queued]>
[2022-04-24 14:51:18,609] {taskinstance.py:1238} INFO - 
--------------------------------------------------------------------------------
[2022-04-24 14:51:18,609] {taskinstance.py:1239} INFO - Starting attempt 1 of 1
[2022-04-24 14:51:18,609] {taskinstance.py:1240} INFO - 
--------------------------------------------------------------------------------
[2022-04-24 14:51:18,620] {taskinstance.py:1259} INFO - Executing <Task(BigQueryCreateExternalTableOperator): gcs_2_bq_ext_task> on 2021-01-01 00:00:00+00:00
[2022-04-24 14:51:18,627] {standard_task_runner.py:52} INFO - Started process 3855 to run task
[2022-04-24 14:51:18,633] {standard_task_runner.py:76} INFO - Running: ['***', 'tasks', 'run', 'schedule_data_bq_dag', 'gcs_2_bq_ext_task', 'scheduled__2021-01-01T00:00:00+00:00', '--job-id', '2261', '--raw', '--subdir', 'DAGS_FOLDER/nfl_gcs_to_bq.py', '--cfg-path', '/tmp/tmpjhc_9htr', '--error-file', '/tmp/tmp6xz7jpn7']
[2022-04-24 14:51:18,634] {standard_task_runner.py:77} INFO - Job 2261: Subtask gcs_2_bq_ext_task
[2022-04-24 14:51:18,705] {logging_mixin.py:109} INFO - Running <TaskInstance: schedule_data_bq_dag.gcs_2_bq_ext_task scheduled__2021-01-01T00:00:00+00:00 [running]> on host 28475d5c3e7a
[2022-04-24 14:51:18,773] {taskinstance.py:1426} INFO - Exporting the following env vars:
AIRFLOW_CTX_DAG_OWNER=***
AIRFLOW_CTX_DAG_ID=schedule_data_bq_dag
AIRFLOW_CTX_TASK_ID=gcs_2_bq_ext_task
AIRFLOW_CTX_EXECUTION_DATE=2021-01-01T00:00:00+00:00
AIRFLOW_CTX_DAG_RUN_ID=scheduled__2021-01-01T00:00:00+00:00
[2022-04-24 14:51:18,775] {crypto.py:82} WARNING - empty cryptography key - values will not be stored encrypted.
[2022-04-24 14:51:19,438] {taskinstance.py:1277} INFO - Marking task as SUCCESS. dag_id=schedule_data_bq_dag, task_id=gcs_2_bq_ext_task, execution_date=20210101T000000, start_date=20220424T145118, end_date=20220424T145119
[2022-04-24 14:51:19,488] {local_task_job.py:154} INFO - Task exited with return code 0
[2022-04-24 14:51:19,526] {local_task_job.py:264} INFO - 0 downstream tasks scheduled from follow-on schedule check
[2022-04-24 14:54:59,496] {taskinstance.py:1032} INFO - Dependencies all met for <TaskInstance: schedule_data_bq_dag.gcs_2_bq_ext_task scheduled__2021-01-01T00:00:00+00:00 [queued]>
[2022-04-24 14:54:59,522] {taskinstance.py:1032} INFO - Dependencies all met for <TaskInstance: schedule_data_bq_dag.gcs_2_bq_ext_task scheduled__2021-01-01T00:00:00+00:00 [queued]>
[2022-04-24 14:54:59,522] {taskinstance.py:1238} INFO - 
--------------------------------------------------------------------------------
[2022-04-24 14:54:59,523] {taskinstance.py:1239} INFO - Starting attempt 1 of 1
[2022-04-24 14:54:59,523] {taskinstance.py:1240} INFO - 
--------------------------------------------------------------------------------
[2022-04-24 14:54:59,538] {taskinstance.py:1259} INFO - Executing <Task(BigQueryCreateExternalTableOperator): gcs_2_bq_ext_task> on 2021-01-01 00:00:00+00:00
[2022-04-24 14:54:59,546] {standard_task_runner.py:52} INFO - Started process 4408 to run task
[2022-04-24 14:54:59,559] {standard_task_runner.py:76} INFO - Running: ['***', 'tasks', 'run', 'schedule_data_bq_dag', 'gcs_2_bq_ext_task', 'scheduled__2021-01-01T00:00:00+00:00', '--job-id', '2291', '--raw', '--subdir', 'DAGS_FOLDER/nfl_gcs_to_bq.py', '--cfg-path', '/tmp/tmpg2wwkicz', '--error-file', '/tmp/tmpe633t8zo']
[2022-04-24 14:54:59,566] {standard_task_runner.py:77} INFO - Job 2291: Subtask gcs_2_bq_ext_task
[2022-04-24 14:54:59,680] {logging_mixin.py:109} INFO - Running <TaskInstance: schedule_data_bq_dag.gcs_2_bq_ext_task scheduled__2021-01-01T00:00:00+00:00 [running]> on host 28475d5c3e7a
[2022-04-24 14:54:59,835] {taskinstance.py:1426} INFO - Exporting the following env vars:
AIRFLOW_CTX_DAG_OWNER=***
AIRFLOW_CTX_DAG_ID=schedule_data_bq_dag
AIRFLOW_CTX_TASK_ID=gcs_2_bq_ext_task
AIRFLOW_CTX_EXECUTION_DATE=2021-01-01T00:00:00+00:00
AIRFLOW_CTX_DAG_RUN_ID=scheduled__2021-01-01T00:00:00+00:00
[2022-04-24 14:54:59,837] {crypto.py:82} WARNING - empty cryptography key - values will not be stored encrypted.
[2022-04-24 14:55:00,488] {taskinstance.py:1277} INFO - Marking task as SUCCESS. dag_id=schedule_data_bq_dag, task_id=gcs_2_bq_ext_task, execution_date=20210101T000000, start_date=20220424T145459, end_date=20220424T145500
[2022-04-24 14:55:00,544] {local_task_job.py:154} INFO - Task exited with return code 0
[2022-04-24 14:55:00,577] {local_task_job.py:264} INFO - 0 downstream tasks scheduled from follow-on schedule check
