[2022-04-11 19:06:54,796] {taskinstance.py:1032} INFO - Dependencies all met for <TaskInstance: schedule_data.download_data_task scheduled__2019-01-01T00:00:00+00:00 [queued]>
[2022-04-11 19:06:54,807] {taskinstance.py:1032} INFO - Dependencies all met for <TaskInstance: schedule_data.download_data_task scheduled__2019-01-01T00:00:00+00:00 [queued]>
[2022-04-11 19:06:54,807] {taskinstance.py:1238} INFO - 
--------------------------------------------------------------------------------
[2022-04-11 19:06:54,807] {taskinstance.py:1239} INFO - Starting attempt 2 of 2
[2022-04-11 19:06:54,807] {taskinstance.py:1240} INFO - 
--------------------------------------------------------------------------------
[2022-04-11 19:06:54,820] {taskinstance.py:1259} INFO - Executing <Task(PythonOperator): download_data_task> on 2019-01-01 00:00:00+00:00
[2022-04-11 19:06:54,828] {standard_task_runner.py:52} INFO - Started process 352105 to run task
[2022-04-11 19:06:54,833] {standard_task_runner.py:76} INFO - Running: ['***', 'tasks', 'run', 'schedule_data', 'download_data_task', 'scheduled__2019-01-01T00:00:00+00:00', '--job-id', '1711', '--raw', '--subdir', 'DAGS_FOLDER/nfl_to_gcs.py', '--cfg-path', '/tmp/tmpvvod4ivw', '--error-file', '/tmp/tmpuya3r18k']
[2022-04-11 19:06:54,834] {standard_task_runner.py:77} INFO - Job 1711: Subtask download_data_task
[2022-04-11 19:06:54,894] {logging_mixin.py:109} INFO - Running <TaskInstance: schedule_data.download_data_task scheduled__2019-01-01T00:00:00+00:00 [running]> on host 4ed3eda454fd
[2022-04-11 19:06:54,953] {taskinstance.py:1426} INFO - Exporting the following env vars:
AIRFLOW_CTX_DAG_OWNER=***
AIRFLOW_CTX_DAG_ID=schedule_data
AIRFLOW_CTX_TASK_ID=download_data_task
AIRFLOW_CTX_EXECUTION_DATE=2019-01-01T00:00:00+00:00
AIRFLOW_CTX_DAG_RUN_ID=scheduled__2019-01-01T00:00:00+00:00
[2022-04-11 19:06:54,960] {logging_mixin.py:109} WARNING - /home/***/.local/lib/python3.7/site-packages/***/utils/context.py:152 AirflowContextDeprecationWarning: Accessing 'execution_date' from the template is deprecated and will be removed in a future version. Please use 'data_interval_start' or 'logical_date' instead.
[2022-04-11 19:06:54,961] {logging_mixin.py:109} WARNING - /home/***/.local/lib/python3.7/site-packages/***/utils/context.py:152 AirflowContextDeprecationWarning: Accessing 'next_ds' from the template is deprecated and will be removed in a future version. Please use '{{ data_interval_end | ds }}' instead.
[2022-04-11 19:06:54,962] {logging_mixin.py:109} WARNING - /home/***/.local/lib/python3.7/site-packages/***/utils/context.py:152 AirflowContextDeprecationWarning: Accessing 'next_ds_nodash' from the template is deprecated and will be removed in a future version. Please use '{{ data_interval_end | ds_nodash }}' instead.
[2022-04-11 19:06:54,963] {logging_mixin.py:109} WARNING - /home/***/.local/lib/python3.7/site-packages/***/utils/context.py:152 AirflowContextDeprecationWarning: Accessing 'next_execution_date' from the template is deprecated and will be removed in a future version. Please use 'data_interval_end' instead.
[2022-04-11 19:06:54,964] {logging_mixin.py:109} WARNING - /home/***/.local/lib/python3.7/site-packages/***/utils/context.py:152 AirflowContextDeprecationWarning: Accessing 'prev_ds' from the template is deprecated and will be removed in a future version.
[2022-04-11 19:06:54,964] {logging_mixin.py:109} WARNING - /home/***/.local/lib/python3.7/site-packages/***/utils/context.py:152 AirflowContextDeprecationWarning: Accessing 'prev_ds_nodash' from the template is deprecated and will be removed in a future version.
[2022-04-11 19:06:54,966] {logging_mixin.py:109} WARNING - /home/***/.local/lib/python3.7/site-packages/***/utils/context.py:152 AirflowContextDeprecationWarning: Accessing 'prev_execution_date' from the template is deprecated and will be removed in a future version.
[2022-04-11 19:06:54,966] {logging_mixin.py:109} WARNING - /home/***/.local/lib/python3.7/site-packages/***/utils/context.py:152 AirflowContextDeprecationWarning: Accessing 'prev_execution_date_success' from the template is deprecated and will be removed in a future version. Please use 'prev_data_interval_start_success' instead.
[2022-04-11 19:06:54,967] {logging_mixin.py:109} WARNING - /home/***/.local/lib/python3.7/site-packages/***/utils/context.py:152 AirflowContextDeprecationWarning: Accessing 'tomorrow_ds' from the template is deprecated and will be removed in a future version.
[2022-04-11 19:06:54,968] {logging_mixin.py:109} WARNING - /home/***/.local/lib/python3.7/site-packages/***/utils/context.py:152 AirflowContextDeprecationWarning: Accessing 'tomorrow_ds_nodash' from the template is deprecated and will be removed in a future version.
[2022-04-11 19:06:54,969] {logging_mixin.py:109} WARNING - /home/***/.local/lib/python3.7/site-packages/***/utils/context.py:152 AirflowContextDeprecationWarning: Accessing 'yesterday_ds' from the template is deprecated and will be removed in a future version.
[2022-04-11 19:06:54,969] {logging_mixin.py:109} WARNING - /home/***/.local/lib/python3.7/site-packages/***/utils/context.py:152 AirflowContextDeprecationWarning: Accessing 'yesterday_ds_nodash' from the template is deprecated and will be removed in a future version.
[2022-04-11 19:06:55,272] {python.py:175} INFO - Done. Returned value was: None
[2022-04-11 19:06:55,285] {taskinstance.py:1277} INFO - Marking task as SUCCESS. dag_id=schedule_data, task_id=download_data_task, execution_date=20190101T000000, start_date=20220411T190654, end_date=20220411T190655
[2022-04-11 19:06:55,326] {local_task_job.py:154} INFO - Task exited with return code 0
[2022-04-11 19:06:55,360] {dagrun.py:628} WARNING - Failed to get task '<TaskInstance: schedule_data.download_data scheduled__2019-01-01T00:00:00+00:00 [removed]>' for dag 'schedule_data'. Marking it as removed.
[2022-04-11 19:06:55,369] {local_task_job.py:264} INFO - 1 downstream tasks scheduled from follow-on schedule check
