[2022-04-11 20:02:22,649] {taskinstance.py:1032} INFO - Dependencies all met for <TaskInstance: roster_data.rm_task scheduled__2020-01-01T00:00:00+00:00 [queued]>
[2022-04-11 20:02:22,659] {taskinstance.py:1032} INFO - Dependencies all met for <TaskInstance: roster_data.rm_task scheduled__2020-01-01T00:00:00+00:00 [queued]>
[2022-04-11 20:02:22,659] {taskinstance.py:1238} INFO - 
--------------------------------------------------------------------------------
[2022-04-11 20:02:22,660] {taskinstance.py:1239} INFO - Starting attempt 1 of 1
[2022-04-11 20:02:22,660] {taskinstance.py:1240} INFO - 
--------------------------------------------------------------------------------
[2022-04-11 20:02:22,672] {taskinstance.py:1259} INFO - Executing <Task(BashOperator): rm_task> on 2020-01-01 00:00:00+00:00
[2022-04-11 20:02:22,681] {standard_task_runner.py:52} INFO - Started process 357687 to run task
[2022-04-11 20:02:22,686] {standard_task_runner.py:76} INFO - Running: ['***', 'tasks', 'run', 'roster_data', 'rm_task', 'scheduled__2020-01-01T00:00:00+00:00', '--job-id', '1849', '--raw', '--subdir', 'DAGS_FOLDER/nfl_to_gcs.py', '--cfg-path', '/tmp/tmpixrm_eko', '--error-file', '/tmp/tmpvr83ugbx']
[2022-04-11 20:02:22,688] {standard_task_runner.py:77} INFO - Job 1849: Subtask rm_task
[2022-04-11 20:02:22,792] {logging_mixin.py:109} INFO - Running <TaskInstance: roster_data.rm_task scheduled__2020-01-01T00:00:00+00:00 [running]> on host 4ed3eda454fd
[2022-04-11 20:02:22,896] {taskinstance.py:1426} INFO - Exporting the following env vars:
AIRFLOW_CTX_DAG_OWNER=***
AIRFLOW_CTX_DAG_ID=roster_data
AIRFLOW_CTX_TASK_ID=rm_task
AIRFLOW_CTX_EXECUTION_DATE=2020-01-01T00:00:00+00:00
AIRFLOW_CTX_DAG_RUN_ID=scheduled__2020-01-01T00:00:00+00:00
[2022-04-11 20:02:22,898] {subprocess.py:62} INFO - Tmp dir root location: 
 /tmp
[2022-04-11 20:02:22,899] {subprocess.py:74} INFO - Running command: ['bash', '-c', 'rm "/opt/***/roster_data_2020.parquet"']
[2022-04-11 20:02:22,915] {subprocess.py:85} INFO - Output:
[2022-04-11 20:02:22,920] {subprocess.py:93} INFO - Command exited with return code 0
[2022-04-11 20:02:22,949] {taskinstance.py:1277} INFO - Marking task as SUCCESS. dag_id=roster_data, task_id=rm_task, execution_date=20200101T000000, start_date=20220411T200222, end_date=20220411T200222
[2022-04-11 20:02:22,979] {local_task_job.py:154} INFO - Task exited with return code 0
[2022-04-11 20:02:23,013] {local_task_job.py:264} INFO - 0 downstream tasks scheduled from follow-on schedule check
[2022-04-23 16:32:50,683] {taskinstance.py:1032} INFO - Dependencies all met for <TaskInstance: roster_data.rm_task scheduled__2020-01-01T00:00:00+00:00 [queued]>
[2022-04-23 16:32:50,695] {taskinstance.py:1032} INFO - Dependencies all met for <TaskInstance: roster_data.rm_task scheduled__2020-01-01T00:00:00+00:00 [queued]>
[2022-04-23 16:32:50,696] {taskinstance.py:1238} INFO - 
--------------------------------------------------------------------------------
[2022-04-23 16:32:50,696] {taskinstance.py:1239} INFO - Starting attempt 1 of 1
[2022-04-23 16:32:50,696] {taskinstance.py:1240} INFO - 
--------------------------------------------------------------------------------
[2022-04-23 16:32:50,707] {taskinstance.py:1259} INFO - Executing <Task(BashOperator): rm_task> on 2020-01-01 00:00:00+00:00
[2022-04-23 16:32:50,714] {standard_task_runner.py:52} INFO - Started process 3221 to run task
[2022-04-23 16:32:50,720] {standard_task_runner.py:76} INFO - Running: ['***', 'tasks', 'run', 'roster_data', 'rm_task', 'scheduled__2020-01-01T00:00:00+00:00', '--job-id', '2146', '--raw', '--subdir', 'DAGS_FOLDER/nfl_to_gcs.py', '--cfg-path', '/tmp/tmpb27iaznz', '--error-file', '/tmp/tmpizchwth4']
[2022-04-23 16:32:50,721] {standard_task_runner.py:77} INFO - Job 2146: Subtask rm_task
[2022-04-23 16:32:50,802] {logging_mixin.py:109} INFO - Running <TaskInstance: roster_data.rm_task scheduled__2020-01-01T00:00:00+00:00 [running]> on host 04f3a8edbeca
[2022-04-23 16:32:50,886] {taskinstance.py:1426} INFO - Exporting the following env vars:
AIRFLOW_CTX_DAG_OWNER=***
AIRFLOW_CTX_DAG_ID=roster_data
AIRFLOW_CTX_TASK_ID=rm_task
AIRFLOW_CTX_EXECUTION_DATE=2020-01-01T00:00:00+00:00
AIRFLOW_CTX_DAG_RUN_ID=scheduled__2020-01-01T00:00:00+00:00
[2022-04-23 16:32:50,888] {subprocess.py:62} INFO - Tmp dir root location: 
 /tmp
[2022-04-23 16:32:50,889] {subprocess.py:74} INFO - Running command: ['bash', '-c', 'rm "/opt/***/roster_data_2020.parquet"']
[2022-04-23 16:32:50,901] {subprocess.py:85} INFO - Output:
[2022-04-23 16:32:50,905] {subprocess.py:93} INFO - Command exited with return code 0
[2022-04-23 16:32:50,934] {taskinstance.py:1277} INFO - Marking task as SUCCESS. dag_id=roster_data, task_id=rm_task, execution_date=20200101T000000, start_date=20220423T163250, end_date=20220423T163250
[2022-04-23 16:32:50,973] {local_task_job.py:154} INFO - Task exited with return code 0
[2022-04-23 16:32:51,012] {local_task_job.py:264} INFO - 0 downstream tasks scheduled from follow-on schedule check
