[2022-04-11 19:59:58,616] {taskinstance.py:1032} INFO - Dependencies all met for <TaskInstance: roster_data.rm_task scheduled__2001-01-01T00:00:00+00:00 [queued]>
[2022-04-11 19:59:58,647] {taskinstance.py:1032} INFO - Dependencies all met for <TaskInstance: roster_data.rm_task scheduled__2001-01-01T00:00:00+00:00 [queued]>
[2022-04-11 19:59:58,647] {taskinstance.py:1238} INFO - 
--------------------------------------------------------------------------------
[2022-04-11 19:59:58,648] {taskinstance.py:1239} INFO - Starting attempt 1 of 1
[2022-04-11 19:59:58,648] {taskinstance.py:1240} INFO - 
--------------------------------------------------------------------------------
[2022-04-11 19:59:58,691] {taskinstance.py:1259} INFO - Executing <Task(BashOperator): rm_task> on 2001-01-01 00:00:00+00:00
[2022-04-11 19:59:58,714] {standard_task_runner.py:52} INFO - Started process 356772 to run task
[2022-04-11 19:59:58,750] {standard_task_runner.py:76} INFO - Running: ['***', 'tasks', 'run', 'roster_data', 'rm_task', 'scheduled__2001-01-01T00:00:00+00:00', '--job-id', '1749', '--raw', '--subdir', 'DAGS_FOLDER/nfl_to_gcs.py', '--cfg-path', '/tmp/tmphyuz3ade', '--error-file', '/tmp/tmpnadn8e11']
[2022-04-11 19:59:58,753] {standard_task_runner.py:77} INFO - Job 1749: Subtask rm_task
[2022-04-11 19:59:58,956] {logging_mixin.py:109} INFO - Running <TaskInstance: roster_data.rm_task scheduled__2001-01-01T00:00:00+00:00 [running]> on host 4ed3eda454fd
[2022-04-11 19:59:59,223] {taskinstance.py:1426} INFO - Exporting the following env vars:
AIRFLOW_CTX_DAG_OWNER=***
AIRFLOW_CTX_DAG_ID=roster_data
AIRFLOW_CTX_TASK_ID=rm_task
AIRFLOW_CTX_EXECUTION_DATE=2001-01-01T00:00:00+00:00
AIRFLOW_CTX_DAG_RUN_ID=scheduled__2001-01-01T00:00:00+00:00
[2022-04-11 19:59:59,225] {subprocess.py:62} INFO - Tmp dir root location: 
 /tmp
[2022-04-11 19:59:59,226] {subprocess.py:74} INFO - Running command: ['bash', '-c', 'rm "/opt/***/roster_data_2001.parquet"']
[2022-04-11 19:59:59,270] {subprocess.py:85} INFO - Output:
[2022-04-11 19:59:59,295] {subprocess.py:93} INFO - Command exited with return code 0
[2022-04-11 19:59:59,438] {taskinstance.py:1277} INFO - Marking task as SUCCESS. dag_id=roster_data, task_id=rm_task, execution_date=20010101T000000, start_date=20220411T195958, end_date=20220411T195959
[2022-04-11 19:59:59,590] {local_task_job.py:154} INFO - Task exited with return code 0
[2022-04-11 19:59:59,686] {local_task_job.py:264} INFO - 0 downstream tasks scheduled from follow-on schedule check
[2022-04-23 16:30:10,387] {taskinstance.py:1032} INFO - Dependencies all met for <TaskInstance: roster_data.rm_task scheduled__2001-01-01T00:00:00+00:00 [queued]>
[2022-04-23 16:30:10,405] {taskinstance.py:1032} INFO - Dependencies all met for <TaskInstance: roster_data.rm_task scheduled__2001-01-01T00:00:00+00:00 [queued]>
[2022-04-23 16:30:10,405] {taskinstance.py:1238} INFO - 
--------------------------------------------------------------------------------
[2022-04-23 16:30:10,405] {taskinstance.py:1239} INFO - Starting attempt 1 of 1
[2022-04-23 16:30:10,405] {taskinstance.py:1240} INFO - 
--------------------------------------------------------------------------------
[2022-04-23 16:30:10,432] {taskinstance.py:1259} INFO - Executing <Task(BashOperator): rm_task> on 2001-01-01 00:00:00+00:00
[2022-04-23 16:30:10,440] {standard_task_runner.py:52} INFO - Started process 2230 to run task
[2022-04-23 16:30:10,451] {standard_task_runner.py:76} INFO - Running: ['***', 'tasks', 'run', 'roster_data', 'rm_task', 'scheduled__2001-01-01T00:00:00+00:00', '--job-id', '2044', '--raw', '--subdir', 'DAGS_FOLDER/nfl_to_gcs.py', '--cfg-path', '/tmp/tmpnqlzare0', '--error-file', '/tmp/tmpx0ug9upw']
[2022-04-23 16:30:10,453] {standard_task_runner.py:77} INFO - Job 2044: Subtask rm_task
[2022-04-23 16:30:10,560] {logging_mixin.py:109} INFO - Running <TaskInstance: roster_data.rm_task scheduled__2001-01-01T00:00:00+00:00 [running]> on host 04f3a8edbeca
[2022-04-23 16:30:10,719] {taskinstance.py:1426} INFO - Exporting the following env vars:
AIRFLOW_CTX_DAG_OWNER=***
AIRFLOW_CTX_DAG_ID=roster_data
AIRFLOW_CTX_TASK_ID=rm_task
AIRFLOW_CTX_EXECUTION_DATE=2001-01-01T00:00:00+00:00
AIRFLOW_CTX_DAG_RUN_ID=scheduled__2001-01-01T00:00:00+00:00
[2022-04-23 16:30:10,721] {subprocess.py:62} INFO - Tmp dir root location: 
 /tmp
[2022-04-23 16:30:10,723] {subprocess.py:74} INFO - Running command: ['bash', '-c', 'rm "/opt/***/roster_data_2001.parquet"']
[2022-04-23 16:30:10,756] {subprocess.py:85} INFO - Output:
[2022-04-23 16:30:10,764] {subprocess.py:93} INFO - Command exited with return code 0
[2022-04-23 16:30:10,808] {taskinstance.py:1277} INFO - Marking task as SUCCESS. dag_id=roster_data, task_id=rm_task, execution_date=20010101T000000, start_date=20220423T163010, end_date=20220423T163010
[2022-04-23 16:30:10,880] {local_task_job.py:154} INFO - Task exited with return code 0
[2022-04-23 16:30:10,934] {local_task_job.py:264} INFO - 0 downstream tasks scheduled from follow-on schedule check
