[2022-04-24 14:50:34,620] {taskinstance.py:1032} INFO - Dependencies all met for <TaskInstance: roster_data_bq_dag.gcs_2_bq_ext_task scheduled__2017-01-01T00:00:00+00:00 [queued]>
[2022-04-24 14:50:34,630] {taskinstance.py:1032} INFO - Dependencies all met for <TaskInstance: roster_data_bq_dag.gcs_2_bq_ext_task scheduled__2017-01-01T00:00:00+00:00 [queued]>
[2022-04-24 14:50:34,630] {taskinstance.py:1238} INFO - 
--------------------------------------------------------------------------------
[2022-04-24 14:50:34,630] {taskinstance.py:1239} INFO - Starting attempt 1 of 1
[2022-04-24 14:50:34,631] {taskinstance.py:1240} INFO - 
--------------------------------------------------------------------------------
[2022-04-24 14:50:34,644] {taskinstance.py:1259} INFO - Executing <Task(BigQueryCreateExternalTableOperator): gcs_2_bq_ext_task> on 2017-01-01 00:00:00+00:00
[2022-04-24 14:50:34,654] {standard_task_runner.py:52} INFO - Started process 3745 to run task
[2022-04-24 14:50:34,658] {standard_task_runner.py:76} INFO - Running: ['***', 'tasks', 'run', 'roster_data_bq_dag', 'gcs_2_bq_ext_task', 'scheduled__2017-01-01T00:00:00+00:00', '--job-id', '2252', '--raw', '--subdir', 'DAGS_FOLDER/nfl_gcs_to_bq.py', '--cfg-path', '/tmp/tmpsn02hih_', '--error-file', '/tmp/tmplovze1_x']
[2022-04-24 14:50:34,659] {standard_task_runner.py:77} INFO - Job 2252: Subtask gcs_2_bq_ext_task
[2022-04-24 14:50:34,738] {logging_mixin.py:109} INFO - Running <TaskInstance: roster_data_bq_dag.gcs_2_bq_ext_task scheduled__2017-01-01T00:00:00+00:00 [running]> on host 28475d5c3e7a
[2022-04-24 14:50:34,829] {taskinstance.py:1426} INFO - Exporting the following env vars:
AIRFLOW_CTX_DAG_OWNER=***
AIRFLOW_CTX_DAG_ID=roster_data_bq_dag
AIRFLOW_CTX_TASK_ID=gcs_2_bq_ext_task
AIRFLOW_CTX_EXECUTION_DATE=2017-01-01T00:00:00+00:00
AIRFLOW_CTX_DAG_RUN_ID=scheduled__2017-01-01T00:00:00+00:00
[2022-04-24 14:50:34,831] {crypto.py:82} WARNING - empty cryptography key - values will not be stored encrypted.
[2022-04-24 14:50:35,414] {taskinstance.py:1277} INFO - Marking task as SUCCESS. dag_id=roster_data_bq_dag, task_id=gcs_2_bq_ext_task, execution_date=20170101T000000, start_date=20220424T145034, end_date=20220424T145035
[2022-04-24 14:50:35,440] {local_task_job.py:154} INFO - Task exited with return code 0
[2022-04-24 14:50:35,474] {local_task_job.py:264} INFO - 0 downstream tasks scheduled from follow-on schedule check
[2022-04-24 14:56:39,215] {taskinstance.py:1032} INFO - Dependencies all met for <TaskInstance: roster_data_bq_dag.gcs_2_bq_ext_task scheduled__2017-01-01T00:00:00+00:00 [queued]>
[2022-04-24 14:56:39,232] {taskinstance.py:1032} INFO - Dependencies all met for <TaskInstance: roster_data_bq_dag.gcs_2_bq_ext_task scheduled__2017-01-01T00:00:00+00:00 [queued]>
[2022-04-24 14:56:39,232] {taskinstance.py:1238} INFO - 
--------------------------------------------------------------------------------
[2022-04-24 14:56:39,232] {taskinstance.py:1239} INFO - Starting attempt 1 of 1
[2022-04-24 14:56:39,232] {taskinstance.py:1240} INFO - 
--------------------------------------------------------------------------------
[2022-04-24 14:56:39,250] {taskinstance.py:1259} INFO - Executing <Task(BigQueryCreateExternalTableOperator): gcs_2_bq_ext_task> on 2017-01-01 00:00:00+00:00
[2022-04-24 14:56:39,259] {standard_task_runner.py:52} INFO - Started process 4641 to run task
[2022-04-24 14:56:39,266] {standard_task_runner.py:76} INFO - Running: ['***', 'tasks', 'run', 'roster_data_bq_dag', 'gcs_2_bq_ext_task', 'scheduled__2017-01-01T00:00:00+00:00', '--job-id', '2304', '--raw', '--subdir', 'DAGS_FOLDER/nfl_gcs_to_bq.py', '--cfg-path', '/tmp/tmpzrr_fbxa', '--error-file', '/tmp/tmpcmjpk_4k']
[2022-04-24 14:56:39,267] {standard_task_runner.py:77} INFO - Job 2304: Subtask gcs_2_bq_ext_task
[2022-04-24 14:56:39,360] {logging_mixin.py:109} INFO - Running <TaskInstance: roster_data_bq_dag.gcs_2_bq_ext_task scheduled__2017-01-01T00:00:00+00:00 [running]> on host 28475d5c3e7a
[2022-04-24 14:56:39,443] {taskinstance.py:1426} INFO - Exporting the following env vars:
AIRFLOW_CTX_DAG_OWNER=***
AIRFLOW_CTX_DAG_ID=roster_data_bq_dag
AIRFLOW_CTX_TASK_ID=gcs_2_bq_ext_task
AIRFLOW_CTX_EXECUTION_DATE=2017-01-01T00:00:00+00:00
AIRFLOW_CTX_DAG_RUN_ID=scheduled__2017-01-01T00:00:00+00:00
[2022-04-24 14:56:39,445] {crypto.py:82} WARNING - empty cryptography key - values will not be stored encrypted.
[2022-04-24 14:56:40,013] {taskinstance.py:1277} INFO - Marking task as SUCCESS. dag_id=roster_data_bq_dag, task_id=gcs_2_bq_ext_task, execution_date=20170101T000000, start_date=20220424T145639, end_date=20220424T145640
[2022-04-24 14:56:40,040] {local_task_job.py:154} INFO - Task exited with return code 0
[2022-04-24 14:56:40,074] {local_task_job.py:264} INFO - 0 downstream tasks scheduled from follow-on schedule check
