[2022-04-11 20:01:04,784] {taskinstance.py:1032} INFO - Dependencies all met for <TaskInstance: injury_data.download_data_task scheduled__2017-01-01T00:00:00+00:00 [queued]>
[2022-04-11 20:01:04,800] {taskinstance.py:1032} INFO - Dependencies all met for <TaskInstance: injury_data.download_data_task scheduled__2017-01-01T00:00:00+00:00 [queued]>
[2022-04-11 20:01:04,801] {taskinstance.py:1238} INFO - 
--------------------------------------------------------------------------------
[2022-04-11 20:01:04,801] {taskinstance.py:1239} INFO - Starting attempt 1 of 1
[2022-04-11 20:01:04,801] {taskinstance.py:1240} INFO - 
--------------------------------------------------------------------------------
[2022-04-11 20:01:04,834] {taskinstance.py:1259} INFO - Executing <Task(PythonOperator): download_data_task> on 2017-01-01 00:00:00+00:00
[2022-04-11 20:01:04,844] {standard_task_runner.py:52} INFO - Started process 357214 to run task
[2022-04-11 20:01:04,858] {standard_task_runner.py:76} INFO - Running: ['***', 'tasks', 'run', 'injury_data', 'download_data_task', 'scheduled__2017-01-01T00:00:00+00:00', '--job-id', '1796', '--raw', '--subdir', 'DAGS_FOLDER/nfl_to_gcs.py', '--cfg-path', '/tmp/tmp9ps9jk0l', '--error-file', '/tmp/tmpqt55rjph']
[2022-04-11 20:01:04,859] {standard_task_runner.py:77} INFO - Job 1796: Subtask download_data_task
[2022-04-11 20:01:05,072] {logging_mixin.py:109} INFO - Running <TaskInstance: injury_data.download_data_task scheduled__2017-01-01T00:00:00+00:00 [running]> on host 4ed3eda454fd
[2022-04-11 20:01:05,245] {taskinstance.py:1426} INFO - Exporting the following env vars:
AIRFLOW_CTX_DAG_OWNER=***
AIRFLOW_CTX_DAG_ID=injury_data
AIRFLOW_CTX_TASK_ID=download_data_task
AIRFLOW_CTX_EXECUTION_DATE=2017-01-01T00:00:00+00:00
AIRFLOW_CTX_DAG_RUN_ID=scheduled__2017-01-01T00:00:00+00:00
[2022-04-11 20:01:05,259] {logging_mixin.py:109} WARNING - /home/***/.local/lib/python3.7/site-packages/***/utils/context.py:152 AirflowContextDeprecationWarning: Accessing 'execution_date' from the template is deprecated and will be removed in a future version. Please use 'data_interval_start' or 'logical_date' instead.
[2022-04-11 20:01:05,268] {logging_mixin.py:109} WARNING - /home/***/.local/lib/python3.7/site-packages/***/utils/context.py:152 AirflowContextDeprecationWarning: Accessing 'next_ds' from the template is deprecated and will be removed in a future version. Please use '{{ data_interval_end | ds }}' instead.
[2022-04-11 20:01:05,270] {logging_mixin.py:109} WARNING - /home/***/.local/lib/python3.7/site-packages/***/utils/context.py:152 AirflowContextDeprecationWarning: Accessing 'next_ds_nodash' from the template is deprecated and will be removed in a future version. Please use '{{ data_interval_end | ds_nodash }}' instead.
[2022-04-11 20:01:05,272] {logging_mixin.py:109} WARNING - /home/***/.local/lib/python3.7/site-packages/***/utils/context.py:152 AirflowContextDeprecationWarning: Accessing 'next_execution_date' from the template is deprecated and will be removed in a future version. Please use 'data_interval_end' instead.
[2022-04-11 20:01:05,273] {logging_mixin.py:109} WARNING - /home/***/.local/lib/python3.7/site-packages/***/utils/context.py:152 AirflowContextDeprecationWarning: Accessing 'prev_ds' from the template is deprecated and will be removed in a future version.
[2022-04-11 20:01:05,274] {logging_mixin.py:109} WARNING - /home/***/.local/lib/python3.7/site-packages/***/utils/context.py:152 AirflowContextDeprecationWarning: Accessing 'prev_ds_nodash' from the template is deprecated and will be removed in a future version.
[2022-04-11 20:01:05,275] {logging_mixin.py:109} WARNING - /home/***/.local/lib/python3.7/site-packages/***/utils/context.py:152 AirflowContextDeprecationWarning: Accessing 'prev_execution_date' from the template is deprecated and will be removed in a future version.
[2022-04-11 20:01:05,283] {logging_mixin.py:109} WARNING - /home/***/.local/lib/python3.7/site-packages/***/utils/context.py:152 AirflowContextDeprecationWarning: Accessing 'prev_execution_date_success' from the template is deprecated and will be removed in a future version. Please use 'prev_data_interval_start_success' instead.
[2022-04-11 20:01:05,284] {logging_mixin.py:109} WARNING - /home/***/.local/lib/python3.7/site-packages/***/utils/context.py:152 AirflowContextDeprecationWarning: Accessing 'tomorrow_ds' from the template is deprecated and will be removed in a future version.
[2022-04-11 20:01:05,289] {logging_mixin.py:109} WARNING - /home/***/.local/lib/python3.7/site-packages/***/utils/context.py:152 AirflowContextDeprecationWarning: Accessing 'tomorrow_ds_nodash' from the template is deprecated and will be removed in a future version.
[2022-04-11 20:01:05,290] {logging_mixin.py:109} WARNING - /home/***/.local/lib/python3.7/site-packages/***/utils/context.py:152 AirflowContextDeprecationWarning: Accessing 'yesterday_ds' from the template is deprecated and will be removed in a future version.
[2022-04-11 20:01:05,291] {logging_mixin.py:109} WARNING - /home/***/.local/lib/python3.7/site-packages/***/utils/context.py:152 AirflowContextDeprecationWarning: Accessing 'yesterday_ds_nodash' from the template is deprecated and will be removed in a future version.
[2022-04-11 20:01:05,735] {python.py:175} INFO - Done. Returned value was: None
[2022-04-11 20:01:05,764] {taskinstance.py:1277} INFO - Marking task as SUCCESS. dag_id=injury_data, task_id=download_data_task, execution_date=20170101T000000, start_date=20220411T200104, end_date=20220411T200105
[2022-04-11 20:01:05,809] {local_task_job.py:154} INFO - Task exited with return code 0
[2022-04-11 20:01:05,894] {local_task_job.py:264} INFO - 1 downstream tasks scheduled from follow-on schedule check
[2022-04-11 20:04:27,824] {taskinstance.py:1032} INFO - Dependencies all met for <TaskInstance: injury_data.download_data_task scheduled__2017-01-01T00:00:00+00:00 [queued]>
[2022-04-11 20:04:27,871] {taskinstance.py:1032} INFO - Dependencies all met for <TaskInstance: injury_data.download_data_task scheduled__2017-01-01T00:00:00+00:00 [queued]>
[2022-04-11 20:04:27,871] {taskinstance.py:1238} INFO - 
--------------------------------------------------------------------------------
[2022-04-11 20:04:27,871] {taskinstance.py:1239} INFO - Starting attempt 1 of 1
[2022-04-11 20:04:27,871] {taskinstance.py:1240} INFO - 
--------------------------------------------------------------------------------
[2022-04-11 20:04:27,913] {taskinstance.py:1259} INFO - Executing <Task(PythonOperator): download_data_task> on 2017-01-01 00:00:00+00:00
[2022-04-11 20:04:27,926] {standard_task_runner.py:52} INFO - Started process 358170 to run task
[2022-04-11 20:04:27,938] {standard_task_runner.py:76} INFO - Running: ['***', 'tasks', 'run', 'injury_data', 'download_data_task', 'scheduled__2017-01-01T00:00:00+00:00', '--job-id', '1890', '--raw', '--subdir', 'DAGS_FOLDER/nfl_to_gcs.py', '--cfg-path', '/tmp/tmpx54p80g8', '--error-file', '/tmp/tmpl_pt6d6e']
[2022-04-11 20:04:27,940] {standard_task_runner.py:77} INFO - Job 1890: Subtask download_data_task
[2022-04-11 20:04:28,091] {logging_mixin.py:109} INFO - Running <TaskInstance: injury_data.download_data_task scheduled__2017-01-01T00:00:00+00:00 [running]> on host 4ed3eda454fd
[2022-04-11 20:04:28,222] {taskinstance.py:1426} INFO - Exporting the following env vars:
AIRFLOW_CTX_DAG_OWNER=***
AIRFLOW_CTX_DAG_ID=injury_data
AIRFLOW_CTX_TASK_ID=download_data_task
AIRFLOW_CTX_EXECUTION_DATE=2017-01-01T00:00:00+00:00
AIRFLOW_CTX_DAG_RUN_ID=scheduled__2017-01-01T00:00:00+00:00
[2022-04-11 20:04:28,233] {logging_mixin.py:109} WARNING - /home/***/.local/lib/python3.7/site-packages/***/utils/context.py:152 AirflowContextDeprecationWarning: Accessing 'execution_date' from the template is deprecated and will be removed in a future version. Please use 'data_interval_start' or 'logical_date' instead.
[2022-04-11 20:04:28,235] {logging_mixin.py:109} WARNING - /home/***/.local/lib/python3.7/site-packages/***/utils/context.py:152 AirflowContextDeprecationWarning: Accessing 'next_ds' from the template is deprecated and will be removed in a future version. Please use '{{ data_interval_end | ds }}' instead.
[2022-04-11 20:04:28,236] {logging_mixin.py:109} WARNING - /home/***/.local/lib/python3.7/site-packages/***/utils/context.py:152 AirflowContextDeprecationWarning: Accessing 'next_ds_nodash' from the template is deprecated and will be removed in a future version. Please use '{{ data_interval_end | ds_nodash }}' instead.
[2022-04-11 20:04:28,246] {logging_mixin.py:109} WARNING - /home/***/.local/lib/python3.7/site-packages/***/utils/context.py:152 AirflowContextDeprecationWarning: Accessing 'next_execution_date' from the template is deprecated and will be removed in a future version. Please use 'data_interval_end' instead.
[2022-04-11 20:04:28,247] {logging_mixin.py:109} WARNING - /home/***/.local/lib/python3.7/site-packages/***/utils/context.py:152 AirflowContextDeprecationWarning: Accessing 'prev_ds' from the template is deprecated and will be removed in a future version.
[2022-04-11 20:04:28,254] {logging_mixin.py:109} WARNING - /home/***/.local/lib/python3.7/site-packages/***/utils/context.py:152 AirflowContextDeprecationWarning: Accessing 'prev_ds_nodash' from the template is deprecated and will be removed in a future version.
[2022-04-11 20:04:28,255] {logging_mixin.py:109} WARNING - /home/***/.local/lib/python3.7/site-packages/***/utils/context.py:152 AirflowContextDeprecationWarning: Accessing 'prev_execution_date' from the template is deprecated and will be removed in a future version.
[2022-04-11 20:04:28,257] {logging_mixin.py:109} WARNING - /home/***/.local/lib/python3.7/site-packages/***/utils/context.py:152 AirflowContextDeprecationWarning: Accessing 'prev_execution_date_success' from the template is deprecated and will be removed in a future version. Please use 'prev_data_interval_start_success' instead.
[2022-04-11 20:04:28,259] {logging_mixin.py:109} WARNING - /home/***/.local/lib/python3.7/site-packages/***/utils/context.py:152 AirflowContextDeprecationWarning: Accessing 'tomorrow_ds' from the template is deprecated and will be removed in a future version.
[2022-04-11 20:04:28,260] {logging_mixin.py:109} WARNING - /home/***/.local/lib/python3.7/site-packages/***/utils/context.py:152 AirflowContextDeprecationWarning: Accessing 'tomorrow_ds_nodash' from the template is deprecated and will be removed in a future version.
[2022-04-11 20:04:28,261] {logging_mixin.py:109} WARNING - /home/***/.local/lib/python3.7/site-packages/***/utils/context.py:152 AirflowContextDeprecationWarning: Accessing 'yesterday_ds' from the template is deprecated and will be removed in a future version.
[2022-04-11 20:04:28,263] {logging_mixin.py:109} WARNING - /home/***/.local/lib/python3.7/site-packages/***/utils/context.py:152 AirflowContextDeprecationWarning: Accessing 'yesterday_ds_nodash' from the template is deprecated and will be removed in a future version.
[2022-04-11 20:04:28,703] {python.py:175} INFO - Done. Returned value was: None
[2022-04-11 20:04:28,752] {taskinstance.py:1277} INFO - Marking task as SUCCESS. dag_id=injury_data, task_id=download_data_task, execution_date=20170101T000000, start_date=20220411T200427, end_date=20220411T200428
[2022-04-11 20:04:28,931] {local_task_job.py:154} INFO - Task exited with return code 0
[2022-04-11 20:04:29,596] {local_task_job.py:264} INFO - 0 downstream tasks scheduled from follow-on schedule check
[2022-04-23 16:31:35,031] {taskinstance.py:1032} INFO - Dependencies all met for <TaskInstance: injury_data.download_data_task scheduled__2017-01-01T00:00:00+00:00 [queued]>
[2022-04-23 16:31:35,060] {taskinstance.py:1032} INFO - Dependencies all met for <TaskInstance: injury_data.download_data_task scheduled__2017-01-01T00:00:00+00:00 [queued]>
[2022-04-23 16:31:35,060] {taskinstance.py:1238} INFO - 
--------------------------------------------------------------------------------
[2022-04-23 16:31:35,061] {taskinstance.py:1239} INFO - Starting attempt 1 of 1
[2022-04-23 16:31:35,061] {taskinstance.py:1240} INFO - 
--------------------------------------------------------------------------------
[2022-04-23 16:31:35,113] {taskinstance.py:1259} INFO - Executing <Task(PythonOperator): download_data_task> on 2017-01-01 00:00:00+00:00
[2022-04-23 16:31:35,122] {standard_task_runner.py:52} INFO - Started process 2673 to run task
[2022-04-23 16:31:35,148] {standard_task_runner.py:76} INFO - Running: ['***', 'tasks', 'run', 'injury_data', 'download_data_task', 'scheduled__2017-01-01T00:00:00+00:00', '--job-id', '2087', '--raw', '--subdir', 'DAGS_FOLDER/nfl_to_gcs.py', '--cfg-path', '/tmp/tmp2yqs8fxe', '--error-file', '/tmp/tmpcpm9czaj']
[2022-04-23 16:31:35,150] {standard_task_runner.py:77} INFO - Job 2087: Subtask download_data_task
[2022-04-23 16:31:35,343] {logging_mixin.py:109} INFO - Running <TaskInstance: injury_data.download_data_task scheduled__2017-01-01T00:00:00+00:00 [running]> on host 04f3a8edbeca
[2022-04-23 16:31:35,522] {taskinstance.py:1426} INFO - Exporting the following env vars:
AIRFLOW_CTX_DAG_OWNER=***
AIRFLOW_CTX_DAG_ID=injury_data
AIRFLOW_CTX_TASK_ID=download_data_task
AIRFLOW_CTX_EXECUTION_DATE=2017-01-01T00:00:00+00:00
AIRFLOW_CTX_DAG_RUN_ID=scheduled__2017-01-01T00:00:00+00:00
[2022-04-23 16:31:35,535] {logging_mixin.py:109} WARNING - /home/***/.local/lib/python3.7/site-packages/***/utils/context.py:152 AirflowContextDeprecationWarning: Accessing 'execution_date' from the template is deprecated and will be removed in a future version. Please use 'data_interval_start' or 'logical_date' instead.
[2022-04-23 16:31:35,540] {logging_mixin.py:109} WARNING - /home/***/.local/lib/python3.7/site-packages/***/utils/context.py:152 AirflowContextDeprecationWarning: Accessing 'next_ds' from the template is deprecated and will be removed in a future version. Please use '{{ data_interval_end | ds }}' instead.
[2022-04-23 16:31:35,542] {logging_mixin.py:109} WARNING - /home/***/.local/lib/python3.7/site-packages/***/utils/context.py:152 AirflowContextDeprecationWarning: Accessing 'next_ds_nodash' from the template is deprecated and will be removed in a future version. Please use '{{ data_interval_end | ds_nodash }}' instead.
[2022-04-23 16:31:35,544] {logging_mixin.py:109} WARNING - /home/***/.local/lib/python3.7/site-packages/***/utils/context.py:152 AirflowContextDeprecationWarning: Accessing 'next_execution_date' from the template is deprecated and will be removed in a future version. Please use 'data_interval_end' instead.
[2022-04-23 16:31:35,549] {logging_mixin.py:109} WARNING - /home/***/.local/lib/python3.7/site-packages/***/utils/context.py:152 AirflowContextDeprecationWarning: Accessing 'prev_ds' from the template is deprecated and will be removed in a future version.
[2022-04-23 16:31:35,550] {logging_mixin.py:109} WARNING - /home/***/.local/lib/python3.7/site-packages/***/utils/context.py:152 AirflowContextDeprecationWarning: Accessing 'prev_ds_nodash' from the template is deprecated and will be removed in a future version.
[2022-04-23 16:31:35,552] {logging_mixin.py:109} WARNING - /home/***/.local/lib/python3.7/site-packages/***/utils/context.py:152 AirflowContextDeprecationWarning: Accessing 'prev_execution_date' from the template is deprecated and will be removed in a future version.
[2022-04-23 16:31:35,553] {logging_mixin.py:109} WARNING - /home/***/.local/lib/python3.7/site-packages/***/utils/context.py:152 AirflowContextDeprecationWarning: Accessing 'prev_execution_date_success' from the template is deprecated and will be removed in a future version. Please use 'prev_data_interval_start_success' instead.
[2022-04-23 16:31:35,555] {logging_mixin.py:109} WARNING - /home/***/.local/lib/python3.7/site-packages/***/utils/context.py:152 AirflowContextDeprecationWarning: Accessing 'tomorrow_ds' from the template is deprecated and will be removed in a future version.
[2022-04-23 16:31:35,556] {logging_mixin.py:109} WARNING - /home/***/.local/lib/python3.7/site-packages/***/utils/context.py:152 AirflowContextDeprecationWarning: Accessing 'tomorrow_ds_nodash' from the template is deprecated and will be removed in a future version.
[2022-04-23 16:31:35,558] {logging_mixin.py:109} WARNING - /home/***/.local/lib/python3.7/site-packages/***/utils/context.py:152 AirflowContextDeprecationWarning: Accessing 'yesterday_ds' from the template is deprecated and will be removed in a future version.
[2022-04-23 16:31:35,559] {logging_mixin.py:109} WARNING - /home/***/.local/lib/python3.7/site-packages/***/utils/context.py:152 AirflowContextDeprecationWarning: Accessing 'yesterday_ds_nodash' from the template is deprecated and will be removed in a future version.
[2022-04-23 16:31:35,918] {python.py:175} INFO - Done. Returned value was: None
[2022-04-23 16:31:35,948] {taskinstance.py:1277} INFO - Marking task as SUCCESS. dag_id=injury_data, task_id=download_data_task, execution_date=20170101T000000, start_date=20220423T163135, end_date=20220423T163135
[2022-04-23 16:31:36,018] {local_task_job.py:154} INFO - Task exited with return code 0
[2022-04-23 16:31:36,254] {local_task_job.py:264} INFO - 0 downstream tasks scheduled from follow-on schedule check
