[2022-04-11 20:05:40,094] {taskinstance.py:1032} INFO - Dependencies all met for <TaskInstance: schedule_data.rm_task scheduled__2009-01-01T00:00:00+00:00 [queued]>
[2022-04-11 20:05:40,165] {taskinstance.py:1032} INFO - Dependencies all met for <TaskInstance: schedule_data.rm_task scheduled__2009-01-01T00:00:00+00:00 [queued]>
[2022-04-11 20:05:40,168] {taskinstance.py:1238} INFO - 
--------------------------------------------------------------------------------
[2022-04-11 20:05:40,169] {taskinstance.py:1239} INFO - Starting attempt 1 of 1
[2022-04-11 20:05:40,169] {taskinstance.py:1240} INFO - 
--------------------------------------------------------------------------------
[2022-04-11 20:05:40,213] {taskinstance.py:1259} INFO - Executing <Task(BashOperator): rm_task> on 2009-01-01 00:00:00+00:00
[2022-04-11 20:05:40,227] {standard_task_runner.py:52} INFO - Started process 358690 to run task
[2022-04-11 20:05:40,264] {standard_task_runner.py:76} INFO - Running: ['***', 'tasks', 'run', 'schedule_data', 'rm_task', 'scheduled__2009-01-01T00:00:00+00:00', '--job-id', '1949', '--raw', '--subdir', 'DAGS_FOLDER/nfl_to_gcs.py', '--cfg-path', '/tmp/tmphp2z6hsw', '--error-file', '/tmp/tmpq2jcue6h']
[2022-04-11 20:05:40,266] {standard_task_runner.py:77} INFO - Job 1949: Subtask rm_task
[2022-04-11 20:05:40,487] {logging_mixin.py:109} INFO - Running <TaskInstance: schedule_data.rm_task scheduled__2009-01-01T00:00:00+00:00 [running]> on host 4ed3eda454fd
[2022-04-11 20:05:40,673] {taskinstance.py:1426} INFO - Exporting the following env vars:
AIRFLOW_CTX_DAG_OWNER=***
AIRFLOW_CTX_DAG_ID=schedule_data
AIRFLOW_CTX_TASK_ID=rm_task
AIRFLOW_CTX_EXECUTION_DATE=2009-01-01T00:00:00+00:00
AIRFLOW_CTX_DAG_RUN_ID=scheduled__2009-01-01T00:00:00+00:00
[2022-04-11 20:05:40,678] {subprocess.py:62} INFO - Tmp dir root location: 
 /tmp
[2022-04-11 20:05:40,679] {subprocess.py:74} INFO - Running command: ['bash', '-c', 'rm "/opt/***/schedule_data_2009.parquet"']
[2022-04-11 20:05:40,700] {subprocess.py:85} INFO - Output:
[2022-04-11 20:05:40,707] {subprocess.py:93} INFO - Command exited with return code 0
[2022-04-11 20:05:40,768] {taskinstance.py:1277} INFO - Marking task as SUCCESS. dag_id=schedule_data, task_id=rm_task, execution_date=20090101T000000, start_date=20220411T200540, end_date=20220411T200540
[2022-04-11 20:05:40,864] {local_task_job.py:154} INFO - Task exited with return code 0
[2022-04-11 20:05:40,918] {local_task_job.py:264} INFO - 0 downstream tasks scheduled from follow-on schedule check
