[2022-04-11 20:00:13,415] {taskinstance.py:1032} INFO - Dependencies all met for <TaskInstance: injury_data.rm_task scheduled__2009-01-01T00:00:00+00:00 [queued]>
[2022-04-11 20:00:13,446] {taskinstance.py:1032} INFO - Dependencies all met for <TaskInstance: injury_data.rm_task scheduled__2009-01-01T00:00:00+00:00 [queued]>
[2022-04-11 20:00:13,447] {taskinstance.py:1238} INFO - 
--------------------------------------------------------------------------------
[2022-04-11 20:00:13,447] {taskinstance.py:1239} INFO - Starting attempt 1 of 1
[2022-04-11 20:00:13,447] {taskinstance.py:1240} INFO - 
--------------------------------------------------------------------------------
[2022-04-11 20:00:13,484] {taskinstance.py:1259} INFO - Executing <Task(BashOperator): rm_task> on 2009-01-01 00:00:00+00:00
[2022-04-11 20:00:13,510] {standard_task_runner.py:52} INFO - Started process 356900 to run task
[2022-04-11 20:00:13,531] {standard_task_runner.py:76} INFO - Running: ['***', 'tasks', 'run', 'injury_data', 'rm_task', 'scheduled__2009-01-01T00:00:00+00:00', '--job-id', '1767', '--raw', '--subdir', 'DAGS_FOLDER/nfl_to_gcs.py', '--cfg-path', '/tmp/tmpkh_6jhy4', '--error-file', '/tmp/tmp9j1my6la']
[2022-04-11 20:00:13,539] {standard_task_runner.py:77} INFO - Job 1767: Subtask rm_task
[2022-04-11 20:00:13,677] {logging_mixin.py:109} INFO - Running <TaskInstance: injury_data.rm_task scheduled__2009-01-01T00:00:00+00:00 [running]> on host 4ed3eda454fd
[2022-04-11 20:00:13,877] {taskinstance.py:1426} INFO - Exporting the following env vars:
AIRFLOW_CTX_DAG_OWNER=***
AIRFLOW_CTX_DAG_ID=injury_data
AIRFLOW_CTX_TASK_ID=rm_task
AIRFLOW_CTX_EXECUTION_DATE=2009-01-01T00:00:00+00:00
AIRFLOW_CTX_DAG_RUN_ID=scheduled__2009-01-01T00:00:00+00:00
[2022-04-11 20:00:13,881] {subprocess.py:62} INFO - Tmp dir root location: 
 /tmp
[2022-04-11 20:00:13,882] {subprocess.py:74} INFO - Running command: ['bash', '-c', 'rm "/opt/***/injury_data_2009.parquet"']
[2022-04-11 20:00:13,909] {subprocess.py:85} INFO - Output:
[2022-04-11 20:00:13,915] {subprocess.py:93} INFO - Command exited with return code 0
[2022-04-11 20:00:13,967] {taskinstance.py:1277} INFO - Marking task as SUCCESS. dag_id=injury_data, task_id=rm_task, execution_date=20090101T000000, start_date=20220411T200013, end_date=20220411T200013
[2022-04-11 20:00:14,048] {local_task_job.py:154} INFO - Task exited with return code 0
[2022-04-11 20:00:14,129] {local_task_job.py:264} INFO - 0 downstream tasks scheduled from follow-on schedule check
[2022-04-11 20:03:43,134] {taskinstance.py:1032} INFO - Dependencies all met for <TaskInstance: injury_data.rm_task scheduled__2009-01-01T00:00:00+00:00 [queued]>
[2022-04-11 20:03:43,165] {taskinstance.py:1032} INFO - Dependencies all met for <TaskInstance: injury_data.rm_task scheduled__2009-01-01T00:00:00+00:00 [queued]>
[2022-04-11 20:03:43,165] {taskinstance.py:1238} INFO - 
--------------------------------------------------------------------------------
[2022-04-11 20:03:43,165] {taskinstance.py:1239} INFO - Starting attempt 1 of 1
[2022-04-11 20:03:43,165] {taskinstance.py:1240} INFO - 
--------------------------------------------------------------------------------
[2022-04-11 20:03:43,189] {taskinstance.py:1259} INFO - Executing <Task(BashOperator): rm_task> on 2009-01-01 00:00:00+00:00
[2022-04-11 20:03:43,200] {standard_task_runner.py:52} INFO - Started process 357890 to run task
[2022-04-11 20:03:43,216] {standard_task_runner.py:76} INFO - Running: ['***', 'tasks', 'run', 'injury_data', 'rm_task', 'scheduled__2009-01-01T00:00:00+00:00', '--job-id', '1861', '--raw', '--subdir', 'DAGS_FOLDER/nfl_to_gcs.py', '--cfg-path', '/tmp/tmpdfx5h2e4', '--error-file', '/tmp/tmpj_imvpwk']
[2022-04-11 20:03:43,218] {standard_task_runner.py:77} INFO - Job 1861: Subtask rm_task
[2022-04-11 20:03:43,323] {logging_mixin.py:109} INFO - Running <TaskInstance: injury_data.rm_task scheduled__2009-01-01T00:00:00+00:00 [running]> on host 4ed3eda454fd
[2022-04-11 20:03:43,447] {taskinstance.py:1426} INFO - Exporting the following env vars:
AIRFLOW_CTX_DAG_OWNER=***
AIRFLOW_CTX_DAG_ID=injury_data
AIRFLOW_CTX_TASK_ID=rm_task
AIRFLOW_CTX_EXECUTION_DATE=2009-01-01T00:00:00+00:00
AIRFLOW_CTX_DAG_RUN_ID=scheduled__2009-01-01T00:00:00+00:00
[2022-04-11 20:03:43,449] {subprocess.py:62} INFO - Tmp dir root location: 
 /tmp
[2022-04-11 20:03:43,450] {subprocess.py:74} INFO - Running command: ['bash', '-c', 'rm "/opt/***/injury_data_2009.parquet"']
[2022-04-11 20:03:43,478] {subprocess.py:85} INFO - Output:
[2022-04-11 20:03:43,484] {subprocess.py:93} INFO - Command exited with return code 0
[2022-04-11 20:03:43,525] {taskinstance.py:1277} INFO - Marking task as SUCCESS. dag_id=injury_data, task_id=rm_task, execution_date=20090101T000000, start_date=20220411T200343, end_date=20220411T200343
[2022-04-11 20:03:43,585] {local_task_job.py:154} INFO - Task exited with return code 0
[2022-04-11 20:03:43,658] {local_task_job.py:264} INFO - 0 downstream tasks scheduled from follow-on schedule check
[2022-04-23 16:31:07,498] {taskinstance.py:1032} INFO - Dependencies all met for <TaskInstance: injury_data.rm_task scheduled__2009-01-01T00:00:00+00:00 [queued]>
[2022-04-23 16:31:07,578] {taskinstance.py:1032} INFO - Dependencies all met for <TaskInstance: injury_data.rm_task scheduled__2009-01-01T00:00:00+00:00 [queued]>
[2022-04-23 16:31:07,578] {taskinstance.py:1238} INFO - 
--------------------------------------------------------------------------------
[2022-04-23 16:31:07,578] {taskinstance.py:1239} INFO - Starting attempt 1 of 1
[2022-04-23 16:31:07,579] {taskinstance.py:1240} INFO - 
--------------------------------------------------------------------------------
[2022-04-23 16:31:07,618] {taskinstance.py:1259} INFO - Executing <Task(BashOperator): rm_task> on 2009-01-01 00:00:00+00:00
[2022-04-23 16:31:07,637] {standard_task_runner.py:52} INFO - Started process 2451 to run task
[2022-04-23 16:31:07,660] {standard_task_runner.py:76} INFO - Running: ['***', 'tasks', 'run', 'injury_data', 'rm_task', 'scheduled__2009-01-01T00:00:00+00:00', '--job-id', '2062', '--raw', '--subdir', 'DAGS_FOLDER/nfl_to_gcs.py', '--cfg-path', '/tmp/tmpz_40ll2n', '--error-file', '/tmp/tmpzepfrplr']
[2022-04-23 16:31:07,662] {standard_task_runner.py:77} INFO - Job 2062: Subtask rm_task
[2022-04-23 16:31:07,796] {logging_mixin.py:109} INFO - Running <TaskInstance: injury_data.rm_task scheduled__2009-01-01T00:00:00+00:00 [running]> on host 04f3a8edbeca
[2022-04-23 16:31:08,089] {taskinstance.py:1426} INFO - Exporting the following env vars:
AIRFLOW_CTX_DAG_OWNER=***
AIRFLOW_CTX_DAG_ID=injury_data
AIRFLOW_CTX_TASK_ID=rm_task
AIRFLOW_CTX_EXECUTION_DATE=2009-01-01T00:00:00+00:00
AIRFLOW_CTX_DAG_RUN_ID=scheduled__2009-01-01T00:00:00+00:00
[2022-04-23 16:31:08,091] {subprocess.py:62} INFO - Tmp dir root location: 
 /tmp
[2022-04-23 16:31:08,092] {subprocess.py:74} INFO - Running command: ['bash', '-c', 'rm "/opt/***/injury_data_2009.parquet"']
[2022-04-23 16:31:08,158] {subprocess.py:85} INFO - Output:
[2022-04-23 16:31:08,183] {subprocess.py:93} INFO - Command exited with return code 0
[2022-04-23 16:31:08,266] {taskinstance.py:1277} INFO - Marking task as SUCCESS. dag_id=injury_data, task_id=rm_task, execution_date=20090101T000000, start_date=20220423T163107, end_date=20220423T163108
[2022-04-23 16:31:08,414] {local_task_job.py:154} INFO - Task exited with return code 0
[2022-04-23 16:31:08,644] {local_task_job.py:264} INFO - 0 downstream tasks scheduled from follow-on schedule check
