[2022-04-24 14:46:19,396] {taskinstance.py:1032} INFO - Dependencies all met for <TaskInstance: pbp_data_bq_dag.bq_ext_2_part_task scheduled__2005-01-01T00:00:00+00:00 [queued]>
[2022-04-24 14:46:19,412] {taskinstance.py:1032} INFO - Dependencies all met for <TaskInstance: pbp_data_bq_dag.bq_ext_2_part_task scheduled__2005-01-01T00:00:00+00:00 [queued]>
[2022-04-24 14:46:19,414] {taskinstance.py:1238} INFO - 
--------------------------------------------------------------------------------
[2022-04-24 14:46:19,414] {taskinstance.py:1239} INFO - Starting attempt 1 of 1
[2022-04-24 14:46:19,414] {taskinstance.py:1240} INFO - 
--------------------------------------------------------------------------------
[2022-04-24 14:46:19,436] {taskinstance.py:1259} INFO - Executing <Task(BigQueryInsertJobOperator): bq_ext_2_part_task> on 2005-01-01 00:00:00+00:00
[2022-04-24 14:46:19,448] {standard_task_runner.py:52} INFO - Started process 2906 to run task
[2022-04-24 14:46:19,470] {standard_task_runner.py:76} INFO - Running: ['***', 'tasks', 'run', 'pbp_data_bq_dag', 'bq_ext_2_part_task', 'scheduled__2005-01-01T00:00:00+00:00', '--job-id', '2183', '--raw', '--subdir', 'DAGS_FOLDER/nfl_gcs_to_bq.py', '--cfg-path', '/tmp/tmp6dbhdhaa', '--error-file', '/tmp/tmposdgf5vq']
[2022-04-24 14:46:19,472] {standard_task_runner.py:77} INFO - Job 2183: Subtask bq_ext_2_part_task
[2022-04-24 14:46:19,627] {logging_mixin.py:109} INFO - Running <TaskInstance: pbp_data_bq_dag.bq_ext_2_part_task scheduled__2005-01-01T00:00:00+00:00 [running]> on host 28475d5c3e7a
[2022-04-24 14:46:19,771] {taskinstance.py:1426} INFO - Exporting the following env vars:
AIRFLOW_CTX_DAG_OWNER=***
AIRFLOW_CTX_DAG_ID=pbp_data_bq_dag
AIRFLOW_CTX_TASK_ID=bq_ext_2_part_task
AIRFLOW_CTX_EXECUTION_DATE=2005-01-01T00:00:00+00:00
AIRFLOW_CTX_DAG_RUN_ID=scheduled__2005-01-01T00:00:00+00:00
[2022-04-24 14:46:19,773] {crypto.py:82} WARNING - empty cryptography key - values will not be stored encrypted.
[2022-04-24 14:46:19,784] {logging_mixin.py:109} WARNING - /home/***/.local/lib/python3.7/site-packages/***/utils/context.py:152 AirflowContextDeprecationWarning: Accessing 'execution_date' from the template is deprecated and will be removed in a future version. Please use 'data_interval_start' or 'logical_date' instead.
[2022-04-24 14:46:19,812] {bigquery.py:1637} INFO - Inserting job ***_pbp_data_bq_dag_bq_ext_2_part_task_2005_01_01T00_00_00_00_00_185c92013f31d17959240484259c5d1a
[2022-04-24 14:46:23,555] {taskinstance.py:1277} INFO - Marking task as SUCCESS. dag_id=pbp_data_bq_dag, task_id=bq_ext_2_part_task, execution_date=20050101T000000, start_date=20220424T144619, end_date=20220424T144623
[2022-04-24 14:46:23,579] {local_task_job.py:154} INFO - Task exited with return code 0
[2022-04-24 14:46:23,612] {local_task_job.py:264} INFO - 0 downstream tasks scheduled from follow-on schedule check
[2022-04-25 12:36:00,862] {taskinstance.py:1032} INFO - Dependencies all met for <TaskInstance: pbp_data_bq_dag.bq_ext_2_part_task scheduled__2005-01-01T00:00:00+00:00 [queued]>
[2022-04-25 12:36:00,881] {taskinstance.py:1032} INFO - Dependencies all met for <TaskInstance: pbp_data_bq_dag.bq_ext_2_part_task scheduled__2005-01-01T00:00:00+00:00 [queued]>
[2022-04-25 12:36:00,881] {taskinstance.py:1238} INFO - 
--------------------------------------------------------------------------------
[2022-04-25 12:36:00,881] {taskinstance.py:1239} INFO - Starting attempt 1 of 1
[2022-04-25 12:36:00,882] {taskinstance.py:1240} INFO - 
--------------------------------------------------------------------------------
[2022-04-25 12:36:00,899] {taskinstance.py:1259} INFO - Executing <Task(BigQueryInsertJobOperator): bq_ext_2_part_task> on 2005-01-01 00:00:00+00:00
[2022-04-25 12:36:00,906] {standard_task_runner.py:52} INFO - Started process 651 to run task
[2022-04-25 12:36:00,913] {standard_task_runner.py:76} INFO - Running: ['***', 'tasks', 'run', 'pbp_data_bq_dag', 'bq_ext_2_part_task', 'scheduled__2005-01-01T00:00:00+00:00', '--job-id', '2339', '--raw', '--subdir', 'DAGS_FOLDER/nfl_gcs_to_bq.py', '--cfg-path', '/tmp/tmp0236m0qq', '--error-file', '/tmp/tmp0n5w2vno']
[2022-04-25 12:36:00,914] {standard_task_runner.py:77} INFO - Job 2339: Subtask bq_ext_2_part_task
[2022-04-25 12:36:01,009] {logging_mixin.py:109} INFO - Running <TaskInstance: pbp_data_bq_dag.bq_ext_2_part_task scheduled__2005-01-01T00:00:00+00:00 [running]> on host de169a1be7ed
[2022-04-25 12:36:01,160] {taskinstance.py:1426} INFO - Exporting the following env vars:
AIRFLOW_CTX_DAG_OWNER=***
AIRFLOW_CTX_DAG_ID=pbp_data_bq_dag
AIRFLOW_CTX_TASK_ID=bq_ext_2_part_task
AIRFLOW_CTX_EXECUTION_DATE=2005-01-01T00:00:00+00:00
AIRFLOW_CTX_DAG_RUN_ID=scheduled__2005-01-01T00:00:00+00:00
[2022-04-25 12:36:01,162] {crypto.py:82} WARNING - empty cryptography key - values will not be stored encrypted.
[2022-04-25 12:36:01,171] {logging_mixin.py:109} WARNING - /home/***/.local/lib/python3.7/site-packages/***/utils/context.py:152 AirflowContextDeprecationWarning: Accessing 'execution_date' from the template is deprecated and will be removed in a future version. Please use 'data_interval_start' or 'logical_date' instead.
[2022-04-25 12:36:01,188] {bigquery.py:1637} INFO - Inserting job ***_pbp_data_bq_dag_bq_ext_2_part_task_2005_01_01T00_00_00_00_00_63a0dd32f43d095bfe0040f8622d83b3
[2022-04-25 12:36:05,227] {taskinstance.py:1277} INFO - Marking task as SUCCESS. dag_id=pbp_data_bq_dag, task_id=bq_ext_2_part_task, execution_date=20050101T000000, start_date=20220425T123600, end_date=20220425T123605
[2022-04-25 12:36:05,267] {local_task_job.py:154} INFO - Task exited with return code 0
[2022-04-25 12:36:05,315] {local_task_job.py:264} INFO - 0 downstream tasks scheduled from follow-on schedule check
[2022-04-25 12:42:55,982] {taskinstance.py:1032} INFO - Dependencies all met for <TaskInstance: pbp_data_bq_dag.bq_ext_2_part_task scheduled__2005-01-01T00:00:00+00:00 [queued]>
[2022-04-25 12:42:55,997] {taskinstance.py:1032} INFO - Dependencies all met for <TaskInstance: pbp_data_bq_dag.bq_ext_2_part_task scheduled__2005-01-01T00:00:00+00:00 [queued]>
[2022-04-25 12:42:55,998] {taskinstance.py:1238} INFO - 
--------------------------------------------------------------------------------
[2022-04-25 12:42:55,998] {taskinstance.py:1239} INFO - Starting attempt 1 of 1
[2022-04-25 12:42:55,998] {taskinstance.py:1240} INFO - 
--------------------------------------------------------------------------------
[2022-04-25 12:42:56,016] {taskinstance.py:1259} INFO - Executing <Task(BigQueryInsertJobOperator): bq_ext_2_part_task> on 2005-01-01 00:00:00+00:00
[2022-04-25 12:42:56,025] {standard_task_runner.py:52} INFO - Started process 1621 to run task
[2022-04-25 12:42:56,036] {standard_task_runner.py:76} INFO - Running: ['***', 'tasks', 'run', 'pbp_data_bq_dag', 'bq_ext_2_part_task', 'scheduled__2005-01-01T00:00:00+00:00', '--job-id', '2384', '--raw', '--subdir', 'DAGS_FOLDER/nfl_gcs_to_bq.py', '--cfg-path', '/tmp/tmpkcqb24o1', '--error-file', '/tmp/tmp36q7unor']
[2022-04-25 12:42:56,038] {standard_task_runner.py:77} INFO - Job 2384: Subtask bq_ext_2_part_task
[2022-04-25 12:42:56,130] {logging_mixin.py:109} INFO - Running <TaskInstance: pbp_data_bq_dag.bq_ext_2_part_task scheduled__2005-01-01T00:00:00+00:00 [running]> on host de169a1be7ed
[2022-04-25 12:42:56,217] {taskinstance.py:1426} INFO - Exporting the following env vars:
AIRFLOW_CTX_DAG_OWNER=***
AIRFLOW_CTX_DAG_ID=pbp_data_bq_dag
AIRFLOW_CTX_TASK_ID=bq_ext_2_part_task
AIRFLOW_CTX_EXECUTION_DATE=2005-01-01T00:00:00+00:00
AIRFLOW_CTX_DAG_RUN_ID=scheduled__2005-01-01T00:00:00+00:00
[2022-04-25 12:42:56,222] {crypto.py:82} WARNING - empty cryptography key - values will not be stored encrypted.
[2022-04-25 12:42:56,236] {logging_mixin.py:109} WARNING - /home/***/.local/lib/python3.7/site-packages/***/utils/context.py:152 AirflowContextDeprecationWarning: Accessing 'execution_date' from the template is deprecated and will be removed in a future version. Please use 'data_interval_start' or 'logical_date' instead.
[2022-04-25 12:42:56,246] {bigquery.py:1637} INFO - Inserting job ***_pbp_data_bq_dag_bq_ext_2_part_task_2005_01_01T00_00_00_00_00_d730e3b91f3ce82c97ab9fd222be6357
[2022-04-25 12:43:01,202] {taskinstance.py:1277} INFO - Marking task as SUCCESS. dag_id=pbp_data_bq_dag, task_id=bq_ext_2_part_task, execution_date=20050101T000000, start_date=20220425T124255, end_date=20220425T124301
[2022-04-25 12:43:01,231] {local_task_job.py:154} INFO - Task exited with return code 0
[2022-04-25 12:43:01,257] {local_task_job.py:264} INFO - 0 downstream tasks scheduled from follow-on schedule check
[2022-04-25 12:44:10,463] {taskinstance.py:1032} INFO - Dependencies all met for <TaskInstance: pbp_data_bq_dag.bq_ext_2_part_task scheduled__2005-01-01T00:00:00+00:00 [queued]>
[2022-04-25 12:44:10,473] {taskinstance.py:1032} INFO - Dependencies all met for <TaskInstance: pbp_data_bq_dag.bq_ext_2_part_task scheduled__2005-01-01T00:00:00+00:00 [queued]>
[2022-04-25 12:44:10,474] {taskinstance.py:1238} INFO - 
--------------------------------------------------------------------------------
[2022-04-25 12:44:10,474] {taskinstance.py:1239} INFO - Starting attempt 1 of 1
[2022-04-25 12:44:10,474] {taskinstance.py:1240} INFO - 
--------------------------------------------------------------------------------
[2022-04-25 12:44:10,486] {taskinstance.py:1259} INFO - Executing <Task(BigQueryInsertJobOperator): bq_ext_2_part_task> on 2005-01-01 00:00:00+00:00
[2022-04-25 12:44:10,492] {standard_task_runner.py:52} INFO - Started process 1857 to run task
[2022-04-25 12:44:10,499] {standard_task_runner.py:76} INFO - Running: ['***', 'tasks', 'run', 'pbp_data_bq_dag', 'bq_ext_2_part_task', 'scheduled__2005-01-01T00:00:00+00:00', '--job-id', '2406', '--raw', '--subdir', 'DAGS_FOLDER/nfl_gcs_to_bq.py', '--cfg-path', '/tmp/tmpeltnvln8', '--error-file', '/tmp/tmpn4k3q6c4']
[2022-04-25 12:44:10,500] {standard_task_runner.py:77} INFO - Job 2406: Subtask bq_ext_2_part_task
[2022-04-25 12:44:10,595] {logging_mixin.py:109} INFO - Running <TaskInstance: pbp_data_bq_dag.bq_ext_2_part_task scheduled__2005-01-01T00:00:00+00:00 [running]> on host de169a1be7ed
[2022-04-25 12:44:10,676] {taskinstance.py:1426} INFO - Exporting the following env vars:
AIRFLOW_CTX_DAG_OWNER=***
AIRFLOW_CTX_DAG_ID=pbp_data_bq_dag
AIRFLOW_CTX_TASK_ID=bq_ext_2_part_task
AIRFLOW_CTX_EXECUTION_DATE=2005-01-01T00:00:00+00:00
AIRFLOW_CTX_DAG_RUN_ID=scheduled__2005-01-01T00:00:00+00:00
[2022-04-25 12:44:10,678] {crypto.py:82} WARNING - empty cryptography key - values will not be stored encrypted.
[2022-04-25 12:44:10,688] {logging_mixin.py:109} WARNING - /home/***/.local/lib/python3.7/site-packages/***/utils/context.py:152 AirflowContextDeprecationWarning: Accessing 'execution_date' from the template is deprecated and will be removed in a future version. Please use 'data_interval_start' or 'logical_date' instead.
[2022-04-25 12:44:10,699] {bigquery.py:1637} INFO - Inserting job ***_pbp_data_bq_dag_bq_ext_2_part_task_2005_01_01T00_00_00_00_00_1e7d913bfb8d1f7aa9fa27c98134ad60
[2022-04-25 12:44:11,514] {taskinstance.py:1700} ERROR - Task failed with exception
Traceback (most recent call last):
  File "/home/airflow/.local/lib/python3.7/site-packages/airflow/models/taskinstance.py", line 1329, in _run_raw_task
    self._execute_task_with_callbacks(context)
  File "/home/airflow/.local/lib/python3.7/site-packages/airflow/models/taskinstance.py", line 1455, in _execute_task_with_callbacks
    result = self._execute_task(context, self.task)
  File "/home/airflow/.local/lib/python3.7/site-packages/airflow/models/taskinstance.py", line 1511, in _execute_task
    result = execute_callable(context=context)
  File "/home/airflow/.local/lib/python3.7/site-packages/airflow/providers/google/cloud/operators/bigquery.py", line 2287, in execute
    job = self._submit_job(hook, job_id)
  File "/home/airflow/.local/lib/python3.7/site-packages/airflow/providers/google/cloud/operators/bigquery.py", line 2253, in _submit_job
    job_id=job_id,
  File "/home/airflow/.local/lib/python3.7/site-packages/airflow/providers/google/common/hooks/base_google.py", line 430, in inner_wrapper
    return func(self, *args, **kwargs)
  File "/home/airflow/.local/lib/python3.7/site-packages/airflow/providers/google/cloud/hooks/bigquery.py", line 1639, in insert_job
    job.result()
  File "/home/airflow/.local/lib/python3.7/site-packages/google/cloud/bigquery/job/query.py", line 1447, in result
    do_get_result()
  File "/home/airflow/.local/lib/python3.7/site-packages/google/cloud/bigquery/job/query.py", line 1437, in do_get_result
    super(QueryJob, self).result(retry=retry, timeout=timeout)
  File "/home/airflow/.local/lib/python3.7/site-packages/google/cloud/bigquery/job/base.py", line 727, in result
    return super(_AsyncJob, self).result(timeout=timeout, **kwargs)
  File "/home/airflow/.local/lib/python3.7/site-packages/google/api_core/future/polling.py", line 135, in result
    raise self._exception
google.api_core.exceptions.BadRequest: 400 Error while reading table: nfl_project.external_pbp_data, error message: Parquet column 'assist_tackle_4_team' has type DOUBLE which does not match the target cpp_type STRING_PIECE.

(job ID: airflow_pbp_data_bq_dag_bq_ext_2_part_task_2005_01_01T00_00_00_00_00_1e7d913bfb8d1f7aa9fa27c98134ad60)

                                                                                                                -----Query Job SQL Follows-----                                                                                                                

    |    .    |    .    |    .    |    .    |    .    |    .    |    .    |    .    |    .    |    .    |    .    |    .    |    .    |    .    |    .    |    .    |    .    |    .    |    .    |    .    |    .    |    .    |    .    |    .    |    .    |
   1:CREATE OR REPLACE TABLE nfl_project.pbp_data_partitioned                     PARTITION BY DATE(game_timestamp) AS                     SELECT *, PARSE_TIMESTAMP('%F', game_date) AS game_timestamp                     FROM nfl_project.external_pbp_data;
    |    .    |    .    |    .    |    .    |    .    |    .    |    .    |    .    |    .    |    .    |    .    |    .    |    .    |    .    |    .    |    .    |    .    |    .    |    .    |    .    |    .    |    .    |    .    |    .    |    .    |
[2022-04-25 12:44:11,533] {taskinstance.py:1277} INFO - Marking task as FAILED. dag_id=pbp_data_bq_dag, task_id=bq_ext_2_part_task, execution_date=20050101T000000, start_date=20220425T124410, end_date=20220425T124411
[2022-04-25 12:44:11,554] {standard_task_runner.py:92} ERROR - Failed to execute job 2406 for task bq_ext_2_part_task
Traceback (most recent call last):
  File "/home/airflow/.local/lib/python3.7/site-packages/airflow/task/task_runner/standard_task_runner.py", line 85, in _start_by_fork
    args.func(args, dag=self.dag)
  File "/home/airflow/.local/lib/python3.7/site-packages/airflow/cli/cli_parser.py", line 48, in command
    return func(*args, **kwargs)
  File "/home/airflow/.local/lib/python3.7/site-packages/airflow/utils/cli.py", line 92, in wrapper
    return f(*args, **kwargs)
  File "/home/airflow/.local/lib/python3.7/site-packages/airflow/cli/commands/task_command.py", line 298, in task_run
    _run_task_by_selected_method(args, dag, ti)
  File "/home/airflow/.local/lib/python3.7/site-packages/airflow/cli/commands/task_command.py", line 107, in _run_task_by_selected_method
    _run_raw_task(args, ti)
  File "/home/airflow/.local/lib/python3.7/site-packages/airflow/cli/commands/task_command.py", line 184, in _run_raw_task
    error_file=args.error_file,
  File "/home/airflow/.local/lib/python3.7/site-packages/airflow/utils/session.py", line 70, in wrapper
    return func(*args, session=session, **kwargs)
  File "/home/airflow/.local/lib/python3.7/site-packages/airflow/models/taskinstance.py", line 1329, in _run_raw_task
    self._execute_task_with_callbacks(context)
  File "/home/airflow/.local/lib/python3.7/site-packages/airflow/models/taskinstance.py", line 1455, in _execute_task_with_callbacks
    result = self._execute_task(context, self.task)
  File "/home/airflow/.local/lib/python3.7/site-packages/airflow/models/taskinstance.py", line 1511, in _execute_task
    result = execute_callable(context=context)
  File "/home/airflow/.local/lib/python3.7/site-packages/airflow/providers/google/cloud/operators/bigquery.py", line 2287, in execute
    job = self._submit_job(hook, job_id)
  File "/home/airflow/.local/lib/python3.7/site-packages/airflow/providers/google/cloud/operators/bigquery.py", line 2253, in _submit_job
    job_id=job_id,
  File "/home/airflow/.local/lib/python3.7/site-packages/airflow/providers/google/common/hooks/base_google.py", line 430, in inner_wrapper
    return func(self, *args, **kwargs)
  File "/home/airflow/.local/lib/python3.7/site-packages/airflow/providers/google/cloud/hooks/bigquery.py", line 1639, in insert_job
    job.result()
  File "/home/airflow/.local/lib/python3.7/site-packages/google/cloud/bigquery/job/query.py", line 1447, in result
    do_get_result()
  File "/home/airflow/.local/lib/python3.7/site-packages/google/cloud/bigquery/job/query.py", line 1437, in do_get_result
    super(QueryJob, self).result(retry=retry, timeout=timeout)
  File "/home/airflow/.local/lib/python3.7/site-packages/google/cloud/bigquery/job/base.py", line 727, in result
    return super(_AsyncJob, self).result(timeout=timeout, **kwargs)
  File "/home/airflow/.local/lib/python3.7/site-packages/google/api_core/future/polling.py", line 135, in result
    raise self._exception
google.api_core.exceptions.BadRequest: 400 Error while reading table: nfl_project.external_pbp_data, error message: Parquet column 'assist_tackle_4_team' has type DOUBLE which does not match the target cpp_type STRING_PIECE.

(job ID: airflow_pbp_data_bq_dag_bq_ext_2_part_task_2005_01_01T00_00_00_00_00_1e7d913bfb8d1f7aa9fa27c98134ad60)

                                                                                                                -----Query Job SQL Follows-----                                                                                                                

    |    .    |    .    |    .    |    .    |    .    |    .    |    .    |    .    |    .    |    .    |    .    |    .    |    .    |    .    |    .    |    .    |    .    |    .    |    .    |    .    |    .    |    .    |    .    |    .    |    .    |
   1:CREATE OR REPLACE TABLE nfl_project.pbp_data_partitioned                     PARTITION BY DATE(game_timestamp) AS                     SELECT *, PARSE_TIMESTAMP('%F', game_date) AS game_timestamp                     FROM nfl_project.external_pbp_data;
    |    .    |    .    |    .    |    .    |    .    |    .    |    .    |    .    |    .    |    .    |    .    |    .    |    .    |    .    |    .    |    .    |    .    |    .    |    .    |    .    |    .    |    .    |    .    |    .    |    .    |
[2022-04-25 12:44:11,599] {local_task_job.py:154} INFO - Task exited with return code 1
[2022-04-25 12:44:11,652] {local_task_job.py:264} INFO - 0 downstream tasks scheduled from follow-on schedule check
