[2022-04-24 14:50:17,446] {taskinstance.py:1032} INFO - Dependencies all met for <TaskInstance: schedule_data_bq_dag.gcs_2_bq_ext_task scheduled__2014-01-01T00:00:00+00:00 [queued]>
[2022-04-24 14:50:17,475] {taskinstance.py:1032} INFO - Dependencies all met for <TaskInstance: schedule_data_bq_dag.gcs_2_bq_ext_task scheduled__2014-01-01T00:00:00+00:00 [queued]>
[2022-04-24 14:50:17,476] {taskinstance.py:1238} INFO - 
--------------------------------------------------------------------------------
[2022-04-24 14:50:17,476] {taskinstance.py:1239} INFO - Starting attempt 1 of 1
[2022-04-24 14:50:17,476] {taskinstance.py:1240} INFO - 
--------------------------------------------------------------------------------
[2022-04-24 14:50:17,538] {taskinstance.py:1259} INFO - Executing <Task(BigQueryCreateExternalTableOperator): gcs_2_bq_ext_task> on 2014-01-01 00:00:00+00:00
[2022-04-24 14:50:17,546] {standard_task_runner.py:52} INFO - Started process 3688 to run task
[2022-04-24 14:50:17,568] {standard_task_runner.py:76} INFO - Running: ['***', 'tasks', 'run', 'schedule_data_bq_dag', 'gcs_2_bq_ext_task', 'scheduled__2014-01-01T00:00:00+00:00', '--job-id', '2245', '--raw', '--subdir', 'DAGS_FOLDER/nfl_gcs_to_bq.py', '--cfg-path', '/tmp/tmpxo7gl_en', '--error-file', '/tmp/tmpl84fx56f']
[2022-04-24 14:50:17,569] {standard_task_runner.py:77} INFO - Job 2245: Subtask gcs_2_bq_ext_task
[2022-04-24 14:50:17,833] {logging_mixin.py:109} INFO - Running <TaskInstance: schedule_data_bq_dag.gcs_2_bq_ext_task scheduled__2014-01-01T00:00:00+00:00 [running]> on host 28475d5c3e7a
[2022-04-24 14:50:17,997] {taskinstance.py:1426} INFO - Exporting the following env vars:
AIRFLOW_CTX_DAG_OWNER=***
AIRFLOW_CTX_DAG_ID=schedule_data_bq_dag
AIRFLOW_CTX_TASK_ID=gcs_2_bq_ext_task
AIRFLOW_CTX_EXECUTION_DATE=2014-01-01T00:00:00+00:00
AIRFLOW_CTX_DAG_RUN_ID=scheduled__2014-01-01T00:00:00+00:00
[2022-04-24 14:50:17,999] {crypto.py:82} WARNING - empty cryptography key - values will not be stored encrypted.
[2022-04-24 14:50:18,696] {taskinstance.py:1277} INFO - Marking task as SUCCESS. dag_id=schedule_data_bq_dag, task_id=gcs_2_bq_ext_task, execution_date=20140101T000000, start_date=20220424T145017, end_date=20220424T145018
[2022-04-24 14:50:18,732] {local_task_job.py:154} INFO - Task exited with return code 0
[2022-04-24 14:50:18,784] {local_task_job.py:264} INFO - 0 downstream tasks scheduled from follow-on schedule check
[2022-04-24 14:54:22,024] {taskinstance.py:1032} INFO - Dependencies all met for <TaskInstance: schedule_data_bq_dag.gcs_2_bq_ext_task scheduled__2014-01-01T00:00:00+00:00 [queued]>
[2022-04-24 14:54:22,048] {taskinstance.py:1032} INFO - Dependencies all met for <TaskInstance: schedule_data_bq_dag.gcs_2_bq_ext_task scheduled__2014-01-01T00:00:00+00:00 [queued]>
[2022-04-24 14:54:22,048] {taskinstance.py:1238} INFO - 
--------------------------------------------------------------------------------
[2022-04-24 14:54:22,048] {taskinstance.py:1239} INFO - Starting attempt 1 of 1
[2022-04-24 14:54:22,049] {taskinstance.py:1240} INFO - 
--------------------------------------------------------------------------------
[2022-04-24 14:54:22,076] {taskinstance.py:1259} INFO - Executing <Task(BigQueryCreateExternalTableOperator): gcs_2_bq_ext_task> on 2014-01-01 00:00:00+00:00
[2022-04-24 14:54:22,085] {standard_task_runner.py:52} INFO - Started process 4276 to run task
[2022-04-24 14:54:22,100] {standard_task_runner.py:76} INFO - Running: ['***', 'tasks', 'run', 'schedule_data_bq_dag', 'gcs_2_bq_ext_task', 'scheduled__2014-01-01T00:00:00+00:00', '--job-id', '2280', '--raw', '--subdir', 'DAGS_FOLDER/nfl_gcs_to_bq.py', '--cfg-path', '/tmp/tmpmygkc46_', '--error-file', '/tmp/tmpk_dei59_']
[2022-04-24 14:54:22,101] {standard_task_runner.py:77} INFO - Job 2280: Subtask gcs_2_bq_ext_task
[2022-04-24 14:54:22,184] {logging_mixin.py:109} INFO - Running <TaskInstance: schedule_data_bq_dag.gcs_2_bq_ext_task scheduled__2014-01-01T00:00:00+00:00 [running]> on host 28475d5c3e7a
[2022-04-24 14:54:22,274] {taskinstance.py:1426} INFO - Exporting the following env vars:
AIRFLOW_CTX_DAG_OWNER=***
AIRFLOW_CTX_DAG_ID=schedule_data_bq_dag
AIRFLOW_CTX_TASK_ID=gcs_2_bq_ext_task
AIRFLOW_CTX_EXECUTION_DATE=2014-01-01T00:00:00+00:00
AIRFLOW_CTX_DAG_RUN_ID=scheduled__2014-01-01T00:00:00+00:00
[2022-04-24 14:54:22,276] {crypto.py:82} WARNING - empty cryptography key - values will not be stored encrypted.
[2022-04-24 14:54:22,898] {taskinstance.py:1277} INFO - Marking task as SUCCESS. dag_id=schedule_data_bq_dag, task_id=gcs_2_bq_ext_task, execution_date=20140101T000000, start_date=20220424T145422, end_date=20220424T145422
[2022-04-24 14:54:22,948] {local_task_job.py:154} INFO - Task exited with return code 0
[2022-04-24 14:54:22,984] {local_task_job.py:264} INFO - 0 downstream tasks scheduled from follow-on schedule check
[2022-04-25 13:20:05,663] {taskinstance.py:1032} INFO - Dependencies all met for <TaskInstance: schedule_data_bq_dag.gcs_2_bq_ext_task scheduled__2014-01-01T00:00:00+00:00 [queued]>
[2022-04-25 13:20:05,699] {taskinstance.py:1032} INFO - Dependencies all met for <TaskInstance: schedule_data_bq_dag.gcs_2_bq_ext_task scheduled__2014-01-01T00:00:00+00:00 [queued]>
[2022-04-25 13:20:05,699] {taskinstance.py:1238} INFO - 
--------------------------------------------------------------------------------
[2022-04-25 13:20:05,699] {taskinstance.py:1239} INFO - Starting attempt 1 of 1
[2022-04-25 13:20:05,700] {taskinstance.py:1240} INFO - 
--------------------------------------------------------------------------------
[2022-04-25 13:20:05,726] {taskinstance.py:1259} INFO - Executing <Task(BigQueryCreateExternalTableOperator): gcs_2_bq_ext_task> on 2014-01-01 00:00:00+00:00
[2022-04-25 13:20:05,741] {standard_task_runner.py:52} INFO - Started process 5993 to run task
[2022-04-25 13:20:05,759] {standard_task_runner.py:76} INFO - Running: ['***', 'tasks', 'run', 'schedule_data_bq_dag', 'gcs_2_bq_ext_task', 'scheduled__2014-01-01T00:00:00+00:00', '--job-id', '2494', '--raw', '--subdir', 'DAGS_FOLDER/nfl_gcs_to_bq.py', '--cfg-path', '/tmp/tmp7jstxo0g', '--error-file', '/tmp/tmp4obnwb3z']
[2022-04-25 13:20:05,761] {standard_task_runner.py:77} INFO - Job 2494: Subtask gcs_2_bq_ext_task
[2022-04-25 13:20:05,891] {logging_mixin.py:109} INFO - Running <TaskInstance: schedule_data_bq_dag.gcs_2_bq_ext_task scheduled__2014-01-01T00:00:00+00:00 [running]> on host de169a1be7ed
[2022-04-25 13:20:06,070] {taskinstance.py:1426} INFO - Exporting the following env vars:
AIRFLOW_CTX_DAG_OWNER=***
AIRFLOW_CTX_DAG_ID=schedule_data_bq_dag
AIRFLOW_CTX_TASK_ID=gcs_2_bq_ext_task
AIRFLOW_CTX_EXECUTION_DATE=2014-01-01T00:00:00+00:00
AIRFLOW_CTX_DAG_RUN_ID=scheduled__2014-01-01T00:00:00+00:00
[2022-04-25 13:20:06,074] {crypto.py:82} WARNING - empty cryptography key - values will not be stored encrypted.
[2022-04-25 13:20:06,674] {taskinstance.py:1277} INFO - Marking task as SUCCESS. dag_id=schedule_data_bq_dag, task_id=gcs_2_bq_ext_task, execution_date=20140101T000000, start_date=20220425T132005, end_date=20220425T132006
[2022-04-25 13:20:06,697] {local_task_job.py:154} INFO - Task exited with return code 0
[2022-04-25 13:20:06,728] {local_task_job.py:264} INFO - 0 downstream tasks scheduled from follow-on schedule check
