[2022-04-24 14:46:02,956] {taskinstance.py:1032} INFO - Dependencies all met for <TaskInstance: injury_data_bq_dag.gcs_2_bq_ext_task scheduled__2017-01-01T00:00:00+00:00 [queued]>
[2022-04-24 14:46:02,972] {taskinstance.py:1032} INFO - Dependencies all met for <TaskInstance: injury_data_bq_dag.gcs_2_bq_ext_task scheduled__2017-01-01T00:00:00+00:00 [queued]>
[2022-04-24 14:46:02,972] {taskinstance.py:1238} INFO - 
--------------------------------------------------------------------------------
[2022-04-24 14:46:02,972] {taskinstance.py:1239} INFO - Starting attempt 1 of 1
[2022-04-24 14:46:02,972] {taskinstance.py:1240} INFO - 
--------------------------------------------------------------------------------
[2022-04-24 14:46:02,991] {taskinstance.py:1259} INFO - Executing <Task(BigQueryCreateExternalTableOperator): gcs_2_bq_ext_task> on 2017-01-01 00:00:00+00:00
[2022-04-24 14:46:03,004] {standard_task_runner.py:52} INFO - Started process 2810 to run task
[2022-04-24 14:46:03,019] {standard_task_runner.py:76} INFO - Running: ['***', 'tasks', 'run', 'injury_data_bq_dag', 'gcs_2_bq_ext_task', 'scheduled__2017-01-01T00:00:00+00:00', '--job-id', '2172', '--raw', '--subdir', 'DAGS_FOLDER/nfl_gcs_to_bq.py', '--cfg-path', '/tmp/tmp842o5686', '--error-file', '/tmp/tmpje03fktt']
[2022-04-24 14:46:03,029] {standard_task_runner.py:77} INFO - Job 2172: Subtask gcs_2_bq_ext_task
[2022-04-24 14:46:03,148] {logging_mixin.py:109} INFO - Running <TaskInstance: injury_data_bq_dag.gcs_2_bq_ext_task scheduled__2017-01-01T00:00:00+00:00 [running]> on host 28475d5c3e7a
[2022-04-24 14:46:03,243] {taskinstance.py:1426} INFO - Exporting the following env vars:
AIRFLOW_CTX_DAG_OWNER=***
AIRFLOW_CTX_DAG_ID=injury_data_bq_dag
AIRFLOW_CTX_TASK_ID=gcs_2_bq_ext_task
AIRFLOW_CTX_EXECUTION_DATE=2017-01-01T00:00:00+00:00
AIRFLOW_CTX_DAG_RUN_ID=scheduled__2017-01-01T00:00:00+00:00
[2022-04-24 14:46:03,246] {crypto.py:82} WARNING - empty cryptography key - values will not be stored encrypted.
[2022-04-24 14:46:03,849] {taskinstance.py:1277} INFO - Marking task as SUCCESS. dag_id=injury_data_bq_dag, task_id=gcs_2_bq_ext_task, execution_date=20170101T000000, start_date=20220424T144602, end_date=20220424T144603
[2022-04-24 14:46:03,910] {local_task_job.py:154} INFO - Task exited with return code 0
[2022-04-24 14:46:03,952] {local_task_job.py:264} INFO - 0 downstream tasks scheduled from follow-on schedule check
[2022-04-25 12:35:00,228] {taskinstance.py:1032} INFO - Dependencies all met for <TaskInstance: injury_data_bq_dag.gcs_2_bq_ext_task scheduled__2017-01-01T00:00:00+00:00 [queued]>
[2022-04-25 12:35:00,243] {taskinstance.py:1032} INFO - Dependencies all met for <TaskInstance: injury_data_bq_dag.gcs_2_bq_ext_task scheduled__2017-01-01T00:00:00+00:00 [queued]>
[2022-04-25 12:35:00,244] {taskinstance.py:1238} INFO - 
--------------------------------------------------------------------------------
[2022-04-25 12:35:00,244] {taskinstance.py:1239} INFO - Starting attempt 1 of 1
[2022-04-25 12:35:00,244] {taskinstance.py:1240} INFO - 
--------------------------------------------------------------------------------
[2022-04-25 12:35:00,264] {taskinstance.py:1259} INFO - Executing <Task(BigQueryCreateExternalTableOperator): gcs_2_bq_ext_task> on 2017-01-01 00:00:00+00:00
[2022-04-25 12:35:00,270] {standard_task_runner.py:52} INFO - Started process 430 to run task
[2022-04-25 12:35:00,283] {standard_task_runner.py:76} INFO - Running: ['***', 'tasks', 'run', 'injury_data_bq_dag', 'gcs_2_bq_ext_task', 'scheduled__2017-01-01T00:00:00+00:00', '--job-id', '2317', '--raw', '--subdir', 'DAGS_FOLDER/nfl_gcs_to_bq.py', '--cfg-path', '/tmp/tmpabs0jw2e', '--error-file', '/tmp/tmpotacbq34']
[2022-04-25 12:35:00,284] {standard_task_runner.py:77} INFO - Job 2317: Subtask gcs_2_bq_ext_task
[2022-04-25 12:35:00,378] {logging_mixin.py:109} INFO - Running <TaskInstance: injury_data_bq_dag.gcs_2_bq_ext_task scheduled__2017-01-01T00:00:00+00:00 [running]> on host de169a1be7ed
[2022-04-25 12:35:00,469] {taskinstance.py:1426} INFO - Exporting the following env vars:
AIRFLOW_CTX_DAG_OWNER=***
AIRFLOW_CTX_DAG_ID=injury_data_bq_dag
AIRFLOW_CTX_TASK_ID=gcs_2_bq_ext_task
AIRFLOW_CTX_EXECUTION_DATE=2017-01-01T00:00:00+00:00
AIRFLOW_CTX_DAG_RUN_ID=scheduled__2017-01-01T00:00:00+00:00
[2022-04-25 12:35:00,471] {crypto.py:82} WARNING - empty cryptography key - values will not be stored encrypted.
[2022-04-25 12:35:01,066] {taskinstance.py:1277} INFO - Marking task as SUCCESS. dag_id=injury_data_bq_dag, task_id=gcs_2_bq_ext_task, execution_date=20170101T000000, start_date=20220425T123500, end_date=20220425T123501
[2022-04-25 12:35:01,177] {local_task_job.py:154} INFO - Task exited with return code 0
[2022-04-25 12:35:01,229] {local_task_job.py:264} INFO - 0 downstream tasks scheduled from follow-on schedule check
[2022-04-25 13:19:13,188] {taskinstance.py:1032} INFO - Dependencies all met for <TaskInstance: injury_data_bq_dag.gcs_2_bq_ext_task scheduled__2017-01-01T00:00:00+00:00 [queued]>
[2022-04-25 13:19:13,316] {taskinstance.py:1032} INFO - Dependencies all met for <TaskInstance: injury_data_bq_dag.gcs_2_bq_ext_task scheduled__2017-01-01T00:00:00+00:00 [queued]>
[2022-04-25 13:19:13,323] {taskinstance.py:1238} INFO - 
--------------------------------------------------------------------------------
[2022-04-25 13:19:13,327] {taskinstance.py:1239} INFO - Starting attempt 1 of 1
[2022-04-25 13:19:13,327] {taskinstance.py:1240} INFO - 
--------------------------------------------------------------------------------
[2022-04-25 13:19:13,494] {taskinstance.py:1259} INFO - Executing <Task(BigQueryCreateExternalTableOperator): gcs_2_bq_ext_task> on 2017-01-01 00:00:00+00:00
[2022-04-25 13:19:13,585] {standard_task_runner.py:76} INFO - Running: ['***', 'tasks', 'run', 'injury_data_bq_dag', 'gcs_2_bq_ext_task', 'scheduled__2017-01-01T00:00:00+00:00', '--job-id', '2454', '--raw', '--subdir', 'DAGS_FOLDER/nfl_gcs_to_bq.py', '--cfg-path', '/tmp/tmph87n1l1h', '--error-file', '/tmp/tmp3rdtmflu']
[2022-04-25 13:19:13,538] {standard_task_runner.py:52} INFO - Started process 5701 to run task
[2022-04-25 13:19:13,605] {standard_task_runner.py:77} INFO - Job 2454: Subtask gcs_2_bq_ext_task
[2022-04-25 13:19:14,225] {logging_mixin.py:109} INFO - Running <TaskInstance: injury_data_bq_dag.gcs_2_bq_ext_task scheduled__2017-01-01T00:00:00+00:00 [running]> on host de169a1be7ed
[2022-04-25 13:19:14,840] {taskinstance.py:1426} INFO - Exporting the following env vars:
AIRFLOW_CTX_DAG_OWNER=***
AIRFLOW_CTX_DAG_ID=injury_data_bq_dag
AIRFLOW_CTX_TASK_ID=gcs_2_bq_ext_task
AIRFLOW_CTX_EXECUTION_DATE=2017-01-01T00:00:00+00:00
AIRFLOW_CTX_DAG_RUN_ID=scheduled__2017-01-01T00:00:00+00:00
[2022-04-25 13:19:14,842] {crypto.py:82} WARNING - empty cryptography key - values will not be stored encrypted.
[2022-04-25 13:19:15,653] {taskinstance.py:1277} INFO - Marking task as SUCCESS. dag_id=injury_data_bq_dag, task_id=gcs_2_bq_ext_task, execution_date=20170101T000000, start_date=20220425T131913, end_date=20220425T131915
[2022-04-25 13:19:15,777] {local_task_job.py:154} INFO - Task exited with return code 0
[2022-04-25 13:19:15,858] {local_task_job.py:264} INFO - 0 downstream tasks scheduled from follow-on schedule check
