[2022-04-11 20:00:09,005] {taskinstance.py:1032} INFO - Dependencies all met for <TaskInstance: roster_data.local_to_gcs_task scheduled__2002-01-01T00:00:00+00:00 [queued]>
[2022-04-11 20:00:09,056] {taskinstance.py:1032} INFO - Dependencies all met for <TaskInstance: roster_data.local_to_gcs_task scheduled__2002-01-01T00:00:00+00:00 [queued]>
[2022-04-11 20:00:09,056] {taskinstance.py:1238} INFO - 
--------------------------------------------------------------------------------
[2022-04-11 20:00:09,056] {taskinstance.py:1239} INFO - Starting attempt 1 of 1
[2022-04-11 20:00:09,056] {taskinstance.py:1240} INFO - 
--------------------------------------------------------------------------------
[2022-04-11 20:00:09,092] {taskinstance.py:1259} INFO - Executing <Task(PythonOperator): local_to_gcs_task> on 2002-01-01 00:00:00+00:00
[2022-04-11 20:00:09,119] {standard_task_runner.py:52} INFO - Started process 356870 to run task
[2022-04-11 20:00:09,148] {standard_task_runner.py:76} INFO - Running: ['***', 'tasks', 'run', 'roster_data', 'local_to_gcs_task', 'scheduled__2002-01-01T00:00:00+00:00', '--job-id', '1762', '--raw', '--subdir', 'DAGS_FOLDER/nfl_to_gcs.py', '--cfg-path', '/tmp/tmpxkpv6ajm', '--error-file', '/tmp/tmpn9fvu2ep']
[2022-04-11 20:00:09,149] {standard_task_runner.py:77} INFO - Job 1762: Subtask local_to_gcs_task
[2022-04-11 20:00:09,293] {logging_mixin.py:109} INFO - Running <TaskInstance: roster_data.local_to_gcs_task scheduled__2002-01-01T00:00:00+00:00 [running]> on host 4ed3eda454fd
[2022-04-11 20:00:09,374] {logging_mixin.py:109} WARNING - /home/***/.local/lib/python3.7/site-packages/***/utils/context.py:152 AirflowContextDeprecationWarning: Accessing 'execution_date' from the template is deprecated and will be removed in a future version. Please use 'data_interval_start' or 'logical_date' instead.
[2022-04-11 20:00:09,411] {taskinstance.py:1426} INFO - Exporting the following env vars:
AIRFLOW_CTX_DAG_OWNER=***
AIRFLOW_CTX_DAG_ID=roster_data
AIRFLOW_CTX_TASK_ID=local_to_gcs_task
AIRFLOW_CTX_EXECUTION_DATE=2002-01-01T00:00:00+00:00
AIRFLOW_CTX_DAG_RUN_ID=scheduled__2002-01-01T00:00:00+00:00
[2022-04-11 20:00:09,414] {logging_mixin.py:109} WARNING - /home/***/.local/lib/python3.7/site-packages/***/utils/context.py:152 AirflowContextDeprecationWarning: Accessing 'next_ds' from the template is deprecated and will be removed in a future version. Please use '{{ data_interval_end | ds }}' instead.
[2022-04-11 20:00:09,415] {logging_mixin.py:109} WARNING - /home/***/.local/lib/python3.7/site-packages/***/utils/context.py:152 AirflowContextDeprecationWarning: Accessing 'next_ds_nodash' from the template is deprecated and will be removed in a future version. Please use '{{ data_interval_end | ds_nodash }}' instead.
[2022-04-11 20:00:09,416] {logging_mixin.py:109} WARNING - /home/***/.local/lib/python3.7/site-packages/***/utils/context.py:152 AirflowContextDeprecationWarning: Accessing 'next_execution_date' from the template is deprecated and will be removed in a future version. Please use 'data_interval_end' instead.
[2022-04-11 20:00:09,418] {logging_mixin.py:109} WARNING - /home/***/.local/lib/python3.7/site-packages/***/utils/context.py:152 AirflowContextDeprecationWarning: Accessing 'prev_ds' from the template is deprecated and will be removed in a future version.
[2022-04-11 20:00:09,419] {logging_mixin.py:109} WARNING - /home/***/.local/lib/python3.7/site-packages/***/utils/context.py:152 AirflowContextDeprecationWarning: Accessing 'prev_ds_nodash' from the template is deprecated and will be removed in a future version.
[2022-04-11 20:00:09,420] {logging_mixin.py:109} WARNING - /home/***/.local/lib/python3.7/site-packages/***/utils/context.py:152 AirflowContextDeprecationWarning: Accessing 'prev_execution_date' from the template is deprecated and will be removed in a future version.
[2022-04-11 20:00:09,422] {logging_mixin.py:109} WARNING - /home/***/.local/lib/python3.7/site-packages/***/utils/context.py:152 AirflowContextDeprecationWarning: Accessing 'prev_execution_date_success' from the template is deprecated and will be removed in a future version. Please use 'prev_data_interval_start_success' instead.
[2022-04-11 20:00:09,423] {logging_mixin.py:109} WARNING - /home/***/.local/lib/python3.7/site-packages/***/utils/context.py:152 AirflowContextDeprecationWarning: Accessing 'tomorrow_ds' from the template is deprecated and will be removed in a future version.
[2022-04-11 20:00:09,424] {logging_mixin.py:109} WARNING - /home/***/.local/lib/python3.7/site-packages/***/utils/context.py:152 AirflowContextDeprecationWarning: Accessing 'tomorrow_ds_nodash' from the template is deprecated and will be removed in a future version.
[2022-04-11 20:00:09,426] {logging_mixin.py:109} WARNING - /home/***/.local/lib/python3.7/site-packages/***/utils/context.py:152 AirflowContextDeprecationWarning: Accessing 'yesterday_ds' from the template is deprecated and will be removed in a future version.
[2022-04-11 20:00:09,427] {logging_mixin.py:109} WARNING - /home/***/.local/lib/python3.7/site-packages/***/utils/context.py:152 AirflowContextDeprecationWarning: Accessing 'yesterday_ds_nodash' from the template is deprecated and will be removed in a future version.
[2022-04-11 20:00:10,096] {python.py:175} INFO - Done. Returned value was: None
[2022-04-11 20:00:10,118] {taskinstance.py:1277} INFO - Marking task as SUCCESS. dag_id=roster_data, task_id=local_to_gcs_task, execution_date=20020101T000000, start_date=20220411T200009, end_date=20220411T200010
[2022-04-11 20:00:10,201] {local_task_job.py:154} INFO - Task exited with return code 0
[2022-04-11 20:00:10,275] {local_task_job.py:264} INFO - 1 downstream tasks scheduled from follow-on schedule check
[2022-04-23 16:30:43,577] {taskinstance.py:1032} INFO - Dependencies all met for <TaskInstance: roster_data.local_to_gcs_task scheduled__2002-01-01T00:00:00+00:00 [queued]>
[2022-04-23 16:30:43,593] {taskinstance.py:1032} INFO - Dependencies all met for <TaskInstance: roster_data.local_to_gcs_task scheduled__2002-01-01T00:00:00+00:00 [queued]>
[2022-04-23 16:30:43,594] {taskinstance.py:1238} INFO - 
--------------------------------------------------------------------------------
[2022-04-23 16:30:43,594] {taskinstance.py:1239} INFO - Starting attempt 1 of 1
[2022-04-23 16:30:43,594] {taskinstance.py:1240} INFO - 
--------------------------------------------------------------------------------
[2022-04-23 16:30:43,612] {taskinstance.py:1259} INFO - Executing <Task(PythonOperator): local_to_gcs_task> on 2002-01-01 00:00:00+00:00
[2022-04-23 16:30:43,620] {standard_task_runner.py:52} INFO - Started process 2326 to run task
[2022-04-23 16:30:43,627] {standard_task_runner.py:76} INFO - Running: ['***', 'tasks', 'run', 'roster_data', 'local_to_gcs_task', 'scheduled__2002-01-01T00:00:00+00:00', '--job-id', '2051', '--raw', '--subdir', 'DAGS_FOLDER/nfl_to_gcs.py', '--cfg-path', '/tmp/tmpxtazz5c7', '--error-file', '/tmp/tmpm2gxcics']
[2022-04-23 16:30:43,629] {standard_task_runner.py:77} INFO - Job 2051: Subtask local_to_gcs_task
[2022-04-23 16:30:43,706] {logging_mixin.py:109} INFO - Running <TaskInstance: roster_data.local_to_gcs_task scheduled__2002-01-01T00:00:00+00:00 [running]> on host 04f3a8edbeca
[2022-04-23 16:30:43,765] {logging_mixin.py:109} WARNING - /home/***/.local/lib/python3.7/site-packages/***/utils/context.py:152 AirflowContextDeprecationWarning: Accessing 'execution_date' from the template is deprecated and will be removed in a future version. Please use 'data_interval_start' or 'logical_date' instead.
[2022-04-23 16:30:43,798] {taskinstance.py:1426} INFO - Exporting the following env vars:
AIRFLOW_CTX_DAG_OWNER=***
AIRFLOW_CTX_DAG_ID=roster_data
AIRFLOW_CTX_TASK_ID=local_to_gcs_task
AIRFLOW_CTX_EXECUTION_DATE=2002-01-01T00:00:00+00:00
AIRFLOW_CTX_DAG_RUN_ID=scheduled__2002-01-01T00:00:00+00:00
[2022-04-23 16:30:43,801] {logging_mixin.py:109} WARNING - /home/***/.local/lib/python3.7/site-packages/***/utils/context.py:152 AirflowContextDeprecationWarning: Accessing 'next_ds' from the template is deprecated and will be removed in a future version. Please use '{{ data_interval_end | ds }}' instead.
[2022-04-23 16:30:43,802] {logging_mixin.py:109} WARNING - /home/***/.local/lib/python3.7/site-packages/***/utils/context.py:152 AirflowContextDeprecationWarning: Accessing 'next_ds_nodash' from the template is deprecated and will be removed in a future version. Please use '{{ data_interval_end | ds_nodash }}' instead.
[2022-04-23 16:30:43,803] {logging_mixin.py:109} WARNING - /home/***/.local/lib/python3.7/site-packages/***/utils/context.py:152 AirflowContextDeprecationWarning: Accessing 'next_execution_date' from the template is deprecated and will be removed in a future version. Please use 'data_interval_end' instead.
[2022-04-23 16:30:43,805] {logging_mixin.py:109} WARNING - /home/***/.local/lib/python3.7/site-packages/***/utils/context.py:152 AirflowContextDeprecationWarning: Accessing 'prev_ds' from the template is deprecated and will be removed in a future version.
[2022-04-23 16:30:43,806] {logging_mixin.py:109} WARNING - /home/***/.local/lib/python3.7/site-packages/***/utils/context.py:152 AirflowContextDeprecationWarning: Accessing 'prev_ds_nodash' from the template is deprecated and will be removed in a future version.
[2022-04-23 16:30:43,807] {logging_mixin.py:109} WARNING - /home/***/.local/lib/python3.7/site-packages/***/utils/context.py:152 AirflowContextDeprecationWarning: Accessing 'prev_execution_date' from the template is deprecated and will be removed in a future version.
[2022-04-23 16:30:43,808] {logging_mixin.py:109} WARNING - /home/***/.local/lib/python3.7/site-packages/***/utils/context.py:152 AirflowContextDeprecationWarning: Accessing 'prev_execution_date_success' from the template is deprecated and will be removed in a future version. Please use 'prev_data_interval_start_success' instead.
[2022-04-23 16:30:43,809] {logging_mixin.py:109} WARNING - /home/***/.local/lib/python3.7/site-packages/***/utils/context.py:152 AirflowContextDeprecationWarning: Accessing 'tomorrow_ds' from the template is deprecated and will be removed in a future version.
[2022-04-23 16:30:43,811] {logging_mixin.py:109} WARNING - /home/***/.local/lib/python3.7/site-packages/***/utils/context.py:152 AirflowContextDeprecationWarning: Accessing 'tomorrow_ds_nodash' from the template is deprecated and will be removed in a future version.
[2022-04-23 16:30:43,812] {logging_mixin.py:109} WARNING - /home/***/.local/lib/python3.7/site-packages/***/utils/context.py:152 AirflowContextDeprecationWarning: Accessing 'yesterday_ds' from the template is deprecated and will be removed in a future version.
[2022-04-23 16:30:43,813] {logging_mixin.py:109} WARNING - /home/***/.local/lib/python3.7/site-packages/***/utils/context.py:152 AirflowContextDeprecationWarning: Accessing 'yesterday_ds_nodash' from the template is deprecated and will be removed in a future version.
[2022-04-23 16:30:44,511] {python.py:175} INFO - Done. Returned value was: None
[2022-04-23 16:30:44,528] {taskinstance.py:1277} INFO - Marking task as SUCCESS. dag_id=roster_data, task_id=local_to_gcs_task, execution_date=20020101T000000, start_date=20220423T163043, end_date=20220423T163044
[2022-04-23 16:30:44,570] {local_task_job.py:154} INFO - Task exited with return code 0
[2022-04-23 16:30:44,619] {local_task_job.py:264} INFO - 1 downstream tasks scheduled from follow-on schedule check
