[2022-04-11 20:01:37,767] {taskinstance.py:1032} INFO - Dependencies all met for <TaskInstance: roster_data.local_to_gcs_task scheduled__2014-01-01T00:00:00+00:00 [queued]>
[2022-04-11 20:01:37,782] {taskinstance.py:1032} INFO - Dependencies all met for <TaskInstance: roster_data.local_to_gcs_task scheduled__2014-01-01T00:00:00+00:00 [queued]>
[2022-04-11 20:01:37,783] {taskinstance.py:1238} INFO - 
--------------------------------------------------------------------------------
[2022-04-11 20:01:37,783] {taskinstance.py:1239} INFO - Starting attempt 1 of 1
[2022-04-11 20:01:37,783] {taskinstance.py:1240} INFO - 
--------------------------------------------------------------------------------
[2022-04-11 20:01:37,802] {taskinstance.py:1259} INFO - Executing <Task(PythonOperator): local_to_gcs_task> on 2014-01-01 00:00:00+00:00
[2022-04-11 20:01:37,812] {standard_task_runner.py:52} INFO - Started process 357520 to run task
[2022-04-11 20:01:37,818] {standard_task_runner.py:76} INFO - Running: ['***', 'tasks', 'run', 'roster_data', 'local_to_gcs_task', 'scheduled__2014-01-01T00:00:00+00:00', '--job-id', '1834', '--raw', '--subdir', 'DAGS_FOLDER/nfl_to_gcs.py', '--cfg-path', '/tmp/tmpgvu0jpb2', '--error-file', '/tmp/tmpn8d5epkz']
[2022-04-11 20:01:37,821] {standard_task_runner.py:77} INFO - Job 1834: Subtask local_to_gcs_task
[2022-04-11 20:01:37,915] {logging_mixin.py:109} INFO - Running <TaskInstance: roster_data.local_to_gcs_task scheduled__2014-01-01T00:00:00+00:00 [running]> on host 4ed3eda454fd
[2022-04-11 20:01:37,981] {logging_mixin.py:109} WARNING - /home/***/.local/lib/python3.7/site-packages/***/utils/context.py:152 AirflowContextDeprecationWarning: Accessing 'execution_date' from the template is deprecated and will be removed in a future version. Please use 'data_interval_start' or 'logical_date' instead.
[2022-04-11 20:01:38,013] {taskinstance.py:1426} INFO - Exporting the following env vars:
AIRFLOW_CTX_DAG_OWNER=***
AIRFLOW_CTX_DAG_ID=roster_data
AIRFLOW_CTX_TASK_ID=local_to_gcs_task
AIRFLOW_CTX_EXECUTION_DATE=2014-01-01T00:00:00+00:00
AIRFLOW_CTX_DAG_RUN_ID=scheduled__2014-01-01T00:00:00+00:00
[2022-04-11 20:01:38,015] {logging_mixin.py:109} WARNING - /home/***/.local/lib/python3.7/site-packages/***/utils/context.py:152 AirflowContextDeprecationWarning: Accessing 'next_ds' from the template is deprecated and will be removed in a future version. Please use '{{ data_interval_end | ds }}' instead.
[2022-04-11 20:01:38,017] {logging_mixin.py:109} WARNING - /home/***/.local/lib/python3.7/site-packages/***/utils/context.py:152 AirflowContextDeprecationWarning: Accessing 'next_ds_nodash' from the template is deprecated and will be removed in a future version. Please use '{{ data_interval_end | ds_nodash }}' instead.
[2022-04-11 20:01:38,019] {logging_mixin.py:109} WARNING - /home/***/.local/lib/python3.7/site-packages/***/utils/context.py:152 AirflowContextDeprecationWarning: Accessing 'next_execution_date' from the template is deprecated and will be removed in a future version. Please use 'data_interval_end' instead.
[2022-04-11 20:01:38,020] {logging_mixin.py:109} WARNING - /home/***/.local/lib/python3.7/site-packages/***/utils/context.py:152 AirflowContextDeprecationWarning: Accessing 'prev_ds' from the template is deprecated and will be removed in a future version.
[2022-04-11 20:01:38,022] {logging_mixin.py:109} WARNING - /home/***/.local/lib/python3.7/site-packages/***/utils/context.py:152 AirflowContextDeprecationWarning: Accessing 'prev_ds_nodash' from the template is deprecated and will be removed in a future version.
[2022-04-11 20:01:38,023] {logging_mixin.py:109} WARNING - /home/***/.local/lib/python3.7/site-packages/***/utils/context.py:152 AirflowContextDeprecationWarning: Accessing 'prev_execution_date' from the template is deprecated and will be removed in a future version.
[2022-04-11 20:01:38,023] {logging_mixin.py:109} WARNING - /home/***/.local/lib/python3.7/site-packages/***/utils/context.py:152 AirflowContextDeprecationWarning: Accessing 'prev_execution_date_success' from the template is deprecated and will be removed in a future version. Please use 'prev_data_interval_start_success' instead.
[2022-04-11 20:01:38,025] {logging_mixin.py:109} WARNING - /home/***/.local/lib/python3.7/site-packages/***/utils/context.py:152 AirflowContextDeprecationWarning: Accessing 'tomorrow_ds' from the template is deprecated and will be removed in a future version.
[2022-04-11 20:01:38,025] {logging_mixin.py:109} WARNING - /home/***/.local/lib/python3.7/site-packages/***/utils/context.py:152 AirflowContextDeprecationWarning: Accessing 'tomorrow_ds_nodash' from the template is deprecated and will be removed in a future version.
[2022-04-11 20:01:38,026] {logging_mixin.py:109} WARNING - /home/***/.local/lib/python3.7/site-packages/***/utils/context.py:152 AirflowContextDeprecationWarning: Accessing 'yesterday_ds' from the template is deprecated and will be removed in a future version.
[2022-04-11 20:01:38,027] {logging_mixin.py:109} WARNING - /home/***/.local/lib/python3.7/site-packages/***/utils/context.py:152 AirflowContextDeprecationWarning: Accessing 'yesterday_ds_nodash' from the template is deprecated and will be removed in a future version.
[2022-04-11 20:01:38,746] {python.py:175} INFO - Done. Returned value was: None
[2022-04-11 20:01:38,764] {taskinstance.py:1277} INFO - Marking task as SUCCESS. dag_id=roster_data, task_id=local_to_gcs_task, execution_date=20140101T000000, start_date=20220411T200137, end_date=20220411T200138
[2022-04-11 20:01:38,835] {local_task_job.py:154} INFO - Task exited with return code 0
[2022-04-11 20:01:38,886] {local_task_job.py:264} INFO - 1 downstream tasks scheduled from follow-on schedule check
[2022-04-23 16:32:22,586] {taskinstance.py:1032} INFO - Dependencies all met for <TaskInstance: roster_data.local_to_gcs_task scheduled__2014-01-01T00:00:00+00:00 [queued]>
[2022-04-23 16:32:22,603] {taskinstance.py:1032} INFO - Dependencies all met for <TaskInstance: roster_data.local_to_gcs_task scheduled__2014-01-01T00:00:00+00:00 [queued]>
[2022-04-23 16:32:22,603] {taskinstance.py:1238} INFO - 
--------------------------------------------------------------------------------
[2022-04-23 16:32:22,603] {taskinstance.py:1239} INFO - Starting attempt 1 of 1
[2022-04-23 16:32:22,603] {taskinstance.py:1240} INFO - 
--------------------------------------------------------------------------------
[2022-04-23 16:32:22,622] {taskinstance.py:1259} INFO - Executing <Task(PythonOperator): local_to_gcs_task> on 2014-01-01 00:00:00+00:00
[2022-04-23 16:32:22,631] {standard_task_runner.py:52} INFO - Started process 3050 to run task
[2022-04-23 16:32:22,646] {standard_task_runner.py:76} INFO - Running: ['***', 'tasks', 'run', 'roster_data', 'local_to_gcs_task', 'scheduled__2014-01-01T00:00:00+00:00', '--job-id', '2128', '--raw', '--subdir', 'DAGS_FOLDER/nfl_to_gcs.py', '--cfg-path', '/tmp/tmpzfu4ie49', '--error-file', '/tmp/tmpm0908mq0']
[2022-04-23 16:32:22,650] {standard_task_runner.py:77} INFO - Job 2128: Subtask local_to_gcs_task
[2022-04-23 16:32:22,753] {logging_mixin.py:109} INFO - Running <TaskInstance: roster_data.local_to_gcs_task scheduled__2014-01-01T00:00:00+00:00 [running]> on host 04f3a8edbeca
[2022-04-23 16:32:22,835] {logging_mixin.py:109} WARNING - /home/***/.local/lib/python3.7/site-packages/***/utils/context.py:152 AirflowContextDeprecationWarning: Accessing 'execution_date' from the template is deprecated and will be removed in a future version. Please use 'data_interval_start' or 'logical_date' instead.
[2022-04-23 16:32:22,867] {taskinstance.py:1426} INFO - Exporting the following env vars:
AIRFLOW_CTX_DAG_OWNER=***
AIRFLOW_CTX_DAG_ID=roster_data
AIRFLOW_CTX_TASK_ID=local_to_gcs_task
AIRFLOW_CTX_EXECUTION_DATE=2014-01-01T00:00:00+00:00
AIRFLOW_CTX_DAG_RUN_ID=scheduled__2014-01-01T00:00:00+00:00
[2022-04-23 16:32:22,872] {logging_mixin.py:109} WARNING - /home/***/.local/lib/python3.7/site-packages/***/utils/context.py:152 AirflowContextDeprecationWarning: Accessing 'next_ds' from the template is deprecated and will be removed in a future version. Please use '{{ data_interval_end | ds }}' instead.
[2022-04-23 16:32:22,874] {logging_mixin.py:109} WARNING - /home/***/.local/lib/python3.7/site-packages/***/utils/context.py:152 AirflowContextDeprecationWarning: Accessing 'next_ds_nodash' from the template is deprecated and will be removed in a future version. Please use '{{ data_interval_end | ds_nodash }}' instead.
[2022-04-23 16:32:22,875] {logging_mixin.py:109} WARNING - /home/***/.local/lib/python3.7/site-packages/***/utils/context.py:152 AirflowContextDeprecationWarning: Accessing 'next_execution_date' from the template is deprecated and will be removed in a future version. Please use 'data_interval_end' instead.
[2022-04-23 16:32:22,876] {logging_mixin.py:109} WARNING - /home/***/.local/lib/python3.7/site-packages/***/utils/context.py:152 AirflowContextDeprecationWarning: Accessing 'prev_ds' from the template is deprecated and will be removed in a future version.
[2022-04-23 16:32:22,877] {logging_mixin.py:109} WARNING - /home/***/.local/lib/python3.7/site-packages/***/utils/context.py:152 AirflowContextDeprecationWarning: Accessing 'prev_ds_nodash' from the template is deprecated and will be removed in a future version.
[2022-04-23 16:32:22,878] {logging_mixin.py:109} WARNING - /home/***/.local/lib/python3.7/site-packages/***/utils/context.py:152 AirflowContextDeprecationWarning: Accessing 'prev_execution_date' from the template is deprecated and will be removed in a future version.
[2022-04-23 16:32:22,880] {logging_mixin.py:109} WARNING - /home/***/.local/lib/python3.7/site-packages/***/utils/context.py:152 AirflowContextDeprecationWarning: Accessing 'prev_execution_date_success' from the template is deprecated and will be removed in a future version. Please use 'prev_data_interval_start_success' instead.
[2022-04-23 16:32:22,881] {logging_mixin.py:109} WARNING - /home/***/.local/lib/python3.7/site-packages/***/utils/context.py:152 AirflowContextDeprecationWarning: Accessing 'tomorrow_ds' from the template is deprecated and will be removed in a future version.
[2022-04-23 16:32:22,882] {logging_mixin.py:109} WARNING - /home/***/.local/lib/python3.7/site-packages/***/utils/context.py:152 AirflowContextDeprecationWarning: Accessing 'tomorrow_ds_nodash' from the template is deprecated and will be removed in a future version.
[2022-04-23 16:32:22,884] {logging_mixin.py:109} WARNING - /home/***/.local/lib/python3.7/site-packages/***/utils/context.py:152 AirflowContextDeprecationWarning: Accessing 'yesterday_ds' from the template is deprecated and will be removed in a future version.
[2022-04-23 16:32:22,885] {logging_mixin.py:109} WARNING - /home/***/.local/lib/python3.7/site-packages/***/utils/context.py:152 AirflowContextDeprecationWarning: Accessing 'yesterday_ds_nodash' from the template is deprecated and will be removed in a future version.
[2022-04-23 16:32:23,622] {python.py:175} INFO - Done. Returned value was: None
[2022-04-23 16:32:23,642] {taskinstance.py:1277} INFO - Marking task as SUCCESS. dag_id=roster_data, task_id=local_to_gcs_task, execution_date=20140101T000000, start_date=20220423T163222, end_date=20220423T163223
[2022-04-23 16:32:23,702] {local_task_job.py:154} INFO - Task exited with return code 0
[2022-04-23 16:32:23,750] {local_task_job.py:264} INFO - 1 downstream tasks scheduled from follow-on schedule check
